[RUN #1] Preparing benchmark client...
[RUN #1] Launching threads now...
[RUN #1 5%,   0 secs]  8 threads:       74330 ops,       0 (avg:       0) ops/sec, 0.00KB/sec (avg: 0.00KB/sec),  0.00 (avg:  0.00) msec latency[RUN #1 10%,   1 secs]  8 threads:      150786 ops,   76444 (avg:   75594) ops/sec, 2.88MB/sec (avg: 2.85MB/sec),  4.16 (avg:  4.20) msec latency[RUN #1 15%,   2 secs]  8 threads:      226853 ops,   76055 (avg:   75748) ops/sec, 2.87MB/sec (avg: 2.86MB/sec),  4.21 (avg:  4.20) msec latency[RUN #1 20%,   3 secs]  8 threads:      305164 ops,   78300 (avg:   76387) ops/sec, 2.95MB/sec (avg: 2.88MB/sec),  4.09 (avg:  4.17) msec latency[RUN #1 25%,   4 secs]  8 threads:      381727 ops,   76552 (avg:   76420) ops/sec, 2.89MB/sec (avg: 2.88MB/sec),  4.18 (avg:  4.17) msec latency[RUN #1 30%,   5 secs]  8 threads:      459333 ops,   77593 (avg:   76616) ops/sec, 2.93MB/sec (avg: 2.89MB/sec),  4.10 (avg:  4.16) msec latency[RUN #1 35%,   6 secs]  8 threads:      536162 ops,   76807 (avg:   76643) ops/sec, 2.90MB/sec (avg: 2.89MB/sec),  4.13 (avg:  4.16) msec latency[RUN #1 40%,   7 secs]  8 threads:      613482 ops,   77307 (avg:   76726) ops/sec, 2.92MB/sec (avg: 2.89MB/sec),  4.15 (avg:  4.16) msec latency[RUN #1 45%,   8 secs]  8 threads:      690811 ops,   77311 (avg:   76791) ops/sec, 2.91MB/sec (avg: 2.90MB/sec),  4.15 (avg:  4.16) msec latency[RUN #1 50%,   9 secs]  8 threads:      768360 ops,   77537 (avg:   76866) ops/sec, 2.92MB/sec (avg: 2.90MB/sec),  4.14 (avg:  4.15) msec latency[RUN #1 55%,  10 secs]  8 threads:      846843 ops,   78470 (avg:   77012) ops/sec, 2.96MB/sec (avg: 2.90MB/sec),  4.06 (avg:  4.15) msec latency[RUN #1 60%,  11 secs]  8 threads:      923746 ops,   76890 (avg:   77001) ops/sec, 2.90MB/sec (avg: 2.90MB/sec),  4.17 (avg:  4.15) msec latency[RUN #1 65%,  12 secs]  8 threads:     1001732 ops,   77971 (avg:   77076) ops/sec, 2.94MB/sec (avg: 2.91MB/sec),  4.09 (avg:  4.14) msec latency[RUN #1 70%,  13 secs]  8 threads:     1078613 ops,   76870 (avg:   77061) ops/sec, 2.90MB/sec (avg: 2.91MB/sec),  4.16 (avg:  4.14) msec latency[RUN #1 75%,  14 secs]  8 threads:     1157538 ops,   78913 (avg:   77185) ops/sec, 2.98MB/sec (avg: 2.91MB/sec),  4.04 (avg:  4.14) msec latency[RUN #1 80%,  15 secs]  8 threads:     1235187 ops,   77637 (avg:   77213) ops/sec, 2.93MB/sec (avg: 2.91MB/sec),  4.13 (avg:  4.14) msec latency[RUN #1 85%,  16 secs]  8 threads:     1312121 ops,   76923 (avg:   77196) ops/sec, 2.90MB/sec (avg: 2.91MB/sec),  4.14 (avg:  4.14) msec latency[RUN #1 90%,  17 secs]  8 threads:     1389886 ops,   77753 (avg:   77227) ops/sec, 2.93MB/sec (avg: 2.91MB/sec),  4.12 (avg:  4.14) msec latency[RUN #1 95%,  18 secs]  8 threads:     1467846 ops,   77947 (avg:   77265) ops/sec, 2.94MB/sec (avg: 2.91MB/sec),  4.07 (avg:  4.13) msec latency[RUN #1 100%,  19 secs]  8 threads:     1550823 ops,   77947 (avg:   77554) ops/sec, 2.94MB/sec (avg: 2.92MB/sec),  4.07 (avg:  4.12) msec latency[RUN #1 100%,  20 secs]  0 threads:     1564401 ops,   77947 (avg:   78195) ops/sec, 2.94MB/sec (avg: 2.95MB/sec),  4.07 (avg:  4.09) msec latency

8         Threads
40        Connections per thread
20        Seconds
Type        Ops/sec     Hits/sec   Misses/sec      Latency       KB/sec
------------------------------------------------------------------------
Sets        7115.43          ---          ---      4.40200       527.43
Gets       71080.22      3312.52     67767.70      4.05600      2492.47
Totals     78195.65      3312.52     67767.70      4.08700      3019.90


Request Latency Distribution
Type     <= msec         Percent
------------------------------------------------------------------------
SET       1.000     72.51551
SET       2.000     75.85790
SET       3.000     77.76654
SET       4.000     79.58877
SET       5.000     80.87360
SET       6.000     82.06922
SET       7.000     83.08430
SET       8.000     84.25463
SET       9.000     85.34137
SET      10.000     86.23141
SET      11.000     87.14393
SET      12.000     88.04591
SET      13.000     88.84604
SET      14.000     89.54992
SET      15.000     90.12314
SET      16.000     90.69988
SET      17.000     91.26186
SET      18.000     91.80980
SET      19.000     92.34298
SET      20.000     92.85157
SET      21.000     93.28290
SET      22.000     93.77814
SET      23.000     94.20314
SET      24.000     94.60145
SET      25.000     94.95199
SET      26.000     95.28004
SET      27.000     95.60951
SET      28.000     95.88769
SET      29.000     96.16798
SET      30.000     96.44124
SET      31.000     96.66884
SET      32.000     96.90909
SET      33.000     97.11351
SET      34.000     97.30740
SET      35.000     97.48091
SET      36.000     97.64599
SET      37.000     97.77876
SET      38.000     97.91715
SET      39.000     98.06327
SET      40.000     98.18550
SET      41.000     98.29087
SET      42.000     98.38992
SET      43.000     98.48405
SET      44.000     98.57256
SET      45.000     98.66318
SET      46.000     98.73062
SET      47.000     98.80087
SET      48.000     98.87674
SET      49.000     98.94628
SET      50.000     99.00318
SET      51.000     99.05376
SET      52.000     99.09731
SET      53.000     99.13806
SET      54.000     99.18583
SET      55.000     99.21674
SET      56.000     99.25959
SET      57.000     99.30314
SET      58.000     99.33264
SET      59.000     99.36426
SET      60.000     99.39306
SET      61.000     99.43169
SET      62.000     99.46401
SET      63.000     99.48789
SET      64.000     99.50826
SET      65.000     99.52583
SET      66.000     99.54620
SET      67.000     99.56587
SET      68.000     99.59748
SET      69.000     99.61364
SET      70.000     99.63682
SET      71.000     99.65227
SET      72.000     99.66773
SET      73.000     99.67475
SET      74.000     99.68950
SET      75.000     99.69934
SET      76.000     99.70988
SET      77.000     99.73165
SET      78.000     99.74711
SET      79.000     99.75764
SET      80.000     99.76959
SET      81.000     99.77731
SET      82.000     99.78012
SET      83.000     99.78364
SET      84.000     99.78926
SET      85.000     99.79628
SET      86.000     99.80050
SET      87.000     99.80682
SET      88.000     99.81665
SET      89.000     99.82157
SET      90.000     99.82579
SET      91.000     99.83211
SET      92.000     99.84405
SET      93.000     99.84967
SET      94.000     99.85810
SET      95.000     99.86021
SET      96.000     99.86934
SET      97.000     99.87285
SET      98.000     99.87426
SET      99.000     99.87847
SET     100.000     99.90446
SET     110.000     99.94521
SET     120.000     99.95574
SET     130.000     99.96277
SET     140.000     99.96488
SET     150.000     99.96628
SET     160.000     99.97822
SET     170.000     99.97963
SET     180.000     99.98314
SET     190.000     99.98806
SET     200.000     99.99438
SET     220.000     99.99508
SET     230.000     99.99579
SET     260.000    100.00000
---
GET       0.062      0.00014
GET       0.063      0.00056
GET       0.064      0.00120
GET       0.065      0.00197
GET       0.066      0.00302
GET       0.067      0.00513
GET       0.068      0.00802
GET       0.069      0.01181
GET       0.070      0.01610
GET       0.071      0.01976
GET       0.072      0.02440
GET       0.073      0.02939
GET       0.074      0.03551
GET       0.075      0.04156
GET       0.076      0.05056
GET       0.077      0.06034
GET       0.078      0.06920
GET       0.079      0.08038
GET       0.080      0.09121
GET       0.081      0.10133
GET       0.082      0.11547
GET       0.083      0.12735
GET       0.084      0.14184
GET       0.085      0.15696
GET       0.086      0.17222
GET       0.087      0.18712
GET       0.088      0.20421
GET       0.089      0.22081
GET       0.090      0.23916
GET       0.091      0.25702
GET       0.092      0.27615
GET       0.093      0.29598
GET       0.094      0.31595
GET       0.095      0.33691
GET       0.096      0.35533
GET       0.097      0.37298
GET       0.098      0.39063
GET       0.099      0.40681
GET       0.100      0.47917
GET       0.110      0.58873
GET       0.120      0.66299
GET       0.130      0.71552
GET       0.140      0.77121
GET       0.150      0.82655
GET       0.160      0.87915
GET       0.170      0.93239
GET       0.180      1.01375
GET       0.190      1.17732
GET       0.200      1.42105
GET       0.210      1.76619
GET       0.220      2.31856
GET       0.230      3.33955
GET       0.240      5.36353
GET       0.250      7.96457
GET       0.260     10.68332
GET       0.270     13.58006
GET       0.280     16.99809
GET       0.290     21.37713
GET       0.300     24.89452
GET       0.310     27.39275
GET       0.320     29.20162
GET       0.330     30.67548
GET       0.340     32.08914
GET       0.350     33.15570
GET       0.360     33.94632
GET       0.370     34.59426
GET       0.380     35.18264
GET       0.390     35.75470
GET       0.400     36.24252
GET       0.410     36.65158
GET       0.420     37.01218
GET       0.430     37.37342
GET       0.440     37.75259
GET       0.450     38.15406
GET       0.460     38.58238
GET       0.470     39.09917
GET       0.480     39.78199
GET       0.490     40.70545
GET       0.500     41.83797
GET       0.510     43.15705
GET       0.520     44.74638
GET       0.530     46.72156
GET       0.540     49.03794
GET       0.550     51.39777
GET       0.560     53.68757
GET       0.570     55.86710
GET       0.580     57.94467
GET       0.590     59.88068
GET       0.600     61.49849
GET       0.610     62.85716
GET       0.620     63.98870
GET       0.630     64.99809
GET       0.640     65.89074
GET       0.650     66.65197
GET       0.660     67.31348
GET       0.670     67.89848
GET       0.680     68.44565
GET       0.690     68.95738
GET       0.700     69.40483
GET       0.710     69.82584
GET       0.720     70.20726
GET       0.730     70.55894
GET       0.740     70.86913
GET       0.750     71.15969
GET       0.760     71.40146
GET       0.770     71.62592
GET       0.780     71.82971
GET       0.790     72.01121
GET       0.800     72.16943
GET       0.810     72.31992
GET       0.820     72.45128
GET       0.830     72.56464
GET       0.840     72.66864
GET       0.850     72.76477
GET       0.860     72.84986
GET       0.870     72.93066
GET       0.880     73.00302
GET       0.890     73.07180
GET       0.900     73.13733
GET       0.910     73.19690
GET       0.920     73.25653
GET       0.930     73.31321
GET       0.940     73.36876
GET       0.950     73.42340
GET       0.960     73.47614
GET       0.970     73.52705
GET       0.980     73.58176
GET       0.990     73.63556
GET       1.000     73.93991
GET       1.100     74.61471
GET       1.200     75.33199
GET       1.300     75.92620
GET       1.400     76.38540
GET       1.500     76.72906
GET       1.600     77.01477
GET       1.700     77.28143
GET       1.800     77.53831
GET       1.900     77.80427
GET       2.000     78.06909
GET       2.100     78.31114
GET       2.200     78.54271
GET       2.300     78.77104
GET       2.400     78.97835
GET       2.500     79.17250
GET       2.600     79.36539
GET       2.700     79.54907
GET       2.800     79.71869
GET       2.900     79.88014
GET       3.000     80.03457
GET       3.100     80.17099
GET       3.200     80.32021
GET       3.300     80.46423
GET       3.400     80.60058
GET       3.500     80.73216
GET       3.600     80.85993
GET       3.700     80.99185
GET       3.800     81.13003
GET       3.900     81.25408
GET       4.000     81.38565
GET       4.100     81.50527
GET       4.200     81.62460
GET       4.300     81.74914
GET       4.400     81.86454
GET       4.500     81.98092
GET       4.600     82.12353
GET       4.700     82.26150
GET       4.800     82.38196
GET       4.900     82.48723
GET       5.000     82.59700
GET       5.100     82.70452
GET       5.200     82.80993
GET       5.300     82.92350
GET       5.400     83.03728
GET       5.500     83.14037
GET       5.600     83.23882
GET       5.700     83.33861
GET       5.800     83.44050
GET       5.900     83.54591
GET       6.000     83.64106
GET       6.100     83.73902
GET       6.200     83.84281
GET       6.300     83.94196
GET       6.400     84.04407
GET       6.500     84.14814
GET       6.600     84.24870
GET       6.700     84.35404
GET       6.800     84.45137
GET       6.900     84.55312
GET       7.000     84.64890
GET       7.100     84.74405
GET       7.200     84.84074
GET       7.300     84.93173
GET       7.400     85.01436
GET       7.500     85.10205
GET       7.600     85.19319
GET       7.700     85.28439
GET       7.800     85.37384
GET       7.900     85.46589
GET       8.000     85.55808
GET       8.100     85.64767
GET       8.200     85.73339
GET       8.300     85.82256
GET       8.400     85.90322
GET       8.500     85.99309
GET       8.600     86.09998
GET       8.700     86.19203
GET       8.800     86.27972
GET       8.900     86.36192
GET       9.000     86.44096
GET       9.100     86.51691
GET       9.200     86.60319
GET       9.300     86.68442
GET       9.400     86.76585
GET       9.500     86.84559
GET       9.600     86.92098
GET       9.700     86.99594
GET       9.800     87.08328
GET       9.900     87.15775
GET      10.000     87.60851
GET      11.000     88.37247
GET      12.000     89.06760
GET      13.000     89.76082
GET      14.000     90.38626
GET      15.000     90.97253
GET      16.000     91.49986
GET      17.000     92.02861
GET      18.000     92.53359
GET      19.000     93.05431
GET      20.000     93.50570
GET      21.000     93.97362
GET      22.000     94.37361
GET      23.000     94.78921
GET      24.000     95.14798
GET      25.000     95.50536
GET      26.000     95.82215
GET      27.000     96.12088
GET      28.000     96.37741
GET      29.000     96.63872
GET      30.000     96.86853
GET      31.000     97.09736
GET      32.000     97.30037
GET      33.000     97.48574
GET      34.000     97.66569
GET      35.000     97.83284
GET      36.000     97.97433
GET      37.000     98.11110
GET      38.000     98.24584
GET      39.000     98.36968
GET      40.000     98.47769
GET      41.000     98.59273
GET      42.000     98.68563
GET      43.000     98.77726
GET      44.000     98.85292
GET      45.000     98.93696
GET      46.000     99.01114
GET      47.000     99.07598
GET      48.000     99.13807
GET      49.000     99.19222
GET      50.000     99.24440
GET      51.000     99.29144
GET      52.000     99.33082
GET      53.000     99.37224
GET      54.000     99.41458
GET      55.000     99.44882
GET      56.000     99.47322
GET      57.000     99.50473
GET      58.000     99.53630
GET      59.000     99.56408
GET      60.000     99.59045
GET      61.000     99.61654
GET      62.000     99.63813
GET      63.000     99.66302
GET      64.000     99.68271
GET      65.000     99.69938
GET      66.000     99.72258
GET      67.000     99.73784
GET      68.000     99.75437
GET      69.000     99.76745
GET      70.000     99.77771
GET      71.000     99.78932
GET      72.000     99.80029
GET      73.000     99.81393
GET      74.000     99.82335
GET      75.000     99.83390
GET      76.000     99.84044
GET      77.000     99.85022
GET      78.000     99.85894
GET      79.000     99.86871
GET      80.000     99.87602
GET      81.000     99.88214
GET      82.000     99.88678
GET      83.000     99.89445
GET      84.000     99.89958
GET      85.000     99.90366
GET      86.000     99.90915
GET      87.000     99.91428
GET      88.000     99.91906
GET      89.000     99.92230
GET      90.000     99.92581
GET      91.000     99.92947
GET      92.000     99.93277
GET      93.000     99.93622
GET      94.000     99.93973
GET      95.000     99.94163
GET      96.000     99.94473
GET      97.000     99.94754
GET      98.000     99.95155
GET      99.000     99.95471
GET     100.000     99.96589
GET     110.000     99.98158
GET     120.000     99.98945
GET     130.000     99.99437
GET     140.000     99.99705
GET     150.000     99.99796
GET     160.000     99.99909
GET     170.000     99.99958
GET     180.000     99.99986
GET     190.000     99.99993
GET     200.000    100.00000
