[RUN #1] Preparing benchmark client...
[RUN #1] Launching threads now...
[RUN #1 5%,   1 secs]  8 threads:       75270 ops,   75265 (avg:   75265) ops/sec, 2.84MB/sec (avg: 2.84MB/sec),  4.20 (avg:  4.20) msec latency[RUN #1 10%,   2 secs]  8 threads:      154823 ops,   79539 (avg:   77402) ops/sec, 3.00MB/sec (avg: 2.92MB/sec),  3.97 (avg:  4.08) msec latency[RUN #1 15%,   3 secs]  8 threads:      232378 ops,   77541 (avg:   77449) ops/sec, 2.92MB/sec (avg: 2.92MB/sec),  4.18 (avg:  4.11) msec latency[RUN #1 20%,   4 secs]  8 threads:      311157 ops,   78766 (avg:   77778) ops/sec, 2.97MB/sec (avg: 2.93MB/sec),  4.05 (avg:  4.10) msec latency[RUN #1 25%,   5 secs]  8 threads:      390378 ops,   79208 (avg:   78064) ops/sec, 2.99MB/sec (avg: 2.95MB/sec),  4.03 (avg:  4.08) msec latency[RUN #1 30%,   6 secs]  8 threads:      470248 ops,   79857 (avg:   78363) ops/sec, 3.01MB/sec (avg: 2.96MB/sec),  4.02 (avg:  4.07) msec latency[RUN #1 35%,   7 secs]  8 threads:      549980 ops,   79721 (avg:   78557) ops/sec, 3.01MB/sec (avg: 2.96MB/sec),  3.98 (avg:  4.06) msec latency[RUN #1 40%,   8 secs]  8 threads:      629390 ops,   79398 (avg:   78662) ops/sec, 2.99MB/sec (avg: 2.97MB/sec),  4.05 (avg:  4.06) msec latency[RUN #1 45%,   9 secs]  8 threads:      708139 ops,   78737 (avg:   78670) ops/sec, 2.97MB/sec (avg: 2.97MB/sec),  4.03 (avg:  4.06) msec latency[RUN #1 50%,  10 secs]  8 threads:      787137 ops,   78984 (avg:   78702) ops/sec, 2.98MB/sec (avg: 2.97MB/sec),  4.07 (avg:  4.06) msec latency[RUN #1 55%,  11 secs]  8 threads:      867120 ops,   79970 (avg:   78817) ops/sec, 3.02MB/sec (avg: 2.97MB/sec),  4.00 (avg:  4.05) msec latency[RUN #1 60%,  12 secs]  8 threads:      945607 ops,   78473 (avg:   78788) ops/sec, 2.96MB/sec (avg: 2.97MB/sec),  4.06 (avg:  4.05) msec latency[RUN #1 65%,  13 secs]  8 threads:     1025760 ops,   80141 (avg:   78892) ops/sec, 3.02MB/sec (avg: 2.98MB/sec),  4.00 (avg:  4.05) msec latency[RUN #1 70%,  14 secs]  8 threads:     1104986 ops,   79212 (avg:   78915) ops/sec, 2.99MB/sec (avg: 2.98MB/sec),  4.05 (avg:  4.05) msec latency[RUN #1 75%,  15 secs]  8 threads:     1184752 ops,   79754 (avg:   78971) ops/sec, 3.01MB/sec (avg: 2.98MB/sec),  3.99 (avg:  4.04) msec latency[RUN #1 80%,  16 secs]  8 threads:     1265150 ops,   80387 (avg:   79060) ops/sec, 3.03MB/sec (avg: 2.98MB/sec),  3.99 (avg:  4.04) msec latency[RUN #1 85%,  17 secs]  8 threads:     1345049 ops,   79887 (avg:   79108) ops/sec, 3.01MB/sec (avg: 2.98MB/sec),  4.00 (avg:  4.04) msec latency[RUN #1 90%,  18 secs]  8 threads:     1424422 ops,   79361 (avg:   79122) ops/sec, 2.99MB/sec (avg: 2.98MB/sec),  4.02 (avg:  4.04) msec latency[RUN #1 95%,  19 secs]  8 threads:     1503271 ops,   78838 (avg:   79107) ops/sec, 2.97MB/sec (avg: 2.98MB/sec),  4.01 (avg:  4.04) msec latency[RUN #1 100%,  20 secs]  7 threads:     1592224 ops,   78838 (avg:   79608) ops/sec, 2.97MB/sec (avg: 3.00MB/sec),  4.01 (avg:  4.02) msec latency[RUN #1 100%,  20 secs]  0 threads:     1592235 ops,   78838 (avg:   79608) ops/sec, 2.97MB/sec (avg: 3.00MB/sec),  4.01 (avg:  4.02) msec latency

8         Threads
40        Connections per thread
20        Seconds
Type        Ops/sec     Hits/sec   Misses/sec      Latency       KB/sec
------------------------------------------------------------------------
Sets        7262.93          ---          ---      4.41700       538.37
Gets       72546.40      3368.74     69177.66      3.97500      2543.89
Totals     79809.33      3368.74     69177.66      4.01500      3082.25


Request Latency Distribution
Type     <= msec         Percent
------------------------------------------------------------------------
SET       1.000     72.60851
SET       2.000     76.24690
SET       3.000     78.18411
SET       4.000     79.76522
SET       5.000     81.04335
SET       6.000     82.20968
SET       7.000     83.26213
SET       8.000     84.27801
SET       9.000     85.17795
SET      10.000     86.16209
SET      11.000     86.99163
SET      12.000     87.86258
SET      13.000     88.58791
SET      14.000     89.30151
SET      15.000     89.95300
SET      16.000     90.56170
SET      17.000     91.10622
SET      18.000     91.69421
SET      19.000     92.21251
SET      20.000     92.74529
SET      21.000     93.21320
SET      22.000     93.63902
SET      23.000     94.05379
SET      24.000     94.48996
SET      25.000     94.86194
SET      26.000     95.18561
SET      27.000     95.46512
SET      28.000     95.76464
SET      29.000     96.01792
SET      30.000     96.29604
SET      31.000     96.52379
SET      32.000     96.72462
SET      33.000     96.89784
SET      34.000     97.11178
SET      35.000     97.29536
SET      36.000     97.46375
SET      37.000     97.61006
SET      38.000     97.74671
SET      39.000     97.85299
SET      40.000     97.97376
SET      41.000     98.09246
SET      42.000     98.20634
SET      43.000     98.30434
SET      44.000     98.39543
SET      45.000     98.49412
SET      46.000     98.57763
SET      47.000     98.64733
SET      48.000     98.71428
SET      49.000     98.78260
SET      50.000     98.82884
SET      51.000     98.87784
SET      52.000     98.93374
SET      53.000     98.97929
SET      54.000     99.01518
SET      55.000     99.05589
SET      56.000     99.09661
SET      57.000     99.12422
SET      58.000     99.16839
SET      59.000     99.20082
SET      60.000     99.23602
SET      61.000     99.26984
SET      62.000     99.29813
SET      63.000     99.32160
SET      64.000     99.34023
SET      65.000     99.37681
SET      66.000     99.40510
SET      67.000     99.42857
SET      68.000     99.44306
SET      69.000     99.46031
SET      70.000     99.47481
SET      71.000     99.48378
SET      72.000     99.50655
SET      73.000     99.52036
SET      74.000     99.53278
SET      75.000     99.55141
SET      76.000     99.55831
SET      77.000     99.56521
SET      78.000     99.58109
SET      79.000     99.59972
SET      80.000     99.61490
SET      81.000     99.62043
SET      82.000     99.62526
SET      83.000     99.62940
SET      84.000     99.63492
SET      85.000     99.64941
SET      86.000     99.65286
SET      87.000     99.65631
SET      88.000     99.66183
SET      89.000     99.67426
SET      90.000     99.68461
SET      91.000     99.68599
SET      92.000     99.69082
SET      93.000     99.69496
SET      94.000     99.70324
SET      95.000     99.71152
SET      96.000     99.71911
SET      97.000     99.72326
SET      99.000     99.72671
SET     100.000     99.74534
SET     110.000     99.76673
SET     120.000     99.77916
SET     130.000     99.80883
SET     140.000     99.85093
SET     150.000     99.85507
SET     160.000     99.87232
SET     170.000     99.90545
SET     180.000     99.91166
SET     190.000     99.92409
SET     200.000     99.92754
SET     210.000     99.93858
SET     220.000     99.95859
SET     230.000     99.97308
SET     240.000     99.98620
SET     250.000     99.99793
SET     260.000    100.00000
---
GET       0.071      0.00007
GET       0.074      0.00014
GET       0.075      0.00021
GET       0.077      0.00035
GET       0.078      0.00041
GET       0.082      0.00048
GET       0.083      0.00055
GET       0.084      0.00083
GET       0.085      0.00117
GET       0.086      0.00138
GET       0.087      0.00166
GET       0.088      0.00193
GET       0.089      0.00214
GET       0.090      0.00283
GET       0.091      0.00318
GET       0.092      0.00401
GET       0.093      0.00442
GET       0.094      0.00525
GET       0.095      0.00601
GET       0.096      0.00643
GET       0.097      0.00719
GET       0.098      0.00822
GET       0.099      0.00933
GET       0.100      0.01458
GET       0.110      0.02280
GET       0.120      0.03358
GET       0.130      0.05154
GET       0.140      0.09673
GET       0.150      0.14945
GET       0.160      0.19857
GET       0.170      0.25212
GET       0.180      0.33316
GET       0.190      0.50078
GET       0.200      0.76237
GET       0.210      1.11723
GET       0.220      1.68530
GET       0.230      2.74795
GET       0.240      4.91558
GET       0.250      7.64777
GET       0.260     10.44070
GET       0.270     13.42487
GET       0.280     17.00096
GET       0.290     21.88718
GET       0.300     25.77259
GET       0.310     28.39182
GET       0.320     30.28613
GET       0.330     31.87546
GET       0.340     33.41608
GET       0.350     34.57304
GET       0.360     35.42736
GET       0.370     36.10461
GET       0.380     36.75926
GET       0.390     37.39885
GET       0.400     37.93708
GET       0.410     38.37727
GET       0.420     38.76564
GET       0.430     39.15912
GET       0.440     39.58030
GET       0.450     40.00550
GET       0.460     40.45115
GET       0.470     40.97653
GET       0.480     41.64921
GET       0.490     42.57415
GET       0.500     43.65994
GET       0.510     44.92440
GET       0.520     46.42198
GET       0.530     48.30537
GET       0.540     50.53263
GET       0.550     52.77835
GET       0.560     54.90708
GET       0.570     56.95664
GET       0.580     58.96433
GET       0.590     60.82803
GET       0.600     62.36866
GET       0.610     63.64700
GET       0.620     64.74240
GET       0.630     65.71335
GET       0.640     66.56644
GET       0.650     67.30752
GET       0.660     67.95063
GET       0.670     68.53640
GET       0.680     69.08223
GET       0.690     69.58626
GET       0.700     70.03467
GET       0.710     70.43872
GET       0.720     70.79524
GET       0.730     71.13580
GET       0.740     71.44395
GET       0.750     71.71590
GET       0.760     71.95544
GET       0.770     72.18213
GET       0.780     72.38533
GET       0.790     72.56739
GET       0.800     72.72617
GET       0.810     72.87043
GET       0.820     72.99632
GET       0.830     73.10438
GET       0.840     73.21127
GET       0.850     73.30171
GET       0.860     73.38945
GET       0.870     73.46926
GET       0.880     73.54270
GET       0.890     73.60965
GET       0.900     73.67121
GET       0.910     73.73043
GET       0.920     73.79026
GET       0.930     73.84892
GET       0.940     73.90005
GET       0.950     73.95277
GET       0.960     74.00562
GET       0.970     74.05716
GET       0.980     74.10581
GET       0.990     74.16101
GET       1.000     74.45286
GET       1.100     75.08630
GET       1.200     75.73680
GET       1.300     76.29168
GET       1.400     76.73450
GET       1.500     77.06738
GET       1.600     77.35612
GET       1.700     77.62779
GET       1.800     77.88945
GET       1.900     78.16229
GET       2.000     78.42339
GET       2.100     78.66681
GET       2.200     78.90428
GET       2.300     79.13353
GET       2.400     79.34032
GET       2.500     79.53765
GET       2.600     79.72371
GET       2.700     79.90743
GET       2.800     80.07608
GET       2.900     80.23997
GET       3.000     80.38486
GET       3.100     80.52422
GET       3.200     80.67277
GET       3.300     80.81828
GET       3.400     80.95135
GET       3.500     81.08221
GET       3.600     81.21369
GET       3.700     81.34669
GET       3.800     81.47928
GET       3.900     81.59398
GET       4.000     81.71786
GET       4.100     81.83753
GET       4.200     81.94842
GET       4.300     82.07983
GET       4.400     82.19467
GET       4.500     82.30314
GET       4.600     82.44050
GET       4.700     82.57758
GET       4.800     82.69807
GET       4.900     82.80924
GET       5.000     82.91551
GET       5.100     83.02329
GET       5.200     83.12804
GET       5.300     83.23617
GET       5.400     83.34174
GET       5.500     83.43792
GET       5.600     83.52981
GET       5.700     83.63269
GET       5.800     83.73494
GET       5.900     83.83672
GET       6.000     83.92916
GET       6.100     84.02962
GET       6.200     84.13140
GET       6.300     84.22384
GET       6.400     84.31719
GET       6.500     84.42172
GET       6.600     84.52046
GET       6.700     84.62499
GET       6.800     84.72241
GET       6.900     84.82011
GET       7.000     84.91912
GET       7.100     85.00597
GET       7.200     85.09593
GET       7.300     85.18029
GET       7.400     85.26976
GET       7.500     85.36380
GET       7.600     85.45141
GET       7.700     85.54268
GET       7.800     85.63070
GET       7.900     85.71085
GET       8.000     85.80343
GET       8.100     85.89104
GET       8.200     85.97575
GET       8.300     86.06785
GET       8.400     86.14420
GET       8.500     86.22718
GET       8.600     86.32895
GET       8.700     86.41905
GET       8.800     86.50438
GET       8.900     86.59192
GET       9.000     86.67089
GET       9.100     86.74420
GET       9.200     86.82828
GET       9.300     86.91133
GET       9.400     86.99058
GET       9.500     87.07204
GET       9.600     87.14887
GET       9.700     87.22232
GET       9.800     87.30212
GET       9.900     87.38386
GET      10.000     87.82432
GET      11.000     88.57501
GET      12.000     89.26531
GET      13.000     89.94311
GET      14.000     90.56860
GET      15.000     91.15209
GET      16.000     91.67878
GET      17.000     92.20112
GET      18.000     92.69416
GET      19.000     93.20662
GET      20.000     93.64888
GET      21.000     94.10476
GET      22.000     94.49568
GET      23.000     94.91120
GET      24.000     95.26364
GET      25.000     95.62085
GET      26.000     95.93550
GET      27.000     96.22506
GET      28.000     96.47836
GET      29.000     96.73725
GET      30.000     96.96712
GET      31.000     97.18510
GET      32.000     97.38596
GET      33.000     97.56753
GET      34.000     97.73798
GET      35.000     97.89897
GET      36.000     98.03791
GET      37.000     98.17451
GET      38.000     98.30323
GET      39.000     98.42027
GET      40.000     98.53144
GET      41.000     98.63750
GET      42.000     98.72490
GET      43.000     98.81140
GET      44.000     98.89238
GET      45.000     98.97916
GET      46.000     99.04977
GET      47.000     99.11050
GET      48.000     99.16785
GET      49.000     99.22202
GET      50.000     99.27695
GET      51.000     99.32103
GET      52.000     99.35979
GET      53.000     99.39903
GET      54.000     99.43779
GET      55.000     99.47193
GET      56.000     99.49784
GET      57.000     99.52996
GET      58.000     99.55988
GET      59.000     99.58565
GET      60.000     99.61122
GET      61.000     99.63837
GET      62.000     99.66034
GET      63.000     99.68052
GET      64.000     99.70000
GET      65.000     99.71796
GET      66.000     99.73828
GET      67.000     99.75168
GET      68.000     99.76681
GET      69.000     99.78001
GET      70.000     99.79120
GET      71.000     99.80039
GET      72.000     99.81234
GET      73.000     99.82485
GET      74.000     99.83390
GET      75.000     99.84302
GET      76.000     99.85069
GET      77.000     99.85884
GET      78.000     99.86720
GET      79.000     99.87570
GET      80.000     99.88337
GET      81.000     99.89063
GET      82.000     99.89574
GET      83.000     99.90058
GET      84.000     99.90541
GET      85.000     99.90914
GET      86.000     99.91232
GET      87.000     99.91598
GET      88.000     99.92103
GET      89.000     99.92497
GET      90.000     99.92856
GET      91.000     99.93208
GET      92.000     99.93554
GET      93.000     99.93948
GET      94.000     99.94245
GET      95.000     99.94459
GET      96.000     99.94749
GET      97.000     99.95005
GET      98.000     99.95405
GET      99.000     99.95696
GET     100.000     99.96836
GET     110.000     99.98217
GET     120.000     99.99060
GET     130.000     99.99461
GET     140.000     99.99717
GET     150.000     99.99869
GET     160.000     99.99945
GET     170.000     99.99972
GET     180.000     99.99979
GET     200.000    100.00000
