[RUN #1] Preparing benchmark client...
[RUN #1] Launching threads now...
[RUN #1 5%,   1 secs]  8 threads:       76764 ops,   76747 (avg:   76747) ops/sec, 2.90MB/sec (avg: 2.90MB/sec),  4.12 (avg:  4.12) msec latency[RUN #1 10%,   2 secs]  8 threads:      155449 ops,   78673 (avg:   77710) ops/sec, 2.97MB/sec (avg: 2.93MB/sec),  4.01 (avg:  4.06) msec latency[RUN #1 15%,   3 secs]  8 threads:      233571 ops,   78110 (avg:   77843) ops/sec, 2.95MB/sec (avg: 2.94MB/sec),  4.14 (avg:  4.09) msec latency[RUN #1 20%,   4 secs]  8 threads:      311016 ops,   77433 (avg:   77741) ops/sec, 2.92MB/sec (avg: 2.93MB/sec),  4.13 (avg:  4.10) msec latency[RUN #1 25%,   5 secs]  8 threads:      389514 ops,   78486 (avg:   77890) ops/sec, 2.96MB/sec (avg: 2.94MB/sec),  4.08 (avg:  4.09) msec latency[RUN #1 30%,   6 secs]  8 threads:      468444 ops,   78916 (avg:   78061) ops/sec, 2.98MB/sec (avg: 2.95MB/sec),  4.05 (avg:  4.09) msec latency[RUN #1 35%,   7 secs]  8 threads:      547250 ops,   78795 (avg:   78166) ops/sec, 2.97MB/sec (avg: 2.95MB/sec),  4.03 (avg:  4.08) msec latency[RUN #1 40%,   8 secs]  8 threads:      625886 ops,   78625 (avg:   78223) ops/sec, 2.97MB/sec (avg: 2.95MB/sec),  4.08 (avg:  4.08) msec latency[RUN #1 45%,   9 secs]  8 threads:      703428 ops,   77529 (avg:   78146) ops/sec, 2.92MB/sec (avg: 2.95MB/sec),  4.12 (avg:  4.08) msec latency[RUN #1 50%,  10 secs]  8 threads:      781752 ops,   78311 (avg:   78162) ops/sec, 2.95MB/sec (avg: 2.95MB/sec),  4.09 (avg:  4.08) msec latency[RUN #1 55%,  11 secs]  8 threads:      860430 ops,   78665 (avg:   78208) ops/sec, 2.97MB/sec (avg: 2.95MB/sec),  4.08 (avg:  4.08) msec latency[RUN #1 60%,  12 secs]  8 threads:      939266 ops,   78822 (avg:   78259) ops/sec, 2.97MB/sec (avg: 2.95MB/sec),  4.04 (avg:  4.08) msec latency[RUN #1 65%,  13 secs]  8 threads:     1019067 ops,   79788 (avg:   78377) ops/sec, 3.01MB/sec (avg: 2.96MB/sec),  4.01 (avg:  4.08) msec latency[RUN #1 70%,  14 secs]  8 threads:     1097740 ops,   78661 (avg:   78397) ops/sec, 2.97MB/sec (avg: 2.96MB/sec),  4.08 (avg:  4.08) msec latency[RUN #1 75%,  15 secs]  8 threads:     1178071 ops,   80319 (avg:   78525) ops/sec, 3.03MB/sec (avg: 2.96MB/sec),  3.96 (avg:  4.07) msec latency[RUN #1 80%,  16 secs]  8 threads:     1256505 ops,   78422 (avg:   78519) ops/sec, 2.96MB/sec (avg: 2.96MB/sec),  4.09 (avg:  4.07) msec latency[RUN #1 85%,  17 secs]  8 threads:     1335314 ops,   78798 (avg:   78535) ops/sec, 2.97MB/sec (avg: 2.96MB/sec),  4.05 (avg:  4.07) msec latency[RUN #1 90%,  18 secs]  8 threads:     1414061 ops,   78735 (avg:   78546) ops/sec, 2.97MB/sec (avg: 2.96MB/sec),  4.06 (avg:  4.07) msec latency[RUN #1 95%,  19 secs]  8 threads:     1492194 ops,   78121 (avg:   78524) ops/sec, 2.95MB/sec (avg: 2.96MB/sec),  4.04 (avg:  4.07) msec latency[RUN #1 100%,  20 secs]  8 threads:     1579517 ops,   78121 (avg:   78970) ops/sec, 2.95MB/sec (avg: 2.98MB/sec),  4.04 (avg:  4.05) msec latency[RUN #1 100%,  20 secs]  0 threads:     1579576 ops,   78121 (avg:   78970) ops/sec, 2.95MB/sec (avg: 2.98MB/sec),  4.04 (avg:  4.05) msec latency

8         Threads
40        Connections per thread
20        Seconds
Type        Ops/sec     Hits/sec   Misses/sec      Latency       KB/sec
------------------------------------------------------------------------
Sets        7195.39          ---          ---      4.39700       533.36
Gets       71875.07      3323.40     68551.67      4.01300      2520.35
Totals     79070.46      3323.40     68551.67      4.04800      3053.70


Request Latency Distribution
Type     <= msec         Percent
------------------------------------------------------------------------
SET       1.000     73.02788
SET       2.000     76.46600
SET       3.000     78.38265
SET       4.000     79.72534
SET       5.000     81.01446
SET       6.000     82.20132
SET       7.000     83.34783
SET       8.000     84.30093
SET       9.000     85.16429
SET      10.000     86.02486
SET      11.000     86.83813
SET      12.000     87.79541
SET      13.000     88.62329
SET      14.000     89.40038
SET      15.000     90.07590
SET      16.000     90.75838
SET      17.000     91.30102
SET      18.000     91.84923
SET      19.000     92.34943
SET      20.000     92.86634
SET      21.000     93.26845
SET      22.000     93.68656
SET      23.000     94.09702
SET      24.000     94.46365
SET      25.000     94.84211
SET      26.000     95.18439
SET      27.000     95.50789
SET      28.000     95.80913
SET      29.000     96.07349
SET      30.000     96.31490
SET      31.000     96.56118
SET      32.000     96.77197
SET      33.000     96.96468
SET      34.000     97.17478
SET      35.000     97.35357
SET      36.000     97.51776
SET      37.000     97.67290
SET      38.000     97.81343
SET      39.000     97.94283
SET      40.000     98.07849
SET      41.000     98.16823
SET      42.000     98.28094
SET      43.000     98.37833
SET      44.000     98.46947
SET      45.000     98.57313
SET      46.000     98.64618
SET      47.000     98.72201
SET      48.000     98.79366
SET      49.000     98.84097
SET      50.000     98.89454
SET      51.000     98.94254
SET      52.000     98.99124
SET      53.000     99.04133
SET      54.000     99.09073
SET      55.000     99.11577
SET      56.000     99.15682
SET      57.000     99.19925
SET      58.000     99.23473
SET      59.000     99.25978
SET      60.000     99.29596
SET      61.000     99.32031
SET      62.000     99.35648
SET      63.000     99.37666
SET      64.000     99.39822
SET      65.000     99.41701
SET      66.000     99.45597
SET      67.000     99.47197
SET      68.000     99.48866
SET      69.000     99.49979
SET      70.000     99.51301
SET      71.000     99.53458
SET      72.000     99.55823
SET      73.000     99.56936
SET      74.000     99.58119
SET      75.000     99.59093
SET      76.000     99.59719
SET      77.000     99.60902
SET      78.000     99.62502
SET      79.000     99.63615
SET      80.000     99.64172
SET      81.000     99.64867
SET      82.000     99.65633
SET      83.000     99.66050
SET      84.000     99.66398
SET      85.000     99.67163
SET      86.000     99.67789
SET      87.000     99.68137
SET      88.000     99.68763
SET      89.000     99.69181
SET      90.000     99.69598
SET      91.000     99.70224
SET      92.000     99.70989
SET      93.000     99.71407
SET      94.000     99.72381
SET      95.000     99.72798
SET      96.000     99.72868
SET      97.000     99.73146
SET      98.000     99.73494
SET      99.000     99.73703
SET     100.000     99.75581
SET     110.000     99.79407
SET     120.000     99.80173
SET     130.000     99.82677
SET     140.000     99.85182
SET     150.000     99.87269
SET     160.000     99.90260
SET     170.000     99.91582
SET     180.000     99.93321
SET     200.000     99.93739
SET     210.000     99.95756
SET     220.000     99.97635
SET     230.000     99.98052
SET     240.000     99.99096
SET     250.000     99.99861
SET     260.000    100.00000
---
GET       0.074      0.00007
GET       0.080      0.00021
GET       0.081      0.00028
GET       0.083      0.00035
GET       0.084      0.00056
GET       0.085      0.00077
GET       0.086      0.00098
GET       0.087      0.00118
GET       0.088      0.00139
GET       0.089      0.00153
GET       0.090      0.00188
GET       0.091      0.00237
GET       0.092      0.00265
GET       0.093      0.00341
GET       0.094      0.00418
GET       0.095      0.00474
GET       0.096      0.00550
GET       0.097      0.00634
GET       0.098      0.00689
GET       0.099      0.00766
GET       0.100      0.01142
GET       0.110      0.01957
GET       0.120      0.02932
GET       0.130      0.04645
GET       0.140      0.08922
GET       0.150      0.13818
GET       0.160      0.18568
GET       0.170      0.23178
GET       0.180      0.31369
GET       0.190      0.47833
GET       0.200      0.73100
GET       0.210      1.08160
GET       0.220      1.64072
GET       0.230      2.68882
GET       0.240      4.81553
GET       0.250      7.52266
GET       0.260     10.32103
GET       0.270     13.26629
GET       0.280     16.75032
GET       0.290     21.40566
GET       0.300     25.24169
GET       0.310     27.84756
GET       0.320     29.72062
GET       0.330     31.26083
GET       0.340     32.75202
GET       0.350     33.88990
GET       0.360     34.73519
GET       0.370     35.41117
GET       0.380     36.03694
GET       0.390     36.66090
GET       0.400     37.19028
GET       0.410     37.62124
GET       0.420     38.00785
GET       0.430     38.38101
GET       0.440     38.78398
GET       0.450     39.19698
GET       0.460     39.64251
GET       0.470     40.14786
GET       0.480     40.82670
GET       0.490     41.72179
GET       0.500     42.80513
GET       0.510     44.08250
GET       0.520     45.61325
GET       0.530     47.50239
GET       0.540     49.72890
GET       0.550     51.99643
GET       0.560     54.23074
GET       0.570     56.36609
GET       0.580     58.41486
GET       0.590     60.31027
GET       0.600     61.90537
GET       0.610     63.20545
GET       0.620     64.32578
GET       0.630     65.31920
GET       0.640     66.19772
GET       0.650     66.95985
GET       0.660     67.62922
GET       0.670     68.22246
GET       0.680     68.77204
GET       0.690     69.27419
GET       0.700     69.72194
GET       0.710     70.12895
GET       0.720     70.49926
GET       0.730     70.85355
GET       0.740     71.16284
GET       0.750     71.44595
GET       0.760     71.68916
GET       0.770     71.91216
GET       0.780     72.11421
GET       0.790     72.29257
GET       0.800     72.45275
GET       0.810     72.59720
GET       0.820     72.72173
GET       0.830     72.83497
GET       0.840     72.94111
GET       0.850     73.03374
GET       0.860     73.12066
GET       0.870     73.19692
GET       0.880     73.26942
GET       0.890     73.33949
GET       0.900     73.39813
GET       0.910     73.46032
GET       0.920     73.51903
GET       0.930     73.57259
GET       0.940     73.62643
GET       0.950     73.68263
GET       0.960     73.73835
GET       0.970     73.79149
GET       0.980     73.83829
GET       0.990     73.89059
GET       1.000     74.20024
GET       1.100     74.86167
GET       1.200     75.55959
GET       1.300     76.14120
GET       1.400     76.58477
GET       1.500     76.92827
GET       1.600     77.20727
GET       1.700     77.46963
GET       1.800     77.72460
GET       1.900     77.99698
GET       2.000     78.26234
GET       2.100     78.50345
GET       2.200     78.73426
GET       2.300     78.97426
GET       2.400     79.18013
GET       2.500     79.37576
GET       2.600     79.56478
GET       2.700     79.74781
GET       2.800     79.91009
GET       2.900     80.07222
GET       3.000     80.22078
GET       3.100     80.36836
GET       3.200     80.51768
GET       3.300     80.65683
GET       3.400     80.78581
GET       3.500     80.91717
GET       3.600     81.04483
GET       3.700     81.18788
GET       3.800     81.32341
GET       3.900     81.44160
GET       4.000     81.56641
GET       4.100     81.68822
GET       4.200     81.80536
GET       4.300     81.93650
GET       4.400     82.04996
GET       4.500     82.16014
GET       4.600     82.29845
GET       4.700     82.43531
GET       4.800     82.55893
GET       4.900     82.66960
GET       5.000     82.77581
GET       5.100     82.87951
GET       5.200     82.98753
GET       5.300     83.09513
GET       5.400     83.19932
GET       5.500     83.30156
GET       5.600     83.40527
GET       5.700     83.50820
GET       5.800     83.60773
GET       5.900     83.70774
GET       6.000     83.80155
GET       6.100     83.90066
GET       6.200     84.00081
GET       6.300     84.09497
GET       6.400     84.19164
GET       6.500     84.29861
GET       6.600     84.39828
GET       6.700     84.49878
GET       6.800     84.59579
GET       6.900     84.69887
GET       7.000     84.79874
GET       7.100     84.88573
GET       7.200     84.97766
GET       7.300     85.06528
GET       7.400     85.15512
GET       7.500     85.24461
GET       7.600     85.33035
GET       7.700     85.42068
GET       7.800     85.51380
GET       7.900     85.59786
GET       8.000     85.68944
GET       8.100     85.77497
GET       8.200     85.85847
GET       8.300     85.95124
GET       8.400     86.03071
GET       8.500     86.11421
GET       8.600     86.21499
GET       8.700     86.30894
GET       8.800     86.39495
GET       8.900     86.47867
GET       9.000     86.55709
GET       9.100     86.63405
GET       9.200     86.72034
GET       9.300     86.80238
GET       9.400     86.88394
GET       9.500     86.96285
GET       9.600     87.03960
GET       9.700     87.11704
GET       9.800     87.20570
GET       9.900     87.28468
GET      10.000     87.72373
GET      11.000     88.47646
GET      12.000     89.16185
GET      13.000     89.84772
GET      14.000     90.49250
GET      15.000     91.07418
GET      16.000     91.60816
GET      17.000     92.13816
GET      18.000     92.64665
GET      19.000     93.15938
GET      20.000     93.59731
GET      21.000     94.05621
GET      22.000     94.45145
GET      23.000     94.86292
GET      24.000     95.22522
GET      25.000     95.58327
GET      26.000     95.89716
GET      27.000     96.19058
GET      28.000     96.44325
GET      29.000     96.69955
GET      30.000     96.93252
GET      31.000     97.14953
GET      32.000     97.34461
GET      33.000     97.53377
GET      34.000     97.70740
GET      35.000     97.87288
GET      36.000     98.00931
GET      37.000     98.14498
GET      38.000     98.27647
GET      39.000     98.39870
GET      40.000     98.50624
GET      41.000     98.61572
GET      42.000     98.70326
GET      43.000     98.79415
GET      44.000     98.87459
GET      45.000     98.95545
GET      46.000     99.02816
GET      47.000     99.08715
GET      48.000     99.14921
GET      49.000     99.20875
GET      50.000     99.25973
GET      51.000     99.30751
GET      52.000     99.34296
GET      53.000     99.38168
GET      54.000     99.42194
GET      55.000     99.45816
GET      56.000     99.48337
GET      57.000     99.51708
GET      58.000     99.54946
GET      59.000     99.57634
GET      60.000     99.59905
GET      61.000     99.62496
GET      62.000     99.64780
GET      63.000     99.66911
GET      64.000     99.68840
GET      65.000     99.70644
GET      66.000     99.72560
GET      67.000     99.74099
GET      68.000     99.75631
GET      69.000     99.77031
GET      70.000     99.78424
GET      71.000     99.79259
GET      72.000     99.80228
GET      73.000     99.81530
GET      74.000     99.82449
GET      75.000     99.83522
GET      76.000     99.84364
GET      77.000     99.85005
GET      78.000     99.85897
GET      79.000     99.86781
GET      80.000     99.87631
GET      81.000     99.88111
GET      82.000     99.88836
GET      83.000     99.89337
GET      84.000     99.89873
GET      85.000     99.90264
GET      86.000     99.90688
GET      87.000     99.91169
GET      88.000     99.91594
GET      89.000     99.91991
GET      90.000     99.92325
GET      91.000     99.92562
GET      92.000     99.92959
GET      93.000     99.93349
GET      94.000     99.93774
GET      95.000     99.94017
GET      96.000     99.94296
GET      97.000     99.94602
GET      98.000     99.95006
GET      99.000     99.95417
GET     100.000     99.96692
GET     110.000     99.98273
GET     120.000     99.99046
GET     130.000     99.99471
GET     140.000     99.99659
GET     150.000     99.99833
GET     160.000     99.99923
GET     170.000     99.99965
GET     180.000     99.99979
GET     190.000     99.99986
GET     200.000    100.00000
