[RUN #1] Preparing benchmark client...
[RUN #1] Launching threads now...
[RUN #1 3%,   0 secs]  8 threads:       60052 ops,       0 (avg:       0) ops/sec, 0.00KB/sec (avg: 0.00KB/sec),  0.00 (avg:  0.00) msec latency[RUN #1 8%,   1 secs]  8 threads:      138309 ops,   78242 (avg:   90114) ops/sec, 2.95MB/sec (avg: 3.40MB/sec),  4.17 (avg:  3.50) msec latency[RUN #1 13%,   2 secs]  8 threads:      216716 ops,   78396 (avg:   85490) ops/sec, 2.96MB/sec (avg: 3.23MB/sec),  4.10 (avg:  3.72) msec latency[RUN #1 18%,   3 secs]  8 threads:      295088 ops,   78360 (avg:   83473) ops/sec, 2.96MB/sec (avg: 3.15MB/sec),  4.11 (avg:  3.82) msec latency[RUN #1 23%,   4 secs]  8 threads:      373064 ops,   77965 (avg:   82259) ops/sec, 2.94MB/sec (avg: 3.10MB/sec),  4.07 (avg:  3.87) msec latency[RUN #1 28%,   5 secs]  8 threads:      451078 ops,   78003 (avg:   81490) ops/sec, 2.94MB/sec (avg: 3.07MB/sec),  4.09 (avg:  3.91) msec latency[RUN #1 33%,   6 secs]  8 threads:      529178 ops,   78089 (avg:   80969) ops/sec, 2.94MB/sec (avg: 3.05MB/sec),  4.10 (avg:  3.94) msec latency[RUN #1 38%,   7 secs]  8 threads:      607740 ops,   78550 (avg:   80648) ops/sec, 2.96MB/sec (avg: 3.04MB/sec),  4.09 (avg:  3.96) msec latency[RUN #1 43%,   8 secs]  8 threads:      684361 ops,   76610 (avg:   80175) ops/sec, 2.89MB/sec (avg: 3.02MB/sec),  4.15 (avg:  3.98) msec latency[RUN #1 48%,   9 secs]  8 threads:      764197 ops,   79824 (avg:   80138) ops/sec, 3.01MB/sec (avg: 3.02MB/sec),  4.01 (avg:  3.98) msec latency[RUN #1 53%,  10 secs]  8 threads:      842510 ops,   78302 (avg:   79964) ops/sec, 2.95MB/sec (avg: 3.02MB/sec),  4.07 (avg:  3.99) msec latency[RUN #1 58%,  11 secs]  8 threads:      920862 ops,   78341 (avg:   79823) ops/sec, 2.95MB/sec (avg: 3.01MB/sec),  4.09 (avg:  4.00) msec latency[RUN #1 63%,  12 secs]  8 threads:      997965 ops,   77091 (avg:   79605) ops/sec, 2.91MB/sec (avg: 3.00MB/sec),  4.15 (avg:  4.01) msec latency[RUN #1 68%,  13 secs]  8 threads:     1077980 ops,   80004 (avg:   79635) ops/sec, 3.02MB/sec (avg: 3.00MB/sec),  4.00 (avg:  4.01) msec latency[RUN #1 73%,  14 secs]  8 threads:     1156310 ops,   78319 (avg:   79544) ops/sec, 2.95MB/sec (avg: 3.00MB/sec),  4.04 (avg:  4.01) msec latency[RUN #1 78%,  15 secs]  8 threads:     1235055 ops,   78734 (avg:   79492) ops/sec, 2.97MB/sec (avg: 3.00MB/sec),  4.08 (avg:  4.02) msec latency[RUN #1 83%,  16 secs]  8 threads:     1313688 ops,   78622 (avg:   79439) ops/sec, 2.96MB/sec (avg: 3.00MB/sec),  4.07 (avg:  4.02) msec latency[RUN #1 88%,  17 secs]  8 threads:     1393282 ops,   79583 (avg:   79448) ops/sec, 3.00MB/sec (avg: 3.00MB/sec),  3.98 (avg:  4.02) msec latency[RUN #1 93%,  18 secs]  8 threads:     1472640 ops,   79346 (avg:   79442) ops/sec, 2.99MB/sec (avg: 3.00MB/sec),  4.00 (avg:  4.02) msec latency[RUN #1 98%,  19 secs]  8 threads:     1557710 ops,   79346 (avg:   79731) ops/sec, 2.99MB/sec (avg: 3.01MB/sec),  4.00 (avg:  4.01) msec latency[RUN #1 100%,  20 secs]  0 threads:     1658594 ops,   79346 (avg:   82895) ops/sec, 2.99MB/sec (avg: 3.13MB/sec),  4.00 (avg:  3.86) msec latency

8         Threads
40        Connections per thread
20        Seconds
Type        Ops/sec     Hits/sec   Misses/sec      Latency       KB/sec
------------------------------------------------------------------------
Sets        7541.91          ---          ---      4.39900       559.05
Gets       75339.50      3215.83     72123.67      3.80100      2641.84
Totals     82881.41      3215.83     72123.67      3.85600      3200.89


Request Latency Distribution
Type     <= msec         Percent
------------------------------------------------------------------------
SET       1.000     74.69886
SET       2.000     77.70762
SET       3.000     79.46477
SET       4.000     81.01586
SET       5.000     82.15814
SET       6.000     83.28320
SET       7.000     84.09022
SET       8.000     84.89193
SET       9.000     85.73274
SET      10.000     86.56096
SET      11.000     87.24342
SET      12.000     87.90202
SET      13.000     88.42943
SET      14.000     88.95419
SET      15.000     89.41004
SET      16.000     89.89372
SET      17.000     90.35753
SET      18.000     90.79615
SET      19.000     91.21755
SET      20.000     91.64955
SET      21.000     92.06830
SET      22.000     92.46651
SET      23.000     92.80243
SET      24.000     93.13968
SET      25.000     93.45905
SET      26.000     93.82943
SET      27.000     94.17397
SET      28.000     94.43833
SET      29.000     94.74444
SET      30.000     95.01411
SET      31.000     95.21951
SET      32.000     95.52893
SET      33.000     95.76879
SET      34.000     95.97882
SET      35.000     96.17627
SET      36.000     96.39028
SET      37.000     96.62947
SET      38.000     96.79379
SET      39.000     96.94354
SET      40.000     97.09195
SET      41.000     97.23772
SET      42.000     97.39144
SET      43.000     97.50938
SET      44.000     97.61936
SET      45.000     97.72869
SET      46.000     97.83669
SET      47.000     97.97914
SET      48.000     98.07389
SET      49.000     98.14942
SET      50.000     98.21502
SET      51.000     98.28525
SET      52.000     98.36741
SET      53.000     98.42042
SET      54.000     98.48270
SET      55.000     98.52908
SET      56.000     98.56353
SET      57.000     98.61522
SET      58.000     98.65961
SET      59.000     98.69804
SET      60.000     98.75634
SET      61.000     98.80405
SET      62.000     98.83784
SET      63.000     98.87826
SET      64.000     98.91801
SET      65.000     98.95445
SET      66.000     98.99023
SET      67.000     99.02204
SET      68.000     99.05252
SET      69.000     99.08101
SET      70.000     99.10088
SET      71.000     99.11414
SET      72.000     99.13865
SET      73.000     99.16250
SET      74.000     99.18238
SET      75.000     99.21087
SET      76.000     99.22346
SET      77.000     99.23406
SET      78.000     99.24864
SET      79.000     99.26587
SET      80.000     99.27382
SET      81.000     99.29568
SET      82.000     99.30496
SET      83.000     99.31887
SET      84.000     99.32616
SET      85.000     99.33676
SET      86.000     99.34736
SET      87.000     99.35465
SET      88.000     99.38778
SET      89.000     99.39838
SET      90.000     99.40434
SET      91.000     99.41229
SET      92.000     99.42223
SET      93.000     99.42621
SET      94.000     99.44211
SET      95.000     99.44542
SET      96.000     99.45337
SET      97.000     99.45735
SET      98.000     99.46398
SET      99.000     99.47921
SET     100.000     99.54282
SET     110.000     99.58456
SET     120.000     99.67931
SET     130.000     99.70317
SET     140.000     99.72569
SET     150.000     99.74623
SET     160.000     99.75551
SET     170.000     99.78599
SET     180.000     99.80123
SET     190.000     99.80918
SET     200.000     99.83634
SET     210.000     99.85357
SET     220.000     99.86020
SET     230.000     99.89598
SET     240.000     99.90724
SET     250.000     99.92977
SET     260.000     99.93772
SET     270.000     99.97548
SET     280.000     99.99735
SET     290.000     99.99801
SET     300.000     99.99934
SET     330.000    100.00000
---
GET       0.058      0.00007
GET       0.060      0.00013
GET       0.061      0.00020
GET       0.062      0.00033
GET       0.063      0.00040
GET       0.064      0.00060
GET       0.065      0.00086
GET       0.066      0.00099
GET       0.067      0.00113
GET       0.068      0.00126
GET       0.069      0.00153
GET       0.070      0.00192
GET       0.071      0.00239
GET       0.072      0.00259
GET       0.073      0.00325
GET       0.074      0.00418
GET       0.075      0.00497
GET       0.076      0.00524
GET       0.077      0.00610
GET       0.078      0.00703
GET       0.079      0.00789
GET       0.080      0.00962
GET       0.081      0.01068
GET       0.082      0.01273
GET       0.083      0.01472
GET       0.084      0.01751
GET       0.085      0.02103
GET       0.086      0.02547
GET       0.087      0.02971
GET       0.088      0.03502
GET       0.089      0.04331
GET       0.090      0.05074
GET       0.091      0.05969
GET       0.092      0.07183
GET       0.093      0.08576
GET       0.094      0.09956
GET       0.095      0.11488
GET       0.096      0.13252
GET       0.097      0.14824
GET       0.098      0.16502
GET       0.099      0.18141
GET       0.100      0.26750
GET       0.110      0.43259
GET       0.120      0.64152
GET       0.130      1.09905
GET       0.140      2.37964
GET       0.150      4.22819
GET       0.160      5.90024
GET       0.170      7.56824
GET       0.180      9.72124
GET       0.190     13.25948
GET       0.200     16.41111
GET       0.210     18.41513
GET       0.220     19.82870
GET       0.230     21.11851
GET       0.240     22.59921
GET       0.250     23.86494
GET       0.260     24.85156
GET       0.270     25.74446
GET       0.280     26.80146
GET       0.290     28.27837
GET       0.300     29.92197
GET       0.310     31.63820
GET       0.320     33.58850
GET       0.330     36.16260
GET       0.340     39.71836
GET       0.350     43.30237
GET       0.360     46.61563
GET       0.370     49.72812
GET       0.380     52.85467
GET       0.390     56.02255
GET       0.400     58.60912
GET       0.410     60.58018
GET       0.420     62.18849
GET       0.430     63.60273
GET       0.440     64.91369
GET       0.450     65.99543
GET       0.460     66.90492
GET       0.470     67.70105
GET       0.480     68.44710
GET       0.490     69.15521
GET       0.500     69.76092
GET       0.510     70.29717
GET       0.520     70.76114
GET       0.530     71.21051
GET       0.540     71.61616
GET       0.550     71.98282
GET       0.560     72.29834
GET       0.570     72.58037
GET       0.580     72.85662
GET       0.590     73.13527
GET       0.600     73.38943
GET       0.610     73.61667
GET       0.620     73.83575
GET       0.630     74.05205
GET       0.640     74.26496
GET       0.650     74.45684
GET       0.660     74.62976
GET       0.670     74.80871
GET       0.680     74.98169
GET       0.690     75.16522
GET       0.700     75.34457
GET       0.710     75.51590
GET       0.720     75.69213
GET       0.730     75.87572
GET       0.740     76.06277
GET       0.750     76.24165
GET       0.760     76.42047
GET       0.770     76.58649
GET       0.780     76.76504
GET       0.790     76.93982
GET       0.800     77.10139
GET       0.810     77.25633
GET       0.820     77.40630
GET       0.830     77.56542
GET       0.840     77.71937
GET       0.850     77.86946
GET       0.860     78.01001
GET       0.870     78.14479
GET       0.880     78.27824
GET       0.890     78.40579
GET       0.900     78.52889
GET       0.910     78.64676
GET       0.920     78.75381
GET       0.930     78.86100
GET       0.940     78.96679
GET       0.950     79.05958
GET       0.960     79.15118
GET       0.970     79.23256
GET       0.980     79.31527
GET       0.990     79.39374
GET       1.000     79.77101
GET       1.100     80.26761
GET       1.200     80.64965
GET       1.300     80.97970
GET       1.400     81.28355
GET       1.500     81.57393
GET       1.600     81.83725
GET       1.700     82.07961
GET       1.800     82.30851
GET       1.900     82.51604
GET       2.000     82.71257
GET       2.100     82.88701
GET       2.200     83.05456
GET       2.300     83.21109
GET       2.400     83.35330
GET       2.500     83.49146
GET       2.600     83.61609
GET       2.700     83.74437
GET       2.800     83.86322
GET       2.900     83.97605
GET       3.000     84.08635
GET       3.100     84.19480
GET       3.200     84.29515
GET       3.300     84.39603
GET       3.400     84.49778
GET       3.500     84.59535
GET       3.600     84.69219
GET       3.700     84.79201
GET       3.800     84.87830
GET       3.900     84.96798
GET       4.000     85.05712
GET       4.100     85.14096
GET       4.200     85.23017
GET       4.300     85.32296
GET       4.400     85.42458
GET       4.500     85.51896
GET       4.600     85.61242
GET       4.700     85.69340
GET       4.800     85.77359
GET       4.900     85.84947
GET       5.000     85.92840
GET       5.100     86.00972
GET       5.200     86.08294
GET       5.300     86.15922
GET       5.400     86.23948
GET       5.500     86.30892
GET       5.600     86.38268
GET       5.700     86.46134
GET       5.800     86.53012
GET       5.900     86.60388
GET       6.000     86.67047
GET       6.100     86.74038
GET       6.200     86.80916
GET       6.300     86.87655
GET       6.400     86.94640
GET       6.500     87.01624
GET       6.600     87.08496
GET       6.700     87.15778
GET       6.800     87.22975
GET       6.900     87.30059
GET       7.000     87.36671
GET       7.100     87.43012
GET       7.200     87.49413
GET       7.300     87.55495
GET       7.400     87.61816
GET       7.500     87.68117
GET       7.600     87.74697
GET       7.700     87.80919
GET       7.800     87.86941
GET       7.900     87.93169
GET       8.000     87.99351
GET       8.100     88.05506
GET       8.200     88.11993
GET       8.300     88.18022
GET       8.400     88.24867
GET       8.500     88.31891
GET       8.600     88.37954
GET       8.700     88.43167
GET       8.800     88.48964
GET       8.900     88.54051
GET       9.000     88.59358
GET       9.100     88.65354
GET       9.200     88.70879
GET       9.300     88.75840
GET       9.400     88.81100
GET       9.500     88.86784
GET       9.600     88.92276
GET       9.700     88.97954
GET       9.800     89.03465
GET       9.900     89.08758
GET      10.000     89.38884
GET      11.000     89.86853
GET      12.000     90.34608
GET      13.000     90.81237
GET      14.000     91.23136
GET      15.000     91.63742
GET      16.000     92.02125
GET      17.000     92.40668
GET      18.000     92.79065
GET      19.000     93.14789
GET      20.000     93.48902
GET      21.000     93.82822
GET      22.000     94.15700
GET      23.000     94.45541
GET      24.000     94.73518
GET      25.000     95.02908
GET      26.000     95.33438
GET      27.000     95.61535
GET      28.000     95.86156
GET      29.000     96.10160
GET      30.000     96.33527
GET      31.000     96.54712
GET      32.000     96.73449
GET      33.000     96.92830
GET      34.000     97.11720
GET      35.000     97.29165
GET      36.000     97.44665
GET      37.000     97.61201
GET      38.000     97.74619
GET      39.000     97.87831
GET      40.000     98.00334
GET      41.000     98.13235
GET      42.000     98.24550
GET      43.000     98.35076
GET      44.000     98.44435
GET      45.000     98.54278
GET      46.000     98.63902
GET      47.000     98.72100
GET      48.000     98.78634
GET      49.000     98.86421
GET      50.000     98.92881
GET      51.000     98.99348
GET      52.000     99.04846
GET      53.000     99.10743
GET      54.000     99.15771
GET      55.000     99.20161
GET      56.000     99.23922
GET      57.000     99.28161
GET      58.000     99.32293
GET      59.000     99.35861
GET      60.000     99.39224
GET      61.000     99.43257
GET      62.000     99.46460
GET      63.000     99.48808
GET      64.000     99.51448
GET      65.000     99.53736
GET      66.000     99.56124
GET      67.000     99.58439
GET      68.000     99.60257
GET      69.000     99.62299
GET      70.000     99.64283
GET      71.000     99.65967
GET      72.000     99.67480
GET      73.000     99.69131
GET      74.000     99.70624
GET      75.000     99.71731
GET      76.000     99.72958
GET      77.000     99.74212
GET      78.000     99.75366
GET      79.000     99.76361
GET      80.000     99.77230
GET      81.000     99.78198
GET      82.000     99.78769
GET      83.000     99.79465
GET      84.000     99.80221
GET      85.000     99.80977
GET      86.000     99.81594
GET      87.000     99.82251
GET      88.000     99.82907
GET      89.000     99.83630
GET      90.000     99.84267
GET      91.000     99.84930
GET      92.000     99.85680
GET      93.000     99.86264
GET      94.000     99.86688
GET      95.000     99.87219
GET      96.000     99.87683
GET      97.000     99.88127
GET      98.000     99.88631
GET      99.000     99.89010
GET     100.000     99.91212
GET     110.000     99.93686
GET     120.000     99.95324
GET     130.000     99.96571
GET     140.000     99.97420
GET     150.000     99.97884
GET     160.000     99.98395
GET     170.000     99.98780
GET     180.000     99.99124
GET     190.000     99.99284
GET     200.000     99.99436
GET     210.000     99.99509
GET     220.000     99.99609
GET     230.000     99.99728
GET     240.000     99.99781
GET     250.000     99.99794
GET     260.000     99.99821
GET     270.000     99.99874
GET     280.000     99.99887
GET     290.000     99.99940
GET     300.000     99.99954
GET     330.000     99.99980
GET     380.000    100.00000
