[RUN #1] Preparing benchmark client...
[RUN #1] Launching threads now...
[RUN #1 2%,   0 secs]  8 threads:       38725 ops,       0 (avg:       0) ops/sec, 0.00KB/sec (avg: 0.00KB/sec),  0.00 (avg:  0.00) msec latency[RUN #1 7%,   1 secs]  8 threads:      114864 ops,   76125 (avg:   85413) ops/sec, 2.87MB/sec (avg: 3.22MB/sec),  4.20 (avg:  3.67) msec latency[RUN #1 12%,   2 secs]  8 threads:      193422 ops,   78546 (avg:   82484) ops/sec, 2.96MB/sec (avg: 3.11MB/sec),  4.11 (avg:  3.85) msec latency[RUN #1 17%,   3 secs]  8 threads:      271958 ops,   78524 (avg:   81300) ops/sec, 2.96MB/sec (avg: 3.07MB/sec),  4.09 (avg:  3.92) msec latency[RUN #1 22%,   4 secs]  8 threads:      349550 ops,   77581 (avg:   80444) ops/sec, 2.93MB/sec (avg: 3.04MB/sec),  4.09 (avg:  3.96) msec latency[RUN #1 27%,   5 secs]  8 threads:      427385 ops,   77823 (avg:   79954) ops/sec, 2.94MB/sec (avg: 3.02MB/sec),  4.13 (avg:  3.99) msec latency[RUN #1 32%,   6 secs]  8 threads:      506283 ops,   78884 (avg:   79785) ops/sec, 2.97MB/sec (avg: 3.01MB/sec),  4.05 (avg:  4.00) msec latency[RUN #1 37%,   7 secs]  8 threads:      584744 ops,   78449 (avg:   79603) ops/sec, 2.96MB/sec (avg: 3.00MB/sec),  4.05 (avg:  4.01) msec latency[RUN #1 42%,   8 secs]  8 threads:      661291 ops,   76535 (avg:   79236) ops/sec, 2.89MB/sec (avg: 2.99MB/sec),  4.20 (avg:  4.03) msec latency[RUN #1 47%,   9 secs]  8 threads:      739371 ops,   78066 (avg:   79111) ops/sec, 2.94MB/sec (avg: 2.98MB/sec),  4.09 (avg:  4.03) msec latency[RUN #1 52%,  10 secs]  8 threads:      817131 ops,   77748 (avg:   78979) ops/sec, 2.93MB/sec (avg: 2.98MB/sec),  4.08 (avg:  4.04) msec latency[RUN #1 57%,  11 secs]  8 threads:      894250 ops,   77107 (avg:   78814) ops/sec, 2.91MB/sec (avg: 2.97MB/sec),  4.16 (avg:  4.05) msec latency[RUN #1 62%,  12 secs]  8 threads:      972628 ops,   78367 (avg:   78778) ops/sec, 2.95MB/sec (avg: 2.97MB/sec),  4.06 (avg:  4.05) msec latency[RUN #1 67%,  13 secs]  8 threads:     1052886 ops,   80243 (avg:   78887) ops/sec, 3.03MB/sec (avg: 2.98MB/sec),  4.00 (avg:  4.05) msec latency[RUN #1 72%,  14 secs]  8 threads:     1131589 ops,   78689 (avg:   78874) ops/sec, 2.97MB/sec (avg: 2.97MB/sec),  4.05 (avg:  4.05) msec latency[RUN #1 77%,  15 secs]  8 threads:     1210009 ops,   78408 (avg:   78843) ops/sec, 2.96MB/sec (avg: 2.97MB/sec),  4.08 (avg:  4.05) msec latency[RUN #1 82%,  16 secs]  8 threads:     1289168 ops,   79148 (avg:   78862) ops/sec, 2.98MB/sec (avg: 2.97MB/sec),  4.02 (avg:  4.05) msec latency[RUN #1 87%,  17 secs]  8 threads:     1367633 ops,   78454 (avg:   78838) ops/sec, 2.96MB/sec (avg: 2.97MB/sec),  4.07 (avg:  4.05) msec latency[RUN #1 92%,  18 secs]  8 threads:     1446244 ops,   78600 (avg:   78825) ops/sec, 2.96MB/sec (avg: 2.97MB/sec),  4.06 (avg:  4.05) msec latency[RUN #1 97%,  19 secs]  8 threads:     1529297 ops,   83047 (avg:   79044) ops/sec, 3.13MB/sec (avg: 2.98MB/sec),  3.91 (avg:  4.04) msec latency[RUN #1 100%,  20 secs]  0 threads:     1661967 ops,   83047 (avg:   83060) ops/sec, 3.13MB/sec (avg: 3.13MB/sec),  3.91 (avg:  3.85) msec latency

8         Threads
40        Connections per thread
20        Seconds
Type        Ops/sec     Hits/sec   Misses/sec      Latency       KB/sec
------------------------------------------------------------------------
Sets        7555.11          ---          ---      4.38700       560.03
Gets       75470.82      3281.39     72189.44      3.79400      2646.45
Totals     83025.93      3281.39     72189.44      3.84800      3206.48


Request Latency Distribution
Type     <= msec         Percent
------------------------------------------------------------------------
SET       1.000     74.91503
SET       2.000     78.01420
SET       3.000     79.86630
SET       4.000     81.38117
SET       5.000     82.46492
SET       6.000     83.39328
SET       7.000     84.27470
SET       8.000     85.07214
SET       9.000     85.73932
SET      10.000     86.39195
SET      11.000     87.05185
SET      12.000     87.71705
SET      13.000     88.37563
SET      14.000     88.91651
SET      15.000     89.38665
SET      16.000     89.84884
SET      17.000     90.28129
SET      18.000     90.71174
SET      19.000     91.12104
SET      20.000     91.59052
SET      21.000     91.98990
SET      22.000     92.33373
SET      23.000     92.67427
SET      24.000     93.02736
SET      25.000     93.37847
SET      26.000     93.74083
SET      27.000     94.13426
SET      28.000     94.44635
SET      29.000     94.74391
SET      30.000     95.04146
SET      31.000     95.29471
SET      32.000     95.55457
SET      33.000     95.74500
SET      34.000     95.94271
SET      35.000     96.13910
SET      36.000     96.31763
SET      37.000     96.47963
SET      38.000     96.63634
SET      39.000     96.78908
SET      40.000     96.95307
SET      41.000     97.12697
SET      42.000     97.33790
SET      43.000     97.47015
SET      44.000     97.59644
SET      45.000     97.73067
SET      46.000     97.86093
SET      47.000     97.95879
SET      48.000     98.05269
SET      49.000     98.14327
SET      50.000     98.22196
SET      51.000     98.31453
SET      52.000     98.38462
SET      53.000     98.44083
SET      54.000     98.49769
SET      55.000     98.54332
SET      56.000     98.59754
SET      57.000     98.64250
SET      58.000     98.69540
SET      59.000     98.73640
SET      60.000     98.79194
SET      61.000     98.82897
SET      62.000     98.85409
SET      63.000     98.88517
SET      64.000     98.91294
SET      65.000     98.93939
SET      66.000     98.96782
SET      67.000     98.99824
SET      68.000     99.02469
SET      69.000     99.04254
SET      70.000     99.06436
SET      71.000     99.08023
SET      72.000     99.10404
SET      73.000     99.12718
SET      74.000     99.14569
SET      75.000     99.16421
SET      76.000     99.18206
SET      77.000     99.19264
SET      78.000     99.20587
SET      79.000     99.21711
SET      80.000     99.22504
SET      81.000     99.23496
SET      82.000     99.23959
SET      83.000     99.24422
SET      84.000     99.25546
SET      85.000     99.26273
SET      86.000     99.27001
SET      87.000     99.27794
SET      88.000     99.29315
SET      89.000     99.30571
SET      90.000     99.31299
SET      91.000     99.32356
SET      92.000     99.33150
SET      93.000     99.33811
SET      94.000     99.34208
SET      95.000     99.35332
SET      96.000     99.36324
SET      97.000     99.37845
SET      98.000     99.39894
SET      99.000     99.41283
SET     100.000     99.43862
SET     110.000     99.47763
SET     120.000     99.50739
SET     130.000     99.53119
SET     140.000     99.59268
SET     150.000     99.63633
SET     160.000     99.64624
SET     170.000     99.66079
SET     180.000     99.69517
SET     190.000     99.71435
SET     200.000     99.75667
SET     210.000     99.78444
SET     220.000     99.81023
SET     230.000     99.84990
SET     240.000     99.88098
SET     250.000     99.89156
SET     260.000     99.92264
SET     270.000     99.95438
SET     280.000     99.97289
SET     290.000     99.99603
SET     310.000     99.99736
SET     330.000     99.99802
SET     350.000    100.00000
---
GET       0.063      0.00007
GET       0.064      0.00013
GET       0.065      0.00033
GET       0.066      0.00040
GET       0.067      0.00060
GET       0.068      0.00099
GET       0.069      0.00113
GET       0.070      0.00139
GET       0.071      0.00165
GET       0.072      0.00192
GET       0.073      0.00232
GET       0.074      0.00258
GET       0.075      0.00357
GET       0.076      0.00430
GET       0.077      0.00516
GET       0.078      0.00589
GET       0.079      0.00728
GET       0.080      0.00827
GET       0.081      0.00980
GET       0.082      0.01304
GET       0.083      0.01529
GET       0.084      0.01933
GET       0.085      0.02343
GET       0.086      0.02846
GET       0.087      0.03521
GET       0.088      0.04177
GET       0.089      0.05031
GET       0.090      0.05944
GET       0.091      0.07182
GET       0.092      0.08433
GET       0.093      0.10094
GET       0.094      0.11663
GET       0.095      0.13662
GET       0.096      0.15701
GET       0.097      0.17568
GET       0.098      0.19547
GET       0.099      0.21566
GET       0.100      0.31892
GET       0.110      0.49201
GET       0.120      0.70098
GET       0.130      1.16314
GET       0.140      2.45311
GET       0.150      4.27389
GET       0.160      5.92613
GET       0.170      7.57897
GET       0.180      9.72051
GET       0.190     13.37947
GET       0.200     16.56507
GET       0.210     18.50347
GET       0.220     19.85069
GET       0.230     21.07785
GET       0.240     22.55859
GET       0.250     23.82195
GET       0.260     24.75209
GET       0.270     25.58765
GET       0.280     26.56571
GET       0.290     27.96629
GET       0.300     29.50343
GET       0.310     31.09067
GET       0.320     32.92336
GET       0.330     35.38984
GET       0.340     38.91800
GET       0.350     42.53564
GET       0.360     45.80518
GET       0.370     48.88124
GET       0.380     52.02951
GET       0.390     55.31712
GET       0.400     57.95121
GET       0.410     59.93991
GET       0.420     61.55621
GET       0.430     63.00339
GET       0.440     64.36127
GET       0.450     65.46736
GET       0.460     66.37228
GET       0.470     67.17428
GET       0.480     67.93954
GET       0.490     68.67957
GET       0.500     69.31900
GET       0.510     69.85192
GET       0.520     70.32997
GET       0.530     70.77869
GET       0.540     71.20596
GET       0.550     71.57770
GET       0.560     71.88861
GET       0.570     72.17225
GET       0.580     72.46721
GET       0.590     72.76064
GET       0.600     73.02071
GET       0.610     73.25537
GET       0.620     73.48287
GET       0.630     73.72289
GET       0.640     73.94841
GET       0.650     74.14685
GET       0.660     74.33279
GET       0.670     74.51250
GET       0.680     74.70698
GET       0.690     74.89861
GET       0.700     75.08243
GET       0.710     75.25241
GET       0.720     75.42749
GET       0.730     75.63461
GET       0.740     75.83683
GET       0.750     76.03170
GET       0.760     76.21499
GET       0.770     76.39609
GET       0.780     76.58845
GET       0.790     76.77856
GET       0.800     76.94808
GET       0.810     77.10548
GET       0.820     77.26713
GET       0.830     77.43235
GET       0.840     77.58949
GET       0.850     77.73882
GET       0.860     77.88815
GET       0.870     78.03331
GET       0.880     78.17735
GET       0.890     78.31126
GET       0.900     78.43841
GET       0.910     78.56041
GET       0.920     78.67360
GET       0.930     78.78864
GET       0.940     78.89594
GET       0.950     78.99609
GET       0.960     79.08975
GET       0.970     79.18242
GET       0.980     79.27172
GET       0.990     79.35744
GET       1.000     79.75890
GET       1.100     80.29116
GET       1.200     80.69222
GET       1.300     81.02947
GET       1.400     81.35104
GET       1.500     81.64944
GET       1.600     81.91361
GET       1.700     82.17230
GET       1.800     82.41086
GET       1.900     82.62300
GET       2.000     82.82311
GET       2.100     83.00421
GET       2.200     83.17466
GET       2.300     83.33200
GET       2.400     83.47458
GET       2.500     83.60564
GET       2.600     83.72883
GET       2.700     83.84824
GET       2.800     83.96805
GET       2.900     84.08144
GET       3.000     84.19449
GET       3.100     84.29974
GET       3.200     84.40155
GET       3.300     84.49680
GET       3.400     84.59463
GET       3.500     84.68843
GET       3.600     84.78527
GET       3.700     84.88429
GET       3.800     84.97676
GET       3.900     85.06692
GET       4.000     85.15502
GET       4.100     85.24034
GET       4.200     85.33176
GET       4.300     85.42416
GET       4.400     85.52358
GET       4.500     85.61844
GET       4.600     85.70747
GET       4.700     85.78889
GET       4.800     85.86719
GET       4.900     85.94874
GET       5.000     86.02480
GET       5.100     86.10317
GET       5.200     86.17863
GET       5.300     86.25886
GET       5.400     86.33511
GET       5.500     86.40600
GET       5.600     86.47875
GET       5.700     86.55368
GET       5.800     86.62801
GET       5.900     86.70109
GET       6.000     86.77192
GET       6.100     86.83943
GET       6.200     86.90735
GET       6.300     86.97427
GET       6.400     87.04338
GET       6.500     87.10805
GET       6.600     87.17768
GET       6.700     87.24844
GET       6.800     87.32370
GET       6.900     87.38996
GET       7.000     87.45523
GET       7.100     87.51997
GET       7.200     87.57941
GET       7.300     87.64143
GET       7.400     87.70292
GET       7.500     87.76395
GET       7.600     87.82452
GET       7.700     87.88509
GET       7.800     87.94506
GET       7.900     88.00642
GET       8.000     88.07175
GET       8.100     88.13424
GET       8.200     88.19884
GET       8.300     88.26133
GET       8.400     88.33282
GET       8.500     88.39967
GET       8.600     88.45805
GET       8.700     88.51174
GET       8.800     88.56959
GET       8.900     88.62314
GET       9.000     88.67689
GET       9.100     88.73527
GET       9.200     88.79001
GET       9.300     88.83933
GET       9.400     88.88897
GET       9.500     88.94378
GET       9.600     89.00057
GET       9.700     89.05684
GET       9.800     89.11350
GET       9.900     89.16678
GET      10.000     89.46710
GET      11.000     89.94885
GET      12.000     90.42001
GET      13.000     90.87886
GET      14.000     91.30204
GET      15.000     91.70416
GET      16.000     92.08133
GET      17.000     92.46187
GET      18.000     92.84354
GET      19.000     93.20098
GET      20.000     93.52917
GET      21.000     93.86152
GET      22.000     94.19116
GET      23.000     94.47897
GET      24.000     94.75500
GET      25.000     95.04532
GET      26.000     95.34828
GET      27.000     95.62537
GET      28.000     95.86810
GET      29.000     96.10818
GET      30.000     96.34601
GET      31.000     96.55604
GET      32.000     96.73920
GET      33.000     96.93414
GET      34.000     97.12153
GET      35.000     97.30290
GET      36.000     97.45620
GET      37.000     97.62036
GET      38.000     97.75976
GET      39.000     97.88493
GET      40.000     98.00289
GET      41.000     98.13236
GET      42.000     98.23827
GET      43.000     98.34100
GET      44.000     98.42997
GET      45.000     98.53144
GET      46.000     98.62246
GET      47.000     98.70685
GET      48.000     98.77510
GET      49.000     98.84976
GET      50.000     98.91662
GET      51.000     98.98096
GET      52.000     99.03630
GET      53.000     99.09368
GET      54.000     99.14532
GET      55.000     99.18993
GET      56.000     99.23044
GET      57.000     99.27472
GET      58.000     99.31371
GET      59.000     99.35111
GET      60.000     99.38831
GET      61.000     99.42961
GET      62.000     99.46351
GET      63.000     99.48661
GET      64.000     99.51063
GET      65.000     99.53486
GET      66.000     99.55710
GET      67.000     99.58020
GET      68.000     99.59894
GET      69.000     99.62217
GET      70.000     99.64070
GET      71.000     99.65752
GET      72.000     99.67241
GET      73.000     99.68783
GET      74.000     99.70326
GET      75.000     99.71398
GET      76.000     99.72616
GET      77.000     99.73768
GET      78.000     99.74853
GET      79.000     99.75912
GET      80.000     99.76627
GET      81.000     99.77627
GET      82.000     99.78229
GET      83.000     99.79083
GET      84.000     99.79824
GET      85.000     99.80519
GET      86.000     99.81161
GET      87.000     99.81724
GET      88.000     99.82287
GET      89.000     99.82830
GET      90.000     99.83326
GET      91.000     99.84028
GET      92.000     99.84610
GET      93.000     99.85160
GET      94.000     99.85788
GET      95.000     99.86377
GET      96.000     99.86861
GET      97.000     99.87291
GET      98.000     99.87648
GET      99.000     99.88158
GET     100.000     99.90448
GET     110.000     99.93222
GET     120.000     99.94949
GET     130.000     99.96128
GET     140.000     99.97154
GET     150.000     99.97749
GET     160.000     99.98286
GET     170.000     99.98623
GET     180.000     99.98928
GET     190.000     99.99139
GET     200.000     99.99298
GET     210.000     99.99424
GET     220.000     99.99457
GET     230.000     99.99590
GET     240.000     99.99662
GET     250.000     99.99702
GET     260.000     99.99729
GET     270.000     99.99868
GET     280.000     99.99881
GET     290.000     99.99927
GET     300.000     99.99974
GET     310.000     99.99987
GET     370.000     99.99993
GET     380.000    100.00000
