[RUN #1] Preparing benchmark client...
[RUN #1] Launching threads now...
[RUN #1 5%,   0 secs]  8 threads:       71848 ops,       0 (avg:       0) ops/sec, 0.00KB/sec (avg: 0.00KB/sec),  0.00 (avg:  0.00) msec latency[RUN #1 10%,   1 secs]  8 threads:      148838 ops,   76977 (avg:   74457) ops/sec, 2.90MB/sec (avg: 2.81MB/sec),  4.14 (avg:  4.26) msec latency[RUN #1 15%,   2 secs]  8 threads:      226865 ops,   78014 (avg:   75643) ops/sec, 2.94MB/sec (avg: 2.85MB/sec),  4.12 (avg:  4.21) msec latency[RUN #1 20%,   3 secs]  8 threads:      304325 ops,   77448 (avg:   76094) ops/sec, 2.92MB/sec (avg: 2.87MB/sec),  4.13 (avg:  4.19) msec latency[RUN #1 25%,   4 secs]  8 threads:      383132 ops,   78793 (avg:   76634) ops/sec, 2.97MB/sec (avg: 2.89MB/sec),  4.06 (avg:  4.17) msec latency[RUN #1 30%,   5 secs]  8 threads:      461597 ops,   78451 (avg:   76937) ops/sec, 2.96MB/sec (avg: 2.90MB/sec),  4.07 (avg:  4.15) msec latency[RUN #1 35%,   6 secs]  8 threads:      538830 ops,   77220 (avg:   76978) ops/sec, 2.91MB/sec (avg: 2.90MB/sec),  4.14 (avg:  4.15) msec latency[RUN #1 40%,   7 secs]  8 threads:      615832 ops,   76990 (avg:   76979) ops/sec, 2.90MB/sec (avg: 2.90MB/sec),  4.13 (avg:  4.15) msec latency[RUN #1 45%,   9 secs]  8 threads:      693221 ops,   77377 (avg:   77023) ops/sec, 2.92MB/sec (avg: 2.91MB/sec),  4.13 (avg:  4.15) msec latency[RUN #1 50%,  10 secs]  8 threads:      772235 ops,   79002 (avg:   77221) ops/sec, 2.98MB/sec (avg: 2.91MB/sec),  4.06 (avg:  4.14) msec latency[RUN #1 55%,  11 secs]  8 threads:      850407 ops,   78161 (avg:   77307) ops/sec, 2.95MB/sec (avg: 2.92MB/sec),  4.06 (avg:  4.13) msec latency[RUN #1 60%,  12 secs]  8 threads:      928705 ops,   78285 (avg:   77388) ops/sec, 2.95MB/sec (avg: 2.92MB/sec),  4.10 (avg:  4.13) msec latency[RUN #1 65%,  13 secs]  8 threads:     1007909 ops,   79192 (avg:   77527) ops/sec, 2.99MB/sec (avg: 2.92MB/sec),  4.04 (avg:  4.12) msec latency[RUN #1 70%,  14 secs]  8 threads:     1086972 ops,   79051 (avg:   77636) ops/sec, 2.98MB/sec (avg: 2.93MB/sec),  4.04 (avg:  4.11) msec latency[RUN #1 75%,  15 secs]  8 threads:     1164723 ops,   77738 (avg:   77643) ops/sec, 2.93MB/sec (avg: 2.93MB/sec),  4.13 (avg:  4.11) msec latency[RUN #1 80%,  16 secs]  8 threads:     1243729 ops,   78993 (avg:   77727) ops/sec, 2.98MB/sec (avg: 2.93MB/sec),  4.05 (avg:  4.11) msec latency[RUN #1 85%,  17 secs]  8 threads:     1322365 ops,   78624 (avg:   77780) ops/sec, 2.97MB/sec (avg: 2.93MB/sec),  4.06 (avg:  4.11) msec latency[RUN #1 90%,  18 secs]  8 threads:     1400224 ops,   77848 (avg:   77784) ops/sec, 2.94MB/sec (avg: 2.93MB/sec),  4.12 (avg:  4.11) msec latency[RUN #1 95%,  19 secs]  8 threads:     1477302 ops,   77065 (avg:   77746) ops/sec, 2.91MB/sec (avg: 2.93MB/sec),  4.13 (avg:  4.11) msec latency[RUN #1 100%,  20 secs]  8 threads:     1554962 ops,   77065 (avg:   77742) ops/sec, 2.91MB/sec (avg: 2.93MB/sec),  4.13 (avg:  4.11) msec latency[RUN #1 100%,  20 secs]  0 threads:     1555196 ops,   77065 (avg:   77723) ops/sec, 2.91MB/sec (avg: 2.93MB/sec),  4.13 (avg:  4.11) msec latency

8         Threads
40        Connections per thread
20        Seconds
Type        Ops/sec     Hits/sec   Misses/sec      Latency       KB/sec
------------------------------------------------------------------------
Sets        7072.60          ---          ---      4.32800       524.26
Gets       70642.67      2558.78     68083.88      4.09100      2477.15
Totals     77715.27      2558.78     68083.88      4.11200      3001.41


Request Latency Distribution
Type     <= msec         Percent
------------------------------------------------------------------------
SET       1.000     74.62288
SET       2.000     77.31412
SET       3.000     79.30871
SET       4.000     80.92459
SET       5.000     82.38220
SET       6.000     83.67660
SET       7.000     84.90529
SET       8.000     86.10289
SET       9.000     87.22630
SET      10.000     88.27977
SET      11.000     89.26681
SET      12.000     90.21288
SET      13.000     91.07770
SET      14.000     91.82664
SET      15.000     92.53814
SET      16.000     93.31817
SET      17.000     93.91732
SET      18.000     94.42815
SET      19.000     94.96584
SET      20.000     95.45830
SET      21.000     95.89990
SET      22.000     96.25741
SET      23.000     96.57889
SET      24.000     96.89472
SET      25.000     97.18652
SET      26.000     97.42957
SET      27.000     97.62600
SET      28.000     97.85138
SET      29.000     98.05699
SET      30.000     98.21738
SET      31.000     98.35869
SET      32.000     98.50494
SET      33.000     98.64625
SET      34.000     98.77838
SET      35.000     98.87164
SET      36.000     98.95219
SET      37.000     99.03909
SET      38.000     99.11964
SET      39.000     99.19100
SET      40.000     99.25247
SET      41.000     99.31253
SET      42.000     99.36552
SET      43.000     99.41710
SET      44.000     99.47009
SET      45.000     99.51884
SET      46.000     99.55134
SET      47.000     99.58172
SET      48.000     99.61776
SET      49.000     99.65026
SET      50.000     99.67004
SET      51.000     99.68488
SET      52.000     99.70042
SET      53.000     99.72021
SET      54.000     99.73646
SET      55.000     99.75977
SET      56.000     99.77390
SET      57.000     99.79439
SET      58.000     99.80782
SET      59.000     99.81488
SET      60.000     99.82478
SET      61.000     99.83820
SET      62.000     99.84527
SET      63.000     99.85304
SET      64.000     99.86081
SET      65.000     99.87282
SET      66.000     99.88201
SET      67.000     99.89048
SET      68.000     99.90038
SET      69.000     99.90462
SET      70.000     99.90744
SET      71.000     99.91168
SET      72.000     99.91663
SET      73.000     99.92369
SET      74.000     99.92723
SET      75.000     99.93146
SET      76.000     99.93500
SET      77.000     99.94065
SET      78.000     99.94348
SET      79.000     99.94913
SET      80.000     99.95195
SET      81.000     99.95549
SET      82.000     99.95619
SET      83.000     99.96114
SET      84.000     99.96397
SET      85.000     99.96750
SET      86.000     99.96962
SET      87.000     99.97032
SET      88.000     99.97244
SET      89.000     99.97456
SET      90.000     99.97527
SET      91.000     99.97739
SET      92.000     99.97880
SET      93.000     99.97951
SET      94.000     99.98092
SET      95.000     99.98375
SET      96.000     99.98446
SET      97.000     99.98516
SET      98.000     99.98658
SET      99.000     99.98728
SET     100.000     99.99011
SET     110.000     99.99364
SET     120.000     99.99576
SET     140.000     99.99717
SET     150.000     99.99859
SET     170.000    100.00000
---
GET       0.087      0.00007
GET       0.088      0.00014
GET       0.089      0.00021
GET       0.090      0.00028
GET       0.091      0.00035
GET       0.092      0.00042
GET       0.093      0.00050
GET       0.094      0.00064
GET       0.095      0.00078
GET       0.096      0.00085
GET       0.097      0.00099
GET       0.099      0.00113
GET       0.100      0.00170
GET       0.110      0.00233
GET       0.120      0.00340
GET       0.130      0.00622
GET       0.140      0.01210
GET       0.150      0.01726
GET       0.160      0.02101
GET       0.170      0.02511
GET       0.180      0.02914
GET       0.190      0.03657
GET       0.200      0.04386
GET       0.210      0.04980
GET       0.220      0.05518
GET       0.230      0.06267
GET       0.240      0.07180
GET       0.250      0.08241
GET       0.260      0.09373
GET       0.270      0.10420
GET       0.280      0.11849
GET       0.290      0.13553
GET       0.300      0.15732
GET       0.310      0.18328
GET       0.320      0.21901
GET       0.330      0.26315
GET       0.340      0.33693
GET       0.350      0.44501
GET       0.360      0.60248
GET       0.370      0.85452
GET       0.380      1.27209
GET       0.390      1.97317
GET       0.400      3.01996
GET       0.410      4.42432
GET       0.420      6.34812
GET       0.430      8.99663
GET       0.440     12.49011
GET       0.450     16.25338
GET       0.460     19.97237
GET       0.470     23.53361
GET       0.480     26.85322
GET       0.490     29.95615
GET       0.500     32.39789
GET       0.510     34.28865
GET       0.520     35.76362
GET       0.530     36.98123
GET       0.540     38.01196
GET       0.550     38.87136
GET       0.560     39.57471
GET       0.570     40.20166
GET       0.580     40.73524
GET       0.590     41.23592
GET       0.600     41.66870
GET       0.610     42.04708
GET       0.620     42.37226
GET       0.630     42.65812
GET       0.640     42.91157
GET       0.650     43.12980
GET       0.660     43.32129
GET       0.670     43.48703
GET       0.680     43.63742
GET       0.690     43.77734
GET       0.700     43.90417
GET       0.710     44.02839
GET       0.720     44.15649
GET       0.730     44.28920
GET       0.740     44.42509
GET       0.750     44.57074
GET       0.760     44.72685
GET       0.770     44.90625
GET       0.780     45.11252
GET       0.790     45.35027
GET       0.800     45.63110
GET       0.810     45.97355
GET       0.820     46.37272
GET       0.830     46.87227
GET       0.840     47.46895
GET       0.850     48.18673
GET       0.860     49.00850
GET       0.870     49.96658
GET       0.880     51.06358
GET       0.890     52.27533
GET       0.900     53.55293
GET       0.910     54.87001
GET       0.920     56.20130
GET       0.930     57.48966
GET       0.940     58.72482
GET       0.950     59.85557
GET       0.960     60.86097
GET       0.970     61.78997
GET       0.980     62.61556
GET       0.990     63.34961
GET       1.000     66.23559
GET       1.100     68.80600
GET       1.200     69.96123
GET       1.300     70.52975
GET       1.400     70.89356
GET       1.500     71.20403
GET       1.600     71.53996
GET       1.700     71.94232
GET       1.800     72.43353
GET       1.900     72.90776
GET       2.000     73.30665
GET       2.100     73.62618
GET       2.200     73.91040
GET       2.300     74.17150
GET       2.400     74.41059
GET       2.500     74.61969
GET       2.600     74.81981
GET       2.700     75.04709
GET       2.800     75.27423
GET       2.900     75.48312
GET       3.000     75.69421
GET       3.100     75.91880
GET       3.200     76.13151
GET       3.300     76.35285
GET       3.400     76.56280
GET       3.500     76.77813
GET       3.600     76.98999
GET       3.700     77.19230
GET       3.800     77.39978
GET       3.900     77.59339
GET       4.000     77.79152
GET       4.100     77.98825
GET       4.200     78.17047
GET       4.300     78.34293
GET       4.400     78.50980
GET       4.500     78.69719
GET       4.600     78.87488
GET       4.700     79.04819
GET       4.800     79.22256
GET       4.900     79.40506
GET       5.000     79.59712
GET       5.100     79.78415
GET       5.200     79.95732
GET       5.300     80.11690
GET       5.400     80.28116
GET       5.500     80.43904
GET       5.600     80.59106
GET       5.700     80.74527
GET       5.800     80.90549
GET       5.900     81.06395
GET       6.000     81.21943
GET       6.100     81.37342
GET       6.200     81.51929
GET       6.300     81.66586
GET       6.400     81.80182
GET       6.500     81.94357
GET       6.600     82.08739
GET       6.700     82.22214
GET       6.800     82.35506
GET       6.900     82.49059
GET       7.000     82.62188
GET       7.100     82.75989
GET       7.200     82.89578
GET       7.300     83.01696
GET       7.400     83.14478
GET       7.500     83.27098
GET       7.600     83.40312
GET       7.700     83.53561
GET       7.800     83.67114
GET       7.900     83.80661
GET       8.000     83.93719
GET       8.100     84.06883
GET       8.200     84.19517
GET       8.300     84.32540
GET       8.400     84.45676
GET       8.500     84.60835
GET       8.600     84.72472
GET       8.700     84.83931
GET       8.800     84.97089
GET       8.900     85.12085
GET       9.000     85.27825
GET       9.100     85.41809
GET       9.200     85.54882
GET       9.300     85.67608
GET       9.400     85.77978
GET       9.500     85.88914
GET       9.600     85.99122
GET       9.700     86.09980
GET       9.800     86.21234
GET       9.900     86.32142
GET      10.000     86.91789
GET      11.000     87.98964
GET      12.000     89.03317
GET      13.000     90.10330
GET      14.000     90.92443
GET      15.000     91.68642
GET      16.000     92.44608
GET      17.000     93.20545
GET      18.000     93.80227
GET      19.000     94.35113
GET      20.000     94.88117
GET      21.000     95.40725
GET      22.000     95.80239
GET      23.000     96.14618
GET      24.000     96.48926
GET      25.000     96.85017
GET      26.000     97.14232
GET      27.000     97.38460
GET      28.000     97.60707
GET      29.000     97.83619
GET      30.000     98.02025
GET      31.000     98.18549
GET      32.000     98.33850
GET      33.000     98.49978
GET      34.000     98.63150
GET      35.000     98.75586
GET      36.000     98.84640
GET      37.000     98.93553
GET      38.000     99.01363
GET      39.000     99.08026
GET      40.000     99.14619
GET      41.000     99.21127
GET      42.000     99.27592
GET      43.000     99.33874
GET      44.000     99.39066
GET      45.000     99.43975
GET      46.000     99.48220
GET      47.000     99.51742
GET      48.000     99.54692
GET      49.000     99.57663
GET      50.000     99.60995
GET      51.000     99.63457
GET      52.000     99.65841
GET      53.000     99.68161
GET      54.000     99.70205
GET      55.000     99.72051
GET      56.000     99.73940
GET      57.000     99.75376
GET      58.000     99.77137
GET      59.000     99.78149
GET      60.000     99.79359
GET      61.000     99.80639
GET      62.000     99.81834
GET      63.000     99.82825
GET      64.000     99.83751
GET      65.000     99.84791
GET      66.000     99.85951
GET      67.000     99.86913
GET      68.000     99.87819
GET      69.000     99.88505
GET      70.000     99.89248
GET      71.000     99.89927
GET      72.000     99.90365
GET      73.000     99.90917
GET      74.000     99.91434
GET      75.000     99.91830
GET      76.000     99.92176
GET      77.000     99.92763
GET      78.000     99.93237
GET      79.000     99.93726
GET      80.000     99.94164
GET      81.000     99.94581
GET      82.000     99.94864
GET      83.000     99.95147
GET      84.000     99.95423
GET      85.000     99.95671
GET      86.000     99.96003
GET      87.000     99.96131
GET      88.000     99.96307
GET      89.000     99.96534
GET      90.000     99.96682
GET      91.000     99.96979
GET      92.000     99.97298
GET      93.000     99.97524
GET      94.000     99.97751
GET      95.000     99.97906
GET      96.000     99.98033
GET      97.000     99.98111
GET      98.000     99.98196
GET      99.000     99.98288
GET     100.000     99.98904
GET     110.000     99.99385
GET     120.000     99.99660
GET     130.000     99.99745
GET     140.000     99.99830
GET     150.000     99.99866
GET     160.000     99.99972
GET     170.000     99.99993
GET     190.000    100.00000
