[RUN #1] Preparing benchmark client...
[RUN #1] Launching threads now...
[RUN #1 1%,   0 secs]  8 threads:       41824 ops,       0 (avg:       0) ops/sec, 0.00KB/sec (avg: 0.00KB/sec),  0.00 (avg:  0.00) msec latency[RUN #1 6%,   1 secs]  8 threads:      117377 ops,   75540 (avg:   91609) ops/sec, 2.85MB/sec (avg: 3.46MB/sec),  4.23 (avg:  3.45) msec latency[RUN #1 11%,   2 secs]  8 threads:      197248 ops,   79859 (avg:   86458) ops/sec, 3.01MB/sec (avg: 3.26MB/sec),  4.00 (avg:  3.67) msec latency[RUN #1 16%,   3 secs]  8 threads:      277556 ops,   80293 (avg:   84579) ops/sec, 3.03MB/sec (avg: 3.19MB/sec),  3.99 (avg:  3.76) msec latency[RUN #1 21%,   4 secs]  8 threads:      357560 ops,   79990 (avg:   83507) ops/sec, 3.02MB/sec (avg: 3.15MB/sec),  3.97 (avg:  3.81) msec latency[RUN #1 26%,   5 secs]  8 threads:      437676 ops,   80104 (avg:   82863) ops/sec, 3.02MB/sec (avg: 3.13MB/sec),  4.02 (avg:  3.85) msec latency[RUN #1 31%,   6 secs]  8 threads:      518368 ops,   80681 (avg:   82515) ops/sec, 3.04MB/sec (avg: 3.11MB/sec),  3.94 (avg:  3.86) msec latency[RUN #1 36%,   7 secs]  8 threads:      599647 ops,   81268 (avg:   82344) ops/sec, 3.06MB/sec (avg: 3.11MB/sec),  3.96 (avg:  3.88) msec latency[RUN #1 41%,   8 secs]  8 threads:      680541 ops,   80883 (avg:   82168) ops/sec, 3.05MB/sec (avg: 3.10MB/sec),  3.96 (avg:  3.89) msec latency[RUN #1 46%,   9 secs]  8 threads:      761137 ops,   80585 (avg:   81997) ops/sec, 3.04MB/sec (avg: 3.09MB/sec),  3.98 (avg:  3.90) msec latency[RUN #1 51%,  10 secs]  8 threads:      841821 ops,   80667 (avg:   81868) ops/sec, 3.04MB/sec (avg: 3.09MB/sec),  3.95 (avg:  3.90) msec latency[RUN #1 56%,  11 secs]  8 threads:      922888 ops,   81055 (avg:   81796) ops/sec, 3.06MB/sec (avg: 3.09MB/sec),  3.94 (avg:  3.90) msec latency[RUN #1 61%,  12 secs]  8 threads:     1003244 ops,   80344 (avg:   81677) ops/sec, 3.03MB/sec (avg: 3.08MB/sec),  3.96 (avg:  3.91) msec latency[RUN #1 66%,  13 secs]  8 threads:     1084288 ops,   81032 (avg:   81629) ops/sec, 3.06MB/sec (avg: 3.08MB/sec),  3.93 (avg:  3.91) msec latency[RUN #1 71%,  14 secs]  8 threads:     1165658 ops,   81358 (avg:   81610) ops/sec, 3.07MB/sec (avg: 3.08MB/sec),  3.95 (avg:  3.91) msec latency[RUN #1 76%,  15 secs]  8 threads:     1245328 ops,   79659 (avg:   81482) ops/sec, 3.00MB/sec (avg: 3.07MB/sec),  4.02 (avg:  3.92) msec latency[RUN #1 81%,  16 secs]  8 threads:     1327166 ops,   81827 (avg:   81503) ops/sec, 3.09MB/sec (avg: 3.07MB/sec),  3.92 (avg:  3.92) msec latency[RUN #1 86%,  17 secs]  8 threads:     1407007 ops,   79830 (avg:   81407) ops/sec, 3.01MB/sec (avg: 3.07MB/sec),  4.00 (avg:  3.92) msec latency[RUN #1 91%,  18 secs]  8 threads:     1487002 ops,   79984 (avg:   81329) ops/sec, 3.02MB/sec (avg: 3.07MB/sec),  4.00 (avg:  3.93) msec latency[RUN #1 96%,  19 secs]  8 threads:     1572817 ops,   85810 (avg:   81561) ops/sec, 3.24MB/sec (avg: 3.08MB/sec),  3.73 (avg:  3.92) msec latency[RUN #1 100%,  20 secs]  0 threads:     1691374 ops,   85810 (avg:   84539) ops/sec, 3.24MB/sec (avg: 3.19MB/sec),  3.73 (avg:  3.78) msec latency

8         Threads
40        Connections per thread
20        Seconds
Type        Ops/sec     Hits/sec   Misses/sec      Latency       KB/sec
------------------------------------------------------------------------
Sets        7695.21          ---          ---      4.30400       570.42
Gets       76872.54      3593.71     73278.83      3.72800      2695.60
Totals     84567.76      3593.71     73278.83      3.78100      3266.02


Request Latency Distribution
Type     <= msec         Percent
------------------------------------------------------------------------
SET       1.000     75.44800
SET       2.000     78.15680
SET       3.000     79.88902
SET       4.000     81.31522
SET       5.000     82.45098
SET       6.000     83.46978
SET       7.000     84.38073
SET       8.000     85.24684
SET       9.000     85.96026
SET      10.000     86.68993
SET      11.000     87.33578
SET      12.000     87.97318
SET      13.000     88.54950
SET      14.000     89.17911
SET      15.000     89.73074
SET      16.000     90.28108
SET      17.000     90.83661
SET      18.000     91.30508
SET      19.000     91.78590
SET      20.000     92.30179
SET      21.000     92.71373
SET      22.000     93.16661
SET      23.000     93.55451
SET      24.000     93.95865
SET      25.000     94.30107
SET      26.000     94.70196
SET      27.000     95.00344
SET      28.000     95.31467
SET      29.000     95.58302
SET      30.000     95.90529
SET      31.000     96.12881
SET      32.000     96.33867
SET      33.000     96.54594
SET      34.000     96.77076
SET      35.000     96.94099
SET      36.000     97.09433
SET      37.000     97.23857
SET      38.000     97.36268
SET      39.000     97.48678
SET      40.000     97.61218
SET      41.000     97.71289
SET      42.000     97.80515
SET      43.000     97.90846
SET      44.000     98.01242
SET      45.000     98.08909
SET      46.000     98.19695
SET      47.000     98.26128
SET      48.000     98.34509
SET      49.000     98.43086
SET      50.000     98.49389
SET      51.000     98.53937
SET      52.000     98.58745
SET      53.000     98.65177
SET      54.000     98.69011
SET      55.000     98.73429
SET      56.000     98.79017
SET      57.000     98.84410
SET      58.000     98.93961
SET      59.000     98.97340
SET      60.000     99.00719
SET      61.000     99.03967
SET      62.000     99.07671
SET      63.000     99.10855
SET      64.000     99.14168
SET      65.000     99.16767
SET      66.000     99.20276
SET      67.000     99.22810
SET      68.000     99.27358
SET      69.000     99.30607
SET      70.000     99.33596
SET      71.000     99.34895
SET      72.000     99.36260
SET      73.000     99.37949
SET      74.000     99.41133
SET      75.000     99.44512
SET      76.000     99.47630
SET      77.000     99.48800
SET      78.000     99.50099
SET      79.000     99.51399
SET      80.000     99.52439
SET      81.000     99.53478
SET      82.000     99.53868
SET      83.000     99.55102
SET      84.000     99.55687
SET      85.000     99.56597
SET      86.000     99.57442
SET      87.000     99.58156
SET      88.000     99.59521
SET      89.000     99.60300
SET      90.000     99.60495
SET      91.000     99.61275
SET      92.000     99.61730
SET      93.000     99.62445
SET      94.000     99.63224
SET      95.000     99.63809
SET      96.000     99.64069
SET      97.000     99.64264
SET      98.000     99.64524
SET      99.000     99.65368
SET     100.000     99.67773
SET     110.000     99.71671
SET     120.000     99.74595
SET     130.000     99.77064
SET     140.000     99.78558
SET     150.000     99.80962
SET     160.000     99.82197
SET     170.000     99.83691
SET     180.000     99.85446
SET     190.000     99.85900
SET     200.000     99.85965
SET     210.000     99.86095
SET     220.000     99.86355
SET     230.000     99.86810
SET     240.000     99.88110
SET     250.000     99.89409
SET     260.000     99.91748
SET     270.000     99.92528
SET     280.000     99.93892
SET     290.000     99.95127
SET     300.000     99.96946
SET     310.000     99.97596
SET     320.000     99.97726
SET     330.000     99.98311
SET     340.000     99.98571
SET     350.000     99.99415
SET     360.000     99.99870
SET     370.000    100.00000
---
GET       0.064      0.00007
GET       0.065      0.00013
GET       0.068      0.00026
GET       0.069      0.00039
GET       0.070      0.00046
GET       0.071      0.00052
GET       0.072      0.00065
GET       0.073      0.00078
GET       0.074      0.00104
GET       0.075      0.00143
GET       0.076      0.00163
GET       0.077      0.00189
GET       0.078      0.00215
GET       0.079      0.00254
GET       0.080      0.00332
GET       0.081      0.00410
GET       0.082      0.00481
GET       0.083      0.00572
GET       0.084      0.00663
GET       0.085      0.00807
GET       0.086      0.00930
GET       0.087      0.01158
GET       0.088      0.01398
GET       0.089      0.01737
GET       0.090      0.02192
GET       0.091      0.02589
GET       0.092      0.03070
GET       0.093      0.03714
GET       0.094      0.04527
GET       0.095      0.05379
GET       0.096      0.06179
GET       0.097      0.07174
GET       0.098      0.08091
GET       0.099      0.09249
GET       0.100      0.14543
GET       0.110      0.26745
GET       0.120      0.42362
GET       0.130      0.71494
GET       0.140      1.49102
GET       0.150      2.51303
GET       0.160      3.36469
GET       0.170      4.26376
GET       0.180      5.66796
GET       0.190      8.39855
GET       0.200     11.58066
GET       0.210     14.26748
GET       0.220     16.77401
GET       0.230     19.64880
GET       0.240     23.56908
GET       0.250     26.78703
GET       0.260     28.83260
GET       0.270     30.31055
GET       0.280     31.55793
GET       0.290     32.84237
GET       0.300     33.88071
GET       0.310     34.65893
GET       0.320     35.32243
GET       0.330     35.98872
GET       0.340     36.75153
GET       0.350     37.49600
GET       0.360     38.21582
GET       0.370     39.00693
GET       0.380     40.00526
GET       0.390     41.40346
GET       0.400     42.99647
GET       0.410     44.75111
GET       0.420     46.72253
GET       0.430     49.11666
GET       0.440     51.95659
GET       0.450     54.65291
GET       0.460     57.06278
GET       0.470     59.21658
GET       0.480     61.23145
GET       0.490     63.11273
GET       0.500     64.63809
GET       0.510     65.87331
GET       0.520     66.88874
GET       0.530     67.81019
GET       0.540     68.66562
GET       0.550     69.38824
GET       0.560     70.00796
GET       0.570     70.56518
GET       0.580     71.08304
GET       0.590     71.57007
GET       0.600     71.98856
GET       0.610     72.36164
GET       0.620     72.69062
GET       0.630     72.99794
GET       0.640     73.27886
GET       0.650     73.52934
GET       0.660     73.74423
GET       0.670     73.93539
GET       0.680     74.11263
GET       0.690     74.27472
GET       0.700     74.41625
GET       0.710     74.54419
GET       0.720     74.66946
GET       0.730     74.78595
GET       0.740     74.89606
GET       0.750     74.99408
GET       0.760     75.08729
GET       0.770     75.18478
GET       0.780     75.28020
GET       0.790     75.36280
GET       0.800     75.44697
GET       0.810     75.53269
GET       0.820     75.61829
GET       0.830     75.70831
GET       0.840     75.79455
GET       0.850     75.88386
GET       0.860     75.97062
GET       0.870     76.06292
GET       0.880     76.15768
GET       0.890     76.25050
GET       0.900     76.34266
GET       0.910     76.43340
GET       0.920     76.52699
GET       0.930     76.62000
GET       0.940     76.71347
GET       0.950     76.80355
GET       0.960     76.88817
GET       0.970     76.97689
GET       0.980     77.06482
GET       0.990     77.14873
GET       1.000     77.61300
GET       1.100     78.26621
GET       1.200     78.75370
GET       1.300     79.11365
GET       1.400     79.44393
GET       1.500     79.73389
GET       1.600     80.01129
GET       1.700     80.28531
GET       1.800     80.54730
GET       1.900     80.79030
GET       2.000     81.01112
GET       2.100     81.23115
GET       2.200     81.43200
GET       2.300     81.62654
GET       2.400     81.80996
GET       2.500     81.97725
GET       2.600     82.13108
GET       2.700     82.27352
GET       2.800     82.41550
GET       2.900     82.55515
GET       3.000     82.68556
GET       3.100     82.81076
GET       3.200     82.92999
GET       3.300     83.04407
GET       3.400     83.16108
GET       3.500     83.28284
GET       3.600     83.39959
GET       3.700     83.50509
GET       3.800     83.60896
GET       3.900     83.71856
GET       4.000     83.82230
GET       4.100     83.92532
GET       4.200     84.03407
GET       4.300     84.14699
GET       4.400     84.25489
GET       4.500     84.36605
GET       4.600     84.47155
GET       4.700     84.56970
GET       4.800     84.65965
GET       4.900     84.75077
GET       5.000     84.83708
GET       5.100     84.92261
GET       5.200     85.01374
GET       5.300     85.10323
GET       5.400     85.18903
GET       5.500     85.27501
GET       5.600     85.36750
GET       5.700     85.46012
GET       5.800     85.55137
GET       5.900     85.64035
GET       6.000     85.72068
GET       6.100     85.80822
GET       6.200     85.89759
GET       6.300     85.98013
GET       6.400     86.06449
GET       6.500     86.14111
GET       6.600     86.21897
GET       6.700     86.30326
GET       6.800     86.38294
GET       6.900     86.46255
GET       7.000     86.54359
GET       7.100     86.61592
GET       7.200     86.69058
GET       7.300     86.75888
GET       7.400     86.83537
GET       7.500     86.91830
GET       7.600     86.99225
GET       7.700     87.06406
GET       7.800     87.13352
GET       7.900     87.19720
GET       8.000     87.26790
GET       8.100     87.34192
GET       8.200     87.41470
GET       8.300     87.48872
GET       8.400     87.56904
GET       8.500     87.65464
GET       8.600     87.73516
GET       8.700     87.80742
GET       8.800     87.87877
GET       8.900     87.94557
GET       9.000     88.02063
GET       9.100     88.08788
GET       9.200     88.14948
GET       9.300     88.21549
GET       9.400     88.28034
GET       9.500     88.34057
GET       9.600     88.40249
GET       9.700     88.46682
GET       9.800     88.53283
GET       9.900     88.59690
GET      10.000     88.94344
GET      11.000     89.54918
GET      12.000     90.11075
GET      13.000     90.65483
GET      14.000     91.20391
GET      15.000     91.67508
GET      16.000     92.12478
GET      17.000     92.60394
GET      18.000     93.06451
GET      19.000     93.49092
GET      20.000     93.87630
GET      21.000     94.28008
GET      22.000     94.66610
GET      23.000     94.99307
GET      24.000     95.32081
GET      25.000     95.63314
GET      26.000     95.92863
GET      27.000     96.21865
GET      28.000     96.47641
GET      29.000     96.72448
GET      30.000     96.96182
GET      31.000     97.17471
GET      32.000     97.36873
GET      33.000     97.55305
GET      34.000     97.72613
GET      35.000     97.88360
GET      36.000     98.01811
GET      37.000     98.14845
GET      38.000     98.25954
GET      39.000     98.36497
GET      40.000     98.46605
GET      41.000     98.57317
GET      42.000     98.66391
GET      43.000     98.74840
GET      44.000     98.82489
GET      45.000     98.89663
GET      46.000     98.96089
GET      47.000     99.02417
GET      48.000     99.07523
GET      49.000     99.13149
GET      50.000     99.18665
GET      51.000     99.23394
GET      52.000     99.27524
GET      53.000     99.31621
GET      54.000     99.34906
GET      55.000     99.38321
GET      56.000     99.41963
GET      57.000     99.44981
GET      58.000     99.48214
GET      59.000     99.50698
GET      60.000     99.53443
GET      61.000     99.55862
GET      62.000     99.58002
GET      63.000     99.60032
GET      64.000     99.61541
GET      65.000     99.63576
GET      66.000     99.65638
GET      67.000     99.67739
GET      68.000     99.69138
GET      69.000     99.70692
GET      70.000     99.71973
GET      71.000     99.73138
GET      72.000     99.74204
GET      73.000     99.75252
GET      74.000     99.76526
GET      75.000     99.77665
GET      76.000     99.78783
GET      77.000     99.79739
GET      78.000     99.80520
GET      79.000     99.81131
GET      80.000     99.81736
GET      81.000     99.82367
GET      82.000     99.82855
GET      83.000     99.83733
GET      84.000     99.84422
GET      85.000     99.84988
GET      86.000     99.85431
GET      87.000     99.85912
GET      88.000     99.86432
GET      89.000     99.86862
GET      90.000     99.87343
GET      91.000     99.87857
GET      92.000     99.88286
GET      93.000     99.88696
GET      94.000     99.89320
GET      95.000     99.89671
GET      96.000     99.90003
GET      97.000     99.90309
GET      98.000     99.90738
GET      99.000     99.91128
GET     100.000     99.92572
GET     110.000     99.94712
GET     120.000     99.95980
GET     130.000     99.96963
GET     140.000     99.97815
GET     150.000     99.98459
GET     160.000     99.98875
GET     170.000     99.99219
GET     180.000     99.99460
GET     190.000     99.99571
GET     200.000     99.99662
GET     210.000     99.99740
GET     220.000     99.99785
GET     230.000     99.99876
GET     240.000     99.99909
GET     250.000     99.99954
GET     260.000     99.99974
GET     270.000     99.99993
GET     290.000    100.00000
