[RUN #1] Preparing benchmark client...
[RUN #1] Launching threads now...
[RUN #1 5%,   1 secs]  8 threads:       69689 ops,   69683 (avg:   69683) ops/sec, 2.63MB/sec (avg: 2.63MB/sec),  4.54 (avg:  4.54) msec latency[RUN #1 10%,   2 secs]  8 threads:      145041 ops,   75334 (avg:   72509) ops/sec, 2.84MB/sec (avg: 2.74MB/sec),  4.24 (avg:  4.38) msec latency[RUN #1 15%,   3 secs]  8 threads:      220002 ops,   74949 (avg:   73322) ops/sec, 2.83MB/sec (avg: 2.77MB/sec),  4.29 (avg:  4.35) msec latency[RUN #1 20%,   4 secs]  8 threads:      295988 ops,   75975 (avg:   73986) ops/sec, 2.87MB/sec (avg: 2.79MB/sec),  4.20 (avg:  4.31) msec latency[RUN #1 25%,   5 secs]  8 threads:      371535 ops,   75536 (avg:   74296) ops/sec, 2.85MB/sec (avg: 2.80MB/sec),  4.21 (avg:  4.29) msec latency[RUN #1 30%,   6 secs]  8 threads:      447476 ops,   75929 (avg:   74568) ops/sec, 2.86MB/sec (avg: 2.81MB/sec),  4.20 (avg:  4.27) msec latency[RUN #1 35%,   7 secs]  8 threads:      523207 ops,   75718 (avg:   74732) ops/sec, 2.86MB/sec (avg: 2.82MB/sec),  4.23 (avg:  4.27) msec latency[RUN #1 40%,   8 secs]  8 threads:      598455 ops,   75237 (avg:   74795) ops/sec, 2.84MB/sec (avg: 2.82MB/sec),  4.24 (avg:  4.26) msec latency[RUN #1 45%,   9 secs]  8 threads:      673746 ops,   75280 (avg:   74849) ops/sec, 2.84MB/sec (avg: 2.82MB/sec),  4.25 (avg:  4.26) msec latency[RUN #1 50%,  10 secs]  8 threads:      749485 ops,   75728 (avg:   74937) ops/sec, 2.85MB/sec (avg: 2.83MB/sec),  4.23 (avg:  4.26) msec latency[RUN #1 55%,  11 secs]  8 threads:      825424 ops,   75928 (avg:   75027) ops/sec, 2.86MB/sec (avg: 2.83MB/sec),  4.22 (avg:  4.26) msec latency[RUN #1 60%,  12 secs]  8 threads:      901761 ops,   76326 (avg:   75135) ops/sec, 2.88MB/sec (avg: 2.83MB/sec),  4.19 (avg:  4.25) msec latency[RUN #1 65%,  13 secs]  8 threads:      979400 ops,   77628 (avg:   75327) ops/sec, 2.93MB/sec (avg: 2.84MB/sec),  4.11 (avg:  4.24) msec latency[RUN #1 70%,  14 secs]  8 threads:     1056693 ops,   77282 (avg:   75467) ops/sec, 2.91MB/sec (avg: 2.85MB/sec),  4.13 (avg:  4.23) msec latency[RUN #1 75%,  15 secs]  8 threads:     1132619 ops,   75915 (avg:   75497) ops/sec, 2.86MB/sec (avg: 2.85MB/sec),  4.22 (avg:  4.23) msec latency[RUN #1 80%,  16 secs]  8 threads:     1209037 ops,   76407 (avg:   75553) ops/sec, 2.88MB/sec (avg: 2.85MB/sec),  4.21 (avg:  4.23) msec latency[RUN #1 85%,  17 secs]  8 threads:     1286982 ops,   77934 (avg:   75693) ops/sec, 2.94MB/sec (avg: 2.85MB/sec),  4.09 (avg:  4.22) msec latency[RUN #1 90%,  18 secs]  8 threads:     1365385 ops,   78392 (avg:   75843) ops/sec, 2.96MB/sec (avg: 2.86MB/sec),  4.06 (avg:  4.21) msec latency[RUN #1 95%,  19 secs]  8 threads:     1442223 ops,   76827 (avg:   75895) ops/sec, 2.90MB/sec (avg: 2.86MB/sec),  4.17 (avg:  4.21) msec latency[RUN #1 100%,  20 secs]  8 threads:     1519190 ops,   76827 (avg:   75950) ops/sec, 2.90MB/sec (avg: 2.86MB/sec),  4.17 (avg:  4.21) msec latency[RUN #1 100%,  20 secs]  0 threads:     1519437 ops,   76827 (avg:   75908) ops/sec, 2.90MB/sec (avg: 2.86MB/sec),  4.17 (avg:  4.21) msec latency

8         Threads
40        Connections per thread
20        Seconds
Type        Ops/sec     Hits/sec   Misses/sec      Latency       KB/sec
------------------------------------------------------------------------
Sets        6907.93          ---          ---      4.45100       512.05
Gets       68999.40      3057.90     65941.50      4.18700      2419.51
Totals     75907.33      3057.90     65941.50      4.21100      2931.56


Request Latency Distribution
Type     <= msec         Percent
------------------------------------------------------------------------
SET       1.000     71.77023
SET       2.000     75.23287
SET       3.000     77.20790
SET       4.000     78.86040
SET       5.000     80.43768
SET       6.000     81.81969
SET       7.000     83.07805
SET       8.000     84.30892
SET       9.000     85.34164
SET      10.000     86.35266
SET      11.000     87.23206
SET      12.000     88.10712
SET      13.000     88.93300
SET      14.000     89.71043
SET      15.000     90.43580
SET      16.000     91.14235
SET      17.000     91.75200
SET      18.000     92.32477
SET      19.000     92.89754
SET      20.000     93.45729
SET      21.000     93.91290
SET      22.000     94.36923
SET      23.000     94.79013
SET      24.000     95.20163
SET      25.000     95.55237
SET      26.000     95.87492
SET      27.000     96.16202
SET      28.000     96.45709
SET      29.000     96.76010
SET      30.000     96.99731
SET      31.000     97.21644
SET      32.000     97.39651
SET      33.000     97.58816
SET      34.000     97.77763
SET      35.000     97.94469
SET      36.000     98.08933
SET      37.000     98.22818
SET      38.000     98.37137
SET      39.000     98.48636
SET      40.000     98.59050
SET      41.000     98.68958
SET      42.000     98.77274
SET      43.000     98.85953
SET      44.000     98.93329
SET      45.000     99.00923
SET      46.000     99.06564
SET      47.000     99.11481
SET      48.000     99.16905
SET      49.000     99.21461
SET      50.000     99.26596
SET      51.000     99.32165
SET      52.000     99.36142
SET      53.000     99.40120
SET      54.000     99.43663
SET      55.000     99.47424
SET      56.000     99.50534
SET      57.000     99.53065
SET      58.000     99.55090
SET      59.000     99.56609
SET      60.000     99.58344
SET      61.000     99.60875
SET      62.000     99.62611
SET      63.000     99.64781
SET      64.000     99.66950
SET      65.000     99.69047
SET      66.000     99.70783
SET      67.000     99.72302
SET      68.000     99.73965
SET      69.000     99.75701
SET      70.000     99.77075
SET      71.000     99.78666
SET      72.000     99.80402
SET      73.000     99.81559
SET      74.000     99.82282
SET      75.000     99.83511
SET      76.000     99.84741
SET      77.000     99.85681
SET      78.000     99.86404
SET      79.000     99.87055
SET      80.000     99.87706
SET      81.000     99.88574
SET      82.000     99.89080
SET      83.000     99.89441
SET      84.000     99.89658
SET      85.000     99.90165
SET      86.000     99.90815
SET      87.000     99.91105
SET      88.000     99.91611
SET      89.000     99.91683
SET      90.000     99.91973
SET      91.000     99.92262
SET      92.000     99.92551
SET      93.000     99.93202
SET      94.000     99.93419
SET      95.000     99.93925
SET      96.000     99.94070
SET      97.000     99.94431
SET      98.000     99.94793
SET      99.000     99.95082
SET     100.000     99.96239
SET     110.000     99.98120
SET     120.000     99.98988
SET     130.000     99.99204
SET     140.000     99.99638
SET     150.000     99.99783
SET     160.000     99.99855
SET     180.000    100.00000
---
GET       0.095      0.00007
GET       0.096      0.00014
GET       0.099      0.00022
GET       0.100      0.00043
GET       0.110      0.00072
GET       0.120      0.00130
GET       0.130      0.00297
GET       0.140      0.00710
GET       0.150      0.01289
GET       0.160      0.01911
GET       0.170      0.02737
GET       0.180      0.04120
GET       0.190      0.06567
GET       0.200      0.09535
GET       0.210      0.13402
GET       0.220      0.18991
GET       0.230      0.29497
GET       0.240      0.51761
GET       0.250      0.87238
GET       0.260      1.41164
GET       0.270      2.27895
GET       0.280      3.76003
GET       0.290      6.32381
GET       0.300      9.46573
GET       0.310     12.73190
GET       0.320     16.06417
GET       0.330     19.60090
GET       0.340     23.53788
GET       0.350     26.66250
GET       0.360     28.90865
GET       0.370     30.56392
GET       0.380     31.90801
GET       0.390     33.12423
GET       0.400     34.06496
GET       0.410     34.80340
GET       0.420     35.41086
GET       0.430     35.97560
GET       0.440     36.50060
GET       0.450     36.94262
GET       0.460     37.30782
GET       0.470     37.61517
GET       0.480     37.90746
GET       0.490     38.17028
GET       0.500     38.42369
GET       0.510     38.66001
GET       0.520     38.90973
GET       0.530     39.19572
GET       0.540     39.56208
GET       0.550     39.98976
GET       0.560     40.51606
GET       0.570     41.19071
GET       0.580     42.09292
GET       0.590     43.25520
GET       0.600     44.66901
GET       0.610     46.29077
GET       0.620     48.13668
GET       0.630     50.23795
GET       0.640     52.46224
GET       0.650     54.56591
GET       0.660     56.50478
GET       0.670     58.29436
GET       0.680     59.90518
GET       0.690     61.30596
GET       0.700     62.51487
GET       0.710     63.52829
GET       0.720     64.41472
GET       0.730     65.19037
GET       0.740     65.89601
GET       0.750     66.50115
GET       0.760     67.04345
GET       0.770     67.52797
GET       0.780     67.96840
GET       0.790     68.37689
GET       0.800     68.74673
GET       0.810     69.08239
GET       0.820     69.38156
GET       0.830     69.65929
GET       0.840     69.90937
GET       0.850     70.14302
GET       0.860     70.34444
GET       0.870     70.53443
GET       0.880     70.70827
GET       0.890     70.86422
GET       0.900     71.00454
GET       0.910     71.12632
GET       0.920     71.23406
GET       0.930     71.33448
GET       0.940     71.42701
GET       0.950     71.51172
GET       0.960     71.58897
GET       0.970     71.66036
GET       0.980     71.72205
GET       0.990     71.78620
GET       1.000     72.08255
GET       1.100     72.53152
GET       1.200     73.07910
GET       1.300     73.76874
GET       1.400     74.39915
GET       1.500     74.90256
GET       1.600     75.28036
GET       1.700     75.57779
GET       1.800     75.84018
GET       1.900     76.08961
GET       2.000     76.33303
GET       2.100     76.58571
GET       2.200     76.81639
GET       2.300     77.05155
GET       2.400     77.27484
GET       2.500     77.48648
GET       2.600     77.69876
GET       2.700     77.91409
GET       2.800     78.11254
GET       2.900     78.31158
GET       3.000     78.50533
GET       3.100     78.67866
GET       3.200     78.83831
GET       3.300     79.00086
GET       3.400     79.15659
GET       3.500     79.29988
GET       3.600     79.44744
GET       3.700     79.59072
GET       3.800     79.72995
GET       3.900     79.86962
GET       4.000     80.00668
GET       4.100     80.13722
GET       4.200     80.26704
GET       4.300     80.40648
GET       4.400     80.53703
GET       4.500     80.65903
GET       4.600     80.79775
GET       4.700     80.94487
GET       4.800     81.08903
GET       4.900     81.22312
GET       5.000     81.35098
GET       5.100     81.47247
GET       5.200     81.58680
GET       5.300     81.69750
GET       5.400     81.80871
GET       5.500     81.93418
GET       5.600     82.04836
GET       5.700     82.16573
GET       5.800     82.27991
GET       5.900     82.39973
GET       6.000     82.51724
GET       6.100     82.63816
GET       6.200     82.75357
GET       6.300     82.86456
GET       6.400     82.97070
GET       6.500     83.07294
GET       6.600     83.18169
GET       6.700     83.29333
GET       6.800     83.39513
GET       6.900     83.50236
GET       7.000     83.60293
GET       7.100     83.70567
GET       7.200     83.81536
GET       7.300     83.91346
GET       7.400     84.01504
GET       7.500     84.12379
GET       7.600     84.22747
GET       7.700     84.32782
GET       7.800     84.43013
GET       7.900     84.53178
GET       8.000     84.62518
GET       8.100     84.71511
GET       8.200     84.80858
GET       8.300     84.91443
GET       8.400     85.01435
GET       8.500     85.10521
GET       8.600     85.21135
GET       8.700     85.33154
GET       8.800     85.44862
GET       8.900     85.54825
GET       9.000     85.63274
GET       9.100     85.71760
GET       9.200     85.80245
GET       9.300     85.89534
GET       9.400     85.98990
GET       9.500     86.07686
GET       9.600     86.16135
GET       9.700     86.24353
GET       9.800     86.32817
GET       9.900     86.41397
GET      10.000     86.90804
GET      11.000     87.77804
GET      12.000     88.52118
GET      13.000     89.33969
GET      14.000     90.04461
GET      15.000     90.76610
GET      16.000     91.41997
GET      17.000     92.03373
GET      18.000     92.59290
GET      19.000     93.14656
GET      20.000     93.65403
GET      21.000     94.15528
GET      22.000     94.57297
GET      23.000     95.02853
GET      24.000     95.40763
GET      25.000     95.76617
GET      26.000     96.06729
GET      27.000     96.34271
GET      28.000     96.59294
GET      29.000     96.87176
GET      30.000     97.10519
GET      31.000     97.32175
GET      32.000     97.51716
GET      33.000     97.70845
GET      34.000     97.87063
GET      35.000     98.04592
GET      36.000     98.18066
GET      37.000     98.31207
GET      38.000     98.43516
GET      39.000     98.54550
GET      40.000     98.65570
GET      41.000     98.74562
GET      42.000     98.83837
GET      43.000     98.91417
GET      44.000     98.98057
GET      45.000     99.05326
GET      46.000     99.11502
GET      47.000     99.16860
GET      48.000     99.21580
GET      49.000     99.26953
GET      50.000     99.31724
GET      51.000     99.36076
GET      52.000     99.40622
GET      53.000     99.44539
GET      54.000     99.47848
GET      55.000     99.51070
GET      56.000     99.53937
GET      57.000     99.56833
GET      58.000     99.59396
GET      59.000     99.61221
GET      60.000     99.63219
GET      61.000     99.65080
GET      62.000     99.66963
GET      63.000     99.68534
GET      64.000     99.70242
GET      65.000     99.71589
GET      66.000     99.72950
GET      67.000     99.74116
GET      68.000     99.75615
GET      69.000     99.76911
GET      70.000     99.78279
GET      71.000     99.79409
GET      72.000     99.80444
GET      73.000     99.81407
GET      74.000     99.82341
GET      75.000     99.83166
GET      76.000     99.83963
GET      77.000     99.84723
GET      78.000     99.85425
GET      79.000     99.86033
GET      80.000     99.86634
GET      81.000     99.87206
GET      82.000     99.87815
GET      83.000     99.88220
GET      84.000     99.88930
GET      85.000     99.89357
GET      86.000     99.89965
GET      87.000     99.90443
GET      88.000     99.90834
GET      89.000     99.91304
GET      90.000     99.91681
GET      91.000     99.92144
GET      92.000     99.92680
GET      93.000     99.93078
GET      94.000     99.93419
GET      95.000     99.93730
GET      96.000     99.94085
GET      97.000     99.94367
GET      98.000     99.94671
GET      99.000     99.94888
GET     100.000     99.95902
GET     110.000     99.97596
GET     120.000     99.98639
GET     130.000     99.99160
GET     140.000     99.99522
GET     150.000     99.99739
GET     160.000     99.99826
GET     170.000     99.99899
GET     180.000     99.99957
GET     190.000     99.99971
GET     210.000     99.99993
GET     220.000    100.00000
