[RUN #1] Preparing benchmark client...
[RUN #1] Launching threads now...
[RUN #1 5%,   0 secs]  8 threads:       71879 ops,       0 (avg:       0) ops/sec, 0.00KB/sec (avg: 0.00KB/sec),  0.00 (avg:  0.00) msec latency[RUN #1 10%,   1 secs]  8 threads:      149902 ops,   78001 (avg:   75822) ops/sec, 2.94MB/sec (avg: 2.86MB/sec),  4.10 (avg:  4.19) msec latency[RUN #1 15%,   2 secs]  8 threads:      227259 ops,   77345 (avg:   76334) ops/sec, 2.92MB/sec (avg: 2.88MB/sec),  4.14 (avg:  4.17) msec latency[RUN #1 20%,   3 secs]  8 threads:      304801 ops,   77531 (avg:   76635) ops/sec, 2.92MB/sec (avg: 2.89MB/sec),  4.12 (avg:  4.16) msec latency[RUN #1 25%,   4 secs]  8 threads:      383439 ops,   78626 (avg:   77035) ops/sec, 2.97MB/sec (avg: 2.91MB/sec),  4.05 (avg:  4.14) msec latency[RUN #1 30%,   5 secs]  8 threads:      461644 ops,   78194 (avg:   77229) ops/sec, 2.95MB/sec (avg: 2.91MB/sec),  4.06 (avg:  4.12) msec latency[RUN #1 35%,   6 secs]  8 threads:      540605 ops,   78949 (avg:   77475) ops/sec, 2.98MB/sec (avg: 2.92MB/sec),  4.08 (avg:  4.12) msec latency[RUN #1 40%,   7 secs]  8 threads:      618522 ops,   77905 (avg:   77529) ops/sec, 2.94MB/sec (avg: 2.92MB/sec),  4.10 (avg:  4.11) msec latency[RUN #1 45%,   8 secs]  8 threads:      696991 ops,   78457 (avg:   77633) ops/sec, 2.96MB/sec (avg: 2.93MB/sec),  4.08 (avg:  4.11) msec latency[RUN #1 50%,   9 secs]  8 threads:      775829 ops,   78825 (avg:   77752) ops/sec, 2.97MB/sec (avg: 2.93MB/sec),  4.09 (avg:  4.11) msec latency[RUN #1 55%,  10 secs]  8 threads:      855852 ops,   80008 (avg:   77958) ops/sec, 3.02MB/sec (avg: 2.94MB/sec),  3.99 (avg:  4.10) msec latency[RUN #1 60%,  11 secs]  8 threads:      934971 ops,   79107 (avg:   78054) ops/sec, 2.98MB/sec (avg: 2.94MB/sec),  4.02 (avg:  4.09) msec latency[RUN #1 65%,  12 secs]  8 threads:     1014737 ops,   79754 (avg:   78185) ops/sec, 3.01MB/sec (avg: 2.95MB/sec),  4.02 (avg:  4.09) msec latency[RUN #1 70%,  13 secs]  8 threads:     1093943 ops,   79197 (avg:   78257) ops/sec, 2.99MB/sec (avg: 2.95MB/sec),  4.02 (avg:  4.08) msec latency[RUN #1 75%,  14 secs]  8 threads:     1172255 ops,   78300 (avg:   78260) ops/sec, 2.95MB/sec (avg: 2.95MB/sec),  4.09 (avg:  4.08) msec latency[RUN #1 80%,  15 secs]  8 threads:     1250491 ops,   78222 (avg:   78258) ops/sec, 2.95MB/sec (avg: 2.95MB/sec),  4.09 (avg:  4.08) msec latency[RUN #1 85%,  16 secs]  8 threads:     1329938 ops,   79434 (avg:   78327) ops/sec, 3.00MB/sec (avg: 2.95MB/sec),  4.03 (avg:  4.08) msec latency[RUN #1 90%,  17 secs]  8 threads:     1409243 ops,   79292 (avg:   78381) ops/sec, 2.99MB/sec (avg: 2.96MB/sec),  4.03 (avg:  4.08) msec latency[RUN #1 95%,  18 secs]  8 threads:     1488889 ops,   79633 (avg:   78447) ops/sec, 3.00MB/sec (avg: 2.96MB/sec),  4.00 (avg:  4.07) msec latency[RUN #1 100%,  19 secs]  8 threads:     1573063 ops,   79633 (avg:   78735) ops/sec, 3.00MB/sec (avg: 2.97MB/sec),  4.00 (avg:  4.06) msec latency[RUN #1 100%,  20 secs]  0 threads:     1604935 ops,   79633 (avg:   80222) ops/sec, 3.00MB/sec (avg: 3.03MB/sec),  4.00 (avg:  3.98) msec latency

8         Threads
40        Connections per thread
20        Seconds
Type        Ops/sec     Hits/sec   Misses/sec      Latency       KB/sec
------------------------------------------------------------------------
Sets        7299.78          ---          ---      4.29100       541.10
Gets       72916.52      3315.94     69600.58      3.95400      2556.87
Totals     80216.30      3315.94     69600.58      3.98400      3097.97


Request Latency Distribution
Type     <= msec         Percent
------------------------------------------------------------------------
SET       1.000     72.83209
SET       2.000     76.26172
SET       3.000     78.22884
SET       4.000     79.72421
SET       5.000     81.12098
SET       6.000     82.25757
SET       7.000     83.31473
SET       8.000     84.44447
SET       9.000     85.32841
SET      10.000     86.30821
SET      11.000     87.20036
SET      12.000     88.09799
SET      13.000     88.95112
SET      14.000     89.66936
SET      15.000     90.41499
SET      16.000     91.09489
SET      17.000     91.68099
SET      18.000     92.28078
SET      19.000     92.85318
SET      20.000     93.38998
SET      21.000     93.85283
SET      22.000     94.27186
SET      23.000     94.71281
SET      24.000     95.11472
SET      25.000     95.45159
SET      26.000     95.74532
SET      27.000     96.01372
SET      28.000     96.30266
SET      29.000     96.55737
SET      30.000     96.80317
SET      31.000     97.02980
SET      32.000     97.25986
SET      33.000     97.42693
SET      34.000     97.61385
SET      35.000     97.77886
SET      36.000     97.93497
SET      37.000     98.04041
SET      38.000     98.16366
SET      39.000     98.29375
SET      40.000     98.40056
SET      41.000     98.50463
SET      42.000     98.60802
SET      43.000     98.67854
SET      44.000     98.74838
SET      45.000     98.81548
SET      46.000     98.87779
SET      47.000     98.92983
SET      48.000     98.99830
SET      49.000     99.05170
SET      50.000     99.09484
SET      51.000     99.12839
SET      52.000     99.18522
SET      53.000     99.21945
SET      54.000     99.25300
SET      55.000     99.28244
SET      56.000     99.30983
SET      57.000     99.33379
SET      58.000     99.35776
SET      59.000     99.37419
SET      60.000     99.40089
SET      61.000     99.42623
SET      62.000     99.44677
SET      63.000     99.46868
SET      64.000     99.48648
SET      65.000     99.50634
SET      66.000     99.51866
SET      67.000     99.53236
SET      68.000     99.54742
SET      69.000     99.56111
SET      70.000     99.57412
SET      71.000     99.58645
SET      72.000     99.59603
SET      73.000     99.60493
SET      74.000     99.61315
SET      75.000     99.61794
SET      76.000     99.63164
SET      77.000     99.63574
SET      78.000     99.64533
SET      79.000     99.65492
SET      80.000     99.66382
SET      81.000     99.67477
SET      82.000     99.68230
SET      83.000     99.68641
SET      84.000     99.69257
SET      85.000     99.69942
SET      86.000     99.70216
SET      87.000     99.70969
SET      88.000     99.71722
SET      89.000     99.72544
SET      90.000     99.73297
SET      91.000     99.74256
SET      92.000     99.74529
SET      93.000     99.75077
SET      94.000     99.75351
SET      95.000     99.75762
SET      96.000     99.76173
SET      97.000     99.76378
SET      98.000     99.76857
SET      99.000     99.77747
SET     100.000     99.80212
SET     110.000     99.86785
SET     120.000     99.88703
SET     130.000     99.89730
SET     140.000     99.91099
SET     150.000     99.92126
SET     160.000     99.92605
SET     170.000     99.93153
SET     180.000     99.94454
SET     190.000     99.95276
SET     200.000     99.96850
SET     210.000     99.96919
SET     220.000     99.97946
SET     230.000     99.98699
SET     240.000     99.99110
SET     250.000    100.00000
---
GET       0.059      0.00007
GET       0.060      0.00014
GET       0.061      0.00021
GET       0.062      0.00027
GET       0.063      0.00041
GET       0.064      0.00069
GET       0.065      0.00110
GET       0.066      0.00158
GET       0.067      0.00199
GET       0.068      0.00254
GET       0.069      0.00336
GET       0.070      0.00432
GET       0.071      0.00521
GET       0.072      0.00617
GET       0.073      0.00761
GET       0.074      0.00884
GET       0.075      0.01021
GET       0.076      0.01165
GET       0.077      0.01343
GET       0.078      0.01522
GET       0.079      0.01748
GET       0.080      0.02036
GET       0.081      0.02283
GET       0.082      0.02605
GET       0.083      0.02941
GET       0.084      0.03441
GET       0.085      0.03893
GET       0.086      0.04318
GET       0.087      0.04743
GET       0.088      0.05381
GET       0.089      0.05950
GET       0.090      0.06526
GET       0.091      0.07211
GET       0.092      0.08013
GET       0.093      0.08870
GET       0.094      0.09912
GET       0.095      0.10933
GET       0.096      0.12043
GET       0.097      0.13092
GET       0.098      0.14107
GET       0.099      0.15306
GET       0.100      0.22709
GET       0.110      0.37762
GET       0.120      0.55152
GET       0.130      0.74386
GET       0.140      0.97362
GET       0.150      1.19749
GET       0.160      1.35473
GET       0.170      1.47428
GET       0.180      1.58381
GET       0.190      1.69575
GET       0.200      1.81762
GET       0.210      1.94073
GET       0.220      2.06966
GET       0.230      2.24192
GET       0.240      2.53461
GET       0.250      2.96624
GET       0.260      3.57396
GET       0.270      4.52037
GET       0.280      6.08979
GET       0.290      8.85170
GET       0.300     12.20015
GET       0.310     15.64120
GET       0.320     19.16828
GET       0.330     22.86350
GET       0.340     27.10161
GET       0.350     30.41133
GET       0.360     32.79253
GET       0.370     34.55511
GET       0.380     35.97928
GET       0.390     37.25121
GET       0.400     38.23889
GET       0.410     39.01489
GET       0.420     39.65216
GET       0.430     40.22746
GET       0.440     40.76938
GET       0.450     41.22411
GET       0.460     41.60502
GET       0.470     41.92691
GET       0.480     42.22714
GET       0.490     42.50660
GET       0.500     42.77009
GET       0.510     43.01987
GET       0.520     43.27376
GET       0.530     43.57194
GET       0.540     43.92968
GET       0.550     44.34890
GET       0.560     44.85641
GET       0.570     45.49238
GET       0.580     46.33521
GET       0.590     47.42797
GET       0.600     48.71594
GET       0.610     50.21558
GET       0.620     51.88699
GET       0.630     53.78015
GET       0.640     55.78326
GET       0.650     57.70356
GET       0.660     59.45606
GET       0.670     61.02843
GET       0.680     62.48653
GET       0.690     63.76977
GET       0.700     64.86828
GET       0.710     65.80009
GET       0.720     66.61249
GET       0.730     67.33174
GET       0.740     67.97559
GET       0.750     68.54781
GET       0.760     69.05361
GET       0.770     69.51142
GET       0.780     69.93106
GET       0.790     70.31944
GET       0.800     70.66168
GET       0.810     70.96452
GET       0.820     71.25275
GET       0.830     71.51028
GET       0.840     71.74978
GET       0.850     71.96713
GET       0.860     72.15666
GET       0.870     72.33399
GET       0.880     72.49445
GET       0.890     72.64546
GET       0.900     72.77439
GET       0.910     72.89065
GET       0.920     72.99518
GET       0.930     73.09128
GET       0.940     73.17895
GET       0.950     73.26025
GET       0.960     73.33421
GET       0.970     73.39932
GET       0.980     73.46629
GET       0.990     73.51859
GET       1.000     73.79655
GET       1.100     74.22818
GET       1.200     74.72109
GET       1.300     75.32004
GET       1.400     75.87457
GET       1.500     76.32149
GET       1.600     76.65620
GET       1.700     76.92777
GET       1.800     77.17906
GET       1.900     77.41465
GET       2.000     77.64613
GET       2.100     77.88296
GET       2.200     78.10086
GET       2.300     78.32556
GET       2.400     78.53887
GET       2.500     78.74300
GET       2.600     78.95247
GET       2.700     79.14940
GET       2.800     79.34113
GET       2.900     79.52791
GET       3.000     79.70668
GET       3.100     79.87229
GET       3.200     80.02562
GET       3.300     80.18314
GET       3.400     80.33202
GET       3.500     80.47124
GET       3.600     80.61415
GET       3.700     80.74556
GET       3.800     80.87518
GET       3.900     81.00466
GET       4.000     81.13181
GET       4.100     81.25574
GET       4.200     81.38049
GET       4.300     81.51354
GET       4.400     81.63500
GET       4.500     81.75530
GET       4.600     81.87498
GET       4.700     82.01447
GET       4.800     82.15732
GET       4.900     82.28536
GET       5.000     82.40066
GET       5.100     82.51643
GET       5.200     82.62802
GET       5.300     82.72735
GET       5.400     82.83654
GET       5.500     82.94731
GET       5.600     83.05684
GET       5.700     83.16768
GET       5.800     83.27036
GET       5.900     83.38291
GET       6.000     83.49910
GET       6.100     83.60980
GET       6.200     83.72132
GET       6.300     83.82174
GET       6.400     83.92456
GET       6.500     84.02224
GET       6.600     84.11724
GET       6.700     84.22411
GET       6.800     84.32110
GET       6.900     84.42350
GET       7.000     84.51933
GET       7.100     84.61913
GET       7.200     84.71983
GET       7.300     84.81744
GET       7.400     84.91833
GET       7.500     85.01841
GET       7.600     85.10903
GET       7.700     85.20623
GET       7.800     85.30150
GET       7.900     85.39479
GET       8.000     85.48281
GET       8.100     85.57048
GET       8.200     85.65911
GET       8.300     85.75747
GET       8.400     85.85412
GET       8.500     85.93884
GET       8.600     86.03734
GET       8.700     86.14393
GET       8.800     86.25847
GET       8.900     86.34998
GET       9.000     86.43415
GET       9.100     86.51531
GET       9.200     86.59194
GET       9.300     86.67680
GET       9.400     86.76392
GET       9.500     86.84234
GET       9.600     86.92110
GET       9.700     86.99712
GET       9.800     87.08273
GET       9.900     87.15765
GET      10.000     87.61684
GET      11.000     88.44644
GET      12.000     89.16268
GET      13.000     89.93511
GET      14.000     90.59761
GET      15.000     91.28251
GET      16.000     91.90703
GET      17.000     92.49755
GET      18.000     93.01843
GET      19.000     93.54555
GET      20.000     94.01947
GET      21.000     94.49538
GET      22.000     94.89761
GET      23.000     95.31203
GET      24.000     95.67471
GET      25.000     96.01442
GET      26.000     96.30108
GET      27.000     96.56696
GET      28.000     96.80338
GET      29.000     97.06591
GET      30.000     97.29108
GET      31.000     97.49994
GET      32.000     97.68220
GET      33.000     97.85850
GET      34.000     98.01506
GET      35.000     98.18094
GET      36.000     98.31179
GET      37.000     98.43223
GET      38.000     98.54574
GET      39.000     98.64965
GET      40.000     98.74966
GET      41.000     98.83466
GET      42.000     98.92013
GET      43.000     98.99026
GET      44.000     99.05174
GET      45.000     99.11864
GET      46.000     99.17499
GET      47.000     99.22749
GET      48.000     99.27211
GET      49.000     99.32243
GET      50.000     99.36527
GET      51.000     99.40845
GET      52.000     99.44951
GET      53.000     99.48886
GET      54.000     99.51758
GET      55.000     99.54753
GET      56.000     99.57385
GET      57.000     99.60113
GET      58.000     99.62245
GET      59.000     99.64068
GET      60.000     99.65857
GET      61.000     99.67605
GET      62.000     99.69250
GET      63.000     99.70793
GET      64.000     99.72424
GET      65.000     99.73754
GET      66.000     99.74933
GET      67.000     99.76036
GET      68.000     99.77476
GET      69.000     99.78593
GET      70.000     99.79992
GET      71.000     99.80896
GET      72.000     99.82014
GET      73.000     99.82809
GET      74.000     99.83576
GET      75.000     99.84365
GET      76.000     99.85030
GET      77.000     99.85866
GET      78.000     99.86421
GET      79.000     99.86867
GET      80.000     99.87710
GET      81.000     99.88361
GET      82.000     99.88909
GET      83.000     99.89410
GET      84.000     99.89910
GET      85.000     99.90273
GET      86.000     99.90842
GET      87.000     99.91377
GET      88.000     99.91754
GET      89.000     99.92138
GET      90.000     99.92522
GET      91.000     99.93022
GET      92.000     99.93351
GET      93.000     99.93701
GET      94.000     99.93968
GET      95.000     99.94249
GET      96.000     99.94537
GET      97.000     99.94880
GET      98.000     99.95264
GET      99.000     99.95572
GET     100.000     99.96511
GET     110.000     99.98204
GET     120.000     99.99075
GET     130.000     99.99465
GET     140.000     99.99712
GET     150.000     99.99849
GET     160.000     99.99925
GET     170.000     99.99945
GET     180.000     99.99986
GET     210.000    100.00000
