[RUN #1] Preparing benchmark client...
[RUN #1] Launching threads now...
[RUN #1 4%,   0 secs]  8 threads:       65554 ops,       0 (avg:       0) ops/sec, 0.00KB/sec (avg: 0.00KB/sec),  0.00 (avg:  0.00) msec latency[RUN #1 9%,   1 secs]  8 threads:      142431 ops,   76865 (avg:   75189) ops/sec, 2.90MB/sec (avg: 2.84MB/sec),  4.18 (avg:  4.23) msec latency[RUN #1 14%,   2 secs]  8 threads:      220540 ops,   78097 (avg:   76194) ops/sec, 2.95MB/sec (avg: 2.88MB/sec),  4.08 (avg:  4.17) msec latency[RUN #1 19%,   3 secs]  8 threads:      298681 ops,   78130 (avg:   76691) ops/sec, 2.95MB/sec (avg: 2.89MB/sec),  4.11 (avg:  4.16) msec latency[RUN #1 24%,   4 secs]  8 threads:      377530 ops,   78838 (avg:   77129) ops/sec, 2.97MB/sec (avg: 2.91MB/sec),  4.04 (avg:  4.13) msec latency[RUN #1 29%,   5 secs]  8 threads:      457468 ops,   79926 (avg:   77604) ops/sec, 3.01MB/sec (avg: 2.93MB/sec),  3.98 (avg:  4.11) msec latency[RUN #1 34%,   6 secs]  8 threads:      535906 ops,   78425 (avg:   77723) ops/sec, 2.96MB/sec (avg: 2.93MB/sec),  4.09 (avg:  4.10) msec latency[RUN #1 39%,   7 secs]  8 threads:      614446 ops,   78528 (avg:   77825) ops/sec, 2.96MB/sec (avg: 2.94MB/sec),  4.06 (avg:  4.10) msec latency[RUN #1 44%,   8 secs]  8 threads:      693617 ops,   79158 (avg:   77975) ops/sec, 2.98MB/sec (avg: 2.94MB/sec),  4.06 (avg:  4.09) msec latency[RUN #1 49%,   9 secs]  8 threads:      772665 ops,   79035 (avg:   78082) ops/sec, 2.98MB/sec (avg: 2.95MB/sec),  4.06 (avg:  4.09) msec latency[RUN #1 54%,  10 secs]  8 threads:      852713 ops,   80036 (avg:   78261) ops/sec, 3.02MB/sec (avg: 2.95MB/sec),  3.98 (avg:  4.08) msec latency[RUN #1 59%,  11 secs]  8 threads:      931870 ops,   79144 (avg:   78336) ops/sec, 2.98MB/sec (avg: 2.95MB/sec),  4.04 (avg:  4.08) msec latency[RUN #1 64%,  12 secs]  8 threads:     1012091 ops,   80209 (avg:   78481) ops/sec, 3.02MB/sec (avg: 2.96MB/sec),  3.99 (avg:  4.07) msec latency[RUN #1 69%,  13 secs]  8 threads:     1091140 ops,   79037 (avg:   78521) ops/sec, 2.98MB/sec (avg: 2.96MB/sec),  4.04 (avg:  4.07) msec latency[RUN #1 74%,  14 secs]  8 threads:     1168719 ops,   77567 (avg:   78457) ops/sec, 2.92MB/sec (avg: 2.96MB/sec),  4.12 (avg:  4.07) msec latency[RUN #1 79%,  15 secs]  8 threads:     1247774 ops,   79043 (avg:   78494) ops/sec, 2.98MB/sec (avg: 2.96MB/sec),  4.04 (avg:  4.07) msec latency[RUN #1 84%,  16 secs]  8 threads:     1326688 ops,   78900 (avg:   78518) ops/sec, 2.98MB/sec (avg: 2.96MB/sec),  4.03 (avg:  4.07) msec latency[RUN #1 89%,  17 secs]  8 threads:     1405879 ops,   79179 (avg:   78555) ops/sec, 2.99MB/sec (avg: 2.96MB/sec),  4.07 (avg:  4.07) msec latency[RUN #1 94%,  18 secs]  8 threads:     1484790 ops,   78899 (avg:   78573) ops/sec, 2.98MB/sec (avg: 2.96MB/sec),  4.05 (avg:  4.07) msec latency[RUN #1 99%,  19 secs]  8 threads:     1567265 ops,   78899 (avg:   78771) ops/sec, 2.98MB/sec (avg: 2.97MB/sec),  4.05 (avg:  4.05) msec latency[RUN #1 100%,  20 secs]  0 threads:     1677274 ops,   78899 (avg:   83832) ops/sec, 2.98MB/sec (avg: 3.16MB/sec),  4.05 (avg:  3.81) msec latency

8         Threads
40        Connections per thread
20        Seconds
Type        Ops/sec     Hits/sec   Misses/sec      Latency       KB/sec
------------------------------------------------------------------------
Sets        7628.36          ---          ---      4.14400       565.46
Gets       76201.93      3604.81     72597.12      3.77900      2672.08
Totals     83830.29      3604.81     72597.12      3.81300      3237.53


Request Latency Distribution
Type     <= msec         Percent
------------------------------------------------------------------------
SET       1.000     73.84097
SET       2.000     77.24402
SET       3.000     79.19058
SET       4.000     80.64837
SET       5.000     82.01641
SET       6.000     83.17281
SET       7.000     84.17197
SET       8.000     85.30545
SET       9.000     86.16440
SET      10.000     87.06725
SET      11.000     87.89737
SET      12.000     88.73798
SET      13.000     89.46458
SET      14.000     90.16236
SET      15.000     90.82541
SET      16.000     91.48321
SET      17.000     92.03685
SET      18.000     92.63110
SET      19.000     93.13429
SET      20.000     93.64271
SET      21.000     94.08955
SET      22.000     94.49904
SET      23.000     94.91836
SET      24.000     95.26758
SET      25.000     95.58600
SET      26.000     95.91294
SET      27.000     96.16519
SET      28.000     96.45674
SET      29.000     96.69654
SET      30.000     96.95403
SET      31.000     97.15124
SET      32.000     97.33142
SET      33.000     97.51946
SET      34.000     97.67343
SET      35.000     97.84247
SET      36.000     97.97219
SET      37.000     98.10978
SET      38.000     98.23230
SET      39.000     98.33386
SET      40.000     98.43803
SET      41.000     98.52714
SET      42.000     98.60379
SET      43.000     98.68897
SET      44.000     98.75907
SET      45.000     98.82066
SET      46.000     98.87963
SET      47.000     98.93073
SET      48.000     98.99429
SET      49.000     99.04408
SET      50.000     99.07946
SET      51.000     99.12598
SET      52.000     99.16267
SET      53.000     99.21509
SET      54.000     99.24522
SET      55.000     99.29371
SET      56.000     99.31992
SET      57.000     99.34612
SET      58.000     99.36381
SET      59.000     99.38281
SET      60.000     99.40312
SET      61.000     99.42278
SET      62.000     99.43981
SET      63.000     99.46799
SET      64.000     99.48764
SET      65.000     99.50468
SET      66.000     99.52106
SET      67.000     99.53744
SET      68.000     99.55251
SET      69.000     99.57085
SET      70.000     99.58527
SET      71.000     99.60165
SET      72.000     99.61540
SET      73.000     99.62982
SET      74.000     99.64947
SET      75.000     99.65734
SET      76.000     99.66913
SET      77.000     99.67961
SET      78.000     99.68354
SET      79.000     99.69534
SET      80.000     99.70582
SET      81.000     99.71041
SET      82.000     99.71892
SET      83.000     99.72548
SET      84.000     99.73203
SET      85.000     99.73792
SET      86.000     99.74448
SET      87.000     99.75234
SET      88.000     99.75693
SET      89.000     99.77134
SET      90.000     99.77789
SET      91.000     99.78968
SET      92.000     99.79886
SET      93.000     99.80934
SET      94.000     99.81393
SET      95.000     99.81655
SET      96.000     99.82244
SET      97.000     99.82900
SET      98.000     99.83227
SET      99.000     99.83751
SET     100.000     99.85258
SET     110.000     99.88534
SET     120.000     99.90500
SET     130.000     99.92531
SET     140.000     99.94627
SET     150.000     99.95283
SET     160.000     99.95872
SET     180.000     99.96921
SET     200.000     99.97510
SET     210.000     99.98297
SET     220.000     99.98755
SET     230.000     99.99869
SET     240.000     99.99934
SET     250.000    100.00000
---
GET       0.061      0.00007
GET       0.062      0.00013
GET       0.064      0.00026
GET       0.065      0.00039
GET       0.066      0.00046
GET       0.067      0.00072
GET       0.068      0.00092
GET       0.069      0.00131
GET       0.070      0.00144
GET       0.071      0.00157
GET       0.072      0.00210
GET       0.073      0.00275
GET       0.074      0.00315
GET       0.075      0.00361
GET       0.076      0.00400
GET       0.077      0.00472
GET       0.078      0.00584
GET       0.079      0.00735
GET       0.080      0.00905
GET       0.081      0.01082
GET       0.082      0.01351
GET       0.083      0.01692
GET       0.084      0.02099
GET       0.085      0.02604
GET       0.086      0.03286
GET       0.087      0.03962
GET       0.088      0.04913
GET       0.089      0.06106
GET       0.090      0.07385
GET       0.091      0.09130
GET       0.092      0.11006
GET       0.093      0.13124
GET       0.094      0.16004
GET       0.095      0.19421
GET       0.096      0.22582
GET       0.097      0.25075
GET       0.098      0.27521
GET       0.099      0.29882
GET       0.100      0.39491
GET       0.110      0.51933
GET       0.120      0.59922
GET       0.130      0.73420
GET       0.140      1.01433
GET       0.150      1.31421
GET       0.160      1.54036
GET       0.170      1.76513
GET       0.180      2.02972
GET       0.190      2.36711
GET       0.200      2.73480
GET       0.210      3.06989
GET       0.220      3.40997
GET       0.230      3.81380
GET       0.240      4.36619
GET       0.250      5.05258
GET       0.260      5.88766
GET       0.270      7.03167
GET       0.280      8.81792
GET       0.290     11.82170
GET       0.300     15.38049
GET       0.310     18.97299
GET       0.320     22.60603
GET       0.330     26.43046
GET       0.340     30.72530
GET       0.350     34.10241
GET       0.360     36.48624
GET       0.370     38.22697
GET       0.380     39.63097
GET       0.390     40.90005
GET       0.400     41.87759
GET       0.410     42.62944
GET       0.420     43.26867
GET       0.430     43.84926
GET       0.440     44.38440
GET       0.450     44.83283
GET       0.460     45.19915
GET       0.470     45.50965
GET       0.480     45.79483
GET       0.490     46.05849
GET       0.500     46.30439
GET       0.510     46.52542
GET       0.520     46.75400
GET       0.530     47.01432
GET       0.540     47.33984
GET       0.550     47.71665
GET       0.560     48.17276
GET       0.570     48.76043
GET       0.580     49.52625
GET       0.590     50.53481
GET       0.600     51.72584
GET       0.610     53.09606
GET       0.620     54.67413
GET       0.630     56.44333
GET       0.640     58.28389
GET       0.650     60.07047
GET       0.660     61.68599
GET       0.670     63.15486
GET       0.680     64.50009
GET       0.690     65.69899
GET       0.700     66.71358
GET       0.710     67.57936
GET       0.720     68.33560
GET       0.730     69.01261
GET       0.740     69.61032
GET       0.750     70.14330
GET       0.760     70.62256
GET       0.770     71.05538
GET       0.780     71.44458
GET       0.790     71.79588
GET       0.800     72.12173
GET       0.810     72.41727
GET       0.820     72.68008
GET       0.830     72.92762
GET       0.840     73.15711
GET       0.850     73.36077
GET       0.860     73.54186
GET       0.870     73.71285
GET       0.880     73.86016
GET       0.890     74.00039
GET       0.900     74.12285
GET       0.910     74.23133
GET       0.920     74.32906
GET       0.930     74.42160
GET       0.940     74.50549
GET       0.950     74.58007
GET       0.960     74.64985
GET       0.970     74.71328
GET       0.980     74.77014
GET       0.990     74.82130
GET       1.000     75.08963
GET       1.100     75.48742
GET       1.200     75.95101
GET       1.300     76.52248
GET       1.400     77.04261
GET       1.500     77.47457
GET       1.600     77.80049
GET       1.700     78.07071
GET       1.800     78.30054
GET       1.900     78.52557
GET       2.000     78.74844
GET       2.100     78.96633
GET       2.200     79.17366
GET       2.300     79.39108
GET       2.400     79.59907
GET       2.500     79.79492
GET       2.600     79.98913
GET       2.700     80.18242
GET       2.800     80.36548
GET       2.900     80.54237
GET       3.000     80.71106
GET       3.100     80.87313
GET       3.200     81.01599
GET       3.300     81.16337
GET       3.400     81.30445
GET       3.500     81.43726
GET       3.600     81.56529
GET       3.700     81.69090
GET       3.800     81.81650
GET       3.900     81.94525
GET       4.000     82.06574
GET       4.100     82.17901
GET       4.200     82.29464
GET       4.300     82.41448
GET       4.400     82.53470
GET       4.500     82.64227
GET       4.600     82.76531
GET       4.700     82.90003
GET       4.800     83.03390
GET       4.900     83.15006
GET       5.000     83.25710
GET       5.100     83.36552
GET       5.200     83.46626
GET       5.300     83.56399
GET       5.400     83.66237
GET       5.500     83.77407
GET       5.600     83.87783
GET       5.700     83.97890
GET       5.800     84.08024
GET       5.900     84.18695
GET       6.000     84.29367
GET       6.100     84.40274
GET       6.200     84.50185
GET       6.300     84.60338
GET       6.400     84.70045
GET       6.500     84.78893
GET       6.600     84.87813
GET       6.700     84.97697
GET       6.800     85.07280
GET       6.900     85.17203
GET       7.000     85.25940
GET       7.100     85.35542
GET       7.200     85.44954
GET       7.300     85.54294
GET       7.400     85.63549
GET       7.500     85.72751
GET       7.600     85.81874
GET       7.700     85.91398
GET       7.800     85.99964
GET       7.900     86.08890
GET       8.000     86.17555
GET       8.100     86.25287
GET       8.200     86.33552
GET       8.300     86.42905
GET       8.400     86.51654
GET       8.500     86.60358
GET       8.600     86.69652
GET       8.700     86.79930
GET       8.800     86.90299
GET       8.900     86.99744
GET       9.000     87.07352
GET       9.100     87.14961
GET       9.200     87.22569
GET       9.300     87.30846
GET       9.400     87.38868
GET       9.500     87.46502
GET       9.600     87.53625
GET       9.700     87.61076
GET       9.800     87.68599
GET       9.900     87.75847
GET      10.000     88.19897
GET      11.000     88.97515
GET      12.000     89.64966
GET      13.000     90.39941
GET      14.000     91.03280
GET      15.000     91.67931
GET      16.000     92.27139
GET      17.000     92.82719
GET      18.000     93.32219
GET      19.000     93.83582
GET      20.000     94.29028
GET      21.000     94.74435
GET      22.000     95.11939
GET      23.000     95.52040
GET      24.000     95.86966
GET      25.000     96.20371
GET      26.000     96.47558
GET      27.000     96.71904
GET      28.000     96.94808
GET      29.000     97.20322
GET      30.000     97.41592
GET      31.000     97.61702
GET      32.000     97.79063
GET      33.000     97.96418
GET      34.000     98.11156
GET      35.000     98.26766
GET      36.000     98.38402
GET      37.000     98.50431
GET      38.000     98.61404
GET      39.000     98.71039
GET      40.000     98.80333
GET      41.000     98.88479
GET      42.000     98.96868
GET      43.000     99.03401
GET      44.000     99.09323
GET      45.000     99.15876
GET      46.000     99.21201
GET      47.000     99.26383
GET      48.000     99.30672
GET      49.000     99.35447
GET      50.000     99.39520
GET      51.000     99.43626
GET      52.000     99.47568
GET      53.000     99.51064
GET      54.000     99.53996
GET      55.000     99.56685
GET      56.000     99.59322
GET      57.000     99.61860
GET      58.000     99.63979
GET      59.000     99.65730
GET      60.000     99.67271
GET      61.000     99.68832
GET      62.000     99.70413
GET      63.000     99.71764
GET      64.000     99.73305
GET      65.000     99.74532
GET      66.000     99.75607
GET      67.000     99.76637
GET      68.000     99.77870
GET      69.000     99.79012
GET      70.000     99.80376
GET      71.000     99.81386
GET      72.000     99.82363
GET      73.000     99.83255
GET      74.000     99.84029
GET      75.000     99.84764
GET      76.000     99.85426
GET      77.000     99.86312
GET      78.000     99.86856
GET      79.000     99.87322
GET      80.000     99.88017
GET      81.000     99.88568
GET      82.000     99.89093
GET      83.000     99.89486
GET      84.000     99.90011
GET      85.000     99.90345
GET      86.000     99.90824
GET      87.000     99.91257
GET      88.000     99.91624
GET      89.000     99.92057
GET      90.000     99.92523
GET      91.000     99.93028
GET      92.000     99.93284
GET      93.000     99.93579
GET      94.000     99.93881
GET      95.000     99.94104
GET      96.000     99.94458
GET      97.000     99.94838
GET      98.000     99.95133
GET      99.000     99.95383
GET     100.000     99.96498
GET     110.000     99.98137
GET     120.000     99.98937
GET     130.000     99.99442
GET     140.000     99.99711
GET     150.000     99.99856
GET     160.000     99.99902
GET     170.000     99.99934
GET     180.000     99.99967
GET     190.000     99.99974
GET     210.000     99.99993
GET     220.000    100.00000
