[RUN #1] Preparing benchmark client...
[RUN #1] Launching threads now...
[RUN #1 5%,   0 secs]  8 threads:       69261 ops,       0 (avg:       0) ops/sec, 0.00KB/sec (avg: 0.00KB/sec),  0.00 (avg:  0.00) msec latency[RUN #1 10%,   1 secs]  8 threads:      144704 ops,   75431 (avg:   72794) ops/sec, 2.85MB/sec (avg: 2.75MB/sec),  4.24 (avg:  4.37) msec latency[RUN #1 15%,   2 secs]  8 threads:      220076 ops,   75361 (avg:   73653) ops/sec, 2.84MB/sec (avg: 2.78MB/sec),  4.23 (avg:  4.32) msec latency[RUN #1 20%,   3 secs]  8 threads:      295984 ops,   75896 (avg:   74216) ops/sec, 2.86MB/sec (avg: 2.80MB/sec),  4.23 (avg:  4.30) msec latency[RUN #1 25%,   4 secs]  8 threads:      374372 ops,   78376 (avg:   75050) ops/sec, 2.96MB/sec (avg: 2.83MB/sec),  4.07 (avg:  4.25) msec latency[RUN #1 30%,   5 secs]  8 threads:      453129 ops,   78743 (avg:   75667) ops/sec, 2.97MB/sec (avg: 2.85MB/sec),  4.07 (avg:  4.22) msec latency[RUN #1 35%,   6 secs]  8 threads:      530954 ops,   77812 (avg:   75974) ops/sec, 2.93MB/sec (avg: 2.87MB/sec),  4.09 (avg:  4.20) msec latency[RUN #1 40%,   7 secs]  8 threads:      608694 ops,   77727 (avg:   76193) ops/sec, 2.93MB/sec (avg: 2.87MB/sec),  4.10 (avg:  4.19) msec latency[RUN #1 45%,   8 secs]  8 threads:      686632 ops,   77922 (avg:   76386) ops/sec, 2.94MB/sec (avg: 2.88MB/sec),  4.12 (avg:  4.18) msec latency[RUN #1 50%,   9 secs]  8 threads:      764933 ops,   78290 (avg:   76576) ops/sec, 2.95MB/sec (avg: 2.89MB/sec),  4.08 (avg:  4.17) msec latency[RUN #1 55%,  10 secs]  8 threads:      843916 ops,   78972 (avg:   76794) ops/sec, 2.98MB/sec (avg: 2.90MB/sec),  4.05 (avg:  4.16) msec latency[RUN #1 60%,  11 secs]  8 threads:      922724 ops,   78797 (avg:   76961) ops/sec, 2.97MB/sec (avg: 2.90MB/sec),  4.07 (avg:  4.15) msec latency[RUN #1 65%,  12 secs]  8 threads:     1001042 ops,   78307 (avg:   77065) ops/sec, 2.95MB/sec (avg: 2.91MB/sec),  4.04 (avg:  4.14) msec latency[RUN #1 70%,  13 secs]  8 threads:     1080315 ops,   79261 (avg:   77222) ops/sec, 2.99MB/sec (avg: 2.91MB/sec),  4.08 (avg:  4.14) msec latency[RUN #1 75%,  14 secs]  8 threads:     1157712 ops,   77386 (avg:   77233) ops/sec, 2.92MB/sec (avg: 2.91MB/sec),  4.10 (avg:  4.13) msec latency[RUN #1 80%,  15 secs]  8 threads:     1235446 ops,   77723 (avg:   77264) ops/sec, 2.93MB/sec (avg: 2.91MB/sec),  4.14 (avg:  4.13) msec latency[RUN #1 85%,  16 secs]  8 threads:     1314586 ops,   79129 (avg:   77373) ops/sec, 2.98MB/sec (avg: 2.92MB/sec),  4.03 (avg:  4.13) msec latency[RUN #1 90%,  17 secs]  8 threads:     1394059 ops,   79461 (avg:   77489) ops/sec, 3.00MB/sec (avg: 2.92MB/sec),  4.03 (avg:  4.12) msec latency[RUN #1 95%,  18 secs]  8 threads:     1472249 ops,   78179 (avg:   77526) ops/sec, 2.95MB/sec (avg: 2.92MB/sec),  4.09 (avg:  4.12) msec latency[RUN #1 100%,  19 secs]  8 threads:     1551424 ops,   78179 (avg:   77609) ops/sec, 2.95MB/sec (avg: 2.93MB/sec),  4.09 (avg:  4.12) msec latency[RUN #1 100%,  20 secs]  0 threads:     1573618 ops,   78179 (avg:   78616) ops/sec, 2.95MB/sec (avg: 2.97MB/sec),  4.09 (avg:  4.07) msec latency

8         Threads
40        Connections per thread
20        Seconds
Type        Ops/sec     Hits/sec   Misses/sec      Latency       KB/sec
------------------------------------------------------------------------
Sets        7154.76          ---          ---      4.30300       530.35
Gets       71464.67      3209.89     68254.78      4.04200      2505.97
Totals     78619.42      3209.89     68254.78      4.06600      3036.31


Request Latency Distribution
Type     <= msec         Percent
------------------------------------------------------------------------
SET       1.000     71.88056
SET       2.000     75.84057
SET       3.000     77.92985
SET       4.000     79.54849
SET       5.000     81.06727
SET       6.000     82.37935
SET       7.000     83.73683
SET       8.000     84.94347
SET       9.000     85.94622
SET      10.000     86.87774
SET      11.000     87.69613
SET      12.000     88.52849
SET      13.000     89.27916
SET      14.000     89.98303
SET      15.000     90.72531
SET      16.000     91.40824
SET      17.000     91.98643
SET      18.000     92.54855
SET      19.000     93.10578
SET      20.000     93.66861
SET      21.000     94.13506
SET      22.000     94.57429
SET      23.000     95.02399
SET      24.000     95.42899
SET      25.000     95.75998
SET      26.000     96.07631
SET      27.000     96.31931
SET      28.000     96.59374
SET      29.000     96.84024
SET      30.000     97.08883
SET      31.000     97.29343
SET      32.000     97.51269
SET      33.000     97.69006
SET      34.000     97.90024
SET      35.000     98.04200
SET      36.000     98.17956
SET      37.000     98.30316
SET      38.000     98.42186
SET      39.000     98.53848
SET      40.000     98.63135
SET      41.000     98.74308
SET      42.000     98.83106
SET      43.000     98.90857
SET      44.000     98.98469
SET      45.000     99.03566
SET      46.000     99.09432
SET      47.000     99.14669
SET      48.000     99.21233
SET      49.000     99.25772
SET      50.000     99.29682
SET      51.000     99.33802
SET      52.000     99.38201
SET      53.000     99.42950
SET      54.000     99.45673
SET      55.000     99.48257
SET      56.000     99.51329
SET      57.000     99.54541
SET      58.000     99.56147
SET      59.000     99.58661
SET      60.000     99.60756
SET      61.000     99.62781
SET      62.000     99.64108
SET      63.000     99.65923
SET      64.000     99.67390
SET      65.000     99.68577
SET      66.000     99.69904
SET      67.000     99.70811
SET      68.000     99.72767
SET      69.000     99.74303
SET      70.000     99.76049
SET      71.000     99.77445
SET      72.000     99.78702
SET      73.000     99.80169
SET      74.000     99.81146
SET      75.000     99.82124
SET      76.000     99.82752
SET      77.000     99.83800
SET      78.000     99.84358
SET      79.000     99.85196
SET      80.000     99.85895
SET      81.000     99.86593
SET      82.000     99.87640
SET      83.000     99.88339
SET      84.000     99.88827
SET      85.000     99.89177
SET      86.000     99.89735
SET      87.000     99.90364
SET      88.000     99.90922
SET      89.000     99.91621
SET      90.000     99.92109
SET      91.000     99.92528
SET      92.000     99.93157
SET      93.000     99.93506
SET      94.000     99.93576
SET      95.000     99.93995
SET      96.000     99.94344
SET      97.000     99.94553
SET      98.000     99.94623
SET      99.000     99.95042
SET     100.000     99.96159
SET     110.000     99.97696
SET     120.000     99.98603
SET     130.000     99.99022
SET     140.000     99.99511
SET     150.000     99.99930
SET     180.000    100.00000
---
GET       0.062      0.00014
GET       0.063      0.00028
GET       0.064      0.00056
GET       0.065      0.00084
GET       0.066      0.00161
GET       0.067      0.00203
GET       0.068      0.00259
GET       0.069      0.00294
GET       0.070      0.00412
GET       0.071      0.00454
GET       0.072      0.00552
GET       0.073      0.00741
GET       0.074      0.00867
GET       0.075      0.01077
GET       0.076      0.01251
GET       0.077      0.01489
GET       0.078      0.01720
GET       0.079      0.01930
GET       0.080      0.02279
GET       0.081      0.02559
GET       0.082      0.02845
GET       0.083      0.03237
GET       0.084      0.03558
GET       0.085      0.04083
GET       0.086      0.04845
GET       0.087      0.05600
GET       0.088      0.06425
GET       0.089      0.07145
GET       0.090      0.07942
GET       0.091      0.08955
GET       0.092      0.09843
GET       0.093      0.10997
GET       0.094      0.12863
GET       0.095      0.16037
GET       0.096      0.18806
GET       0.097      0.20861
GET       0.098      0.22560
GET       0.099      0.24175
GET       0.100      0.32201
GET       0.110      0.46819
GET       0.120      0.57571
GET       0.130      0.67337
GET       0.140      0.86458
GET       0.150      1.04515
GET       0.160      1.13457
GET       0.170      1.18707
GET       0.180      1.23873
GET       0.190      1.30270
GET       0.200      1.36422
GET       0.210      1.43134
GET       0.220      1.50733
GET       0.230      1.62841
GET       0.240      1.86744
GET       0.250      2.25334
GET       0.260      2.83960
GET       0.270      3.77283
GET       0.280      5.35748
GET       0.290      8.13382
GET       0.300     11.48334
GET       0.310     14.95186
GET       0.320     18.47015
GET       0.330     22.22333
GET       0.340     26.44016
GET       0.350     29.75704
GET       0.360     32.12328
GET       0.370     33.83552
GET       0.380     35.24609
GET       0.390     36.47490
GET       0.400     37.42910
GET       0.410     38.17700
GET       0.420     38.78557
GET       0.430     39.34100
GET       0.440     39.85917
GET       0.450     40.30366
GET       0.460     40.67418
GET       0.470     40.98997
GET       0.480     41.27087
GET       0.490     41.53142
GET       0.500     41.77520
GET       0.510     42.00429
GET       0.520     42.24751
GET       0.530     42.53470
GET       0.540     42.86006
GET       0.550     43.27379
GET       0.560     43.77141
GET       0.570     44.39745
GET       0.580     45.26273
GET       0.590     46.34563
GET       0.600     47.67539
GET       0.610     49.16797
GET       0.620     50.88139
GET       0.630     52.83460
GET       0.640     54.87178
GET       0.650     56.85632
GET       0.660     58.67614
GET       0.670     60.32644
GET       0.680     61.81405
GET       0.690     63.12605
GET       0.700     64.22902
GET       0.710     65.17372
GET       0.720     65.99432
GET       0.730     66.72075
GET       0.740     67.37329
GET       0.750     67.93768
GET       0.760     68.44802
GET       0.770     68.91166
GET       0.780     69.32707
GET       0.790     69.71668
GET       0.800     70.06133
GET       0.810     70.37537
GET       0.820     70.65808
GET       0.830     70.92102
GET       0.840     71.15871
GET       0.850     71.36613
GET       0.860     71.55132
GET       0.870     71.72554
GET       0.880     71.88423
GET       0.890     72.02259
GET       0.900     72.15122
GET       0.910     72.26720
GET       0.920     72.37158
GET       0.930     72.46770
GET       0.940     72.55404
GET       0.950     72.63101
GET       0.960     72.70568
GET       0.970     72.76971
GET       0.980     72.83641
GET       0.990     72.89590
GET       1.000     73.17351
GET       1.100     73.59703
GET       1.200     74.09591
GET       1.300     74.71762
GET       1.400     75.28305
GET       1.500     75.74571
GET       1.600     76.09967
GET       1.700     76.38700
GET       1.800     76.63189
GET       1.900     76.86721
GET       2.000     77.09847
GET       2.100     77.32778
GET       2.200     77.54792
GET       2.300     77.77450
GET       2.400     77.99968
GET       2.500     78.20647
GET       2.600     78.41767
GET       2.700     78.62223
GET       2.800     78.81616
GET       2.900     79.00009
GET       3.000     79.18172
GET       3.100     79.35335
GET       3.200     79.50428
GET       3.300     79.66242
GET       3.400     79.81615
GET       3.500     79.95863
GET       3.600     80.10740
GET       3.700     80.24358
GET       3.800     80.37697
GET       3.900     80.51469
GET       4.000     80.64305
GET       4.100     80.76874
GET       4.200     80.88689
GET       4.300     81.02832
GET       4.400     81.15080
GET       4.500     81.26923
GET       4.600     81.40059
GET       4.700     81.54467
GET       4.800     81.69149
GET       4.900     81.82669
GET       5.000     81.94792
GET       5.100     82.06278
GET       5.200     82.17310
GET       5.300     82.28041
GET       5.400     82.39415
GET       5.500     82.51496
GET       5.600     82.62506
GET       5.700     82.73916
GET       5.800     82.85192
GET       5.900     82.96532
GET       6.000     83.08738
GET       6.100     83.20685
GET       6.200     83.31892
GET       6.300     83.43001
GET       6.400     83.53774
GET       6.500     83.63352
GET       6.600     83.73405
GET       6.700     83.84262
GET       6.800     83.94727
GET       6.900     84.05011
GET       7.000     84.15358
GET       7.100     84.26117
GET       7.200     84.36869
GET       7.300     84.46817
GET       7.400     84.57213
GET       7.500     84.67224
GET       7.600     84.77242
GET       7.700     84.87477
GET       7.800     84.97397
GET       7.900     85.07121
GET       8.000     85.16643
GET       8.100     85.25438
GET       8.200     85.35204
GET       8.300     85.45614
GET       8.400     85.55891
GET       8.500     85.65238
GET       8.600     85.74766
GET       8.700     85.85791
GET       8.800     85.96487
GET       8.900     86.06596
GET       9.000     86.15160
GET       9.100     86.23396
GET       9.200     86.31750
GET       9.300     86.40545
GET       9.400     86.49143
GET       9.500     86.57344
GET       9.600     86.65447
GET       9.700     86.73451
GET       9.800     86.81826
GET       9.900     86.89565
GET      10.000     87.37698
GET      11.000     88.20870
GET      12.000     88.93577
GET      13.000     89.71631
GET      14.000     90.38906
GET      15.000     91.08948
GET      16.000     91.72154
GET      17.000     92.31815
GET      18.000     92.85583
GET      19.000     93.39770
GET      20.000     93.87784
GET      21.000     94.35617
GET      22.000     94.75787
GET      23.000     95.18908
GET      24.000     95.56170
GET      25.000     95.90873
GET      26.000     96.20466
GET      27.000     96.47248
GET      28.000     96.71472
GET      29.000     96.98513
GET      30.000     97.22199
GET      31.000     97.43934
GET      32.000     97.62250
GET      33.000     97.80776
GET      34.000     97.96289
GET      35.000     98.13061
GET      36.000     98.25994
GET      37.000     98.38459
GET      38.000     98.50260
GET      39.000     98.61320
GET      40.000     98.71443
GET      41.000     98.80447
GET      42.000     98.89333
GET      43.000     98.96177
GET      44.000     99.02741
GET      45.000     99.09194
GET      46.000     99.15185
GET      47.000     99.19995
GET      48.000     99.24749
GET      49.000     99.29699
GET      50.000     99.33942
GET      51.000     99.38458
GET      52.000     99.43226
GET      53.000     99.47008
GET      54.000     99.50315
GET      55.000     99.53132
GET      56.000     99.56020
GET      57.000     99.58795
GET      58.000     99.61116
GET      59.000     99.63095
GET      60.000     99.64814
GET      61.000     99.66744
GET      62.000     99.68191
GET      63.000     99.69841
GET      64.000     99.71491
GET      65.000     99.72903
GET      66.000     99.74105
GET      67.000     99.75329
GET      68.000     99.76853
GET      69.000     99.78363
GET      70.000     99.79551
GET      71.000     99.80754
GET      72.000     99.81656
GET      73.000     99.82523
GET      74.000     99.83396
GET      75.000     99.84207
GET      76.000     99.84878
GET      77.000     99.85675
GET      78.000     99.86270
GET      79.000     99.86822
GET      80.000     99.87472
GET      81.000     99.88129
GET      82.000     99.88654
GET      83.000     99.89157
GET      84.000     99.89793
GET      85.000     99.90178
GET      86.000     99.90695
GET      87.000     99.91135
GET      88.000     99.91562
GET      89.000     99.91911
GET      90.000     99.92268
GET      91.000     99.92666
GET      92.000     99.93121
GET      93.000     99.93463
GET      94.000     99.93778
GET      95.000     99.94009
GET      96.000     99.94337
GET      97.000     99.94666
GET      98.000     99.94980
GET      99.000     99.95218
GET     100.000     99.96239
GET     110.000     99.97847
GET     120.000     99.98686
GET     130.000     99.99238
GET     140.000     99.99629
GET     150.000     99.99769
GET     160.000     99.99853
GET     170.000     99.99909
GET     180.000     99.99979
GET     190.000     99.99993
GET     210.000    100.00000
