[RUN #1] Preparing benchmark client...
[RUN #1] Launching threads now...
[RUN #1 5%,   1 secs]  8 threads:       73310 ops,   73265 (avg:   73265) ops/sec, 2.77MB/sec (avg: 2.77MB/sec),  4.27 (avg:  4.27) msec latency[RUN #1 10%,   2 secs]  8 threads:      154025 ops,   80697 (avg:   76981) ops/sec, 3.05MB/sec (avg: 2.91MB/sec),  3.99 (avg:  4.12) msec latency[RUN #1 15%,   3 secs]  8 threads:      234091 ops,   80047 (avg:   78002) ops/sec, 3.02MB/sec (avg: 2.94MB/sec),  4.01 (avg:  4.09) msec latency[RUN #1 20%,   4 secs]  8 threads:      314132 ops,   80023 (avg:   78508) ops/sec, 3.02MB/sec (avg: 2.96MB/sec),  3.99 (avg:  4.06) msec latency[RUN #1 25%,   5 secs]  8 threads:      396603 ops,   82454 (avg:   79297) ops/sec, 3.11MB/sec (avg: 2.99MB/sec),  3.87 (avg:  4.02) msec latency[RUN #1 30%,   6 secs]  8 threads:      478391 ops,   81772 (avg:   79709) ops/sec, 3.08MB/sec (avg: 3.01MB/sec),  3.88 (avg:  4.00) msec latency[RUN #1 35%,   7 secs]  8 threads:      559330 ops,   80927 (avg:   79883) ops/sec, 3.05MB/sec (avg: 3.01MB/sec),  4.00 (avg:  4.00) msec latency[RUN #1 40%,   8 secs]  8 threads:      639308 ops,   79966 (avg:   79894) ops/sec, 3.02MB/sec (avg: 3.01MB/sec),  3.98 (avg:  3.99) msec latency[RUN #1 45%,   9 secs]  8 threads:      719819 ops,   80499 (avg:   79961) ops/sec, 3.04MB/sec (avg: 3.02MB/sec),  3.97 (avg:  3.99) msec latency[RUN #1 50%,  10 secs]  8 threads:      800376 ops,   80544 (avg:   80019) ops/sec, 3.04MB/sec (avg: 3.02MB/sec),  3.98 (avg:  3.99) msec latency[RUN #1 55%,  11 secs]  8 threads:      881816 ops,   81426 (avg:   80147) ops/sec, 3.07MB/sec (avg: 3.02MB/sec),  3.94 (avg:  3.98) msec latency[RUN #1 60%,  12 secs]  8 threads:      963932 ops,   82102 (avg:   80310) ops/sec, 3.10MB/sec (avg: 3.03MB/sec),  3.88 (avg:  3.98) msec latency[RUN #1 65%,  13 secs]  8 threads:     1045307 ops,   81362 (avg:   80391) ops/sec, 3.07MB/sec (avg: 3.03MB/sec),  3.95 (avg:  3.97) msec latency[RUN #1 70%,  14 secs]  8 threads:     1126267 ops,   80948 (avg:   80431) ops/sec, 3.05MB/sec (avg: 3.03MB/sec),  3.94 (avg:  3.97) msec latency[RUN #1 75%,  15 secs]  8 threads:     1206632 ops,   80352 (avg:   80426) ops/sec, 3.03MB/sec (avg: 3.03MB/sec),  3.98 (avg:  3.97) msec latency[RUN #1 80%,  16 secs]  8 threads:     1286927 ops,   80282 (avg:   80417) ops/sec, 3.03MB/sec (avg: 3.03MB/sec),  4.00 (avg:  3.97) msec latency[RUN #1 85%,  17 secs]  8 threads:     1368889 ops,   81949 (avg:   80507) ops/sec, 3.09MB/sec (avg: 3.04MB/sec),  3.89 (avg:  3.97) msec latency[RUN #1 90%,  18 secs]  8 threads:     1450536 ops,   81635 (avg:   80569) ops/sec, 3.08MB/sec (avg: 3.04MB/sec),  3.92 (avg:  3.97) msec latency[RUN #1 95%,  19 secs]  8 threads:     1530315 ops,   79766 (avg:   80527) ops/sec, 3.01MB/sec (avg: 3.04MB/sec),  3.99 (avg:  3.97) msec latency[RUN #1 100%,  20 secs]  8 threads:     1620512 ops,   79766 (avg:   81019) ops/sec, 3.01MB/sec (avg: 3.06MB/sec),  3.99 (avg:  3.94) msec latency[RUN #1 100%,  20 secs]  0 threads:     1620599 ops,   79766 (avg:   80981) ops/sec, 3.01MB/sec (avg: 3.05MB/sec),  3.99 (avg:  3.95) msec latency

8         Threads
40        Connections per thread
20        Seconds
Type        Ops/sec     Hits/sec   Misses/sec      Latency       KB/sec
------------------------------------------------------------------------
Sets        7369.46          ---          ---      4.32300       546.27
Gets       73612.22      3299.43     70312.78      3.90900      2581.27
Totals     80981.67      3299.43     70312.78      3.94700      3127.53


Request Latency Distribution
Type     <= msec         Percent
------------------------------------------------------------------------
SET       1.000     72.79101
SET       2.000     76.28308
SET       3.000     78.16541
SET       4.000     79.74125
SET       5.000     80.97669
SET       6.000     82.20400
SET       7.000     83.29570
SET       8.000     84.42266
SET       9.000     85.31635
SET      10.000     86.22904
SET      11.000     87.08883
SET      12.000     87.95609
SET      13.000     88.76232
SET      14.000     89.47226
SET      15.000     90.23644
SET      16.000     90.95384
SET      17.000     91.57021
SET      18.000     92.18048
SET      19.000     92.75141
SET      20.000     93.28370
SET      21.000     93.73055
SET      22.000     94.19571
SET      23.000     94.63103
SET      24.000     95.03855
SET      25.000     95.37962
SET      26.000     95.70374
SET      27.000     95.99599
SET      28.000     96.26721
SET      29.000     96.52353
SET      30.000     96.76289
SET      31.000     96.99750
SET      32.000     97.19346
SET      33.000     97.38061
SET      34.000     97.56165
SET      35.000     97.72643
SET      36.000     97.87424
SET      37.000     98.00579
SET      38.000     98.12445
SET      39.000     98.25261
SET      40.000     98.35296
SET      41.000     98.45739
SET      42.000     98.53469
SET      43.000     98.59707
SET      44.000     98.67437
SET      45.000     98.74625
SET      46.000     98.81202
SET      47.000     98.85541
SET      48.000     98.92932
SET      49.000     98.97340
SET      50.000     99.02290
SET      51.000     99.07375
SET      52.000     99.10969
SET      53.000     99.14699
SET      54.000     99.19648
SET      55.000     99.23039
SET      56.000     99.26294
SET      57.000     99.29752
SET      58.000     99.31244
SET      59.000     99.33413
SET      60.000     99.35244
SET      61.000     99.37617
SET      62.000     99.40126
SET      63.000     99.43042
SET      64.000     99.44737
SET      65.000     99.45890
SET      66.000     99.47382
SET      67.000     99.50569
SET      68.000     99.52264
SET      69.000     99.53891
SET      70.000     99.55044
SET      71.000     99.56197
SET      72.000     99.57756
SET      73.000     99.58570
SET      74.000     99.59316
SET      75.000     99.60197
SET      76.000     99.61486
SET      77.000     99.62977
SET      78.000     99.64130
SET      79.000     99.64944
SET      80.000     99.65418
SET      81.000     99.66164
SET      82.000     99.66571
SET      83.000     99.67317
SET      84.000     99.67792
SET      85.000     99.68402
SET      86.000     99.69216
SET      87.000     99.69690
SET      88.000     99.70165
SET      89.000     99.71453
SET      90.000     99.71724
SET      91.000     99.72063
SET      92.000     99.72742
SET      93.000     99.73013
SET      94.000     99.73284
SET      95.000     99.73420
SET      96.000     99.73826
SET      97.000     99.74233
SET      98.000     99.74640
SET      99.000     99.74911
SET     100.000     99.78030
SET     110.000     99.79929
SET     120.000     99.83116
SET     130.000     99.85489
SET     140.000     99.86439
SET     150.000     99.86981
SET     160.000     99.87049
SET     170.000     99.87998
SET     180.000     99.90778
SET     190.000     99.91592
SET     200.000     99.94169
SET     210.000     99.96881
SET     220.000     99.98644
SET     230.000     99.99932
SET     240.000    100.00000
---
GET       0.078      0.00007
GET       0.080      0.00020
GET       0.081      0.00027
GET       0.083      0.00041
GET       0.084      0.00054
GET       0.085      0.00075
GET       0.086      0.00095
GET       0.087      0.00122
GET       0.088      0.00170
GET       0.089      0.00197
GET       0.090      0.00238
GET       0.091      0.00265
GET       0.092      0.00305
GET       0.093      0.00326
GET       0.094      0.00367
GET       0.095      0.00428
GET       0.096      0.00468
GET       0.097      0.00509
GET       0.098      0.00570
GET       0.099      0.00665
GET       0.100      0.01005
GET       0.110      0.01779
GET       0.120      0.02933
GET       0.130      0.04358
GET       0.140      0.06938
GET       0.150      0.10047
GET       0.160      0.12918
GET       0.170      0.16163
GET       0.180      0.19815
GET       0.190      0.25619
GET       0.200      0.32346
GET       0.210      0.39359
GET       0.220      0.48815
GET       0.230      0.63525
GET       0.240      0.92572
GET       0.250      1.36540
GET       0.260      2.01456
GET       0.270      3.02317
GET       0.280      4.76566
GET       0.290      7.90668
GET       0.300     11.68620
GET       0.310     15.56063
GET       0.320     19.45053
GET       0.330     23.63844
GET       0.340     28.41326
GET       0.350     32.12748
GET       0.360     34.69679
GET       0.370     36.54280
GET       0.380     38.04104
GET       0.390     39.40088
GET       0.400     40.44825
GET       0.410     41.26257
GET       0.420     41.92572
GET       0.430     42.52282
GET       0.440     43.08394
GET       0.450     43.55199
GET       0.460     43.93988
GET       0.470     44.26178
GET       0.480     44.55646
GET       0.490     44.83553
GET       0.500     45.08350
GET       0.510     45.31539
GET       0.520     45.54898
GET       0.530     45.81392
GET       0.540     46.13019
GET       0.550     46.50708
GET       0.560     46.96122
GET       0.570     47.53211
GET       0.580     48.31833
GET       0.590     49.34825
GET       0.600     50.53241
GET       0.610     51.90344
GET       0.620     53.44697
GET       0.630     55.20636
GET       0.640     57.07097
GET       0.650     58.86525
GET       0.660     60.49669
GET       0.670     61.99059
GET       0.680     63.36441
GET       0.690     64.57591
GET       0.700     65.62077
GET       0.710     66.51364
GET       0.720     67.28642
GET       0.730     67.97149
GET       0.740     68.57490
GET       0.750     69.10874
GET       0.760     69.58677
GET       0.770     70.01355
GET       0.780     70.41786
GET       0.790     70.78816
GET       0.800     71.12188
GET       0.810     71.42090
GET       0.820     71.69121
GET       0.830     71.94143
GET       0.840     72.16741
GET       0.850     72.36882
GET       0.860     72.55373
GET       0.870     72.72806
GET       0.880     72.87950
GET       0.890     73.01724
GET       0.900     73.14079
GET       0.910     73.25422
GET       0.920     73.35326
GET       0.930     73.44517
GET       0.940     73.53261
GET       0.950     73.61162
GET       0.960     73.67889
GET       0.970     73.74114
GET       0.980     73.80570
GET       0.990     73.85906
GET       1.000     74.12122
GET       1.100     74.52913
GET       1.200     74.98836
GET       1.300     75.55138
GET       1.400     76.08046
GET       1.500     76.51810
GET       1.600     76.85575
GET       1.700     77.13339
GET       1.800     77.38728
GET       1.900     77.62507
GET       2.000     77.85560
GET       2.100     78.09387
GET       2.200     78.31476
GET       2.300     78.53565
GET       2.400     78.75410
GET       2.500     78.96610
GET       2.600     79.16955
GET       2.700     79.36546
GET       2.800     79.56177
GET       2.900     79.74805
GET       3.000     79.93011
GET       3.100     80.09608
GET       3.200     80.25608
GET       3.300     80.40773
GET       3.400     80.55735
GET       3.500     80.69400
GET       3.600     80.82942
GET       3.700     80.96186
GET       3.800     81.08806
GET       3.900     81.21989
GET       4.000     81.34947
GET       4.100     81.47268
GET       4.200     81.59317
GET       4.300     81.71747
GET       4.400     81.84482
GET       4.500     81.96572
GET       4.600     82.09442
GET       4.700     82.23100
GET       4.800     82.37220
GET       4.900     82.49385
GET       5.000     82.60796
GET       5.100     82.71290
GET       5.200     82.82104
GET       5.300     82.91737
GET       5.400     83.02014
GET       5.500     83.13364
GET       5.600     83.24239
GET       5.700     83.35080
GET       5.800     83.45426
GET       5.900     83.56423
GET       6.000     83.67773
GET       6.100     83.79387
GET       6.200     83.89522
GET       6.300     83.99780
GET       6.400     84.09453
GET       6.500     84.18984
GET       6.600     84.28433
GET       6.700     84.38643
GET       6.800     84.48642
GET       6.900     84.58845
GET       7.000     84.68681
GET       7.100     84.78069
GET       7.200     84.87885
GET       7.300     84.97565
GET       7.400     85.07483
GET       7.500     85.17027
GET       7.600     85.26524
GET       7.700     85.36503
GET       7.800     85.45585
GET       7.900     85.54824
GET       8.000     85.63629
GET       8.100     85.71836
GET       8.200     85.80416
GET       8.300     85.90062
GET       8.400     85.99125
GET       8.500     86.07807
GET       8.600     86.17603
GET       8.700     86.28851
GET       8.800     86.39352
GET       8.900     86.48992
GET       9.000     86.57022
GET       9.100     86.64815
GET       9.200     86.72459
GET       9.300     86.80605
GET       9.400     86.88846
GET       9.500     86.96571
GET       9.600     87.04378
GET       9.700     87.11756
GET       9.800     87.19848
GET       9.900     87.27241
GET      10.000     87.73897
GET      11.000     88.55166
GET      12.000     89.26124
GET      13.000     90.02133
GET      14.000     90.68597
GET      15.000     91.36575
GET      16.000     91.98614
GET      17.000     92.56735
GET      18.000     93.07946
GET      19.000     93.60487
GET      20.000     94.08291
GET      21.000     94.55150
GET      22.000     94.94265
GET      23.000     95.37133
GET      24.000     95.73280
GET      25.000     96.06686
GET      26.000     96.35665
GET      27.000     96.61399
GET      28.000     96.85281
GET      29.000     97.11531
GET      30.000     97.33702
GET      31.000     97.54426
GET      32.000     97.72232
GET      33.000     97.89746
GET      34.000     98.05271
GET      35.000     98.21658
GET      36.000     98.33659
GET      37.000     98.46109
GET      38.000     98.57486
GET      39.000     98.67893
GET      40.000     98.77342
GET      41.000     98.85739
GET      42.000     98.94028
GET      43.000     99.01094
GET      44.000     99.07272
GET      45.000     99.13816
GET      46.000     99.19654
GET      47.000     99.24657
GET      48.000     99.28967
GET      49.000     99.33692
GET      50.000     99.37907
GET      51.000     99.41811
GET      52.000     99.46182
GET      53.000     99.50004
GET      54.000     99.53106
GET      55.000     99.55869
GET      56.000     99.58469
GET      57.000     99.60947
GET      58.000     99.63099
GET      59.000     99.64918
GET      60.000     99.66527
GET      61.000     99.68176
GET      62.000     99.69724
GET      63.000     99.71448
GET      64.000     99.73010
GET      65.000     99.74225
GET      66.000     99.75494
GET      67.000     99.76553
GET      68.000     99.77823
GET      69.000     99.79316
GET      70.000     99.80409
GET      71.000     99.81386
GET      72.000     99.82133
GET      73.000     99.82866
GET      74.000     99.83532
GET      75.000     99.84197
GET      76.000     99.84896
GET      77.000     99.85711
GET      78.000     99.86369
GET      79.000     99.86933
GET      80.000     99.87727
GET      81.000     99.88419
GET      82.000     99.89057
GET      83.000     99.89594
GET      84.000     99.90238
GET      85.000     99.90639
GET      86.000     99.91121
GET      87.000     99.91583
GET      88.000     99.91983
GET      89.000     99.92350
GET      90.000     99.92703
GET      91.000     99.93320
GET      92.000     99.93768
GET      93.000     99.94074
GET      94.000     99.94366
GET      95.000     99.94617
GET      96.000     99.94929
GET      97.000     99.95309
GET      98.000     99.95574
GET      99.000     99.95744
GET     100.000     99.96809
GET     110.000     99.98208
GET     120.000     99.99009
GET     130.000     99.99518
GET     140.000     99.99701
GET     150.000     99.99830
GET     160.000     99.99898
GET     170.000     99.99932
GET     180.000     99.99986
GET     190.000    100.00000
