[RUN #1] Preparing benchmark client...
[RUN #1] Launching threads now...
[RUN #1 5%,   0 secs]  8 threads:       71852 ops,       0 (avg:       0) ops/sec, 0.00KB/sec (avg: 0.00KB/sec),  0.00 (avg:  0.00) msec latency[RUN #1 10%,   1 secs]  8 threads:      149191 ops,   77323 (avg:   75367) ops/sec, 2.92MB/sec (avg: 2.85MB/sec),  4.15 (avg:  4.22) msec latency[RUN #1 15%,   2 secs]  8 threads:      226658 ops,   77451 (avg:   76067) ops/sec, 2.92MB/sec (avg: 2.87MB/sec),  4.11 (avg:  4.18) msec latency[RUN #1 20%,   3 secs]  8 threads:      304445 ops,   77776 (avg:   76496) ops/sec, 2.93MB/sec (avg: 2.89MB/sec),  4.14 (avg:  4.17) msec latency[RUN #1 25%,   4 secs]  8 threads:      382152 ops,   77695 (avg:   76737) ops/sec, 2.93MB/sec (avg: 2.90MB/sec),  4.10 (avg:  4.15) msec latency[RUN #1 30%,   5 secs]  8 threads:      460273 ops,   78110 (avg:   76967) ops/sec, 2.95MB/sec (avg: 2.90MB/sec),  4.09 (avg:  4.14) msec latency[RUN #1 35%,   6 secs]  8 threads:      538750 ops,   78466 (avg:   77181) ops/sec, 2.96MB/sec (avg: 2.91MB/sec),  4.07 (avg:  4.13) msec latency[RUN #1 40%,   7 secs]  8 threads:      616560 ops,   77799 (avg:   77259) ops/sec, 2.93MB/sec (avg: 2.91MB/sec),  4.12 (avg:  4.13) msec latency[RUN #1 45%,   8 secs]  8 threads:      694563 ops,   77991 (avg:   77340) ops/sec, 2.94MB/sec (avg: 2.92MB/sec),  4.10 (avg:  4.13) msec latency[RUN #1 50%,   9 secs]  8 threads:      773698 ops,   79121 (avg:   77519) ops/sec, 2.98MB/sec (avg: 2.92MB/sec),  4.06 (avg:  4.12) msec latency[RUN #1 55%,  10 secs]  8 threads:      851930 ops,   78220 (avg:   77583) ops/sec, 2.95MB/sec (avg: 2.93MB/sec),  4.07 (avg:  4.12) msec latency[RUN #1 60%,  11 secs]  8 threads:      930243 ops,   78301 (avg:   77643) ops/sec, 2.95MB/sec (avg: 2.93MB/sec),  4.08 (avg:  4.11) msec latency[RUN #1 65%,  12 secs]  8 threads:     1009741 ops,   79487 (avg:   77785) ops/sec, 3.00MB/sec (avg: 2.93MB/sec),  4.02 (avg:  4.11) msec latency[RUN #1 70%,  13 secs]  8 threads:     1089937 ops,   80184 (avg:   77956) ops/sec, 3.02MB/sec (avg: 2.94MB/sec),  4.00 (avg:  4.10) msec latency[RUN #1 75%,  14 secs]  8 threads:     1167714 ops,   77764 (avg:   77943) ops/sec, 2.93MB/sec (avg: 2.94MB/sec),  4.10 (avg:  4.10) msec latency[RUN #1 80%,  15 secs]  8 threads:     1247526 ops,   79800 (avg:   78060) ops/sec, 3.01MB/sec (avg: 2.94MB/sec),  4.01 (avg:  4.09) msec latency[RUN #1 85%,  16 secs]  8 threads:     1326104 ops,   78567 (avg:   78089) ops/sec, 2.96MB/sec (avg: 2.95MB/sec),  4.05 (avg:  4.09) msec latency[RUN #1 90%,  17 secs]  8 threads:     1405780 ops,   79663 (avg:   78177) ops/sec, 3.00MB/sec (avg: 2.95MB/sec),  4.05 (avg:  4.09) msec latency[RUN #1 95%,  18 secs]  8 threads:     1484446 ops,   78655 (avg:   78202) ops/sec, 2.97MB/sec (avg: 2.95MB/sec),  4.06 (avg:  4.09) msec latency[RUN #1 100%,  19 secs]  8 threads:     1565532 ops,   78655 (avg:   78348) ops/sec, 2.97MB/sec (avg: 2.95MB/sec),  4.06 (avg:  4.08) msec latency[RUN #1 100%,  20 secs]  0 threads:     1597119 ops,   78655 (avg:   79823) ops/sec, 2.97MB/sec (avg: 3.01MB/sec),  4.06 (avg:  4.01) msec latency

8         Threads
40        Connections per thread
20        Seconds
Type        Ops/sec     Hits/sec   Misses/sec      Latency       KB/sec
------------------------------------------------------------------------
Sets        7264.02          ---          ---      4.28900       538.45
Gets       72560.28      3285.95     69274.33      3.97600      2544.37
Totals     79824.30      3285.95     69274.33      4.00500      3082.82


Request Latency Distribution
Type     <= msec         Percent
------------------------------------------------------------------------
SET       1.000     72.44355
SET       2.000     76.49548
SET       3.000     78.50734
SET       4.000     80.12151
SET       5.000     81.43638
SET       6.000     82.52074
SET       7.000     83.67461
SET       8.000     84.72801
SET       9.000     85.63349
SET      10.000     86.62635
SET      11.000     87.53182
SET      12.000     88.43799
SET      13.000     89.23131
SET      14.000     89.93312
SET      15.000     90.62943
SET      16.000     91.30922
SET      17.000     91.85691
SET      18.000     92.43556
SET      19.000     92.97912
SET      20.000     93.50204
SET      21.000     93.93345
SET      22.000     94.36348
SET      23.000     94.77012
SET      24.000     95.17126
SET      25.000     95.51872
SET      26.000     95.84142
SET      27.000     96.09806
SET      28.000     96.39392
SET      29.000     96.67534
SET      30.000     96.89001
SET      31.000     97.11775
SET      32.000     97.28426
SET      33.000     97.47004
SET      34.000     97.65306
SET      35.000     97.82438
SET      36.000     97.97369
SET      37.000     98.11199
SET      38.000     98.25166
SET      39.000     98.36313
SET      40.000     98.46289
SET      41.000     98.56748
SET      42.000     98.64660
SET      43.000     98.72986
SET      44.000     98.80073
SET      45.000     98.87366
SET      46.000     98.93214
SET      47.000     98.99545
SET      48.000     99.05324
SET      49.000     99.10072
SET      50.000     99.15026
SET      51.000     99.20048
SET      52.000     99.24658
SET      53.000     99.28787
SET      54.000     99.32984
SET      55.000     99.35667
SET      56.000     99.38695
SET      57.000     99.41034
SET      58.000     99.44749
SET      59.000     99.47158
SET      60.000     99.49566
SET      61.000     99.51974
SET      62.000     99.54795
SET      63.000     99.56653
SET      64.000     99.58373
SET      65.000     99.60024
SET      66.000     99.61813
SET      67.000     99.63602
SET      68.000     99.65529
SET      69.000     99.67730
SET      70.000     99.69657
SET      71.000     99.70964
SET      72.000     99.72478
SET      73.000     99.73716
SET      74.000     99.74817
SET      75.000     99.75918
SET      76.000     99.76950
SET      77.000     99.78120
SET      78.000     99.78877
SET      79.000     99.79909
SET      80.000     99.80735
SET      81.000     99.81835
SET      82.000     99.82592
SET      83.000     99.83143
SET      84.000     99.83624
SET      85.000     99.84725
SET      86.000     99.85413
SET      87.000     99.85689
SET      88.000     99.86721
SET      89.000     99.87340
SET      90.000     99.87959
SET      91.000     99.88785
SET      92.000     99.89266
SET      93.000     99.89748
SET      94.000     99.90298
SET      95.000     99.90711
SET      96.000     99.90987
SET      97.000     99.91468
SET      98.000     99.92569
SET      99.000     99.92707
SET     100.000     99.93876
SET     110.000     99.95872
SET     120.000     99.96973
SET     130.000     99.97661
SET     140.000     99.98624
SET     150.000     99.99106
SET     160.000     99.99381
SET     180.000     99.99725
SET     190.000     99.99862
SET     210.000    100.00000
---
GET       0.059      0.00007
GET       0.060      0.00014
GET       0.061      0.00034
GET       0.063      0.00076
GET       0.064      0.00083
GET       0.065      0.00131
GET       0.066      0.00172
GET       0.067      0.00186
GET       0.068      0.00214
GET       0.069      0.00289
GET       0.070      0.00379
GET       0.071      0.00434
GET       0.072      0.00517
GET       0.073      0.00613
GET       0.074      0.00716
GET       0.075      0.00889
GET       0.076      0.00999
GET       0.077      0.01199
GET       0.078      0.01391
GET       0.079      0.01598
GET       0.080      0.01874
GET       0.081      0.02128
GET       0.082      0.02321
GET       0.083      0.02714
GET       0.084      0.03217
GET       0.085      0.03713
GET       0.086      0.04195
GET       0.087      0.04801
GET       0.088      0.05421
GET       0.089      0.06165
GET       0.090      0.06923
GET       0.091      0.07694
GET       0.092      0.08410
GET       0.093      0.09437
GET       0.094      0.10580
GET       0.095      0.12157
GET       0.096      0.13528
GET       0.097      0.14885
GET       0.098      0.16497
GET       0.099      0.18129
GET       0.100      0.26251
GET       0.110      0.46095
GET       0.120      0.64920
GET       0.130      0.84007
GET       0.140      1.05725
GET       0.150      1.27078
GET       0.160      1.42280
GET       0.170      1.53584
GET       0.180      1.63675
GET       0.190      1.73780
GET       0.200      1.84883
GET       0.210      1.95629
GET       0.220      2.06856
GET       0.230      2.21852
GET       0.240      2.47799
GET       0.250      2.88763
GET       0.260      3.47208
GET       0.270      4.39398
GET       0.280      5.91976
GET       0.290      8.62720
GET       0.300     11.95559
GET       0.310     15.42436
GET       0.320     18.99219
GET       0.330     22.74379
GET       0.340     26.94318
GET       0.350     30.29975
GET       0.360     32.73765
GET       0.370     34.47483
GET       0.380     35.88937
GET       0.390     37.14658
GET       0.400     38.14659
GET       0.410     38.92577
GET       0.420     39.56726
GET       0.430     40.16577
GET       0.440     40.71489
GET       0.450     41.18321
GET       0.460     41.57142
GET       0.470     41.90184
GET       0.480     42.20340
GET       0.490     42.49208
GET       0.500     42.75459
GET       0.510     43.00966
GET       0.520     43.27257
GET       0.530     43.56697
GET       0.540     43.92522
GET       0.550     44.34078
GET       0.560     44.85057
GET       0.570     45.50493
GET       0.580     46.36071
GET       0.590     47.44683
GET       0.600     48.75467
GET       0.610     50.26963
GET       0.620     51.95983
GET       0.630     53.84173
GET       0.640     55.81172
GET       0.650     57.71180
GET       0.660     59.46778
GET       0.670     61.05466
GET       0.680     62.48456
GET       0.690     63.74129
GET       0.700     64.80426
GET       0.710     65.72796
GET       0.720     66.51279
GET       0.730     67.22743
GET       0.740     67.87057
GET       0.750     68.43580
GET       0.760     68.93953
GET       0.770     69.39401
GET       0.780     69.80757
GET       0.790     70.17828
GET       0.800     70.52090
GET       0.810     70.83727
GET       0.820     71.12354
GET       0.830     71.37853
GET       0.840     71.61135
GET       0.850     71.82729
GET       0.860     72.02271
GET       0.870     72.19939
GET       0.880     72.36270
GET       0.890     72.51287
GET       0.900     72.64374
GET       0.910     72.75918
GET       0.920     72.86650
GET       0.930     72.96479
GET       0.940     73.05179
GET       0.950     73.13334
GET       0.960     73.20519
GET       0.970     73.26925
GET       0.980     73.33537
GET       0.990     73.39606
GET       1.000     73.68060
GET       1.100     74.10002
GET       1.200     74.59527
GET       1.300     75.19261
GET       1.400     75.74255
GET       1.500     76.18181
GET       1.600     76.52662
GET       1.700     76.81145
GET       1.800     77.06025
GET       1.900     77.29189
GET       2.000     77.52726
GET       2.100     77.76180
GET       2.200     77.98015
GET       2.300     78.21352
GET       2.400     78.43277
GET       2.500     78.63638
GET       2.600     78.84681
GET       2.700     79.04284
GET       2.800     79.23971
GET       2.900     79.42327
GET       3.000     79.60546
GET       3.100     79.77684
GET       3.200     79.92796
GET       3.300     80.08295
GET       3.400     80.23896
GET       3.500     80.38065
GET       3.600     80.51132
GET       3.700     80.64536
GET       3.800     80.77527
GET       3.900     80.90470
GET       4.000     81.03261
GET       4.100     81.15852
GET       4.200     81.27961
GET       4.300     81.41331
GET       4.400     81.53296
GET       4.500     81.64716
GET       4.600     81.77287
GET       4.700     81.91359
GET       4.800     82.05363
GET       4.900     82.18347
GET       5.000     82.29657
GET       5.100     82.41050
GET       5.200     82.52560
GET       5.300     82.62624
GET       5.400     82.73032
GET       5.500     82.84707
GET       5.600     82.95542
GET       5.700     83.06253
GET       5.800     83.16516
GET       5.900     83.27937
GET       6.000     83.39391
GET       6.100     83.51094
GET       6.200     83.62108
GET       6.300     83.71972
GET       6.400     83.82538
GET       6.500     83.91569
GET       6.600     84.01529
GET       6.700     84.11765
GET       6.800     84.22152
GET       6.900     84.32394
GET       7.000     84.41852
GET       7.100     84.51619
GET       7.200     84.61758
GET       7.300     84.71980
GET       7.400     84.81630
GET       7.500     84.91763
GET       7.600     85.01344
GET       7.700     85.11545
GET       7.800     85.20679
GET       7.900     85.30378
GET       8.000     85.39835
GET       8.100     85.48225
GET       8.200     85.57827
GET       8.300     85.67642
GET       8.400     85.77134
GET       8.500     85.86082
GET       8.600     85.95367
GET       8.700     86.06532
GET       8.800     86.17815
GET       8.900     86.27444
GET       9.000     86.35545
GET       9.100     86.43432
GET       9.200     86.51332
GET       9.300     86.60053
GET       9.400     86.68718
GET       9.500     86.76784
GET       9.600     86.84244
GET       9.700     86.92096
GET       9.800     87.00107
GET       9.900     87.07663
GET      10.000     87.54268
GET      11.000     88.36388
GET      12.000     89.08795
GET      13.000     89.86114
GET      14.000     90.52991
GET      15.000     91.21369
GET      16.000     91.84388
GET      17.000     92.43150
GET      18.000     92.96306
GET      19.000     93.49544
GET      20.000     93.97361
GET      21.000     94.44655
GET      22.000     94.84853
GET      23.000     95.27098
GET      24.000     95.64087
GET      25.000     95.98528
GET      26.000     96.27898
GET      27.000     96.54238
GET      28.000     96.78092
GET      29.000     97.04687
GET      30.000     97.26963
GET      31.000     97.48282
GET      32.000     97.66535
GET      33.000     97.84947
GET      34.000     98.00755
GET      35.000     98.17018
GET      36.000     98.29678
GET      37.000     98.42084
GET      38.000     98.53532
GET      39.000     98.64036
GET      40.000     98.74099
GET      41.000     98.82785
GET      42.000     98.91402
GET      43.000     98.98428
GET      44.000     99.04786
GET      45.000     99.11502
GET      46.000     99.17474
GET      47.000     99.22784
GET      48.000     99.27145
GET      49.000     99.31897
GET      50.000     99.36388
GET      51.000     99.40625
GET      52.000     99.44737
GET      53.000     99.48587
GET      54.000     99.51570
GET      55.000     99.54463
GET      56.000     99.57184
GET      57.000     99.59966
GET      58.000     99.61998
GET      59.000     99.63755
GET      60.000     99.65380
GET      61.000     99.67082
GET      62.000     99.68570
GET      63.000     99.70147
GET      64.000     99.71979
GET      65.000     99.73364
GET      66.000     99.74652
GET      67.000     99.75513
GET      68.000     99.76739
GET      69.000     99.78282
GET      70.000     99.79597
GET      71.000     99.80514
GET      72.000     99.81533
GET      73.000     99.82573
GET      74.000     99.83420
GET      75.000     99.84309
GET      76.000     99.85025
GET      77.000     99.85838
GET      78.000     99.86403
GET      79.000     99.86871
GET      80.000     99.87477
GET      81.000     99.88035
GET      82.000     99.88683
GET      83.000     99.89275
GET      84.000     99.89909
GET      85.000     99.90260
GET      86.000     99.90915
GET      87.000     99.91362
GET      88.000     99.91769
GET      89.000     99.92223
GET      90.000     99.92685
GET      91.000     99.93284
GET      92.000     99.93697
GET      93.000     99.94028
GET      94.000     99.94338
GET      95.000     99.94510
GET      96.000     99.94786
GET      97.000     99.95178
GET      98.000     99.95419
GET      99.000     99.95592
GET     100.000     99.96625
GET     110.000     99.98085
GET     120.000     99.98987
GET     130.000     99.99490
GET     140.000     99.99724
GET     150.000     99.99814
GET     160.000     99.99897
GET     170.000     99.99924
GET     180.000     99.99979
GET     190.000     99.99986
GET     210.000    100.00000
