[RUN #1] Preparing benchmark client...
[RUN #1] Launching threads now...
[RUN #1 5%,   0 secs]  8 threads:       75732 ops,       0 (avg:       0) ops/sec, 0.00KB/sec (avg: 0.00KB/sec),  0.00 (avg:  0.00) msec latency[RUN #1 10%,   1 secs]  8 threads:      153166 ops,   77422 (avg:   76603) ops/sec, 2.92MB/sec (avg: 2.89MB/sec),  4.13 (avg:  4.14) msec latency[RUN #1 15%,   2 secs]  8 threads:      231844 ops,   78666 (avg:   77291) ops/sec, 2.97MB/sec (avg: 2.92MB/sec),  4.07 (avg:  4.12) msec latency[RUN #1 20%,   3 secs]  8 threads:      309472 ops,   77617 (avg:   77373) ops/sec, 2.93MB/sec (avg: 2.92MB/sec),  4.12 (avg:  4.12) msec latency[RUN #1 25%,   4 secs]  8 threads:      387273 ops,   77790 (avg:   77456) ops/sec, 2.93MB/sec (avg: 2.92MB/sec),  4.10 (avg:  4.12) msec latency[RUN #1 30%,   6 secs]  8 threads:      465192 ops,   77908 (avg:   77531) ops/sec, 2.94MB/sec (avg: 2.93MB/sec),  4.12 (avg:  4.12) msec latency[RUN #1 35%,   7 secs]  8 threads:      543274 ops,   78071 (avg:   77608) ops/sec, 2.94MB/sec (avg: 2.93MB/sec),  4.07 (avg:  4.11) msec latency[RUN #1 40%,   8 secs]  8 threads:      621101 ops,   77816 (avg:   77634) ops/sec, 2.93MB/sec (avg: 2.93MB/sec),  4.11 (avg:  4.11) msec latency[RUN #1 45%,   9 secs]  8 threads:      699456 ops,   78343 (avg:   77713) ops/sec, 2.95MB/sec (avg: 2.93MB/sec),  4.09 (avg:  4.11) msec latency[RUN #1 50%,  10 secs]  8 threads:      776436 ops,   76968 (avg:   77639) ops/sec, 2.90MB/sec (avg: 2.93MB/sec),  4.16 (avg:  4.11) msec latency[RUN #1 55%,  11 secs]  8 threads:      854419 ops,   77959 (avg:   77668) ops/sec, 2.94MB/sec (avg: 2.93MB/sec),  4.10 (avg:  4.11) msec latency[RUN #1 60%,  12 secs]  8 threads:      932372 ops,   77941 (avg:   77691) ops/sec, 2.94MB/sec (avg: 2.93MB/sec),  4.08 (avg:  4.11) msec latency[RUN #1 65%,  13 secs]  8 threads:     1010016 ops,   77632 (avg:   77686) ops/sec, 2.93MB/sec (avg: 2.93MB/sec),  4.13 (avg:  4.11) msec latency[RUN #1 70%,  14 secs]  8 threads:     1088677 ops,   78649 (avg:   77755) ops/sec, 2.97MB/sec (avg: 2.93MB/sec),  4.05 (avg:  4.11) msec latency[RUN #1 75%,  15 secs]  8 threads:     1167152 ops,   78463 (avg:   77802) ops/sec, 2.96MB/sec (avg: 2.93MB/sec),  4.10 (avg:  4.11) msec latency[RUN #1 80%,  16 secs]  8 threads:     1245456 ops,   78292 (avg:   77833) ops/sec, 2.95MB/sec (avg: 2.94MB/sec),  4.07 (avg:  4.10) msec latency[RUN #1 85%,  17 secs]  8 threads:     1324842 ops,   79374 (avg:   77923) ops/sec, 2.99MB/sec (avg: 2.94MB/sec),  4.04 (avg:  4.10) msec latency[RUN #1 90%,  18 secs]  8 threads:     1402670 ops,   77816 (avg:   77917) ops/sec, 2.94MB/sec (avg: 2.94MB/sec),  4.10 (avg:  4.10) msec latency[RUN #1 95%,  19 secs]  8 threads:     1481603 ops,   78921 (avg:   77970) ops/sec, 2.98MB/sec (avg: 2.94MB/sec),  4.03 (avg:  4.10) msec latency[RUN #1 100%,  20 secs]  0 threads:     1570914 ops,   78921 (avg:   78543) ops/sec, 2.98MB/sec (avg: 2.96MB/sec),  4.03 (avg:  4.07) msec latency

8         Threads
40        Connections per thread
20        Seconds
Type        Ops/sec     Hits/sec   Misses/sec      Latency       KB/sec
------------------------------------------------------------------------
Sets        7147.29          ---          ---      4.44400       529.79
Gets       71393.88      3220.81     68173.07      4.03200      2503.47
Totals     78541.17      3220.81     68173.07      4.06900      3033.27


Request Latency Distribution
Type     <= msec         Percent
------------------------------------------------------------------------
SET       1.000     73.39494
SET       2.000     76.75266
SET       3.000     78.56303
SET       4.000     80.11458
SET       5.000     81.36673
SET       6.000     82.45520
SET       7.000     83.39536
SET       8.000     84.28725
SET       9.000     85.12039
SET      10.000     85.94023
SET      11.000     86.64396
SET      12.000     87.34908
SET      13.000     88.02412
SET      14.000     88.71665
SET      15.000     89.33433
SET      16.000     89.97090
SET      17.000     90.52422
SET      18.000     91.11392
SET      19.000     91.56372
SET      20.000     92.03870
SET      21.000     92.49899
SET      22.000     93.04252
SET      23.000     93.50910
SET      24.000     93.87845
SET      25.000     94.21492
SET      26.000     94.59337
SET      27.000     94.91235
SET      28.000     95.22154
SET      29.000     95.51954
SET      30.000     95.83502
SET      31.000     96.11483
SET      32.000     96.36596
SET      33.000     96.58282
SET      34.000     96.78428
SET      35.000     96.98714
SET      36.000     97.18651
SET      37.000     97.35649
SET      38.000     97.53557
SET      39.000     97.71465
SET      40.000     97.85316
SET      41.000     97.97417
SET      42.000     98.08610
SET      43.000     98.18473
SET      44.000     98.30085
SET      45.000     98.38759
SET      46.000     98.48063
SET      47.000     98.55828
SET      48.000     98.63383
SET      49.000     98.70938
SET      50.000     98.77793
SET      51.000     98.83809
SET      52.000     98.88356
SET      53.000     98.94651
SET      54.000     99.00597
SET      55.000     99.03885
SET      56.000     99.07733
SET      57.000     99.10391
SET      58.000     99.14588
SET      59.000     99.17946
SET      60.000     99.21233
SET      61.000     99.23472
SET      62.000     99.26130
SET      63.000     99.28229
SET      64.000     99.30467
SET      65.000     99.32985
SET      66.000     99.34804
SET      67.000     99.36973
SET      68.000     99.39141
SET      69.000     99.42009
SET      70.000     99.44318
SET      71.000     99.46067
SET      72.000     99.47606
SET      73.000     99.49634
SET      74.000     99.52782
SET      75.000     99.55440
SET      76.000     99.56909
SET      77.000     99.58238
SET      78.000     99.58868
SET      79.000     99.59707
SET      80.000     99.60267
SET      81.000     99.61176
SET      82.000     99.62226
SET      83.000     99.64184
SET      84.000     99.64884
SET      85.000     99.65164
SET      86.000     99.65723
SET      87.000     99.66143
SET      88.000     99.66982
SET      89.000     99.67752
SET      90.000     99.68102
SET      91.000     99.68661
SET      92.000     99.69011
SET      93.000     99.69501
SET      94.000     99.70760
SET      95.000     99.71459
SET      96.000     99.72019
SET      97.000     99.72089
SET      98.000     99.73068
SET      99.000     99.73628
SET     100.000     99.76286
SET     110.000     99.80203
SET     120.000     99.83421
SET     130.000     99.89717
SET     140.000     99.94893
SET     150.000     99.98531
SET     160.000     99.98811
SET     170.000     99.99021
SET     180.000     99.99300
SET     190.000     99.99510
SET     200.000     99.99650
SET     230.000     99.99720
SET     240.000     99.99860
SET     260.000     99.99930
SET     270.000    100.00000
---
GET       0.077      0.00007
GET       0.083      0.00021
GET       0.084      0.00028
GET       0.085      0.00042
GET       0.087      0.00049
GET       0.088      0.00056
GET       0.089      0.00105
GET       0.090      0.00133
GET       0.091      0.00154
GET       0.092      0.00196
GET       0.093      0.00252
GET       0.094      0.00280
GET       0.095      0.00315
GET       0.096      0.00364
GET       0.097      0.00406
GET       0.098      0.00441
GET       0.099      0.00483
GET       0.100      0.00756
GET       0.110      0.01422
GET       0.120      0.02269
GET       0.130      0.04230
GET       0.140      0.09741
GET       0.150      0.19167
GET       0.160      0.31598
GET       0.170      0.51969
GET       0.180      0.96116
GET       0.190      2.00251
GET       0.200      3.49688
GET       0.210      5.13390
GET       0.220      7.04144
GET       0.230      9.75090
GET       0.240     14.07904
GET       0.250     17.90645
GET       0.260     20.61661
GET       0.270     22.59181
GET       0.280     24.32169
GET       0.290     26.09548
GET       0.300     27.43858
GET       0.310     28.34288
GET       0.320     29.04507
GET       0.330     29.68543
GET       0.340     30.37067
GET       0.350     30.95157
GET       0.360     31.46846
GET       0.370     31.94438
GET       0.380     32.49440
GET       0.390     33.16732
GET       0.400     33.92798
GET       0.410     34.78046
GET       0.420     35.83763
GET       0.430     37.28858
GET       0.440     39.28289
GET       0.450     41.51244
GET       0.460     43.90599
GET       0.470     46.47574
GET       0.480     49.35341
GET       0.490     52.40896
GET       0.500     55.16380
GET       0.510     57.47675
GET       0.520     59.45202
GET       0.530     61.24905
GET       0.540     62.83895
GET       0.550     64.14367
GET       0.560     65.19426
GET       0.570     66.11726
GET       0.580     66.97499
GET       0.590     67.75435
GET       0.600     68.43231
GET       0.610     69.01398
GET       0.620     69.54389
GET       0.630     70.03593
GET       0.640     70.50064
GET       0.650     70.90689
GET       0.660     71.27097
GET       0.670     71.59563
GET       0.680     71.89662
GET       0.690     72.16708
GET       0.700     72.38361
GET       0.710     72.58144
GET       0.720     72.75918
GET       0.730     72.92158
GET       0.740     73.07186
GET       0.750     73.20345
GET       0.760     73.31543
GET       0.770     73.42342
GET       0.780     73.52370
GET       0.790     73.61390
GET       0.800     73.70129
GET       0.810     73.77434
GET       0.820     73.84948
GET       0.830     73.92182
GET       0.840     73.99178
GET       0.850     74.06146
GET       0.860     74.12659
GET       0.870     74.19641
GET       0.880     74.26314
GET       0.890     74.33296
GET       0.900     74.40615
GET       0.910     74.47828
GET       0.920     74.55048
GET       0.930     74.62219
GET       0.940     74.70076
GET       0.950     74.77793
GET       0.960     74.85693
GET       0.970     74.94307
GET       0.980     75.02892
GET       0.990     75.11177
GET       1.000     75.59715
GET       1.100     76.39213
GET       1.200     77.00720
GET       1.300     77.43690
GET       1.400     77.75890
GET       1.500     78.04925
GET       1.600     78.31935
GET       1.700     78.57076
GET       1.800     78.82021
GET       1.900     79.05095
GET       2.000     79.28198
GET       2.100     79.51105
GET       2.200     79.73228
GET       2.300     79.94300
GET       2.400     80.14377
GET       2.500     80.32991
GET       2.600     80.51073
GET       2.700     80.67705
GET       2.800     80.83896
GET       2.900     80.98868
GET       3.000     81.13070
GET       3.100     81.25501
GET       3.200     81.38904
GET       3.300     81.51216
GET       3.400     81.63275
GET       3.500     81.75376
GET       3.600     81.86959
GET       3.700     81.97569
GET       3.800     82.09292
GET       3.900     82.20910
GET       4.000     82.31883
GET       4.100     82.43389
GET       4.200     82.54594
GET       4.300     82.65491
GET       4.400     82.77326
GET       4.500     82.90358
GET       4.600     83.02768
GET       4.700     83.13965
GET       4.800     83.24358
GET       4.900     83.34442
GET       5.000     83.44190
GET       5.100     83.54716
GET       5.200     83.64849
GET       5.300     83.74982
GET       5.400     83.84458
GET       5.500     83.93295
GET       5.600     84.02658
GET       5.700     84.11426
GET       5.800     84.20677
GET       5.900     84.30369
GET       6.000     84.39767
GET       6.100     84.48346
GET       6.200     84.57548
GET       6.300     84.67065
GET       6.400     84.76204
GET       6.500     84.84986
GET       6.600     84.94538
GET       6.700     85.03375
GET       6.800     85.11681
GET       6.900     85.19952
GET       7.000     85.28201
GET       7.100     85.36465
GET       7.200     85.44952
GET       7.300     85.53468
GET       7.400     85.61633
GET       7.500     85.69484
GET       7.600     85.77040
GET       7.700     85.85016
GET       7.800     85.92264
GET       7.900     85.99870
GET       8.000     86.07307
GET       8.100     86.15213
GET       8.200     86.23708
GET       8.300     86.32364
GET       8.400     86.41433
GET       8.500     86.50901
GET       8.600     86.60271
GET       8.700     86.68842
GET       8.800     86.75971
GET       8.900     86.83514
GET       9.000     86.91028
GET       9.100     86.98822
GET       9.200     87.06245
GET       9.300     87.13851
GET       9.400     87.20762
GET       9.500     87.28123
GET       9.600     87.35084
GET       9.700     87.41792
GET       9.800     87.48732
GET       9.900     87.55784
GET      10.000     87.93678
GET      11.000     88.59926
GET      12.000     89.20894
GET      13.000     89.83144
GET      14.000     90.42641
GET      15.000     90.98049
GET      16.000     91.49052
GET      17.000     91.99487
GET      18.000     92.45532
GET      19.000     92.91122
GET      20.000     93.34603
GET      21.000     93.80179
GET      22.000     94.21671
GET      23.000     94.62786
GET      24.000     94.98046
GET      25.000     95.30414
GET      26.000     95.61563
GET      27.000     95.92075
GET      28.000     96.16838
GET      29.000     96.42455
GET      30.000     96.67526
GET      31.000     96.91000
GET      32.000     97.10405
GET      33.000     97.31022
GET      34.000     97.49118
GET      35.000     97.66114
GET      36.000     97.81149
GET      37.000     97.95379
GET      38.000     98.08930
GET      39.000     98.22292
GET      40.000     98.33329
GET      41.000     98.44155
GET      42.000     98.54009
GET      43.000     98.63323
GET      44.000     98.72062
GET      45.000     98.80459
GET      46.000     98.87994
GET      47.000     98.95102
GET      48.000     99.01482
GET      49.000     99.08219
GET      50.000     99.14591
GET      51.000     99.19788
GET      52.000     99.24200
GET      53.000     99.29270
GET      54.000     99.33871
GET      55.000     99.37722
GET      56.000     99.40720
GET      57.000     99.43822
GET      58.000     99.46651
GET      59.000     99.49648
GET      60.000     99.52310
GET      61.000     99.55076
GET      62.000     99.57240
GET      63.000     99.59341
GET      64.000     99.61014
GET      65.000     99.63283
GET      66.000     99.65202
GET      67.000     99.66757
GET      68.000     99.68423
GET      69.000     99.70755
GET      70.000     99.72639
GET      71.000     99.74271
GET      72.000     99.75840
GET      73.000     99.77107
GET      74.000     99.78319
GET      75.000     99.79194
GET      76.000     99.80118
GET      77.000     99.81337
GET      78.000     99.82044
GET      79.000     99.82976
GET      80.000     99.83830
GET      81.000     99.84537
GET      82.000     99.85140
GET      83.000     99.85679
GET      84.000     99.86176
GET      85.000     99.86708
GET      86.000     99.87227
GET      87.000     99.87640
GET      88.000     99.88074
GET      89.000     99.88641
GET      90.000     99.89012
GET      91.000     99.89411
GET      92.000     99.89811
GET      93.000     99.90119
GET      94.000     99.90483
GET      95.000     99.90812
GET      96.000     99.91155
GET      97.000     99.91701
GET      98.000     99.92066
GET      99.000     99.92395
GET     100.000     99.94040
GET     110.000     99.95994
GET     120.000     99.97241
GET     130.000     99.97927
GET     140.000     99.98515
GET     150.000     99.99006
GET     160.000     99.99314
GET     170.000     99.99552
GET     180.000     99.99692
GET     190.000     99.99797
GET     200.000     99.99825
GET     210.000     99.99881
GET     220.000     99.99909
GET     230.000     99.99930
GET     240.000     99.99965
GET     270.000     99.99972
GET     290.000     99.99993
GET     350.000    100.00000
