[RUN #1] Preparing benchmark client...
[RUN #1] Launching threads now...
[RUN #1 5%,   1 secs]  8 threads:       76658 ops,   76628 (avg:   76628) ops/sec, 2.89MB/sec (avg: 2.89MB/sec),  4.11 (avg:  4.11) msec latency[RUN #1 10%,   2 secs]  8 threads:      156650 ops,   79980 (avg:   78304) ops/sec, 3.02MB/sec (avg: 2.96MB/sec),  3.99 (avg:  4.05) msec latency[RUN #1 15%,   3 secs]  8 threads:      239776 ops,   83114 (avg:   79907) ops/sec, 3.13MB/sec (avg: 3.02MB/sec),  3.86 (avg:  3.98) msec latency[RUN #1 20%,   4 secs]  8 threads:      321634 ops,   81845 (avg:   80391) ops/sec, 3.09MB/sec (avg: 3.03MB/sec),  3.91 (avg:  3.96) msec latency[RUN #1 25%,   5 secs]  8 threads:      401606 ops,   79957 (avg:   80305) ops/sec, 3.02MB/sec (avg: 3.03MB/sec),  3.99 (avg:  3.97) msec latency[RUN #1 30%,   6 secs]  8 threads:      483568 ops,   81950 (avg:   80579) ops/sec, 3.09MB/sec (avg: 3.04MB/sec),  3.92 (avg:  3.96) msec latency[RUN #1 35%,   7 secs]  8 threads:      564618 ops,   81038 (avg:   80644) ops/sec, 3.06MB/sec (avg: 3.04MB/sec),  3.92 (avg:  3.95) msec latency[RUN #1 40%,   8 secs]  8 threads:      644525 ops,   79896 (avg:   80551) ops/sec, 3.01MB/sec (avg: 3.04MB/sec),  4.02 (avg:  3.96) msec latency[RUN #1 45%,   9 secs]  8 threads:      724762 ops,   80224 (avg:   80515) ops/sec, 3.02MB/sec (avg: 3.04MB/sec),  3.99 (avg:  3.97) msec latency[RUN #1 50%,  10 secs]  8 threads:      805553 ops,   80777 (avg:   80541) ops/sec, 3.05MB/sec (avg: 3.04MB/sec),  3.94 (avg:  3.96) msec latency[RUN #1 55%,  11 secs]  8 threads:      887330 ops,   81766 (avg:   80652) ops/sec, 3.08MB/sec (avg: 3.04MB/sec),  3.92 (avg:  3.96) msec latency[RUN #1 60%,  12 secs]  8 threads:      968158 ops,   80817 (avg:   80666) ops/sec, 3.05MB/sec (avg: 3.04MB/sec),  3.94 (avg:  3.96) msec latency[RUN #1 65%,  13 secs]  8 threads:     1047052 ops,   78882 (avg:   80529) ops/sec, 2.97MB/sec (avg: 3.04MB/sec),  4.08 (avg:  3.97) msec latency[RUN #1 70%,  14 secs]  8 threads:     1128621 ops,   81555 (avg:   80602) ops/sec, 3.08MB/sec (avg: 3.04MB/sec),  3.91 (avg:  3.96) msec latency[RUN #1 75%,  15 secs]  8 threads:     1208266 ops,   79633 (avg:   80537) ops/sec, 3.00MB/sec (avg: 3.04MB/sec),  3.99 (avg:  3.96) msec latency[RUN #1 80%,  16 secs]  8 threads:     1288466 ops,   80187 (avg:   80515) ops/sec, 3.02MB/sec (avg: 3.04MB/sec),  3.98 (avg:  3.97) msec latency[RUN #1 85%,  17 secs]  8 threads:     1370578 ops,   82098 (avg:   80609) ops/sec, 3.10MB/sec (avg: 3.04MB/sec),  3.93 (avg:  3.96) msec latency[RUN #1 90%,  18 secs]  8 threads:     1450410 ops,   79820 (avg:   80565) ops/sec, 3.01MB/sec (avg: 3.04MB/sec),  4.00 (avg:  3.97) msec latency[RUN #1 95%,  19 secs]  8 threads:     1531232 ops,   80809 (avg:   80578) ops/sec, 3.05MB/sec (avg: 3.04MB/sec),  3.93 (avg:  3.96) msec latency[RUN #1 100%,  20 secs]  8 threads:     1618935 ops,   80809 (avg:   80938) ops/sec, 3.05MB/sec (avg: 3.05MB/sec),  3.93 (avg:  3.95) msec latency[RUN #1 100%,  20 secs]  0 threads:     1619060 ops,   80809 (avg:   80942) ops/sec, 3.05MB/sec (avg: 3.05MB/sec),  3.93 (avg:  3.95) msec latency

8         Threads
40        Connections per thread
20        Seconds
Type        Ops/sec     Hits/sec   Misses/sec      Latency       KB/sec
------------------------------------------------------------------------
Sets        7366.18          ---          ---      4.27300       546.02
Gets       73580.06      3315.37     70264.68      3.91700      2580.15
Totals     80946.24      3315.37     70264.68      3.94900      3126.17


Request Latency Distribution
Type     <= msec         Percent
------------------------------------------------------------------------
SET       1.000     74.12445
SET       2.000     77.65923
SET       3.000     79.21825
SET       4.000     80.63474
SET       5.000     81.99761
SET       6.000     83.25460
SET       7.000     84.22517
SET       8.000     85.15977
SET       9.000     85.92876
SET      10.000     86.68282
SET      11.000     87.36426
SET      12.000     88.05044
SET      13.000     88.66808
SET      14.000     89.29793
SET      15.000     89.89181
SET      16.000     90.46533
SET      17.000     91.01509
SET      18.000     91.62798
SET      19.000     92.13974
SET      20.000     92.73905
SET      21.000     93.17343
SET      22.000     93.66278
SET      23.000     94.06798
SET      24.000     94.43788
SET      25.000     94.77385
SET      26.000     95.12746
SET      27.000     95.47293
SET      28.000     95.72270
SET      29.000     95.99487
SET      30.000     96.32269
SET      31.000     96.57585
SET      32.000     96.79915
SET      33.000     96.98037
SET      34.000     97.16906
SET      35.000     97.32991
SET      36.000     97.49348
SET      37.000     97.64077
SET      38.000     97.79552
SET      39.000     97.93126
SET      40.000     98.08465
SET      41.000     98.19325
SET      42.000     98.31066
SET      43.000     98.40908
SET      44.000     98.50614
SET      45.000     98.59369
SET      46.000     98.67039
SET      47.000     98.74708
SET      48.000     98.81903
SET      49.000     98.89708
SET      50.000     98.96224
SET      51.000     99.00432
SET      52.000     99.05658
SET      53.000     99.10477
SET      54.000     99.16653
SET      55.000     99.20861
SET      56.000     99.24051
SET      57.000     99.28463
SET      58.000     99.31585
SET      59.000     99.34639
SET      60.000     99.36675
SET      61.000     99.39865
SET      62.000     99.43123
SET      63.000     99.44956
SET      64.000     99.47128
SET      65.000     99.49503
SET      66.000     99.50996
SET      67.000     99.54254
SET      68.000     99.56155
SET      69.000     99.59412
SET      70.000     99.61177
SET      71.000     99.62602
SET      72.000     99.63621
SET      73.000     99.64978
SET      74.000     99.66675
SET      75.000     99.67557
SET      76.000     99.69254
SET      77.000     99.70679
SET      78.000     99.72512
SET      79.000     99.73462
SET      80.000     99.74276
SET      81.000     99.75023
SET      82.000     99.75634
SET      83.000     99.76313
SET      84.000     99.76788
SET      85.000     99.78009
SET      86.000     99.78756
SET      87.000     99.79367
SET      88.000     99.79910
SET      89.000     99.80792
SET      90.000     99.81607
SET      91.000     99.81878
SET      92.000     99.82014
SET      93.000     99.83100
SET      94.000     99.83371
SET      95.000     99.83846
SET      96.000     99.84322
SET      97.000     99.84729
SET      98.000     99.85272
SET      99.000     99.85611
SET     100.000     99.87444
SET     110.000     99.89955
SET     120.000     99.91041
SET     130.000     99.92534
SET     140.000     99.94502
SET     150.000     99.96471
SET     160.000     99.98643
SET     170.000     99.99661
SET     180.000     99.99864
SET     200.000     99.99932
SET     230.000    100.00000
---
GET       0.083      0.00020
GET       0.084      0.00034
GET       0.085      0.00061
GET       0.086      0.00075
GET       0.087      0.00095
GET       0.088      0.00122
GET       0.089      0.00149
GET       0.090      0.00163
GET       0.091      0.00197
GET       0.092      0.00231
GET       0.093      0.00265
GET       0.094      0.00313
GET       0.095      0.00394
GET       0.096      0.00448
GET       0.097      0.00489
GET       0.098      0.00544
GET       0.099      0.00618
GET       0.100      0.00924
GET       0.110      0.01651
GET       0.120      0.02765
GET       0.130      0.05381
GET       0.140      0.11741
GET       0.150      0.23306
GET       0.160      0.38655
GET       0.170      0.62851
GET       0.180      1.13588
GET       0.190      2.27536
GET       0.200      3.95638
GET       0.210      5.80150
GET       0.220      7.95292
GET       0.230     10.88499
GET       0.240     15.54823
GET       0.250     19.82328
GET       0.260     22.85184
GET       0.270     25.08222
GET       0.280     27.02171
GET       0.290     28.98478
GET       0.300     30.47215
GET       0.310     31.47662
GET       0.320     32.24293
GET       0.330     32.94619
GET       0.340     33.68240
GET       0.350     34.32328
GET       0.360     34.86557
GET       0.370     35.38061
GET       0.380     35.93085
GET       0.390     36.62895
GET       0.400     37.38887
GET       0.410     38.25806
GET       0.420     39.29555
GET       0.430     40.65606
GET       0.440     42.50668
GET       0.450     44.57011
GET       0.460     46.77453
GET       0.470     49.17444
GET       0.480     51.80299
GET       0.490     54.61887
GET       0.500     57.12627
GET       0.510     59.29882
GET       0.520     61.17791
GET       0.530     62.85669
GET       0.540     64.35792
GET       0.550     65.58220
GET       0.560     66.60529
GET       0.570     67.49975
GET       0.580     68.28909
GET       0.590     69.01838
GET       0.600     69.65076
GET       0.610     70.20909
GET       0.620     70.71516
GET       0.630     71.18481
GET       0.640     71.61404
GET       0.650     71.99488
GET       0.660     72.33408
GET       0.670     72.63611
GET       0.680     72.91347
GET       0.690     73.15951
GET       0.700     73.37558
GET       0.710     73.57229
GET       0.720     73.74182
GET       0.730     73.89266
GET       0.740     74.03610
GET       0.750     74.15813
GET       0.760     74.26753
GET       0.770     74.37040
GET       0.780     74.46050
GET       0.790     74.54523
GET       0.800     74.62758
GET       0.810     74.70619
GET       0.820     74.77774
GET       0.830     74.84250
GET       0.840     74.91146
GET       0.850     74.98002
GET       0.860     75.04111
GET       0.870     75.09805
GET       0.880     75.15798
GET       0.890     75.21947
GET       0.900     75.28409
GET       0.910     75.35149
GET       0.920     75.42053
GET       0.930     75.48569
GET       0.940     75.55540
GET       0.950     75.62559
GET       0.960     75.69707
GET       0.970     75.76855
GET       0.980     75.83976
GET       0.990     75.92028
GET       1.000     76.35956
GET       1.100     77.06513
GET       1.200     77.62753
GET       1.300     78.02183
GET       1.400     78.32569
GET       1.500     78.60176
GET       1.600     78.86390
GET       1.700     79.10682
GET       1.800     79.33947
GET       1.900     79.56546
GET       2.000     79.79431
GET       2.100     80.01283
GET       2.200     80.22795
GET       2.300     80.43240
GET       2.400     80.63163
GET       2.500     80.82337
GET       2.600     80.99766
GET       2.700     81.16148
GET       2.800     81.31185
GET       2.900     81.46031
GET       3.000     81.59274
GET       3.100     81.71926
GET       3.200     81.84829
GET       3.300     81.97148
GET       3.400     82.09304
GET       3.500     82.20631
GET       3.600     82.32454
GET       3.700     82.43658
GET       3.800     82.54911
GET       3.900     82.66149
GET       4.000     82.76226
GET       4.100     82.87349
GET       4.200     82.99274
GET       4.300     83.11130
GET       4.400     83.22335
GET       4.500     83.34749
GET       4.600     83.46579
GET       4.700     83.58109
GET       4.800     83.68478
GET       4.900     83.78147
GET       5.000     83.87938
GET       5.100     83.98266
GET       5.200     84.07249
GET       5.300     84.16245
GET       5.400     84.25038
GET       5.500     84.33769
GET       5.600     84.42758
GET       5.700     84.51231
GET       5.800     84.60173
GET       5.900     84.68809
GET       6.000     84.77785
GET       6.100     84.86639
GET       6.200     84.95873
GET       6.300     85.05012
GET       6.400     85.13831
GET       6.500     85.23018
GET       6.600     85.31749
GET       6.700     85.40630
GET       6.800     85.49361
GET       6.900     85.57447
GET       7.000     85.65784
GET       7.100     85.73455
GET       7.200     85.81786
GET       7.300     85.89790
GET       7.400     85.97794
GET       7.500     86.04813
GET       7.600     86.12763
GET       7.700     86.20557
GET       7.800     86.27868
GET       7.900     86.35410
GET       8.000     86.42966
GET       8.100     86.50644
GET       8.200     86.58315
GET       8.300     86.66883
GET       8.400     86.75635
GET       8.500     86.84189
GET       8.600     86.92934
GET       8.700     87.01360
GET       8.800     87.08739
GET       8.900     87.16091
GET       9.000     87.23721
GET       9.100     87.31032
GET       9.200     87.37868
GET       9.300     87.44826
GET       9.400     87.51831
GET       9.500     87.59203
GET       9.600     87.65495
GET       9.700     87.72616
GET       9.800     87.79357
GET       9.900     87.86151
GET      10.000     88.23876
GET      11.000     88.88480
GET      12.000     89.48981
GET      13.000     90.10351
GET      14.000     90.68188
GET      15.000     91.23130
GET      16.000     91.73493
GET      17.000     92.23271
GET      18.000     92.68592
GET      19.000     93.13492
GET      20.000     93.55980
GET      21.000     93.99493
GET      22.000     94.39773
GET      23.000     94.80385
GET      24.000     95.13645
GET      25.000     95.45329
GET      26.000     95.76171
GET      27.000     96.06298
GET      28.000     96.30230
GET      29.000     96.54609
GET      30.000     96.79437
GET      31.000     97.01697
GET      32.000     97.21143
GET      33.000     97.41426
GET      34.000     97.58813
GET      35.000     97.74679
GET      36.000     97.89295
GET      37.000     98.03265
GET      38.000     98.16739
GET      39.000     98.29764
GET      40.000     98.40187
GET      41.000     98.50590
GET      42.000     98.59695
GET      43.000     98.69045
GET      44.000     98.77083
GET      45.000     98.85264
GET      46.000     98.92493
GET      47.000     98.99159
GET      48.000     99.05580
GET      49.000     99.12198
GET      50.000     99.18354
GET      51.000     99.23641
GET      52.000     99.27575
GET      53.000     99.32270
GET      54.000     99.36544
GET      55.000     99.40172
GET      56.000     99.43216
GET      57.000     99.46423
GET      58.000     99.49033
GET      59.000     99.52226
GET      60.000     99.54557
GET      61.000     99.57145
GET      62.000     99.59299
GET      63.000     99.61175
GET      64.000     99.62962
GET      65.000     99.64946
GET      66.000     99.66583
GET      67.000     99.68044
GET      68.000     99.69845
GET      69.000     99.72142
GET      70.000     99.73827
GET      71.000     99.75355
GET      72.000     99.76680
GET      73.000     99.77849
GET      74.000     99.79167
GET      75.000     99.80091
GET      76.000     99.81043
GET      77.000     99.82116
GET      78.000     99.82755
GET      79.000     99.83557
GET      80.000     99.84229
GET      81.000     99.85004
GET      82.000     99.85548
GET      83.000     99.86125
GET      84.000     99.86675
GET      85.000     99.87273
GET      86.000     99.87790
GET      87.000     99.88279
GET      88.000     99.88646
GET      89.000     99.89169
GET      90.000     99.89618
GET      91.000     99.89978
GET      92.000     99.90379
GET      93.000     99.90725
GET      94.000     99.90963
GET      95.000     99.91235
GET      96.000     99.91581
GET      97.000     99.92003
GET      98.000     99.92261
GET      99.000     99.92526
GET     100.000     99.94041
GET     110.000     99.96005
GET     120.000     99.97282
GET     130.000     99.98104
GET     140.000     99.98634
GET     150.000     99.99096
GET     160.000     99.99395
GET     170.000     99.99619
GET     180.000     99.99762
GET     190.000     99.99830
GET     200.000     99.99871
GET     210.000     99.99884
GET     220.000     99.99912
GET     230.000     99.99959
GET     260.000     99.99966
GET     270.000     99.99993
GET     280.000    100.00000
