[RUN #1] Preparing benchmark client...
[RUN #1] Launching threads now...
[RUN #1 5%,   0 secs]  8 threads:       77196 ops,       0 (avg:       0) ops/sec, 0.00KB/sec (avg: 0.00KB/sec),  0.00 (avg:  0.00) msec latency[RUN #1 10%,   1 secs]  8 threads:      157082 ops,   79871 (avg:   78550) ops/sec, 3.01MB/sec (avg: 2.97MB/sec),  4.02 (avg:  4.05) msec latency[RUN #1 15%,   2 secs]  8 threads:      237213 ops,   80119 (avg:   79073) ops/sec, 3.02MB/sec (avg: 2.98MB/sec),  3.99 (avg:  4.03) msec latency[RUN #1 20%,   4 secs]  8 threads:      317480 ops,   80255 (avg:   79369) ops/sec, 3.03MB/sec (avg: 2.99MB/sec),  3.97 (avg:  4.01) msec latency[RUN #1 25%,   5 secs]  8 threads:      398945 ops,   81453 (avg:   79786) ops/sec, 3.07MB/sec (avg: 3.01MB/sec),  3.88 (avg:  3.98) msec latency[RUN #1 30%,   6 secs]  8 threads:      479702 ops,   80745 (avg:   79946) ops/sec, 3.05MB/sec (avg: 3.02MB/sec),  4.02 (avg:  3.99) msec latency[RUN #1 35%,   7 secs]  8 threads:      560840 ops,   81126 (avg:   80114) ops/sec, 3.06MB/sec (avg: 3.02MB/sec),  3.91 (avg:  3.98) msec latency[RUN #1 40%,   8 secs]  8 threads:      642504 ops,   81652 (avg:   80307) ops/sec, 3.08MB/sec (avg: 3.03MB/sec),  3.93 (avg:  3.97) msec latency[RUN #1 45%,   9 secs]  8 threads:      723024 ops,   80511 (avg:   80329) ops/sec, 3.04MB/sec (avg: 3.03MB/sec),  3.94 (avg:  3.97) msec latency[RUN #1 50%,  10 secs]  8 threads:      804601 ops,   81565 (avg:   80453) ops/sec, 3.08MB/sec (avg: 3.03MB/sec),  3.96 (avg:  3.97) msec latency[RUN #1 55%,  11 secs]  8 threads:      886383 ops,   81768 (avg:   80572) ops/sec, 3.08MB/sec (avg: 3.04MB/sec),  3.91 (avg:  3.96) msec latency[RUN #1 60%,  12 secs]  8 threads:      967702 ops,   81307 (avg:   80634) ops/sec, 3.07MB/sec (avg: 3.04MB/sec),  3.91 (avg:  3.96) msec latency[RUN #1 65%,  13 secs]  8 threads:     1049362 ops,   81648 (avg:   80712) ops/sec, 3.08MB/sec (avg: 3.04MB/sec),  3.93 (avg:  3.96) msec latency[RUN #1 70%,  14 secs]  8 threads:     1130539 ops,   81164 (avg:   80744) ops/sec, 3.06MB/sec (avg: 3.05MB/sec),  3.93 (avg:  3.95) msec latency[RUN #1 75%,  15 secs]  8 threads:     1211849 ops,   81296 (avg:   80781) ops/sec, 3.07MB/sec (avg: 3.05MB/sec),  3.91 (avg:  3.95) msec latency[RUN #1 80%,  16 secs]  8 threads:     1293923 ops,   82061 (avg:   80861) ops/sec, 3.09MB/sec (avg: 3.05MB/sec),  3.90 (avg:  3.95) msec latency[RUN #1 85%,  17 secs]  8 threads:     1376569 ops,   82634 (avg:   80965) ops/sec, 3.12MB/sec (avg: 3.05MB/sec),  3.91 (avg:  3.95) msec latency[RUN #1 90%,  18 secs]  8 threads:     1456726 ops,   80138 (avg:   80919) ops/sec, 3.02MB/sec (avg: 3.05MB/sec),  3.99 (avg:  3.95) msec latency[RUN #1 95%,  19 secs]  8 threads:     1536928 ops,   80186 (avg:   80880) ops/sec, 3.02MB/sec (avg: 3.05MB/sec),  3.97 (avg:  3.95) msec latency[RUN #1 100%,  20 secs]  0 threads:     1626205 ops,   80186 (avg:   81307) ops/sec, 3.02MB/sec (avg: 3.07MB/sec),  3.97 (avg:  3.93) msec latency

8         Threads
40        Connections per thread
20        Seconds
Type        Ops/sec     Hits/sec   Misses/sec      Latency       KB/sec
------------------------------------------------------------------------
Sets        7398.87          ---          ---      4.42700       548.45
Gets       73908.84      3240.05     70668.79      3.88200      2591.67
Totals     81307.71      3240.05     70668.79      3.93100      3140.12


Request Latency Distribution
Type     <= msec         Percent
------------------------------------------------------------------------
SET       1.000     75.35849
SET       2.000     78.55685
SET       3.000     80.31923
SET       4.000     81.64642
SET       5.000     82.76412
SET       6.000     83.62706
SET       7.000     84.45419
SET       8.000     85.16982
SET       9.000     85.88545
SET      10.000     86.59905
SET      11.000     87.17141
SET      12.000     87.84785
SET      13.000     88.38710
SET      14.000     88.93244
SET      15.000     89.40885
SET      16.000     89.92715
SET      17.000     90.42384
SET      18.000     90.87457
SET      19.000     91.29489
SET      20.000     91.73143
SET      21.000     92.16256
SET      22.000     92.62883
SET      23.000     93.05051
SET      24.000     93.44582
SET      25.000     93.77289
SET      26.000     94.10266
SET      27.000     94.40135
SET      28.000     94.66489
SET      29.000     94.95749
SET      30.000     95.25550
SET      31.000     95.47242
SET      32.000     95.73867
SET      33.000     95.95762
SET      34.000     96.19008
SET      35.000     96.36037
SET      36.000     96.53539
SET      37.000     96.70365
SET      38.000     96.87800
SET      39.000     97.00774
SET      40.000     97.15236
SET      41.000     97.28954
SET      42.000     97.43144
SET      43.000     97.59227
SET      44.000     97.71797
SET      45.000     97.82136
SET      46.000     97.91191
SET      47.000     97.99030
SET      48.000     98.08355
SET      49.000     98.17748
SET      50.000     98.25452
SET      51.000     98.32142
SET      52.000     98.39440
SET      53.000     98.44981
SET      54.000     98.51806
SET      55.000     98.57618
SET      56.000     98.62078
SET      57.000     98.67281
SET      58.000     98.73295
SET      59.000     98.78769
SET      60.000     98.83026
SET      61.000     98.87216
SET      62.000     98.90730
SET      63.000     98.95731
SET      64.000     99.00123
SET      65.000     99.03231
SET      66.000     99.06610
SET      67.000     99.10732
SET      68.000     99.13571
SET      69.000     99.18233
SET      70.000     99.21274
SET      71.000     99.24180
SET      72.000     99.26275
SET      73.000     99.27829
SET      74.000     99.29451
SET      75.000     99.31208
SET      76.000     99.33235
SET      77.000     99.35533
SET      78.000     99.36479
SET      79.000     99.37357
SET      80.000     99.38303
SET      81.000     99.39182
SET      82.000     99.39993
SET      83.000     99.40466
SET      84.000     99.41209
SET      85.000     99.42290
SET      86.000     99.43371
SET      87.000     99.44047
SET      88.000     99.45196
SET      89.000     99.45534
SET      90.000     99.46007
SET      91.000     99.46480
SET      92.000     99.46885
SET      93.000     99.47223
SET      94.000     99.48440
SET      95.000     99.48575
SET      96.000     99.49048
SET      97.000     99.49521
SET      98.000     99.53170
SET      99.000     99.53440
SET     100.000     99.56549
SET     110.000     99.62090
SET     120.000     99.68037
SET     130.000     99.72835
SET     140.000     99.77227
SET     150.000     99.79457
SET     160.000     99.80065
SET     170.000     99.80876
SET     180.000     99.81011
SET     190.000     99.81349
SET     200.000     99.81484
SET     210.000     99.82701
SET     220.000     99.84187
SET     230.000     99.84255
SET     240.000     99.90269
SET     250.000     99.96216
SET     260.000     99.98175
SET     270.000     99.98648
SET     280.000     99.99054
SET     290.000     99.99122
SET     340.000     99.99189
SET     380.000     99.99257
SET     400.000     99.99324
SET     440.000    100.00000
---
GET       0.064      0.00007
GET       0.065      0.00014
GET       0.068      0.00020
GET       0.071      0.00027
GET       0.072      0.00034
GET       0.074      0.00041
GET       0.075      0.00047
GET       0.077      0.00068
GET       0.078      0.00101
GET       0.079      0.00122
GET       0.080      0.00135
GET       0.081      0.00169
GET       0.082      0.00223
GET       0.083      0.00250
GET       0.084      0.00345
GET       0.085      0.00426
GET       0.086      0.00521
GET       0.087      0.00643
GET       0.088      0.00744
GET       0.089      0.00920
GET       0.090      0.01055
GET       0.091      0.01333
GET       0.092      0.01617
GET       0.093      0.01955
GET       0.094      0.02462
GET       0.095      0.02983
GET       0.096      0.03525
GET       0.097      0.04045
GET       0.098      0.04607
GET       0.099      0.05243
GET       0.100      0.08368
GET       0.110      0.16804
GET       0.120      0.30943
GET       0.130      0.66742
GET       0.140      1.78180
GET       0.150      3.50455
GET       0.160      5.09220
GET       0.170      6.68214
GET       0.180      8.89095
GET       0.190     12.89115
GET       0.200     16.52288
GET       0.210     18.67350
GET       0.220     20.13133
GET       0.230     21.43269
GET       0.240     22.98449
GET       0.250     24.24837
GET       0.260     25.17374
GET       0.270     25.96496
GET       0.280     26.87152
GET       0.290     28.19656
GET       0.300     29.58701
GET       0.310     30.97875
GET       0.320     32.57242
GET       0.330     34.74023
GET       0.340     38.03005
GET       0.350     41.50984
GET       0.360     44.76476
GET       0.370     47.98275
GET       0.380     51.46443
GET       0.390     55.33083
GET       0.400     58.49767
GET       0.410     60.92335
GET       0.420     62.88293
GET       0.430     64.61569
GET       0.440     66.22979
GET       0.450     67.51464
GET       0.460     68.53607
GET       0.470     69.39684
GET       0.480     70.18691
GET       0.490     70.93828
GET       0.500     71.55477
GET       0.510     72.07120
GET       0.520     72.50658
GET       0.530     72.91884
GET       0.540     73.29192
GET       0.550     73.61785
GET       0.560     73.87864
GET       0.570     74.10506
GET       0.580     74.31084
GET       0.590     74.50114
GET       0.600     74.66546
GET       0.610     74.81625
GET       0.620     74.95107
GET       0.630     75.07940
GET       0.640     75.20252
GET       0.650     75.32429
GET       0.660     75.43476
GET       0.670     75.54151
GET       0.680     75.66010
GET       0.690     75.77679
GET       0.700     75.89092
GET       0.710     76.00443
GET       0.720     76.11734
GET       0.730     76.24371
GET       0.740     76.37210
GET       0.750     76.49928
GET       0.760     76.61950
GET       0.770     76.74444
GET       0.780     76.87778
GET       0.790     77.00536
GET       0.800     77.13464
GET       0.810     77.25790
GET       0.820     77.37892
GET       0.830     77.50664
GET       0.840     77.63112
GET       0.850     77.75207
GET       0.860     77.86349
GET       0.870     77.97179
GET       0.880     78.08321
GET       0.890     78.18983
GET       0.900     78.28900
GET       0.910     78.38236
GET       0.920     78.47530
GET       0.930     78.56277
GET       0.940     78.64524
GET       0.950     78.72222
GET       0.960     78.79427
GET       0.970     78.86144
GET       0.980     78.92923
GET       0.990     78.98754
GET       1.000     79.28621
GET       1.100     79.67898
GET       1.200     80.00241
GET       1.300     80.31305
GET       1.400     80.60874
GET       1.500     80.90234
GET       1.600     81.18031
GET       1.700     81.44786
GET       1.800     81.69978
GET       1.900     81.91985
GET       2.000     82.12239
GET       2.100     82.30829
GET       2.200     82.48282
GET       2.300     82.65086
GET       2.400     82.79867
GET       2.500     82.93005
GET       2.600     83.06487
GET       2.700     83.20247
GET       2.800     83.32579
GET       2.900     83.44553
GET       3.000     83.55383
GET       3.100     83.66241
GET       3.200     83.76578
GET       3.300     83.87185
GET       3.400     83.96920
GET       3.500     84.06567
GET       3.600     84.15625
GET       3.700     84.24967
GET       3.800     84.34485
GET       3.900     84.43855
GET       4.000     84.52446
GET       4.100     84.61504
GET       4.200     84.70806
GET       4.300     84.80256
GET       4.400     84.91290
GET       4.500     85.02371
GET       4.600     85.11855
GET       4.700     85.20643
GET       4.800     85.29958
GET       4.900     85.37961
GET       5.000     85.46180
GET       5.100     85.53764
GET       5.200     85.60988
GET       5.300     85.68166
GET       5.400     85.75262
GET       5.500     85.82602
GET       5.600     85.90138
GET       5.700     85.97526
GET       5.800     86.05312
GET       5.900     86.12395
GET       6.000     86.20080
GET       6.100     86.27264
GET       6.200     86.34225
GET       6.300     86.41531
GET       6.400     86.48167
GET       6.500     86.54777
GET       6.600     86.62137
GET       6.700     86.69024
GET       6.800     86.76181
GET       6.900     86.83372
GET       7.000     86.89873
GET       7.100     86.96678
GET       7.200     87.03376
GET       7.300     87.10472
GET       7.400     87.17135
GET       7.500     87.24205
GET       7.600     87.30259
GET       7.700     87.36929
GET       7.800     87.43058
GET       7.900     87.49559
GET       8.000     87.55912
GET       8.100     87.61797
GET       8.200     87.68088
GET       8.300     87.73818
GET       8.400     87.80989
GET       8.500     87.88403
GET       8.600     87.94296
GET       8.700     88.00357
GET       8.800     88.06141
GET       8.900     88.12114
GET       9.000     88.17391
GET       9.100     88.22938
GET       9.200     88.28424
GET       9.300     88.33748
GET       9.400     88.39289
GET       9.500     88.45019
GET       9.600     88.50877
GET       9.700     88.56945
GET       9.800     88.62398
GET       9.900     88.68195
GET      10.000     89.01661
GET      11.000     89.50848
GET      12.000     90.00902
GET      13.000     90.50948
GET      14.000     90.98045
GET      15.000     91.41402
GET      16.000     91.81585
GET      17.000     92.21017
GET      18.000     92.61390
GET      19.000     92.97393
GET      20.000     93.31488
GET      21.000     93.66760
GET      22.000     94.03974
GET      23.000     94.36371
GET      24.000     94.66914
GET      25.000     94.98174
GET      26.000     95.29455
GET      27.000     95.57746
GET      28.000     95.81971
GET      29.000     96.06771
GET      30.000     96.32796
GET      31.000     96.54876
GET      32.000     96.75394
GET      33.000     96.95465
GET      34.000     97.13047
GET      35.000     97.30041
GET      36.000     97.44430
GET      37.000     97.59103
GET      38.000     97.74127
GET      39.000     97.87617
GET      40.000     98.00348
GET      41.000     98.14081
GET      42.000     98.26406
GET      43.000     98.36703
GET      44.000     98.46681
GET      45.000     98.55563
GET      46.000     98.64310
GET      47.000     98.72834
GET      48.000     98.79775
GET      49.000     98.87257
GET      50.000     98.93392
GET      51.000     98.99548
GET      52.000     99.05150
GET      53.000     99.11211
GET      54.000     99.16508
GET      55.000     99.20892
GET      56.000     99.24856
GET      57.000     99.29652
GET      58.000     99.33339
GET      59.000     99.36701
GET      60.000     99.40090
GET      61.000     99.42965
GET      62.000     99.46442
GET      63.000     99.48966
GET      64.000     99.51969
GET      65.000     99.54682
GET      66.000     99.57009
GET      67.000     99.59282
GET      68.000     99.61075
GET      69.000     99.63578
GET      70.000     99.65567
GET      71.000     99.67116
GET      72.000     99.68685
GET      73.000     99.70174
GET      74.000     99.71818
GET      75.000     99.72886
GET      76.000     99.73989
GET      77.000     99.75274
GET      78.000     99.76249
GET      79.000     99.77392
GET      80.000     99.78231
GET      81.000     99.78880
GET      82.000     99.79800
GET      83.000     99.80504
GET      84.000     99.80943
GET      85.000     99.81647
GET      86.000     99.82249
GET      87.000     99.82925
GET      88.000     99.83683
GET      89.000     99.84292
GET      90.000     99.84820
GET      91.000     99.85198
GET      92.000     99.85550
GET      93.000     99.85841
GET      94.000     99.86274
GET      95.000     99.86653
GET      96.000     99.87038
GET      97.000     99.87532
GET      98.000     99.87871
GET      99.000     99.88283
GET     100.000     99.90333
GET     110.000     99.93059
GET     120.000     99.94913
GET     130.000     99.95982
GET     140.000     99.96821
GET     150.000     99.97362
GET     160.000     99.97889
GET     170.000     99.98194
GET     180.000     99.98539
GET     190.000     99.98742
GET     200.000     99.99012
GET     210.000     99.99127
GET     220.000     99.99283
GET     230.000     99.99445
GET     240.000     99.99608
GET     250.000     99.99709
GET     260.000     99.99763
GET     270.000     99.99831
GET     280.000     99.99892
GET     290.000     99.99899
GET     300.000     99.99912
GET     310.000     99.99926
GET     330.000     99.99939
GET     350.000     99.99959
GET     360.000     99.99980
GET     380.000     99.99986
GET     400.000    100.00000
