[RUN #1] Preparing benchmark client...
[RUN #1] Launching threads now...
[RUN #1 5%,   0 secs]  8 threads:       70556 ops,       0 (avg:       0) ops/sec, 0.00KB/sec (avg: 0.00KB/sec),  0.00 (avg:  0.00) msec latency[RUN #1 10%,   2 secs]  8 threads:      154487 ops,   83918 (avg:   77242) ops/sec, 3.17MB/sec (avg: 2.92MB/sec),  3.80 (avg:  4.12) msec latency[RUN #1 15%,   3 secs]  8 threads:      238486 ops,   83985 (avg:   79490) ops/sec, 3.17MB/sec (avg: 3.00MB/sec),  3.81 (avg:  4.01) msec latency[RUN #1 20%,   4 secs]  8 threads:      320852 ops,   82354 (avg:   80206) ops/sec, 3.11MB/sec (avg: 3.03MB/sec),  3.89 (avg:  3.98) msec latency[RUN #1 25%,   5 secs]  8 threads:      402744 ops,   81879 (avg:   80541) ops/sec, 3.09MB/sec (avg: 3.04MB/sec),  3.90 (avg:  3.96) msec latency[RUN #1 30%,   6 secs]  8 threads:      485122 ops,   82366 (avg:   80845) ops/sec, 3.11MB/sec (avg: 3.05MB/sec),  3.88 (avg:  3.95) msec latency[RUN #1 35%,   7 secs]  8 threads:      568309 ops,   83175 (avg:   81178) ops/sec, 3.14MB/sec (avg: 3.06MB/sec),  3.83 (avg:  3.93) msec latency[RUN #1 40%,   8 secs]  8 threads:      650745 ops,   82425 (avg:   81334) ops/sec, 3.11MB/sec (avg: 3.07MB/sec),  3.87 (avg:  3.93) msec latency[RUN #1 45%,   9 secs]  8 threads:      732446 ops,   81689 (avg:   81373) ops/sec, 3.08MB/sec (avg: 3.07MB/sec),  3.90 (avg:  3.92) msec latency[RUN #1 50%,  10 secs]  8 threads:      815812 ops,   83353 (avg:   81571) ops/sec, 3.14MB/sec (avg: 3.08MB/sec),  3.86 (avg:  3.92) msec latency[RUN #1 55%,  11 secs]  8 threads:      898007 ops,   82182 (avg:   81627) ops/sec, 3.10MB/sec (avg: 3.08MB/sec),  3.89 (avg:  3.91) msec latency[RUN #1 60%,  12 secs]  8 threads:      980988 ops,   82968 (avg:   81738) ops/sec, 3.13MB/sec (avg: 3.08MB/sec),  3.85 (avg:  3.91) msec latency[RUN #1 65%,  13 secs]  8 threads:     1063841 ops,   82840 (avg:   81823) ops/sec, 3.12MB/sec (avg: 3.09MB/sec),  3.85 (avg:  3.90) msec latency[RUN #1 70%,  14 secs]  8 threads:     1145950 ops,   82097 (avg:   81843) ops/sec, 3.10MB/sec (avg: 3.09MB/sec),  3.91 (avg:  3.90) msec latency[RUN #1 75%,  15 secs]  8 threads:     1229409 ops,   83446 (avg:   81950) ops/sec, 3.15MB/sec (avg: 3.09MB/sec),  3.82 (avg:  3.90) msec latency[RUN #1 80%,  16 secs]  8 threads:     1311982 ops,   82564 (avg:   81988) ops/sec, 3.11MB/sec (avg: 3.09MB/sec),  3.88 (avg:  3.90) msec latency[RUN #1 85%,  17 secs]  8 threads:     1395499 ops,   83504 (avg:   82077) ops/sec, 3.15MB/sec (avg: 3.10MB/sec),  3.82 (avg:  3.89) msec latency[RUN #1 90%,  18 secs]  8 threads:     1478950 ops,   83436 (avg:   82153) ops/sec, 3.15MB/sec (avg: 3.10MB/sec),  3.84 (avg:  3.89) msec latency[RUN #1 95%,  19 secs]  8 threads:     1561445 ops,   82481 (avg:   82170) ops/sec, 3.11MB/sec (avg: 3.10MB/sec),  3.87 (avg:  3.89) msec latency[RUN #1 100%,  20 secs]  8 threads:     1645421 ops,   82481 (avg:   82263) ops/sec, 3.11MB/sec (avg: 3.10MB/sec),  3.87 (avg:  3.88) msec latency[RUN #1 100%,  20 secs]  0 threads:     1645609 ops,   82481 (avg:   82202) ops/sec, 3.11MB/sec (avg: 3.10MB/sec),  3.87 (avg:  3.89) msec latency

8         Threads
40        Connections per thread
20        Seconds
Type        Ops/sec     Hits/sec   Misses/sec      Latency       KB/sec
------------------------------------------------------------------------
Sets        7480.77          ---          ---      3.92900       554.52
Gets       74723.53      2650.59     72072.94      3.88400      2620.24
Totals     82204.30      2650.59     72072.94      3.88800      3174.77


Request Latency Distribution
Type     <= msec         Percent
------------------------------------------------------------------------
SET       1.000     59.07488
SET       2.000     73.60605
SET       3.000     76.39596
SET       4.000     79.22526
SET       5.000     81.64056
SET       6.000     84.20810
SET       7.000     86.32624
SET       8.000     88.15324
SET       9.000     89.72381
SET      10.000     91.07737
SET      11.000     92.17851
SET      12.000     93.18749
SET      13.000     94.09832
SET      14.000     94.95506
SET      15.000     95.51865
SET      16.000     96.06288
SET      17.000     96.51963
SET      18.000     96.89891
SET      19.000     97.20141
SET      20.000     97.50391
SET      21.000     97.78437
SET      22.000     98.03010
SET      23.000     98.18369
SET      24.000     98.35063
SET      25.000     98.50956
SET      26.000     98.63109
SET      27.000     98.72257
SET      28.000     98.80404
SET      29.000     98.88684
SET      30.000     98.96831
SET      31.000     99.02106
SET      32.000     99.07649
SET      33.000     99.13725
SET      34.000     99.19468
SET      35.000     99.24476
SET      36.000     99.30219
SET      37.000     99.36296
SET      38.000     99.39901
SET      39.000     99.43240
SET      40.000     99.45778
SET      41.000     99.48315
SET      42.000     99.51454
SET      43.000     99.54859
SET      44.000     99.57130
SET      45.000     99.59400
SET      46.000     99.61337
SET      47.000     99.64208
SET      48.000     99.65744
SET      49.000     99.68415
SET      50.000     99.70351
SET      51.000     99.72355
SET      52.000     99.73957
SET      53.000     99.75760
SET      54.000     99.77229
SET      55.000     99.78565
SET      56.000     99.79700
SET      57.000     99.80702
SET      58.000     99.82037
SET      59.000     99.83239
SET      60.000     99.84174
SET      61.000     99.85242
SET      62.000     99.85910
SET      63.000     99.86444
SET      64.000     99.86979
SET      65.000     99.88247
SET      66.000     99.88915
SET      67.000     99.89783
SET      68.000     99.90518
SET      69.000     99.91186
SET      70.000     99.91653
SET      71.000     99.92321
SET      72.000     99.92922
SET      73.000     99.93322
SET      74.000     99.93589
SET      75.000     99.94324
SET      76.000     99.94458
SET      77.000     99.94591
SET      78.000     99.95059
SET      79.000     99.95459
SET      80.000     99.95660
SET      81.000     99.95860
SET      82.000     99.96261
SET      83.000     99.96661
SET      84.000     99.96862
SET      85.000     99.96928
SET      86.000     99.97195
SET      87.000     99.97262
SET      88.000     99.97596
SET      89.000     99.97663
SET      90.000     99.97796
SET      91.000     99.97997
SET      92.000     99.98130
SET      93.000     99.98264
SET      94.000     99.98397
SET      95.000     99.98664
SET      96.000     99.98798
SET      97.000     99.98998
SET      98.000     99.99065
SET      99.000     99.99132
SET     100.000     99.99466
SET     110.000     99.99933
SET     140.000    100.00000
---
GET       0.290      0.00007
GET       0.300      0.00013
GET       0.310      0.00020
GET       0.320      0.00047
GET       0.330      0.00053
GET       0.340      0.00060
GET       0.350      0.00074
GET       0.360      0.00080
GET       0.370      0.00114
GET       0.380      0.00120
GET       0.390      0.00174
GET       0.400      0.00201
GET       0.410      0.00227
GET       0.420      0.00247
GET       0.430      0.00294
GET       0.440      0.00341
GET       0.450      0.00374
GET       0.460      0.00455
GET       0.470      0.00515
GET       0.480      0.00568
GET       0.490      0.00628
GET       0.500      0.00682
GET       0.510      0.00749
GET       0.520      0.00796
GET       0.530      0.00849
GET       0.540      0.00909
GET       0.550      0.01036
GET       0.560      0.01110
GET       0.570      0.01277
GET       0.580      0.01411
GET       0.590      0.01551
GET       0.600      0.01745
GET       0.610      0.02012
GET       0.620      0.02286
GET       0.630      0.02728
GET       0.640      0.03109
GET       0.650      0.03643
GET       0.660      0.04185
GET       0.670      0.04807
GET       0.680      0.05709
GET       0.690      0.06645
GET       0.700      0.07608
GET       0.710      0.08691
GET       0.720      0.09834
GET       0.730      0.11351
GET       0.740      0.12956
GET       0.750      0.14620
GET       0.760      0.16686
GET       0.770      0.19026
GET       0.780      0.21707
GET       0.790      0.24842
GET       0.800      0.29027
GET       0.810      0.33600
GET       0.820      0.39322
GET       0.830      0.46575
GET       0.840      0.54925
GET       0.850      0.66056
GET       0.860      0.79814
GET       0.870      0.97275
GET       0.880      1.18922
GET       0.890      1.45455
GET       0.900      1.77985
GET       0.910      2.18149
GET       0.920      2.66189
GET       0.930      3.24818
GET       0.940      3.97004
GET       0.950      4.81771
GET       0.960      5.80965
GET       0.970      6.95415
GET       0.980      8.26551
GET       0.990      9.75723
GET       1.000     21.19925
GET       1.100     41.74496
GET       1.200     48.83929
GET       1.300     51.59009
GET       1.400     52.86141
GET       1.500     53.50178
GET       1.600     53.98772
GET       1.700     54.60048
GET       1.800     55.62484
GET       1.900     57.62083
GET       2.000     61.25607
GET       2.100     65.60288
GET       2.200     68.80961
GET       2.300     70.68640
GET       2.400     71.72821
GET       2.500     72.36290
GET       2.600     72.81916
GET       2.700     73.18343
GET       2.800     73.48560
GET       2.900     73.75227
GET       3.000     74.01493
GET       3.100     74.28173
GET       3.200     74.55375
GET       3.300     74.81280
GET       3.400     75.08241
GET       3.500     75.35470
GET       3.600     75.62190
GET       3.700     75.92608
GET       3.800     76.23185
GET       3.900     76.55047
GET       4.000     76.86815
GET       4.100     77.18134
GET       4.200     77.50571
GET       4.300     77.80520
GET       4.400     78.09634
GET       4.500     78.37083
GET       4.600     78.62306
GET       4.700     78.88151
GET       4.800     79.13100
GET       4.900     79.37654
GET       5.000     79.62102
GET       5.100     79.84771
GET       5.200     80.10516
GET       5.300     80.34970
GET       5.400     80.58609
GET       5.500     80.82729
GET       5.600     81.07317
GET       5.700     81.30233
GET       5.800     81.54019
GET       5.900     81.79282
GET       6.000     82.06103
GET       6.100     82.36808
GET       6.200     82.67018
GET       6.300     82.97195
GET       6.400     83.26582
GET       6.500     83.52394
GET       6.600     83.77029
GET       6.700     84.00052
GET       6.800     84.21886
GET       6.900     84.41500
GET       7.000     84.62251
GET       7.100     84.83503
GET       7.200     85.03572
GET       7.300     85.24830
GET       7.400     85.44752
GET       7.500     85.66452
GET       7.600     85.90198
GET       7.700     86.10788
GET       7.800     86.31806
GET       7.900     86.51801
GET       8.000     86.71402
GET       8.100     86.91063
GET       8.200     87.09387
GET       8.300     87.29362
GET       8.400     87.46864
GET       8.500     87.64800
GET       8.600     87.81700
GET       8.700     87.98948
GET       8.800     88.16322
GET       8.900     88.33617
GET       9.000     88.49447
GET       9.100     88.66381
GET       9.200     88.82806
GET       9.300     88.98082
GET       9.400     89.12562
GET       9.500     89.26099
GET       9.600     89.40546
GET       9.700     89.54578
GET       9.800     89.69740
GET       9.900     89.83745
GET      10.000     90.68967
GET      11.000     91.87562
GET      12.000     92.88908
GET      13.000     93.85716
GET      14.000     94.72268
GET      15.000     95.35450
GET      16.000     95.95736
GET      17.000     96.46490
GET      18.000     96.84321
GET      19.000     97.15353
GET      20.000     97.44681
GET      21.000     97.72438
GET      22.000     97.96558
GET      23.000     98.14788
GET      24.000     98.31508
GET      25.000     98.47151
GET      26.000     98.60702
GET      27.000     98.70342
GET      28.000     98.78698
GET      29.000     98.86974
GET      30.000     98.94816
GET      31.000     99.01956
GET      32.000     99.08434
GET      33.000     99.14571
GET      34.000     99.20199
GET      35.000     99.24966
GET      36.000     99.30114
GET      37.000     99.34793
GET      38.000     99.38564
GET      39.000     99.42307
GET      40.000     99.45362
GET      41.000     99.48417
GET      42.000     99.51305
GET      43.000     99.54447
GET      44.000     99.56894
GET      45.000     99.59040
GET      46.000     99.61066
GET      47.000     99.62871
GET      48.000     99.64743
GET      49.000     99.66902
GET      50.000     99.68914
GET      51.000     99.70839
GET      52.000     99.72825
GET      53.000     99.74409
GET      54.000     99.76208
GET      55.000     99.77685
GET      56.000     99.78895
GET      57.000     99.80205
GET      58.000     99.81462
GET      59.000     99.82619
GET      60.000     99.83347
GET      61.000     99.84317
GET      62.000     99.85319
GET      63.000     99.86255
GET      64.000     99.87031
GET      65.000     99.88040
GET      66.000     99.88642
GET      67.000     99.89264
GET      68.000     99.89899
GET      69.000     99.90681
GET      70.000     99.91416
GET      71.000     99.92071
GET      72.000     99.92660
GET      73.000     99.93288
GET      74.000     99.93689
GET      75.000     99.94070
GET      76.000     99.94558
GET      77.000     99.94799
GET      78.000     99.95106
GET      79.000     99.95421
GET      80.000     99.95681
GET      81.000     99.95915
GET      82.000     99.96210
GET      83.000     99.96544
GET      84.000     99.96838
GET      85.000     99.96998
GET      86.000     99.97152
GET      87.000     99.97433
GET      88.000     99.97640
GET      89.000     99.97874
GET      90.000     99.98028
GET      91.000     99.98188
GET      92.000     99.98369
GET      93.000     99.98489
GET      94.000     99.98630
GET      95.000     99.98716
GET      96.000     99.98797
GET      97.000     99.98937
GET      98.000     99.99044
GET      99.000     99.99184
GET     100.000     99.99626
GET     110.000     99.99873
GET     120.000     99.99967
GET     130.000     99.99987
GET     150.000     99.99993
GET     190.000    100.00000
