[RUN #1] Preparing benchmark client...
[RUN #1] Launching threads now...
[RUN #1 5%,   0 secs]  8 threads:       53633 ops,       0 (avg:       0) ops/sec, 0.00KB/sec (avg: 0.00KB/sec),  0.00 (avg:  0.00) msec latency[RUN #1 10%,   1 secs]  8 threads:      133227 ops,   79580 (avg:   66633) ops/sec, 3.00MB/sec (avg: 2.52MB/sec),  4.01 (avg:  4.78) msec latency[RUN #1 15%,   2 secs]  8 threads:      214062 ops,   80820 (avg:   71364) ops/sec, 3.05MB/sec (avg: 2.69MB/sec),  3.96 (avg:  4.47) msec latency[RUN #1 20%,   3 secs]  8 threads:      294633 ops,   80558 (avg:   73663) ops/sec, 3.04MB/sec (avg: 2.78MB/sec),  3.96 (avg:  4.33) msec latency[RUN #1 25%,   4 secs]  8 threads:      375239 ops,   80592 (avg:   75049) ops/sec, 3.04MB/sec (avg: 2.83MB/sec),  3.98 (avg:  4.26) msec latency[RUN #1 30%,   6 secs]  8 threads:      456238 ops,   80985 (avg:   76038) ops/sec, 3.05MB/sec (avg: 2.87MB/sec),  3.94 (avg:  4.20) msec latency[RUN #1 35%,   7 secs]  8 threads:      538708 ops,   82457 (avg:   76955) ops/sec, 3.11MB/sec (avg: 2.90MB/sec),  3.89 (avg:  4.15) msec latency[RUN #1 40%,   8 secs]  8 threads:      619739 ops,   81019 (avg:   77463) ops/sec, 3.06MB/sec (avg: 2.92MB/sec),  3.94 (avg:  4.12) msec latency[RUN #1 45%,   9 secs]  8 threads:      701497 ops,   81744 (avg:   77939) ops/sec, 3.08MB/sec (avg: 2.94MB/sec),  3.92 (avg:  4.10) msec latency[RUN #1 50%,  10 secs]  8 threads:      783403 ops,   81894 (avg:   78335) ops/sec, 3.09MB/sec (avg: 2.95MB/sec),  3.91 (avg:  4.08) msec latency[RUN #1 55%,  11 secs]  8 threads:      864776 ops,   81361 (avg:   78610) ops/sec, 3.07MB/sec (avg: 2.97MB/sec),  3.92 (avg:  4.06) msec latency[RUN #1 60%,  12 secs]  8 threads:      947942 ops,   83154 (avg:   78989) ops/sec, 3.14MB/sec (avg: 2.98MB/sec),  3.82 (avg:  4.04) msec latency[RUN #1 65%,  13 secs]  8 threads:     1030584 ops,   82618 (avg:   79268) ops/sec, 3.12MB/sec (avg: 2.99MB/sec),  3.90 (avg:  4.03) msec latency[RUN #1 70%,  14 secs]  8 threads:     1113179 ops,   82581 (avg:   79504) ops/sec, 3.11MB/sec (avg: 3.00MB/sec),  3.86 (avg:  4.02) msec latency[RUN #1 75%,  15 secs]  8 threads:     1195551 ops,   82360 (avg:   79695) ops/sec, 3.11MB/sec (avg: 3.01MB/sec),  3.89 (avg:  4.01) msec latency[RUN #1 80%,  16 secs]  8 threads:     1278795 ops,   83232 (avg:   79916) ops/sec, 3.14MB/sec (avg: 3.01MB/sec),  3.82 (avg:  4.00) msec latency[RUN #1 85%,  17 secs]  8 threads:     1361781 ops,   82974 (avg:   80096) ops/sec, 3.13MB/sec (avg: 3.02MB/sec),  3.85 (avg:  3.99) msec latency[RUN #1 90%,  18 secs]  8 threads:     1444354 ops,   82561 (avg:   80233) ops/sec, 3.11MB/sec (avg: 3.03MB/sec),  3.86 (avg:  3.98) msec latency[RUN #1 95%,  19 secs]  8 threads:     1526806 ops,   82440 (avg:   80349) ops/sec, 3.11MB/sec (avg: 3.03MB/sec),  3.85 (avg:  3.97) msec latency[RUN #1 100%,  20 secs]  8 threads:     1621177 ops,   82440 (avg:   81055) ops/sec, 3.11MB/sec (avg: 3.06MB/sec),  3.85 (avg:  3.94) msec latency[RUN #1 100%,  20 secs]  0 threads:     1621205 ops,   82440 (avg:   81057) ops/sec, 3.11MB/sec (avg: 3.06MB/sec),  3.85 (avg:  3.94) msec latency

8         Threads
40        Connections per thread
20        Seconds
Type        Ops/sec     Hits/sec   Misses/sec      Latency       KB/sec
------------------------------------------------------------------------
Sets        7376.45          ---          ---      4.46500       546.78
Gets       73680.52      2665.39     71015.13      3.89200      2583.67
Totals     81056.98      2665.39     71015.13      3.94400      3130.45


Request Latency Distribution
Type     <= msec         Percent
------------------------------------------------------------------------
SET       1.000     58.81859
SET       2.000     74.06243
SET       3.000     76.75331
SET       4.000     79.39472
SET       5.000     81.61453
SET       6.000     84.20239
SET       7.000     86.25818
SET       8.000     88.04013
SET       9.000     89.52520
SET      10.000     90.89436
SET      11.000     91.99512
SET      12.000     92.94811
SET      13.000     93.85570
SET      14.000     94.71651
SET      15.000     95.34619
SET      16.000     95.91487
SET      17.000     96.38594
SET      18.000     96.75128
SET      19.000     97.04884
SET      20.000     97.34300
SET      21.000     97.60599
SET      22.000     97.81611
SET      23.000     97.98827
SET      24.000     98.16315
SET      25.000     98.31430
SET      26.000     98.42749
SET      27.000     98.51967
SET      28.000     98.60779
SET      29.000     98.69319
SET      30.000     98.77995
SET      31.000     98.85586
SET      32.000     98.89586
SET      33.000     98.96228
SET      34.000     99.01854
SET      35.000     99.06937
SET      36.000     99.11750
SET      37.000     99.16833
SET      38.000     99.20087
SET      39.000     99.23137
SET      40.000     99.25374
SET      41.000     99.27882
SET      42.000     99.30999
SET      43.000     99.33507
SET      44.000     99.36490
SET      45.000     99.39269
SET      46.000     99.41302
SET      47.000     99.43335
SET      48.000     99.45030
SET      49.000     99.47673
SET      50.000     99.49978
SET      51.000     99.51740
SET      52.000     99.53638
SET      53.000     99.55062
SET      54.000     99.56824
SET      55.000     99.58044
SET      56.000     99.59535
SET      57.000     99.61026
SET      58.000     99.62450
SET      59.000     99.63941
SET      60.000     99.65093
SET      61.000     99.66110
SET      62.000     99.66991
SET      63.000     99.67940
SET      64.000     99.68414
SET      65.000     99.69160
SET      66.000     99.70177
SET      67.000     99.70719
SET      68.000     99.71939
SET      69.000     99.72617
SET      70.000     99.72956
SET      71.000     99.74040
SET      72.000     99.74515
SET      73.000     99.75260
SET      74.000     99.75735
SET      75.000     99.76412
SET      76.000     99.76887
SET      77.000     99.77294
SET      78.000     99.77497
SET      79.000     99.77768
SET      80.000     99.78039
SET      81.000     99.78514
SET      82.000     99.78785
SET      83.000     99.79259
SET      84.000     99.79395
SET      85.000     99.79598
SET      87.000     99.79666
SET      88.000     99.79869
SET      89.000     99.80276
SET      90.000     99.80547
SET      91.000     99.80750
SET      92.000     99.80954
SET      93.000     99.81428
SET      94.000     99.81564
SET      95.000     99.81631
SET      96.000     99.81767
SET      97.000     99.81970
SET      99.000     99.82106
SET     100.000     99.82716
SET     110.000     99.83394
SET     120.000     99.83868
SET     130.000     99.84275
SET     140.000     99.84749
SET     150.000     99.85292
SET     160.000     99.85631
SET     170.000     99.85834
SET     180.000     99.86105
SET     190.000     99.86308
SET     200.000     99.86647
SET     210.000     99.86986
SET     220.000     99.87664
SET     230.000     99.87935
SET     240.000     99.88410
SET     250.000     99.88884
SET     270.000     99.89020
SET     280.000     99.89358
SET     290.000     99.89765
SET     300.000     99.90307
SET     310.000     99.90714
SET     320.000     99.90985
SET     330.000     99.91866
SET     340.000     99.91934
SET     350.000     99.92273
SET     360.000     99.93425
SET     370.000     99.93832
SET     390.000     99.94171
SET     400.000     99.94578
SET     410.000     99.95052
SET     420.000     99.95933
SET     430.000     99.96475
SET     440.000     99.97153
SET     450.000     99.97763
SET     460.000     99.98034
SET     470.000     99.98170
SET     490.000     99.98373
SET     500.000     99.98712
SET     510.000     99.98983
SET     520.000     99.99187
SET     540.000     99.99254
SET     550.000     99.99322
SET     560.000     99.99593
SET     580.000     99.99661
SET     640.000     99.99729
SET     710.000     99.99797
SET     770.000     99.99864
SET     850.000    100.00000
---
GET       0.091      0.00007
GET       0.095      0.00014
GET       0.097      0.00027
GET       0.098      0.00034
GET       0.100      0.00041
GET       0.110      0.00081
GET       0.120      0.00136
GET       0.130      0.00190
GET       0.140      0.00292
GET       0.150      0.00421
GET       0.160      0.00529
GET       0.170      0.00733
GET       0.180      0.00964
GET       0.190      0.01378
GET       0.200      0.01805
GET       0.210      0.02294
GET       0.220      0.02864
GET       0.230      0.03522
GET       0.240      0.04153
GET       0.250      0.04947
GET       0.260      0.05768
GET       0.270      0.06446
GET       0.280      0.07227
GET       0.290      0.08197
GET       0.300      0.09161
GET       0.310      0.09975
GET       0.320      0.10817
GET       0.330      0.11773
GET       0.340      0.12920
GET       0.350      0.14080
GET       0.360      0.14997
GET       0.370      0.15967
GET       0.380      0.17141
GET       0.390      0.18342
GET       0.400      0.19964
GET       0.410      0.21362
GET       0.420      0.22651
GET       0.430      0.24137
GET       0.440      0.26044
GET       0.450      0.28039
GET       0.460      0.30081
GET       0.470      0.32382
GET       0.480      0.35001
GET       0.490      0.38190
GET       0.500      0.41142
GET       0.510      0.43728
GET       0.520      0.46286
GET       0.530      0.49143
GET       0.540      0.51898
GET       0.550      0.54252
GET       0.560      0.56057
GET       0.570      0.57632
GET       0.580      0.59043
GET       0.590      0.60556
GET       0.600      0.61642
GET       0.610      0.62673
GET       0.620      0.63752
GET       0.630      0.64791
GET       0.640      0.65897
GET       0.650      0.66786
GET       0.660      0.67647
GET       0.670      0.68726
GET       0.680      0.69907
GET       0.690      0.71447
GET       0.700      0.72764
GET       0.710      0.74250
GET       0.720      0.75756
GET       0.730      0.77718
GET       0.740      0.79753
GET       0.750      0.81918
GET       0.760      0.84307
GET       0.770      0.86838
GET       0.780      0.89708
GET       0.790      0.92965
GET       0.800      0.96867
GET       0.810      1.01108
GET       0.820      1.06930
GET       0.830      1.14218
GET       0.840      1.22979
GET       0.850      1.34250
GET       0.860      1.47557
GET       0.870      1.63843
GET       0.880      1.84336
GET       0.890      2.10176
GET       0.900      2.42076
GET       0.910      2.80578
GET       0.920      3.28595
GET       0.930      3.86661
GET       0.940      4.55875
GET       0.950      5.39503
GET       0.960      6.36649
GET       0.970      7.49835
GET       0.980      8.81011
GET       0.990     10.28507
GET       1.000     21.53813
GET       1.100     42.05786
GET       1.200     49.05841
GET       1.300     51.69088
GET       1.400     52.87771
GET       1.500     53.49135
GET       1.600     53.98013
GET       1.700     54.57898
GET       1.800     55.59454
GET       1.900     57.61392
GET       2.000     61.29724
GET       2.100     65.86922
GET       2.200     69.29353
GET       2.300     71.24234
GET       2.400     72.31443
GET       2.500     72.95209
GET       2.600     73.40924
GET       2.700     73.76041
GET       2.800     74.05762
GET       2.900     74.31128
GET       3.000     74.55170
GET       3.100     74.80671
GET       3.200     75.04835
GET       3.300     75.29352
GET       3.400     75.54188
GET       3.500     75.78467
GET       3.600     76.04973
GET       3.700     76.33269
GET       3.800     76.62679
GET       3.900     76.93758
GET       4.000     77.23222
GET       4.100     77.52421
GET       4.200     77.83690
GET       4.300     78.10704
GET       4.400     78.38743
GET       4.500     78.63287
GET       4.600     78.86114
GET       4.700     79.11052
GET       4.800     79.34843
GET       4.900     79.57324
GET       5.000     79.79582
GET       5.100     80.01242
GET       5.200     80.24497
GET       5.300     80.48213
GET       5.400     80.69900
GET       5.500     80.90814
GET       5.600     81.13614
GET       5.700     81.35627
GET       5.800     81.57559
GET       5.900     81.82035
GET       6.000     82.07903
GET       6.100     82.36980
GET       6.200     82.66593
GET       6.300     82.95188
GET       6.400     83.22766
GET       6.500     83.48002
GET       6.600     83.71549
GET       6.700     83.93121
GET       6.800     84.14313
GET       6.900     84.33971
GET       7.000     84.52401
GET       7.100     84.72473
GET       7.200     84.92729
GET       7.300     85.13453
GET       7.400     85.34211
GET       7.500     85.55654
GET       7.600     85.78875
GET       7.700     85.98635
GET       7.800     86.19616
GET       7.900     86.39146
GET       8.000     86.58784
GET       8.100     86.78720
GET       8.200     86.96777
GET       8.300     87.15710
GET       8.400     87.32579
GET       8.500     87.50249
GET       8.600     87.67044
GET       8.700     87.84490
GET       8.800     88.01190
GET       8.900     88.16981
GET       9.000     88.32425
GET       9.100     88.49213
GET       9.200     88.65608
GET       9.300     88.80021
GET       9.400     88.94949
GET       9.500     89.09437
GET       9.600     89.23741
GET       9.700     89.37774
GET       9.800     89.52649
GET       9.900     89.67021
GET      10.000     90.50934
GET      11.000     91.71090
GET      12.000     92.72334
GET      13.000     93.70585
GET      14.000     94.59730
GET      15.000     95.24310
GET      16.000     95.86956
GET      17.000     96.39790
GET      18.000     96.78578
GET      19.000     97.09189
GET      20.000     97.39270
GET      21.000     97.66752
GET      22.000     97.93271
GET      23.000     98.12088
GET      24.000     98.28333
GET      25.000     98.44422
GET      26.000     98.57675
GET      27.000     98.67134
GET      28.000     98.76085
GET      29.000     98.84520
GET      30.000     98.92717
GET      31.000     98.99957
GET      32.000     99.06064
GET      33.000     99.12212
GET      34.000     99.18353
GET      35.000     99.23633
GET      36.000     99.28519
GET      37.000     99.33160
GET      38.000     99.37815
GET      39.000     99.41486
GET      40.000     99.44614
GET      41.000     99.47600
GET      42.000     99.50457
GET      43.000     99.53083
GET      44.000     99.55716
GET      45.000     99.57731
GET      46.000     99.59923
GET      47.000     99.61640
GET      48.000     99.63445
GET      49.000     99.65379
GET      50.000     99.67727
GET      51.000     99.70034
GET      52.000     99.72043
GET      53.000     99.73780
GET      54.000     99.75802
GET      55.000     99.77281
GET      56.000     99.78564
GET      57.000     99.79690
GET      58.000     99.81027
GET      59.000     99.82214
GET      60.000     99.83368
GET      61.000     99.84271
GET      62.000     99.85166
GET      63.000     99.86028
GET      64.000     99.86761
GET      65.000     99.87582
GET      66.000     99.88295
GET      67.000     99.88987
GET      68.000     99.89652
GET      69.000     99.90337
GET      70.000     99.90948
GET      71.000     99.91613
GET      72.000     99.92298
GET      73.000     99.92889
GET      74.000     99.93350
GET      75.000     99.93744
GET      76.000     99.94124
GET      77.000     99.94429
GET      78.000     99.94599
GET      79.000     99.95114
GET      80.000     99.95454
GET      81.000     99.95677
GET      82.000     99.95962
GET      83.000     99.96275
GET      84.000     99.96512
GET      85.000     99.96668
GET      86.000     99.96865
GET      87.000     99.97191
GET      88.000     99.97408
GET      89.000     99.97523
GET      90.000     99.97659
GET      91.000     99.97883
GET      92.000     99.98120
GET      93.000     99.98256
GET      94.000     99.98358
GET      95.000     99.98453
GET      96.000     99.98527
GET      97.000     99.98684
GET      98.000     99.98731
GET      99.000     99.98840
GET     100.000     99.99477
GET     110.000     99.99776
GET     120.000     99.99871
GET     130.000     99.99952
GET     140.000     99.99980
GET     190.000    100.00000
