[RUN #1] Preparing benchmark client...
[RUN #1] Launching threads now...
[RUN #1 4%,   0 secs]  8 threads:       73325 ops,       0 (avg:       0) ops/sec, 0.00KB/sec (avg: 0.00KB/sec),  0.00 (avg:  0.00) msec latency[RUN #1 9%,   1 secs]  8 threads:      158864 ops,   85525 (avg:   84853) ops/sec, 3.23MB/sec (avg: 3.20MB/sec),  3.73 (avg:  3.75) msec latency[RUN #1 14%,   2 secs]  8 threads:      243397 ops,   84518 (avg:   84737) ops/sec, 3.19MB/sec (avg: 3.20MB/sec),  3.78 (avg:  3.76) msec latency[RUN #1 19%,   3 secs]  8 threads:      330841 ops,   87426 (avg:   85431) ops/sec, 3.30MB/sec (avg: 3.22MB/sec),  3.67 (avg:  3.74) msec latency[RUN #1 24%,   4 secs]  8 threads:      416487 ops,   85633 (avg:   85473) ops/sec, 3.23MB/sec (avg: 3.22MB/sec),  3.72 (avg:  3.74) msec latency[RUN #1 29%,   5 secs]  8 threads:      501995 ops,   85494 (avg:   85476) ops/sec, 3.22MB/sec (avg: 3.22MB/sec),  3.74 (avg:  3.74) msec latency[RUN #1 34%,   6 secs]  8 threads:      586745 ops,   84737 (avg:   85369) ops/sec, 3.20MB/sec (avg: 3.22MB/sec),  3.77 (avg:  3.74) msec latency[RUN #1 39%,   7 secs]  8 threads:      671664 ops,   84906 (avg:   85310) ops/sec, 3.20MB/sec (avg: 3.22MB/sec),  3.77 (avg:  3.74) msec latency[RUN #1 44%,   8 secs]  8 threads:      756827 ops,   85150 (avg:   85292) ops/sec, 3.21MB/sec (avg: 3.22MB/sec),  3.76 (avg:  3.75) msec latency[RUN #1 49%,   9 secs]  8 threads:      840792 ops,   83950 (avg:   85156) ops/sec, 3.17MB/sec (avg: 3.21MB/sec),  3.80 (avg:  3.75) msec latency[RUN #1 54%,  10 secs]  8 threads:      923689 ops,   82885 (avg:   84947) ops/sec, 3.13MB/sec (avg: 3.20MB/sec),  3.82 (avg:  3.76) msec latency[RUN #1 59%,  11 secs]  8 threads:     1006477 ops,   82776 (avg:   84764) ops/sec, 3.12MB/sec (avg: 3.20MB/sec),  3.90 (avg:  3.77) msec latency[RUN #1 64%,  12 secs]  8 threads:     1086890 ops,   80399 (avg:   84425) ops/sec, 3.03MB/sec (avg: 3.18MB/sec),  3.99 (avg:  3.79) msec latency[RUN #1 69%,  13 secs]  8 threads:     1172898 ops,   85994 (avg:   84538) ops/sec, 3.24MB/sec (avg: 3.19MB/sec),  3.69 (avg:  3.78) msec latency[RUN #1 74%,  14 secs]  8 threads:     1255207 ops,   82295 (avg:   84387) ops/sec, 3.10MB/sec (avg: 3.18MB/sec),  3.90 (avg:  3.79) msec latency[RUN #1 79%,  15 secs]  8 threads:     1336375 ops,   81154 (avg:   84184) ops/sec, 3.06MB/sec (avg: 3.18MB/sec),  3.94 (avg:  3.80) msec latency[RUN #1 84%,  16 secs]  8 threads:     1416924 ops,   80534 (avg:   83967) ops/sec, 3.04MB/sec (avg: 3.17MB/sec),  3.97 (avg:  3.81) msec latency[RUN #1 89%,  17 secs]  8 threads:     1498393 ops,   81454 (avg:   83827) ops/sec, 3.07MB/sec (avg: 3.16MB/sec),  3.90 (avg:  3.81) msec latency[RUN #1 94%,  18 secs]  8 threads:     1580792 ops,   82383 (avg:   83750) ops/sec, 3.11MB/sec (avg: 3.16MB/sec),  3.90 (avg:  3.82) msec latency[RUN #1 99%,  19 secs]  8 threads:     1666060 ops,   82383 (avg:   83831) ops/sec, 3.11MB/sec (avg: 3.16MB/sec),  3.90 (avg:  3.81) msec latency[RUN #1 100%,  20 secs]  0 threads:     1765536 ops,   82383 (avg:   88260) ops/sec, 3.11MB/sec (avg: 3.33MB/sec),  3.90 (avg:  3.62) msec latency

8         Threads
40        Connections per thread
20        Seconds
Type        Ops/sec     Hits/sec   Misses/sec      Latency       KB/sec
------------------------------------------------------------------------
Sets        8032.32          ---          ---      3.75900       595.41
Gets       80240.88      3313.71     76927.17      3.60800      2813.73
Totals     88273.20      3313.71     76927.17      3.62200      3409.14


Request Latency Distribution
Type     <= msec         Percent
------------------------------------------------------------------------
SET       1.000     61.85381
SET       2.000     65.21447
SET       3.000     86.76340
SET       4.000     87.81909
SET       5.000     88.65069
SET       6.000     90.46454
SET       7.000     91.46732
SET       8.000     92.26469
SET       9.000     92.87284
SET      10.000     93.79844
SET      11.000     95.21951
SET      12.000     96.08597
SET      13.000     96.92629
SET      14.000     97.20827
SET      15.000     97.48713
SET      16.000     97.66266
SET      17.000     97.76724
SET      18.000     97.89982
SET      19.000     97.99132
SET      20.000     98.11768
SET      21.000     98.21790
SET      22.000     98.30504
SET      23.000     98.44198
SET      24.000     98.52290
SET      25.000     98.59698
SET      26.000     98.68163
SET      27.000     98.75010
SET      28.000     98.81235
SET      29.000     98.85405
SET      30.000     98.90074
SET      31.000     98.93622
SET      32.000     98.96236
SET      33.000     98.99473
SET      34.000     99.01776
SET      35.000     99.05137
SET      36.000     99.07378
SET      37.000     99.09992
SET      38.000     99.13354
SET      39.000     99.15408
SET      40.000     99.18645
SET      41.000     99.20948
SET      42.000     99.23935
SET      43.000     99.27359
SET      44.000     99.29538
SET      45.000     99.31841
SET      46.000     99.34206
SET      47.000     99.36696
SET      48.000     99.39372
SET      49.000     99.41613
SET      50.000     99.43605
SET      51.000     99.45971
SET      52.000     99.48647
SET      53.000     99.50950
SET      54.000     99.52320
SET      55.000     99.53876
SET      56.000     99.55743
SET      57.000     99.57735
SET      58.000     99.59540
SET      59.000     99.61408
SET      60.000     99.63150
SET      61.000     99.65453
SET      62.000     99.66885
SET      63.000     99.68379
SET      64.000     99.71242
SET      65.000     99.72550
SET      66.000     99.74541
SET      67.000     99.75475
SET      68.000     99.76533
SET      69.000     99.76969
SET      70.000     99.77716
SET      71.000     99.78401
SET      72.000     99.79272
SET      73.000     99.79895
SET      74.000     99.80704
SET      75.000     99.81513
SET      76.000     99.82073
SET      77.000     99.82571
SET      78.000     99.82945
SET      79.000     99.83443
SET      80.000     99.83692
SET      81.000     99.84065
SET      82.000     99.84687
SET      83.000     99.85123
SET      84.000     99.85683
SET      85.000     99.86430
SET      86.000     99.86742
SET      87.000     99.87115
SET      88.000     99.87426
SET      89.000     99.87738
SET      90.000     99.87800
SET      91.000     99.88360
SET      92.000     99.88671
SET      93.000     99.89169
SET      94.000     99.89543
SET      95.000     99.89854
SET      96.000     99.90041
SET      97.000     99.90103
SET      98.000     99.90476
SET      99.000     99.90725
SET     100.000     99.91908
SET     110.000     99.93340
SET     120.000     99.93900
SET     130.000     99.94834
SET     140.000     99.95332
SET     150.000     99.95767
SET     160.000     99.96016
SET     170.000     99.96390
SET     180.000     99.96763
SET     190.000     99.97199
SET     200.000     99.97386
SET     210.000     99.97510
SET     220.000     99.98195
SET     230.000     99.98568
SET     240.000     99.98631
SET     280.000     99.98755
SET     290.000     99.98942
SET     320.000     99.99129
SET     330.000     99.99191
SET     340.000     99.99564
SET     350.000     99.99627
SET     370.000     99.99938
SET     400.000    100.00000
---
GET       0.057      0.00006
GET       0.060      0.00012
GET       0.061      0.00019
GET       0.064      0.00031
GET       0.066      0.00044
GET       0.068      0.00062
GET       0.069      0.00069
GET       0.070      0.00106
GET       0.071      0.00137
GET       0.072      0.00181
GET       0.073      0.00237
GET       0.074      0.00249
GET       0.075      0.00293
GET       0.076      0.00361
GET       0.077      0.00442
GET       0.078      0.00561
GET       0.079      0.00698
GET       0.080      0.00841
GET       0.081      0.01009
GET       0.082      0.01196
GET       0.083      0.01458
GET       0.084      0.01757
GET       0.085      0.02106
GET       0.086      0.02405
GET       0.087      0.02978
GET       0.088      0.03626
GET       0.089      0.04393
GET       0.090      0.05228
GET       0.091      0.06081
GET       0.092      0.07209
GET       0.093      0.08275
GET       0.094      0.09565
GET       0.095      0.11072
GET       0.096      0.12668
GET       0.097      0.14300
GET       0.098      0.16151
GET       0.099      0.17827
GET       0.100      0.26694
GET       0.110      0.41417
GET       0.120      0.54858
GET       0.130      0.72915
GET       0.140      1.00979
GET       0.150      1.27997
GET       0.160      1.41281
GET       0.170      1.49587
GET       0.180      1.55986
GET       0.190      1.62199
GET       0.200      1.67277
GET       0.210      1.70106
GET       0.220      1.72131
GET       0.230      1.73838
GET       0.240      1.75402
GET       0.250      1.76555
GET       0.260      1.77508
GET       0.270      1.78237
GET       0.280      1.78761
GET       0.290      1.79272
GET       0.300      1.79745
GET       0.310      1.80213
GET       0.320      1.80755
GET       0.330      1.81216
GET       0.340      1.81770
GET       0.350      1.82319
GET       0.360      1.82886
GET       0.370      1.83527
GET       0.380      1.84362
GET       0.390      1.85403
GET       0.400      1.86599
GET       0.410      1.88101
GET       0.420      1.89927
GET       0.430      1.92195
GET       0.440      1.95298
GET       0.450      2.00089
GET       0.460      2.07729
GET       0.470      2.22515
GET       0.480      2.48392
GET       0.490      2.86837
GET       0.500      3.35084
GET       0.510      3.84875
GET       0.520      4.27452
GET       0.530      4.63747
GET       0.540      4.89531
GET       0.550      5.05675
GET       0.560      5.16256
GET       0.570      5.22960
GET       0.580      5.28076
GET       0.590      5.32170
GET       0.600      5.35609
GET       0.610      5.38176
GET       0.620      5.40494
GET       0.630      5.42594
GET       0.640      5.44576
GET       0.650      5.46495
GET       0.660      5.48588
GET       0.670      5.50807
GET       0.680      5.53056
GET       0.690      5.55181
GET       0.700      5.57443
GET       0.710      5.58844
GET       0.720      5.60010
GET       0.730      5.60957
GET       0.740      5.61823
GET       0.750      5.62515
GET       0.760      5.63169
GET       0.770      5.63823
GET       0.780      5.64521
GET       0.790      5.65287
GET       0.800      5.66010
GET       0.810      5.66733
GET       0.820      5.67350
GET       0.830      5.68129
GET       0.840      5.68914
GET       0.850      5.69693
GET       0.860      5.70559
GET       0.870      5.71412
GET       0.880      5.72484
GET       0.890      5.73568
GET       0.900      5.74385
GET       0.910      5.75307
GET       0.920      5.76428
GET       0.930      5.77425
GET       0.940      5.78366
GET       0.950      5.78983
GET       0.960      5.79693
GET       0.970      5.80379
GET       0.980      5.81145
GET       0.990      5.81868
GET       1.000      5.86273
GET       1.100      5.96424
GET       1.200      6.10767
GET       1.300      6.35654
GET       1.400      7.15516
GET       1.500     11.52277
GET       1.600     26.46723
GET       1.700     46.30612
GET       1.800     57.17333
GET       1.900     61.11816
GET       2.000     62.65254
GET       2.100     63.33172
GET       2.200     63.68564
GET       2.300     63.90734
GET       2.400     64.06293
GET       2.500     64.19758
GET       2.600     64.33559
GET       2.700     64.52184
GET       2.800     64.76690
GET       2.900     65.12973
GET       3.000     65.81551
GET       3.100     67.29930
GET       3.200     70.53997
GET       3.300     75.79992
GET       3.400     80.66756
GET       3.500     83.69096
GET       3.600     85.30391
GET       3.700     86.16036
GET       3.800     86.60787
GET       3.900     86.88490
GET       4.000     87.05557
GET       4.100     87.20636
GET       4.200     87.31795
GET       4.300     87.42693
GET       4.400     87.52613
GET       4.500     87.62595
GET       4.600     87.71275
GET       4.700     87.80167
GET       4.800     87.88983
GET       4.900     87.97607
GET       5.000     88.06000
GET       5.100     88.14319
GET       5.200     88.21790
GET       5.300     88.30787
GET       5.400     88.38756
GET       5.500     88.46383
GET       5.600     88.55599
GET       5.700     88.63768
GET       5.800     88.72441
GET       5.900     88.82049
GET       6.000     88.92337
GET       6.100     89.01783
GET       6.200     89.13167
GET       6.300     89.27941
GET       6.400     89.46172
GET       6.500     89.68024
GET       6.600     89.93447
GET       6.700     90.17324
GET       6.800     90.38715
GET       6.900     90.56367
GET       7.000     90.69203
GET       7.100     90.81241
GET       7.200     90.92569
GET       7.300     91.02682
GET       7.400     91.11636
GET       7.500     91.20665
GET       7.600     91.29880
GET       7.700     91.38286
GET       7.800     91.46692
GET       7.900     91.55054
GET       8.000     91.62631
GET       8.100     91.69977
GET       8.200     91.77217
GET       8.300     91.84420
GET       8.400     91.92433
GET       8.500     92.00826
GET       8.600     92.09843
GET       8.700     92.18660
GET       8.800     92.26716
GET       8.900     92.34623
GET       9.000     92.42381
GET       9.100     92.50388
GET       9.200     92.57603
GET       9.300     92.63809
GET       9.400     92.70127
GET       9.500     92.75492
GET       9.600     92.80963
GET       9.700     92.87094
GET       9.800     92.93874
GET       9.900     93.00759
GET      10.000     93.57349
GET      11.000     94.48620
GET      12.000     95.93491
GET      13.000     96.73721
GET      14.000     97.22902
GET      15.000     97.53266
GET      16.000     97.71740
GET      17.000     97.86128
GET      18.000     97.97443
GET      19.000     98.08136
GET      20.000     98.22392
GET      21.000     98.29458
GET      22.000     98.41889
GET      23.000     98.53491
GET      24.000     98.63710
GET      25.000     98.73368
GET      26.000     98.78184
GET      27.000     98.84808
GET      28.000     98.90266
GET      29.000     98.94248
GET      30.000     98.98329
GET      31.000     99.00772
GET      32.000     99.03133
GET      33.000     99.05893
GET      34.000     99.07925
GET      35.000     99.10386
GET      36.000     99.12660
GET      37.000     99.15408
GET      38.000     99.18100
GET      39.000     99.20312
GET      40.000     99.23191
GET      41.000     99.25608
GET      42.000     99.28556
GET      43.000     99.31459
GET      44.000     99.34226
GET      45.000     99.36425
GET      46.000     99.39173
GET      47.000     99.41460
GET      48.000     99.44002
GET      49.000     99.46638
GET      50.000     99.49124
GET      51.000     99.51448
GET      52.000     99.53816
GET      53.000     99.55785
GET      54.000     99.57760
GET      55.000     99.59486
GET      56.000     99.61063
GET      57.000     99.63119
GET      58.000     99.64926
GET      59.000     99.66864
GET      60.000     99.68384
GET      61.000     99.69911
GET      62.000     99.71356
GET      63.000     99.73138
GET      64.000     99.74870
GET      65.000     99.76378
GET      66.000     99.77787
GET      67.000     99.79220
GET      68.000     99.80404
GET      69.000     99.81594
GET      70.000     99.82622
GET      71.000     99.83538
GET      72.000     99.84086
GET      73.000     99.84740
GET      74.000     99.85756
GET      75.000     99.86205
GET      76.000     99.87033
GET      77.000     99.87675
GET      78.000     99.88130
GET      79.000     99.88591
GET      80.000     99.89071
GET      81.000     99.89719
GET      82.000     99.90155
GET      83.000     99.90784
GET      84.000     99.91171
GET      85.000     99.91426
GET      86.000     99.91918
GET      87.000     99.92186
GET      88.000     99.92610
GET      89.000     99.93015
GET      90.000     99.93376
GET      91.000     99.93607
GET      92.000     99.93943
GET      93.000     99.94423
GET      94.000     99.94760
GET      95.000     99.95053
GET      96.000     99.95264
GET      97.000     99.95601
GET      98.000     99.95962
GET      99.000     99.96205
GET     100.000     99.97545
GET     110.000     99.98623
GET     120.000     99.99315
GET     130.000     99.99664
GET     140.000     99.99676
GET     150.000     99.99863
GET     160.000     99.99925
GET     170.000     99.99938
GET     180.000     99.99963
GET     190.000    100.00000
