[RUN #1] Preparing benchmark client...
[RUN #1] Launching threads now...
[RUN #1 5%,   0 secs]  8 threads:       79714 ops,       0 (avg:       0) ops/sec, 0.00KB/sec (avg: 0.00KB/sec),  0.00 (avg:  0.00) msec latency[RUN #1 10%,   1 secs]  8 threads:      165591 ops,   85862 (avg:   83983) ops/sec, 3.24MB/sec (avg: 3.17MB/sec),  3.72 (avg:  3.79) msec latency[RUN #1 15%,   2 secs]  8 threads:      250744 ops,   85140 (avg:   84372) ops/sec, 3.21MB/sec (avg: 3.18MB/sec),  3.75 (avg:  3.78) msec latency[RUN #1 20%,   3 secs]  8 threads:      335700 ops,   84942 (avg:   84516) ops/sec, 3.20MB/sec (avg: 3.19MB/sec),  3.77 (avg:  3.78) msec latency[RUN #1 25%,   4 secs]  8 threads:      418627 ops,   82905 (avg:   84192) ops/sec, 3.13MB/sec (avg: 3.18MB/sec),  3.85 (avg:  3.79) msec latency[RUN #1 30%,   5 secs]  8 threads:      504215 ops,   85571 (avg:   84423) ops/sec, 3.23MB/sec (avg: 3.18MB/sec),  3.74 (avg:  3.78) msec latency[RUN #1 35%,   6 secs]  8 threads:      589456 ops,   85229 (avg:   84538) ops/sec, 3.21MB/sec (avg: 3.19MB/sec),  3.74 (avg:  3.78) msec latency[RUN #1 40%,   7 secs]  8 threads:      673586 ops,   84118 (avg:   84485) ops/sec, 3.17MB/sec (avg: 3.19MB/sec),  3.81 (avg:  3.78) msec latency[RUN #1 45%,   8 secs]  8 threads:      758514 ops,   84915 (avg:   84533) ops/sec, 3.20MB/sec (avg: 3.19MB/sec),  3.75 (avg:  3.78) msec latency[RUN #1 50%,   9 secs]  8 threads:      845340 ops,   86813 (avg:   84762) ops/sec, 3.27MB/sec (avg: 3.20MB/sec),  3.69 (avg:  3.77) msec latency[RUN #1 55%,  10 secs]  8 threads:      931994 ops,   86641 (avg:   84933) ops/sec, 3.27MB/sec (avg: 3.20MB/sec),  3.64 (avg:  3.76) msec latency[RUN #1 60%,  11 secs]  8 threads:     1017524 ops,   85516 (avg:   84982) ops/sec, 3.23MB/sec (avg: 3.21MB/sec),  3.79 (avg:  3.76) msec latency[RUN #1 65%,  12 secs]  8 threads:     1104818 ops,   87280 (avg:   85159) ops/sec, 3.29MB/sec (avg: 3.21MB/sec),  3.67 (avg:  3.75) msec latency[RUN #1 70%,  13 secs]  8 threads:     1191519 ops,   86689 (avg:   85268) ops/sec, 3.27MB/sec (avg: 3.22MB/sec),  3.66 (avg:  3.75) msec latency[RUN #1 75%,  14 secs]  8 threads:     1277612 ops,   86079 (avg:   85323) ops/sec, 3.25MB/sec (avg: 3.22MB/sec),  3.74 (avg:  3.74) msec latency[RUN #1 80%,  15 secs]  8 threads:     1363798 ops,   86172 (avg:   85376) ops/sec, 3.25MB/sec (avg: 3.22MB/sec),  3.71 (avg:  3.74) msec latency[RUN #1 85%,  16 secs]  8 threads:     1450817 ops,   87005 (avg:   85472) ops/sec, 3.28MB/sec (avg: 3.22MB/sec),  3.67 (avg:  3.74) msec latency[RUN #1 90%,  17 secs]  8 threads:     1536030 ops,   85200 (avg:   85457) ops/sec, 3.21MB/sec (avg: 3.22MB/sec),  3.73 (avg:  3.74) msec latency[RUN #1 95%,  18 secs]  8 threads:     1621975 ops,   85930 (avg:   85482) ops/sec, 3.24MB/sec (avg: 3.22MB/sec),  3.74 (avg:  3.74) msec latency[RUN #1 100%,  19 secs]  8 threads:     1711612 ops,   85930 (avg:   85694) ops/sec, 3.24MB/sec (avg: 3.23MB/sec),  3.74 (avg:  3.73) msec latency[RUN #1 100%,  20 secs]  0 threads:     1764312 ops,   85930 (avg:   88195) ops/sec, 3.24MB/sec (avg: 3.33MB/sec),  3.74 (avg:  3.62) msec latency

8         Threads
40        Connections per thread
20        Seconds
Type        Ops/sec     Hits/sec   Misses/sec      Latency       KB/sec
------------------------------------------------------------------------
Sets        8025.35          ---          ---      3.82300       594.89
Gets       80178.72      3237.43     76941.29      3.60500      2811.55
Totals     88204.07      3237.43     76941.29      3.62400      3406.44


Request Latency Distribution
Type     <= msec         Percent
------------------------------------------------------------------------
SET       1.000     63.25376
SET       2.000     66.61081
SET       3.000     86.90758
SET       4.000     87.92609
SET       5.000     88.80818
SET       6.000     90.37426
SET       7.000     91.34606
SET       8.000     92.21320
SET       9.000     92.88971
SET      10.000     93.85465
SET      11.000     95.29428
SET      12.000     96.11968
SET      13.000     96.98308
SET      14.000     97.27836
SET      15.000     97.55058
SET      16.000     97.70009
SET      17.000     97.79914
SET      18.000     97.92248
SET      19.000     98.01094
SET      20.000     98.13304
SET      21.000     98.21776
SET      22.000     98.31431
SET      23.000     98.44762
SET      24.000     98.55539
SET      25.000     98.62578
SET      26.000     98.70490
SET      27.000     98.75100
SET      28.000     98.81080
SET      29.000     98.84506
SET      30.000     98.87247
SET      31.000     98.89303
SET      32.000     98.92168
SET      33.000     98.95532
SET      34.000     98.97837
SET      35.000     99.00267
SET      36.000     99.04129
SET      37.000     99.06496
SET      38.000     99.09798
SET      39.000     99.11604
SET      40.000     99.14844
SET      41.000     99.17398
SET      42.000     99.19702
SET      43.000     99.21758
SET      44.000     99.24998
SET      45.000     99.28050
SET      46.000     99.30729
SET      47.000     99.33470
SET      48.000     99.35774
SET      49.000     99.37643
SET      50.000     99.39450
SET      51.000     99.41692
SET      52.000     99.43374
SET      53.000     99.46115
SET      54.000     99.47984
SET      55.000     99.49604
SET      56.000     99.51846
SET      57.000     99.53840
SET      58.000     99.55459
SET      59.000     99.56643
SET      60.000     99.58450
SET      61.000     99.60443
SET      62.000     99.61502
SET      63.000     99.63184
SET      64.000     99.65489
SET      65.000     99.66423
SET      66.000     99.68354
SET      67.000     99.69413
SET      68.000     99.70846
SET      69.000     99.72279
SET      70.000     99.73089
SET      71.000     99.73899
SET      72.000     99.74646
SET      73.000     99.75207
SET      74.000     99.76017
SET      75.000     99.76328
SET      76.000     99.77263
SET      77.000     99.77885
SET      78.000     99.78820
SET      79.000     99.79318
SET      80.000     99.80066
SET      81.000     99.80440
SET      82.000     99.81187
SET      83.000     99.81561
SET      84.000     99.82059
SET      85.000     99.82620
SET      86.000     99.82931
SET      87.000     99.83118
SET      88.000     99.83679
SET      89.000     99.84115
SET      90.000     99.84613
SET      91.000     99.84800
SET      92.000     99.85361
SET      93.000     99.85797
SET      94.000     99.86233
SET      95.000     99.86482
SET      96.000     99.86980
SET      97.000     99.87167
SET      98.000     99.87666
SET      99.000     99.87728
SET     100.000     99.89410
SET     110.000     99.90843
SET     120.000     99.92462
SET     130.000     99.93708
SET     140.000     99.94207
SET     150.000     99.94518
SET     160.000     99.94954
SET     170.000     99.95515
SET     180.000     99.95951
SET     190.000     99.96138
SET     200.000     99.96200
SET     210.000     99.96636
SET     220.000     99.96948
SET     230.000     99.97072
SET     240.000     99.97321
SET     250.000     99.97384
SET     260.000     99.97508
SET     280.000     99.97882
SET     300.000     99.98007
SET     310.000     99.98131
SET     320.000     99.98443
SET     330.000     99.98630
SET     340.000     99.98879
SET     350.000     99.99003
SET     360.000     99.99128
SET     370.000     99.99377
SET     400.000     99.99564
SET     410.000     99.99626
SET     430.000     99.99689
SET     440.000     99.99751
SET     470.000     99.99875
SET     920.000     99.99938
SET     930.000    100.00000
---
GET       0.063      0.00006
GET       0.064      0.00012
GET       0.065      0.00025
GET       0.066      0.00031
GET       0.067      0.00037
GET       0.069      0.00044
GET       0.071      0.00056
GET       0.072      0.00062
GET       0.073      0.00075
GET       0.074      0.00118
GET       0.075      0.00150
GET       0.076      0.00162
GET       0.077      0.00193
GET       0.078      0.00218
GET       0.079      0.00274
GET       0.080      0.00330
GET       0.081      0.00362
GET       0.082      0.00455
GET       0.083      0.00549
GET       0.084      0.00667
GET       0.085      0.00811
GET       0.086      0.00960
GET       0.087      0.01104
GET       0.088      0.01341
GET       0.089      0.01534
GET       0.090      0.01746
GET       0.091      0.02033
GET       0.092      0.02344
GET       0.093      0.02687
GET       0.094      0.03124
GET       0.095      0.03673
GET       0.096      0.04078
GET       0.097      0.04614
GET       0.098      0.05175
GET       0.099      0.05724
GET       0.100      0.09777
GET       0.110      0.22622
GET       0.120      0.41103
GET       0.130      0.68513
GET       0.140      1.05600
GET       0.150      1.48518
GET       0.160      1.82855
GET       0.170      2.10465
GET       0.180      2.31939
GET       0.190      2.48837
GET       0.200      2.61076
GET       0.210      2.69207
GET       0.220      2.74825
GET       0.230      2.78479
GET       0.240      2.81528
GET       0.250      2.84116
GET       0.260      2.86217
GET       0.270      2.87726
GET       0.280      2.89129
GET       0.290      2.90264
GET       0.300      2.91230
GET       0.310      2.92066
GET       0.320      2.92745
GET       0.330      2.93356
GET       0.340      2.93892
GET       0.350      2.94298
GET       0.360      2.94634
GET       0.370      2.95033
GET       0.380      2.95389
GET       0.390      2.95663
GET       0.400      2.95888
GET       0.410      2.96069
GET       0.420      2.96175
GET       0.430      2.96324
GET       0.440      2.96443
GET       0.450      2.96530
GET       0.460      2.96692
GET       0.470      2.96835
GET       0.480      2.96929
GET       0.490      2.97023
GET       0.500      2.97153
GET       0.510      2.97259
GET       0.520      2.97359
GET       0.530      2.97459
GET       0.540      2.97528
GET       0.550      2.97627
GET       0.560      2.97696
GET       0.570      2.97727
GET       0.580      2.97839
GET       0.590      2.97970
GET       0.600      2.98051
GET       0.610      2.98101
GET       0.620      2.98157
GET       0.630      2.98207
GET       0.640      2.98282
GET       0.650      2.98376
GET       0.660      2.98475
GET       0.670      2.98531
GET       0.680      2.98669
GET       0.690      2.98787
GET       0.700      2.98874
GET       0.710      2.99024
GET       0.720      2.99167
GET       0.730      2.99317
GET       0.740      2.99479
GET       0.750      2.99716
GET       0.760      2.99934
GET       0.770      3.00240
GET       0.780      3.00701
GET       0.790      3.01175
GET       0.800      3.01761
GET       0.810      3.02366
GET       0.820      3.02965
GET       0.830      3.03601
GET       0.840      3.04293
GET       0.850      3.04985
GET       0.860      3.05677
GET       0.870      3.06463
GET       0.880      3.07298
GET       0.890      3.08103
GET       0.900      3.08845
GET       0.910      3.09693
GET       0.920      3.10578
GET       0.930      3.11351
GET       0.940      3.12143
GET       0.950      3.12717
GET       0.960      3.13396
GET       0.970      3.13957
GET       0.980      3.14662
GET       0.990      3.15385
GET       1.000      3.19551
GET       1.100      3.29826
GET       1.200      3.42047
GET       1.300      3.64139
GET       1.400      4.39747
GET       1.500      8.94877
GET       1.600     25.18325
GET       1.700     46.78280
GET       1.800     58.42613
GET       1.900     62.51746
GET       2.000     64.04647
GET       2.100     64.72075
GET       2.200     65.08464
GET       2.300     65.31590
GET       2.400     65.48226
GET       2.500     65.61844
GET       2.600     65.76989
GET       2.700     65.96599
GET       2.800     66.21341
GET       2.900     66.58920
GET       3.000     67.29310
GET       3.100     68.73619
GET       3.200     71.82071
GET       3.300     76.74974
GET       3.400     81.24261
GET       3.500     84.05359
GET       3.600     85.55772
GET       3.700     86.35327
GET       3.800     86.77877
GET       3.900     87.04221
GET       4.000     87.21898
GET       4.100     87.36513
GET       4.200     87.48485
GET       4.300     87.59110
GET       4.400     87.69286
GET       4.500     87.79175
GET       4.600     87.88253
GET       4.700     87.97220
GET       4.800     88.06142
GET       4.900     88.14385
GET       5.000     88.22703
GET       5.100     88.31089
GET       5.200     88.38572
GET       5.300     88.47956
GET       5.400     88.56099
GET       5.500     88.64498
GET       5.600     88.73396
GET       5.700     88.81601
GET       5.800     88.90025
GET       5.900     88.99659
GET       6.000     89.10096
GET       6.100     89.19131
GET       6.200     89.30685
GET       6.300     89.43418
GET       6.400     89.59692
GET       6.500     89.79096
GET       6.600     90.01025
GET       6.700     90.21838
GET       6.800     90.41012
GET       6.900     90.56201
GET       7.000     90.68191
GET       7.100     90.79571
GET       7.200     90.90414
GET       7.300     91.00328
GET       7.400     91.09350
GET       7.500     91.18647
GET       7.600     91.28280
GET       7.700     91.36729
GET       7.800     91.44735
GET       7.900     91.52928
GET       8.000     91.60585
GET       8.100     91.68005
GET       8.200     91.74764
GET       8.300     91.82483
GET       8.400     91.90963
GET       8.500     91.99256
GET       8.600     92.08516
GET       8.700     92.17326
GET       8.800     92.25070
GET       8.900     92.33164
GET       9.000     92.41319
GET       9.100     92.49394
GET       9.200     92.56639
GET       9.300     92.63024
GET       9.400     92.69228
GET       9.500     92.74746
GET       9.600     92.80614
GET       9.700     92.86974
GET       9.800     92.93502
GET       9.900     93.00330
GET      10.000     93.58068
GET      11.000     94.50593
GET      12.000     95.95401
GET      13.000     96.76976
GET      14.000     97.26609
GET      15.000     97.56632
GET      16.000     97.73779
GET      17.000     97.88001
GET      18.000     97.98526
GET      19.000     98.09338
GET      20.000     98.23380
GET      21.000     98.30077
GET      22.000     98.41774
GET      23.000     98.52642
GET      24.000     98.63230
GET      25.000     98.73156
GET      26.000     98.78475
GET      27.000     98.85290
GET      28.000     98.90478
GET      29.000     98.94512
GET      30.000     98.98384
GET      31.000     99.00697
GET      32.000     99.03142
GET      33.000     99.05854
GET      34.000     99.07955
GET      35.000     99.10692
GET      36.000     99.13087
GET      37.000     99.15955
GET      38.000     99.18574
GET      39.000     99.21261
GET      40.000     99.24341
GET      41.000     99.26561
GET      42.000     99.29348
GET      43.000     99.31693
GET      44.000     99.34231
GET      45.000     99.36824
GET      46.000     99.39225
GET      47.000     99.41700
GET      48.000     99.43951
GET      49.000     99.46177
GET      50.000     99.48578
GET      51.000     99.50735
GET      52.000     99.53298
GET      53.000     99.55343
GET      54.000     99.57401
GET      55.000     99.59384
GET      56.000     99.60824
GET      57.000     99.62682
GET      58.000     99.64553
GET      59.000     99.66199
GET      60.000     99.68013
GET      61.000     99.69528
GET      62.000     99.71043
GET      63.000     99.72733
GET      64.000     99.74473
GET      65.000     99.75795
GET      66.000     99.77185
GET      67.000     99.78407
GET      68.000     99.79598
GET      69.000     99.80770
GET      70.000     99.81718
GET      71.000     99.82622
GET      72.000     99.83433
GET      73.000     99.84088
GET      74.000     99.84992
GET      75.000     99.85416
GET      76.000     99.86183
GET      77.000     99.86794
GET      78.000     99.87548
GET      79.000     99.88103
GET      80.000     99.88677
GET      81.000     99.89307
GET      82.000     99.89749
GET      83.000     99.90385
GET      84.000     99.90809
GET      85.000     99.91221
GET      86.000     99.91657
GET      87.000     99.91963
GET      88.000     99.92368
GET      89.000     99.92705
GET      90.000     99.93048
GET      91.000     99.93459
GET      92.000     99.93883
GET      93.000     99.94226
GET      94.000     99.94582
GET      95.000     99.94956
GET      96.000     99.95274
GET      97.000     99.95654
GET      98.000     99.95910
GET      99.000     99.96184
GET     100.000     99.97811
GET     110.000     99.98965
GET     120.000     99.99482
GET     130.000     99.99751
GET     140.000     99.99782
GET     150.000     99.99863
GET     160.000     99.99875
GET     180.000     99.99938
GET     190.000    100.00000
