[RUN #1] Preparing benchmark client...
[RUN #1] Launching threads now...
[RUN #1 1%,   0 secs]  8 threads:       28562 ops,       0 (avg:       0) ops/sec, 0.00KB/sec (avg: 0.00KB/sec),  0.00 (avg:  0.00) msec latency[RUN #1 6%,   1 secs]  8 threads:      103592 ops,   75018 (avg:   88382) ops/sec, 2.83MB/sec (avg: 3.34MB/sec),  4.28 (avg:  3.55) msec latency[RUN #1 11%,   2 secs]  8 threads:      181156 ops,   77553 (avg:   83396) ops/sec, 2.93MB/sec (avg: 3.15MB/sec),  4.13 (avg:  3.80) msec latency[RUN #1 16%,   3 secs]  8 threads:      258684 ops,   77516 (avg:   81542) ops/sec, 2.92MB/sec (avg: 3.08MB/sec),  4.16 (avg:  3.90) msec latency[RUN #1 21%,   4 secs]  8 threads:      335322 ops,   76622 (avg:   80363) ops/sec, 2.89MB/sec (avg: 3.03MB/sec),  4.17 (avg:  3.97) msec latency[RUN #1 26%,   5 secs]  8 threads:      412834 ops,   77501 (avg:   79809) ops/sec, 2.92MB/sec (avg: 3.01MB/sec),  4.11 (avg:  3.99) msec latency[RUN #1 31%,   6 secs]  8 threads:      491687 ops,   78842 (avg:   79653) ops/sec, 2.97MB/sec (avg: 3.00MB/sec),  4.05 (avg:  4.00) msec latency[RUN #1 36%,   7 secs]  8 threads:      569632 ops,   77934 (avg:   79413) ops/sec, 2.94MB/sec (avg: 3.00MB/sec),  4.09 (avg:  4.01) msec latency[RUN #1 41%,   8 secs]  8 threads:      648628 ops,   78984 (avg:   79360) ops/sec, 2.98MB/sec (avg: 2.99MB/sec),  4.06 (avg:  4.02) msec latency[RUN #1 46%,   9 secs]  8 threads:      726187 ops,   77547 (avg:   79163) ops/sec, 2.92MB/sec (avg: 2.99MB/sec),  4.13 (avg:  4.03) msec latency[RUN #1 51%,  10 secs]  8 threads:      804259 ops,   78058 (avg:   79054) ops/sec, 2.94MB/sec (avg: 2.98MB/sec),  4.06 (avg:  4.03) msec latency[RUN #1 56%,  11 secs]  8 threads:      883408 ops,   79136 (avg:   79061) ops/sec, 2.98MB/sec (avg: 2.98MB/sec),  4.06 (avg:  4.04) msec latency[RUN #1 61%,  12 secs]  8 threads:      960834 ops,   77413 (avg:   78926) ops/sec, 2.92MB/sec (avg: 2.98MB/sec),  4.07 (avg:  4.04) msec latency[RUN #1 66%,  13 secs]  8 threads:     1039401 ops,   78551 (avg:   78898) ops/sec, 2.96MB/sec (avg: 2.98MB/sec),  4.13 (avg:  4.05) msec latency[RUN #1 71%,  14 secs]  8 threads:     1118444 ops,   79030 (avg:   78907) ops/sec, 2.98MB/sec (avg: 2.98MB/sec),  4.03 (avg:  4.04) msec latency[RUN #1 76%,  15 secs]  8 threads:     1196964 ops,   78508 (avg:   78881) ops/sec, 2.96MB/sec (avg: 2.98MB/sec),  4.10 (avg:  4.05) msec latency[RUN #1 81%,  16 secs]  8 threads:     1274874 ops,   77898 (avg:   78820) ops/sec, 2.94MB/sec (avg: 2.97MB/sec),  4.10 (avg:  4.05) msec latency[RUN #1 86%,  17 secs]  8 threads:     1352558 ops,   77673 (avg:   78753) ops/sec, 2.93MB/sec (avg: 2.97MB/sec),  4.11 (avg:  4.05) msec latency[RUN #1 91%,  18 secs]  8 threads:     1430930 ops,   78361 (avg:   78731) ops/sec, 2.96MB/sec (avg: 2.97MB/sec),  4.06 (avg:  4.06) msec latency[RUN #1 96%,  19 secs]  8 threads:     1513618 ops,   82681 (avg:   78937) ops/sec, 3.12MB/sec (avg: 2.98MB/sec),  3.91 (avg:  4.05) msec latency[RUN #1 100%,  20 secs]  0 threads:     1624907 ops,   82681 (avg:   81212) ops/sec, 3.12MB/sec (avg: 3.06MB/sec),  3.91 (avg:  3.94) msec latency

8         Threads
40        Connections per thread
20        Seconds
Type        Ops/sec     Hits/sec   Misses/sec      Latency       KB/sec
------------------------------------------------------------------------
Sets        7385.91          ---          ---      4.50700       547.49
Gets       73779.93      3573.45     70206.48      3.87800      2587.16
Totals     81165.84      3573.45     70206.48      3.93600      3134.65


Request Latency Distribution
Type     <= msec         Percent
------------------------------------------------------------------------
SET       1.000     75.76135
SET       2.000     79.07725
SET       3.000     80.58405
SET       4.000     81.98670
SET       5.000     83.08840
SET       6.000     84.08324
SET       7.000     84.91847
SET       8.000     85.72057
SET       9.000     86.32721
SET      10.000     86.93115
SET      11.000     87.48098
SET      12.000     88.03893
SET      13.000     88.56374
SET      14.000     89.05406
SET      15.000     89.48621
SET      16.000     89.92649
SET      17.000     90.36676
SET      18.000     90.86993
SET      19.000     91.27368
SET      20.000     91.68555
SET      21.000     92.07645
SET      22.000     92.41054
SET      23.000     92.70473
SET      24.000     93.00636
SET      25.000     93.34993
SET      26.000     93.69416
SET      27.000     93.96739
SET      28.000     94.26361
SET      29.000     94.56321
SET      30.000     94.84658
SET      31.000     95.04136
SET      32.000     95.29294
SET      33.000     95.55467
SET      34.000     95.78123
SET      35.000     95.96180
SET      36.000     96.15387
SET      37.000     96.30739
SET      38.000     96.48594
SET      39.000     96.64554
SET      40.000     96.81597
SET      41.000     96.95529
SET      42.000     97.08852
SET      43.000     97.20349
SET      44.000     97.32455
SET      45.000     97.42735
SET      46.000     97.52609
SET      47.000     97.60995
SET      48.000     97.69922
SET      49.000     97.77700
SET      50.000     97.85612
SET      51.000     97.91631
SET      52.000     97.99679
SET      53.000     98.06442
SET      54.000     98.16993
SET      55.000     98.24297
SET      56.000     98.31398
SET      57.000     98.36200
SET      58.000     98.41610
SET      59.000     98.46682
SET      60.000     98.53445
SET      61.000     98.57774
SET      62.000     98.62575
SET      63.000     98.67648
SET      64.000     98.71097
SET      65.000     98.75966
SET      66.000     98.81580
SET      67.000     98.87058
SET      68.000     98.93009
SET      69.000     99.01733
SET      70.000     99.04844
SET      71.000     99.09984
SET      72.000     99.13974
SET      73.000     99.19114
SET      74.000     99.21076
SET      75.000     99.23375
SET      76.000     99.26959
SET      77.000     99.29191
SET      78.000     99.31085
SET      79.000     99.32032
SET      80.000     99.33452
SET      81.000     99.35954
SET      82.000     99.37172
SET      83.000     99.37916
SET      84.000     99.39065
SET      85.000     99.40418
SET      86.000     99.41432
SET      87.000     99.42717
SET      88.000     99.43529
SET      89.000     99.44814
SET      90.000     99.45355
SET      91.000     99.46031
SET      92.000     99.46707
SET      93.000     99.47587
SET      94.000     99.48195
SET      95.000     99.49480
SET      96.000     99.49818
SET      97.000     99.50157
SET      98.000     99.50698
SET      99.000     99.51306
SET     100.000     99.54958
SET     110.000     99.59490
SET     120.000     99.62939
SET     130.000     99.67132
SET     140.000     99.68890
SET     150.000     99.70851
SET     160.000     99.72204
SET     170.000     99.73083
SET     180.000     99.73421
SET     190.000     99.75586
SET     200.000     99.76059
SET     210.000     99.77006
SET     220.000     99.77750
SET     230.000     99.79238
SET     240.000     99.80725
SET     250.000     99.82957
SET     260.000     99.87556
SET     270.000     99.90194
SET     280.000     99.92358
SET     290.000     99.93913
SET     300.000     99.97227
SET     310.000     99.99188
SET     320.000     99.99797
SET     350.000     99.99932
SET     370.000    100.00000
---
GET       0.060      0.00007
GET       0.061      0.00014
GET       0.062      0.00020
GET       0.063      0.00027
GET       0.064      0.00047
GET       0.065      0.00068
GET       0.067      0.00074
GET       0.068      0.00081
GET       0.069      0.00115
GET       0.070      0.00149
GET       0.071      0.00196
GET       0.072      0.00251
GET       0.073      0.00345
GET       0.074      0.00386
GET       0.075      0.00474
GET       0.076      0.00548
GET       0.077      0.00630
GET       0.078      0.00765
GET       0.079      0.00887
GET       0.080      0.01002
GET       0.081      0.01151
GET       0.082      0.01361
GET       0.083      0.01503
GET       0.084      0.01720
GET       0.085      0.01997
GET       0.086      0.02275
GET       0.087      0.02654
GET       0.088      0.03094
GET       0.089      0.03602
GET       0.090      0.04184
GET       0.091      0.04848
GET       0.092      0.05673
GET       0.093      0.06493
GET       0.094      0.07508
GET       0.095      0.08632
GET       0.096      0.09797
GET       0.097      0.11178
GET       0.098      0.12525
GET       0.099      0.13805
GET       0.100      0.21164
GET       0.110      0.38658
GET       0.120      0.64054
GET       0.130      1.17708
GET       0.140      2.82253
GET       0.150      5.16802
GET       0.160      7.04617
GET       0.170      8.76162
GET       0.180     10.87740
GET       0.190     14.44581
GET       0.200     17.43909
GET       0.210     19.19124
GET       0.220     20.40203
GET       0.230     21.51771
GET       0.240     22.89465
GET       0.250     24.09881
GET       0.260     25.08470
GET       0.270     26.06632
GET       0.280     27.31963
GET       0.290     29.25228
GET       0.300     31.48464
GET       0.310     33.81985
GET       0.320     36.43581
GET       0.330     39.75860
GET       0.340     44.14791
GET       0.350     48.24338
GET       0.360     51.73529
GET       0.370     54.72911
GET       0.380     57.58000
GET       0.390     60.32752
GET       0.400     62.50992
GET       0.410     64.18461
GET       0.420     65.52723
GET       0.430     66.73403
GET       0.440     67.87773
GET       0.450     68.82808
GET       0.460     69.60646
GET       0.470     70.30305
GET       0.480     70.93140
GET       0.490     71.53341
GET       0.500     72.04152
GET       0.510     72.47780
GET       0.520     72.85301
GET       0.530     73.20005
GET       0.540     73.50485
GET       0.550     73.76564
GET       0.560     74.00064
GET       0.570     74.20138
GET       0.580     74.39020
GET       0.590     74.57936
GET       0.600     74.74327
GET       0.610     74.89621
GET       0.620     75.04204
GET       0.630     75.18645
GET       0.640     75.32416
GET       0.650     75.46018
GET       0.660     75.58874
GET       0.670     75.71873
GET       0.680     75.85739
GET       0.690     76.00038
GET       0.700     76.13808
GET       0.710     76.27674
GET       0.720     76.42203
GET       0.730     76.57226
GET       0.740     76.72209
GET       0.750     76.86772
GET       0.760     77.01632
GET       0.770     77.16426
GET       0.780     77.31767
GET       0.790     77.46161
GET       0.800     77.60243
GET       0.810     77.74311
GET       0.820     77.87500
GET       0.830     78.01122
GET       0.840     78.14026
GET       0.850     78.26226
GET       0.860     78.37790
GET       0.870     78.49049
GET       0.880     78.60294
GET       0.890     78.70632
GET       0.900     78.80767
GET       0.910     78.90381
GET       0.920     78.99230
GET       0.930     79.07760
GET       0.940     79.15729
GET       0.950     79.23082
GET       0.960     79.29906
GET       0.970     79.36487
GET       0.980     79.43061
GET       0.990     79.48930
GET       1.000     79.77677
GET       1.100     80.17581
GET       1.200     80.53030
GET       1.300     80.87342
GET       1.400     81.20984
GET       1.500     81.51694
GET       1.600     81.80758
GET       1.700     82.07535
GET       1.800     82.31136
GET       1.900     82.52415
GET       2.000     82.71737
GET       2.100     82.89665
GET       2.200     83.05880
GET       2.300     83.20917
GET       2.400     83.34464
GET       2.500     83.46650
GET       2.600     83.58810
GET       2.700     83.70746
GET       2.800     83.81951
GET       2.900     83.92912
GET       3.000     84.03352
GET       3.100     84.13351
GET       3.200     84.22891
GET       3.300     84.32403
GET       3.400     84.41516
GET       3.500     84.50073
GET       3.600     84.58936
GET       3.700     84.67642
GET       3.800     84.76437
GET       3.900     84.84575
GET       4.000     84.93288
GET       4.100     85.01514
GET       4.200     85.11202
GET       4.300     85.20037
GET       4.400     85.30247
GET       4.500     85.40456
GET       4.600     85.49414
GET       4.700     85.57653
GET       4.800     85.65297
GET       4.900     85.73333
GET       5.000     85.81572
GET       5.100     85.88918
GET       5.200     85.95898
GET       5.300     86.02648
GET       5.400     86.09452
GET       5.500     86.16622
GET       5.600     86.23582
GET       5.700     86.30934
GET       5.800     86.38328
GET       5.900     86.46066
GET       6.000     86.53337
GET       6.100     86.60148
GET       6.200     86.67210
GET       6.300     86.74393
GET       6.400     86.81536
GET       6.500     86.88462
GET       6.600     86.95293
GET       6.700     87.01961
GET       6.800     87.08569
GET       6.900     87.14676
GET       7.000     87.20282
GET       7.100     87.26477
GET       7.200     87.33308
GET       7.300     87.39760
GET       7.400     87.45535
GET       7.500     87.52129
GET       7.600     87.58751
GET       7.700     87.65155
GET       7.800     87.71838
GET       7.900     87.77782
GET       8.000     87.83740
GET       8.100     87.89982
GET       8.200     87.96292
GET       8.300     88.02466
GET       8.400     88.09169
GET       8.500     88.16169
GET       8.600     88.22601
GET       8.700     88.28444
GET       8.800     88.34557
GET       8.900     88.40224
GET       9.000     88.45999
GET       9.100     88.51436
GET       9.200     88.56601
GET       9.300     88.61815
GET       9.400     88.67353
GET       9.500     88.72491
GET       9.600     88.78029
GET       9.700     88.83534
GET       9.800     88.88902
GET       9.900     88.94082
GET      10.000     89.23329
GET      11.000     89.71073
GET      12.000     90.19372
GET      13.000     90.64923
GET      14.000     91.07393
GET      15.000     91.46566
GET      16.000     91.85170
GET      17.000     92.24261
GET      18.000     92.64308
GET      19.000     93.00596
GET      20.000     93.34549
GET      21.000     93.70459
GET      22.000     94.03444
GET      23.000     94.32102
GET      24.000     94.59942
GET      25.000     94.87991
GET      26.000     95.17272
GET      27.000     95.42201
GET      28.000     95.66269
GET      29.000     95.90798
GET      30.000     96.15394
GET      31.000     96.36775
GET      32.000     96.56740
GET      33.000     96.77789
GET      34.000     96.98242
GET      35.000     97.15059
GET      36.000     97.29649
GET      37.000     97.45153
GET      38.000     97.59824
GET      39.000     97.73561
GET      40.000     97.85321
GET      41.000     97.97867
GET      42.000     98.11895
GET      43.000     98.22612
GET      44.000     98.32842
GET      45.000     98.42131
GET      46.000     98.51237
GET      47.000     98.58691
GET      48.000     98.65793
GET      49.000     98.72191
GET      50.000     98.80132
GET      51.000     98.86578
GET      52.000     98.92813
GET      53.000     98.99251
GET      54.000     99.04952
GET      55.000     99.10863
GET      56.000     99.15994
GET      57.000     99.20720
GET      58.000     99.24613
GET      59.000     99.29190
GET      60.000     99.33232
GET      61.000     99.36745
GET      62.000     99.40191
GET      63.000     99.43989
GET      64.000     99.46190
GET      65.000     99.49176
GET      66.000     99.52012
GET      67.000     99.54707
GET      68.000     99.57178
GET      69.000     99.59845
GET      70.000     99.61829
GET      71.000     99.63813
GET      72.000     99.65302
GET      73.000     99.67591
GET      74.000     99.69439
GET      75.000     99.70867
GET      76.000     99.72310
GET      77.000     99.73846
GET      78.000     99.75586
GET      79.000     99.76846
GET      80.000     99.77990
GET      81.000     99.78972
GET      82.000     99.80116
GET      83.000     99.80894
GET      84.000     99.81659
GET      85.000     99.82621
GET      86.000     99.83271
GET      87.000     99.84130
GET      88.000     99.84692
GET      89.000     99.85214
GET      90.000     99.85769
GET      91.000     99.86365
GET      92.000     99.86839
GET      93.000     99.87299
GET      94.000     99.87800
GET      95.000     99.88226
GET      96.000     99.88680
GET      97.000     99.89025
GET      98.000     99.89411
GET      99.000     99.89811
GET     100.000     99.91456
GET     110.000     99.93670
GET     120.000     99.94868
GET     130.000     99.95965
GET     140.000     99.96852
GET     150.000     99.97421
GET     160.000     99.97732
GET     170.000     99.98131
GET     180.000     99.98538
GET     190.000     99.98775
GET     200.000     99.99100
GET     210.000     99.99242
GET     220.000     99.99377
GET     230.000     99.99553
GET     240.000     99.99668
GET     250.000     99.99722
GET     260.000     99.99736
GET     270.000     99.99865
GET     280.000     99.99871
GET     290.000     99.99905
GET     300.000     99.99926
GET     310.000     99.99946
GET     320.000     99.99973
GET     330.000     99.99980
GET     340.000     99.99986
GET     380.000    100.00000
