[RUN #1] Preparing benchmark client...
[RUN #1] Launching threads now...
[RUN #1 5%,   1 secs] 16 threads:       15541 ops,   15525 (avg:   15525) ops/sec, 562.01KB/sec (avg: 562.01KB/sec),  8.20 (avg:  8.20) msec latency[RUN #1 10%,   2 secs] 16 threads:       32779 ops,   17235 (avg:   16380) ops/sec, 609.72KB/sec (avg: 585.85KB/sec),  7.42 (avg:  7.79) msec latency[RUN #1 15%,   3 secs] 16 threads:       49923 ops,   17141 (avg:   16633) ops/sec, 615.22KB/sec (avg: 595.64KB/sec),  7.47 (avg:  7.68) msec latency[RUN #1 20%,   4 secs] 16 threads:       67017 ops,   17092 (avg:   16748) ops/sec, 618.29KB/sec (avg: 601.30KB/sec),  7.48 (avg:  7.63) msec latency[RUN #1 25%,   5 secs] 16 threads:       84152 ops,   17132 (avg:   16825) ops/sec, 599.90KB/sec (avg: 601.02KB/sec),  7.47 (avg:  7.60) msec latency[RUN #1 30%,   6 secs] 16 threads:      101212 ops,   17058 (avg:   16864) ops/sec, 607.45KB/sec (avg: 602.09KB/sec),  7.50 (avg:  7.58) msec latency[RUN #1 35%,   7 secs] 16 threads:      118200 ops,   16985 (avg:   16881) ops/sec, 621.52KB/sec (avg: 604.87KB/sec),  7.53 (avg:  7.57) msec latency[RUN #1 40%,   8 secs] 16 threads:      135204 ops,   17001 (avg:   16896) ops/sec, 616.82KB/sec (avg: 606.36KB/sec),  7.53 (avg:  7.57) msec latency[RUN #1 45%,   9 secs] 16 threads:      152150 ops,   16944 (avg:   16901) ops/sec, 608.69KB/sec (avg: 606.62KB/sec),  7.55 (avg:  7.57) msec latency[RUN #1 50%,  10 secs] 16 threads:      169109 ops,   16956 (avg:   16907) ops/sec, 599.74KB/sec (avg: 605.93KB/sec),  7.54 (avg:  7.56) msec latency[RUN #1 55%,  11 secs] 16 threads:      186044 ops,   16932 (avg:   16909) ops/sec, 599.58KB/sec (avg: 605.35KB/sec),  7.55 (avg:  7.56) msec latency[RUN #1 60%,  12 secs] 16 threads:      202966 ops,   16919 (avg:   16910) ops/sec, 607.39KB/sec (avg: 605.52KB/sec),  7.56 (avg:  7.56) msec latency[RUN #1 65%,  13 secs] 16 threads:      219851 ops,   16882 (avg:   16908) ops/sec, 606.62KB/sec (avg: 605.61KB/sec),  7.58 (avg:  7.56) msec latency[RUN #1 70%,  14 secs] 16 threads:      236714 ops,   16860 (avg:   16904) ops/sec, 599.68KB/sec (avg: 605.18KB/sec),  7.58 (avg:  7.56) msec latency[RUN #1 75%,  15 secs] 16 threads:      253491 ops,   16774 (avg:   16896) ops/sec, 622.04KB/sec (avg: 606.31KB/sec),  7.63 (avg:  7.57) msec latency[RUN #1 80%,  16 secs] 16 threads:      270331 ops,   16837 (avg:   16892) ops/sec, 605.92KB/sec (avg: 606.28KB/sec),  7.60 (avg:  7.57) msec latency[RUN #1 85%,  17 secs] 16 threads:      287196 ops,   16862 (avg:   16890) ops/sec, 599.35KB/sec (avg: 605.88KB/sec),  7.59 (avg:  7.57) msec latency[RUN #1 90%,  18 secs] 16 threads:      303983 ops,   16784 (avg:   16884) ops/sec, 629.15KB/sec (avg: 607.17KB/sec),  7.62 (avg:  7.58) msec latency[RUN #1 95%,  19 secs] 16 threads:      320848 ops,   16862 (avg:   16883) ops/sec, 600.27KB/sec (avg: 606.81KB/sec),  7.58 (avg:  7.58) msec latency[RUN #1 100%,  20 secs] 11 threads:      339198 ops,   16862 (avg:   16958) ops/sec, 600.27KB/sec (avg: 609.35KB/sec),  7.58 (avg:  7.54) msec latency[RUN #1 100%,  20 secs]  0 threads:      339233 ops,   16862 (avg:   16959) ops/sec, 600.27KB/sec (avg: 609.41KB/sec),  7.58 (avg:  7.54) msec latency

16        Threads
8         Connections per thread
20        Seconds
Type        Ops/sec     Hits/sec   Misses/sec      Latency       KB/sec
------------------------------------------------------------------------
Sets        1471.26          ---          ---      7.52200       109.04
Gets       14679.28       364.11     14315.16      7.54500       471.30
Totals     16150.54       364.11     14315.16      7.54300       580.34


Request Latency Distribution
Type     <= msec         Percent
------------------------------------------------------------------------
SET       4.000      0.44009
SET       5.000      1.20377
SET       6.000      1.68592
SET       7.000     99.11983
SET       8.000     99.29457
SET       9.000     99.34634
SET      10.000     99.59874
SET      11.000     99.98382
SET      12.000     99.98706
SET      13.000    100.00000
---
GET       4.600      0.00065
GET       4.700      0.00551
GET       4.800      0.03470
GET       4.900      0.21827
GET       5.000      0.69406
GET       5.100      1.04109
GET       5.200      1.12963
GET       5.300      1.17893
GET       5.400      1.19061
GET       5.500      1.20034
GET       5.600      1.21720
GET       5.700      1.22628
GET       5.800      1.22953
GET       5.900      1.23212
GET       6.000      1.24055
GET       6.100      1.24347
GET       6.200      1.26650
GET       6.300      1.34856
GET       6.400      1.38164
GET       6.500      1.39688
GET       6.600      1.43807
GET       6.700      1.47245
GET       6.800      1.52239
GET       6.900      1.58986
GET       7.000      1.80002
GET       7.100      2.26867
GET       7.200      3.82577
GET       7.300      9.04842
GET       7.400     25.28849
GET       7.500     58.54085
GET       7.600     83.20663
GET       7.700     92.76457
GET       7.800     97.45273
GET       7.900     98.91058
GET       8.000     99.21805
GET       8.100     99.29491
GET       8.200     99.33610
GET       8.300     99.37016
GET       8.400     99.38572
GET       8.500     99.39156
GET       8.600     99.39870
GET       8.700     99.40226
GET       8.800     99.40907
GET       8.900     99.42367
GET       9.000     99.44378
GET       9.100     99.45448
GET       9.200     99.46518
GET       9.300     99.48205
GET       9.400     99.49729
GET       9.500     99.50313
GET       9.600     99.50962
GET       9.700     99.51935
GET       9.800     99.52097
GET       9.900     99.52551
GET      10.000     99.54886
GET      11.000     99.72756
GET      12.000     99.77394
GET      13.000     99.79502
GET      14.000     99.87319
GET      16.000     99.87546
GET      20.000     99.88194
GET      24.000     99.89038
GET      26.000     99.89103
GET      27.000     99.90692
GET      28.000     99.92443
GET      29.000     99.94649
GET      30.000     99.95200
GET      34.000     99.95881
GET      35.000     99.96335
GET      36.000     99.96854
GET      37.000     99.98184
GET      38.000     99.98508
GET      39.000     99.98605
GET      40.000     99.99351
GET      41.000    100.00000
