[RUN #1] Preparing benchmark client...
[RUN #1] Launching threads now...
[RUN #1 0%,   0 secs]  8 threads:       11063 ops,       0 (avg:       0) ops/sec, 0.00KB/sec (avg: 0.00KB/sec),  0.00 (avg:  0.00) msec latency[RUN #1 5%,   1 secs]  8 threads:       86076 ops,   75001 (avg:   78632) ops/sec, 2.83MB/sec (avg: 2.97MB/sec),  4.26 (avg:  3.99) msec latency[RUN #1 10%,   2 secs]  8 threads:      167976 ops,   81885 (avg:   80185) ops/sec, 3.09MB/sec (avg: 3.03MB/sec),  3.90 (avg:  3.95) msec latency[RUN #1 15%,   3 secs]  8 threads:      246447 ops,   78455 (avg:   79626) ops/sec, 2.96MB/sec (avg: 3.01MB/sec),  4.07 (avg:  3.98) msec latency[RUN #1 20%,   4 secs]  8 threads:      324714 ops,   78255 (avg:   79291) ops/sec, 2.95MB/sec (avg: 2.99MB/sec),  4.10 (avg:  4.01) msec latency[RUN #1 25%,   5 secs]  8 threads:      401885 ops,   77160 (avg:   78873) ops/sec, 2.91MB/sec (avg: 2.98MB/sec),  4.11 (avg:  4.03) msec latency[RUN #1 30%,   6 secs]  8 threads:      478900 ops,   77002 (avg:   78566) ops/sec, 2.90MB/sec (avg: 2.96MB/sec),  4.19 (avg:  4.06) msec latency[RUN #1 35%,   7 secs]  8 threads:      559112 ops,   80200 (avg:   78796) ops/sec, 3.02MB/sec (avg: 2.97MB/sec),  3.99 (avg:  4.05) msec latency[RUN #1 40%,   8 secs]  8 threads:      637359 ops,   78234 (avg:   78727) ops/sec, 2.95MB/sec (avg: 2.97MB/sec),  4.08 (avg:  4.05) msec latency[RUN #1 45%,   9 secs]  8 threads:      714774 ops,   77404 (avg:   78581) ops/sec, 2.92MB/sec (avg: 2.96MB/sec),  4.12 (avg:  4.06) msec latency[RUN #1 50%,  10 secs]  8 threads:      793731 ops,   78945 (avg:   78617) ops/sec, 2.98MB/sec (avg: 2.97MB/sec),  4.03 (avg:  4.06) msec latency[RUN #1 55%,  11 secs]  8 threads:      874611 ops,   80868 (avg:   78820) ops/sec, 3.05MB/sec (avg: 2.97MB/sec),  3.96 (avg:  4.05) msec latency[RUN #1 60%,  12 secs]  8 threads:      954155 ops,   79532 (avg:   78879) ops/sec, 3.00MB/sec (avg: 2.98MB/sec),  4.03 (avg:  4.05) msec latency[RUN #1 65%,  13 secs]  8 threads:     1034244 ops,   80076 (avg:   78970) ops/sec, 3.02MB/sec (avg: 2.98MB/sec),  3.99 (avg:  4.04) msec latency[RUN #1 70%,  14 secs]  8 threads:     1112318 ops,   78063 (avg:   78906) ops/sec, 2.94MB/sec (avg: 2.98MB/sec),  4.09 (avg:  4.05) msec latency[RUN #1 75%,  15 secs]  8 threads:     1191499 ops,   79143 (avg:   78922) ops/sec, 2.98MB/sec (avg: 2.98MB/sec),  4.04 (avg:  4.04) msec latency[RUN #1 80%,  16 secs]  8 threads:     1271013 ops,   79490 (avg:   78957) ops/sec, 3.00MB/sec (avg: 2.98MB/sec),  4.04 (avg:  4.04) msec latency[RUN #1 85%,  17 secs]  8 threads:     1350146 ops,   79120 (avg:   78967) ops/sec, 2.98MB/sec (avg: 2.98MB/sec),  4.05 (avg:  4.05) msec latency[RUN #1 90%,  18 secs]  8 threads:     1429183 ops,   79025 (avg:   78970) ops/sec, 2.98MB/sec (avg: 2.98MB/sec),  4.04 (avg:  4.04) msec latency[RUN #1 95%,  19 secs]  8 threads:     1512314 ops,   83119 (avg:   79187) ops/sec, 3.13MB/sec (avg: 2.99MB/sec),  3.83 (avg:  4.03) msec latency[RUN #1 100%,  20 secs]  0 threads:     1640769 ops,   83119 (avg:   82005) ops/sec, 3.13MB/sec (avg: 3.09MB/sec),  3.83 (avg:  3.90) msec latency

8         Threads
40        Connections per thread
20        Seconds
Type        Ops/sec     Hits/sec   Misses/sec      Latency       KB/sec
------------------------------------------------------------------------
Sets        7465.21          ---          ---      4.56500       553.37
Gets       74572.30      3306.96     71265.33      3.83100      2614.94
Totals     82037.51      3306.96     71265.33      3.89800      3168.31


Request Latency Distribution
Type     <= msec         Percent
------------------------------------------------------------------------
SET       1.000     75.81611
SET       2.000     79.41677
SET       3.000     80.86011
SET       4.000     82.13936
SET       5.000     83.09043
SET       6.000     84.07834
SET       7.000     84.84120
SET       8.000     85.54713
SET       9.000     86.09500
SET      10.000     86.67770
SET      11.000     87.18806
SET      12.000     87.78013
SET      13.000     88.21481
SET      14.000     88.63408
SET      15.000     88.99910
SET      16.000     89.41972
SET      17.000     89.80617
SET      18.000     90.14708
SET      19.000     90.44847
SET      20.000     90.80278
SET      21.000     91.13900
SET      22.000     91.50135
SET      23.000     91.77863
SET      24.000     92.12356
SET      25.000     92.47519
SET      26.000     92.73706
SET      27.000     92.95541
SET      28.000     93.26551
SET      29.000     93.54279
SET      30.000     93.78525
SET      31.000     94.04512
SET      32.000     94.29226
SET      33.000     94.51194
SET      34.000     94.69144
SET      35.000     94.90844
SET      36.000     95.13147
SET      37.000     95.33040
SET      38.000     95.56682
SET      39.000     95.78249
SET      40.000     95.95328
SET      41.000     96.09661
SET      42.000     96.22721
SET      43.000     96.37590
SET      44.000     96.53597
SET      45.000     96.71011
SET      46.000     96.82397
SET      47.000     96.93783
SET      48.000     97.05638
SET      49.000     97.16220
SET      50.000     97.26937
SET      51.000     97.36045
SET      52.000     97.45288
SET      53.000     97.53526
SET      54.000     97.62836
SET      55.000     97.69534
SET      56.000     97.75963
SET      57.000     97.83934
SET      58.000     97.90363
SET      59.000     97.95922
SET      60.000     98.02285
SET      61.000     98.08983
SET      62.000     98.15145
SET      63.000     98.19498
SET      64.000     98.25057
SET      65.000     98.31956
SET      66.000     98.38520
SET      67.000     98.47494
SET      68.000     98.53053
SET      69.000     98.61359
SET      70.000     98.65846
SET      71.000     98.70467
SET      72.000     98.75223
SET      73.000     98.79643
SET      74.000     98.82456
SET      75.000     98.86944
SET      76.000     98.91297
SET      77.000     98.94110
SET      78.000     98.97191
SET      79.000     99.00875
SET      80.000     99.03956
SET      81.000     99.07104
SET      82.000     99.08175
SET      83.000     99.09917
SET      84.000     99.11591
SET      85.000     99.13064
SET      86.000     99.16279
SET      87.000     99.18222
SET      88.000     99.19896
SET      89.000     99.22240
SET      90.000     99.23379
SET      91.000     99.24584
SET      92.000     99.25589
SET      93.000     99.27263
SET      94.000     99.28469
SET      95.000     99.29943
SET      96.000     99.31818
SET      97.000     99.32956
SET      98.000     99.34363
SET      99.000     99.35100
SET     100.000     99.40123
SET     110.000     99.47490
SET     120.000     99.52849
SET     130.000     99.56130
SET     140.000     99.61087
SET     150.000     99.64302
SET     160.000     99.66445
SET     170.000     99.67851
SET     180.000     99.71334
SET     190.000     99.72741
SET     200.000     99.76089
SET     210.000     99.79438
SET     220.000     99.81581
SET     230.000     99.84528
SET     240.000     99.86940
SET     250.000     99.90154
SET     260.000     99.92499
SET     270.000     99.94374
SET     280.000     99.94441
SET     290.000     99.96517
SET     300.000     99.97522
SET     310.000     99.99732
SET     320.000    100.00000
---
GET       0.061      0.00013
GET       0.062      0.00020
GET       0.063      0.00027
GET       0.064      0.00040
GET       0.066      0.00060
GET       0.067      0.00080
GET       0.068      0.00148
GET       0.069      0.00194
GET       0.070      0.00241
GET       0.071      0.00369
GET       0.072      0.00449
GET       0.073      0.00583
GET       0.074      0.00744
GET       0.075      0.00999
GET       0.076      0.01173
GET       0.077      0.01388
GET       0.078      0.01696
GET       0.079      0.01938
GET       0.080      0.02467
GET       0.081      0.02977
GET       0.082      0.03533
GET       0.083      0.04345
GET       0.084      0.05263
GET       0.085      0.06571
GET       0.086      0.08099
GET       0.087      0.10004
GET       0.088      0.12203
GET       0.089      0.14851
GET       0.090      0.18002
GET       0.091      0.21683
GET       0.092      0.26095
GET       0.093      0.31446
GET       0.094      0.37433
GET       0.095      0.44010
GET       0.096      0.50789
GET       0.097      0.57990
GET       0.098      0.64802
GET       0.099      0.71862
GET       0.100      1.08725
GET       0.110      1.71878
GET       0.120      2.25557
GET       0.130      3.01972
GET       0.140      4.71530
GET       0.150      6.36751
GET       0.160      7.40984
GET       0.170      8.31056
GET       0.180      9.56262
GET       0.190     12.08585
GET       0.200     15.11858
GET       0.210     17.95935
GET       0.220     20.92871
GET       0.230     25.01919
GET       0.240     31.68647
GET       0.250     38.02314
GET       0.260     42.90123
GET       0.270     46.96074
GET       0.280     50.93790
GET       0.290     55.25937
GET       0.300     58.61218
GET       0.310     60.90577
GET       0.320     62.65238
GET       0.330     64.18188
GET       0.340     65.65882
GET       0.350     66.83250
GET       0.360     67.73095
GET       0.370     68.47612
GET       0.380     69.17087
GET       0.390     69.84444
GET       0.400     70.40919
GET       0.410     70.87243
GET       0.420     71.26379
GET       0.430     71.63228
GET       0.440     71.99998
GET       0.450     72.32845
GET       0.460     72.61682
GET       0.470     72.88877
GET       0.480     73.17627
GET       0.490     73.47852
GET       0.500     73.76093
GET       0.510     74.01826
GET       0.520     74.27472
GET       0.530     74.55250
GET       0.540     74.84289
GET       0.550     75.12624
GET       0.560     75.38564
GET       0.570     75.63982
GET       0.580     75.90775
GET       0.590     76.17956
GET       0.600     76.43079
GET       0.610     76.66526
GET       0.620     76.88417
GET       0.630     77.11267
GET       0.640     77.34191
GET       0.650     77.54788
GET       0.660     77.73227
GET       0.670     77.91028
GET       0.680     78.08467
GET       0.690     78.25162
GET       0.700     78.39658
GET       0.710     78.53443
GET       0.720     78.66779
GET       0.730     78.80175
GET       0.740     78.92787
GET       0.750     79.04273
GET       0.760     79.15007
GET       0.770     79.25131
GET       0.780     79.35235
GET       0.790     79.45205
GET       0.800     79.54485
GET       0.810     79.63248
GET       0.820     79.72172
GET       0.830     79.80667
GET       0.840     79.89618
GET       0.850     79.97919
GET       0.860     80.05522
GET       0.870     80.12871
GET       0.880     80.20534
GET       0.890     80.28064
GET       0.900     80.35654
GET       0.910     80.42975
GET       0.920     80.50344
GET       0.930     80.57552
GET       0.940     80.64692
GET       0.950     80.71390
GET       0.960     80.77726
GET       0.970     80.84015
GET       0.980     80.90385
GET       0.990     80.96768
GET       1.000     81.30487
GET       1.100     81.85842
GET       1.200     82.34955
GET       1.300     82.79206
GET       1.400     83.17726
GET       1.500     83.52168
GET       1.600     83.81033
GET       1.700     84.06585
GET       1.800     84.29099
GET       1.900     84.48617
GET       2.000     84.65855
GET       2.100     84.81799
GET       2.200     84.96946
GET       2.300     85.10791
GET       2.400     85.23979
GET       2.500     85.36645
GET       2.600     85.47875
GET       2.700     85.58590
GET       2.800     85.68694
GET       2.900     85.79174
GET       3.000     85.89030
GET       3.100     85.99436
GET       3.200     86.08977
GET       3.300     86.17948
GET       3.400     86.26731
GET       3.500     86.35058
GET       3.600     86.43667
GET       3.700     86.52229
GET       3.800     86.60295
GET       3.900     86.68140
GET       4.000     86.76434
GET       4.100     86.83943
GET       4.200     86.91627
GET       4.300     87.01436
GET       4.400     87.10950
GET       4.500     87.18480
GET       4.600     87.26391
GET       4.700     87.33525
GET       4.800     87.40418
GET       4.900     87.46855
GET       5.000     87.52627
GET       5.100     87.58581
GET       5.200     87.65085
GET       5.300     87.71274
GET       5.400     87.77134
GET       5.500     87.83295
GET       5.600     87.89725
GET       5.700     87.95760
GET       5.800     88.01532
GET       5.900     88.07527
GET       6.000     88.13306
GET       6.100     88.19515
GET       6.200     88.25214
GET       6.300     88.31081
GET       6.400     88.36270
GET       6.500     88.41446
GET       6.600     88.46783
GET       6.700     88.52308
GET       6.800     88.57638
GET       6.900     88.63257
GET       7.000     88.68762
GET       7.100     88.73542
GET       7.200     88.78363
GET       7.300     88.83626
GET       7.400     88.88380
GET       7.500     88.93221
GET       7.600     88.98437
GET       7.700     89.02762
GET       7.800     89.07576
GET       7.900     89.12973
GET       8.000     89.17412
GET       8.100     89.22387
GET       8.200     89.27885
GET       8.300     89.33691
GET       8.400     89.39263
GET       8.500     89.44191
GET       8.600     89.49200
GET       8.700     89.54168
GET       8.800     89.59082
GET       8.900     89.63534
GET       9.000     89.67651
GET       9.100     89.71942
GET       9.200     89.76180
GET       9.300     89.80545
GET       9.400     89.85218
GET       9.500     89.89402
GET       9.600     89.94108
GET       9.700     89.98333
GET       9.800     90.02999
GET       9.900     90.07471
GET      10.000     90.32212
GET      11.000     90.69477
GET      12.000     91.08191
GET      13.000     91.45752
GET      14.000     91.79396
GET      15.000     92.07697
GET      16.000     92.37205
GET      17.000     92.66995
GET      18.000     92.96422
GET      19.000     93.19708
GET      20.000     93.45971
GET      21.000     93.73856
GET      22.000     94.00522
GET      23.000     94.23398
GET      24.000     94.46181
GET      25.000     94.69152
GET      26.000     94.91385
GET      27.000     95.11265
GET      28.000     95.30106
GET      29.000     95.52788
GET      30.000     95.74002
GET      31.000     95.92239
GET      32.000     96.10590
GET      33.000     96.27989
GET      34.000     96.45006
GET      35.000     96.59569
GET      36.000     96.74608
GET      37.000     96.89835
GET      38.000     97.05987
GET      39.000     97.20120
GET      40.000     97.33503
GET      41.000     97.46162
GET      42.000     97.59257
GET      43.000     97.70728
GET      44.000     97.81738
GET      45.000     97.93431
GET      46.000     98.05191
GET      47.000     98.14451
GET      48.000     98.23502
GET      49.000     98.32285
GET      50.000     98.41189
GET      51.000     98.49423
GET      52.000     98.56430
GET      53.000     98.63631
GET      54.000     98.70389
GET      55.000     98.76443
GET      56.000     98.82471
GET      57.000     98.88546
GET      58.000     98.94138
GET      59.000     98.98965
GET      60.000     99.03269
GET      61.000     99.07903
GET      62.000     99.12911
GET      63.000     99.16907
GET      64.000     99.21178
GET      65.000     99.25871
GET      66.000     99.29371
GET      67.000     99.33180
GET      68.000     99.36613
GET      69.000     99.39335
GET      70.000     99.42292
GET      71.000     99.45255
GET      72.000     99.47944
GET      73.000     99.50418
GET      74.000     99.52925
GET      75.000     99.55044
GET      76.000     99.57035
GET      77.000     99.59027
GET      78.000     99.60629
GET      79.000     99.62714
GET      80.000     99.64552
GET      81.000     99.66342
GET      82.000     99.67280
GET      83.000     99.68521
GET      84.000     99.69493
GET      85.000     99.70633
GET      86.000     99.72048
GET      87.000     99.73161
GET      88.000     99.74414
GET      89.000     99.75936
GET      90.000     99.77049
GET      91.000     99.78122
GET      92.000     99.79208
GET      93.000     99.80221
GET      94.000     99.81367
GET      95.000     99.82212
GET      96.000     99.82769
GET      97.000     99.83660
GET      98.000     99.84519
GET      99.000     99.85363
GET     100.000     99.88575
GET     110.000     99.92189
GET     120.000     99.94509
GET     130.000     99.96192
GET     140.000     99.97338
GET     150.000     99.98015
GET     160.000     99.98371
GET     170.000     99.98739
GET     180.000     99.98961
GET     190.000     99.99189
GET     200.000     99.99350
GET     210.000     99.99551
GET     220.000     99.99745
GET     230.000     99.99852
GET     240.000     99.99879
GET     250.000     99.99899
GET     260.000     99.99940
GET     270.000     99.99966
GET     280.000     99.99973
GET     290.000     99.99980
GET     300.000     99.99987
GET     320.000    100.00000
