[RUN #1] Preparing benchmark client...
[RUN #1] Launching threads now...
[RUN #1 5%,   1 secs]  8 threads:       75984 ops,   75962 (avg:   75962) ops/sec, 2.87MB/sec (avg: 2.87MB/sec),  4.17 (avg:  4.17) msec latency[RUN #1 10%,   2 secs]  8 threads:      156515 ops,   80516 (avg:   78239) ops/sec, 3.04MB/sec (avg: 2.95MB/sec),  3.97 (avg:  4.07) msec latency[RUN #1 15%,   3 secs]  8 threads:      236678 ops,   80150 (avg:   78876) ops/sec, 3.02MB/sec (avg: 2.98MB/sec),  3.98 (avg:  4.04) msec latency[RUN #1 20%,   4 secs]  8 threads:      316814 ops,   80123 (avg:   79188) ops/sec, 3.02MB/sec (avg: 2.99MB/sec),  3.99 (avg:  4.02) msec latency[RUN #1 25%,   5 secs]  8 threads:      398029 ops,   81202 (avg:   79590) ops/sec, 3.06MB/sec (avg: 3.00MB/sec),  3.93 (avg:  4.01) msec latency[RUN #1 30%,   6 secs]  8 threads:      478476 ops,   80432 (avg:   79731) ops/sec, 3.03MB/sec (avg: 3.01MB/sec),  3.98 (avg:  4.00) msec latency[RUN #1 35%,   7 secs]  8 threads:      558626 ops,   80138 (avg:   79789) ops/sec, 3.02MB/sec (avg: 3.01MB/sec),  3.97 (avg:  4.00) msec latency[RUN #1 40%,   8 secs]  8 threads:      638421 ops,   79783 (avg:   79788) ops/sec, 3.01MB/sec (avg: 3.01MB/sec),  4.03 (avg:  4.00) msec latency[RUN #1 45%,   9 secs]  8 threads:      718639 ops,   80206 (avg:   79835) ops/sec, 3.02MB/sec (avg: 3.01MB/sec),  3.98 (avg:  4.00) msec latency[RUN #1 50%,  10 secs]  8 threads:      797029 ops,   78378 (avg:   79689) ops/sec, 2.95MB/sec (avg: 3.01MB/sec),  4.08 (avg:  4.01) msec latency[RUN #1 55%,  11 secs]  8 threads:      876680 ops,   79639 (avg:   79684) ops/sec, 3.00MB/sec (avg: 3.01MB/sec),  4.01 (avg:  4.01) msec latency[RUN #1 60%,  12 secs]  8 threads:      958075 ops,   81381 (avg:   79826) ops/sec, 3.07MB/sec (avg: 3.01MB/sec),  3.93 (avg:  4.00) msec latency[RUN #1 65%,  13 secs]  8 threads:     1038532 ops,   80441 (avg:   79873) ops/sec, 3.03MB/sec (avg: 3.01MB/sec),  3.97 (avg:  4.00) msec latency[RUN #1 70%,  14 secs]  8 threads:     1120850 ops,   82306 (avg:   80047) ops/sec, 3.10MB/sec (avg: 3.02MB/sec),  3.87 (avg:  3.99) msec latency[RUN #1 75%,  15 secs]  8 threads:     1201793 ops,   80931 (avg:   80106) ops/sec, 3.05MB/sec (avg: 3.02MB/sec),  3.95 (avg:  3.99) msec latency[RUN #1 80%,  16 secs]  8 threads:     1284572 ops,   82766 (avg:   80272) ops/sec, 3.12MB/sec (avg: 3.03MB/sec),  3.87 (avg:  3.98) msec latency[RUN #1 85%,  17 secs]  8 threads:     1365864 ops,   81279 (avg:   80331) ops/sec, 3.07MB/sec (avg: 3.03MB/sec),  3.93 (avg:  3.98) msec latency[RUN #1 90%,  18 secs]  8 threads:     1447728 ops,   81846 (avg:   80416) ops/sec, 3.09MB/sec (avg: 3.03MB/sec),  3.89 (avg:  3.97) msec latency[RUN #1 95%,  19 secs]  8 threads:     1529156 ops,   81414 (avg:   80468) ops/sec, 3.07MB/sec (avg: 3.03MB/sec),  3.92 (avg:  3.97) msec latency[RUN #1 100%,  20 secs]  8 threads:     1610589 ops,   81414 (avg:   80519) ops/sec, 3.07MB/sec (avg: 3.04MB/sec),  3.92 (avg:  3.97) msec latency[RUN #1 100%,  20 secs]  0 threads:     1610804 ops,   81414 (avg:   80492) ops/sec, 3.07MB/sec (avg: 3.04MB/sec),  3.92 (avg:  3.97) msec latency

8         Threads
40        Connections per thread
20        Seconds
Type        Ops/sec     Hits/sec   Misses/sec      Latency       KB/sec
------------------------------------------------------------------------
Sets        7325.15          ---          ---      4.19500       542.98
Gets       73176.62      3081.43     70095.19      3.94900      2566.00
Totals     80501.78      3081.43     70095.19      3.97100      3108.98


Request Latency Distribution
Type     <= msec         Percent
------------------------------------------------------------------------
SET       1.000     71.13043
SET       2.000     75.38701
SET       3.000     78.11057
SET       4.000     80.19622
SET       5.000     81.55117
SET       6.000     82.76490
SET       7.000     83.93565
SET       8.000     85.13301
SET       9.000     86.14342
SET      10.000     87.11973
SET      11.000     87.95890
SET      12.000     88.85675
SET      13.000     89.62155
SET      14.000     90.32905
SET      15.000     91.04064
SET      16.000     91.73654
SET      17.000     92.36285
SET      18.000     92.94754
SET      19.000     93.53292
SET      20.000     94.11351
SET      21.000     94.57403
SET      22.000     95.00249
SET      23.000     95.43913
SET      24.000     95.87782
SET      25.000     96.20462
SET      26.000     96.48980
SET      27.000     96.77976
SET      28.000     97.03083
SET      29.000     97.27644
SET      30.000     97.46611
SET      31.000     97.65441
SET      32.000     97.84544
SET      33.000     98.00918
SET      34.000     98.15041
SET      35.000     98.27594
SET      36.000     98.40489
SET      37.000     98.53179
SET      38.000     98.62594
SET      39.000     98.71804
SET      40.000     98.81970
SET      41.000     98.91726
SET      42.000     98.99845
SET      43.000     99.07759
SET      44.000     99.14172
SET      45.000     99.20245
SET      46.000     99.25907
SET      47.000     99.31638
SET      48.000     99.37437
SET      49.000     99.42827
SET      50.000     99.46852
SET      51.000     99.50264
SET      52.000     99.53402
SET      53.000     99.55926
SET      54.000     99.57768
SET      55.000     99.60156
SET      56.000     99.62681
SET      57.000     99.65478
SET      58.000     99.68207
SET      59.000     99.69708
SET      60.000     99.71482
SET      61.000     99.73460
SET      62.000     99.75098
SET      63.000     99.76258
SET      64.000     99.78100
SET      65.000     99.79123
SET      66.000     99.80010
SET      67.000     99.80760
SET      68.000     99.81784
SET      69.000     99.83285
SET      70.000     99.84103
SET      71.000     99.84718
SET      72.000     99.85809
SET      73.000     99.86628
SET      74.000     99.87515
SET      75.000     99.87856
SET      76.000     99.88675
SET      77.000     99.89562
SET      78.000     99.90107
SET      79.000     99.90585
SET      80.000     99.90790
SET      81.000     99.91267
SET      82.000     99.91813
SET      83.000     99.92222
SET      84.000     99.92563
SET      85.000     99.92836
SET      86.000     99.93314
SET      87.000     99.93791
SET      88.000     99.94133
SET      89.000     99.94542
SET      90.000     99.94815
SET      91.000     99.95020
SET      92.000     99.95156
SET      93.000     99.95292
SET      94.000     99.95770
SET      95.000     99.95838
SET      96.000     99.95906
SET      97.000     99.95975
SET      98.000     99.96043
SET      99.000     99.96248
SET     100.000     99.97203
SET     110.000     99.98294
SET     120.000     99.99181
SET     130.000     99.99386
SET     140.000     99.99522
SET     150.000     99.99659
SET     170.000     99.99795
SET     180.000    100.00000
---
GET       0.092      0.00007
GET       0.110      0.00020
GET       0.120      0.00041
GET       0.130      0.00089
GET       0.140      0.00253
GET       0.150      0.00437
GET       0.160      0.00833
GET       0.170      0.01304
GET       0.180      0.01926
GET       0.190      0.03162
GET       0.200      0.04938
GET       0.210      0.07096
GET       0.220      0.10121
GET       0.230      0.14841
GET       0.240      0.23418
GET       0.250      0.38491
GET       0.260      0.62558
GET       0.270      1.03781
GET       0.280      1.79173
GET       0.290      3.29128
GET       0.300      5.39655
GET       0.310      7.92464
GET       0.320     10.96050
GET       0.330     14.78728
GET       0.340     19.94180
GET       0.350     24.49190
GET       0.360     27.95133
GET       0.370     30.64592
GET       0.380     32.93353
GET       0.390     34.97235
GET       0.400     36.46740
GET       0.410     37.57720
GET       0.420     38.44523
GET       0.430     39.20604
GET       0.440     39.92977
GET       0.450     40.51635
GET       0.460     41.02508
GET       0.470     41.44291
GET       0.480     41.81902
GET       0.490     42.17101
GET       0.500     42.46400
GET       0.510     42.71027
GET       0.520     42.93264
GET       0.530     43.14688
GET       0.540     43.36187
GET       0.550     43.57625
GET       0.560     43.79760
GET       0.570     44.05077
GET       0.580     44.37237
GET       0.590     44.80195
GET       0.600     45.32270
GET       0.610     45.98270
GET       0.620     46.82082
GET       0.630     47.91887
GET       0.640     49.27228
GET       0.650     50.79233
GET       0.660     52.41113
GET       0.670     54.12104
GET       0.680     55.90955
GET       0.690     57.64336
GET       0.700     59.22843
GET       0.710     60.61605
GET       0.720     61.83983
GET       0.730     62.98146
GET       0.740     63.96047
GET       0.750     64.82850
GET       0.760     65.58583
GET       0.770     66.24788
GET       0.780     66.87148
GET       0.790     67.43690
GET       0.800     67.94276
GET       0.810     68.40123
GET       0.820     68.81066
GET       0.830     69.20588
GET       0.840     69.55836
GET       0.850     69.87538
GET       0.860     70.16618
GET       0.870     70.43834
GET       0.880     70.69192
GET       0.890     70.91552
GET       0.900     71.12430
GET       0.910     71.31689
GET       0.920     71.49186
GET       0.930     71.65789
GET       0.940     71.80165
GET       0.950     71.92670
GET       0.960     72.04724
GET       0.970     72.15057
GET       0.980     72.25049
GET       0.990     72.33961
GET       1.000     72.72172
GET       1.100     73.15144
GET       1.200     73.49544
GET       1.300     73.90596
GET       1.400     74.45232
GET       1.500     74.97335
GET       1.600     75.37725
GET       1.700     75.71831
GET       1.800     75.98548
GET       1.900     76.20799
GET       2.000     76.42674
GET       2.100     76.64965
GET       2.200     76.86472
GET       2.300     77.09200
GET       2.400     77.29757
GET       2.500     77.50963
GET       2.600     77.71342
GET       2.700     77.92473
GET       2.800     78.13842
GET       2.900     78.34174
GET       3.000     78.53713
GET       3.100     78.72562
GET       3.200     78.91105
GET       3.300     79.09585
GET       3.400     79.26400
GET       3.500     79.43050
GET       3.600     79.58396
GET       3.700     79.75005
GET       3.800     79.90583
GET       3.900     80.06578
GET       4.000     80.22621
GET       4.100     80.36724
GET       4.200     80.50567
GET       4.300     80.65790
GET       4.400     80.80904
GET       4.500     80.94290
GET       4.600     81.08447
GET       4.700     81.23541
GET       4.800     81.37924
GET       4.900     81.51378
GET       5.000     81.64395
GET       5.100     81.76954
GET       5.200     81.88933
GET       5.300     82.01206
GET       5.400     82.13622
GET       5.500     82.25970
GET       5.600     82.38188
GET       5.700     82.50645
GET       5.800     82.63573
GET       5.900     82.76085
GET       6.000     82.87784
GET       6.100     83.00576
GET       6.200     83.12459
GET       6.300     83.23789
GET       6.400     83.35092
GET       6.500     83.46388
GET       6.600     83.57042
GET       6.700     83.67129
GET       6.800     83.78227
GET       6.900     83.89236
GET       7.000     84.00758
GET       7.100     84.11692
GET       7.200     84.22899
GET       7.300     84.34079
GET       7.400     84.45177
GET       7.500     84.55995
GET       7.600     84.67421
GET       7.700     84.78614
GET       7.800     84.89876
GET       7.900     85.00209
GET       8.000     85.09996
GET       8.100     85.20070
GET       8.200     85.31127
GET       8.300     85.42860
GET       8.400     85.54668
GET       8.500     85.64946
GET       8.600     85.75430
GET       8.700     85.86173
GET       8.800     85.98739
GET       8.900     86.10745
GET       9.000     86.21345
GET       9.100     86.30312
GET       9.200     86.38528
GET       9.300     86.47508
GET       9.400     86.56476
GET       9.500     86.65142
GET       9.600     86.74676
GET       9.700     86.83323
GET       9.800     86.92317
GET       9.900     87.01066
GET      10.000     87.48647
GET      11.000     88.37916
GET      12.000     89.17780
GET      13.000     89.95930
GET      14.000     90.66589
GET      15.000     91.32657
GET      16.000     91.98036
GET      17.000     92.62138
GET      18.000     93.16044
GET      19.000     93.72380
GET      20.000     94.24572
GET      21.000     94.73908
GET      22.000     95.13970
GET      23.000     95.54872
GET      24.000     95.93213
GET      25.000     96.27859
GET      26.000     96.57247
GET      27.000     96.85070
GET      28.000     97.11057
GET      29.000     97.35076
GET      30.000     97.55428
GET      31.000     97.75992
GET      32.000     97.92820
GET      33.000     98.10815
GET      34.000     98.24529
GET      35.000     98.38291
GET      36.000     98.50215
GET      37.000     98.62918
GET      38.000     98.72786
GET      39.000     98.82034
GET      40.000     98.90461
GET      41.000     98.98732
GET      42.000     99.06053
GET      43.000     99.12930
GET      44.000     99.19268
GET      45.000     99.24725
GET      46.000     99.30161
GET      47.000     99.34614
GET      48.000     99.39388
GET      49.000     99.43854
GET      50.000     99.47754
GET      51.000     99.50807
GET      52.000     99.53587
GET      53.000     99.56557
GET      54.000     99.59535
GET      55.000     99.62649
GET      56.000     99.65101
GET      57.000     99.67430
GET      58.000     99.70005
GET      59.000     99.71821
GET      60.000     99.73679
GET      61.000     99.75366
GET      62.000     99.76978
GET      63.000     99.78159
GET      64.000     99.79559
GET      65.000     99.80802
GET      66.000     99.81881
GET      67.000     99.82796
GET      68.000     99.83636
GET      69.000     99.84975
GET      70.000     99.86013
GET      71.000     99.86799
GET      72.000     99.87475
GET      73.000     99.88151
GET      74.000     99.88895
GET      75.000     99.89537
GET      76.000     99.90247
GET      77.000     99.90814
GET      78.000     99.91443
GET      79.000     99.91921
GET      80.000     99.92365
GET      81.000     99.92720
GET      82.000     99.93102
GET      83.000     99.93430
GET      84.000     99.93778
GET      85.000     99.94072
GET      86.000     99.94482
GET      87.000     99.94789
GET      88.000     99.95117
GET      89.000     99.95383
GET      90.000     99.95595
GET      91.000     99.95779
GET      92.000     99.95991
GET      93.000     99.96155
GET      94.000     99.96449
GET      95.000     99.96633
GET      96.000     99.96770
GET      97.000     99.96968
GET      98.000     99.97084
GET      99.000     99.97289
GET     100.000     99.97999
GET     110.000     99.98941
GET     120.000     99.99433
GET     130.000     99.99686
GET     140.000     99.99775
GET     150.000     99.99932
GET     160.000     99.99952
GET     170.000     99.99959
GET     180.000    100.00000
