[RUN #1] Preparing benchmark client...
[RUN #1] Launching threads now...
[RUN #1 5%,   0 secs]  8 threads:       71513 ops,       0 (avg:       0) ops/sec, 0.00KB/sec (avg: 0.00KB/sec),  0.00 (avg:  0.00) msec latency[RUN #1 10%,   2 secs]  8 threads:      151945 ops,   80417 (avg:   75969) ops/sec, 3.03MB/sec (avg: 2.87MB/sec),  4.01 (avg:  4.18) msec latency[RUN #1 15%,   3 secs]  8 threads:      232585 ops,   80626 (avg:   77521) ops/sec, 3.04MB/sec (avg: 2.93MB/sec),  3.97 (avg:  4.11) msec latency[RUN #1 20%,   4 secs]  8 threads:      312543 ops,   79945 (avg:   78127) ops/sec, 3.01MB/sec (avg: 2.95MB/sec),  3.99 (avg:  4.08) msec latency[RUN #1 25%,   5 secs]  8 threads:      393164 ops,   80608 (avg:   78624) ops/sec, 3.04MB/sec (avg: 2.97MB/sec),  3.96 (avg:  4.05) msec latency[RUN #1 30%,   6 secs]  8 threads:      472624 ops,   79448 (avg:   78761) ops/sec, 3.00MB/sec (avg: 2.97MB/sec),  4.03 (avg:  4.05) msec latency[RUN #1 35%,   7 secs]  8 threads:      552771 ops,   80135 (avg:   78957) ops/sec, 3.02MB/sec (avg: 2.98MB/sec),  3.99 (avg:  4.04) msec latency[RUN #1 40%,   8 secs]  8 threads:      632624 ops,   79840 (avg:   79068) ops/sec, 3.01MB/sec (avg: 2.98MB/sec),  4.00 (avg:  4.04) msec latency[RUN #1 45%,   9 secs]  8 threads:      712588 ops,   79947 (avg:   79165) ops/sec, 3.01MB/sec (avg: 2.99MB/sec),  3.98 (avg:  4.03) msec latency[RUN #1 50%,  10 secs]  8 threads:      791117 ops,   78508 (avg:   79100) ops/sec, 2.96MB/sec (avg: 2.98MB/sec),  4.09 (avg:  4.04) msec latency[RUN #1 55%,  11 secs]  8 threads:      871188 ops,   80056 (avg:   79187) ops/sec, 3.02MB/sec (avg: 2.99MB/sec),  3.98 (avg:  4.03) msec latency[RUN #1 60%,  12 secs]  8 threads:      952228 ops,   81027 (avg:   79340) ops/sec, 3.05MB/sec (avg: 2.99MB/sec),  3.94 (avg:  4.02) msec latency[RUN #1 65%,  13 secs]  8 threads:     1032689 ops,   80443 (avg:   79425) ops/sec, 3.03MB/sec (avg: 3.00MB/sec),  3.98 (avg:  4.02) msec latency[RUN #1 70%,  14 secs]  8 threads:     1114839 ops,   82136 (avg:   79618) ops/sec, 3.10MB/sec (avg: 3.00MB/sec),  3.88 (avg:  4.01) msec latency[RUN #1 75%,  15 secs]  8 threads:     1194805 ops,   79952 (avg:   79641) ops/sec, 3.02MB/sec (avg: 3.00MB/sec),  4.00 (avg:  4.01) msec latency[RUN #1 80%,  16 secs]  8 threads:     1275474 ops,   80657 (avg:   79704) ops/sec, 3.04MB/sec (avg: 3.01MB/sec),  3.98 (avg:  4.01) msec latency[RUN #1 85%,  17 secs]  8 threads:     1356396 ops,   80911 (avg:   79775) ops/sec, 3.05MB/sec (avg: 3.01MB/sec),  3.96 (avg:  4.00) msec latency[RUN #1 90%,  18 secs]  8 threads:     1437077 ops,   80655 (avg:   79824) ops/sec, 3.04MB/sec (avg: 3.01MB/sec),  3.96 (avg:  4.00) msec latency[RUN #1 95%,  19 secs]  8 threads:     1518248 ops,   81159 (avg:   79894) ops/sec, 3.06MB/sec (avg: 3.01MB/sec),  3.95 (avg:  4.00) msec latency[RUN #1 100%,  20 secs]  8 threads:     1604729 ops,   81159 (avg:   80232) ops/sec, 3.06MB/sec (avg: 3.03MB/sec),  3.95 (avg:  3.98) msec latency[RUN #1 100%,  20 secs]  0 threads:     1604743 ops,   81159 (avg:   80232) ops/sec, 3.06MB/sec (avg: 3.03MB/sec),  3.95 (avg:  3.98) msec latency

8         Threads
40        Connections per thread
20        Seconds
Type        Ops/sec     Hits/sec   Misses/sec      Latency       KB/sec
------------------------------------------------------------------------
Sets        7301.06          ---          ---      4.29700       541.20
Gets       72931.84      3095.14     69836.71      3.95300      2557.41
Totals     80232.91      3095.14     69836.71      3.98400      3098.61


Request Latency Distribution
Type     <= msec         Percent
------------------------------------------------------------------------
SET       1.000     71.35432
SET       2.000     74.92690
SET       3.000     77.29971
SET       4.000     79.03156
SET       5.000     80.34021
SET       6.000     81.68309
SET       7.000     82.89449
SET       8.000     84.15315
SET       9.000     85.14610
SET      10.000     86.24999
SET      11.000     87.11763
SET      12.000     88.07771
SET      13.000     88.93165
SET      14.000     89.69451
SET      15.000     90.42793
SET      16.000     91.19901
SET      17.000     91.86121
SET      18.000     92.46520
SET      19.000     93.07740
SET      20.000     93.65811
SET      21.000     94.11487
SET      22.000     94.53602
SET      23.000     94.97566
SET      24.000     95.38585
SET      25.000     95.73030
SET      26.000     96.04736
SET      27.000     96.33224
SET      28.000     96.62464
SET      29.000     96.82803
SET      30.000     97.05743
SET      31.000     97.26424
SET      32.000     97.46968
SET      33.000     97.60732
SET      34.000     97.76894
SET      35.000     97.88467
SET      36.000     98.02642
SET      37.000     98.16612
SET      38.000     98.28801
SET      39.000     98.37567
SET      40.000     98.46263
SET      41.000     98.54892
SET      42.000     98.64410
SET      43.000     98.71875
SET      44.000     98.78312
SET      45.000     98.85434
SET      46.000     98.91118
SET      47.000     98.96664
SET      48.000     99.02211
SET      49.000     99.07073
SET      50.000     99.11319
SET      51.000     99.16866
SET      52.000     99.21180
SET      53.000     99.25015
SET      54.000     99.28987
SET      55.000     99.32479
SET      56.000     99.35218
SET      57.000     99.38848
SET      58.000     99.41108
SET      59.000     99.42888
SET      60.000     99.44600
SET      61.000     99.46244
SET      62.000     99.47408
SET      63.000     99.49394
SET      64.000     99.51585
SET      65.000     99.52681
SET      66.000     99.54119
SET      67.000     99.54803
SET      68.000     99.56447
SET      69.000     99.58638
SET      70.000     99.59666
SET      71.000     99.60350
SET      72.000     99.61994
SET      73.000     99.62816
SET      74.000     99.64254
SET      75.000     99.65212
SET      76.000     99.66445
SET      77.000     99.67130
SET      78.000     99.67267
SET      79.000     99.67815
SET      80.000     99.68157
SET      81.000     99.68362
SET      82.000     99.68773
SET      83.000     99.69184
SET      84.000     99.69869
SET      85.000     99.70417
SET      86.000     99.70622
SET      87.000     99.71444
SET      88.000     99.71718
SET      89.000     99.71923
SET      90.000     99.72266
SET      91.000     99.72677
SET      92.000     99.73019
SET      93.000     99.73293
SET      94.000     99.73841
SET      96.000     99.74320
SET      97.000     99.74800
SET      98.000     99.74936
SET      99.000     99.75484
SET     100.000     99.76443
SET     110.000     99.80483
SET     120.000     99.83633
SET     130.000     99.88838
SET     140.000     99.92125
SET     150.000     99.93974
SET     160.000     99.96234
SET     170.000     99.97124
SET     180.000     99.97261
SET     190.000     99.98356
SET     220.000     99.98904
SET     230.000    100.00000
---
GET       0.062      0.00007
GET       0.079      0.00014
GET       0.082      0.00027
GET       0.085      0.00048
GET       0.088      0.00055
GET       0.090      0.00069
GET       0.091      0.00096
GET       0.092      0.00117
GET       0.094      0.00130
GET       0.095      0.00158
GET       0.096      0.00171
GET       0.097      0.00178
GET       0.098      0.00192
GET       0.099      0.00213
GET       0.100      0.00281
GET       0.110      0.00452
GET       0.120      0.00644
GET       0.130      0.01083
GET       0.140      0.01919
GET       0.150      0.02886
GET       0.160      0.03798
GET       0.170      0.04860
GET       0.180      0.06389
GET       0.190      0.08802
GET       0.200      0.11709
GET       0.210      0.15157
GET       0.220      0.19503
GET       0.230      0.25392
GET       0.240      0.36107
GET       0.250      0.52690
GET       0.260      0.77164
GET       0.270      1.18735
GET       0.280      1.96803
GET       0.290      3.47244
GET       0.300      5.54763
GET       0.310      8.06628
GET       0.320     11.08559
GET       0.330     14.93583
GET       0.340     20.03806
GET       0.350     24.51461
GET       0.360     27.94544
GET       0.370     30.63370
GET       0.380     32.87053
GET       0.390     34.87291
GET       0.400     36.35140
GET       0.410     37.45697
GET       0.420     38.31889
GET       0.430     39.08724
GET       0.440     39.79923
GET       0.450     40.41361
GET       0.460     40.90185
GET       0.470     41.33346
GET       0.480     41.72113
GET       0.490     42.07782
GET       0.500     42.36225
GET       0.510     42.61295
GET       0.520     42.83355
GET       0.530     43.03455
GET       0.540     43.23473
GET       0.550     43.44587
GET       0.560     43.66668
GET       0.570     43.91169
GET       0.580     44.22176
GET       0.590     44.62767
GET       0.600     45.14353
GET       0.610     45.79657
GET       0.620     46.63244
GET       0.630     47.73389
GET       0.640     49.10682
GET       0.650     50.64865
GET       0.660     52.29531
GET       0.670     54.04713
GET       0.680     55.87840
GET       0.690     57.66641
GET       0.700     59.30244
GET       0.710     60.72479
GET       0.720     61.97760
GET       0.730     63.11230
GET       0.740     64.10318
GET       0.750     64.96825
GET       0.760     65.72598
GET       0.770     66.40705
GET       0.780     67.02836
GET       0.790     67.59982
GET       0.800     68.10547
GET       0.810     68.56800
GET       0.820     68.98830
GET       0.830     69.38118
GET       0.840     69.74068
GET       0.850     70.06877
GET       0.860     70.37603
GET       0.870     70.65086
GET       0.880     70.91226
GET       0.890     71.13965
GET       0.900     71.35731
GET       0.910     71.54686
GET       0.920     71.72626
GET       0.930     71.88887
GET       0.940     72.03749
GET       0.950     72.16884
GET       0.960     72.28586
GET       0.970     72.39829
GET       0.980     72.49543
GET       0.990     72.58757
GET       1.000     72.96914
GET       1.100     73.41206
GET       1.200     73.76477
GET       1.300     74.18767
GET       1.400     74.72843
GET       1.500     75.27397
GET       1.600     75.68002
GET       1.700     76.01394
GET       1.800     76.28507
GET       1.900     76.50986
GET       2.000     76.73019
GET       2.100     76.94833
GET       2.200     77.15460
GET       2.300     77.36897
GET       2.400     77.56887
GET       2.500     77.77522
GET       2.600     77.97526
GET       2.700     78.17276
GET       2.800     78.37143
GET       2.900     78.55412
GET       3.000     78.73771
GET       3.100     78.91958
GET       3.200     79.10351
GET       3.300     79.27777
GET       3.400     79.43654
GET       3.500     79.59340
GET       3.600     79.73996
GET       3.700     79.89681
GET       3.800     80.04215
GET       3.900     80.18741
GET       4.000     80.33974
GET       4.100     80.48418
GET       4.200     80.61580
GET       4.300     80.75990
GET       4.400     80.90681
GET       4.500     81.02966
GET       4.600     81.16265
GET       4.700     81.31039
GET       4.800     81.45449
GET       4.900     81.58364
GET       5.000     81.70478
GET       5.100     81.82954
GET       5.200     81.94718
GET       5.300     82.06358
GET       5.400     82.17862
GET       5.500     82.29564
GET       5.600     82.41060
GET       5.700     82.52097
GET       5.800     82.64197
GET       5.900     82.75906
GET       6.000     82.87279
GET       6.100     82.99982
GET       6.200     83.10409
GET       6.300     83.21789
GET       6.400     83.32559
GET       6.500     83.43376
GET       6.600     83.53824
GET       6.700     83.64224
GET       6.800     83.75576
GET       6.900     83.86764
GET       7.000     83.97657
GET       7.100     84.07618
GET       7.200     84.17675
GET       7.300     84.29761
GET       7.400     84.41106
GET       7.500     84.51465
GET       7.600     84.62331
GET       7.700     84.73148
GET       7.800     84.84247
GET       7.900     84.94921
GET       8.000     85.05087
GET       8.100     85.15322
GET       8.200     85.25592
GET       8.300     85.36279
GET       8.400     85.47803
GET       8.500     85.58004
GET       8.600     85.68150
GET       8.700     85.79228
GET       8.800     85.91300
GET       8.900     86.03242
GET       9.000     86.13608
GET       9.100     86.22814
GET       9.200     86.31034
GET       9.300     86.40200
GET       9.400     86.49447
GET       9.500     86.58051
GET       9.600     86.67388
GET       9.700     86.76841
GET       9.800     86.86411
GET       9.900     86.95221
GET      10.000     87.43057
GET      11.000     88.31066
GET      12.000     89.10582
GET      13.000     89.89864
GET      14.000     90.60604
GET      15.000     91.27320
GET      16.000     91.93091
GET      17.000     92.57339
GET      18.000     93.12367
GET      19.000     93.70123
GET      20.000     94.23067
GET      21.000     94.72830
GET      22.000     95.13530
GET      23.000     95.53943
GET      24.000     95.93059
GET      25.000     96.27789
GET      26.000     96.57171
GET      27.000     96.84448
GET      28.000     97.09943
GET      29.000     97.32950
GET      30.000     97.53365
GET      31.000     97.73259
GET      32.000     97.90816
GET      33.000     98.08797
GET      34.000     98.22535
GET      35.000     98.36178
GET      36.000     98.47976
GET      37.000     98.61131
GET      38.000     98.71236
GET      39.000     98.80573
GET      40.000     98.88984
GET      41.000     98.96806
GET      42.000     99.04423
GET      43.000     99.11443
GET      44.000     99.17722
GET      45.000     99.23577
GET      46.000     99.28766
GET      47.000     99.33777
GET      48.000     99.38706
GET      49.000     99.43388
GET      50.000     99.47378
GET      51.000     99.50360
GET      52.000     99.53308
GET      53.000     99.56503
GET      54.000     99.58909
GET      55.000     99.61980
GET      56.000     99.64489
GET      57.000     99.66991
GET      58.000     99.69651
GET      59.000     99.71687
GET      60.000     99.73422
GET      61.000     99.75108
GET      62.000     99.76747
GET      63.000     99.77837
GET      64.000     99.79276
GET      65.000     99.80627
GET      66.000     99.81744
GET      67.000     99.82711
GET      68.000     99.83561
GET      69.000     99.84761
GET      70.000     99.85665
GET      71.000     99.86495
GET      72.000     99.87249
GET      73.000     99.87866
GET      74.000     99.88545
GET      75.000     99.89141
GET      76.000     99.90094
GET      77.000     99.90636
GET      78.000     99.91143
GET      79.000     99.91616
GET      80.000     99.92027
GET      81.000     99.92391
GET      82.000     99.92692
GET      83.000     99.93145
GET      84.000     99.93501
GET      85.000     99.93851
GET      86.000     99.94146
GET      87.000     99.94447
GET      88.000     99.94783
GET      89.000     99.95002
GET      90.000     99.95325
GET      91.000     99.95633
GET      92.000     99.95805
GET      93.000     99.95948
GET      94.000     99.96223
GET      95.000     99.96497
GET      96.000     99.96655
GET      97.000     99.96819
GET      98.000     99.97018
GET      99.000     99.97292
GET     100.000     99.98060
GET     110.000     99.98766
GET     120.000     99.99342
GET     130.000     99.99719
GET     140.000     99.99822
GET     150.000     99.99918
GET     160.000     99.99931
GET     170.000     99.99945
GET     180.000    100.00000
