[RUN #1] Preparing benchmark client...
[RUN #1] Launching threads now...
[RUN #1 5%,   0 secs]  8 threads:      154110 ops,       0 (avg:       0) ops/sec, 0.00KB/sec (avg: 0.00KB/sec),  0.00 (avg:  0.00) msec latency[RUN #1 10%,   1 secs]  8 threads:      230806 ops,   76684 (avg:  115410) ops/sec, 2.89MB/sec (avg: 4.36MB/sec),  4.20 (avg:  2.75) msec latency[RUN #1 15%,   3 secs]  8 threads:      308481 ops,   77663 (avg:  102826) ops/sec, 2.93MB/sec (avg: 3.88MB/sec),  4.10 (avg:  3.09) msec latency[RUN #1 20%,   4 secs]  8 threads:      386342 ops,   77850 (avg:   96581) ops/sec, 2.94MB/sec (avg: 3.64MB/sec),  4.09 (avg:  3.29) msec latency[RUN #1 25%,   5 secs]  8 threads:      463634 ops,   77281 (avg:   92721) ops/sec, 2.91MB/sec (avg: 3.50MB/sec),  4.15 (avg:  3.44) msec latency[RUN #1 30%,   6 secs]  8 threads:      541797 ops,   78152 (avg:   90293) ops/sec, 2.95MB/sec (avg: 3.41MB/sec),  4.10 (avg:  3.53) msec latency[RUN #1 35%,   7 secs]  8 threads:      620519 ops,   78710 (avg:   88638) ops/sec, 2.97MB/sec (avg: 3.34MB/sec),  4.05 (avg:  3.60) msec latency[RUN #1 40%,   8 secs]  8 threads:      698379 ops,   77848 (avg:   87289) ops/sec, 2.93MB/sec (avg: 3.29MB/sec),  4.09 (avg:  3.65) msec latency[RUN #1 45%,   9 secs]  8 threads:      776064 ops,   77671 (avg:   86220) ops/sec, 2.93MB/sec (avg: 3.25MB/sec),  4.12 (avg:  3.70) msec latency[RUN #1 50%,  10 secs]  8 threads:      854694 ops,   78617 (avg:   85460) ops/sec, 2.96MB/sec (avg: 3.22MB/sec),  4.04 (avg:  3.73) msec latency[RUN #1 55%,  11 secs]  8 threads:      933834 ops,   79128 (avg:   84884) ops/sec, 2.98MB/sec (avg: 3.20MB/sec),  4.08 (avg:  3.76) msec latency[RUN #1 60%,  12 secs]  8 threads:     1012817 ops,   78972 (avg:   84392) ops/sec, 2.98MB/sec (avg: 3.18MB/sec),  4.04 (avg:  3.78) msec latency[RUN #1 65%,  13 secs]  8 threads:     1091759 ops,   78929 (avg:   83971) ops/sec, 2.98MB/sec (avg: 3.17MB/sec),  4.05 (avg:  3.80) msec latency[RUN #1 70%,  14 secs]  8 threads:     1169661 ops,   77888 (avg:   83537) ops/sec, 2.94MB/sec (avg: 3.15MB/sec),  4.10 (avg:  3.82) msec latency[RUN #1 75%,  15 secs]  8 threads:     1248487 ops,   78815 (avg:   83222) ops/sec, 2.97MB/sec (avg: 3.14MB/sec),  4.05 (avg:  3.84) msec latency[RUN #1 80%,  16 secs]  8 threads:     1326845 ops,   78346 (avg:   82917) ops/sec, 2.95MB/sec (avg: 3.13MB/sec),  4.11 (avg:  3.85) msec latency[RUN #1 85%,  17 secs]  8 threads:     1404343 ops,   77476 (avg:   82597) ops/sec, 2.92MB/sec (avg: 3.12MB/sec),  4.11 (avg:  3.87) msec latency[RUN #1 90%,  18 secs]  8 threads:     1483842 ops,   79481 (avg:   82424) ops/sec, 3.00MB/sec (avg: 3.11MB/sec),  4.03 (avg:  3.88) msec latency[RUN #1 95%,  19 secs]  8 threads:     1562963 ops,   79109 (avg:   82250) ops/sec, 2.98MB/sec (avg: 3.10MB/sec),  4.03 (avg:  3.88) msec latency[RUN #1 100%,  20 secs]  8 threads:     1641697 ops,   79109 (avg:   82075) ops/sec, 2.98MB/sec (avg: 3.10MB/sec),  4.03 (avg:  3.89) msec latency[RUN #1 100%,  20 secs]  0 threads:     1641928 ops,   79109 (avg:   82055) ops/sec, 2.98MB/sec (avg: 3.09MB/sec),  4.03 (avg:  3.90) msec latency

8         Threads
40        Connections per thread
20        Seconds
Type        Ops/sec     Hits/sec   Misses/sec      Latency       KB/sec
------------------------------------------------------------------------
Sets        7466.86          ---          ---      4.16200       553.49
Gets       74591.73      3004.02     71587.72      3.86900      2615.63
Totals     82058.59      3004.02     71587.72      3.89500      3169.12


Request Latency Distribution
Type     <= msec         Percent
------------------------------------------------------------------------
SET       1.000     77.50358
SET       2.000     80.49342
SET       3.000     82.19817
SET       4.000     83.49397
SET       5.000     84.48054
SET       6.000     85.29577
SET       7.000     86.16454
SET       8.000     86.93091
SET       9.000     87.57480
SET      10.000     88.21199
SET      11.000     88.78626
SET      12.000     89.38932
SET      13.000     89.90134
SET      14.000     90.45018
SET      15.000     90.89996
SET      16.000     91.38053
SET      17.000     91.83098
SET      18.000     92.26738
SET      19.000     92.67700
SET      20.000     93.10336
SET      21.000     93.46412
SET      22.000     93.83693
SET      23.000     94.14347
SET      24.000     94.52699
SET      25.000     94.85897
SET      26.000     95.13206
SET      27.000     95.39175
SET      28.000     95.64542
SET      29.000     95.91047
SET      30.000     96.18155
SET      31.000     96.42049
SET      32.000     96.58916
SET      33.000     96.80334
SET      34.000     97.00681
SET      35.000     97.19489
SET      36.000     97.35017
SET      37.000     97.49876
SET      38.000     97.67145
SET      39.000     97.82740
SET      40.000     97.99339
SET      41.000     98.13595
SET      42.000     98.25844
SET      43.000     98.34813
SET      44.000     98.45923
SET      45.000     98.56164
SET      46.000     98.64798
SET      47.000     98.72294
SET      48.000     98.80728
SET      49.000     98.87086
SET      50.000     98.95319
SET      51.000     99.02748
SET      52.000     99.08504
SET      53.000     99.14060
SET      54.000     99.19146
SET      55.000     99.24367
SET      56.000     99.28249
SET      57.000     99.33135
SET      58.000     99.37486
SET      59.000     99.40297
SET      60.000     99.42706
SET      61.000     99.46588
SET      62.000     99.49199
SET      63.000     99.51408
SET      64.000     99.53750
SET      65.000     99.56227
SET      66.000     99.58168
SET      67.000     99.60243
SET      68.000     99.62719
SET      69.000     99.64861
SET      70.000     99.67003
SET      71.000     99.68074
SET      72.000     99.69144
SET      73.000     99.70349
SET      74.000     99.72023
SET      75.000     99.73629
SET      76.000     99.75436
SET      77.000     99.76641
SET      78.000     99.78113
SET      79.000     99.78850
SET      80.000     99.79854
SET      81.000     99.80924
SET      82.000     99.81594
SET      83.000     99.82531
SET      84.000     99.82865
SET      85.000     99.83535
SET      86.000     99.84204
SET      87.000     99.84740
SET      88.000     99.85141
SET      89.000     99.85543
SET      90.000     99.86547
SET      91.000     99.87216
SET      92.000     99.87551
SET      93.000     99.88086
SET      94.000     99.88488
SET      95.000     99.89291
SET      96.000     99.89492
SET      97.000     99.90094
SET      98.000     99.90496
SET      99.000     99.90830
SET     100.000     99.91901
SET     110.000     99.94177
SET     120.000     99.95917
SET     130.000     99.96988
SET     140.000     99.97590
SET     150.000     99.97858
SET     160.000     99.98193
SET     170.000     99.98461
SET     180.000     99.98728
SET     190.000     99.99063
SET     200.000     99.99130
SET     210.000     99.99331
SET     220.000     99.99465
SET     230.000     99.99665
SET     240.000     99.99933
SET     250.000    100.00000
---
GET       0.061      0.00013
GET       0.063      0.00020
GET       0.064      0.00027
GET       0.066      0.00040
GET       0.070      0.00054
GET       0.071      0.00060
GET       0.072      0.00067
GET       0.073      0.00087
GET       0.075      0.00107
GET       0.076      0.00127
GET       0.077      0.00168
GET       0.078      0.00181
GET       0.079      0.00261
GET       0.080      0.00322
GET       0.081      0.00409
GET       0.082      0.00549
GET       0.083      0.00677
GET       0.084      0.00797
GET       0.085      0.00985
GET       0.086      0.01193
GET       0.087      0.01541
GET       0.088      0.01849
GET       0.089      0.02318
GET       0.090      0.02901
GET       0.091      0.03578
GET       0.092      0.04268
GET       0.093      0.05059
GET       0.094      0.06050
GET       0.095      0.07182
GET       0.096      0.08382
GET       0.097      0.09661
GET       0.098      0.10767
GET       0.099      0.11893
GET       0.100      0.18626
GET       0.110      0.33085
GET       0.120      0.51879
GET       0.130      0.94337
GET       0.140      2.09759
GET       0.150      3.68718
GET       0.160      5.12616
GET       0.170      6.65042
GET       0.180      8.82433
GET       0.190     12.77107
GET       0.200     16.57698
GET       0.210     19.09754
GET       0.220     20.88425
GET       0.230     22.54218
GET       0.240     24.46034
GET       0.250     25.94548
GET       0.260     26.95330
GET       0.270     27.73835
GET       0.280     28.53224
GET       0.290     29.49632
GET       0.300     30.42260
GET       0.310     31.27840
GET       0.320     32.19758
GET       0.330     33.42885
GET       0.340     35.30313
GET       0.350     37.46384
GET       0.360     39.75861
GET       0.370     42.27777
GET       0.380     45.37226
GET       0.390     49.13924
GET       0.400     52.50636
GET       0.410     55.31537
GET       0.420     57.69402
GET       0.430     59.88334
GET       0.440     61.90931
GET       0.450     63.52161
GET       0.460     64.79248
GET       0.470     65.84841
GET       0.480     66.82066
GET       0.490     67.74017
GET       0.500     68.51021
GET       0.510     69.16528
GET       0.520     69.75817
GET       0.530     70.30791
GET       0.540     70.82669
GET       0.550     71.26689
GET       0.560     71.65214
GET       0.570     71.99653
GET       0.580     72.31712
GET       0.590     72.61970
GET       0.600     72.86593
GET       0.610     73.07584
GET       0.620     73.26304
GET       0.630     73.44394
GET       0.640     73.60689
GET       0.650     73.75409
GET       0.660     73.88655
GET       0.670     74.01593
GET       0.680     74.13928
GET       0.690     74.26483
GET       0.700     74.37579
GET       0.710     74.48064
GET       0.720     74.58342
GET       0.730     74.69498
GET       0.740     74.80446
GET       0.750     74.91193
GET       0.760     75.01806
GET       0.770     75.12834
GET       0.780     75.24439
GET       0.790     75.35963
GET       0.800     75.47708
GET       0.810     75.58944
GET       0.820     75.70729
GET       0.830     75.82742
GET       0.840     75.94729
GET       0.850     76.07070
GET       0.860     76.18695
GET       0.870     76.30668
GET       0.880     76.42387
GET       0.890     76.54286
GET       0.900     76.65549
GET       0.910     76.76430
GET       0.920     76.87063
GET       0.930     76.97789
GET       0.940     77.08804
GET       0.950     77.18392
GET       0.960     77.27518
GET       0.970     77.36663
GET       0.980     77.45440
GET       0.990     77.54070
GET       1.000     77.97091
GET       1.100     78.56481
GET       1.200     79.03113
GET       1.300     79.41049
GET       1.400     79.76526
GET       1.500     80.09423
GET       1.600     80.39064
GET       1.700     80.67432
GET       1.800     80.93790
GET       1.900     81.18373
GET       2.000     81.40872
GET       2.100     81.61783
GET       2.200     81.80549
GET       2.300     81.99336
GET       2.400     82.15778
GET       2.500     82.31262
GET       2.600     82.47115
GET       2.700     82.61312
GET       2.800     82.75148
GET       2.900     82.88086
GET       3.000     83.00032
GET       3.100     83.11683
GET       3.200     83.22973
GET       3.300     83.34182
GET       3.400     83.44875
GET       3.500     83.54798
GET       3.600     83.65083
GET       3.700     83.75287
GET       3.800     83.86067
GET       3.900     83.95910
GET       4.000     84.05364
GET       4.100     84.15132
GET       4.200     84.26368
GET       4.300     84.37350
GET       4.400     84.48988
GET       4.500     84.60063
GET       4.600     84.71426
GET       4.700     84.80914
GET       4.800     84.90669
GET       4.900     85.00652
GET       5.000     85.10293
GET       5.100     85.19486
GET       5.200     85.29087
GET       5.300     85.38172
GET       5.400     85.46789
GET       5.500     85.55398
GET       5.600     85.63740
GET       5.700     85.72671
GET       5.800     85.80657
GET       5.900     85.89006
GET       6.000     85.97113
GET       6.100     86.05428
GET       6.200     86.13461
GET       6.300     86.21669
GET       6.400     86.29662
GET       6.500     86.37789
GET       6.600     86.46325
GET       6.700     86.54083
GET       6.800     86.61976
GET       6.900     86.69360
GET       7.000     86.77212
GET       7.100     86.83966
GET       7.200     86.91088
GET       7.300     86.98351
GET       7.400     87.05379
GET       7.500     87.12180
GET       7.600     87.19222
GET       7.700     87.26076
GET       7.800     87.32896
GET       7.900     87.39898
GET       8.000     87.46410
GET       8.100     87.53285
GET       8.200     87.60206
GET       8.300     87.67107
GET       8.400     87.74115
GET       8.500     87.81753
GET       8.600     87.88715
GET       8.700     87.95254
GET       8.800     88.01552
GET       8.900     88.07736
GET       9.000     88.14095
GET       9.100     88.20754
GET       9.200     88.27320
GET       9.300     88.33712
GET       9.400     88.39957
GET       9.500     88.46215
GET       9.600     88.52292
GET       9.700     88.58415
GET       9.800     88.64472
GET       9.900     88.70402
GET      10.000     89.03581
GET      11.000     89.56612
GET      12.000     90.06996
GET      13.000     90.55873
GET      14.000     91.02780
GET      15.000     91.48837
GET      16.000     91.91362
GET      17.000     92.33124
GET      18.000     92.73190
GET      19.000     93.13571
GET      20.000     93.51447
GET      21.000     93.86100
GET      22.000     94.19412
GET      23.000     94.50795
GET      24.000     94.80617
GET      25.000     95.11746
GET      26.000     95.39129
GET      27.000     95.65561
GET      28.000     95.90720
GET      29.000     96.14967
GET      30.000     96.39630
GET      31.000     96.62162
GET      32.000     96.82584
GET      33.000     97.01545
GET      34.000     97.20172
GET      35.000     97.36808
GET      36.000     97.52091
GET      37.000     97.66757
GET      38.000     97.82509
GET      39.000     97.97155
GET      40.000     98.10127
GET      41.000     98.22897
GET      42.000     98.33791
GET      43.000     98.43466
GET      44.000     98.52196
GET      45.000     98.61496
GET      46.000     98.69556
GET      47.000     98.76853
GET      48.000     98.84323
GET      49.000     98.91378
GET      50.000     98.99057
GET      51.000     99.06226
GET      52.000     99.11747
GET      53.000     99.17241
GET      54.000     99.21770
GET      55.000     99.25958
GET      56.000     99.30333
GET      57.000     99.34587
GET      58.000     99.38828
GET      59.000     99.41984
GET      60.000     99.44865
GET      61.000     99.48242
GET      62.000     99.51264
GET      63.000     99.54111
GET      64.000     99.56604
GET      65.000     99.58527
GET      66.000     99.60610
GET      67.000     99.62707
GET      68.000     99.64590
GET      69.000     99.66466
GET      70.000     99.68369
GET      71.000     99.70057
GET      72.000     99.71538
GET      73.000     99.72818
GET      74.000     99.73977
GET      75.000     99.75350
GET      76.000     99.76717
GET      77.000     99.77689
GET      78.000     99.78566
GET      79.000     99.79551
GET      80.000     99.80362
GET      81.000     99.81012
GET      82.000     99.81602
GET      83.000     99.82265
GET      84.000     99.83035
GET      85.000     99.83960
GET      86.000     99.84570
GET      87.000     99.85133
GET      88.000     99.85648
GET      89.000     99.86071
GET      90.000     99.86452
GET      91.000     99.86988
GET      92.000     99.87518
GET      93.000     99.87920
GET      94.000     99.88369
GET      95.000     99.88797
GET      96.000     99.89213
GET      97.000     99.89655
GET      98.000     99.89936
GET      99.000     99.90225
GET     100.000     99.91638
GET     110.000     99.93823
GET     120.000     99.95384
GET     130.000     99.96536
GET     140.000     99.97380
GET     150.000     99.97876
GET     160.000     99.98211
GET     170.000     99.98573
GET     180.000     99.98915
GET     190.000     99.99109
GET     200.000     99.99270
GET     210.000     99.99404
GET     220.000     99.99571
GET     230.000     99.99665
GET     240.000     99.99786
GET     250.000     99.99839
GET     260.000     99.99873
GET     270.000     99.99906
GET     280.000     99.99973
GET     290.000     99.99993
GET     300.000    100.00000
