[RUN #1] Preparing benchmark client...
[RUN #1] Launching threads now...
[RUN #1 1%,   0 secs]  8 threads:       22567 ops,       0 (avg:       0) ops/sec, 0.00KB/sec (avg: 0.00KB/sec),  0.00 (avg:  0.00) msec latency[RUN #1 6%,   1 secs]  8 threads:       98516 ops,   75937 (avg:   85029) ops/sec, 2.87MB/sec (avg: 3.21MB/sec),  4.20 (avg:  3.70) msec latency[RUN #1 11%,   2 secs]  8 threads:      177907 ops,   79380 (avg:   82412) ops/sec, 3.00MB/sec (avg: 3.11MB/sec),  4.04 (avg:  3.85) msec latency[RUN #1 16%,   3 secs]  8 threads:      257052 ops,   79133 (avg:   81374) ops/sec, 2.98MB/sec (avg: 3.07MB/sec),  4.03 (avg:  3.91) msec latency[RUN #1 21%,   4 secs]  8 threads:      335969 ops,   78905 (avg:   80780) ops/sec, 2.98MB/sec (avg: 3.05MB/sec),  4.07 (avg:  3.94) msec latency[RUN #1 26%,   5 secs]  8 threads:      417362 ops,   81382 (avg:   80897) ops/sec, 3.07MB/sec (avg: 3.05MB/sec),  3.86 (avg:  3.93) msec latency[RUN #1 31%,   6 secs]  8 threads:      498343 ops,   80969 (avg:   80908) ops/sec, 3.05MB/sec (avg: 3.05MB/sec),  4.01 (avg:  3.94) msec latency[RUN #1 36%,   7 secs]  8 threads:      579143 ops,   80787 (avg:   80891) ops/sec, 3.05MB/sec (avg: 3.05MB/sec),  3.97 (avg:  3.94) msec latency[RUN #1 41%,   8 secs]  8 threads:      658604 ops,   79447 (avg:   80714) ops/sec, 3.00MB/sec (avg: 3.04MB/sec),  4.02 (avg:  3.95) msec latency[RUN #1 46%,   9 secs]  8 threads:      739428 ops,   80812 (avg:   80725) ops/sec, 3.05MB/sec (avg: 3.05MB/sec),  3.95 (avg:  3.95) msec latency[RUN #1 51%,  10 secs]  8 threads:      822203 ops,   82763 (avg:   80926) ops/sec, 3.12MB/sec (avg: 3.05MB/sec),  3.89 (avg:  3.95) msec latency[RUN #1 56%,  11 secs]  8 threads:      903660 ops,   81444 (avg:   80972) ops/sec, 3.07MB/sec (avg: 3.05MB/sec),  3.89 (avg:  3.94) msec latency[RUN #1 61%,  12 secs]  8 threads:      984950 ops,   81278 (avg:   80997) ops/sec, 3.07MB/sec (avg: 3.05MB/sec),  3.96 (avg:  3.94) msec latency[RUN #1 66%,  13 secs]  8 threads:     1065330 ops,   80369 (avg:   80949) ops/sec, 3.03MB/sec (avg: 3.05MB/sec),  3.98 (avg:  3.95) msec latency[RUN #1 71%,  14 secs]  8 threads:     1146398 ops,   81057 (avg:   80957) ops/sec, 3.06MB/sec (avg: 3.05MB/sec),  3.93 (avg:  3.94) msec latency[RUN #1 76%,  15 secs]  8 threads:     1227782 ops,   81373 (avg:   80984) ops/sec, 3.07MB/sec (avg: 3.05MB/sec),  3.93 (avg:  3.94) msec latency[RUN #1 81%,  16 secs]  8 threads:     1308950 ops,   81156 (avg:   80995) ops/sec, 3.06MB/sec (avg: 3.05MB/sec),  3.94 (avg:  3.94) msec latency[RUN #1 86%,  17 secs]  8 threads:     1390258 ops,   81297 (avg:   81013) ops/sec, 3.07MB/sec (avg: 3.06MB/sec),  3.87 (avg:  3.94) msec latency[RUN #1 91%,  18 secs]  8 threads:     1471254 ops,   80980 (avg:   81011) ops/sec, 3.05MB/sec (avg: 3.06MB/sec),  4.01 (avg:  3.94) msec latency[RUN #1 96%,  19 secs]  8 threads:     1558556 ops,   87295 (avg:   81339) ops/sec, 3.29MB/sec (avg: 3.07MB/sec),  3.70 (avg:  3.93) msec latency[RUN #1 100%,  20 secs]  0 threads:     1696262 ops,   87295 (avg:   84795) ops/sec, 3.29MB/sec (avg: 3.20MB/sec),  3.70 (avg:  3.77) msec latency

8         Threads
40        Connections per thread
20        Seconds
Type        Ops/sec     Hits/sec   Misses/sec      Latency       KB/sec
------------------------------------------------------------------------
Sets        7717.27          ---          ---      4.32900       572.05
Gets       77094.93      3467.51     73627.41      3.71400      2703.40
Totals     84812.19      3467.51     73627.41      3.77000      3275.45


Request Latency Distribution
Type     <= msec         Percent
------------------------------------------------------------------------
SET        -nan    100.00000
---
GET       0.067      0.00006
GET       0.069      0.00026
GET       0.070      0.00052
GET       0.071      0.00071
GET       0.073      0.00117
GET       0.074      0.00130
GET       0.075      0.00162
GET       0.076      0.00233
GET       0.077      0.00279
GET       0.078      0.00337
GET       0.079      0.00415
GET       0.080      0.00493
GET       0.081      0.00603
GET       0.082      0.00726
GET       0.083      0.00921
GET       0.084      0.01154
GET       0.085      0.01420
GET       0.086      0.01790
GET       0.087      0.02134
GET       0.088      0.02555
GET       0.089      0.03022
GET       0.090      0.03716
GET       0.091      0.04494
GET       0.092      0.05363
GET       0.093      0.06388
GET       0.094      0.07646
GET       0.095      0.09021
GET       0.096      0.10364
GET       0.097      0.11836
GET       0.098      0.13470
GET       0.099      0.15098
GET       0.100      0.24340
GET       0.110      0.44198
GET       0.120      0.69991
GET       0.130      1.22756
GET       0.140      2.62297
GET       0.150      4.55427
GET       0.160      6.21714
GET       0.170      7.93863
GET       0.180     10.32061
GET       0.190     14.67837
GET       0.200     18.95902
GET       0.210     21.75957
GET       0.220     23.77537
GET       0.230     25.57106
GET       0.240     27.68142
GET       0.250     29.34111
GET       0.260     30.44480
GET       0.270     31.27682
GET       0.280     32.10981
GET       0.290     33.10844
GET       0.300     34.06764
GET       0.310     34.95180
GET       0.320     35.89095
GET       0.330     37.10133
GET       0.340     38.89683
GET       0.350     40.98514
GET       0.360     43.20374
GET       0.370     45.65777
GET       0.380     48.51286
GET       0.390     52.04022
GET       0.400     55.17049
GET       0.410     57.81661
GET       0.420     60.04417
GET       0.430     62.07807
GET       0.440     63.97713
GET       0.450     65.47605
GET       0.460     66.66950
GET       0.470     67.68648
GET       0.480     68.60488
GET       0.490     69.47601
GET       0.500     70.22527
GET       0.510     70.87622
GET       0.520     71.44382
GET       0.530     71.97135
GET       0.540     72.47741
GET       0.550     72.89539
GET       0.560     73.27602
GET       0.570     73.60535
GET       0.580     73.91231
GET       0.590     74.18943
GET       0.600     74.43711
GET       0.610     74.64244
GET       0.620     74.82507
GET       0.630     74.98825
GET       0.640     75.14020
GET       0.650     75.27827
GET       0.660     75.39813
GET       0.670     75.51467
GET       0.680     75.62764
GET       0.690     75.73816
GET       0.700     75.84173
GET       0.710     75.93882
GET       0.720     76.03681
GET       0.730     76.13805
GET       0.740     76.23540
GET       0.750     76.33365
GET       0.760     76.42970
GET       0.770     76.52880
GET       0.780     76.62926
GET       0.790     76.73082
GET       0.800     76.83446
GET       0.810     76.93615
GET       0.820     77.03531
GET       0.830     77.14245
GET       0.840     77.24978
GET       0.850     77.35790
GET       0.860     77.46166
GET       0.870     77.56472
GET       0.880     77.66252
GET       0.890     77.76200
GET       0.900     77.85864
GET       0.910     77.95430
GET       0.920     78.04490
GET       0.930     78.13894
GET       0.940     78.22792
GET       0.950     78.31515
GET       0.960     78.39823
GET       0.970     78.48124
GET       0.980     78.56302
GET       0.990     78.63851
GET       1.000     79.03120
GET       1.100     79.56243
GET       1.200     79.98288
GET       1.300     80.33491
GET       1.400     80.66190
GET       1.500     80.97230
GET       1.600     81.25422
GET       1.700     81.52246
GET       1.800     81.77448
GET       1.900     82.00095
GET       2.000     82.21724
GET       2.100     82.42685
GET       2.200     82.60948
GET       2.300     82.77707
GET       2.400     82.93129
GET       2.500     83.07806
GET       2.600     83.22618
GET       2.700     83.36607
GET       2.800     83.49689
GET       2.900     83.62173
GET       3.000     83.73438
GET       3.100     83.85248
GET       3.200     83.96046
GET       3.300     84.06092
GET       3.400     84.15808
GET       3.500     84.25043
GET       3.600     84.34778
GET       3.700     84.44648
GET       3.800     84.54364
GET       3.900     84.63735
GET       4.000     84.72568
GET       4.100     84.81816
GET       4.200     84.92245
GET       4.300     85.01869
GET       4.400     85.12052
GET       4.500     85.23142
GET       4.600     85.33551
GET       4.700     85.42702
GET       4.800     85.51645
GET       4.900     85.60232
GET       5.000     85.69266
GET       5.100     85.77516
GET       5.200     85.85856
GET       5.300     85.93496
GET       5.400     86.01778
GET       5.500     86.09722
GET       5.600     86.17673
GET       5.700     86.25955
GET       5.800     86.33647
GET       5.900     86.41449
GET       6.000     86.49128
GET       6.100     86.57124
GET       6.200     86.64648
GET       6.300     86.72482
GET       6.400     86.80427
GET       6.500     86.87969
GET       6.600     86.95797
GET       6.700     87.02795
GET       6.800     87.09942
GET       6.900     87.16894
GET       7.000     87.24281
GET       7.100     87.30754
GET       7.200     87.38030
GET       7.300     87.44626
GET       7.400     87.51027
GET       7.500     87.57480
GET       7.600     87.63992
GET       7.700     87.70769
GET       7.800     87.77501
GET       7.900     87.83934
GET       8.000     87.90238
GET       8.100     87.96989
GET       8.200     88.03559
GET       8.300     88.10388
GET       8.400     88.17269
GET       8.500     88.24429
GET       8.600     88.31038
GET       8.700     88.36933
GET       8.800     88.43049
GET       8.900     88.48879
GET       9.000     88.54911
GET       9.100     88.61027
GET       9.200     88.67324
GET       9.300     88.72960
GET       9.400     88.78382
GET       9.500     88.84510
GET       9.600     88.90386
GET       9.700     88.96152
GET       9.800     89.02086
GET       9.900     89.07923
GET      10.000     89.39669
GET      11.000     89.91118
GET      12.000     90.40005
GET      13.000     90.87939
GET      14.000     91.32916
GET      15.000     91.77400
GET      16.000     92.18109
GET      17.000     92.57793
GET      18.000     92.97212
GET      19.000     93.36209
GET      20.000     93.72845
GET      21.000     94.05895
GET      22.000     94.38477
GET      23.000     94.69562
GET      24.000     94.99486
GET      25.000     95.30402
GET      26.000     95.57265
GET      27.000     95.82882
GET      28.000     96.07521
GET      29.000     96.30836
GET      30.000     96.54008
GET      31.000     96.76448
GET      32.000     96.94944
GET      33.000     97.13804
GET      34.000     97.31814
GET      35.000     97.47833
GET      36.000     97.62062
GET      37.000     97.76226
GET      38.000     97.91357
GET      39.000     98.05962
GET      40.000     98.18751
GET      41.000     98.30289
GET      42.000     98.40776
GET      43.000     98.49979
GET      44.000     98.58812
GET      45.000     98.67554
GET      46.000     98.75285
GET      47.000     98.82717
GET      48.000     98.89585
GET      49.000     98.96246
GET      50.000     99.03659
GET      51.000     99.10261
GET      52.000     99.15631
GET      53.000     99.20994
GET      54.000     99.25612
GET      55.000     99.29821
GET      56.000     99.34024
GET      57.000     99.38194
GET      58.000     99.42364
GET      59.000     99.45470
GET      60.000     99.48441
GET      61.000     99.51521
GET      62.000     99.54673
GET      63.000     99.57410
GET      64.000     99.59693
GET      65.000     99.61515
GET      66.000     99.63513
GET      67.000     99.65484
GET      68.000     99.67352
GET      69.000     99.69265
GET      70.000     99.71094
GET      71.000     99.72631
GET      72.000     99.73857
GET      73.000     99.75213
GET      74.000     99.76503
GET      75.000     99.77664
GET      76.000     99.78812
GET      77.000     99.79850
GET      78.000     99.80660
GET      79.000     99.81737
GET      80.000     99.82522
GET      81.000     99.83190
GET      82.000     99.83722
GET      83.000     99.84409
GET      84.000     99.85226
GET      85.000     99.85959
GET      86.000     99.86672
GET      87.000     99.87172
GET      88.000     99.87587
GET      89.000     99.88067
GET      90.000     99.88521
GET      91.000     99.88929
GET      92.000     99.89351
GET      93.000     99.89772
GET      94.000     99.90116
GET      95.000     99.90499
GET      96.000     99.90894
GET      97.000     99.91206
GET      98.000     99.91478
GET      99.000     99.91712
GET     100.000     99.93067
GET     110.000     99.94941
GET     120.000     99.96193
GET     130.000     99.96984
GET     140.000     99.97737
GET     150.000     99.98197
GET     160.000     99.98567
GET     170.000     99.98891
GET     180.000     99.99099
GET     190.000     99.99280
GET     200.000     99.99384
GET     210.000     99.99591
GET     220.000     99.99747
GET     230.000     99.99805
GET     240.000     99.99844
GET     250.000     99.99870
GET     260.000     99.99909
GET     270.000     99.99948
GET     280.000    100.00000
