[RUN #1] Preparing benchmark client...
[RUN #1] Launching threads now...
[RUN #1 5%,   1 secs]  8 threads:       80322 ops,   80301 (avg:   80301) ops/sec, 3.03MB/sec (avg: 3.03MB/sec),  3.93 (avg:  3.93) msec latency[RUN #1 10%,   2 secs]  8 threads:      157554 ops,   77217 (avg:   78759) ops/sec, 2.91MB/sec (avg: 2.97MB/sec),  4.07 (avg:  4.00) msec latency[RUN #1 15%,   3 secs]  8 threads:      234048 ops,   76480 (avg:   78000) ops/sec, 2.88MB/sec (avg: 2.94MB/sec),  4.22 (avg:  4.07) msec latency[RUN #1 20%,   4 secs]  8 threads:      311182 ops,   77121 (avg:   77780) ops/sec, 2.91MB/sec (avg: 2.93MB/sec),  4.14 (avg:  4.09) msec latency[RUN #1 25%,   5 secs]  8 threads:      388656 ops,   77455 (avg:   77715) ops/sec, 2.92MB/sec (avg: 2.93MB/sec),  4.16 (avg:  4.10) msec latency[RUN #1 30%,   6 secs]  8 threads:      465569 ops,   76897 (avg:   77579) ops/sec, 2.90MB/sec (avg: 2.93MB/sec),  4.14 (avg:  4.11) msec latency[RUN #1 35%,   7 secs]  8 threads:      543527 ops,   77941 (avg:   77630) ops/sec, 2.94MB/sec (avg: 2.93MB/sec),  4.11 (avg:  4.11) msec latency[RUN #1 40%,   8 secs]  8 threads:      619967 ops,   76422 (avg:   77479) ops/sec, 2.88MB/sec (avg: 2.92MB/sec),  4.17 (avg:  4.12) msec latency[RUN #1 45%,   9 secs]  8 threads:      696643 ops,   76662 (avg:   77389) ops/sec, 2.89MB/sec (avg: 2.92MB/sec),  4.17 (avg:  4.12) msec latency[RUN #1 50%,  10 secs]  8 threads:      773714 ops,   77059 (avg:   77356) ops/sec, 2.91MB/sec (avg: 2.92MB/sec),  4.17 (avg:  4.13) msec latency[RUN #1 55%,  11 secs]  8 threads:      852511 ops,   78786 (avg:   77486) ops/sec, 2.97MB/sec (avg: 2.92MB/sec),  4.01 (avg:  4.12) msec latency[RUN #1 60%,  12 secs]  8 threads:      932617 ops,   80095 (avg:   77703) ops/sec, 3.02MB/sec (avg: 2.93MB/sec),  3.97 (avg:  4.10) msec latency[RUN #1 65%,  13 secs]  8 threads:     1012971 ops,   80343 (avg:   77906) ops/sec, 3.03MB/sec (avg: 2.94MB/sec),  4.02 (avg:  4.10) msec latency[RUN #1 70%,  14 secs]  8 threads:     1091758 ops,   78775 (avg:   77968) ops/sec, 2.97MB/sec (avg: 2.94MB/sec),  4.05 (avg:  4.09) msec latency[RUN #1 75%,  15 secs]  8 threads:     1170418 ops,   78647 (avg:   78013) ops/sec, 2.97MB/sec (avg: 2.94MB/sec),  4.09 (avg:  4.09) msec latency[RUN #1 80%,  16 secs]  8 threads:     1249339 ops,   78910 (avg:   78069) ops/sec, 2.98MB/sec (avg: 2.94MB/sec),  4.05 (avg:  4.09) msec latency[RUN #1 85%,  17 secs]  8 threads:     1328678 ops,   79325 (avg:   78143) ops/sec, 2.99MB/sec (avg: 2.95MB/sec),  4.02 (avg:  4.09) msec latency[RUN #1 90%,  18 secs]  8 threads:     1405081 ops,   76388 (avg:   78046) ops/sec, 2.88MB/sec (avg: 2.94MB/sec),  4.19 (avg:  4.09) msec latency[RUN #1 95%,  19 secs]  8 threads:     1482233 ops,   77141 (avg:   77998) ops/sec, 2.91MB/sec (avg: 2.94MB/sec),  4.11 (avg:  4.09) msec latency[RUN #1 100%,  20 secs]  8 threads:     1568437 ops,   77141 (avg:   78411) ops/sec, 2.91MB/sec (avg: 2.96MB/sec),  4.11 (avg:  4.07) msec latency[RUN #1 100%,  20 secs]  0 threads:     1568636 ops,   77141 (avg:   78377) ops/sec, 2.91MB/sec (avg: 2.96MB/sec),  4.11 (avg:  4.08) msec latency

8         Threads
40        Connections per thread
20        Seconds
Type        Ops/sec     Hits/sec   Misses/sec      Latency       KB/sec
------------------------------------------------------------------------
Sets        7134.23          ---          ---      4.70600       528.83
Gets       71252.35      2847.86     68404.49      4.01500      2498.51
Totals     78386.58      2847.86     68404.49      4.07800      3027.34


Request Latency Distribution
Type     <= msec         Percent
------------------------------------------------------------------------
SET       1.000     76.97087
SET       2.000     79.96806
SET       3.000     81.76539
SET       4.000     82.94284
SET       5.000     83.80018
SET       6.000     84.60078
SET       7.000     85.27881
SET       8.000     86.08082
SET       9.000     86.74624
SET      10.000     87.40675
SET      11.000     87.88305
SET      12.000     88.41049
SET      13.000     88.81114
SET      14.000     89.20339
SET      15.000     89.56201
SET      16.000     89.96267
SET      17.000     90.33880
SET      18.000     90.64840
SET      19.000     90.94329
SET      20.000     91.30752
SET      21.000     91.64022
SET      22.000     91.96593
SET      23.000     92.25171
SET      24.000     92.57181
SET      25.000     92.86180
SET      26.000     93.14197
SET      27.000     93.37802
SET      28.000     93.64349
SET      29.000     93.91946
SET      30.000     94.15971
SET      31.000     94.38175
SET      32.000     94.58138
SET      33.000     94.79852
SET      34.000     94.99884
SET      35.000     95.18796
SET      36.000     95.39529
SET      37.000     95.59772
SET      38.000     95.83727
SET      39.000     96.07682
SET      40.000     96.24213
SET      41.000     96.47327
SET      42.000     96.65679
SET      43.000     96.79898
SET      44.000     96.97339
SET      45.000     97.12539
SET      46.000     97.25707
SET      47.000     97.38735
SET      48.000     97.50853
SET      49.000     97.61359
SET      50.000     97.71516
SET      51.000     97.82583
SET      52.000     97.97712
SET      53.000     98.09340
SET      54.000     98.17465
SET      55.000     98.25170
SET      56.000     98.32945
SET      57.000     98.40089
SET      58.000     98.45342
SET      59.000     98.50876
SET      60.000     98.57600
SET      61.000     98.62293
SET      62.000     98.69368
SET      63.000     98.73920
SET      64.000     98.78403
SET      65.000     98.83026
SET      66.000     98.87579
SET      67.000     98.90451
SET      68.000     98.95214
SET      69.000     98.98296
SET      70.000     99.01798
SET      71.000     99.05090
SET      72.000     99.09083
SET      73.000     99.13916
SET      74.000     99.17488
SET      75.000     99.20150
SET      76.000     99.22251
SET      77.000     99.25403
SET      78.000     99.27504
SET      79.000     99.29115
SET      80.000     99.32127
SET      81.000     99.34859
SET      82.000     99.37801
SET      83.000     99.40042
SET      84.000     99.41933
SET      85.000     99.44385
SET      86.000     99.45506
SET      87.000     99.46346
SET      88.000     99.47397
SET      89.000     99.48588
SET      90.000     99.49638
SET      91.000     99.50829
SET      92.000     99.51599
SET      93.000     99.53210
SET      94.000     99.54121
SET      95.000     99.55732
SET      96.000     99.61125
SET      97.000     99.62246
SET      98.000     99.63017
SET      99.000     99.63787
SET     100.000     99.67850
SET     110.000     99.75414
SET     120.000     99.78777
SET     130.000     99.81578
SET     140.000     99.83189
SET     150.000     99.84030
SET     160.000     99.86411
SET     170.000     99.88863
SET     180.000     99.89844
SET     190.000     99.90404
SET     200.000     99.90544
SET     210.000     99.90754
SET     220.000     99.91104
SET     230.000     99.93556
SET     240.000     99.97198
SET     250.000     99.97899
SET     260.000     99.98669
SET     270.000     99.98739
SET     290.000     99.99510
SET     310.000     99.99720
SET     340.000    100.00000
---
GET       0.062      0.00014
GET       0.063      0.00021
GET       0.064      0.00028
GET       0.065      0.00035
GET       0.066      0.00056
GET       0.067      0.00070
GET       0.068      0.00084
GET       0.069      0.00119
GET       0.070      0.00154
GET       0.071      0.00189
GET       0.072      0.00259
GET       0.073      0.00372
GET       0.074      0.00463
GET       0.075      0.00547
GET       0.076      0.00659
GET       0.077      0.00800
GET       0.078      0.00996
GET       0.079      0.01213
GET       0.080      0.01424
GET       0.081      0.01774
GET       0.082      0.02188
GET       0.083      0.02721
GET       0.084      0.03303
GET       0.085      0.04110
GET       0.086      0.05064
GET       0.087      0.06270
GET       0.088      0.07890
GET       0.089      0.09755
GET       0.090      0.12084
GET       0.091      0.14756
GET       0.092      0.18199
GET       0.093      0.22344
GET       0.094      0.26924
GET       0.095      0.31770
GET       0.096      0.36834
GET       0.097      0.42094
GET       0.098      0.47382
GET       0.099      0.52908
GET       0.100      0.80344
GET       0.110      1.31758
GET       0.120      1.80206
GET       0.130      2.48375
GET       0.140      3.98101
GET       0.150      5.44945
GET       0.160      6.37071
GET       0.170      7.13972
GET       0.180      8.17719
GET       0.190     10.23446
GET       0.200     12.71758
GET       0.210     15.15293
GET       0.220     17.84778
GET       0.230     21.64533
GET       0.240     27.88103
GET       0.250     34.10390
GET       0.260     39.20837
GET       0.270     43.73621
GET       0.280     48.33593
GET       0.290     53.39768
GET       0.300     57.35569
GET       0.310     60.16289
GET       0.320     62.26680
GET       0.330     64.08506
GET       0.340     65.80562
GET       0.350     67.18324
GET       0.360     68.20592
GET       0.370     69.04940
GET       0.380     69.83236
GET       0.390     70.56967
GET       0.400     71.19932
GET       0.410     71.71690
GET       0.420     72.17171
GET       0.430     72.58500
GET       0.440     72.97971
GET       0.450     73.33374
GET       0.460     73.65017
GET       0.470     73.94571
GET       0.480     74.24364
GET       0.490     74.54850
GET       0.500     74.84257
GET       0.510     75.11833
GET       0.520     75.39353
GET       0.530     75.66789
GET       0.540     75.95508
GET       0.550     76.23246
GET       0.560     76.49721
GET       0.570     76.75060
GET       0.580     77.01759
GET       0.590     77.27309
GET       0.600     77.51483
GET       0.610     77.73512
GET       0.620     77.94797
GET       0.630     78.16510
GET       0.640     78.37122
GET       0.650     78.56142
GET       0.660     78.72596
GET       0.670     78.88768
GET       0.680     79.04401
GET       0.690     79.19023
GET       0.700     79.32833
GET       0.710     79.45162
GET       0.720     79.56818
GET       0.730     79.67850
GET       0.740     79.77844
GET       0.750     79.86926
GET       0.760     79.95980
GET       0.770     80.04417
GET       0.780     80.12903
GET       0.790     80.21003
GET       0.800     80.28199
GET       0.810     80.34946
GET       0.820     80.41314
GET       0.830     80.47009
GET       0.840     80.52801
GET       0.850     80.57872
GET       0.860     80.62971
GET       0.870     80.68399
GET       0.880     80.73638
GET       0.890     80.78730
GET       0.900     80.83751
GET       0.910     80.88366
GET       0.920     80.93121
GET       0.930     80.97883
GET       0.940     81.02617
GET       0.950     81.07035
GET       0.960     81.11460
GET       0.970     81.15479
GET       0.980     81.20003
GET       0.990     81.24168
GET       1.000     81.47453
GET       1.100     81.85121
GET       1.200     82.20909
GET       1.300     82.54882
GET       1.400     82.84976
GET       1.500     83.10939
GET       1.600     83.33304
GET       1.700     83.53565
GET       1.800     83.71442
GET       1.900     83.88386
GET       2.000     84.03717
GET       2.100     84.18298
GET       2.200     84.31939
GET       2.300     84.44240
GET       2.400     84.55230
GET       2.500     84.66086
GET       2.600     84.75947
GET       2.700     84.85723
GET       2.800     84.96103
GET       2.900     85.05592
GET       3.000     85.15151
GET       3.100     85.24303
GET       3.200     85.33596
GET       3.300     85.42580
GET       3.400     85.51431
GET       3.500     85.60492
GET       3.600     85.69069
GET       3.700     85.77254
GET       3.800     85.86315
GET       3.900     85.95656
GET       4.000     86.04079
GET       4.100     86.13014
GET       4.200     86.20862
GET       4.300     86.30940
GET       4.400     86.39475
GET       4.500     86.47442
GET       4.600     86.55087
GET       4.700     86.63047
GET       4.800     86.70228
GET       4.900     86.76982
GET       5.000     86.83673
GET       5.100     86.90062
GET       5.200     86.96150
GET       5.300     87.03233
GET       5.400     87.09348
GET       5.500     87.15688
GET       5.600     87.21951
GET       5.700     87.28516
GET       5.800     87.34582
GET       5.900     87.41617
GET       6.000     87.47992
GET       6.100     87.54465
GET       6.200     87.60272
GET       6.300     87.65903
GET       6.400     87.72068
GET       6.500     87.77538
GET       6.600     87.83023
GET       6.700     87.88584
GET       6.800     87.94083
GET       6.900     87.99125
GET       7.000     88.03894
GET       7.100     88.09077
GET       7.200     88.14169
GET       7.300     88.19527
GET       7.400     88.24857
GET       7.500     88.29829
GET       7.600     88.34774
GET       7.700     88.40363
GET       7.800     88.45195
GET       7.900     88.50420
GET       8.000     88.56108
GET       8.100     88.61059
GET       8.200     88.65983
GET       8.300     88.72014
GET       8.400     88.78137
GET       8.500     88.84785
GET       8.600     88.90347
GET       8.700     88.95375
GET       8.800     89.00916
GET       8.900     89.05636
GET       9.000     89.10447
GET       9.100     89.15300
GET       9.200     89.20062
GET       9.300     89.24789
GET       9.400     89.29537
GET       9.500     89.34271
GET       9.600     89.38633
GET       9.700     89.42694
GET       9.800     89.47119
GET       9.900     89.51460
GET      10.000     89.78349
GET      11.000     90.19608
GET      12.000     90.59801
GET      13.000     90.96958
GET      14.000     91.30860
GET      15.000     91.62868
GET      16.000     91.95515
GET      17.000     92.29431
GET      18.000     92.59175
GET      19.000     92.87200
GET      20.000     93.14664
GET      21.000     93.42689
GET      22.000     93.70643
GET      23.000     93.96151
GET      24.000     94.22240
GET      25.000     94.47516
GET      26.000     94.71964
GET      27.000     94.92962
GET      28.000     95.13398
GET      29.000     95.35546
GET      30.000     95.56902
GET      31.000     95.77359
GET      32.000     95.96267
GET      33.000     96.13793
GET      34.000     96.30857
GET      35.000     96.48102
GET      36.000     96.64261
GET      37.000     96.79466
GET      38.000     96.95561
GET      39.000     97.09651
GET      40.000     97.22667
GET      41.000     97.36820
GET      42.000     97.50461
GET      43.000     97.62461
GET      44.000     97.73661
GET      45.000     97.84440
GET      46.000     97.94925
GET      47.000     98.03916
GET      48.000     98.12676
GET      49.000     98.21961
GET      50.000     98.30644
GET      51.000     98.38113
GET      52.000     98.45294
GET      53.000     98.52497
GET      54.000     98.59770
GET      55.000     98.65885
GET      56.000     98.71987
GET      57.000     98.77766
GET      58.000     98.83510
GET      59.000     98.88608
GET      60.000     98.94303
GET      61.000     98.99661
GET      62.000     99.04262
GET      63.000     99.08778
GET      64.000     99.12713
GET      65.000     99.16879
GET      66.000     99.20568
GET      67.000     99.23857
GET      68.000     99.27378
GET      69.000     99.30148
GET      70.000     99.33199
GET      71.000     99.36179
GET      72.000     99.38683
GET      73.000     99.41579
GET      74.000     99.44806
GET      75.000     99.47309
GET      76.000     99.49771
GET      77.000     99.53032
GET      78.000     99.55143
GET      79.000     99.56735
GET      80.000     99.59036
GET      81.000     99.61483
GET      82.000     99.63363
GET      83.000     99.64955
GET      84.000     99.66645
GET      85.000     99.68097
GET      86.000     99.69689
GET      87.000     99.70944
GET      88.000     99.72129
GET      89.000     99.73357
GET      90.000     99.74367
GET      91.000     99.75418
GET      92.000     99.76281
GET      93.000     99.77529
GET      94.000     99.78357
GET      95.000     99.79206
GET      96.000     99.80272
GET      97.000     99.81190
GET      98.000     99.82074
GET      99.000     99.82937
GET     100.000     99.86296
GET     110.000     99.90700
GET     120.000     99.93639
GET     130.000     99.95848
GET     140.000     99.97286
GET     150.000     99.97861
GET     160.000     99.98527
GET     170.000     99.98794
GET     180.000     99.99039
GET     190.000     99.99193
GET     200.000     99.99341
GET     210.000     99.99439
GET     220.000     99.99551
GET     230.000     99.99649
GET     240.000     99.99733
GET     250.000     99.99804
GET     260.000     99.99881
GET     270.000     99.99944
GET     290.000    100.00000
