[RUN #1] Preparing benchmark client...
[RUN #1] Launching threads now...
[RUN #1 5%,   0 secs]  8 threads:       71281 ops,       0 (avg:       0) ops/sec, 0.00KB/sec (avg: 0.00KB/sec),  0.00 (avg:  0.00) msec latency[RUN #1 10%,   1 secs]  8 threads:      152580 ops,   81286 (avg:   76312) ops/sec, 3.07MB/sec (avg: 2.88MB/sec),  3.94 (avg:  4.17) msec latency[RUN #1 15%,   2 secs]  8 threads:      233580 ops,   80986 (avg:   77870) ops/sec, 3.05MB/sec (avg: 2.94MB/sec),  3.95 (avg:  4.09) msec latency[RUN #1 20%,   3 secs]  8 threads:      317105 ops,   83511 (avg:   79281) ops/sec, 3.15MB/sec (avg: 2.99MB/sec),  3.82 (avg:  4.02) msec latency[RUN #1 25%,   4 secs]  8 threads:      399219 ops,   82101 (avg:   79845) ops/sec, 3.10MB/sec (avg: 3.01MB/sec),  3.91 (avg:  4.00) msec latency[RUN #1 30%,   6 secs]  8 threads:      479473 ops,   80241 (avg:   79911) ops/sec, 3.03MB/sec (avg: 3.01MB/sec),  3.97 (avg:  3.99) msec latency[RUN #1 35%,   7 secs]  8 threads:      559271 ops,   79786 (avg:   79893) ops/sec, 3.01MB/sec (avg: 3.01MB/sec),  4.01 (avg:  4.00) msec latency[RUN #1 40%,   8 secs]  8 threads:      638801 ops,   79518 (avg:   79846) ops/sec, 3.00MB/sec (avg: 3.01MB/sec),  4.02 (avg:  4.00) msec latency[RUN #1 45%,   9 secs]  8 threads:      719374 ops,   80561 (avg:   79926) ops/sec, 3.04MB/sec (avg: 3.01MB/sec),  3.96 (avg:  4.00) msec latency[RUN #1 50%,  10 secs]  8 threads:      801724 ops,   82338 (avg:   80167) ops/sec, 3.10MB/sec (avg: 3.02MB/sec),  3.89 (avg:  3.99) msec latency[RUN #1 55%,  11 secs]  8 threads:      883616 ops,   81880 (avg:   80323) ops/sec, 3.09MB/sec (avg: 3.03MB/sec),  3.90 (avg:  3.98) msec latency[RUN #1 60%,  12 secs]  8 threads:      966101 ops,   82473 (avg:   80502) ops/sec, 3.11MB/sec (avg: 3.04MB/sec),  3.86 (avg:  3.97) msec latency[RUN #1 65%,  13 secs]  8 threads:     1048830 ops,   82717 (avg:   80672) ops/sec, 3.12MB/sec (avg: 3.04MB/sec),  3.87 (avg:  3.96) msec latency[RUN #1 70%,  14 secs]  8 threads:     1131178 ops,   82336 (avg:   80791) ops/sec, 3.10MB/sec (avg: 3.05MB/sec),  3.90 (avg:  3.95) msec latency[RUN #1 75%,  15 secs]  8 threads:     1212432 ops,   81242 (avg:   80821) ops/sec, 3.06MB/sec (avg: 3.05MB/sec),  3.94 (avg:  3.95) msec latency[RUN #1 80%,  16 secs]  8 threads:     1294196 ops,   81752 (avg:   80879) ops/sec, 3.08MB/sec (avg: 3.05MB/sec),  3.88 (avg:  3.95) msec latency[RUN #1 85%,  17 secs]  8 threads:     1375742 ops,   81533 (avg:   80918) ops/sec, 3.07MB/sec (avg: 3.05MB/sec),  3.93 (avg:  3.95) msec latency[RUN #1 90%,  18 secs]  8 threads:     1457692 ops,   81937 (avg:   80974) ops/sec, 3.09MB/sec (avg: 3.05MB/sec),  3.90 (avg:  3.95) msec latency[RUN #1 95%,  19 secs]  8 threads:     1539483 ops,   81777 (avg:   81017) ops/sec, 3.08MB/sec (avg: 3.06MB/sec),  3.91 (avg:  3.94) msec latency[RUN #1 100%,  20 secs]  8 threads:     1621739 ops,   81777 (avg:   81080) ops/sec, 3.08MB/sec (avg: 3.06MB/sec),  3.91 (avg:  3.94) msec latency[RUN #1 100%,  20 secs]  0 threads:     1621929 ops,   81777 (avg:   81061) ops/sec, 3.08MB/sec (avg: 3.06MB/sec),  3.91 (avg:  3.94) msec latency

8         Threads
40        Connections per thread
20        Seconds
Type        Ops/sec     Hits/sec   Misses/sec      Latency       KB/sec
------------------------------------------------------------------------
Sets        7376.44          ---          ---      4.05600       546.79
Gets       73686.95      2595.24     71091.71      3.93200      2583.90
Totals     81063.39      2595.24     71091.71      3.94300      3130.69


Request Latency Distribution
Type     <= msec         Percent
------------------------------------------------------------------------
SET       1.000     73.78870
SET       2.000     76.64596
SET       3.000     78.66304
SET       4.000     80.60492
SET       5.000     82.56171
SET       6.000     84.19123
SET       7.000     85.65205
SET       8.000     86.97870
SET       9.000     88.27352
SET      10.000     89.41317
SET      11.000     90.35836
SET      12.000     91.33879
SET      13.000     92.37613
SET      14.000     93.15938
SET      15.000     93.80984
SET      16.000     94.44268
SET      17.000     95.10804
SET      18.000     95.62162
SET      19.000     96.05323
SET      20.000     96.44757
SET      21.000     96.86494
SET      22.000     97.22405
SET      23.000     97.52217
SET      24.000     97.75593
SET      25.000     98.01069
SET      26.000     98.23361
SET      27.000     98.39961
SET      28.000     98.53986
SET      29.000     98.67267
SET      30.000     98.79259
SET      31.000     98.89897
SET      32.000     98.99518
SET      33.000     99.09411
SET      34.000     99.16728
SET      35.000     99.24656
SET      36.000     99.30076
SET      37.000     99.34480
SET      38.000     99.39765
SET      39.000     99.43221
SET      40.000     99.46541
SET      41.000     99.50471
SET      42.000     99.53587
SET      43.000     99.57246
SET      44.000     99.59821
SET      45.000     99.63412
SET      46.000     99.66664
SET      47.000     99.69171
SET      48.000     99.71610
SET      49.000     99.75066
SET      50.000     99.76557
SET      51.000     99.77505
SET      52.000     99.78657
SET      53.000     99.79944
SET      54.000     99.81299
SET      55.000     99.82722
SET      56.000     99.83671
SET      57.000     99.85161
SET      58.000     99.86110
SET      59.000     99.86517
SET      60.000     99.87330
SET      61.000     99.89091
SET      62.000     99.89769
SET      63.000     99.90243
SET      64.000     99.90921
SET      65.000     99.91666
SET      66.000     99.92073
SET      67.000     99.92682
SET      68.000     99.93631
SET      69.000     99.94105
SET      70.000     99.94376
SET      71.000     99.94580
SET      72.000     99.95054
SET      73.000     99.95460
SET      74.000     99.95731
SET      75.000     99.95799
SET      76.000     99.95867
SET      77.000     99.96070
SET      78.000     99.96409
SET      79.000     99.96680
SET      80.000     99.96815
SET      81.000     99.96883
SET      82.000     99.96951
SET      83.000     99.97425
SET      84.000     99.97561
SET      85.000     99.97764
SET      87.000     99.97900
SET      88.000     99.97967
SET      89.000     99.98171
SET      90.000     99.98442
SET      91.000     99.98577
SET      92.000     99.98645
SET      93.000     99.98713
SET      94.000     99.98780
SET      95.000     99.98848
SET      96.000     99.98984
SET      97.000     99.99255
SET      98.000     99.99390
SET      99.000     99.99458
SET     100.000     99.99661
SET     110.000     99.99797
SET     130.000     99.99864
SET     140.000    100.00000
---
GET       0.085      0.00007
GET       0.087      0.00014
GET       0.094      0.00020
GET       0.095      0.00034
GET       0.100      0.00047
GET       0.110      0.00081
GET       0.120      0.00136
GET       0.130      0.00251
GET       0.140      0.00454
GET       0.150      0.00692
GET       0.160      0.00889
GET       0.170      0.01119
GET       0.180      0.01465
GET       0.190      0.01831
GET       0.200      0.02204
GET       0.210      0.02659
GET       0.220      0.02971
GET       0.230      0.03520
GET       0.240      0.04117
GET       0.250      0.04700
GET       0.260      0.05175
GET       0.270      0.05636
GET       0.280      0.06152
GET       0.290      0.06735
GET       0.300      0.07224
GET       0.310      0.07644
GET       0.320      0.08200
GET       0.330      0.08641
GET       0.340      0.09265
GET       0.350      0.09855
GET       0.360      0.10520
GET       0.370      0.11395
GET       0.380      0.12263
GET       0.390      0.13477
GET       0.400      0.14746
GET       0.410      0.16373
GET       0.420      0.18483
GET       0.430      0.20877
GET       0.440      0.23800
GET       0.450      0.27694
GET       0.460      0.32862
GET       0.470      0.39204
GET       0.480      0.48578
GET       0.490      0.62720
GET       0.500      0.82240
GET       0.510      1.10070
GET       0.520      1.51336
GET       0.530      2.11905
GET       0.540      3.01043
GET       0.550      4.21178
GET       0.560      5.78096
GET       0.570      7.77358
GET       0.580     10.36891
GET       0.590     13.56288
GET       0.600     17.07842
GET       0.610     20.69312
GET       0.620     24.32797
GET       0.630     27.90632
GET       0.640     31.22679
GET       0.650     34.04683
GET       0.660     36.36285
GET       0.670     38.23304
GET       0.680     39.77671
GET       0.690     41.06997
GET       0.700     42.12922
GET       0.710     43.01891
GET       0.720     43.77830
GET       0.730     44.44850
GET       0.740     45.04694
GET       0.750     45.58921
GET       0.760     46.05742
GET       0.770     46.49124
GET       0.780     46.88464
GET       0.790     47.24256
GET       0.800     47.55708
GET       0.810     47.83266
GET       0.820     48.07019
GET       0.830     48.29164
GET       0.840     48.48508
GET       0.850     48.65689
GET       0.860     48.81018
GET       0.870     48.94495
GET       0.880     49.07348
GET       0.890     49.19523
GET       0.900     49.30233
GET       0.910     49.40163
GET       0.920     49.49510
GET       0.930     49.58782
GET       0.940     49.67897
GET       0.950     49.77230
GET       0.960     49.86374
GET       0.970     49.95652
GET       0.980     50.04884
GET       0.990     50.14657
GET       1.000     50.84709
GET       1.100     53.99575
GET       1.200     61.66583
GET       1.300     66.88342
GET       1.400     69.08325
GET       1.500     70.10228
GET       1.600     70.70703
GET       1.700     71.10612
GET       1.800     71.39174
GET       1.900     71.64202
GET       2.000     71.88172
GET       2.100     72.13553
GET       2.200     72.43309
GET       2.300     72.78891
GET       2.400     73.17139
GET       2.500     73.55678
GET       2.600     73.88038
GET       2.700     74.15060
GET       2.800     74.38854
GET       2.900     74.61583
GET       3.000     74.81924
GET       3.100     75.03703
GET       3.200     75.26188
GET       3.300     75.48055
GET       3.400     75.69923
GET       3.500     75.91478
GET       3.600     76.12884
GET       3.700     76.32473
GET       3.800     76.53228
GET       3.900     76.73956
GET       4.000     76.95260
GET       4.100     77.16409
GET       4.200     77.38235
GET       4.300     77.58950
GET       4.400     77.77799
GET       4.500     77.97747
GET       4.600     78.18319
GET       4.700     78.39786
GET       4.800     78.60643
GET       4.900     78.81316
GET       5.000     79.00572
GET       5.100     79.21205
GET       5.200     79.44280
GET       5.300     79.68359
GET       5.400     79.90782
GET       5.500     80.12996
GET       5.600     80.33222
GET       5.700     80.52451
GET       5.800     80.71741
GET       5.900     80.91594
GET       6.000     81.09812
GET       6.100     81.27081
GET       6.200     81.43400
GET       6.300     81.62215
GET       6.400     81.80277
GET       6.500     81.98550
GET       6.600     82.16646
GET       6.700     82.32687
GET       6.800     82.49847
GET       6.900     82.65780
GET       7.000     82.81495
GET       7.100     82.97014
GET       7.200     83.14615
GET       7.300     83.30609
GET       7.400     83.47199
GET       7.500     83.63403
GET       7.600     83.79112
GET       7.700     83.94943
GET       7.800     84.10631
GET       7.900     84.26774
GET       8.000     84.42205
GET       8.100     84.58246
GET       8.200     84.72862
GET       8.300     84.87147
GET       8.400     85.01146
GET       8.500     85.15722
GET       8.600     85.32699
GET       8.700     85.48428
GET       8.800     85.62855
GET       8.900     85.76597
GET       9.000     85.91207
GET       9.100     86.06258
GET       9.200     86.21790
GET       9.300     86.38998
GET       9.400     86.55236
GET       9.500     86.69859
GET       9.600     86.83574
GET       9.700     86.96081
GET       9.800     87.08432
GET       9.900     87.19868
GET      10.000     87.84982
GET      11.000     89.03021
GET      12.000     90.01119
GET      13.000     91.26260
GET      14.000     92.20919
GET      15.000     92.97882
GET      16.000     93.65241
GET      17.000     94.42557
GET      18.000     95.02605
GET      19.000     95.55245
GET      20.000     95.96714
GET      21.000     96.43013
GET      22.000     96.85324
GET      23.000     97.17446
GET      24.000     97.45798
GET      25.000     97.74889
GET      26.000     97.97062
GET      27.000     98.18319
GET      28.000     98.34109
GET      29.000     98.50482
GET      30.000     98.63532
GET      31.000     98.76033
GET      32.000     98.86132
GET      33.000     98.96950
GET      34.000     99.06161
GET      35.000     99.14077
GET      36.000     99.20778
GET      37.000     99.27032
GET      38.000     99.31922
GET      39.000     99.36568
GET      40.000     99.40997
GET      41.000     99.45569
GET      42.000     99.49611
GET      43.000     99.52969
GET      44.000     99.56598
GET      45.000     99.59779
GET      46.000     99.62539
GET      47.000     99.65212
GET      48.000     99.67762
GET      49.000     99.70516
GET      50.000     99.72598
GET      51.000     99.74226
GET      52.000     99.75725
GET      53.000     99.77061
GET      54.000     99.78906
GET      55.000     99.80249
GET      56.000     99.81673
GET      57.000     99.83206
GET      58.000     99.84325
GET      59.000     99.85438
GET      60.000     99.86557
GET      61.000     99.87594
GET      62.000     99.88673
GET      63.000     99.89487
GET      64.000     99.90267
GET      65.000     99.91054
GET      66.000     99.91684
GET      67.000     99.92213
GET      68.000     99.92770
GET      69.000     99.93265
GET      70.000     99.93794
GET      71.000     99.94248
GET      72.000     99.94594
GET      73.000     99.94988
GET      74.000     99.95388
GET      75.000     99.95734
GET      76.000     99.95883
GET      77.000     99.96046
GET      78.000     99.96249
GET      79.000     99.96459
GET      80.000     99.96704
GET      81.000     99.96887
GET      82.000     99.97056
GET      83.000     99.97307
GET      84.000     99.97579
GET      85.000     99.97775
GET      86.000     99.97965
GET      87.000     99.98060
GET      88.000     99.98196
GET      89.000     99.98386
GET      90.000     99.98562
GET      91.000     99.98657
GET      92.000     99.98738
GET      93.000     99.98772
GET      94.000     99.98861
GET      95.000     99.98928
GET      96.000     99.98969
GET      97.000     99.99050
GET      98.000     99.99139
GET      99.000     99.99193
GET     100.000     99.99457
GET     110.000     99.99708
GET     120.000     99.99830
GET     130.000     99.99912
GET     140.000     99.99966
GET     150.000    100.00000
