[RUN #1] Preparing benchmark client...
[RUN #1] Launching threads now...
[RUN #1 5%,   1 secs]  8 threads:       71784 ops,   71778 (avg:   71778) ops/sec, 2.71MB/sec (avg: 2.71MB/sec),  4.42 (avg:  4.42) msec latency[RUN #1 10%,   2 secs]  8 threads:      152086 ops,   80286 (avg:   76032) ops/sec, 3.03MB/sec (avg: 2.87MB/sec),  3.98 (avg:  4.19) msec latency[RUN #1 15%,   3 secs]  8 threads:      233147 ops,   81047 (avg:   77704) ops/sec, 3.06MB/sec (avg: 2.93MB/sec),  3.95 (avg:  4.11) msec latency[RUN #1 20%,   4 secs]  8 threads:      314386 ops,   81222 (avg:   78583) ops/sec, 3.06MB/sec (avg: 2.97MB/sec),  3.92 (avg:  4.06) msec latency[RUN #1 25%,   5 secs]  8 threads:      395251 ops,   80849 (avg:   79037) ops/sec, 3.05MB/sec (avg: 2.98MB/sec),  3.97 (avg:  4.04) msec latency[RUN #1 30%,   6 secs]  8 threads:      475415 ops,   80152 (avg:   79223) ops/sec, 3.02MB/sec (avg: 2.99MB/sec),  3.97 (avg:  4.03) msec latency[RUN #1 35%,   7 secs]  8 threads:      556352 ops,   80926 (avg:   79466) ops/sec, 3.05MB/sec (avg: 3.00MB/sec),  3.96 (avg:  4.02) msec latency[RUN #1 40%,   8 secs]  8 threads:      635860 ops,   79496 (avg:   79470) ops/sec, 3.00MB/sec (avg: 3.00MB/sec),  4.03 (avg:  4.02) msec latency[RUN #1 45%,   9 secs]  8 threads:      717272 ops,   81400 (avg:   79684) ops/sec, 3.07MB/sec (avg: 3.01MB/sec),  3.91 (avg:  4.01) msec latency[RUN #1 50%,  10 secs]  8 threads:      798876 ops,   81592 (avg:   79875) ops/sec, 3.08MB/sec (avg: 3.01MB/sec),  3.93 (avg:  4.00) msec latency[RUN #1 55%,  11 secs]  8 threads:      880411 ops,   81523 (avg:   80025) ops/sec, 3.07MB/sec (avg: 3.02MB/sec),  3.91 (avg:  3.99) msec latency[RUN #1 60%,  12 secs]  8 threads:      961656 ops,   81233 (avg:   80125) ops/sec, 3.06MB/sec (avg: 3.02MB/sec),  3.93 (avg:  3.99) msec latency[RUN #1 65%,  13 secs]  8 threads:     1042912 ops,   81244 (avg:   80212) ops/sec, 3.06MB/sec (avg: 3.03MB/sec),  3.93 (avg:  3.98) msec latency[RUN #1 70%,  14 secs]  8 threads:     1123949 ops,   81026 (avg:   80270) ops/sec, 3.06MB/sec (avg: 3.03MB/sec),  3.96 (avg:  3.98) msec latency[RUN #1 75%,  15 secs]  8 threads:     1205033 ops,   81071 (avg:   80323) ops/sec, 3.06MB/sec (avg: 3.03MB/sec),  3.95 (avg:  3.98) msec latency[RUN #1 80%,  16 secs]  8 threads:     1286456 ops,   81410 (avg:   80391) ops/sec, 3.07MB/sec (avg: 3.03MB/sec),  3.91 (avg:  3.97) msec latency[RUN #1 85%,  17 secs]  8 threads:     1367491 ops,   81023 (avg:   80428) ops/sec, 3.06MB/sec (avg: 3.03MB/sec),  3.94 (avg:  3.97) msec latency[RUN #1 90%,  18 secs]  8 threads:     1449143 ops,   81640 (avg:   80496) ops/sec, 3.08MB/sec (avg: 3.04MB/sec),  3.93 (avg:  3.97) msec latency[RUN #1 95%,  19 secs]  8 threads:     1530335 ops,   81181 (avg:   80532) ops/sec, 3.06MB/sec (avg: 3.04MB/sec),  3.93 (avg:  3.97) msec latency[RUN #1 100%,  20 secs]  8 threads:     1611695 ops,   81181 (avg:   80575) ops/sec, 3.06MB/sec (avg: 3.04MB/sec),  3.93 (avg:  3.97) msec latency[RUN #1 100%,  20 secs]  0 threads:     1611878 ops,   81181 (avg:   80559) ops/sec, 3.06MB/sec (avg: 3.04MB/sec),  3.93 (avg:  3.97) msec latency

8         Threads
40        Connections per thread
20        Seconds
Type        Ops/sec     Hits/sec   Misses/sec      Latency       KB/sec
------------------------------------------------------------------------
Sets        7331.50          ---          ---      4.08500       543.45
Gets       73231.11      2577.90     70653.21      3.95600      2567.92
Totals     80562.61      2577.90     70653.21      3.96800      3111.37


Request Latency Distribution
Type     <= msec         Percent
------------------------------------------------------------------------
SET       1.000     71.09628
SET       2.000     74.28879
SET       3.000     76.40282
SET       4.000     78.53048
SET       5.000     80.66359
SET       6.000     82.41085
SET       7.000     84.04971
SET       8.000     85.55564
SET       9.000     86.97703
SET      10.000     88.19118
SET      11.000     89.27649
SET      12.000     90.42519
SET      13.000     91.56571
SET      14.000     92.40151
SET      15.000     93.11732
SET      16.000     93.82631
SET      17.000     94.56394
SET      18.000     95.16658
SET      19.000     95.59947
SET      20.000     96.06441
SET      21.000     96.50344
SET      22.000     96.86884
SET      23.000     97.18380
SET      24.000     97.43536
SET      25.000     97.71214
SET      26.000     97.96778
SET      27.000     98.14980
SET      28.000     98.32296
SET      29.000     98.48862
SET      30.000     98.63655
SET      31.000     98.73949
SET      32.000     98.85266
SET      33.000     98.96719
SET      34.000     99.05581
SET      35.000     99.13012
SET      36.000     99.19011
SET      37.000     99.25760
SET      38.000     99.30532
SET      39.000     99.35168
SET      40.000     99.40758
SET      41.000     99.47098
SET      42.000     99.50575
SET      43.000     99.53984
SET      44.000     99.57733
SET      45.000     99.61483
SET      46.000     99.64482
SET      47.000     99.67005
SET      48.000     99.69459
SET      49.000     99.71504
SET      50.000     99.72867
SET      51.000     99.73958
SET      52.000     99.74913
SET      53.000     99.75935
SET      54.000     99.77708
SET      55.000     99.79003
SET      56.000     99.80230
SET      57.000     99.81525
SET      58.000     99.83093
SET      59.000     99.84525
SET      60.000     99.86297
SET      61.000     99.87320
SET      62.000     99.88070
SET      63.000     99.88683
SET      64.000     99.89433
SET      65.000     99.90251
SET      66.000     99.90933
SET      67.000     99.91478
SET      68.000     99.91751
SET      69.000     99.92501
SET      70.000     99.92978
SET      71.000     99.93251
SET      72.000     99.93933
SET      73.000     99.94274
SET      74.000     99.94751
SET      75.000     99.94887
SET      76.000     99.95023
SET      77.000     99.95092
SET      78.000     99.95228
SET      79.000     99.95569
SET      80.000     99.96182
SET      81.000     99.96591
SET      82.000     99.97069
SET      83.000     99.97546
SET      84.000     99.97682
SET      85.000     99.97887
SET      86.000     99.97955
SET      87.000     99.98159
SET      88.000     99.98364
SET      89.000     99.98432
SET      90.000     99.98500
SET      91.000     99.98568
SET      92.000     99.98637
SET      93.000     99.98705
SET      94.000     99.98909
SET      95.000     99.99046
SET      96.000     99.99114
SET      97.000     99.99182
SET      98.000     99.99455
SET     100.000     99.99727
SET     110.000     99.99864
SET     120.000    100.00000
---
GET       0.075      0.00007
GET       0.087      0.00014
GET       0.092      0.00020
GET       0.093      0.00027
GET       0.094      0.00034
GET       0.095      0.00048
GET       0.097      0.00055
GET       0.100      0.00143
GET       0.110      0.00266
GET       0.120      0.00389
GET       0.130      0.00553
GET       0.140      0.00949
GET       0.150      0.01324
GET       0.160      0.01672
GET       0.170      0.02082
GET       0.180      0.02368
GET       0.190      0.02935
GET       0.200      0.03522
GET       0.210      0.03924
GET       0.220      0.04252
GET       0.230      0.04737
GET       0.240      0.05221
GET       0.250      0.05767
GET       0.260      0.06265
GET       0.270      0.06811
GET       0.280      0.07303
GET       0.290      0.07842
GET       0.300      0.08333
GET       0.310      0.08893
GET       0.320      0.09500
GET       0.330      0.10176
GET       0.340      0.10852
GET       0.350      0.11630
GET       0.360      0.12469
GET       0.370      0.13288
GET       0.380      0.14476
GET       0.390      0.15575
GET       0.400      0.16844
GET       0.410      0.18400
GET       0.420      0.20352
GET       0.430      0.22912
GET       0.440      0.26017
GET       0.450      0.29907
GET       0.460      0.34767
GET       0.470      0.41824
GET       0.480      0.51283
GET       0.490      0.65411
GET       0.500      0.85688
GET       0.510      1.14545
GET       0.520      1.56853
GET       0.530      2.20852
GET       0.540      3.12785
GET       0.550      4.36203
GET       0.560      5.95288
GET       0.570      7.99896
GET       0.580     10.59541
GET       0.590     13.72244
GET       0.600     17.16902
GET       0.610     20.72829
GET       0.620     24.30127
GET       0.630     27.77686
GET       0.640     30.96545
GET       0.650     33.69185
GET       0.660     35.94071
GET       0.670     37.77419
GET       0.680     39.28873
GET       0.690     40.52141
GET       0.700     41.53240
GET       0.710     42.39604
GET       0.720     43.14373
GET       0.730     43.79763
GET       0.740     44.39742
GET       0.750     44.91742
GET       0.760     45.38596
GET       0.770     45.80713
GET       0.780     46.19459
GET       0.790     46.54513
GET       0.800     46.84099
GET       0.810     47.10983
GET       0.820     47.35048
GET       0.830     47.56363
GET       0.840     47.75452
GET       0.850     47.92147
GET       0.860     48.07196
GET       0.870     48.20450
GET       0.880     48.32435
GET       0.890     48.43778
GET       0.900     48.54432
GET       0.910     48.64205
GET       0.920     48.73385
GET       0.930     48.82053
GET       0.940     48.90816
GET       0.950     48.99143
GET       0.960     49.08036
GET       0.970     49.16867
GET       0.980     49.26081
GET       0.990     49.35944
GET       1.000     50.03136
GET       1.100     53.15860
GET       1.200     61.05061
GET       1.300     66.54402
GET       1.400     68.79881
GET       1.500     69.85594
GET       1.600     70.47484
GET       1.700     70.87376
GET       1.800     71.16608
GET       1.900     71.40946
GET       2.000     71.66219
GET       2.100     71.92073
GET       2.200     72.22608
GET       2.300     72.59040
GET       2.400     72.97485
GET       2.500     73.36600
GET       2.600     73.69394
GET       2.700     73.96851
GET       2.800     74.21845
GET       2.900     74.45650
GET       3.000     74.66897
GET       3.100     74.88409
GET       3.200     75.10987
GET       3.300     75.33612
GET       3.400     75.55233
GET       3.500     75.77258
GET       3.600     75.97999
GET       3.700     76.17901
GET       3.800     76.38117
GET       3.900     76.59411
GET       4.000     76.80371
GET       4.100     77.02088
GET       4.200     77.24549
GET       4.300     77.45243
GET       4.400     77.64257
GET       4.500     77.83968
GET       4.600     78.04634
GET       4.700     78.26311
GET       4.800     78.47373
GET       4.900     78.68025
GET       5.000     78.87579
GET       5.100     79.08805
GET       5.200     79.30946
GET       5.300     79.55202
GET       5.400     79.78448
GET       5.500     80.00070
GET       5.600     80.21091
GET       5.700     80.41484
GET       5.800     80.60983
GET       5.900     80.80837
GET       6.000     80.99552
GET       6.100     81.16826
GET       6.200     81.33922
GET       6.300     81.51818
GET       6.400     81.70047
GET       6.500     81.88414
GET       6.600     82.06875
GET       6.700     82.23904
GET       6.800     82.41130
GET       6.900     82.57217
GET       7.000     82.72014
GET       7.100     82.87766
GET       7.200     83.05102
GET       7.300     83.20874
GET       7.400     83.37534
GET       7.500     83.53409
GET       7.600     83.68827
GET       7.700     83.84627
GET       7.800     84.00529
GET       7.900     84.16466
GET       8.000     84.31488
GET       8.100     84.47281
GET       8.200     84.61893
GET       8.300     84.76758
GET       8.400     84.90224
GET       8.500     85.04366
GET       8.600     85.21824
GET       8.700     85.37467
GET       8.800     85.52093
GET       8.900     85.66433
GET       9.000     85.81475
GET       9.100     85.96408
GET       9.200     86.12106
GET       9.300     86.30274
GET       9.400     86.46975
GET       9.500     86.61628
GET       9.600     86.75811
GET       9.700     86.87714
GET       9.800     86.99985
GET       9.900     87.11758
GET      10.000     87.77593
GET      11.000     88.96738
GET      12.000     89.96670
GET      13.000     91.21596
GET      14.000     92.16546
GET      15.000     92.93703
GET      16.000     93.61674
GET      17.000     94.38039
GET      18.000     94.99915
GET      19.000     95.51772
GET      20.000     95.93343
GET      21.000     96.40723
GET      22.000     96.82942
GET      23.000     97.15716
GET      24.000     97.43310
GET      25.000     97.71477
GET      26.000     97.95262
GET      27.000     98.16249
GET      28.000     98.32390
GET      29.000     98.49344
GET      30.000     98.62366
GET      31.000     98.74590
GET      32.000     98.84882
GET      33.000     98.95973
GET      34.000     99.05255
GET      35.000     99.12619
GET      36.000     99.19389
GET      37.000     99.25716
GET      38.000     99.30978
GET      39.000     99.35271
GET      40.000     99.39694
GET      41.000     99.44437
GET      42.000     99.49208
GET      43.000     99.52839
GET      44.000     99.56702
GET      45.000     99.60292
GET      46.000     99.63042
GET      47.000     99.65629
GET      48.000     99.68414
GET      49.000     99.71089
GET      50.000     99.72946
GET      51.000     99.74515
GET      52.000     99.75989
GET      53.000     99.77409
GET      54.000     99.79341
GET      55.000     99.80767
GET      56.000     99.82159
GET      57.000     99.83306
GET      58.000     99.84405
GET      59.000     99.85551
GET      60.000     99.86596
GET      61.000     99.87544
GET      62.000     99.88391
GET      63.000     99.89298
GET      64.000     99.90104
GET      65.000     99.90923
GET      66.000     99.91544
GET      67.000     99.92090
GET      68.000     99.92731
GET      69.000     99.93373
GET      70.000     99.93700
GET      71.000     99.94076
GET      72.000     99.94390
GET      73.000     99.94820
GET      74.000     99.95175
GET      75.000     99.95489
GET      76.000     99.95741
GET      77.000     99.95966
GET      78.000     99.96157
GET      79.000     99.96437
GET      80.000     99.96785
GET      81.000     99.97024
GET      82.000     99.97161
GET      83.000     99.97372
GET      84.000     99.97502
GET      85.000     99.97720
GET      86.000     99.97864
GET      87.000     99.98014
GET      88.000     99.98116
GET      89.000     99.98253
GET      90.000     99.98451
GET      91.000     99.98526
GET      92.000     99.98594
GET      93.000     99.98683
GET      94.000     99.98806
GET      95.000     99.98901
GET      96.000     99.98956
GET      97.000     99.99031
GET      98.000     99.99092
GET      99.000     99.99195
GET     100.000     99.99406
GET     110.000     99.99666
GET     120.000     99.99884
GET     130.000     99.99904
GET     140.000     99.99959
GET     150.000     99.99993
GET     180.000    100.00000
