[RUN #1] Preparing benchmark client...
[RUN #1] Launching threads now...
[RUN #1 5%,   0 secs]  8 threads:       64760 ops,       0 (avg:       0) ops/sec, 0.00KB/sec (avg: 0.00KB/sec),  0.00 (avg:  0.00) msec latency[RUN #1 10%,   1 secs]  8 threads:      143666 ops,   78894 (avg:   71853) ops/sec, 2.98MB/sec (avg: 2.71MB/sec),  4.04 (avg:  4.42) msec latency[RUN #1 15%,   2 secs]  8 threads:      223074 ops,   79395 (avg:   74368) ops/sec, 2.99MB/sec (avg: 2.81MB/sec),  4.05 (avg:  4.29) msec latency[RUN #1 20%,   3 secs]  8 threads:      302922 ops,   79836 (avg:   75735) ops/sec, 3.01MB/sec (avg: 2.86MB/sec),  3.98 (avg:  4.21) msec latency[RUN #1 25%,   4 secs]  8 threads:      383087 ops,   80153 (avg:   76619) ops/sec, 3.02MB/sec (avg: 2.89MB/sec),  4.00 (avg:  4.16) msec latency[RUN #1 30%,   6 secs]  8 threads:      463289 ops,   80191 (avg:   77214) ops/sec, 3.02MB/sec (avg: 2.91MB/sec),  3.99 (avg:  4.13) msec latency[RUN #1 35%,   7 secs]  8 threads:      543400 ops,   80099 (avg:   77626) ops/sec, 3.02MB/sec (avg: 2.93MB/sec),  4.00 (avg:  4.11) msec latency[RUN #1 40%,   8 secs]  8 threads:      623458 ops,   80047 (avg:   77929) ops/sec, 3.02MB/sec (avg: 2.94MB/sec),  3.98 (avg:  4.10) msec latency[RUN #1 45%,   9 secs]  8 threads:      702869 ops,   79397 (avg:   78092) ops/sec, 2.99MB/sec (avg: 2.95MB/sec),  4.05 (avg:  4.09) msec latency[RUN #1 50%,  10 secs]  8 threads:      783506 ops,   80625 (avg:   78345) ops/sec, 3.04MB/sec (avg: 2.96MB/sec),  3.96 (avg:  4.08) msec latency[RUN #1 55%,  11 secs]  8 threads:      864943 ops,   81426 (avg:   78625) ops/sec, 3.07MB/sec (avg: 2.97MB/sec),  3.92 (avg:  4.06) msec latency[RUN #1 60%,  12 secs]  8 threads:      947024 ops,   82069 (avg:   78912) ops/sec, 3.09MB/sec (avg: 2.98MB/sec),  3.91 (avg:  4.05) msec latency[RUN #1 65%,  13 secs]  8 threads:     1026688 ops,   79651 (avg:   78969) ops/sec, 3.00MB/sec (avg: 2.98MB/sec),  4.00 (avg:  4.04) msec latency[RUN #1 70%,  14 secs]  8 threads:     1107535 ops,   80835 (avg:   79103) ops/sec, 3.05MB/sec (avg: 2.98MB/sec),  3.97 (avg:  4.04) msec latency[RUN #1 75%,  15 secs]  8 threads:     1188137 ops,   80590 (avg:   79202) ops/sec, 3.04MB/sec (avg: 2.99MB/sec),  3.96 (avg:  4.03) msec latency[RUN #1 80%,  16 secs]  8 threads:     1267522 ops,   79372 (avg:   79212) ops/sec, 2.99MB/sec (avg: 2.99MB/sec),  4.01 (avg:  4.03) msec latency[RUN #1 85%,  17 secs]  8 threads:     1347728 ops,   80193 (avg:   79270) ops/sec, 3.02MB/sec (avg: 2.99MB/sec),  4.01 (avg:  4.03) msec latency[RUN #1 90%,  18 secs]  8 threads:     1428519 ops,   80779 (avg:   79354) ops/sec, 3.05MB/sec (avg: 2.99MB/sec),  3.95 (avg:  4.03) msec latency[RUN #1 95%,  19 secs]  8 threads:     1509594 ops,   81064 (avg:   79444) ops/sec, 3.06MB/sec (avg: 3.00MB/sec),  3.95 (avg:  4.02) msec latency[RUN #1 100%,  20 secs]  0 threads:     1604188 ops,   81064 (avg:   80207) ops/sec, 3.06MB/sec (avg: 3.03MB/sec),  3.95 (avg:  3.99) msec latency

8         Threads
40        Connections per thread
20        Seconds
Type        Ops/sec     Hits/sec   Misses/sec      Latency       KB/sec
------------------------------------------------------------------------
Sets        7298.89          ---          ---      4.38800       541.03
Gets       72908.75      2815.64     70093.11      3.94500      2556.61
Totals     80207.64      2815.64     70093.11      3.98500      3097.64


Request Latency Distribution
Type     <= msec         Percent
------------------------------------------------------------------------
SET       1.000     71.48465
SET       2.000     74.20555
SET       3.000     76.20923
SET       4.000     78.20607
SET       5.000     79.85012
SET       6.000     81.38456
SET       7.000     82.82653
SET       8.000     84.31440
SET       9.000     85.71937
SET      10.000     86.84212
SET      11.000     87.92583
SET      12.000     88.98350
SET      13.000     90.04185
SET      14.000     90.85703
SET      15.000     91.63864
SET      16.000     92.41271
SET      17.000     93.18267
SET      18.000     93.75124
SET      19.000     94.29857
SET      20.000     94.80823
SET      21.000     95.32747
SET      22.000     95.76383
SET      23.000     96.12073
SET      24.000     96.45433
SET      25.000     96.78383
SET      26.000     97.02496
SET      27.000     97.24279
SET      28.000     97.44145
SET      29.000     97.64901
SET      30.000     97.83944
SET      31.000     97.99220
SET      32.000     98.12784
SET      33.000     98.27101
SET      34.000     98.39089
SET      35.000     98.48679
SET      36.000     98.58886
SET      37.000     98.70737
SET      38.000     98.79916
SET      39.000     98.87862
SET      40.000     98.95808
SET      41.000     99.01700
SET      42.000     99.05741
SET      43.000     99.10194
SET      44.000     99.13619
SET      45.000     99.18414
SET      46.000     99.22524
SET      47.000     99.26908
SET      48.000     99.30196
SET      49.000     99.32936
SET      50.000     99.35745
SET      51.000     99.38554
SET      52.000     99.41157
SET      53.000     99.43760
SET      54.000     99.45609
SET      55.000     99.47390
SET      56.000     99.49651
SET      57.000     99.51090
SET      58.000     99.52734
SET      59.000     99.54035
SET      60.000     99.55200
SET      61.000     99.56159
SET      62.000     99.57871
SET      63.000     99.58693
SET      64.000     99.59378
SET      65.000     99.60885
SET      66.000     99.62324
SET      67.000     99.62940
SET      68.000     99.63694
SET      69.000     99.64173
SET      70.000     99.64584
SET      71.000     99.65132
SET      72.000     99.65612
SET      73.000     99.65954
SET      74.000     99.66639
SET      75.000     99.66914
SET      76.000     99.67256
SET      77.000     99.67804
SET      78.000     99.68284
SET      79.000     99.68421
SET      80.000     99.68763
SET      81.000     99.69106
SET      82.000     99.69311
SET      83.000     99.69585
SET      84.000     99.69791
SET      85.000     99.69928
SET      86.000     99.70202
SET      87.000     99.70613
SET      88.000     99.70887
SET      89.000     99.71024
SET      91.000     99.71161
SET      92.000     99.71435
SET      93.000     99.71640
SET      94.000     99.71914
SET      95.000     99.72051
SET      96.000     99.72120
SET      97.000     99.72394
SET      98.000     99.72462
SET     100.000     99.72805
SET     110.000     99.73764
SET     120.000     99.74380
SET     130.000     99.74860
SET     140.000     99.75339
SET     150.000     99.77052
SET     160.000     99.78285
SET     170.000     99.80134
SET     180.000     99.81504
SET     190.000     99.82052
SET     200.000     99.82532
SET     210.000     99.84793
SET     220.000     99.86026
SET     230.000     99.87738
SET     240.000     99.88149
SET     250.000     99.90204
SET     260.000     99.91232
SET     270.000     99.91574
SET     280.000     99.92602
SET     290.000     99.97465
SET     300.000     99.98493
SET     310.000     99.99589
SET     320.000     99.99794
SET     350.000     99.99863
SET     360.000     99.99931
SET     390.000    100.00000
---
GET       0.071      0.00007
GET       0.074      0.00014
GET       0.080      0.00021
GET       0.081      0.00027
GET       0.083      0.00041
GET       0.086      0.00055
GET       0.087      0.00062
GET       0.088      0.00075
GET       0.089      0.00082
GET       0.090      0.00103
GET       0.091      0.00137
GET       0.092      0.00151
GET       0.093      0.00171
GET       0.094      0.00192
GET       0.095      0.00219
GET       0.096      0.00247
GET       0.097      0.00295
GET       0.098      0.00350
GET       0.099      0.00425
GET       0.100      0.00754
GET       0.110      0.01228
GET       0.120      0.01865
GET       0.130      0.02839
GET       0.140      0.04526
GET       0.150      0.06549
GET       0.160      0.07982
GET       0.170      0.09553
GET       0.180      0.11391
GET       0.190      0.14470
GET       0.200      0.17323
GET       0.210      0.19565
GET       0.220      0.21849
GET       0.230      0.24640
GET       0.240      0.28014
GET       0.250      0.31038
GET       0.260      0.33747
GET       0.270      0.36380
GET       0.280      0.39816
GET       0.290      0.43711
GET       0.300      0.48086
GET       0.310      0.52242
GET       0.320      0.56597
GET       0.330      0.61816
GET       0.340      0.68571
GET       0.350      0.76772
GET       0.360      0.85255
GET       0.370      0.96536
GET       0.380      1.13557
GET       0.390      1.41304
GET       0.400      1.80516
GET       0.410      2.37833
GET       0.420      3.22698
GET       0.430      4.55175
GET       0.440      6.59159
GET       0.450      9.18347
GET       0.460     12.23660
GET       0.470     15.70545
GET       0.480     19.70399
GET       0.490     24.10940
GET       0.500     27.99952
GET       0.510     31.19269
GET       0.520     33.82784
GET       0.530     36.03247
GET       0.540     37.89119
GET       0.550     39.33907
GET       0.560     40.46394
GET       0.570     41.39186
GET       0.580     42.20416
GET       0.590     42.94185
GET       0.600     43.57337
GET       0.610     44.11452
GET       0.620     44.58681
GET       0.630     45.03112
GET       0.640     45.42284
GET       0.650     45.76319
GET       0.660     46.05348
GET       0.670     46.30056
GET       0.680     46.51624
GET       0.690     46.71106
GET       0.700     46.88024
GET       0.710     47.03084
GET       0.720     47.17238
GET       0.730     47.30968
GET       0.740     47.44457
GET       0.750     47.57192
GET       0.760     47.70098
GET       0.770     47.82874
GET       0.780     47.97062
GET       0.790     48.11388
GET       0.800     48.27483
GET       0.810     48.44100
GET       0.820     48.62773
GET       0.830     48.84601
GET       0.840     49.09303
GET       0.850     49.37673
GET       0.860     49.70735
GET       0.870     50.10365
GET       0.880     50.57375
GET       0.890     51.13513
GET       0.900     51.78613
GET       0.910     52.53904
GET       0.920     53.40031
GET       0.930     54.38494
GET       0.940     55.44775
GET       0.950     56.58415
GET       0.960     57.72294
GET       0.970     58.86579
GET       0.980     59.96542
GET       0.990     60.99216
GET       1.000     65.17237
GET       1.100     68.73503
GET       1.200     70.39597
GET       1.300     71.23858
GET       1.400     71.70553
GET       1.500     72.04512
GET       1.600     72.33767
GET       1.700     72.65402
GET       1.800     73.02626
GET       1.900     73.43011
GET       2.000     73.80873
GET       2.100     74.13673
GET       2.200     74.42270
GET       2.300     74.69138
GET       2.400     74.93120
GET       2.500     75.14619
GET       2.600     75.36550
GET       2.700     75.57768
GET       2.800     75.78993
GET       2.900     76.00560
GET       3.000     76.19830
GET       3.100     76.39896
GET       3.200     76.60085
GET       3.300     76.79218
GET       3.400     76.98674
GET       3.500     77.17896
GET       3.600     77.36110
GET       3.700     77.54557
GET       3.800     77.72840
GET       3.900     77.92172
GET       4.000     78.11484
GET       4.100     78.28374
GET       4.200     78.46609
GET       4.300     78.65420
GET       4.400     78.83044
GET       4.500     79.01107
GET       4.600     79.18361
GET       4.700     79.35053
GET       4.800     79.50929
GET       4.900     79.69493
GET       5.000     79.89010
GET       5.100     80.08191
GET       5.200     80.26700
GET       5.300     80.43488
GET       5.400     80.58355
GET       5.500     80.73669
GET       5.600     80.88344
GET       5.700     81.03321
GET       5.800     81.17661
GET       5.900     81.32446
GET       6.000     81.46923
GET       6.100     81.61969
GET       6.200     81.77193
GET       6.300     81.91375
GET       6.400     82.06043
GET       6.500     82.20177
GET       6.600     82.33673
GET       6.700     82.47663
GET       6.800     82.61118
GET       6.900     82.75176
GET       7.000     82.88535
GET       7.100     83.02546
GET       7.200     83.16679
GET       7.300     83.30313
GET       7.400     83.44014
GET       7.500     83.56770
GET       7.600     83.69450
GET       7.700     83.81986
GET       7.800     83.95262
GET       7.900     84.09074
GET       8.000     84.21911
GET       8.100     84.34680
GET       8.200     84.47504
GET       8.300     84.60445
GET       8.400     84.72857
GET       8.500     84.88740
GET       8.600     85.03649
GET       8.700     85.17076
GET       8.800     85.30044
GET       8.900     85.44541
GET       9.000     85.61261
GET       9.100     85.77705
GET       9.200     85.92532
GET       9.300     86.05980
GET       9.400     86.18804
GET       9.500     86.31340
GET       9.600     86.43594
GET       9.700     86.55006
GET       9.800     86.66808
GET       9.900     86.78795
GET      10.000     87.39527
GET      11.000     88.46234
GET      12.000     89.47008
GET      13.000     90.56691
GET      14.000     91.42145
GET      15.000     92.16997
GET      16.000     92.87214
GET      17.000     93.63863
GET      18.000     94.25260
GET      19.000     94.74944
GET      20.000     95.24375
GET      21.000     95.77509
GET      22.000     96.17194
GET      23.000     96.51558
GET      24.000     96.81979
GET      25.000     97.14300
GET      26.000     97.40826
GET      27.000     97.63147
GET      28.000     97.82726
GET      29.000     98.03101
GET      30.000     98.19950
GET      31.000     98.36820
GET      32.000     98.50789
GET      33.000     98.63888
GET      34.000     98.74572
GET      35.000     98.84104
GET      36.000     98.93630
GET      37.000     99.03443
GET      38.000     99.11727
GET      39.000     99.18743
GET      40.000     99.25367
GET      41.000     99.31759
GET      42.000     99.37334
GET      43.000     99.42032
GET      44.000     99.46139
GET      45.000     99.50076
GET      46.000     99.53374
GET      47.000     99.57112
GET      48.000     99.60177
GET      49.000     99.63345
GET      50.000     99.66226
GET      51.000     99.69017
GET      52.000     99.71774
GET      53.000     99.74064
GET      54.000     99.76142
GET      55.000     99.78158
GET      56.000     99.79790
GET      57.000     99.81347
GET      58.000     99.82444
GET      59.000     99.83541
GET      60.000     99.84577
GET      61.000     99.85578
GET      62.000     99.86675
GET      63.000     99.87677
GET      64.000     99.88602
GET      65.000     99.89590
GET      66.000     99.90461
GET      67.000     99.91428
GET      68.000     99.92086
GET      69.000     99.92628
GET      70.000     99.93259
GET      71.000     99.93890
GET      72.000     99.94411
GET      73.000     99.94932
GET      74.000     99.95378
GET      75.000     99.95872
GET      76.000     99.96215
GET      77.000     99.96475
GET      78.000     99.96715
GET      79.000     99.96921
GET      80.000     99.97175
GET      81.000     99.97401
GET      82.000     99.97559
GET      83.000     99.97655
GET      84.000     99.97778
GET      85.000     99.97929
GET      86.000     99.98066
GET      87.000     99.98190
GET      88.000     99.98272
GET      89.000     99.98361
GET      90.000     99.98423
GET      91.000     99.98532
GET      92.000     99.98601
GET      93.000     99.98745
GET      94.000     99.98827
GET      95.000     99.98985
GET      96.000     99.99074
GET      97.000     99.99095
GET      98.000     99.99232
GET      99.000     99.99273
GET     100.000     99.99458
GET     110.000     99.99705
GET     120.000     99.99877
GET     130.000     99.99931
GET     140.000    100.00000
