[RUN #1] Preparing benchmark client...
[RUN #1] Launching threads now...
[RUN #1 5%,   0 secs]  8 threads:       65500 ops,       0 (avg:       0) ops/sec, 0.00KB/sec (avg: 0.00KB/sec),  0.00 (avg:  0.00) msec latency[RUN #1 10%,   1 secs]  8 threads:      144143 ops,   78628 (avg:   72101) ops/sec, 2.97MB/sec (avg: 2.72MB/sec),  4.03 (avg:  4.40) msec latency[RUN #1 15%,   2 secs]  8 threads:      224100 ops,   79940 (avg:   74715) ops/sec, 3.01MB/sec (avg: 2.82MB/sec),  4.02 (avg:  4.27) msec latency[RUN #1 20%,   3 secs]  8 threads:      303053 ops,   78934 (avg:   75770) ops/sec, 2.98MB/sec (avg: 2.86MB/sec),  4.05 (avg:  4.21) msec latency[RUN #1 25%,   4 secs]  8 threads:      383112 ops,   80040 (avg:   76624) ops/sec, 3.02MB/sec (avg: 2.89MB/sec),  4.01 (avg:  4.17) msec latency[RUN #1 30%,   6 secs]  8 threads:      463034 ops,   79908 (avg:   77172) ops/sec, 3.01MB/sec (avg: 2.91MB/sec),  3.99 (avg:  4.14) msec latency[RUN #1 35%,   7 secs]  8 threads:      542470 ops,   79425 (avg:   77494) ops/sec, 2.99MB/sec (avg: 2.92MB/sec),  4.03 (avg:  4.12) msec latency[RUN #1 40%,   8 secs]  8 threads:      623753 ops,   81271 (avg:   77966) ops/sec, 3.07MB/sec (avg: 2.94MB/sec),  3.83 (avg:  4.08) msec latency[RUN #1 45%,   9 secs]  8 threads:      703743 ops,   79978 (avg:   78189) ops/sec, 3.02MB/sec (avg: 2.95MB/sec),  4.09 (avg:  4.08) msec latency[RUN #1 50%,  10 secs]  8 threads:      784505 ops,   80751 (avg:   78446) ops/sec, 3.04MB/sec (avg: 2.96MB/sec),  3.96 (avg:  4.07) msec latency[RUN #1 55%,  11 secs]  8 threads:      865396 ops,   80880 (avg:   78667) ops/sec, 3.05MB/sec (avg: 2.97MB/sec),  3.95 (avg:  4.06) msec latency[RUN #1 60%,  12 secs]  8 threads:      946861 ops,   81453 (avg:   78899) ops/sec, 3.07MB/sec (avg: 2.98MB/sec),  3.92 (avg:  4.05) msec latency[RUN #1 65%,  13 secs]  8 threads:     1027926 ops,   81054 (avg:   79065) ops/sec, 3.06MB/sec (avg: 2.98MB/sec),  3.93 (avg:  4.04) msec latency[RUN #1 70%,  14 secs]  8 threads:     1108337 ops,   80400 (avg:   79160) ops/sec, 3.03MB/sec (avg: 2.99MB/sec),  3.99 (avg:  4.04) msec latency[RUN #1 75%,  15 secs]  8 threads:     1189223 ops,   80874 (avg:   79274) ops/sec, 3.05MB/sec (avg: 2.99MB/sec),  3.95 (avg:  4.03) msec latency[RUN #1 80%,  16 secs]  8 threads:     1270444 ops,   81206 (avg:   79395) ops/sec, 3.06MB/sec (avg: 2.99MB/sec),  3.94 (avg:  4.02) msec latency[RUN #1 85%,  17 secs]  8 threads:     1351025 ops,   80569 (avg:   79464) ops/sec, 3.04MB/sec (avg: 3.00MB/sec),  3.97 (avg:  4.02) msec latency[RUN #1 90%,  18 secs]  8 threads:     1430576 ops,   79540 (avg:   79468) ops/sec, 3.00MB/sec (avg: 3.00MB/sec),  4.02 (avg:  4.02) msec latency[RUN #1 95%,  19 secs]  8 threads:     1511536 ops,   80948 (avg:   79546) ops/sec, 3.05MB/sec (avg: 3.00MB/sec),  3.95 (avg:  4.02) msec latency[RUN #1 100%,  20 secs]  8 threads:     1601714 ops,   80948 (avg:   80080) ops/sec, 3.05MB/sec (avg: 3.02MB/sec),  3.95 (avg:  3.99) msec latency[RUN #1 100%,  20 secs]  0 threads:     1601864 ops,   80948 (avg:   80084) ops/sec, 3.05MB/sec (avg: 3.02MB/sec),  3.95 (avg:  3.99) msec latency

8         Threads
40        Connections per thread
20        Seconds
Type        Ops/sec     Hits/sec   Misses/sec      Latency       KB/sec
------------------------------------------------------------------------
Sets        7287.92          ---          ---      4.31000       540.22
Gets       72797.30      2804.27     69993.03      3.95900      2552.71
Totals     80085.23      2804.27     69993.03      3.99100      3092.93


Request Latency Distribution
Type     <= msec         Percent
------------------------------------------------------------------------
SET       1.000     71.29098
SET       2.000     74.15571
SET       3.000     76.31866
SET       4.000     78.28816
SET       5.000     80.01002
SET       6.000     81.57066
SET       7.000     82.95912
SET       8.000     84.34347
SET       9.000     85.71135
SET      10.000     86.83707
SET      11.000     87.95730
SET      12.000     89.08234
SET      13.000     90.15867
SET      14.000     91.00794
SET      15.000     91.79615
SET      16.000     92.54389
SET      17.000     93.25938
SET      18.000     93.83151
SET      19.000     94.37756
SET      20.000     94.94762
SET      21.000     95.45869
SET      22.000     95.82913
SET      23.000     96.19408
SET      24.000     96.52542
SET      25.000     96.85744
SET      26.000     97.11949
SET      27.000     97.31638
SET      28.000     97.53246
SET      29.000     97.75130
SET      30.000     97.93515
SET      31.000     98.10184
SET      32.000     98.25208
SET      33.000     98.37075
SET      34.000     98.47297
SET      35.000     98.56969
SET      36.000     98.66848
SET      37.000     98.76520
SET      38.000     98.84547
SET      39.000     98.92778
SET      40.000     98.99227
SET      41.000     99.04921
SET      42.000     99.10203
SET      43.000     99.14113
SET      44.000     99.17955
SET      45.000     99.22619
SET      46.000     99.26735
SET      47.000     99.30783
SET      48.000     99.34144
SET      49.000     99.37231
SET      50.000     99.40044
SET      51.000     99.43817
SET      52.000     99.47110
SET      53.000     99.49373
SET      54.000     99.51569
SET      55.000     99.53421
SET      56.000     99.54793
SET      57.000     99.56165
SET      58.000     99.57057
SET      59.000     99.58086
SET      60.000     99.59115
SET      61.000     99.60075
SET      62.000     99.61173
SET      63.000     99.61927
SET      64.000     99.63025
SET      65.000     99.64191
SET      66.000     99.65151
SET      67.000     99.66317
SET      68.000     99.67003
SET      69.000     99.67827
SET      70.000     99.68375
SET      71.000     99.68993
SET      72.000     99.69542
SET      73.000     99.70159
SET      74.000     99.70776
SET      75.000     99.71531
SET      76.000     99.72629
SET      77.000     99.73040
SET      78.000     99.73726
SET      79.000     99.74001
SET      80.000     99.74206
SET      81.000     99.74481
SET      82.000     99.74755
SET      83.000     99.74961
SET      84.000     99.75304
SET      86.000     99.75510
SET      87.000     99.75716
SET      88.000     99.75784
SET      89.000     99.76059
SET      90.000     99.76127
SET      92.000     99.76264
SET      93.000     99.76402
SET      94.000     99.76470
SET      95.000     99.76676
SET      96.000     99.76813
SET      97.000     99.76882
SET      98.000     99.77019
SET      99.000     99.77088
SET     100.000     99.77362
SET     110.000     99.77911
SET     120.000     99.79077
SET     130.000     99.80037
SET     140.000     99.80449
SET     150.000     99.81478
SET     160.000     99.82164
SET     170.000     99.86486
SET     180.000     99.87721
SET     190.000     99.89093
SET     200.000     99.90876
SET     210.000     99.93140
SET     220.000     99.94100
SET     230.000     99.95267
SET     240.000     99.95610
SET     250.000     99.96090
SET     260.000     99.96433
SET     270.000     99.97187
SET     280.000     99.98079
SET     290.000     99.98422
SET     300.000     99.98697
SET     310.000     99.99931
SET     320.000    100.00000
---
GET       0.080      0.00014
GET       0.082      0.00021
GET       0.085      0.00034
GET       0.086      0.00055
GET       0.087      0.00069
GET       0.088      0.00076
GET       0.089      0.00096
GET       0.090      0.00103
GET       0.091      0.00137
GET       0.092      0.00192
GET       0.093      0.00220
GET       0.094      0.00275
GET       0.095      0.00295
GET       0.096      0.00309
GET       0.097      0.00316
GET       0.098      0.00350
GET       0.099      0.00412
GET       0.100      0.00646
GET       0.110      0.01202
GET       0.120      0.01628
GET       0.130      0.02541
GET       0.140      0.04073
GET       0.150      0.05879
GET       0.160      0.07273
GET       0.170      0.08591
GET       0.180      0.10370
GET       0.190      0.13316
GET       0.200      0.16352
GET       0.210      0.18550
GET       0.220      0.20459
GET       0.230      0.22567
GET       0.240      0.25699
GET       0.250      0.28528
GET       0.260      0.30657
GET       0.270      0.33102
GET       0.280      0.35980
GET       0.290      0.39510
GET       0.300      0.43280
GET       0.310      0.46803
GET       0.320      0.50505
GET       0.330      0.54791
GET       0.340      0.60676
GET       0.350      0.67152
GET       0.360      0.75119
GET       0.370      0.85290
GET       0.380      1.00523
GET       0.390      1.26235
GET       0.400      1.64317
GET       0.410      2.19389
GET       0.420      3.03772
GET       0.430      4.33352
GET       0.440      6.34706
GET       0.450      8.91799
GET       0.460     11.98469
GET       0.470     15.47204
GET       0.480     19.46472
GET       0.490     23.85744
GET       0.500     27.76083
GET       0.510     31.03426
GET       0.520     33.68862
GET       0.530     35.92193
GET       0.540     37.80746
GET       0.550     39.27124
GET       0.560     40.41980
GET       0.570     41.36301
GET       0.580     42.19640
GET       0.590     42.90741
GET       0.600     43.55037
GET       0.610     44.10253
GET       0.620     44.58691
GET       0.630     45.02198
GET       0.640     45.40980
GET       0.650     45.74254
GET       0.660     46.03510
GET       0.670     46.27712
GET       0.680     46.49304
GET       0.690     46.68115
GET       0.700     46.85078
GET       0.710     47.00036
GET       0.720     47.14616
GET       0.730     47.27630
GET       0.740     47.40466
GET       0.750     47.53776
GET       0.760     47.66893
GET       0.770     47.80251
GET       0.780     47.94453
GET       0.790     48.09329
GET       0.800     48.25076
GET       0.810     48.42699
GET       0.820     48.61949
GET       0.830     48.83939
GET       0.840     49.08951
GET       0.850     49.37418
GET       0.860     49.70733
GET       0.870     50.09996
GET       0.880     50.58544
GET       0.890     51.13870
GET       0.900     51.79532
GET       0.910     52.55200
GET       0.920     53.43533
GET       0.930     54.42153
GET       0.940     55.49063
GET       0.950     56.60882
GET       0.960     57.73568
GET       0.970     58.85793
GET       0.980     59.95951
GET       0.990     60.97304
GET       1.000     65.13817
GET       1.100     68.66281
GET       1.200     70.29849
GET       1.300     71.14761
GET       1.400     71.60164
GET       1.500     71.94056
GET       1.600     72.22200
GET       1.700     72.53688
GET       1.800     72.90870
GET       1.900     73.30545
GET       2.000     73.68502
GET       2.100     74.00739
GET       2.200     74.28966
GET       2.300     74.55880
GET       2.400     74.79766
GET       2.500     75.01420
GET       2.600     75.22840
GET       2.700     75.43045
GET       2.800     75.64335
GET       2.900     75.85796
GET       3.000     76.05170
GET       3.100     76.25588
GET       3.200     76.45800
GET       3.300     76.66011
GET       3.400     76.86305
GET       3.500     77.04951
GET       3.600     77.23844
GET       3.700     77.42916
GET       3.800     77.61733
GET       3.900     77.80743
GET       4.000     77.99664
GET       4.100     78.17423
GET       4.200     78.34758
GET       4.300     78.52538
GET       4.400     78.71060
GET       4.500     78.89418
GET       4.600     79.06841
GET       4.700     79.23509
GET       4.800     79.39559
GET       4.900     79.56742
GET       5.000     79.75964
GET       5.100     79.95386
GET       5.200     80.13991
GET       5.300     80.30652
GET       5.400     80.45740
GET       5.500     80.61433
GET       5.600     80.76109
GET       5.700     80.90648
GET       5.800     81.05091
GET       5.900     81.20310
GET       6.000     81.35075
GET       6.100     81.51063
GET       6.200     81.66735
GET       6.300     81.81844
GET       6.400     81.96541
GET       6.500     82.10483
GET       6.600     82.24040
GET       6.700     82.37988
GET       6.800     82.52149
GET       6.900     82.66194
GET       7.000     82.79702
GET       7.100     82.93410
GET       7.200     83.07819
GET       7.300     83.21410
GET       7.400     83.34774
GET       7.500     83.48359
GET       7.600     83.61332
GET       7.700     83.74236
GET       7.800     83.87766
GET       7.900     84.01034
GET       8.000     84.14254
GET       8.100     84.27056
GET       8.200     84.40262
GET       8.300     84.53400
GET       8.400     84.66243
GET       8.500     84.82595
GET       8.600     84.97182
GET       8.700     85.10649
GET       8.800     85.23753
GET       8.900     85.38292
GET       9.000     85.54273
GET       9.100     85.70632
GET       9.200     85.86283
GET       9.300     85.99277
GET       9.400     86.12649
GET       9.500     86.24873
GET       9.600     86.37640
GET       9.700     86.49013
GET       9.800     86.60949
GET       9.900     86.73112
GET      10.000     87.33843
GET      11.000     88.41460
GET      12.000     89.43219
GET      13.000     90.54036
GET      14.000     91.39278
GET      15.000     92.14589
GET      16.000     92.84475
GET      17.000     93.60631
GET      18.000     94.21142
GET      19.000     94.72052
GET      20.000     95.21719
GET      21.000     95.75521
GET      22.000     96.16164
GET      23.000     96.51231
GET      24.000     96.81345
GET      25.000     97.14475
GET      26.000     97.41342
GET      27.000     97.63449
GET      28.000     97.82658
GET      29.000     98.03522
GET      30.000     98.20547
GET      31.000     98.37373
GET      32.000     98.51589
GET      33.000     98.64686
GET      34.000     98.75076
GET      35.000     98.84781
GET      36.000     98.93812
GET      37.000     99.03399
GET      38.000     99.11544
GET      39.000     99.18899
GET      40.000     99.24970
GET      41.000     99.31440
GET      42.000     99.37071
GET      43.000     99.41645
GET      44.000     99.45656
GET      45.000     99.49495
GET      46.000     99.52839
GET      47.000     99.56960
GET      48.000     99.60202
GET      49.000     99.63375
GET      50.000     99.66135
GET      51.000     99.68841
GET      52.000     99.71904
GET      53.000     99.74184
GET      54.000     99.76142
GET      55.000     99.77941
GET      56.000     99.79424
GET      57.000     99.81066
GET      58.000     99.82247
GET      59.000     99.83215
GET      60.000     99.84431
GET      61.000     99.85516
GET      62.000     99.86642
GET      63.000     99.87659
GET      64.000     99.88606
GET      65.000     99.89499
GET      66.000     99.90330
GET      67.000     99.91216
GET      68.000     99.91882
GET      69.000     99.92377
GET      70.000     99.92823
GET      71.000     99.93586
GET      72.000     99.94211
GET      73.000     99.94698
GET      74.000     99.95014
GET      75.000     99.95357
GET      76.000     99.95708
GET      77.000     99.96058
GET      78.000     99.96360
GET      79.000     99.96628
GET      80.000     99.96971
GET      81.000     99.97232
GET      82.000     99.97459
GET      83.000     99.97541
GET      84.000     99.97720
GET      85.000     99.97905
GET      86.000     99.98036
GET      87.000     99.98166
GET      88.000     99.98235
GET      89.000     99.98290
GET      90.000     99.98427
GET      91.000     99.98510
GET      92.000     99.98578
GET      93.000     99.98702
GET      94.000     99.98757
GET      95.000     99.98901
GET      96.000     99.99032
GET      97.000     99.99093
GET      98.000     99.99162
GET      99.000     99.99251
GET     100.000     99.99409
GET     110.000     99.99691
GET     120.000     99.99863
GET     130.000     99.99966
GET     140.000    100.00000
