[RUN #1] Preparing benchmark client...
[RUN #1] Launching threads now...
[RUN #1 5%,   0 secs]  8 threads:       66585 ops,       0 (avg:       0) ops/sec, 0.00KB/sec (avg: 0.00KB/sec),  0.00 (avg:  0.00) msec latency[RUN #1 10%,   1 secs]  8 threads:      148182 ops,   81584 (avg:   74105) ops/sec, 3.08MB/sec (avg: 2.80MB/sec),  3.93 (avg:  4.30) msec latency[RUN #1 15%,   2 secs]  8 threads:      230540 ops,   82344 (avg:   76852) ops/sec, 3.11MB/sec (avg: 2.90MB/sec),  3.87 (avg:  4.15) msec latency[RUN #1 20%,   3 secs]  8 threads:      313520 ops,   82964 (avg:   78380) ops/sec, 3.13MB/sec (avg: 2.96MB/sec),  3.85 (avg:  4.07) msec latency[RUN #1 25%,   5 secs]  8 threads:      396351 ops,   82819 (avg:   79268) ops/sec, 3.12MB/sec (avg: 2.99MB/sec),  3.87 (avg:  4.03) msec latency[RUN #1 30%,   6 secs]  8 threads:      479335 ops,   82972 (avg:   79885) ops/sec, 3.13MB/sec (avg: 3.01MB/sec),  3.84 (avg:  3.99) msec latency[RUN #1 35%,   7 secs]  8 threads:      562114 ops,   82767 (avg:   80297) ops/sec, 3.12MB/sec (avg: 3.03MB/sec),  3.87 (avg:  3.98) msec latency[RUN #1 40%,   8 secs]  8 threads:      645357 ops,   83231 (avg:   80664) ops/sec, 3.14MB/sec (avg: 3.04MB/sec),  3.84 (avg:  3.96) msec latency[RUN #1 45%,   9 secs]  8 threads:      726972 ops,   81603 (avg:   80768) ops/sec, 3.08MB/sec (avg: 3.05MB/sec),  3.92 (avg:  3.95) msec latency[RUN #1 50%,  10 secs]  8 threads:      810025 ops,   83041 (avg:   80996) ops/sec, 3.13MB/sec (avg: 3.06MB/sec),  3.83 (avg:  3.94) msec latency[RUN #1 55%,  11 secs]  8 threads:      893273 ops,   83235 (avg:   81199) ops/sec, 3.14MB/sec (avg: 3.06MB/sec),  3.86 (avg:  3.93) msec latency[RUN #1 60%,  12 secs]  8 threads:      976902 ops,   83612 (avg:   81400) ops/sec, 3.15MB/sec (avg: 3.07MB/sec),  3.81 (avg:  3.92) msec latency[RUN #1 65%,  13 secs]  8 threads:     1057305 ops,   80392 (avg:   81323) ops/sec, 3.03MB/sec (avg: 3.07MB/sec),  3.98 (avg:  3.93) msec latency[RUN #1 70%,  14 secs]  8 threads:     1139375 ops,   82058 (avg:   81375) ops/sec, 3.09MB/sec (avg: 3.07MB/sec),  3.90 (avg:  3.93) msec latency[RUN #1 75%,  15 secs]  8 threads:     1220209 ops,   80822 (avg:   81338) ops/sec, 3.05MB/sec (avg: 3.07MB/sec),  3.96 (avg:  3.93) msec latency[RUN #1 80%,  16 secs]  8 threads:     1302611 ops,   82389 (avg:   81404) ops/sec, 3.11MB/sec (avg: 3.07MB/sec),  3.86 (avg:  3.92) msec latency[RUN #1 85%,  17 secs]  8 threads:     1384048 ops,   81422 (avg:   81405) ops/sec, 3.07MB/sec (avg: 3.07MB/sec),  3.95 (avg:  3.93) msec latency[RUN #1 90%,  18 secs]  8 threads:     1465804 ops,   81739 (avg:   81424) ops/sec, 3.08MB/sec (avg: 3.07MB/sec),  3.89 (avg:  3.92) msec latency[RUN #1 95%,  19 secs]  8 threads:     1548272 ops,   82449 (avg:   81478) ops/sec, 3.11MB/sec (avg: 3.07MB/sec),  3.90 (avg:  3.92) msec latency[RUN #1 100%,  20 secs]  8 threads:     1634802 ops,   82449 (avg:   81732) ops/sec, 3.11MB/sec (avg: 3.08MB/sec),  3.90 (avg:  3.91) msec latency[RUN #1 100%,  20 secs]  0 threads:     1634972 ops,   82449 (avg:   81709) ops/sec, 3.11MB/sec (avg: 3.08MB/sec),  3.90 (avg:  3.91) msec latency

8         Threads
40        Connections per thread
20        Seconds
Type        Ops/sec     Hits/sec   Misses/sec      Latency       KB/sec
------------------------------------------------------------------------
Sets        7435.97          ---          ---      4.09900       551.20
Gets       74284.87      2715.98     71568.89      3.89300      2604.86
Totals     81720.84      2715.98     71568.89      3.91200      3156.06


Request Latency Distribution
Type     <= msec         Percent
------------------------------------------------------------------------
SET       1.000     71.20320
SET       2.000     74.04853
SET       3.000     76.33528
SET       4.000     78.46609
SET       5.000     80.46313
SET       6.000     82.14559
SET       7.000     83.71446
SET       8.000     85.29005
SET       9.000     86.73993
SET      10.000     87.97943
SET      11.000     89.01459
SET      12.000     90.10755
SET      13.000     91.23546
SET      14.000     92.07165
SET      15.000     92.78685
SET      16.000     93.51482
SET      17.000     94.19439
SET      18.000     94.76575
SET      19.000     95.24232
SET      20.000     95.70680
SET      21.000     96.13497
SET      22.000     96.49929
SET      23.000     96.80379
SET      24.000     97.11971
SET      25.000     97.42152
SET      26.000     97.64200
SET      27.000     97.84768
SET      28.000     98.04598
SET      29.000     98.20394
SET      30.000     98.36325
SET      31.000     98.50104
SET      32.000     98.61330
SET      33.000     98.72353
SET      34.000     98.83377
SET      35.000     98.90905
SET      36.000     98.99173
SET      37.000     99.07307
SET      38.000     99.14432
SET      39.000     99.20280
SET      40.000     99.25523
SET      41.000     99.30362
SET      42.000     99.35404
SET      43.000     99.40378
SET      44.000     99.45083
SET      45.000     99.47839
SET      46.000     99.52006
SET      47.000     99.55367
SET      48.000     99.58056
SET      49.000     99.61148
SET      50.000     99.63097
SET      51.000     99.64711
SET      52.000     99.66593
SET      53.000     99.69013
SET      54.000     99.71365
SET      55.000     99.73247
SET      56.000     99.74188
SET      57.000     99.75129
SET      58.000     99.77011
SET      59.000     99.78423
SET      60.000     99.79767
SET      61.000     99.80641
SET      62.000     99.81717
SET      63.000     99.83263
SET      64.000     99.84338
SET      65.000     99.85212
SET      66.000     99.86355
SET      67.000     99.87161
SET      68.000     99.87565
SET      69.000     99.88371
SET      70.000     99.88775
SET      71.000     99.89648
SET      72.000     99.89985
SET      73.000     99.90590
SET      74.000     99.90791
SET      75.000     99.91127
SET      76.000     99.91665
SET      77.000     99.92270
SET      78.000     99.92808
SET      79.000     99.93077
SET      80.000     99.93480
SET      81.000     99.94152
SET      82.000     99.94286
SET      83.000     99.94555
SET      84.000     99.94757
SET      85.000     99.94891
SET      86.000     99.95295
SET      88.000     99.95496
SET      91.000     99.95564
SET      92.000     99.95765
SET      93.000     99.95900
SET      94.000     99.95967
SET      95.000     99.96101
SET      96.000     99.96236
SET      97.000     99.96303
SET     100.000     99.96774
SET     110.000     99.97379
SET     120.000     99.98185
SET     130.000     99.99328
SET     140.000     99.99866
SET     150.000     99.99933
SET     170.000    100.00000
---
GET       0.150      0.00007
GET       0.160      0.00013
GET       0.170      0.00034
GET       0.180      0.00040
GET       0.190      0.00067
GET       0.200      0.00114
GET       0.210      0.00182
GET       0.220      0.00269
GET       0.230      0.00343
GET       0.240      0.00538
GET       0.250      0.00774
GET       0.260      0.01050
GET       0.270      0.01393
GET       0.280      0.02072
GET       0.290      0.03122
GET       0.300      0.04448
GET       0.310      0.06110
GET       0.320      0.07987
GET       0.330      0.10436
GET       0.340      0.14487
GET       0.350      0.18066
GET       0.360      0.21296
GET       0.370      0.24465
GET       0.380      0.28246
GET       0.390      0.32385
GET       0.400      0.36025
GET       0.410      0.39719
GET       0.420      0.43904
GET       0.430      0.49388
GET       0.440      0.56634
GET       0.450      0.67124
GET       0.460      0.81745
GET       0.470      1.03546
GET       0.480      1.38777
GET       0.490      1.94866
GET       0.500      2.76503
GET       0.510      3.86650
GET       0.520      5.39839
GET       0.530      7.53915
GET       0.540     10.39852
GET       0.550     13.71388
GET       0.560     17.30512
GET       0.570     21.13037
GET       0.580     25.11751
GET       0.590     29.02365
GET       0.600     32.44424
GET       0.610     35.22704
GET       0.620     37.50627
GET       0.630     39.36430
GET       0.640     40.91651
GET       0.650     42.13781
GET       0.660     43.15524
GET       0.670     43.99785
GET       0.680     44.74708
GET       0.690     45.40749
GET       0.700     45.99240
GET       0.710     46.51992
GET       0.720     46.98460
GET       0.730     47.41105
GET       0.740     47.80023
GET       0.750     48.13572
GET       0.760     48.42895
GET       0.770     48.68706
GET       0.780     48.91314
GET       0.790     49.10658
GET       0.800     49.28240
GET       0.810     49.43312
GET       0.820     49.56500
GET       0.830     49.68705
GET       0.840     49.80083
GET       0.850     49.90567
GET       0.860     50.00579
GET       0.870     50.10746
GET       0.880     50.20199
GET       0.890     50.29666
GET       0.900     50.38225
GET       0.910     50.47443
GET       0.920     50.56991
GET       0.930     50.66761
GET       0.940     50.77843
GET       0.950     50.89725
GET       0.960     51.02570
GET       0.970     51.16841
GET       0.980     51.32768
GET       0.990     51.50767
GET       1.000     53.09036
GET       1.100     60.48350
GET       1.200     67.09498
GET       1.300     69.80653
GET       1.400     71.05346
GET       1.500     71.68770
GET       1.600     72.06786
GET       1.700     72.36062
GET       1.800     72.58428
GET       1.900     72.81265
GET       2.000     73.06053
GET       2.100     73.37206
GET       2.200     73.72221
GET       2.300     74.08441
GET       2.400     74.41620
GET       2.500     74.70108
GET       2.600     74.95004
GET       2.700     75.15741
GET       2.800     75.37448
GET       2.900     75.57142
GET       3.000     75.77685
GET       3.100     75.98146
GET       3.200     76.18857
GET       3.300     76.37300
GET       3.400     76.58205
GET       3.500     76.78337
GET       3.600     76.97911
GET       3.700     77.18769
GET       3.800     77.39096
GET       3.900     77.59659
GET       4.000     77.79938
GET       4.100     78.00198
GET       4.200     78.19650
GET       4.300     78.38659
GET       4.400     78.57546
GET       4.500     78.77624
GET       4.600     78.98711
GET       4.700     79.17827
GET       4.800     79.36599
GET       4.900     79.54067
GET       5.000     79.72846
GET       5.100     79.94418
GET       5.200     80.17295
GET       5.300     80.38766
GET       5.400     80.58750
GET       5.500     80.75726
GET       5.600     80.92379
GET       5.700     81.09402
GET       5.800     81.27321
GET       5.900     81.42379
GET       6.000     81.57323
GET       6.100     81.72644
GET       6.200     81.88537
GET       6.300     82.04807
GET       6.400     82.21399
GET       6.500     82.37703
GET       6.600     82.53777
GET       6.700     82.70168
GET       6.800     82.86215
GET       6.900     83.01866
GET       7.000     83.17281
GET       7.100     83.32313
GET       7.200     83.46806
GET       7.300     83.62302
GET       7.400     83.77959
GET       7.500     83.92803
GET       7.600     84.06172
GET       7.700     84.20302
GET       7.800     84.35085
GET       7.900     84.48865
GET       8.000     84.62733
GET       8.100     84.76876
GET       8.200     84.90151
GET       8.300     85.04900
GET       8.400     85.18142
GET       8.500     85.32158
GET       8.600     85.49147
GET       8.700     85.64448
GET       8.800     85.79621
GET       8.900     85.93603
GET       9.000     86.07302
GET       9.100     86.21957
GET       9.200     86.38267
GET       9.300     86.55324
GET       9.400     86.69589
GET       9.500     86.83389
GET       9.600     86.96711
GET       9.700     87.09536
GET       9.800     87.21782
GET       9.900     87.33483
GET      10.000     87.95911
GET      11.000     89.11413
GET      12.000     90.10935
GET      13.000     91.28550
GET      14.000     92.17455
GET      15.000     92.89087
GET      16.000     93.52766
GET      17.000     94.22407
GET      18.000     94.81416
GET      19.000     95.31221
GET      20.000     95.73180
GET      21.000     96.21714
GET      22.000     96.59252
GET      23.000     96.91112
GET      24.000     97.19332
GET      25.000     97.50518
GET      26.000     97.75024
GET      27.000     97.95297
GET      28.000     98.12441
GET      29.000     98.30891
GET      30.000     98.45438
GET      31.000     98.58566
GET      32.000     98.70280
GET      33.000     98.81322
GET      34.000     98.91219
GET      35.000     98.99933
GET      36.000     99.06776
GET      37.000     99.15032
GET      38.000     99.22056
GET      39.000     99.27856
GET      40.000     99.32721
GET      41.000     99.37768
GET      42.000     99.42289
GET      43.000     99.47484
GET      44.000     99.51157
GET      45.000     99.54885
GET      46.000     99.57960
GET      47.000     99.60840
GET      48.000     99.63794
GET      49.000     99.66344
GET      50.000     99.68517
GET      51.000     99.70711
GET      52.000     99.72702
GET      53.000     99.74445
GET      54.000     99.76046
GET      55.000     99.77816
GET      56.000     99.79249
GET      57.000     99.80460
GET      58.000     99.81611
GET      59.000     99.82936
GET      60.000     99.84013
GET      61.000     99.84982
GET      62.000     99.85897
GET      63.000     99.87068
GET      64.000     99.87808
GET      65.000     99.88689
GET      66.000     99.89470
GET      67.000     99.90190
GET      68.000     99.90903
GET      69.000     99.91482
GET      70.000     99.92168
GET      71.000     99.92720
GET      72.000     99.93211
GET      73.000     99.93689
GET      74.000     99.93978
GET      75.000     99.94234
GET      76.000     99.94644
GET      77.000     99.95364
GET      78.000     99.95808
GET      79.000     99.96124
GET      80.000     99.96380
GET      81.000     99.96683
GET      82.000     99.96939
GET      83.000     99.97093
GET      84.000     99.97261
GET      85.000     99.97490
GET      86.000     99.97739
GET      87.000     99.97968
GET      88.000     99.98163
GET      89.000     99.98277
GET      90.000     99.98358
GET      91.000     99.98459
GET      92.000     99.98560
GET      93.000     99.98681
GET      94.000     99.98735
GET      95.000     99.98782
GET      96.000     99.98856
GET      97.000     99.98910
GET      98.000     99.98991
GET      99.000     99.99045
GET     100.000     99.99354
GET     110.000     99.99529
GET     120.000     99.99859
GET     130.000     99.99906
GET     140.000     99.99953
GET     150.000     99.99960
GET     170.000    100.00000
