[RUN #1] Preparing benchmark client...
[RUN #1] Launching threads now...
[RUN #1 5%,   0 secs]  8 threads:       63023 ops,       0 (avg:       0) ops/sec, 0.00KB/sec (avg: 0.00KB/sec),  0.00 (avg:  0.00) msec latency[RUN #1 10%,   1 secs]  8 threads:      141977 ops,   78940 (avg:   70997) ops/sec, 2.98MB/sec (avg: 2.68MB/sec),  4.05 (avg:  4.49) msec latency[RUN #1 15%,   2 secs]  8 threads:      222690 ops,   80701 (avg:   74232) ops/sec, 3.04MB/sec (avg: 2.80MB/sec),  3.94 (avg:  4.29) msec latency[RUN #1 20%,   4 secs]  8 threads:      303471 ops,   80770 (avg:   75867) ops/sec, 3.05MB/sec (avg: 2.86MB/sec),  3.96 (avg:  4.21) msec latency[RUN #1 25%,   5 secs]  8 threads:      384326 ops,   80843 (avg:   76862) ops/sec, 3.05MB/sec (avg: 2.90MB/sec),  3.95 (avg:  4.15) msec latency[RUN #1 30%,   6 secs]  8 threads:      465276 ops,   80939 (avg:   77542) ops/sec, 3.05MB/sec (avg: 2.93MB/sec),  3.95 (avg:  4.12) msec latency[RUN #1 35%,   7 secs]  8 threads:      546824 ops,   81536 (avg:   78112) ops/sec, 3.07MB/sec (avg: 2.95MB/sec),  3.91 (avg:  4.09) msec latency[RUN #1 40%,   8 secs]  8 threads:      626961 ops,   80126 (avg:   78364) ops/sec, 3.02MB/sec (avg: 2.96MB/sec),  4.01 (avg:  4.08) msec latency[RUN #1 45%,   9 secs]  8 threads:      706385 ops,   79412 (avg:   78481) ops/sec, 2.99MB/sec (avg: 2.96MB/sec),  4.02 (avg:  4.07) msec latency[RUN #1 50%,  10 secs]  8 threads:      786923 ops,   80526 (avg:   78685) ops/sec, 3.04MB/sec (avg: 2.97MB/sec),  3.95 (avg:  4.06) msec latency[RUN #1 55%,  11 secs]  8 threads:      868568 ops,   81630 (avg:   78953) ops/sec, 3.08MB/sec (avg: 2.98MB/sec),  3.94 (avg:  4.05) msec latency[RUN #1 60%,  12 secs]  8 threads:      950832 ops,   82249 (avg:   79227) ops/sec, 3.10MB/sec (avg: 2.99MB/sec),  3.89 (avg:  4.03) msec latency[RUN #1 65%,  13 secs]  8 threads:     1030873 ops,   80026 (avg:   79289) ops/sec, 3.02MB/sec (avg: 2.99MB/sec),  4.00 (avg:  4.03) msec latency[RUN #1 70%,  14 secs]  8 threads:     1112573 ops,   81686 (avg:   79460) ops/sec, 3.08MB/sec (avg: 3.00MB/sec),  3.91 (avg:  4.02) msec latency[RUN #1 75%,  15 secs]  8 threads:     1193862 ops,   81277 (avg:   79581) ops/sec, 3.06MB/sec (avg: 3.00MB/sec),  3.94 (avg:  4.02) msec latency[RUN #1 80%,  16 secs]  8 threads:     1276039 ops,   82165 (avg:   79743) ops/sec, 3.10MB/sec (avg: 3.01MB/sec),  3.90 (avg:  4.01) msec latency[RUN #1 85%,  17 secs]  8 threads:     1357183 ops,   81132 (avg:   79825) ops/sec, 3.06MB/sec (avg: 3.01MB/sec),  3.92 (avg:  4.00) msec latency[RUN #1 90%,  18 secs]  8 threads:     1439549 ops,   82352 (avg:   79965) ops/sec, 3.11MB/sec (avg: 3.02MB/sec),  3.89 (avg:  4.00) msec latency[RUN #1 95%,  19 secs]  8 threads:     1521522 ops,   81959 (avg:   80070) ops/sec, 3.09MB/sec (avg: 3.02MB/sec),  3.91 (avg:  3.99) msec latency[RUN #1 100%,  20 secs]  8 threads:     1611906 ops,   81959 (avg:   80591) ops/sec, 3.09MB/sec (avg: 3.04MB/sec),  3.91 (avg:  3.96) msec latency[RUN #1 100%,  20 secs]  0 threads:     1612005 ops,   81959 (avg:   80591) ops/sec, 3.09MB/sec (avg: 3.04MB/sec),  3.91 (avg:  3.97) msec latency

8         Threads
40        Connections per thread
20        Seconds
Type        Ops/sec     Hits/sec   Misses/sec      Latency       KB/sec
------------------------------------------------------------------------
Sets        7333.94          ---          ---      4.24500       543.63
Gets       73259.56      2689.22     70570.34      3.93800      2568.91
Totals     80593.50      2689.22     70570.34      3.96600      3112.54


Request Latency Distribution
Type     <= msec         Percent
------------------------------------------------------------------------
SET       1.000     71.44746
SET       2.000     74.38561
SET       3.000     76.57184
SET       4.000     78.51334
SET       5.000     80.43506
SET       6.000     82.11956
SET       7.000     83.67453
SET       8.000     85.12860
SET       9.000     86.59222
SET      10.000     87.73817
SET      11.000     88.81663
SET      12.000     89.89031
SET      13.000     91.05807
SET      14.000     91.85294
SET      15.000     92.60009
SET      16.000     93.33497
SET      17.000     94.05485
SET      18.000     94.62953
SET      19.000     95.09309
SET      20.000     95.57437
SET      21.000     96.05225
SET      22.000     96.40946
SET      23.000     96.73736
SET      24.000     97.02913
SET      25.000     97.34067
SET      26.000     97.58608
SET      27.000     97.76333
SET      28.000     97.95216
SET      29.000     98.13826
SET      30.000     98.29165
SET      31.000     98.41026
SET      32.000     98.50775
SET      33.000     98.62705
SET      34.000     98.72794
SET      35.000     98.80770
SET      36.000     98.88541
SET      37.000     98.97199
SET      38.000     99.04493
SET      39.000     99.10288
SET      40.000     99.16764
SET      41.000     99.22286
SET      42.000     99.27398
SET      43.000     99.32443
SET      44.000     99.36397
SET      45.000     99.39396
SET      46.000     99.42805
SET      47.000     99.45941
SET      48.000     99.48872
SET      49.000     99.51735
SET      50.000     99.54462
SET      51.000     99.56575
SET      52.000     99.57939
SET      53.000     99.59439
SET      54.000     99.61347
SET      55.000     99.62234
SET      56.000     99.63529
SET      57.000     99.64551
SET      58.000     99.65778
SET      59.000     99.66869
SET      60.000     99.67755
SET      61.000     99.69391
SET      62.000     99.70005
SET      63.000     99.70755
SET      64.000     99.71505
SET      65.000     99.72255
SET      66.000     99.72800
SET      67.000     99.73550
SET      68.000     99.74163
SET      69.000     99.74572
SET      70.000     99.75390
SET      71.000     99.76140
SET      72.000     99.76686
SET      73.000     99.77027
SET      74.000     99.77367
SET      75.000     99.77640
SET      76.000     99.77845
SET      77.000     99.78254
SET      78.000     99.78867
SET      79.000     99.79413
SET      80.000     99.79753
SET      81.000     99.80094
SET      82.000     99.80503
SET      83.000     99.80640
SET      84.000     99.80980
SET      85.000     99.81049
SET      86.000     99.81389
SET      87.000     99.81594
SET      88.000     99.81730
SET      89.000     99.81798
SET      90.000     99.82003
SET      91.000     99.82412
SET      92.000     99.82548
SET      93.000     99.82685
SET      94.000     99.82957
SET      95.000     99.83298
SET      96.000     99.83366
SET      97.000     99.83639
SET      98.000     99.83775
SET      99.000     99.83980
SET     100.000     99.84525
SET     110.000     99.85752
SET     120.000     99.86775
SET     130.000     99.86911
SET     140.000     99.87184
SET     150.000     99.87797
SET     160.000     99.89570
SET     170.000     99.90388
SET     180.000     99.90524
SET     190.000     99.91411
SET     200.000     99.91683
SET     210.000     99.92774
SET     220.000     99.94137
SET     230.000     99.94751
SET     240.000     99.96932
SET     250.000     99.97887
SET     260.000     99.98432
SET     270.000     99.98841
SET     280.000     99.99114
SET     290.000     99.99386
SET     300.000     99.99727
SET     310.000     99.99932
SET     320.000    100.00000
---
GET       0.081      0.00007
GET       0.084      0.00014
GET       0.086      0.00020
GET       0.087      0.00027
GET       0.088      0.00048
GET       0.089      0.00075
GET       0.090      0.00082
GET       0.092      0.00089
GET       0.095      0.00109
GET       0.096      0.00136
GET       0.097      0.00164
GET       0.098      0.00184
GET       0.099      0.00205
GET       0.100      0.00293
GET       0.110      0.00512
GET       0.120      0.00833
GET       0.130      0.01297
GET       0.140      0.02006
GET       0.150      0.02880
GET       0.160      0.03556
GET       0.170      0.04334
GET       0.180      0.05200
GET       0.190      0.05958
GET       0.200      0.06995
GET       0.210      0.07787
GET       0.220      0.08551
GET       0.230      0.09609
GET       0.240      0.10933
GET       0.250      0.12120
GET       0.260      0.13369
GET       0.270      0.14748
GET       0.280      0.16502
GET       0.290      0.18583
GET       0.300      0.21006
GET       0.310      0.22889
GET       0.320      0.25264
GET       0.330      0.28574
GET       0.340      0.33044
GET       0.350      0.37030
GET       0.360      0.40926
GET       0.370      0.44339
GET       0.380      0.48160
GET       0.390      0.52849
GET       0.400      0.57148
GET       0.410      0.61407
GET       0.420      0.65822
GET       0.430      0.71466
GET       0.440      0.79464
GET       0.450      0.90301
GET       0.460      1.05561
GET       0.470      1.27816
GET       0.480      1.62948
GET       0.490      2.16493
GET       0.500      2.92804
GET       0.510      4.01948
GET       0.520      5.51500
GET       0.530      7.58657
GET       0.540     10.26620
GET       0.550     13.41494
GET       0.560     16.91255
GET       0.570     20.62043
GET       0.580     24.46349
GET       0.590     28.24125
GET       0.600     31.51352
GET       0.610     34.27170
GET       0.620     36.51477
GET       0.630     38.39102
GET       0.640     39.89868
GET       0.650     41.11999
GET       0.660     42.11718
GET       0.670     42.95448
GET       0.680     43.70026
GET       0.690     44.35677
GET       0.700     44.94866
GET       0.710     45.45654
GET       0.720     45.90361
GET       0.730     46.32563
GET       0.740     46.68876
GET       0.750     47.01607
GET       0.760     47.30720
GET       0.770     47.55984
GET       0.780     47.77945
GET       0.790     47.97470
GET       0.800     48.14456
GET       0.810     48.29811
GET       0.820     48.43603
GET       0.830     48.56174
GET       0.840     48.67319
GET       0.850     48.78285
GET       0.860     48.87847
GET       0.870     48.97899
GET       0.880     49.07631
GET       0.890     49.16980
GET       0.900     49.26589
GET       0.910     49.36396
GET       0.920     49.46244
GET       0.930     49.56624
GET       0.940     49.67734
GET       0.950     49.79704
GET       0.960     49.92827
GET       0.970     50.07097
GET       0.980     50.23046
GET       0.990     50.40667
GET       1.000     52.06277
GET       1.100     59.87720
GET       1.200     66.75109
GET       1.300     69.55915
GET       1.400     70.83608
GET       1.500     71.50119
GET       1.600     71.89183
GET       1.700     72.18357
GET       1.800     72.41076
GET       1.900     72.64921
GET       2.000     72.91447
GET       2.100     73.23659
GET       2.200     73.59972
GET       2.300     73.99090
GET       2.400     74.33403
GET       2.500     74.62107
GET       2.600     74.86737
GET       2.700     75.08438
GET       2.800     75.29308
GET       2.900     75.49413
GET       3.000     75.70057
GET       3.100     75.90264
GET       3.200     76.11092
GET       3.300     76.29491
GET       3.400     76.50456
GET       3.500     76.69871
GET       3.600     76.90236
GET       3.700     77.11125
GET       3.800     77.31619
GET       3.900     77.52195
GET       4.000     77.73051
GET       4.100     77.92255
GET       4.200     78.10947
GET       4.300     78.30670
GET       4.400     78.49526
GET       4.500     78.68976
GET       4.600     78.88958
GET       4.700     79.07875
GET       4.800     79.26185
GET       4.900     79.44311
GET       5.000     79.63187
GET       5.100     79.84801
GET       5.200     80.07881
GET       5.300     80.28661
GET       5.400     80.48371
GET       5.500     80.65432
GET       5.600     80.81694
GET       5.700     80.98401
GET       5.800     81.15646
GET       5.900     81.30312
GET       6.000     81.45148
GET       6.100     81.60101
GET       6.200     81.76534
GET       6.300     81.93049
GET       6.400     82.09947
GET       6.500     82.26114
GET       6.600     82.41374
GET       6.700     82.57206
GET       6.800     82.72930
GET       6.900     82.88742
GET       7.000     83.04009
GET       7.100     83.19220
GET       7.200     83.33115
GET       7.300     83.48265
GET       7.400     83.63095
GET       7.500     83.77262
GET       7.600     83.91007
GET       7.700     84.05270
GET       7.800     84.19765
GET       7.900     84.33128
GET       8.000     84.47097
GET       8.100     84.60842
GET       8.200     84.74061
GET       8.300     84.88399
GET       8.400     85.02376
GET       8.500     85.16373
GET       8.600     85.33563
GET       8.700     85.49321
GET       8.800     85.64151
GET       8.900     85.77738
GET       9.000     85.91066
GET       9.100     86.05992
GET       9.200     86.22384
GET       9.300     86.38285
GET       9.400     86.53517
GET       9.500     86.66286
GET       9.600     86.79457
GET       9.700     86.91803
GET       9.800     87.03391
GET       9.900     87.14903
GET      10.000     87.78405
GET      11.000     88.93220
GET      12.000     89.94181
GET      13.000     91.11917
GET      14.000     92.01181
GET      15.000     92.74749
GET      16.000     93.39698
GET      17.000     94.10986
GET      18.000     94.70973
GET      19.000     95.22021
GET      20.000     95.65097
GET      21.000     96.13789
GET      22.000     96.52061
GET      23.000     96.83795
GET      24.000     97.12260
GET      25.000     97.44144
GET      26.000     97.69592
GET      27.000     97.90243
GET      28.000     98.07768
GET      29.000     98.27081
GET      30.000     98.42095
GET      31.000     98.55396
GET      32.000     98.67127
GET      33.000     98.78545
GET      34.000     98.88365
GET      35.000     98.96991
GET      36.000     99.04259
GET      37.000     99.12913
GET      38.000     99.20044
GET      39.000     99.25722
GET      40.000     99.30752
GET      41.000     99.36055
GET      42.000     99.40190
GET      43.000     99.44981
GET      44.000     99.49035
GET      45.000     99.52440
GET      46.000     99.55880
GET      47.000     99.59190
GET      48.000     99.61885
GET      49.000     99.64745
GET      50.000     99.67072
GET      51.000     99.69208
GET      52.000     99.71194
GET      53.000     99.73077
GET      54.000     99.74941
GET      55.000     99.76838
GET      56.000     99.78305
GET      57.000     99.79370
GET      58.000     99.80687
GET      59.000     99.82079
GET      60.000     99.83150
GET      61.000     99.84413
GET      62.000     99.85375
GET      63.000     99.86508
GET      64.000     99.87286
GET      65.000     99.88016
GET      66.000     99.88822
GET      67.000     99.89627
GET      68.000     99.90350
GET      69.000     99.90869
GET      70.000     99.91558
GET      71.000     99.92097
GET      72.000     99.92780
GET      73.000     99.93326
GET      74.000     99.93653
GET      75.000     99.93988
GET      76.000     99.94363
GET      77.000     99.94882
GET      78.000     99.95346
GET      79.000     99.95687
GET      80.000     99.96042
GET      81.000     99.96322
GET      82.000     99.96683
GET      83.000     99.96847
GET      84.000     99.97100
GET      85.000     99.97270
GET      86.000     99.97543
GET      87.000     99.97796
GET      88.000     99.98007
GET      89.000     99.98089
GET      90.000     99.98205
GET      91.000     99.98348
GET      92.000     99.98478
GET      93.000     99.98615
GET      94.000     99.98731
GET      95.000     99.98819
GET      96.000     99.98860
GET      97.000     99.99010
GET      98.000     99.99051
GET      99.000     99.99072
GET     100.000     99.99338
GET     110.000     99.99509
GET     120.000     99.99809
GET     130.000     99.99857
GET     140.000     99.99939
GET     150.000     99.99945
GET     160.000     99.99959
GET     170.000     99.99993
GET     180.000    100.00000
