[RUN #1] Preparing benchmark client...
[RUN #1] Launching threads now...
[RUN #1 5%,   1 secs]  8 threads:       73287 ops,   73251 (avg:   73251) ops/sec, 2.77MB/sec (avg: 2.77MB/sec),  4.33 (avg:  4.33) msec latency[RUN #1 10%,   2 secs]  8 threads:      154887 ops,   81588 (avg:   77418) ops/sec, 3.08MB/sec (avg: 2.92MB/sec),  3.92 (avg:  4.11) msec latency[RUN #1 15%,   3 secs]  8 threads:      235887 ops,   80988 (avg:   78608) ops/sec, 3.05MB/sec (avg: 2.97MB/sec),  3.94 (avg:  4.05) msec latency[RUN #1 20%,   4 secs]  8 threads:      317611 ops,   81712 (avg:   79384) ops/sec, 3.08MB/sec (avg: 3.00MB/sec),  3.92 (avg:  4.02) msec latency[RUN #1 25%,   5 secs]  8 threads:      399259 ops,   81636 (avg:   79834) ops/sec, 3.08MB/sec (avg: 3.01MB/sec),  3.92 (avg:  4.00) msec latency[RUN #1 30%,   6 secs]  8 threads:      480355 ops,   81084 (avg:   80043) ops/sec, 3.06MB/sec (avg: 3.02MB/sec),  3.93 (avg:  3.99) msec latency[RUN #1 35%,   7 secs]  8 threads:      562267 ops,   81897 (avg:   80308) ops/sec, 3.09MB/sec (avg: 3.03MB/sec),  3.91 (avg:  3.98) msec latency[RUN #1 40%,   8 secs]  8 threads:      644057 ops,   81778 (avg:   80491) ops/sec, 3.08MB/sec (avg: 3.04MB/sec),  3.90 (avg:  3.97) msec latency[RUN #1 45%,   9 secs]  8 threads:      724052 ops,   79982 (avg:   80435) ops/sec, 3.02MB/sec (avg: 3.03MB/sec),  4.01 (avg:  3.97) msec latency[RUN #1 50%,  10 secs]  8 threads:      806486 ops,   82420 (avg:   80633) ops/sec, 3.11MB/sec (avg: 3.04MB/sec),  3.89 (avg:  3.96) msec latency[RUN #1 55%,  11 secs]  8 threads:      889317 ops,   82818 (avg:   80832) ops/sec, 3.12MB/sec (avg: 3.05MB/sec),  3.84 (avg:  3.95) msec latency[RUN #1 60%,  12 secs]  8 threads:      972527 ops,   83197 (avg:   81029) ops/sec, 3.14MB/sec (avg: 3.06MB/sec),  3.83 (avg:  3.94) msec latency[RUN #1 65%,  13 secs]  8 threads:     1052715 ops,   80175 (avg:   80963) ops/sec, 3.02MB/sec (avg: 3.05MB/sec),  4.01 (avg:  3.95) msec latency[RUN #1 70%,  14 secs]  8 threads:     1134248 ops,   81521 (avg:   81003) ops/sec, 3.07MB/sec (avg: 3.06MB/sec),  3.91 (avg:  3.94) msec latency[RUN #1 75%,  15 secs]  8 threads:     1215565 ops,   81304 (avg:   81023) ops/sec, 3.07MB/sec (avg: 3.06MB/sec),  3.91 (avg:  3.94) msec latency[RUN #1 80%,  16 secs]  8 threads:     1296555 ops,   80979 (avg:   81020) ops/sec, 3.05MB/sec (avg: 3.06MB/sec),  3.96 (avg:  3.94) msec latency[RUN #1 85%,  17 secs]  8 threads:     1378088 ops,   81521 (avg:   81050) ops/sec, 3.07MB/sec (avg: 3.06MB/sec),  3.93 (avg:  3.94) msec latency[RUN #1 90%,  18 secs]  8 threads:     1459059 ops,   80960 (avg:   81045) ops/sec, 3.05MB/sec (avg: 3.06MB/sec),  3.95 (avg:  3.94) msec latency[RUN #1 95%,  19 secs]  8 threads:     1541188 ops,   82117 (avg:   81101) ops/sec, 3.10MB/sec (avg: 3.06MB/sec),  3.90 (avg:  3.94) msec latency[RUN #1 100%,  20 secs]  8 threads:     1621877 ops,   82117 (avg:   81084) ops/sec, 3.10MB/sec (avg: 3.06MB/sec),  3.90 (avg:  3.94) msec latency[RUN #1 100%,  20 secs]  0 threads:     1622053 ops,   82117 (avg:   81046) ops/sec, 3.10MB/sec (avg: 3.06MB/sec),  3.90 (avg:  3.94) msec latency

8         Threads
40        Connections per thread
20        Seconds
Type        Ops/sec     Hits/sec   Misses/sec      Latency       KB/sec
------------------------------------------------------------------------
Sets        7373.90          ---          ---      4.10200       546.60
Gets       73663.39      2664.80     70998.59      3.92800      2583.07
Totals     81037.30      2664.80     70998.59      3.94400      3129.67


Request Latency Distribution
Type     <= msec         Percent
------------------------------------------------------------------------
SET       1.000     72.71896
SET       2.000     75.78880
SET       3.000     77.88166
SET       4.000     79.82954
SET       5.000     81.63784
SET       6.000     83.27541
SET       7.000     84.74359
SET       8.000     86.17181
SET       9.000     87.55598
SET      10.000     88.69150
SET      11.000     89.68881
SET      12.000     90.74371
SET      13.000     91.82300
SET      14.000     92.56963
SET      15.000     93.20040
SET      16.000     93.86437
SET      17.000     94.51750
SET      18.000     95.06359
SET      19.000     95.49449
SET      20.000     95.94097
SET      21.000     96.39627
SET      22.000     96.72419
SET      23.000     97.01755
SET      24.000     97.30415
SET      25.000     97.61648
SET      26.000     97.85632
SET      27.000     98.04129
SET      28.000     98.23370
SET      29.000     98.39970
SET      30.000     98.54875
SET      31.000     98.66935
SET      32.000     98.79198
SET      33.000     98.88819
SET      34.000     98.96949
SET      35.000     99.04673
SET      36.000     99.12464
SET      37.000     99.19782
SET      38.000     99.26354
SET      39.000     99.31570
SET      40.000     99.37058
SET      41.000     99.41123
SET      42.000     99.45256
SET      43.000     99.49660
SET      44.000     99.53454
SET      45.000     99.56164
SET      46.000     99.59417
SET      47.000     99.61923
SET      48.000     99.64295
SET      49.000     99.66530
SET      50.000     99.69105
SET      51.000     99.71002
SET      52.000     99.72425
SET      53.000     99.73644
SET      54.000     99.75813
SET      55.000     99.77303
SET      56.000     99.78726
SET      57.000     99.79810
SET      58.000     99.81436
SET      59.000     99.82520
SET      60.000     99.83333
SET      61.000     99.84349
SET      62.000     99.85704
SET      63.000     99.86653
SET      64.000     99.87330
SET      65.000     99.87872
SET      66.000     99.88889
SET      67.000     99.89973
SET      68.000     99.90718
SET      69.000     99.91395
SET      70.000     99.91802
SET      71.000     99.92480
SET      72.000     99.92954
SET      73.000     99.93631
SET      74.000     99.93699
SET      75.000     99.94173
SET      76.000     99.94783
SET      77.000     99.95257
SET      78.000     99.95664
SET      79.000     99.96206
SET      80.000     99.96612
SET      81.000     99.96748
SET      82.000     99.96951
SET      84.000     99.97222
SET      85.000     99.97358
SET      86.000     99.97629
SET      87.000     99.97967
SET      88.000     99.98103
SET      89.000     99.98238
SET      90.000     99.98374
SET      91.000     99.98713
SET      92.000     99.98848
SET      99.000     99.98916
SET     100.000     99.99051
SET     110.000     99.99458
SET     120.000     99.99932
SET     130.000    100.00000
---
GET       0.085      0.00007
GET       0.086      0.00014
GET       0.110      0.00061
GET       0.120      0.00088
GET       0.130      0.00183
GET       0.140      0.00339
GET       0.150      0.00543
GET       0.160      0.00746
GET       0.170      0.00990
GET       0.180      0.01268
GET       0.190      0.01621
GET       0.200      0.02130
GET       0.210      0.02475
GET       0.220      0.02916
GET       0.230      0.03371
GET       0.240      0.03839
GET       0.250      0.04307
GET       0.260      0.04720
GET       0.270      0.05107
GET       0.280      0.05575
GET       0.290      0.06077
GET       0.300      0.06640
GET       0.310      0.07128
GET       0.320      0.07861
GET       0.330      0.08573
GET       0.340      0.09543
GET       0.350      0.10743
GET       0.360      0.12065
GET       0.370      0.13490
GET       0.380      0.15199
GET       0.390      0.17464
GET       0.400      0.19994
GET       0.410      0.23317
GET       0.420      0.27183
GET       0.430      0.32548
GET       0.440      0.40178
GET       0.450      0.51002
GET       0.460      0.66119
GET       0.470      0.88426
GET       0.480      1.23062
GET       0.490      1.77184
GET       0.500      2.54067
GET       0.510      3.60953
GET       0.520      5.11484
GET       0.530      7.20781
GET       0.540     10.02187
GET       0.550     13.27364
GET       0.560     16.77961
GET       0.570     20.51957
GET       0.580     24.42731
GET       0.590     28.30271
GET       0.600     31.63621
GET       0.610     34.38665
GET       0.620     36.60448
GET       0.630     38.47589
GET       0.640     40.01110
GET       0.650     41.24613
GET       0.660     42.24399
GET       0.670     43.06144
GET       0.680     43.78747
GET       0.690     44.43829
GET       0.700     45.01070
GET       0.710     45.52628
GET       0.720     45.99615
GET       0.730     46.41454
GET       0.740     46.79041
GET       0.750     47.11636
GET       0.760     47.40033
GET       0.770     47.64232
GET       0.780     47.85996
GET       0.790     48.05094
GET       0.800     48.21812
GET       0.810     48.37309
GET       0.820     48.50168
GET       0.830     48.62926
GET       0.840     48.74171
GET       0.850     48.84676
GET       0.860     48.94605
GET       0.870     49.04419
GET       0.880     49.13588
GET       0.890     49.22487
GET       0.900     49.31568
GET       0.910     49.40819
GET       0.920     49.50680
GET       0.930     49.60840
GET       0.940     49.71637
GET       0.950     49.83072
GET       0.960     49.95205
GET       0.970     50.09495
GET       0.980     50.25596
GET       0.990     50.43392
GET       1.000     52.05086
GET       1.100     59.58374
GET       1.200     66.27943
GET       1.300     69.02091
GET       1.400     70.28436
GET       1.500     70.93674
GET       1.600     71.34028
GET       1.700     71.63862
GET       1.800     71.88231
GET       1.900     72.12280
GET       2.000     72.39382
GET       2.100     72.71855
GET       2.200     73.08024
GET       2.300     73.47957
GET       2.400     73.84208
GET       2.500     74.15230
GET       2.600     74.42087
GET       2.700     74.66103
GET       2.800     74.87880
GET       2.900     75.09590
GET       3.000     75.32114
GET       3.100     75.53186
GET       3.200     75.75004
GET       3.300     75.95140
GET       3.400     76.17291
GET       3.500     76.38193
GET       3.600     76.59605
GET       3.700     76.81192
GET       3.800     77.02787
GET       3.900     77.24490
GET       4.000     77.45623
GET       4.100     77.66057
GET       4.200     77.86852
GET       4.300     78.07381
GET       4.400     78.26765
GET       4.500     78.47179
GET       4.600     78.69106
GET       4.700     78.89561
GET       4.800     79.08883
GET       4.900     79.28002
GET       5.000     79.48335
GET       5.100     79.70262
GET       5.200     79.94474
GET       5.300     80.16821
GET       5.400     80.37581
GET       5.500     80.56178
GET       5.600     80.73703
GET       5.700     80.91167
GET       5.800     81.09059
GET       5.900     81.26597
GET       6.000     81.42318
GET       6.100     81.59084
GET       6.200     81.75985
GET       6.300     81.93279
GET       6.400     82.10899
GET       6.500     82.27238
GET       6.600     82.44139
GET       6.700     82.60660
GET       6.800     82.77928
GET       6.900     82.93472
GET       7.000     83.09465
GET       7.100     83.25206
GET       7.200     83.40215
GET       7.300     83.56926
GET       7.400     83.72491
GET       7.500     83.87134
GET       7.600     84.01397
GET       7.700     84.15870
GET       7.800     84.30709
GET       7.900     84.44023
GET       8.000     84.58401
GET       8.100     84.72257
GET       8.200     84.86004
GET       8.300     85.00152
GET       8.400     85.14944
GET       8.500     85.29464
GET       8.600     85.46420
GET       8.700     85.61686
GET       8.800     85.76519
GET       8.900     85.89988
GET       9.000     86.03709
GET       9.100     86.18921
GET       9.200     86.36473
GET       9.300     86.53293
GET       9.400     86.68322
GET       9.500     86.81846
GET       9.600     86.95343
GET       9.700     87.07720
GET       9.800     87.19372
GET       9.900     87.30976
GET      10.000     87.94138
GET      11.000     89.08696
GET      12.000     90.08584
GET      13.000     91.25915
GET      14.000     92.14639
GET      15.000     92.87046
GET      16.000     93.51096
GET      17.000     94.21387
GET      18.000     94.79781
GET      19.000     95.29935
GET      20.000     95.70994
GET      21.000     96.20070
GET      22.000     96.57786
GET      23.000     96.89913
GET      24.000     97.16641
GET      25.000     97.47588
GET      26.000     97.72587
GET      27.000     97.92473
GET      28.000     98.09950
GET      29.000     98.28750
GET      30.000     98.43583
GET      31.000     98.57263
GET      32.000     98.68792
GET      33.000     98.80112
GET      34.000     98.89749
GET      35.000     98.98532
GET      36.000     99.05497
GET      37.000     99.13731
GET      38.000     99.20839
GET      39.000     99.26692
GET      40.000     99.31934
GET      41.000     99.37170
GET      42.000     99.41633
GET      43.000     99.46774
GET      44.000     99.50748
GET      45.000     99.54227
GET      46.000     99.57571
GET      47.000     99.60724
GET      48.000     99.63736
GET      49.000     99.66360
GET      50.000     99.68524
GET      51.000     99.70681
GET      52.000     99.72681
GET      53.000     99.74594
GET      54.000     99.76296
GET      55.000     99.78243
GET      56.000     99.79857
GET      57.000     99.80942
GET      58.000     99.82332
GET      59.000     99.83614
GET      60.000     99.84543
GET      61.000     99.85527
GET      62.000     99.86646
GET      63.000     99.87344
GET      64.000     99.88016
GET      65.000     99.88701
GET      66.000     99.89488
GET      67.000     99.90234
GET      68.000     99.90878
GET      69.000     99.91427
GET      70.000     99.91861
GET      71.000     99.92506
GET      72.000     99.93021
GET      73.000     99.93537
GET      74.000     99.93849
GET      75.000     99.94208
GET      76.000     99.94527
GET      77.000     99.95130
GET      78.000     99.95619
GET      79.000     99.95937
GET      80.000     99.96148
GET      81.000     99.96494
GET      82.000     99.96826
GET      83.000     99.96989
GET      84.000     99.97151
GET      85.000     99.97375
GET      86.000     99.97606
GET      87.000     99.97836
GET      88.000     99.98026
GET      89.000     99.98203
GET      90.000     99.98359
GET      91.000     99.98481
GET      92.000     99.98596
GET      93.000     99.98718
GET      94.000     99.98820
GET      95.000     99.98874
GET      96.000     99.98901
GET      97.000     99.99017
GET      98.000     99.99145
GET      99.000     99.99206
GET     100.000     99.99512
GET     110.000     99.99627
GET     120.000     99.99946
GET     130.000     99.99973
GET     140.000     99.99993
GET     160.000    100.00000
