[RUN #1] Preparing benchmark client...
[RUN #1] Launching threads now...
[RUN #1 5%,   1 secs] 16 threads:       13369 ops,   13346 (avg:   13346) ops/sec, 468.75KB/sec (avg: 468.75KB/sec),  7.12 (avg:  7.12) msec latency[RUN #1 10%,   2 secs] 16 threads:       27778 ops,   14406 (avg:   13876) ops/sec, 506.82KB/sec (avg: 487.77KB/sec),  6.70 (avg:  6.90) msec latency[RUN #1 15%,   3 secs] 16 threads:       40483 ops,   12703 (avg:   13485) ops/sec, 456.04KB/sec (avg: 477.20KB/sec),  7.55 (avg:  7.11) msec latency[RUN #1 20%,   4 secs] 16 threads:       55086 ops,   14601 (avg:   13764) ops/sec, 512.57KB/sec (avg: 486.04KB/sec),  6.55 (avg:  6.96) msec latency[RUN #1 25%,   5 secs] 16 threads:       69166 ops,   14078 (avg:   13827) ops/sec, 496.74KB/sec (avg: 488.18KB/sec),  6.83 (avg:  6.93) msec latency[RUN #1 30%,   6 secs] 16 threads:       81304 ops,   12136 (avg:   13545) ops/sec, 429.09KB/sec (avg: 478.33KB/sec),  7.85 (avg:  7.07) msec latency[RUN #1 35%,   7 secs] 16 threads:       94142 ops,   12836 (avg:   13444) ops/sec, 461.17KB/sec (avg: 475.88KB/sec),  7.53 (avg:  7.13) msec latency[RUN #1 40%,   8 secs] 16 threads:      106190 ops,   12046 (avg:   13269) ops/sec, 426.30KB/sec (avg: 469.68KB/sec),  7.96 (avg:  7.23) msec latency[RUN #1 45%,   9 secs] 16 threads:      121349 ops,   15156 (avg:   13479) ops/sec, 542.09KB/sec (avg: 477.73KB/sec),  6.33 (avg:  7.11) msec latency[RUN #1 50%,  10 secs] 16 threads:      136194 ops,   14842 (avg:   13615) ops/sec, 524.86KB/sec (avg: 482.44KB/sec),  6.46 (avg:  7.04) msec latency[RUN #1 55%,  11 secs] 16 threads:      149444 ops,   13248 (avg:   13582) ops/sec, 475.33KB/sec (avg: 481.79KB/sec),  7.24 (avg:  7.06) msec latency[RUN #1 60%,  12 secs] 16 threads:      159870 ops,   10424 (avg:   13319) ops/sec, 365.79KB/sec (avg: 472.13KB/sec),  9.13 (avg:  7.20) msec latency[RUN #1 65%,  13 secs] 16 threads:      167613 ops,    7742 (avg:   12890) ops/sec, 275.35KB/sec (avg: 456.99KB/sec), 12.49 (avg:  7.44) msec latency[RUN #1 70%,  14 secs] 16 threads:      178767 ops,   11152 (avg:   12766) ops/sec, 398.68KB/sec (avg: 452.83KB/sec),  8.61 (avg:  7.51) msec latency[RUN #1 75%,  15 secs] 16 threads:      192401 ops,   13631 (avg:   12823) ops/sec, 499.79KB/sec (avg: 455.96KB/sec),  7.03 (avg:  7.48) msec latency[RUN #1 80%,  16 secs] 16 threads:      207297 ops,   14894 (avg:   12953) ops/sec, 532.27KB/sec (avg: 460.73KB/sec),  6.45 (avg:  7.40) msec latency[RUN #1 85%,  17 secs] 16 threads:      221599 ops,   14300 (avg:   13032) ops/sec, 523.37KB/sec (avg: 464.41KB/sec),  6.67 (avg:  7.36) msec latency[RUN #1 90%,  18 secs] 16 threads:      228209 ops,    6609 (avg:   12675) ops/sec, 244.48KB/sec (avg: 452.20KB/sec), 14.58 (avg:  7.57) msec latency[RUN #1 95%,  19 secs] 16 threads:      237070 ops,    8860 (avg:   12474) ops/sec, 316.47KB/sec (avg: 445.05KB/sec), 10.71 (avg:  7.68) msec latency[RUN #1 100%,  20 secs]  0 threads:      247140 ops,    8860 (avg:   12356) ops/sec, 316.47KB/sec (avg: 440.86KB/sec), 10.71 (avg:  7.76) msec latency

16        Threads
6         Connections per thread
20        Seconds
Type        Ops/sec     Hits/sec   Misses/sec      Latency       KB/sec
------------------------------------------------------------------------
Sets        1125.45          ---          ---      7.68500        83.41
Gets       11231.00       196.39     11034.61      7.77100       357.45
Totals     12356.45       196.39     11034.61      7.76300       440.87


Request Latency Distribution
Type     <= msec         Percent
------------------------------------------------------------------------
SET       2.000      0.55975
SET       3.000      1.30164
SET       4.000      1.74589
SET       5.000     70.68858
SET       6.000     72.10129
SET       7.000     72.77654
SET       8.000     75.72190
SET       9.000     85.01999
SET      10.000     86.17503
SET      11.000     87.07685
SET      12.000     88.60062
SET      13.000     91.06175
SET      14.000     92.11906
SET      15.000     92.58996
SET      16.000     93.14971
SET      17.000     94.82452
SET      18.000     96.33940
SET      19.000     96.76144
SET      20.000     97.06797
SET      21.000     97.88094
SET      22.000     98.73390
SET      23.000     98.86273
SET      24.000     98.97823
SET      25.000     99.08929
SET      26.000     99.40915
SET      27.000     99.49356
SET      28.000     99.51133
SET      29.000     99.61795
SET      30.000     99.65793
SET      31.000     99.72012
SET      32.000     99.74678
SET      33.000     99.75122
SET      34.000     99.77788
SET      35.000     99.80453
SET      36.000     99.81342
SET      37.000     99.84451
SET      38.000     99.84896
SET      41.000     99.85340
SET      42.000     99.87561
SET      50.000     99.88005
SET      54.000     99.89338
SET      55.000     99.90227
SET      57.000     99.90671
SET      58.000     99.91559
SET      66.000     99.92448
SET      67.000     99.92892
SET      68.000     99.94225
SET      69.000     99.96002
SET      71.000     99.96446
SET      72.000     99.96890
SET      73.000     99.97779
SET      74.000     99.98223
SET      75.000     99.99112
SET      76.000     99.99556
SET      81.000    100.00000
---
GET       1.900      0.00045
GET       2.000      0.00089
GET       2.100      0.00312
GET       2.200      0.01068
GET       2.300      0.02315
GET       2.400      0.05654
GET       2.500      0.09304
GET       2.600      0.15715
GET       2.700      0.26265
GET       2.800      0.45497
GET       2.900      0.55469
GET       3.000      0.58274
GET       3.100      0.59520
GET       3.200      0.61256
GET       3.300      0.62058
GET       3.400      0.64016
GET       3.500      0.67934
GET       3.600      0.87967
GET       3.700      0.98518
GET       3.800      1.02391
GET       3.900      1.03993
GET       4.000      1.06620
GET       4.100      1.11339
GET       4.200      1.16058
GET       4.300      1.20109
GET       4.400      1.27276
GET       4.500      1.31639
GET       4.600      1.33998
GET       4.700      1.35779
GET       4.800      1.39696
GET       4.900      1.47042
GET       5.000      1.65472
GET       5.100      1.94765
GET       5.200      2.69821
GET       5.300      5.55224
GET       5.400     19.07270
GET       5.500     45.28914
GET       5.600     59.44576
GET       5.700     65.59720
GET       5.800     68.37288
GET       5.900     69.79566
GET       6.000     70.77594
GET       6.100     71.33909
GET       6.200     71.63335
GET       6.300     71.74643
GET       6.400     71.79629
GET       6.500     71.83012
GET       6.600     71.84259
GET       6.700     71.85371
GET       6.800     71.86974
GET       6.900     71.88621
GET       7.000     71.92049
GET       7.100     71.99706
GET       7.200     72.09322
GET       7.300     72.15644
GET       7.400     72.20585
GET       7.500     72.27396
GET       7.600     72.32605
GET       7.700     72.40484
GET       7.800     72.48408
GET       7.900     72.58469
GET       8.000     72.71157
GET       8.100     72.97022
GET       8.200     73.34461
GET       8.300     73.69675
GET       8.400     73.98745
GET       8.500     74.15973
GET       8.600     74.27681
GET       8.700     74.41036
GET       8.800     74.57330
GET       8.900     74.93879
GET       9.000     76.01523
GET       9.100     78.04300
GET       9.200     79.83261
GET       9.300     81.28968
GET       9.400     82.19784
GET       9.500     82.69599
GET       9.600     83.04990
GET       9.700     83.46392
GET       9.800     84.02083
GET       9.900     84.45577
GET      10.000     85.33321
GET      11.000     86.27076
GET      12.000     87.33072
GET      13.000     88.78022
GET      14.000     91.63469
GET      15.000     92.11236
GET      16.000     92.76321
GET      17.000     93.31256
GET      18.000     95.92441
GET      19.000     96.34911
GET      20.000     96.65761
GET      21.000     97.17446
GET      22.000     98.48506
GET      23.000     98.64310
GET      24.000     98.78957
GET      25.000     98.90754
GET      26.000     99.19512
GET      27.000     99.31087
GET      28.000     99.38610
GET      29.000     99.43285
GET      30.000     99.55838
GET      31.000     99.59667
GET      32.000     99.66745
GET      33.000     99.67725
GET      34.000     99.68971
GET      35.000     99.72043
GET      36.000     99.73067
GET      37.000     99.75293
GET      38.000     99.76139
GET      40.000     99.77519
GET      41.000     99.77741
GET      42.000     99.80457
GET      43.000     99.80946
GET      44.000     99.81214
GET      45.000     99.81303
GET      49.000     99.81347
GET      50.000     99.81525
GET      52.000     99.81748
GET      53.000     99.82193
GET      54.000     99.83039
GET      55.000     99.84419
GET      56.000     99.86422
GET      57.000     99.86689
GET      58.000     99.87268
GET      59.000     99.87891
GET      63.000     99.88559
GET      64.000     99.88648
GET      65.000     99.89004
GET      66.000     99.89182
GET      67.000     99.89894
GET      68.000     99.90162
GET      69.000     99.90562
GET      70.000     99.91586
GET      71.000     99.91631
GET      72.000     99.93100
GET      73.000     99.93634
GET      74.000     99.94346
GET      75.000     99.94702
GET      76.000     99.96839
GET      77.000     99.97062
GET      78.000     99.98264
GET      79.000     99.98486
GET      80.000     99.98709
GET      81.000     99.99288
GET      82.000     99.99733
GET      84.000     99.99777
GET      86.000     99.99866
GET      89.000    100.00000
