[RUN #1] Preparing benchmark client...
[RUN #1] Launching threads now...
[RUN #1 5%,   1 secs] 16 threads:       12305 ops,   12288 (avg:   12288) ops/sec, 431.47KB/sec (avg: 431.47KB/sec),  7.76 (avg:  7.76) msec latency[RUN #1 10%,   2 secs] 16 threads:       26955 ops,   14645 (avg:   13466) ops/sec, 514.14KB/sec (avg: 472.79KB/sec),  6.57 (avg:  7.11) msec latency[RUN #1 15%,   3 secs] 16 threads:       39445 ops,   12488 (avg:   13140) ops/sec, 446.64KB/sec (avg: 464.08KB/sec),  7.65 (avg:  7.29) msec latency[RUN #1 20%,   4 secs] 16 threads:       53538 ops,   14091 (avg:   13378) ops/sec, 497.49KB/sec (avg: 472.43KB/sec),  6.75 (avg:  7.14) msec latency[RUN #1 25%,   5 secs] 16 threads:       67890 ops,   14350 (avg:   13572) ops/sec, 506.24KB/sec (avg: 479.19KB/sec),  6.68 (avg:  7.05) msec latency[RUN #1 30%,   6 secs] 16 threads:       80103 ops,   12211 (avg:   13345) ops/sec, 431.83KB/sec (avg: 471.30KB/sec),  7.89 (avg:  7.18) msec latency[RUN #1 35%,   7 secs] 16 threads:       93279 ops,   13174 (avg:   13321) ops/sec, 473.45KB/sec (avg: 471.60KB/sec),  7.34 (avg:  7.20) msec latency[RUN #1 40%,   8 secs] 16 threads:      105378 ops,   12097 (avg:   13168) ops/sec, 429.01KB/sec (avg: 466.28KB/sec),  7.92 (avg:  7.28) msec latency[RUN #1 45%,   9 secs] 16 threads:      120636 ops,   15255 (avg:   13400) ops/sec, 543.20KB/sec (avg: 474.83KB/sec),  6.29 (avg:  7.16) msec latency[RUN #1 50%,  10 secs] 16 threads:      135457 ops,   14819 (avg:   13542) ops/sec, 525.12KB/sec (avg: 479.85KB/sec),  6.47 (avg:  7.08) msec latency[RUN #1 55%,  11 secs] 16 threads:      148565 ops,   13106 (avg:   13502) ops/sec, 470.84KB/sec (avg: 479.03KB/sec),  7.29 (avg:  7.10) msec latency[RUN #1 60%,  12 secs] 16 threads:      158722 ops,   10154 (avg:   13223) ops/sec, 357.13KB/sec (avg: 468.88KB/sec),  9.47 (avg:  7.25) msec latency[RUN #1 65%,  13 secs] 16 threads:      166361 ops,    7638 (avg:   12794) ops/sec, 270.85KB/sec (avg: 453.64KB/sec), 12.56 (avg:  7.49) msec latency[RUN #1 70%,  14 secs] 16 threads:      178103 ops,   11740 (avg:   12718) ops/sec, 417.59KB/sec (avg: 451.07KB/sec),  8.19 (avg:  7.54) msec latency[RUN #1 75%,  15 secs] 16 threads:      191428 ops,   13323 (avg:   12759) ops/sec, 488.90KB/sec (avg: 453.59KB/sec),  7.17 (avg:  7.52) msec latency[RUN #1 80%,  16 secs] 16 threads:      206162 ops,   14732 (avg:   12882) ops/sec, 527.64KB/sec (avg: 458.22KB/sec),  6.54 (avg:  7.45) msec latency[RUN #1 85%,  17 secs] 16 threads:      219945 ops,   13781 (avg:   12935) ops/sec, 503.27KB/sec (avg: 460.87KB/sec),  6.95 (avg:  7.41) msec latency[RUN #1 90%,  18 secs] 16 threads:      226547 ops,    6601 (avg:   12583) ops/sec, 244.99KB/sec (avg: 448.88KB/sec), 14.52 (avg:  7.62) msec latency[RUN #1 95%,  19 secs] 16 threads:      235338 ops,    8789 (avg:   12383) ops/sec, 315.17KB/sec (avg: 441.84KB/sec), 10.92 (avg:  7.74) msec latency[RUN #1 100%,  20 secs]  0 threads:      246209 ops,    8789 (avg:   12309) ops/sec, 315.17KB/sec (avg: 439.24KB/sec), 10.92 (avg:  7.79) msec latency

16        Threads
6         Connections per thread
20        Seconds
Type        Ops/sec     Hits/sec   Misses/sec      Latency       KB/sec
------------------------------------------------------------------------
Sets        1121.24          ---          ---      7.75800        83.10
Gets       11188.50       196.79     10991.71      7.79600       356.14
Totals     12309.74       196.79     10991.71      7.79300       439.24


Request Latency Distribution
Type     <= msec         Percent
------------------------------------------------------------------------
SET       1.000      0.17391
SET       2.000      0.66887
SET       3.000      1.14599
SET       4.000      1.61866
SET       5.000     69.83412
SET       6.000     71.35468
SET       7.000     72.25096
SET       8.000     75.42585
SET       9.000     84.53135
SET      10.000     85.57924
SET      11.000     86.75198
SET      12.000     88.28592
SET      13.000     90.71167
SET      14.000     91.91117
SET      15.000     92.57112
SET      16.000     93.19094
SET      17.000     94.91661
SET      18.000     96.45055
SET      19.000     96.86970
SET      20.000     97.15955
SET      21.000     97.88192
SET      22.000     98.66227
SET      23.000     98.78266
SET      24.000     98.92090
SET      25.000     99.09034
SET      26.000     99.32222
SET      27.000     99.40248
SET      28.000     99.46491
SET      29.000     99.55409
SET      30.000     99.61652
SET      31.000     99.65665
SET      32.000     99.67894
SET      33.000     99.68340
SET      34.000     99.71908
SET      35.000     99.72799
SET      36.000     99.74137
SET      37.000     99.75475
SET      39.000     99.76367
SET      40.000     99.77259
SET      41.000     99.77704
SET      42.000     99.79488
SET      45.000     99.80380
SET      46.000     99.80826
SET      49.000     99.81272
SET      50.000     99.81718
SET      54.000     99.83055
SET      55.000     99.84839
SET      56.000     99.85285
SET      58.000     99.86623
SET      67.000     99.87069
SET      68.000     99.87960
SET      69.000     99.90636
SET      71.000     99.91082
SET      72.000     99.91974
SET      73.000     99.93311
SET      75.000     99.94649
SET      78.000     99.95987
SET      79.000     99.96879
SET      81.000     99.98216
SET      85.000     99.99554
SET      86.000    100.00000
---
GET       1.800      0.00045
GET       1.900      0.03798
GET       2.000      0.29001
GET       2.100      0.35928
GET       2.200      0.39234
GET       2.300      0.40128
GET       2.400      0.41469
GET       2.500      0.42318
GET       2.600      0.43926
GET       2.700      0.48619
GET       2.800      0.58941
GET       2.900      0.67655
GET       3.000      0.70604
GET       3.100      0.73330
GET       3.200      0.73956
GET       3.300      0.74849
GET       3.400      0.75609
GET       3.500      0.77665
GET       3.600      0.95226
GET       3.700      1.04655
GET       3.800      1.06040
GET       3.900      1.07694
GET       4.000      1.09436
GET       4.100      1.13458
GET       4.200      1.18016
GET       4.300      1.22306
GET       4.400      1.28607
GET       4.500      1.32360
GET       4.600      1.34014
GET       4.700      1.35891
GET       4.800      1.38885
GET       4.900      1.44515
GET       5.000      1.60200
GET       5.100      1.91212
GET       5.200      2.66017
GET       5.300      5.48791
GET       5.400     18.96123
GET       5.500     44.49444
GET       5.600     58.56656
GET       5.700     64.81011
GET       5.800     67.55696
GET       5.900     69.08031
GET       6.000     70.08933
GET       6.100     70.66623
GET       6.200     70.96339
GET       6.300     71.09164
GET       6.400     71.15956
GET       6.500     71.19978
GET       6.600     71.22257
GET       6.700     71.23597
GET       6.800     71.25519
GET       6.900     71.26770
GET       7.000     71.28870
GET       7.100     71.37405
GET       7.200     71.47817
GET       7.300     71.54431
GET       7.400     71.60017
GET       7.500     71.64575
GET       7.600     71.72931
GET       7.700     71.80304
GET       7.800     71.88348
GET       7.900     72.01173
GET       8.000     72.22890
GET       8.100     72.59711
GET       8.200     73.10654
GET       8.300     73.57574
GET       8.400     73.88139
GET       8.500     74.06818
GET       8.600     74.19867
GET       8.700     74.34434
GET       8.800     74.52532
GET       8.900     74.87924
GET       9.000     75.93249
GET       9.100     77.98001
GET       9.200     79.89257
GET       9.300     81.18624
GET       9.400     82.07549
GET       9.500     82.58313
GET       9.600     82.91649
GET       9.700     83.36022
GET       9.800     83.87545
GET       9.900     84.28478
GET      10.000     85.21782
GET      11.000     86.13657
GET      12.000     87.17418
GET      13.000     88.65732
GET      14.000     91.55030
GET      15.000     92.02978
GET      16.000     92.68443
GET      17.000     93.23496
GET      18.000     95.88530
GET      19.000     96.30356
GET      20.000     96.65345
GET      21.000     97.11998
GET      22.000     98.43420
GET      23.000     98.58881
GET      24.000     98.75147
GET      25.000     98.88731
GET      26.000     99.19252
GET      27.000     99.31273
GET      28.000     99.39227
GET      29.000     99.43115
GET      30.000     99.55001
GET      31.000     99.58799
GET      32.000     99.65949
GET      33.000     99.67826
GET      34.000     99.69345
GET      35.000     99.71848
GET      36.000     99.72250
GET      37.000     99.75065
GET      38.000     99.75914
GET      39.000     99.75959
GET      40.000     99.77210
GET      41.000     99.77299
GET      42.000     99.80427
GET      43.000     99.81187
GET      44.000     99.81232
GET      45.000     99.81545
GET      49.000     99.81991
GET      50.000     99.82841
GET      51.000     99.82975
GET      52.000     99.83153
GET      54.000     99.83466
GET      55.000     99.84181
GET      56.000     99.86639
GET      57.000     99.86952
GET      58.000     99.87443
GET      59.000     99.88605
GET      63.000     99.89007
GET      64.000     99.89901
GET      67.000     99.89946
GET      68.000     99.90571
GET      69.000     99.91599
GET      70.000     99.92761
GET      71.000     99.93029
GET      72.000     99.94057
GET      73.000     99.94504
GET      74.000     99.95487
GET      75.000     99.95576
GET      76.000     99.96649
GET      78.000     99.96783
GET      79.000     99.97587
GET      80.000     99.98257
GET      81.000     99.99062
GET      82.000     99.99330
GET      86.000     99.99955
GET      93.000    100.00000
