[RUN #1] Preparing benchmark client...
[RUN #1] Launching threads now...
[RUN #1 5%,   1 secs] 16 threads:       12351 ops,   12342 (avg:   12342) ops/sec, 433.55KB/sec (avg: 433.55KB/sec),  7.72 (avg:  7.72) msec latency[RUN #1 10%,   2 secs] 16 threads:       27236 ops,   14883 (avg:   13612) ops/sec, 521.95KB/sec (avg: 477.74KB/sec),  6.46 (avg:  7.03) msec latency[RUN #1 15%,   3 secs] 16 threads:       39852 ops,   12614 (avg:   13280) ops/sec, 453.10KB/sec (avg: 469.53KB/sec),  7.57 (avg:  7.20) msec latency[RUN #1 20%,   4 secs] 16 threads:       54116 ops,   14261 (avg:   13525) ops/sec, 502.37KB/sec (avg: 477.74KB/sec),  6.69 (avg:  7.07) msec latency[RUN #1 25%,   5 secs] 16 threads:       68597 ops,   14479 (avg:   13716) ops/sec, 511.04KB/sec (avg: 484.40KB/sec),  6.64 (avg:  6.98) msec latency[RUN #1 30%,   6 secs] 16 threads:       80813 ops,   12214 (avg:   13465) ops/sec, 431.03KB/sec (avg: 475.50KB/sec),  7.88 (avg:  7.11) msec latency[RUN #1 35%,   7 secs] 16 threads:       93978 ops,   13163 (avg:   13422) ops/sec, 473.75KB/sec (avg: 475.25KB/sec),  7.33 (avg:  7.14) msec latency[RUN #1 40%,   8 secs] 16 threads:      106134 ops,   12154 (avg:   13264) ops/sec, 428.98KB/sec (avg: 469.47KB/sec),  7.89 (avg:  7.23) msec latency[RUN #1 45%,   9 secs] 16 threads:      121513 ops,   15377 (avg:   13499) ops/sec, 549.41KB/sec (avg: 478.35KB/sec),  6.24 (avg:  7.10) msec latency[RUN #1 50%,  10 secs] 16 threads:      136294 ops,   14779 (avg:   13627) ops/sec, 523.02KB/sec (avg: 482.82KB/sec),  6.49 (avg:  7.04) msec latency[RUN #1 55%,  11 secs] 16 threads:      149303 ops,   13006 (avg:   13570) ops/sec, 467.56KB/sec (avg: 481.43KB/sec),  7.31 (avg:  7.06) msec latency[RUN #1 60%,  12 secs] 16 threads:      159523 ops,   10218 (avg:   13291) ops/sec, 358.79KB/sec (avg: 471.21KB/sec),  9.46 (avg:  7.22) msec latency[RUN #1 65%,  13 secs] 16 threads:      167108 ops,    7584 (avg:   12852) ops/sec, 269.10KB/sec (avg: 455.67KB/sec), 12.56 (avg:  7.46) msec latency[RUN #1 70%,  14 secs] 16 threads:      178895 ops,   11785 (avg:   12776) ops/sec, 419.08KB/sec (avg: 453.05KB/sec),  8.20 (avg:  7.51) msec latency[RUN #1 75%,  15 secs] 16 threads:      192350 ops,   13453 (avg:   12821) ops/sec, 494.76KB/sec (avg: 455.83KB/sec),  7.12 (avg:  7.48) msec latency[RUN #1 80%,  16 secs] 16 threads:      207509 ops,   15157 (avg:   12967) ops/sec, 541.49KB/sec (avg: 461.19KB/sec),  6.34 (avg:  7.40) msec latency[RUN #1 85%,  17 secs] 16 threads:      221513 ops,   14002 (avg:   13028) ops/sec, 515.01KB/sec (avg: 464.35KB/sec),  6.82 (avg:  7.36) msec latency[RUN #1 90%,  18 secs] 16 threads:      228166 ops,    6652 (avg:   12673) ops/sec, 244.65KB/sec (avg: 452.15KB/sec), 14.44 (avg:  7.57) msec latency[RUN #1 95%,  19 secs] 16 threads:      237047 ops,    8879 (avg:   12474) ops/sec, 316.78KB/sec (avg: 445.02KB/sec), 10.84 (avg:  7.69) msec latency[RUN #1 100%,  20 secs]  0 threads:      248414 ops,    8879 (avg:   12420) ops/sec, 316.78KB/sec (avg: 443.15KB/sec), 10.84 (avg:  7.72) msec latency

16        Threads
6         Connections per thread
20        Seconds
Type        Ops/sec     Hits/sec   Misses/sec      Latency       KB/sec
------------------------------------------------------------------------
Sets        1131.53          ---          ---      7.79100        83.86
Gets       11288.99       197.25     11091.74      7.71700       359.29
Totals     12420.52       197.25     11091.74      7.72300       443.15


Request Latency Distribution
Type     <= msec         Percent
------------------------------------------------------------------------
SET       1.000      0.30931
SET       2.000      0.92351
SET       3.000      1.31678
SET       4.000      1.57306
SET       5.000     70.55808
SET       6.000     72.09580
SET       7.000     72.66581
SET       8.000     74.83540
SET       9.000     84.25169
SET      10.000     85.51544
SET      11.000     86.22686
SET      12.000     88.11365
SET      13.000     90.40696
SET      14.000     91.42769
SET      15.000     91.85630
SET      16.000     92.42632
SET      17.000     94.41032
SET      18.000     96.04525
SET      19.000     96.38549
SET      20.000     96.68596
SET      21.000     97.60064
SET      22.000     98.68322
SET      23.000     98.74950
SET      24.000     98.87323
SET      25.000     98.93951
SET      26.000     99.22672
SET      27.000     99.31068
SET      28.000     99.34603
SET      29.000     99.52720
SET      30.000     99.57580
SET      31.000     99.61999
SET      32.000     99.64650
SET      34.000     99.65534
SET      35.000     99.67743
SET      36.000     99.69069
SET      37.000     99.75697
SET      39.000     99.77465
SET      42.000     99.84534
SET      49.000     99.84976
SET      54.000     99.85418
SET      55.000     99.88069
SET      58.000     99.91604
SET      68.000     99.93372
SET      72.000     99.93814
SET      73.000     99.94256
SET      74.000     99.95581
SET      75.000     99.96907
SET      76.000     99.97349
SET      79.000     99.97791
SET      80.000     99.98674
SET      81.000     99.99558
SET      89.000    100.00000
---
GET       0.720      0.00044
GET       0.760      0.00089
GET       0.790      0.00177
GET       0.850      0.00221
GET       0.940      0.00266
GET       0.990      0.00443
GET       1.000      0.00753
GET       1.100      0.01329
GET       1.200      0.02480
GET       1.300      0.03366
GET       1.400      0.03809
GET       1.500      0.03942
GET       1.600      0.04650
GET       1.700      0.05403
GET       1.800      0.07308
GET       1.900      0.14704
GET       2.000      0.40038
GET       2.100      0.51155
GET       2.200      0.57135
GET       2.300      0.57799
GET       2.400      0.58419
GET       2.500      0.59172
GET       2.600      0.62184
GET       2.700      0.68960
GET       2.800      0.82513
GET       2.900      0.90618
GET       3.000      0.91814
GET       3.100      0.94914
GET       3.200      0.95357
GET       3.300      0.95933
GET       3.400      0.96331
GET       3.500      0.98812
GET       3.600      1.18432
GET       3.700      1.28486
GET       3.800      1.29638
GET       3.900      1.31542
GET       4.000      1.31941
GET       4.100      1.34687
GET       4.200      1.36857
GET       4.300      1.40046
GET       4.400      1.43855
GET       4.500      1.45759
GET       4.600      1.48948
GET       4.700      1.52979
GET       4.800      1.57585
GET       4.900      1.65779
GET       5.000      1.86285
GET       5.100      2.29202
GET       5.200      3.28413
GET       5.300      6.39109
GET       5.400     19.60688
GET       5.500     45.30058
GET       5.600     59.80388
GET       5.700     66.14714
GET       5.800     68.89137
GET       5.900     70.46899
GET       6.000     71.46818
GET       6.100     72.08559
GET       6.200     72.35399
GET       6.300     72.48641
GET       6.400     72.55816
GET       6.500     72.59891
GET       6.600     72.61973
GET       6.700     72.63789
GET       6.800     72.65959
GET       6.900     72.67155
GET       7.000     72.69546
GET       7.100     72.78050
GET       7.200     72.89831
GET       7.300     72.97272
GET       7.400     73.03118
GET       7.500     73.06617
GET       7.600     73.11755
GET       7.700     73.17557
GET       7.800     73.25131
GET       7.900     73.32350
GET       8.000     73.41740
GET       8.100     73.54805
GET       8.200     73.77659
GET       8.300     74.02284
GET       8.400     74.24607
GET       8.500     74.38913
GET       8.600     74.46132
GET       8.700     74.57160
GET       8.800     74.77268
GET       8.900     75.15845
GET       9.000     76.25995
GET       9.100     78.30262
GET       9.200     80.21729
GET       9.300     81.59560
GET       9.400     82.48982
GET       9.500     82.93228
GET       9.600     83.27598
GET       9.700     83.65245
GET       9.800     84.17994
GET       9.900     84.62905
GET      10.000     85.45905
GET      11.000     86.43299
GET      12.000     87.38213
GET      13.000     88.85877
GET      14.000     91.80363
GET      15.000     92.29481
GET      16.000     92.92108
GET      17.000     93.37550
GET      18.000     96.09847
GET      19.000     96.47892
GET      20.000     96.81464
GET      21.000     97.19997
GET      22.000     98.53931
GET      23.000     98.68901
GET      24.000     98.84402
GET      25.000     98.96892
GET      26.000     99.24485
GET      27.000     99.35956
GET      28.000     99.40430
GET      29.000     99.42201
GET      30.000     99.54602
GET      31.000     99.57791
GET      32.000     99.63593
GET      33.000     99.65852
GET      34.000     99.67358
GET      35.000     99.71566
GET      36.000     99.72939
GET      37.000     99.75109
GET      38.000     99.76482
GET      40.000     99.78121
GET      42.000     99.80778
GET      43.000     99.81221
GET      45.000     99.81309
GET      47.000     99.81398
GET      49.000     99.81487
GET      50.000     99.81708
GET      51.000     99.81885
GET      52.000     99.82107
GET      53.000     99.82948
GET      54.000     99.83081
GET      55.000     99.84366
GET      56.000     99.85650
GET      57.000     99.86890
GET      58.000     99.87156
GET      59.000     99.88219
GET      63.000     99.89282
GET      64.000     99.89326
GET      67.000     99.89636
GET      68.000     99.90256
GET      69.000     99.90389
GET      70.000     99.92249
GET      71.000     99.92338
GET      72.000     99.92604
GET      73.000     99.92825
GET      74.000     99.94154
GET      75.000     99.94597
GET      76.000     99.97210
GET      78.000     99.98406
GET      79.000     99.98716
GET      80.000     99.98981
GET      81.000     99.99646
GET      82.000     99.99734
GET      84.000     99.99779
GET      89.000     99.99911
GET      90.000    100.00000
