[RUN #1] Preparing benchmark client...
[RUN #1] Launching threads now...
[RUN #1 5%,   0 secs]  8 threads:       59891 ops,       0 (avg:       0) ops/sec, 0.00KB/sec (avg: 0.00KB/sec),  0.00 (avg:  0.00) msec latency[RUN #1 10%,   1 secs]  8 threads:      140096 ops,   80191 (avg:   72918) ops/sec, 3.03MB/sec (avg: 2.75MB/sec),  4.00 (avg:  4.37) msec latency[RUN #1 15%,   2 secs]  8 threads:      217550 ops,   77442 (avg:   74467) ops/sec, 2.92MB/sec (avg: 2.81MB/sec),  4.13 (avg:  4.28) msec latency[RUN #1 20%,   3 secs]  8 threads:      297195 ops,   79634 (avg:   75785) ops/sec, 3.00MB/sec (avg: 2.86MB/sec),  4.01 (avg:  4.21) msec latency[RUN #1 25%,   4 secs]  8 threads:      375927 ops,   78720 (avg:   76381) ops/sec, 2.97MB/sec (avg: 2.88MB/sec),  4.06 (avg:  4.18) msec latency[RUN #1 30%,   5 secs]  8 threads:      454783 ops,   78539 (avg:   76747) ops/sec, 2.96MB/sec (avg: 2.90MB/sec),  4.07 (avg:  4.16) msec latency[RUN #1 35%,   6 secs]  8 threads:      532498 ops,   77703 (avg:   76885) ops/sec, 2.93MB/sec (avg: 2.90MB/sec),  4.11 (avg:  4.15) msec latency[RUN #1 40%,   7 secs]  8 threads:      610867 ops,   78358 (avg:   77071) ops/sec, 2.96MB/sec (avg: 2.91MB/sec),  4.07 (avg:  4.14) msec latency[RUN #1 45%,   8 secs]  8 threads:      690820 ops,   79941 (avg:   77392) ops/sec, 3.01MB/sec (avg: 2.92MB/sec),  4.01 (avg:  4.13) msec latency[RUN #1 50%,   9 secs]  8 threads:      770650 ops,   79818 (avg:   77637) ops/sec, 3.01MB/sec (avg: 2.93MB/sec),  4.01 (avg:  4.11) msec latency[RUN #1 55%,  10 secs]  8 threads:      850563 ops,   79900 (avg:   77844) ops/sec, 3.01MB/sec (avg: 2.94MB/sec),  4.00 (avg:  4.10) msec latency[RUN #1 60%,  11 secs]  8 threads:      931033 ops,   80456 (avg:   78063) ops/sec, 3.03MB/sec (avg: 2.94MB/sec),  3.96 (avg:  4.09) msec latency[RUN #1 65%,  12 secs]  8 threads:     1010877 ops,   79832 (avg:   78200) ops/sec, 3.01MB/sec (avg: 2.95MB/sec),  4.01 (avg:  4.09) msec latency[RUN #1 70%,  13 secs]  8 threads:     1088585 ops,   77697 (avg:   78164) ops/sec, 2.93MB/sec (avg: 2.95MB/sec),  4.11 (avg:  4.09) msec latency[RUN #1 75%,  14 secs]  8 threads:     1168204 ops,   79607 (avg:   78260) ops/sec, 3.00MB/sec (avg: 2.95MB/sec),  4.01 (avg:  4.08) msec latency[RUN #1 80%,  15 secs]  8 threads:     1248347 ops,   80129 (avg:   78378) ops/sec, 3.02MB/sec (avg: 2.96MB/sec),  4.00 (avg:  4.08) msec latency[RUN #1 85%,  16 secs]  8 threads:     1329852 ops,   81492 (avg:   78562) ops/sec, 3.07MB/sec (avg: 2.96MB/sec),  3.93 (avg:  4.07) msec latency[RUN #1 90%,  17 secs]  8 threads:     1409600 ops,   79732 (avg:   78627) ops/sec, 3.01MB/sec (avg: 2.97MB/sec),  3.97 (avg:  4.06) msec latency[RUN #1 95%,  18 secs]  8 threads:     1489409 ops,   79797 (avg:   78689) ops/sec, 3.01MB/sec (avg: 2.97MB/sec),  4.04 (avg:  4.06) msec latency[RUN #1 100%,  19 secs]  8 threads:     1576078 ops,   79797 (avg:   79104) ops/sec, 3.01MB/sec (avg: 2.98MB/sec),  4.04 (avg:  4.04) msec latency[RUN #1 100%,  20 secs]  0 threads:     1631983 ops,   79797 (avg:   81585) ops/sec, 3.01MB/sec (avg: 3.08MB/sec),  4.04 (avg:  3.92) msec latency

8         Threads
40        Connections per thread
20        Seconds
Type        Ops/sec     Hits/sec   Misses/sec      Latency       KB/sec
------------------------------------------------------------------------
Sets        7424.32          ---          ---      4.15700       550.33
Gets       74158.53      3227.41     70931.13      3.89400      2600.44
Totals     81582.85      3227.41     70931.13      3.91800      3150.77


Request Latency Distribution
Type     <= msec         Percent
------------------------------------------------------------------------
SET       1.000     70.17695
SET       2.000     73.13151
SET       3.000     75.45382
SET       4.000     77.63743
SET       5.000     80.02774
SET       6.000     82.01406
SET       7.000     83.72835
SET       8.000     85.41302
SET       9.000     87.08759
SET      10.000     88.53524
SET      11.000     89.74319
SET      12.000     90.91074
SET      13.000     92.07223
SET      14.000     92.94958
SET      15.000     93.74411
SET      16.000     94.41407
SET      17.000     95.07326
SET      18.000     95.60923
SET      19.000     96.04824
SET      20.000     96.45089
SET      21.000     96.86296
SET      22.000     97.21781
SET      23.000     97.50734
SET      24.000     97.77061
SET      25.000     97.98608
SET      26.000     98.16585
SET      27.000     98.30389
SET      28.000     98.44057
SET      29.000     98.57254
SET      30.000     98.68297
SET      31.000     98.76781
SET      32.000     98.84861
SET      33.000     98.91998
SET      34.000     98.99472
SET      35.000     99.07013
SET      36.000     99.13679
SET      37.000     99.18595
SET      38.000     99.23241
SET      39.000     99.27550
SET      40.000     99.31927
SET      41.000     99.35293
SET      42.000     99.40545
SET      43.000     99.44316
SET      44.000     99.47615
SET      45.000     99.50712
SET      46.000     99.52732
SET      47.000     99.54954
SET      48.000     99.57378
SET      49.000     99.59870
SET      50.000     99.61351
SET      51.000     99.63573
SET      52.000     99.64718
SET      53.000     99.66266
SET      54.000     99.67680
SET      55.000     99.69229
SET      56.000     99.70239
SET      57.000     99.71586
SET      58.000     99.73067
SET      59.000     99.74212
SET      60.000     99.75693
SET      61.000     99.76568
SET      62.000     99.77040
SET      63.000     99.77848
SET      64.000     99.78655
SET      65.000     99.79665
SET      66.000     99.80608
SET      67.000     99.81416
SET      68.000     99.81887
SET      69.000     99.82089
SET      70.000     99.82830
SET      71.000     99.83301
SET      72.000     99.83773
SET      73.000     99.84311
SET      74.000     99.84850
SET      75.000     99.85389
SET      76.000     99.85591
SET      77.000     99.85860
SET      78.000     99.86062
SET      79.000     99.86331
SET      80.000     99.86533
SET      81.000     99.86735
SET      82.000     99.87072
SET      83.000     99.87341
SET      84.000     99.87543
SET      85.000     99.87813
SET      86.000     99.88149
SET      87.000     99.88553
SET      88.000     99.89025
SET      89.000     99.89159
SET      90.000     99.89361
SET      92.000     99.89698
SET      93.000     99.89900
SET      94.000     99.90169
SET      95.000     99.90371
SET      96.000     99.90641
SET      97.000     99.90775
SET      98.000     99.90977
SET      99.000     99.91112
SET     100.000     99.91583
SET     110.000     99.92391
SET     120.000     99.92863
SET     130.000     99.92997
SET     140.000     99.93334
SET     150.000     99.93469
SET     160.000     99.94142
SET     170.000     99.94748
SET     180.000     99.95287
SET     190.000     99.95556
SET     200.000     99.95691
SET     210.000     99.96027
SET     220.000     99.96229
SET     230.000     99.96566
SET     240.000     99.97105
SET     250.000     99.98115
SET     260.000     99.98855
SET     270.000     99.99259
SET     280.000     99.99798
SET     290.000     99.99933
SET     300.000    100.00000
---
GET       0.087      0.00007
GET       0.095      0.00020
GET       0.096      0.00027
GET       0.097      0.00034
GET       0.100      0.00061
GET       0.110      0.00169
GET       0.120      0.00351
GET       0.130      0.00586
GET       0.140      0.00917
GET       0.150      0.01240
GET       0.160      0.01773
GET       0.170      0.02231
GET       0.180      0.02717
GET       0.190      0.03276
GET       0.200      0.03775
GET       0.210      0.04200
GET       0.220      0.04611
GET       0.230      0.05009
GET       0.240      0.05346
GET       0.250      0.05817
GET       0.260      0.06229
GET       0.270      0.06667
GET       0.280      0.07267
GET       0.290      0.08049
GET       0.300      0.08878
GET       0.310      0.09788
GET       0.320      0.10684
GET       0.330      0.11851
GET       0.340      0.13421
GET       0.350      0.15208
GET       0.360      0.17338
GET       0.370      0.21544
GET       0.380      0.30038
GET       0.390      0.46695
GET       0.400      0.72937
GET       0.410      1.09702
GET       0.420      1.54355
GET       0.430      2.00207
GET       0.440      2.41927
GET       0.450      2.76285
GET       0.460      3.03863
GET       0.470      3.25986
GET       0.480      3.43978
GET       0.490      3.56981
GET       0.500      3.67517
GET       0.510      3.76052
GET       0.520      3.83406
GET       0.530      3.91327
GET       0.540      4.00407
GET       0.550      4.10666
GET       0.560      4.23225
GET       0.570      4.40145
GET       0.580      4.63569
GET       0.590      4.96061
GET       0.600      5.39041
GET       0.610      5.97425
GET       0.620      6.76254
GET       0.630      7.83031
GET       0.640      9.22515
GET       0.650     10.96519
GET       0.660     13.06588
GET       0.670     15.52094
GET       0.680     18.33482
GET       0.690     21.47207
GET       0.700     24.69688
GET       0.710     27.83028
GET       0.720     30.79671
GET       0.730     33.55390
GET       0.740     35.97303
GET       0.750     37.99046
GET       0.760     39.64193
GET       0.770     41.00233
GET       0.780     42.11823
GET       0.790     43.05677
GET       0.800     43.85389
GET       0.810     44.55475
GET       0.820     45.15813
GET       0.830     45.71002
GET       0.840     46.20851
GET       0.850     46.64923
GET       0.860     47.05942
GET       0.870     47.43119
GET       0.880     47.77113
GET       0.890     48.08661
GET       0.900     48.36757
GET       0.910     48.61456
GET       0.920     48.84045
GET       0.930     49.04288
GET       0.940     49.22570
GET       0.950     49.39011
GET       0.960     49.54145
GET       0.970     49.67687
GET       0.980     49.79484
GET       0.990     49.90869
GET       1.000     50.39344
GET       1.100     51.14802
GET       1.200     52.54637
GET       1.300     56.91768
GET       1.400     63.92997
GET       1.500     67.91226
GET       1.600     69.67098
GET       1.700     70.57454
GET       1.800     71.10074
GET       1.900     71.47082
GET       2.000     71.75299
GET       2.100     71.99136
GET       2.200     72.22459
GET       2.300     72.46026
GET       2.400     72.71237
GET       2.500     72.98693
GET       2.600     73.31346
GET       2.700     73.67174
GET       2.800     74.03447
GET       2.900     74.35211
GET       3.000     74.65148
GET       3.100     74.90810
GET       3.200     75.13285
GET       3.300     75.35584
GET       3.400     75.56670
GET       3.500     75.77310
GET       3.600     75.98174
GET       3.700     76.20210
GET       3.800     76.41902
GET       3.900     76.62954
GET       4.000     76.83332
GET       4.100     77.03306
GET       4.200     77.23987
GET       4.300     77.43839
GET       4.400     77.64500
GET       4.500     77.85229
GET       4.600     78.03847
GET       4.700     78.26079
GET       4.800     78.47124
GET       4.900     78.67711
GET       5.000     78.88055
GET       5.100     79.09101
GET       5.200     79.28811
GET       5.300     79.52088
GET       5.400     79.78351
GET       5.500     80.03306
GET       5.600     80.26791
GET       5.700     80.48915
GET       5.800     80.71322
GET       5.900     80.91579
GET       6.000     81.11465
GET       6.100     81.31816
GET       6.200     81.52881
GET       6.300     81.71789
GET       6.400     81.91345
GET       6.500     82.09478
GET       6.600     82.27537
GET       6.700     82.47504
GET       6.800     82.65462
GET       6.900     82.83770
GET       7.000     83.01283
GET       7.100     83.17745
GET       7.200     83.34280
GET       7.300     83.50573
GET       7.400     83.67567
GET       7.500     83.84413
GET       7.600     84.01811
GET       7.700     84.17700
GET       7.800     84.31883
GET       7.900     84.47333
GET       8.000     84.63707
GET       8.100     84.80984
GET       8.200     84.97075
GET       8.300     85.12019
GET       8.400     85.26695
GET       8.500     85.40864
GET       8.600     85.55883
GET       8.700     85.73726
GET       8.800     85.91246
GET       8.900     86.06636
GET       9.000     86.22079
GET       9.100     86.37530
GET       9.200     86.52312
GET       9.300     86.68241
GET       9.400     86.87581
GET       9.500     87.06503
GET       9.600     87.24016
GET       9.700     87.40134
GET       9.800     87.55793
GET       9.900     87.69855
GET      10.000     88.40979
GET      11.000     89.71767
GET      12.000     90.78234
GET      13.000     91.94974
GET      14.000     92.96803
GET      15.000     93.79690
GET      16.000     94.44733
GET      17.000     95.09116
GET      18.000     95.68706
GET      19.000     96.15158
GET      20.000     96.52429
GET      21.000     96.90104
GET      22.000     97.25690
GET      23.000     97.56226
GET      24.000     97.80528
GET      25.000     98.03063
GET      26.000     98.23171
GET      27.000     98.39943
GET      28.000     98.52986
GET      29.000     98.65228
GET      30.000     98.76714
GET      31.000     98.86610
GET      32.000     98.95414
GET      33.000     99.02789
GET      34.000     99.09347
GET      35.000     99.16324
GET      36.000     99.22344
GET      37.000     99.27858
GET      38.000     99.33264
GET      39.000     99.37855
GET      40.000     99.42001
GET      41.000     99.45560
GET      42.000     99.49112
GET      43.000     99.52348
GET      44.000     99.55368
GET      45.000     99.58927
GET      46.000     99.61799
GET      47.000     99.63707
GET      48.000     99.66079
GET      49.000     99.68735
GET      50.000     99.70737
GET      51.000     99.73077
GET      52.000     99.74553
GET      53.000     99.76171
GET      54.000     99.77445
GET      55.000     99.78597
GET      56.000     99.79757
GET      57.000     99.80990
GET      58.000     99.81914
GET      59.000     99.83107
GET      60.000     99.84091
GET      61.000     99.85123
GET      62.000     99.86053
GET      63.000     99.86896
GET      64.000     99.87651
GET      65.000     99.88291
GET      66.000     99.88945
GET      67.000     99.89612
GET      68.000     99.90212
GET      69.000     99.90650
GET      70.000     99.91230
GET      71.000     99.91722
GET      72.000     99.92302
GET      73.000     99.92787
GET      74.000     99.93185
GET      75.000     99.93670
GET      76.000     99.94075
GET      77.000     99.94351
GET      78.000     99.94641
GET      79.000     99.94924
GET      80.000     99.95221
GET      81.000     99.95463
GET      82.000     99.95726
GET      83.000     99.96030
GET      84.000     99.96212
GET      85.000     99.96461
GET      86.000     99.96670
GET      87.000     99.96946
GET      88.000     99.97202
GET      89.000     99.97331
GET      90.000     99.97499
GET      91.000     99.97614
GET      92.000     99.97728
GET      93.000     99.97809
GET      94.000     99.97890
GET      95.000     99.98113
GET      96.000     99.98193
GET      97.000     99.98308
GET      98.000     99.98348
GET      99.000     99.98429
GET     100.000     99.98969
GET     110.000     99.99393
GET     120.000     99.99656
GET     130.000     99.99805
GET     140.000     99.99899
GET     150.000     99.99906
GET     160.000     99.99946
GET     170.000     99.99993
GET     190.000    100.00000
