[RUN #1] Preparing benchmark client...
[RUN #1] Launching threads now...
[RUN #1 5%,   1 secs]  8 threads:       78747 ops,   78715 (avg:   78715) ops/sec, 2.97MB/sec (avg: 2.97MB/sec),  4.01 (avg:  4.01) msec latency[RUN #1 10%,   2 secs]  8 threads:      161216 ops,   82452 (avg:   80583) ops/sec, 3.11MB/sec (avg: 3.04MB/sec),  3.90 (avg:  3.95) msec latency[RUN #1 15%,   3 secs]  8 threads:      243030 ops,   81799 (avg:   80989) ops/sec, 3.08MB/sec (avg: 3.06MB/sec),  3.89 (avg:  3.93) msec latency[RUN #1 20%,   4 secs]  8 threads:      324862 ops,   81820 (avg:   81196) ops/sec, 3.09MB/sec (avg: 3.06MB/sec),  3.91 (avg:  3.93) msec latency[RUN #1 25%,   5 secs]  8 threads:      405994 ops,   81120 (avg:   81181) ops/sec, 3.06MB/sec (avg: 3.06MB/sec),  3.95 (avg:  3.93) msec latency[RUN #1 30%,   6 secs]  8 threads:      486742 ops,   80736 (avg:   81107) ops/sec, 3.04MB/sec (avg: 3.06MB/sec),  3.94 (avg:  3.93) msec latency[RUN #1 35%,   7 secs]  8 threads:      564869 ops,   78116 (avg:   80680) ops/sec, 2.95MB/sec (avg: 3.04MB/sec),  4.11 (avg:  3.96) msec latency[RUN #1 40%,   8 secs]  8 threads:      644218 ops,   79338 (avg:   80512) ops/sec, 2.99MB/sec (avg: 3.04MB/sec),  4.02 (avg:  3.97) msec latency[RUN #1 45%,   9 secs]  8 threads:      725162 ops,   80932 (avg:   80559) ops/sec, 3.05MB/sec (avg: 3.04MB/sec),  3.94 (avg:  3.96) msec latency[RUN #1 50%,  10 secs]  8 threads:      804471 ops,   79297 (avg:   80432) ops/sec, 2.99MB/sec (avg: 3.03MB/sec),  4.05 (avg:  3.97) msec latency[RUN #1 55%,  11 secs]  8 threads:      884377 ops,   79894 (avg:   80384) ops/sec, 3.01MB/sec (avg: 3.03MB/sec),  3.99 (avg:  3.97) msec latency[RUN #1 60%,  12 secs]  8 threads:      966204 ops,   81815 (avg:   80503) ops/sec, 3.09MB/sec (avg: 3.04MB/sec),  3.90 (avg:  3.97) msec latency[RUN #1 65%,  13 secs]  8 threads:     1048518 ops,   82302 (avg:   80641) ops/sec, 3.10MB/sec (avg: 3.04MB/sec),  3.89 (avg:  3.96) msec latency[RUN #1 70%,  14 secs]  8 threads:     1127321 ops,   78791 (avg:   80509) ops/sec, 2.97MB/sec (avg: 3.04MB/sec),  4.06 (avg:  3.97) msec latency[RUN #1 75%,  15 secs]  8 threads:     1208274 ops,   80941 (avg:   80538) ops/sec, 3.05MB/sec (avg: 3.04MB/sec),  3.96 (avg:  3.97) msec latency[RUN #1 80%,  16 secs]  8 threads:     1290685 ops,   82399 (avg:   80654) ops/sec, 3.11MB/sec (avg: 3.04MB/sec),  3.88 (avg:  3.96) msec latency[RUN #1 85%,  17 secs]  8 threads:     1372292 ops,   81595 (avg:   80710) ops/sec, 3.08MB/sec (avg: 3.04MB/sec),  3.92 (avg:  3.96) msec latency[RUN #1 90%,  18 secs]  8 threads:     1452842 ops,   80538 (avg:   80700) ops/sec, 3.04MB/sec (avg: 3.04MB/sec),  3.98 (avg:  3.96) msec latency[RUN #1 95%,  19 secs]  8 threads:     1532613 ops,   79752 (avg:   80650) ops/sec, 3.01MB/sec (avg: 3.04MB/sec),  3.99 (avg:  3.96) msec latency[RUN #1 100%,  20 secs]  8 threads:     1612110 ops,   79752 (avg:   80596) ops/sec, 3.01MB/sec (avg: 3.04MB/sec),  3.99 (avg:  3.97) msec latency[RUN #1 100%,  20 secs]  0 threads:     1612304 ops,   79752 (avg:   80584) ops/sec, 3.01MB/sec (avg: 3.04MB/sec),  3.99 (avg:  3.97) msec latency

8         Threads
40        Connections per thread
20        Seconds
Type        Ops/sec     Hits/sec   Misses/sec      Latency       KB/sec
------------------------------------------------------------------------
Sets        7332.82          ---          ---      4.05900       543.55
Gets       73249.07      3038.09     70210.97      3.95700      2568.55
Totals     80581.88      3038.09     70210.97      3.96600      3112.10


Request Latency Distribution
Type     <= msec         Percent
------------------------------------------------------------------------
SET       1.000     69.45139
SET       2.000     72.79661
SET       3.000     75.32733
SET       4.000     77.59837
SET       5.000     80.01118
SET       6.000     82.07570
SET       7.000     83.84236
SET       8.000     85.47885
SET       9.000     87.15486
SET      10.000     88.59096
SET      11.000     89.79805
SET      12.000     90.97991
SET      13.000     92.18904
SET      14.000     93.12145
SET      15.000     93.84325
SET      16.000     94.50779
SET      17.000     95.23573
SET      18.000     95.77759
SET      19.000     96.19267
SET      20.000     96.56209
SET      21.000     96.97377
SET      22.000     97.28934
SET      23.000     97.59537
SET      24.000     97.81689
SET      25.000     98.03636
SET      26.000     98.22311
SET      27.000     98.37101
SET      28.000     98.51074
SET      29.000     98.65455
SET      30.000     98.76088
SET      31.000     98.86380
SET      32.000     98.95104
SET      33.000     99.03215
SET      34.000     99.09622
SET      35.000     99.15961
SET      36.000     99.21959
SET      37.000     99.28025
SET      38.000     99.33068
SET      39.000     99.36953
SET      40.000     99.41111
SET      41.000     99.45882
SET      42.000     99.49154
SET      43.000     99.52971
SET      44.000     99.56924
SET      45.000     99.59650
SET      46.000     99.62445
SET      47.000     99.64081
SET      48.000     99.65989
SET      49.000     99.68443
SET      50.000     99.70010
SET      51.000     99.71714
SET      52.000     99.73418
SET      53.000     99.75122
SET      54.000     99.76417
SET      55.000     99.77849
SET      56.000     99.79961
SET      57.000     99.81188
SET      58.000     99.82347
SET      59.000     99.83778
SET      60.000     99.84255
SET      61.000     99.85550
SET      62.000     99.86232
SET      63.000     99.87050
SET      64.000     99.88140
SET      65.000     99.88754
SET      66.000     99.89026
SET      67.000     99.89299
SET      68.000     99.89913
SET      69.000     99.90322
SET      70.000     99.90799
SET      71.000     99.91139
SET      72.000     99.91753
SET      73.000     99.92094
SET      74.000     99.92503
SET      75.000     99.92912
SET      76.000     99.93389
SET      77.000     99.93729
SET      78.000     99.94207
SET      79.000     99.94752
SET      80.000     99.95093
SET      81.000     99.95706
SET      82.000     99.96183
SET      83.000     99.96388
SET      84.000     99.96865
SET      85.000     99.97069
SET      86.000     99.97342
SET      87.000     99.97683
SET      88.000     99.97819
SET      89.000     99.97887
SET      90.000     99.98023
SET      92.000     99.98092
SET      93.000     99.98296
SET      94.000     99.98432
SET      95.000     99.98569
SET      97.000     99.98637
SET      98.000     99.98705
SET      99.000     99.98773
SET     100.000     99.99318
SET     110.000     99.99727
SET     120.000     99.99796
SET     130.000    100.00000
---
GET       0.080      0.00014
GET       0.084      0.00020
GET       0.090      0.00034
GET       0.092      0.00041
GET       0.093      0.00048
GET       0.094      0.00061
GET       0.095      0.00089
GET       0.096      0.00116
GET       0.097      0.00136
GET       0.099      0.00164
GET       0.100      0.00259
GET       0.110      0.00450
GET       0.120      0.00867
GET       0.130      0.01556
GET       0.140      0.02559
GET       0.150      0.03889
GET       0.160      0.05199
GET       0.170      0.06318
GET       0.180      0.07465
GET       0.190      0.08959
GET       0.200      0.10446
GET       0.210      0.11613
GET       0.220      0.12664
GET       0.230      0.13749
GET       0.240      0.14977
GET       0.250      0.16321
GET       0.260      0.17154
GET       0.270      0.18116
GET       0.280      0.19044
GET       0.290      0.20060
GET       0.300      0.21145
GET       0.310      0.21943
GET       0.320      0.22817
GET       0.330      0.23697
GET       0.340      0.24816
GET       0.350      0.25990
GET       0.360      0.26897
GET       0.370      0.27805
GET       0.380      0.28801
GET       0.390      0.29824
GET       0.400      0.30957
GET       0.410      0.32130
GET       0.420      0.33318
GET       0.430      0.34662
GET       0.440      0.36081
GET       0.450      0.37596
GET       0.460      0.39418
GET       0.470      0.41205
GET       0.480      0.43225
GET       0.490      0.45668
GET       0.500      0.48847
GET       0.510      0.52218
GET       0.520      0.56039
GET       0.530      0.61129
GET       0.540      0.68177
GET       0.550      0.77143
GET       0.560      0.89282
GET       0.570      1.06483
GET       0.580      1.29887
GET       0.590      1.63382
GET       0.600      2.09240
GET       0.610      2.70847
GET       0.620      3.55312
GET       0.630      4.68290
GET       0.640      6.16272
GET       0.650      7.99304
GET       0.660     10.20813
GET       0.670     12.79228
GET       0.680     15.77559
GET       0.690     19.06444
GET       0.700     22.41273
GET       0.710     25.73344
GET       0.720     28.85329
GET       0.730     31.71112
GET       0.740     34.27910
GET       0.750     36.42929
GET       0.760     38.20551
GET       0.770     39.63579
GET       0.780     40.83702
GET       0.790     41.83150
GET       0.800     42.68474
GET       0.810     43.41660
GET       0.820     44.05941
GET       0.830     44.64013
GET       0.840     45.17153
GET       0.850     45.63728
GET       0.860     46.07512
GET       0.870     46.45674
GET       0.880     46.80903
GET       0.890     47.12726
GET       0.900     47.41397
GET       0.910     47.66950
GET       0.920     47.90128
GET       0.930     48.10421
GET       0.940     48.28891
GET       0.950     48.45553
GET       0.960     48.61083
GET       0.970     48.74627
GET       0.980     48.87066
GET       0.990     48.99040
GET       1.000     49.51368
GET       1.100     50.32107
GET       1.200     51.80982
GET       1.300     56.10871
GET       1.400     62.91691
GET       1.500     66.79911
GET       1.600     68.58214
GET       1.700     69.48752
GET       1.800     70.04477
GET       1.900     70.42612
GET       2.000     70.72108
GET       2.100     70.97648
GET       2.200     71.21822
GET       2.300     71.47232
GET       2.400     71.74450
GET       2.500     72.02704
GET       2.600     72.36629
GET       2.700     72.73359
GET       2.800     73.11664
GET       2.900     73.44450
GET       3.000     73.75714
GET       3.100     74.04003
GET       3.200     74.29208
GET       3.300     74.53853
GET       3.400     74.77297
GET       3.500     74.99091
GET       3.600     75.22174
GET       3.700     75.46335
GET       3.800     75.69534
GET       3.900     75.92719
GET       4.000     76.15119
GET       4.100     76.37247
GET       4.200     76.59395
GET       4.300     76.81966
GET       4.400     77.03896
GET       4.500     77.24816
GET       4.600     77.45920
GET       4.700     77.69126
GET       4.800     77.90667
GET       4.900     78.12638
GET       5.000     78.34670
GET       5.100     78.55658
GET       5.200     78.77601
GET       5.300     79.03004
GET       5.400     79.30072
GET       5.500     79.57010
GET       5.600     79.82597
GET       5.700     80.06130
GET       5.800     80.29609
GET       5.900     80.50747
GET       6.000     80.73134
GET       6.100     80.94579
GET       6.200     81.15069
GET       6.300     81.35737
GET       6.400     81.56002
GET       6.500     81.75032
GET       6.600     81.94641
GET       6.700     82.15780
GET       6.800     82.35608
GET       6.900     82.54774
GET       7.000     82.73429
GET       7.100     82.91012
GET       7.200     83.08685
GET       7.300     83.24453
GET       7.400     83.41879
GET       7.500     83.58726
GET       7.600     83.77128
GET       7.700     83.93012
GET       7.800     84.07293
GET       7.900     84.23724
GET       8.000     84.41744
GET       8.100     84.58822
GET       8.200     84.75873
GET       8.300     84.91430
GET       8.400     85.05882
GET       8.500     85.21637
GET       8.600     85.37003
GET       8.700     85.54900
GET       8.800     85.73623
GET       8.900     85.90333
GET       9.000     86.06667
GET       9.100     86.23159
GET       9.200     86.37809
GET       9.300     86.54177
GET       9.400     86.73589
GET       9.500     86.93909
GET       9.600     87.11629
GET       9.700     87.27691
GET       9.800     87.43220
GET       9.900     87.57645
GET      10.000     88.30482
GET      11.000     89.62757
GET      12.000     90.71451
GET      13.000     91.90434
GET      14.000     92.91656
GET      15.000     93.74578
GET      16.000     94.38996
GET      17.000     95.04199
GET      18.000     95.65362
GET      19.000     96.12312
GET      20.000     96.49431
GET      21.000     96.87600
GET      22.000     97.24493
GET      23.000     97.56405
GET      24.000     97.80245
GET      25.000     98.02782
GET      26.000     98.22883
GET      27.000     98.39354
GET      28.000     98.53308
GET      29.000     98.65494
GET      30.000     98.76950
GET      31.000     98.86776
GET      32.000     98.95018
GET      33.000     99.02476
GET      34.000     99.09374
GET      35.000     99.16614
GET      36.000     99.23102
GET      37.000     99.28547
GET      38.000     99.33665
GET      39.000     99.38421
GET      40.000     99.42337
GET      41.000     99.46226
GET      42.000     99.49481
GET      43.000     99.53227
GET      44.000     99.56270
GET      45.000     99.59634
GET      46.000     99.62738
GET      47.000     99.65058
GET      48.000     99.67208
GET      49.000     99.69569
GET      50.000     99.71486
GET      51.000     99.73198
GET      52.000     99.74856
GET      53.000     99.76323
GET      54.000     99.77593
GET      55.000     99.78978
GET      56.000     99.80260
GET      57.000     99.81577
GET      58.000     99.82614
GET      59.000     99.83740
GET      60.000     99.84757
GET      61.000     99.85508
GET      62.000     99.86319
GET      63.000     99.87063
GET      64.000     99.87780
GET      65.000     99.88551
GET      66.000     99.89178
GET      67.000     99.90004
GET      68.000     99.90516
GET      69.000     99.91048
GET      70.000     99.91601
GET      71.000     99.92160
GET      72.000     99.92563
GET      73.000     99.92945
GET      74.000     99.93272
GET      75.000     99.93654
GET      76.000     99.93982
GET      77.000     99.94391
GET      78.000     99.94753
GET      79.000     99.95026
GET      80.000     99.95278
GET      81.000     99.95551
GET      82.000     99.95879
GET      83.000     99.96206
GET      84.000     99.96391
GET      85.000     99.96759
GET      86.000     99.96923
GET      87.000     99.97237
GET      88.000     99.97339
GET      89.000     99.97489
GET      90.000     99.97639
GET      91.000     99.97687
GET      92.000     99.97817
GET      93.000     99.97933
GET      94.000     99.98062
GET      95.000     99.98199
GET      96.000     99.98301
GET      97.000     99.98362
GET      98.000     99.98410
GET      99.000     99.98540
GET     100.000     99.98929
GET     110.000     99.99400
GET     120.000     99.99638
GET     130.000     99.99775
GET     140.000     99.99850
GET     150.000     99.99864
GET     160.000     99.99959
GET     170.000    100.00000
