[RUN #1] Preparing benchmark client...
[RUN #1] Launching threads now...
[RUN #1 5%,   1 secs]  8 threads:       68318 ops,   68317 (avg:   68317) ops/sec, 2.58MB/sec (avg: 2.58MB/sec),  4.63 (avg:  4.63) msec latency[RUN #1 10%,   2 secs]  8 threads:      150663 ops,   82330 (avg:   75324) ops/sec, 3.11MB/sec (avg: 2.84MB/sec),  3.90 (avg:  4.23) msec latency[RUN #1 15%,   3 secs]  8 threads:      230766 ops,   80090 (avg:   76913) ops/sec, 3.02MB/sec (avg: 2.90MB/sec),  3.99 (avg:  4.15) msec latency[RUN #1 20%,   4 secs]  8 threads:      313132 ops,   82354 (avg:   78273) ops/sec, 3.11MB/sec (avg: 2.95MB/sec),  3.88 (avg:  4.08) msec latency[RUN #1 25%,   5 secs]  8 threads:      395901 ops,   82757 (avg:   79170) ops/sec, 3.12MB/sec (avg: 2.99MB/sec),  3.87 (avg:  4.03) msec latency[RUN #1 30%,   6 secs]  8 threads:      478189 ops,   82274 (avg:   79687) ops/sec, 3.10MB/sec (avg: 3.01MB/sec),  3.88 (avg:  4.01) msec latency[RUN #1 35%,   7 secs]  8 threads:      558783 ops,   80582 (avg:   79815) ops/sec, 3.04MB/sec (avg: 3.01MB/sec),  3.97 (avg:  4.00) msec latency[RUN #1 40%,   8 secs]  8 threads:      638956 ops,   80156 (avg:   79858) ops/sec, 3.02MB/sec (avg: 3.01MB/sec),  3.97 (avg:  4.00) msec latency[RUN #1 45%,   9 secs]  8 threads:      721249 ops,   82280 (avg:   80127) ops/sec, 3.10MB/sec (avg: 3.02MB/sec),  3.89 (avg:  3.99) msec latency[RUN #1 50%,  10 secs]  8 threads:      804048 ops,   82787 (avg:   80393) ops/sec, 3.12MB/sec (avg: 3.03MB/sec),  3.86 (avg:  3.97) msec latency[RUN #1 55%,  11 secs]  8 threads:      885860 ops,   81800 (avg:   80521) ops/sec, 3.08MB/sec (avg: 3.04MB/sec),  3.91 (avg:  3.97) msec latency[RUN #1 60%,  12 secs]  8 threads:      968000 ops,   82128 (avg:   80655) ops/sec, 3.10MB/sec (avg: 3.04MB/sec),  3.89 (avg:  3.96) msec latency[RUN #1 65%,  13 secs]  8 threads:     1050601 ops,   82589 (avg:   80804) ops/sec, 3.11MB/sec (avg: 3.05MB/sec),  3.87 (avg:  3.95) msec latency[RUN #1 70%,  14 secs]  8 threads:     1131346 ops,   80733 (avg:   80799) ops/sec, 3.04MB/sec (avg: 3.05MB/sec),  3.96 (avg:  3.95) msec latency[RUN #1 75%,  15 secs]  8 threads:     1213095 ops,   81737 (avg:   80861) ops/sec, 3.08MB/sec (avg: 3.05MB/sec),  3.91 (avg:  3.95) msec latency[RUN #1 80%,  16 secs]  8 threads:     1295473 ops,   82366 (avg:   80955) ops/sec, 3.11MB/sec (avg: 3.05MB/sec),  3.88 (avg:  3.95) msec latency[RUN #1 85%,  17 secs]  8 threads:     1378052 ops,   82567 (avg:   81050) ops/sec, 3.11MB/sec (avg: 3.06MB/sec),  3.87 (avg:  3.94) msec latency[RUN #1 90%,  18 secs]  8 threads:     1461252 ops,   83188 (avg:   81169) ops/sec, 3.14MB/sec (avg: 3.06MB/sec),  3.82 (avg:  3.94) msec latency[RUN #1 95%,  19 secs]  8 threads:     1544702 ops,   83434 (avg:   81288) ops/sec, 3.15MB/sec (avg: 3.07MB/sec),  3.85 (avg:  3.93) msec latency[RUN #1 100%,  20 secs]  8 threads:     1631518 ops,   83434 (avg:   81567) ops/sec, 3.15MB/sec (avg: 3.08MB/sec),  3.85 (avg:  3.92) msec latency[RUN #1 100%,  20 secs]  0 threads:     1631666 ops,   83434 (avg:   81557) ops/sec, 3.15MB/sec (avg: 3.08MB/sec),  3.85 (avg:  3.92) msec latency

8         Threads
40        Connections per thread
20        Seconds
Type        Ops/sec     Hits/sec   Misses/sec      Latency       KB/sec
------------------------------------------------------------------------
Sets        7421.94          ---          ---      4.07200       550.16
Gets       74141.42      3143.58     70997.84      3.90400      2599.84
Totals     81563.36      3143.58     70997.84      3.91900      3150.00


Request Latency Distribution
Type     <= msec         Percent
------------------------------------------------------------------------
SET       1.000     70.00101
SET       2.000     72.92743
SET       3.000     75.37835
SET       4.000     77.56861
SET       5.000     80.01212
SET       6.000     81.99966
SET       7.000     83.78919
SET       8.000     85.47365
SET       9.000     87.26520
SET      10.000     88.71123
SET      11.000     89.88449
SET      12.000     91.03822
SET      13.000     92.17848
SET      14.000     93.09311
SET      15.000     93.83937
SET      16.000     94.52837
SET      17.000     95.22950
SET      18.000     95.77909
SET      19.000     96.20273
SET      20.000     96.58057
SET      21.000     96.97996
SET      22.000     97.29921
SET      23.000     97.58680
SET      24.000     97.82253
SET      25.000     98.02593
SET      26.000     98.22125
SET      27.000     98.38559
SET      28.000     98.50884
SET      29.000     98.62670
SET      30.000     98.74255
SET      31.000     98.82539
SET      32.000     98.90419
SET      33.000     98.97087
SET      34.000     99.04361
SET      35.000     99.12713
SET      36.000     99.18101
SET      37.000     99.23354
SET      38.000     99.29214
SET      39.000     99.33322
SET      40.000     99.37902
SET      41.000     99.41808
SET      42.000     99.45782
SET      43.000     99.50227
SET      44.000     99.53460
SET      45.000     99.56558
SET      46.000     99.58309
SET      47.000     99.60263
SET      48.000     99.62283
SET      49.000     99.64102
SET      50.000     99.66257
SET      51.000     99.68614
SET      52.000     99.70365
SET      53.000     99.71847
SET      54.000     99.72521
SET      55.000     99.73531
SET      56.000     99.74811
SET      57.000     99.76023
SET      58.000     99.77033
SET      59.000     99.78448
SET      60.000     99.79458
SET      61.000     99.80131
SET      62.000     99.80940
SET      63.000     99.81478
SET      64.000     99.82017
SET      65.000     99.82825
SET      66.000     99.83836
SET      67.000     99.84846
SET      68.000     99.85924
SET      69.000     99.86395
SET      70.000     99.87136
SET      71.000     99.87742
SET      72.000     99.88281
SET      73.000     99.88416
SET      74.000     99.89089
SET      75.000     99.89493
SET      76.000     99.89763
SET      77.000     99.89830
SET      78.000     99.89965
SET      79.000     99.90369
SET      80.000     99.90706
SET      81.000     99.91042
SET      82.000     99.91581
SET      83.000     99.91783
SET      84.000     99.92322
SET      85.000     99.92591
SET      86.000     99.93063
SET      87.000     99.93265
SET      88.000     99.93938
SET      89.000     99.94275
SET      90.000     99.94545
SET      91.000     99.94747
SET      92.000     99.94881
SET      93.000     99.94949
SET      94.000     99.95083
SET      95.000     99.95285
SET      96.000     99.95487
SET      97.000     99.95690
SET      98.000     99.95892
SET      99.000     99.95959
SET     100.000     99.96363
SET     110.000     99.97037
SET     120.000     99.97373
SET     130.000     99.97777
SET     140.000     99.98451
SET     150.000     99.98922
SET     160.000     99.99529
SET     170.000     99.99865
SET     180.000    100.00000
---
GET       0.190      0.00007
GET       0.220      0.00013
GET       0.240      0.00047
GET       0.250      0.00074
GET       0.260      0.00101
GET       0.270      0.00121
GET       0.280      0.00169
GET       0.290      0.00216
GET       0.300      0.00310
GET       0.310      0.00411
GET       0.320      0.00587
GET       0.330      0.00796
GET       0.340      0.01153
GET       0.350      0.01470
GET       0.360      0.02002
GET       0.370      0.02670
GET       0.380      0.03688
GET       0.390      0.05225
GET       0.400      0.07302
GET       0.410      0.09648
GET       0.420      0.12332
GET       0.430      0.16303
GET       0.440      0.21622
GET       0.450      0.26874
GET       0.460      0.31466
GET       0.470      0.35801
GET       0.480      0.41006
GET       0.490      0.46252
GET       0.500      0.50937
GET       0.510      0.55286
GET       0.520      0.60093
GET       0.530      0.65352
GET       0.540      0.72074
GET       0.550      0.81075
GET       0.560      0.92490
GET       0.570      1.08543
GET       0.580      1.31042
GET       0.590      1.62939
GET       0.600      2.07202
GET       0.610      2.67747
GET       0.620      3.49598
GET       0.630      4.59988
GET       0.640      6.06126
GET       0.650      7.91051
GET       0.660     10.13052
GET       0.670     12.73976
GET       0.680     15.81961
GET       0.690     19.22470
GET       0.700     22.69950
GET       0.710     26.11370
GET       0.720     29.33614
GET       0.730     32.31168
GET       0.740     34.93798
GET       0.750     37.13264
GET       0.760     38.92061
GET       0.770     40.36810
GET       0.780     41.59694
GET       0.790     42.61737
GET       0.800     43.47154
GET       0.810     44.22505
GET       0.820     44.88545
GET       0.830     45.48200
GET       0.840     46.01916
GET       0.850     46.50945
GET       0.860     46.96597
GET       0.870     47.37819
GET       0.880     47.76034
GET       0.890     48.11134
GET       0.900     48.41366
GET       0.910     48.68908
GET       0.920     48.93045
GET       0.930     49.14944
GET       0.940     49.35204
GET       0.950     49.53496
GET       0.960     49.69266
GET       0.970     49.84604
GET       0.980     49.98143
GET       0.990     50.10730
GET       1.000     50.64783
GET       1.100     51.45190
GET       1.200     52.93688
GET       1.300     57.27246
GET       1.400     63.94166
GET       1.500     67.70571
GET       1.600     69.43003
GET       1.700     70.31630
GET       1.800     70.83322
GET       1.900     71.20580
GET       2.000     71.48789
GET       2.100     71.72738
GET       2.200     71.95513
GET       2.300     72.19326
GET       2.400     72.43693
GET       2.500     72.70021
GET       2.600     73.02343
GET       2.700     73.36277
GET       2.800     73.70069
GET       2.900     74.00787
GET       3.000     74.30122
GET       3.100     74.55486
GET       3.200     74.78288
GET       3.300     75.01293
GET       3.400     75.22942
GET       3.500     75.43506
GET       3.600     75.64548
GET       3.700     75.87027
GET       3.800     76.09640
GET       3.900     76.30932
GET       4.000     76.52042
GET       4.100     76.73199
GET       4.200     76.94100
GET       4.300     77.15453
GET       4.400     77.35619
GET       4.500     77.56088
GET       4.600     77.75971
GET       4.700     77.98537
GET       4.800     78.20375
GET       4.900     78.42658
GET       5.000     78.64078
GET       5.100     78.85053
GET       5.200     79.06062
GET       5.300     79.29296
GET       5.400     79.56568
GET       5.500     79.82539
GET       5.600     80.06622
GET       5.700     80.30024
GET       5.800     80.52092
GET       5.900     80.72770
GET       6.000     80.93604
GET       6.100     81.14626
GET       6.200     81.35351
GET       6.300     81.54809
GET       6.400     81.74922
GET       6.500     81.93213
GET       6.600     82.12327
GET       6.700     82.32648
GET       6.800     82.51270
GET       6.900     82.70236
GET       7.000     82.88407
GET       7.100     83.05930
GET       7.200     83.24188
GET       7.300     83.40456
GET       7.400     83.57892
GET       7.500     83.75267
GET       7.600     83.93464
GET       7.700     84.09072
GET       7.800     84.24020
GET       7.900     84.40228
GET       8.000     84.57596
GET       8.100     84.74330
GET       8.200     84.90680
GET       8.300     85.05938
GET       8.400     85.20487
GET       8.500     85.35374
GET       8.600     85.50733
GET       8.700     85.69139
GET       8.800     85.87437
GET       8.900     86.02769
GET       9.000     86.18418
GET       9.100     86.35166
GET       9.200     86.50841
GET       9.300     86.67191
GET       9.400     86.87108
GET       9.500     87.07200
GET       9.600     87.25114
GET       9.700     87.40614
GET       9.800     87.56492
GET       9.900     87.71271
GET      10.000     88.41801
GET      11.000     89.74677
GET      12.000     90.79404
GET      13.000     91.98694
GET      14.000     93.01250
GET      15.000     93.81954
GET      16.000     94.47630
GET      17.000     95.12275
GET      18.000     95.72145
GET      19.000     96.19166
GET      20.000     96.57226
GET      21.000     96.94557
GET      22.000     97.29846
GET      23.000     97.61386
GET      24.000     97.85355
GET      25.000     98.07671
GET      26.000     98.27103
GET      27.000     98.43371
GET      28.000     98.56667
GET      29.000     98.68567
GET      30.000     98.79901
GET      31.000     98.89616
GET      32.000     98.98118
GET      33.000     99.05312
GET      34.000     99.11616
GET      35.000     99.18257
GET      36.000     99.24278
GET      37.000     99.29557
GET      38.000     99.34681
GET      39.000     99.39320
GET      40.000     99.43352
GET      41.000     99.46790
GET      42.000     99.49946
GET      43.000     99.53384
GET      44.000     99.56479
GET      45.000     99.59958
GET      46.000     99.62709
GET      47.000     99.65129
GET      48.000     99.67334
GET      49.000     99.69539
GET      50.000     99.71460
GET      51.000     99.73382
GET      52.000     99.74912
GET      53.000     99.76483
GET      54.000     99.77737
GET      55.000     99.78978
GET      56.000     99.80245
GET      57.000     99.81459
GET      58.000     99.82544
GET      59.000     99.83691
GET      60.000     99.84641
GET      61.000     99.85693
GET      62.000     99.86671
GET      63.000     99.87426
GET      64.000     99.88073
GET      65.000     99.88808
GET      66.000     99.89334
GET      67.000     99.90096
GET      68.000     99.90797
GET      69.000     99.91276
GET      70.000     99.91849
GET      71.000     99.92348
GET      72.000     99.92867
GET      73.000     99.93332
GET      74.000     99.93642
GET      75.000     99.94094
GET      76.000     99.94431
GET      77.000     99.94674
GET      78.000     99.95078
GET      79.000     99.95368
GET      80.000     99.95577
GET      81.000     99.95793
GET      82.000     99.96022
GET      83.000     99.96359
GET      84.000     99.96575
GET      85.000     99.96804
GET      86.000     99.97000
GET      87.000     99.97337
GET      88.000     99.97499
GET      89.000     99.97667
GET      90.000     99.97836
GET      91.000     99.97950
GET      92.000     99.98051
GET      93.000     99.98126
GET      94.000     99.98267
GET      95.000     99.98496
GET      96.000     99.98618
GET      97.000     99.98739
GET      98.000     99.98827
GET      99.000     99.98874
GET     100.000     99.99171
GET     110.000     99.99515
GET     120.000     99.99831
GET     130.000     99.99899
GET     140.000     99.99953
GET     150.000     99.99966
GET     160.000     99.99980
GET     170.000    100.00000
