[RUN #1] Preparing benchmark client...
[RUN #1] Launching threads now...
[RUN #1 5%,   0 secs]  8 threads:       74584 ops,       0 (avg:       0) ops/sec, 0.00KB/sec (avg: 0.00KB/sec),  0.00 (avg:  0.00) msec latency[RUN #1 10%,   1 secs]  8 threads:      157877 ops,   83280 (avg:   78968) ops/sec, 3.14MB/sec (avg: 2.98MB/sec),  3.84 (avg:  4.03) msec latency[RUN #1 15%,   2 secs]  8 threads:      240349 ops,   82459 (avg:   80132) ops/sec, 3.11MB/sec (avg: 3.02MB/sec),  3.88 (avg:  3.98) msec latency[RUN #1 20%,   3 secs]  8 threads:      322601 ops,   82240 (avg:   80659) ops/sec, 3.10MB/sec (avg: 3.04MB/sec),  3.89 (avg:  3.96) msec latency[RUN #1 25%,   4 secs]  8 threads:      405156 ops,   82543 (avg:   81036) ops/sec, 3.11MB/sec (avg: 3.06MB/sec),  3.86 (avg:  3.94) msec latency[RUN #1 30%,   5 secs]  8 threads:      487381 ops,   82213 (avg:   81232) ops/sec, 3.10MB/sec (avg: 3.06MB/sec),  3.90 (avg:  3.93) msec latency[RUN #1 35%,   6 secs]  8 threads:      569977 ops,   82584 (avg:   81426) ops/sec, 3.11MB/sec (avg: 3.07MB/sec),  3.86 (avg:  3.92) msec latency[RUN #1 40%,   8 secs]  8 threads:      652206 ops,   82217 (avg:   81525) ops/sec, 3.10MB/sec (avg: 3.08MB/sec),  3.89 (avg:  3.92) msec latency[RUN #1 45%,   9 secs]  8 threads:      733535 ops,   81317 (avg:   81501) ops/sec, 3.07MB/sec (avg: 3.07MB/sec),  3.93 (avg:  3.92) msec latency[RUN #1 50%,  10 secs]  8 threads:      816645 ops,   83098 (avg:   81661) ops/sec, 3.13MB/sec (avg: 3.08MB/sec),  3.84 (avg:  3.91) msec latency[RUN #1 55%,  11 secs]  8 threads:      899232 ops,   82574 (avg:   81744) ops/sec, 3.11MB/sec (avg: 3.08MB/sec),  3.89 (avg:  3.91) msec latency[RUN #1 60%,  12 secs]  8 threads:      983160 ops,   83914 (avg:   81925) ops/sec, 3.16MB/sec (avg: 3.09MB/sec),  3.79 (avg:  3.90) msec latency[RUN #1 65%,  13 secs]  8 threads:     1067475 ops,   84303 (avg:   82108) ops/sec, 3.18MB/sec (avg: 3.10MB/sec),  3.81 (avg:  3.89) msec latency[RUN #1 70%,  14 secs]  8 threads:     1150046 ops,   82559 (avg:   82140) ops/sec, 3.11MB/sec (avg: 3.10MB/sec),  3.85 (avg:  3.89) msec latency[RUN #1 75%,  15 secs]  8 threads:     1231903 ops,   81846 (avg:   82121) ops/sec, 3.09MB/sec (avg: 3.10MB/sec),  3.93 (avg:  3.89) msec latency[RUN #1 80%,  16 secs]  8 threads:     1314837 ops,   82922 (avg:   82171) ops/sec, 3.13MB/sec (avg: 3.10MB/sec),  3.84 (avg:  3.89) msec latency[RUN #1 85%,  17 secs]  8 threads:     1398738 ops,   83888 (avg:   82272) ops/sec, 3.16MB/sec (avg: 3.10MB/sec),  3.81 (avg:  3.88) msec latency[RUN #1 90%,  18 secs]  8 threads:     1481229 ops,   82477 (avg:   82283) ops/sec, 3.11MB/sec (avg: 3.10MB/sec),  3.89 (avg:  3.88) msec latency[RUN #1 95%,  19 secs]  8 threads:     1563577 ops,   82330 (avg:   82286) ops/sec, 3.11MB/sec (avg: 3.10MB/sec),  3.88 (avg:  3.88) msec latency[RUN #1 100%,  20 secs]  8 threads:     1644993 ops,   82330 (avg:   82243) ops/sec, 3.11MB/sec (avg: 3.10MB/sec),  3.88 (avg:  3.88) msec latency[RUN #1 100%,  20 secs]  0 threads:     1645207 ops,   82330 (avg:   82217) ops/sec, 3.11MB/sec (avg: 3.10MB/sec),  3.88 (avg:  3.89) msec latency

8         Threads
40        Connections per thread
20        Seconds
Type        Ops/sec     Hits/sec   Misses/sec      Latency       KB/sec
------------------------------------------------------------------------
Sets        7500.19          ---          ---      3.93900       555.97
Gets       74921.61      2618.23     72303.39      3.88300      2627.20
Totals     82421.81      2618.23     72303.39      3.88800      3183.16


Request Latency Distribution
Type     <= msec         Percent
------------------------------------------------------------------------
SET       1.000     68.94195
SET       2.000     73.10667
SET       3.000     76.11516
SET       4.000     78.49242
SET       5.000     80.97121
SET       6.000     83.27700
SET       7.000     85.27286
SET       8.000     87.00621
SET       9.000     88.59796
SET      10.000     90.00067
SET      11.000     91.27513
SET      12.000     92.29778
SET      13.000     93.32643
SET      14.000     94.19812
SET      15.000     94.94690
SET      16.000     95.51934
SET      17.000     96.03300
SET      18.000     96.45715
SET      19.000     96.83922
SET      20.000     97.19925
SET      21.000     97.46977
SET      22.000     97.69354
SET      23.000     97.95538
SET      24.000     98.15109
SET      25.000     98.32543
SET      26.000     98.49175
SET      27.000     98.63336
SET      28.000     98.75225
SET      29.000     98.86180
SET      30.000     98.93861
SET      31.000     98.99673
SET      32.000     99.05751
SET      33.000     99.13767
SET      34.000     99.18910
SET      35.000     99.23318
SET      36.000     99.27994
SET      37.000     99.32803
SET      38.000     99.36811
SET      39.000     99.40685
SET      40.000     99.44827
SET      41.000     99.48033
SET      42.000     99.51239
SET      43.000     99.54312
SET      44.000     99.57184
SET      45.000     99.59522
SET      46.000     99.61926
SET      47.000     99.65199
SET      48.000     99.68072
SET      49.000     99.70276
SET      50.000     99.72547
SET      51.000     99.74417
SET      52.000     99.76555
SET      53.000     99.78158
SET      54.000     99.79427
SET      55.000     99.80896
SET      56.000     99.81832
SET      57.000     99.83234
SET      58.000     99.84904
SET      59.000     99.86774
SET      60.000     99.87509
SET      61.000     99.88511
SET      62.000     99.89045
SET      63.000     99.89981
SET      64.000     99.90315
SET      65.000     99.90782
SET      66.000     99.91450
SET      67.000     99.92051
SET      68.000     99.92385
SET      69.000     99.93254
SET      70.000     99.93988
SET      71.000     99.94523
SET      72.000     99.95124
SET      73.000     99.95525
SET      74.000     99.95859
SET      75.000     99.96393
SET      76.000     99.96927
SET      77.000     99.97261
SET      78.000     99.97462
SET      80.000     99.97796
SET      81.000     99.98197
SET      82.000     99.98397
SET      83.000     99.98664
SET      84.000     99.98731
SET      85.000     99.98798
SET      86.000     99.98998
SET      87.000     99.99132
SET      88.000     99.99265
SET      90.000     99.99399
SET      91.000     99.99466
SET      93.000     99.99599
SET      96.000     99.99666
SET      97.000     99.99800
SET     100.000    100.00000
---
GET       0.150      0.00007
GET       0.190      0.00013
GET       0.200      0.00020
GET       0.220      0.00040
GET       0.230      0.00053
GET       0.240      0.00087
GET       0.250      0.00094
GET       0.260      0.00114
GET       0.270      0.00147
GET       0.280      0.00181
GET       0.290      0.00207
GET       0.300      0.00241
GET       0.310      0.00247
GET       0.320      0.00274
GET       0.330      0.00294
GET       0.340      0.00328
GET       0.350      0.00374
GET       0.360      0.00408
GET       0.370      0.00468
GET       0.380      0.00562
GET       0.390      0.00635
GET       0.400      0.00709
GET       0.410      0.00802
GET       0.420      0.00916
GET       0.430      0.01023
GET       0.440      0.01123
GET       0.450      0.01230
GET       0.460      0.01371
GET       0.470      0.01551
GET       0.480      0.01685
GET       0.490      0.01839
GET       0.500      0.01993
GET       0.510      0.02267
GET       0.520      0.02534
GET       0.530      0.02835
GET       0.540      0.03210
GET       0.550      0.03624
GET       0.560      0.04126
GET       0.570      0.04754
GET       0.580      0.05390
GET       0.590      0.06092
GET       0.600      0.07001
GET       0.610      0.08198
GET       0.620      0.09375
GET       0.630      0.10779
GET       0.640      0.12464
GET       0.650      0.14490
GET       0.660      0.17004
GET       0.670      0.20214
GET       0.680      0.24066
GET       0.690      0.28887
GET       0.700      0.35346
GET       0.710      0.43176
GET       0.720      0.54323
GET       0.730      0.68419
GET       0.740      0.88312
GET       0.750      1.13594
GET       0.760      1.47998
GET       0.770      1.92357
GET       0.780      2.51548
GET       0.790      3.26741
GET       0.800      4.22896
GET       0.810      5.41786
GET       0.820      6.86207
GET       0.830      8.60182
GET       0.840     10.67458
GET       0.850     13.02604
GET       0.860     15.64062
GET       0.870     18.48890
GET       0.880     21.46671
GET       0.890     24.51794
GET       0.900     27.53466
GET       0.910     30.43443
GET       0.920     33.13073
GET       0.930     35.54651
GET       0.940     37.70038
GET       0.950     39.52505
GET       0.960     41.05137
GET       0.970     42.33964
GET       0.980     43.43319
GET       0.990     44.36672
GET       1.000     47.98966
GET       1.100     51.08008
GET       1.200     52.33130
GET       1.300     52.92140
GET       1.400     53.46176
GET       1.500     54.33217
GET       1.600     56.37892
GET       1.700     60.98133
GET       1.800     65.94109
GET       1.900     68.77680
GET       2.000     70.29041
GET       2.100     71.11910
GET       2.200     71.62649
GET       2.300     71.99179
GET       2.400     72.26153
GET       2.500     72.50687
GET       2.600     72.76023
GET       2.700     72.99948
GET       2.800     73.22750
GET       2.900     73.46521
GET       3.000     73.70981
GET       3.100     73.95936
GET       3.200     74.23164
GET       3.300     74.52960
GET       3.400     74.85625
GET       3.500     75.17153
GET       3.600     75.49470
GET       3.700     75.78444
GET       3.800     76.05405
GET       3.900     76.30607
GET       4.000     76.54499
GET       4.100     76.77535
GET       4.200     77.00637
GET       4.300     77.24763
GET       4.400     77.47525
GET       4.500     77.70347
GET       4.600     77.93349
GET       4.700     78.15288
GET       4.800     78.37843
GET       4.900     78.62289
GET       5.000     78.86107
GET       5.100     79.09631
GET       5.200     79.33557
GET       5.300     79.58217
GET       5.400     79.81875
GET       5.500     80.05031
GET       5.600     80.31116
GET       5.700     80.58264
GET       5.800     80.85733
GET       5.900     81.14125
GET       6.000     81.40712
GET       6.100     81.65968
GET       6.200     81.88990
GET       6.300     82.13825
GET       6.400     82.38024
GET       6.500     82.60137
GET       6.600     82.82223
GET       6.700     83.03875
GET       6.800     83.25493
GET       6.900     83.46717
GET       7.000     83.68509
GET       7.100     83.90482
GET       7.200     84.10916
GET       7.300     84.31866
GET       7.400     84.52789
GET       7.500     84.72822
GET       7.600     84.92668
GET       7.700     85.10622
GET       7.800     85.29305
GET       7.900     85.48262
GET       8.000     85.66905
GET       8.100     85.85173
GET       8.200     86.00860
GET       8.300     86.17871
GET       8.400     86.35424
GET       8.500     86.52856
GET       8.600     86.70328
GET       8.700     86.86905
GET       8.800     87.04939
GET       8.900     87.22552
GET       9.000     87.39536
GET       9.100     87.54200
GET       9.200     87.67293
GET       9.300     87.81108
GET       9.400     87.94314
GET       9.500     88.07487
GET       9.600     88.22311
GET       9.700     88.38941
GET       9.800     88.57831
GET       9.900     88.76748
GET      10.000     89.55792
GET      11.000     90.85956
GET      12.000     91.88611
GET      13.000     92.93539
GET      14.000     93.96040
GET      15.000     94.69601
GET      16.000     95.36047
GET      17.000     95.87341
GET      18.000     96.36569
GET      19.000     96.76134
GET      20.000     97.11059
GET      21.000     97.42380
GET      22.000     97.69314
GET      23.000     97.91360
GET      24.000     98.11100
GET      25.000     98.29481
GET      26.000     98.46787
GET      27.000     98.60073
GET      28.000     98.72397
GET      29.000     98.83397
GET      30.000     98.93059
GET      31.000     99.00628
GET      32.000     99.07542
GET      33.000     99.14416
GET      34.000     99.20107
GET      35.000     99.25316
GET      36.000     99.29615
GET      37.000     99.34477
GET      38.000     99.38435
GET      39.000     99.42113
GET      40.000     99.45603
GET      41.000     99.49208
GET      42.000     99.52417
GET      43.000     99.55747
GET      44.000     99.58596
GET      45.000     99.61190
GET      46.000     99.63758
GET      47.000     99.66192
GET      48.000     99.68425
GET      49.000     99.70471
GET      50.000     99.72544
GET      51.000     99.74744
GET      52.000     99.76543
GET      53.000     99.78402
GET      54.000     99.79853
GET      55.000     99.81431
GET      56.000     99.82922
GET      57.000     99.84072
GET      58.000     99.84962
GET      59.000     99.86219
GET      60.000     99.87255
GET      61.000     99.88071
GET      62.000     99.88954
GET      63.000     99.89903
GET      64.000     99.90585
GET      65.000     99.91254
GET      66.000     99.91762
GET      67.000     99.92417
GET      68.000     99.92999
GET      69.000     99.93574
GET      70.000     99.94022
GET      71.000     99.94610
GET      72.000     99.95099
GET      73.000     99.95466
GET      74.000     99.95874
GET      75.000     99.96229
GET      76.000     99.96570
GET      77.000     99.96797
GET      78.000     99.97085
GET      79.000     99.97245
GET      80.000     99.97479
GET      81.000     99.97787
GET      82.000     99.97927
GET      83.000     99.98081
GET      84.000     99.98241
GET      85.000     99.98375
GET      86.000     99.98669
GET      87.000     99.98723
GET      88.000     99.98803
GET      89.000     99.98917
GET      90.000     99.99037
GET      91.000     99.99131
GET      92.000     99.99218
GET      93.000     99.99244
GET      94.000     99.99285
GET      95.000     99.99345
GET      96.000     99.99398
GET      97.000     99.99519
GET      98.000     99.99565
GET      99.000     99.99572
GET     100.000     99.99779
GET     110.000     99.99906
GET     130.000     99.99947
GET     140.000     99.99953
GET     150.000     99.99967
GET     160.000     99.99980
GET     180.000    100.00000
