[RUN #1] Preparing benchmark client...
[RUN #1] Launching threads now...
[RUN #1 5%,   0 secs]  8 threads:       72470 ops,       0 (avg:       0) ops/sec, 0.00KB/sec (avg: 0.00KB/sec),  0.00 (avg:  0.00) msec latency[RUN #1 10%,   1 secs]  8 threads:      155973 ops,   83486 (avg:   78005) ops/sec, 3.15MB/sec (avg: 2.94MB/sec),  3.82 (avg:  4.08) msec latency[RUN #1 15%,   2 secs]  8 threads:      239786 ops,   83800 (avg:   79937) ops/sec, 3.16MB/sec (avg: 3.02MB/sec),  3.80 (avg:  3.98) msec latency[RUN #1 20%,   3 secs]  8 threads:      323713 ops,   83915 (avg:   80932) ops/sec, 3.17MB/sec (avg: 3.05MB/sec),  3.81 (avg:  3.94) msec latency[RUN #1 25%,   4 secs]  8 threads:      408231 ops,   84505 (avg:   81647) ops/sec, 3.19MB/sec (avg: 3.08MB/sec),  3.79 (avg:  3.91) msec latency[RUN #1 30%,   6 secs]  8 threads:      492523 ops,   84278 (avg:   82085) ops/sec, 3.18MB/sec (avg: 3.10MB/sec),  3.80 (avg:  3.89) msec latency[RUN #1 35%,   7 secs]  8 threads:      576269 ops,   83733 (avg:   82321) ops/sec, 3.16MB/sec (avg: 3.11MB/sec),  3.82 (avg:  3.88) msec latency[RUN #1 40%,   8 secs]  8 threads:      658959 ops,   82676 (avg:   82365) ops/sec, 3.12MB/sec (avg: 3.11MB/sec),  3.87 (avg:  3.88) msec latency[RUN #1 45%,   9 secs]  8 threads:      741216 ops,   82245 (avg:   82352) ops/sec, 3.10MB/sec (avg: 3.11MB/sec),  3.88 (avg:  3.88) msec latency[RUN #1 50%,  10 secs]  8 threads:      824103 ops,   82873 (avg:   82404) ops/sec, 3.12MB/sec (avg: 3.11MB/sec),  3.86 (avg:  3.88) msec latency[RUN #1 55%,  11 secs]  8 threads:      906629 ops,   82514 (avg:   82414) ops/sec, 3.11MB/sec (avg: 3.11MB/sec),  3.88 (avg:  3.88) msec latency[RUN #1 60%,  12 secs]  8 threads:      990699 ops,   84055 (avg:   82551) ops/sec, 3.17MB/sec (avg: 3.11MB/sec),  3.80 (avg:  3.87) msec latency[RUN #1 65%,  13 secs]  8 threads:     1074648 ops,   83933 (avg:   82657) ops/sec, 3.17MB/sec (avg: 3.12MB/sec),  3.82 (avg:  3.87) msec latency[RUN #1 70%,  14 secs]  8 threads:     1159097 ops,   84430 (avg:   82784) ops/sec, 3.18MB/sec (avg: 3.12MB/sec),  3.76 (avg:  3.86) msec latency[RUN #1 75%,  15 secs]  8 threads:     1241871 ops,   82761 (avg:   82782) ops/sec, 3.12MB/sec (avg: 3.12MB/sec),  3.89 (avg:  3.86) msec latency[RUN #1 80%,  16 secs]  8 threads:     1324218 ops,   82335 (avg:   82754) ops/sec, 3.10MB/sec (avg: 3.12MB/sec),  3.88 (avg:  3.86) msec latency[RUN #1 85%,  17 secs]  8 threads:     1406389 ops,   82159 (avg:   82719) ops/sec, 3.10MB/sec (avg: 3.12MB/sec),  3.89 (avg:  3.86) msec latency[RUN #1 90%,  18 secs]  8 threads:     1488569 ops,   82165 (avg:   82688) ops/sec, 3.10MB/sec (avg: 3.12MB/sec),  3.88 (avg:  3.86) msec latency[RUN #1 95%,  19 secs]  8 threads:     1571160 ops,   82576 (avg:   82682) ops/sec, 3.11MB/sec (avg: 3.12MB/sec),  3.87 (avg:  3.86) msec latency[RUN #1 100%,  20 secs]  8 threads:     1654010 ops,   82576 (avg:   82692) ops/sec, 3.11MB/sec (avg: 3.12MB/sec),  3.87 (avg:  3.86) msec latency[RUN #1 100%,  20 secs]  0 threads:     1654203 ops,   82576 (avg:   82688) ops/sec, 3.11MB/sec (avg: 3.12MB/sec),  3.87 (avg:  3.87) msec latency

8         Threads
40        Connections per thread
20        Seconds
Type        Ops/sec     Hits/sec   Misses/sec      Latency       KB/sec
------------------------------------------------------------------------
Sets        7658.65          ---          ---      3.88400       567.71
Gets       76502.60      2680.77     73821.83      3.86400      2682.64
Totals     84161.25      2680.77     73821.83      3.86500      3250.36


Request Latency Distribution
Type     <= msec         Percent
------------------------------------------------------------------------
SET       1.000     69.20854
SET       2.000     73.19972
SET       3.000     76.18579
SET       4.000     78.59591
SET       5.000     81.16680
SET       6.000     83.48391
SET       7.000     85.50076
SET       8.000     87.29174
SET       9.000     88.87878
SET      10.000     90.20806
SET      11.000     91.37393
SET      12.000     92.43217
SET      13.000     93.46318
SET      14.000     94.30819
SET      15.000     95.04624
SET      16.000     95.60625
SET      17.000     96.11445
SET      18.000     96.53496
SET      19.000     96.93952
SET      20.000     97.28430
SET      21.000     97.59254
SET      22.000     97.82505
SET      23.000     98.04493
SET      24.000     98.23825
SET      25.000     98.43156
SET      26.000     98.57107
SET      27.000     98.69928
SET      28.000     98.80158
SET      29.000     98.90189
SET      30.000     98.99556
SET      31.000     99.06731
SET      32.000     99.14238
SET      33.000     99.20216
SET      34.000     99.26461
SET      35.000     99.31377
SET      36.000     99.35695
SET      37.000     99.39149
SET      38.000     99.42338
SET      39.000     99.45261
SET      40.000     99.48449
SET      41.000     99.51705
SET      42.000     99.54561
SET      43.000     99.57484
SET      44.000     99.60739
SET      45.000     99.62799
SET      46.000     99.65257
SET      47.000     99.66917
SET      48.000     99.68977
SET      49.000     99.70571
SET      50.000     99.71767
SET      51.000     99.74025
SET      52.000     99.76085
SET      53.000     99.78211
SET      54.000     99.79672
SET      55.000     99.81266
SET      56.000     99.83193
SET      57.000     99.83857
SET      58.000     99.85186
SET      59.000     99.86182
SET      60.000     99.87378
SET      61.000     99.88640
SET      62.000     99.89570
SET      63.000     99.90102
SET      64.000     99.91032
SET      65.000     99.91563
SET      66.000     99.92294
SET      67.000     99.92892
SET      68.000     99.93623
SET      69.000     99.94088
SET      70.000     99.94951
SET      71.000     99.95682
SET      72.000     99.96280
SET      73.000     99.96678
SET      74.000     99.96944
SET      75.000     99.97343
SET      76.000     99.97542
SET      77.000     99.97675
SET      78.000     99.97874
SET      79.000     99.98007
SET      80.000     99.98339
SET      82.000     99.98539
SET      83.000     99.98671
SET      84.000     99.98738
SET      86.000     99.98937
SET      87.000     99.99070
SET      88.000     99.99136
SET      89.000     99.99203
SET      92.000     99.99269
SET      94.000     99.99336
SET      97.000     99.99469
SET     100.000     99.99601
SET     110.000     99.99801
SET     130.000     99.99867
SET     140.000     99.99934
SET     180.000    100.00000
---
GET       0.280      0.00007
GET       0.300      0.00013
GET       0.320      0.00020
GET       0.330      0.00027
GET       0.340      0.00033
GET       0.350      0.00053
GET       0.360      0.00073
GET       0.370      0.00080
GET       0.380      0.00093
GET       0.390      0.00120
GET       0.400      0.00153
GET       0.410      0.00186
GET       0.420      0.00239
GET       0.430      0.00279
GET       0.440      0.00319
GET       0.450      0.00419
GET       0.460      0.00452
GET       0.470      0.00579
GET       0.480      0.00738
GET       0.490      0.00898
GET       0.500      0.01077
GET       0.510      0.01184
GET       0.520      0.01423
GET       0.530      0.01729
GET       0.540      0.02002
GET       0.550      0.02321
GET       0.560      0.02693
GET       0.570      0.03159
GET       0.580      0.03791
GET       0.590      0.04469
GET       0.600      0.05360
GET       0.610      0.06351
GET       0.620      0.07362
GET       0.630      0.08652
GET       0.640      0.10454
GET       0.650      0.12509
GET       0.660      0.14771
GET       0.670      0.17816
GET       0.680      0.22026
GET       0.690      0.27253
GET       0.700      0.33717
GET       0.710      0.42250
GET       0.720      0.53915
GET       0.730      0.69517
GET       0.740      0.90499
GET       0.750      1.18490
GET       0.760      1.54336
GET       0.770      2.00676
GET       0.780      2.60915
GET       0.790      3.40520
GET       0.800      4.38839
GET       0.810      5.60694
GET       0.820      7.07602
GET       0.830      8.87508
GET       0.840     10.96743
GET       0.850     13.36456
GET       0.860     16.01913
GET       0.870     18.90620
GET       0.880     21.99783
GET       0.890     25.13854
GET       0.900     28.21674
GET       0.910     31.17630
GET       0.920     33.89824
GET       0.930     36.38170
GET       0.940     38.56528
GET       0.950     40.41935
GET       0.960     42.00141
GET       0.970     43.33095
GET       0.980     44.45407
GET       0.990     45.40042
GET       1.000     49.01897
GET       1.100     52.06425
GET       1.200     53.26850
GET       1.300     53.82354
GET       1.400     54.33655
GET       1.500     55.17264
GET       1.600     57.14694
GET       1.700     61.57118
GET       1.800     66.32415
GET       1.900     69.09636
GET       2.000     70.56444
GET       2.100     71.34220
GET       2.200     71.83453
GET       2.300     72.17882
GET       2.400     72.42721
GET       2.500     72.65991
GET       2.600     72.89480
GET       2.700     73.12517
GET       2.800     73.34251
GET       2.900     73.56483
GET       3.000     73.80198
GET       3.100     74.03807
GET       3.200     74.30588
GET       3.300     74.61353
GET       3.400     74.93820
GET       3.500     75.25223
GET       3.600     75.58076
GET       3.700     75.87378
GET       3.800     76.13521
GET       3.900     76.39085
GET       4.000     76.62487
GET       4.100     76.85252
GET       4.200     77.07996
GET       4.300     77.31492
GET       4.400     77.54143
GET       4.500     77.76023
GET       4.600     77.99512
GET       4.700     78.21578
GET       4.800     78.44183
GET       4.900     78.69002
GET       5.000     78.93223
GET       5.100     79.16386
GET       5.200     79.40287
GET       5.300     79.64229
GET       5.400     79.87658
GET       5.500     80.11134
GET       5.600     80.37071
GET       5.700     80.64304
GET       5.800     80.92182
GET       5.900     81.20207
GET       6.000     81.47414
GET       6.100     81.72353
GET       6.200     81.95669
GET       6.300     82.20615
GET       6.400     82.45055
GET       6.500     82.67181
GET       6.600     82.88648
GET       6.700     83.10196
GET       6.800     83.31563
GET       6.900     83.52233
GET       7.000     83.73793
GET       7.100     83.95587
GET       7.200     84.16010
GET       7.300     84.36506
GET       7.400     84.57409
GET       7.500     84.77639
GET       7.600     84.97185
GET       7.700     85.15227
GET       7.800     85.33748
GET       7.900     85.51877
GET       8.000     85.71290
GET       8.100     85.89452
GET       8.200     86.05546
GET       8.300     86.22491
GET       8.400     86.40341
GET       8.500     86.57791
GET       8.600     86.75275
GET       8.700     86.91655
GET       8.800     87.09246
GET       8.900     87.26896
GET       9.000     87.43402
GET       9.100     87.58465
GET       9.200     87.72384
GET       9.300     87.86603
GET       9.400     87.99119
GET       9.500     88.12453
GET       9.600     88.27117
GET       9.700     88.43164
GET       9.800     88.62065
GET       9.900     88.81038
GET      10.000     89.60511
GET      11.000     90.89615
GET      12.000     91.91625
GET      13.000     92.97000
GET      14.000     93.97308
GET      15.000     94.71081
GET      16.000     95.35883
GET      17.000     95.88061
GET      18.000     96.37886
GET      19.000     96.76558
GET      20.000     97.10861
GET      21.000     97.43335
GET      22.000     97.69883
GET      23.000     97.91663
GET      24.000     98.11894
GET      25.000     98.31034
GET      26.000     98.47799
GET      27.000     98.60781
GET      28.000     98.72465
GET      29.000     98.83658
GET      30.000     98.93155
GET      31.000     99.00789
GET      32.000     99.07566
GET      33.000     99.14516
GET      34.000     99.20222
GET      35.000     99.26034
GET      36.000     99.30444
GET      37.000     99.34820
GET      38.000     99.38657
GET      39.000     99.42281
GET      40.000     99.45866
GET      41.000     99.49357
GET      42.000     99.52383
GET      43.000     99.55469
GET      44.000     99.58482
GET      45.000     99.61388
GET      46.000     99.64381
GET      47.000     99.66941
GET      48.000     99.68903
GET      49.000     99.71077
GET      50.000     99.73053
GET      51.000     99.75194
GET      52.000     99.77262
GET      53.000     99.78958
GET      54.000     99.80415
GET      55.000     99.81824
GET      56.000     99.83155
GET      57.000     99.84219
GET      58.000     99.85283
GET      59.000     99.86367
GET      60.000     99.87284
GET      61.000     99.88036
GET      62.000     99.89167
GET      63.000     99.90024
GET      64.000     99.90683
GET      65.000     99.91361
GET      66.000     99.91906
GET      67.000     99.92718
GET      68.000     99.93276
GET      69.000     99.93882
GET      70.000     99.94374
GET      71.000     99.94859
GET      72.000     99.95371
GET      73.000     99.95717
GET      74.000     99.96010
GET      75.000     99.96455
GET      76.000     99.96881
GET      77.000     99.97107
GET      78.000     99.97440
GET      79.000     99.97573
GET      80.000     99.97759
GET      81.000     99.98012
GET      82.000     99.98211
GET      83.000     99.98344
GET      84.000     99.98470
GET      85.000     99.98677
GET      86.000     99.98816
GET      87.000     99.98843
GET      88.000     99.98903
GET      89.000     99.98963
GET      90.000     99.99036
GET      91.000     99.99115
GET      92.000     99.99209
GET      93.000     99.99268
GET      94.000     99.99342
GET      95.000     99.99408
GET      96.000     99.99461
GET      97.000     99.99601
GET      98.000     99.99654
GET      99.000     99.99661
GET     100.000     99.99827
GET     110.000     99.99940
GET     120.000     99.99953
GET     130.000     99.99967
GET     140.000     99.99987
GET     160.000     99.99993
GET     180.000    100.00000
