[RUN #1] Preparing benchmark client...
[RUN #1] Launching threads now...
[RUN #1 5%,   0 secs]  8 threads:       66406 ops,       0 (avg:       0) ops/sec, 0.00KB/sec (avg: 0.00KB/sec),  0.00 (avg:  0.00) msec latency[RUN #1 10%,   2 secs]  8 threads:      148279 ops,   81855 (avg:   74132) ops/sec, 3.09MB/sec (avg: 2.80MB/sec),  3.91 (avg:  4.30) msec latency[RUN #1 15%,   3 secs]  8 threads:      231488 ops,   83194 (avg:   77153) ops/sec, 3.14MB/sec (avg: 2.91MB/sec),  3.84 (avg:  4.13) msec latency[RUN #1 20%,   4 secs]  8 threads:      313258 ops,   81757 (avg:   78304) ops/sec, 3.08MB/sec (avg: 2.95MB/sec),  3.91 (avg:  4.08) msec latency[RUN #1 25%,   5 secs]  8 threads:      395466 ops,   82196 (avg:   79082) ops/sec, 3.10MB/sec (avg: 2.98MB/sec),  3.90 (avg:  4.04) msec latency[RUN #1 30%,   6 secs]  8 threads:      479567 ops,   84089 (avg:   79917) ops/sec, 3.17MB/sec (avg: 3.02MB/sec),  3.78 (avg:  3.99) msec latency[RUN #1 35%,   7 secs]  8 threads:      562345 ops,   82766 (avg:   80324) ops/sec, 3.12MB/sec (avg: 3.03MB/sec),  3.86 (avg:  3.97) msec latency[RUN #1 40%,   8 secs]  8 threads:      644057 ops,   81699 (avg:   80496) ops/sec, 3.08MB/sec (avg: 3.04MB/sec),  3.93 (avg:  3.97) msec latency[RUN #1 45%,   9 secs]  8 threads:      725640 ops,   81570 (avg:   80615) ops/sec, 3.08MB/sec (avg: 3.04MB/sec),  3.90 (avg:  3.96) msec latency[RUN #1 50%,  10 secs]  8 threads:      808800 ops,   83146 (avg:   80868) ops/sec, 3.13MB/sec (avg: 3.05MB/sec),  3.85 (avg:  3.95) msec latency[RUN #1 55%,  11 secs]  8 threads:      891512 ops,   82700 (avg:   81035) ops/sec, 3.12MB/sec (avg: 3.06MB/sec),  3.84 (avg:  3.94) msec latency[RUN #1 60%,  12 secs]  8 threads:      974832 ops,   83305 (avg:   81224) ops/sec, 3.14MB/sec (avg: 3.06MB/sec),  3.87 (avg:  3.93) msec latency[RUN #1 65%,  13 secs]  8 threads:     1056647 ops,   81802 (avg:   81268) ops/sec, 3.08MB/sec (avg: 3.07MB/sec),  3.89 (avg:  3.93) msec latency[RUN #1 70%,  14 secs]  8 threads:     1139253 ops,   82592 (avg:   81363) ops/sec, 3.11MB/sec (avg: 3.07MB/sec),  3.88 (avg:  3.93) msec latency[RUN #1 75%,  15 secs]  8 threads:     1221296 ops,   82030 (avg:   81407) ops/sec, 3.09MB/sec (avg: 3.07MB/sec),  3.89 (avg:  3.92) msec latency[RUN #1 80%,  16 secs]  8 threads:     1304219 ops,   82911 (avg:   81501) ops/sec, 3.13MB/sec (avg: 3.07MB/sec),  3.86 (avg:  3.92) msec latency[RUN #1 85%,  17 secs]  8 threads:     1385321 ops,   81090 (avg:   81477) ops/sec, 3.06MB/sec (avg: 3.07MB/sec),  3.95 (avg:  3.92) msec latency[RUN #1 90%,  18 secs]  8 threads:     1467667 ops,   82332 (avg:   81525) ops/sec, 3.11MB/sec (avg: 3.07MB/sec),  3.88 (avg:  3.92) msec latency[RUN #1 95%,  19 secs]  8 threads:     1550749 ops,   83069 (avg:   81606) ops/sec, 3.13MB/sec (avg: 3.08MB/sec),  3.85 (avg:  3.92) msec latency[RUN #1 100%,  20 secs]  8 threads:     1638691 ops,   83069 (avg:   81926) ops/sec, 3.13MB/sec (avg: 3.09MB/sec),  3.85 (avg:  3.90) msec latency[RUN #1 100%,  20 secs]  0 threads:     1638867 ops,   83069 (avg:   81931) ops/sec, 3.13MB/sec (avg: 3.09MB/sec),  3.85 (avg:  3.90) msec latency

8         Threads
40        Connections per thread
20        Seconds
Type        Ops/sec     Hits/sec   Misses/sec      Latency       KB/sec
------------------------------------------------------------------------
Sets        7455.57          ---          ---      4.04600       552.66
Gets       74477.04      2634.15     71842.88      3.88700      2611.61
Totals     81932.61      2634.15     71842.88      3.90100      3164.27


Request Latency Distribution
Type     <= msec         Percent
------------------------------------------------------------------------
SET       1.000     69.30350
SET       2.000     73.17996
SET       3.000     76.08814
SET       4.000     78.39953
SET       5.000     80.87923
SET       6.000     83.19397
SET       7.000     85.15734
SET       8.000     86.85317
SET       9.000     88.48596
SET      10.000     89.85389
SET      11.000     91.07094
SET      12.000     92.13041
SET      13.000     93.24017
SET      14.000     94.11457
SET      15.000     94.85151
SET      16.000     95.43287
SET      17.000     95.95658
SET      18.000     96.39310
SET      19.000     96.79208
SET      20.000     97.13473
SET      21.000     97.45056
SET      22.000     97.70202
SET      23.000     97.93940
SET      24.000     98.13453
SET      25.000     98.30753
SET      26.000     98.46243
SET      27.000     98.57776
SET      28.000     98.70382
SET      29.000     98.80642
SET      30.000     98.89627
SET      31.000     98.96735
SET      32.000     99.03306
SET      33.000     99.11085
SET      34.000     99.16181
SET      35.000     99.19735
SET      36.000     99.24496
SET      37.000     99.28452
SET      38.000     99.31604
SET      39.000     99.34755
SET      40.000     99.37773
SET      41.000     99.40455
SET      42.000     99.43540
SET      43.000     99.46691
SET      44.000     99.50312
SET      45.000     99.53061
SET      46.000     99.55945
SET      47.000     99.58493
SET      48.000     99.60840
SET      49.000     99.62784
SET      50.000     99.64930
SET      51.000     99.67076
SET      52.000     99.68216
SET      53.000     99.69825
SET      54.000     99.71166
SET      55.000     99.72910
SET      56.000     99.73781
SET      57.000     99.74586
SET      58.000     99.76061
SET      59.000     99.77335
SET      60.000     99.78811
SET      61.000     99.79682
SET      62.000     99.80554
SET      63.000     99.81493
SET      64.000     99.82499
SET      65.000     99.83437
SET      66.000     99.83974
SET      67.000     99.84644
SET      68.000     99.84980
SET      69.000     99.85315
SET      70.000     99.85717
SET      71.000     99.86522
SET      72.000     99.86924
SET      73.000     99.87260
SET      74.000     99.87662
SET      75.000     99.88198
SET      76.000     99.88869
SET      77.000     99.89137
SET      78.000     99.89204
SET      79.000     99.89606
SET      80.000     99.89942
SET      81.000     99.90411
SET      83.000     99.90612
SET      84.000     99.90679
SET      85.000     99.91015
SET      86.000     99.91149
SET      87.000     99.91283
SET      88.000     99.91417
SET      89.000     99.91685
SET      91.000     99.91819
SET      92.000     99.92020
SET      93.000     99.92087
SET      94.000     99.92155
SET      95.000     99.92356
SET      96.000     99.92892
SET      97.000     99.93093
SET      98.000     99.93160
SET     100.000     99.93496
SET     110.000     99.93764
SET     120.000     99.94032
SET     130.000     99.94434
SET     140.000     99.95172
SET     150.000     99.95641
SET     160.000     99.95977
SET     170.000     99.96245
SET     180.000     99.96446
SET     190.000     99.96647
SET     200.000     99.96915
SET     210.000     99.97251
SET     220.000     99.97586
SET     230.000     99.98122
SET     240.000     99.98525
SET     250.000     99.98860
SET     260.000     99.99128
SET     270.000     99.99195
SET     280.000     99.99397
SET     290.000     99.99598
SET     300.000    100.00000
---
GET       0.160      0.00007
GET       0.180      0.00013
GET       0.210      0.00040
GET       0.220      0.00074
GET       0.230      0.00101
GET       0.240      0.00215
GET       0.250      0.00262
GET       0.260      0.00362
GET       0.270      0.00456
GET       0.280      0.00584
GET       0.290      0.00698
GET       0.300      0.00853
GET       0.310      0.01007
GET       0.320      0.01155
GET       0.330      0.01443
GET       0.340      0.01799
GET       0.350      0.02215
GET       0.360      0.02524
GET       0.370      0.02954
GET       0.380      0.03464
GET       0.390      0.04437
GET       0.400      0.05444
GET       0.410      0.06317
GET       0.420      0.07189
GET       0.430      0.08223
GET       0.440      0.09639
GET       0.450      0.10767
GET       0.460      0.11519
GET       0.470      0.12217
GET       0.480      0.12996
GET       0.490      0.13768
GET       0.500      0.14459
GET       0.510      0.15023
GET       0.520      0.15627
GET       0.530      0.16567
GET       0.540      0.17332
GET       0.550      0.18205
GET       0.560      0.18990
GET       0.570      0.19990
GET       0.580      0.21084
GET       0.590      0.22400
GET       0.600      0.23763
GET       0.610      0.25072
GET       0.620      0.26481
GET       0.630      0.27783
GET       0.640      0.29609
GET       0.650      0.31475
GET       0.660      0.33872
GET       0.670      0.36919
GET       0.680      0.40866
GET       0.690      0.45713
GET       0.700      0.52439
GET       0.710      0.60413
GET       0.720      0.71274
GET       0.730      0.85753
GET       0.740      1.05871
GET       0.750      1.32567
GET       0.760      1.65915
GET       0.770      2.09809
GET       0.780      2.68799
GET       0.790      3.45343
GET       0.800      4.42219
GET       0.810      5.59636
GET       0.820      7.05038
GET       0.830      8.79867
GET       0.840     10.86850
GET       0.850     13.27228
GET       0.860     15.91161
GET       0.870     18.74936
GET       0.880     21.77997
GET       0.890     24.86904
GET       0.900     27.91730
GET       0.910     30.84493
GET       0.920     33.55648
GET       0.930     36.02665
GET       0.940     38.15602
GET       0.950     39.99286
GET       0.960     41.52763
GET       0.970     42.83652
GET       0.980     43.93711
GET       0.990     44.89601
GET       1.000     48.50611
GET       1.100     51.53974
GET       1.200     52.77412
GET       1.300     53.34455
GET       1.400     53.85578
GET       1.500     54.71265
GET       1.600     56.72757
GET       1.700     61.37175
GET       1.800     66.33927
GET       1.900     69.17467
GET       2.000     70.67581
GET       2.100     71.46843
GET       2.200     71.95355
GET       2.300     72.30529
GET       2.400     72.55225
GET       2.500     72.77216
GET       2.600     72.99072
GET       2.700     73.21156
GET       2.800     73.42952
GET       2.900     73.64412
GET       3.000     73.87363
GET       3.100     74.10823
GET       3.200     74.36230
GET       3.300     74.64873
GET       3.400     74.97792
GET       3.500     75.29180
GET       3.600     75.61541
GET       3.700     75.89855
GET       3.800     76.15739
GET       3.900     76.40434
GET       4.000     76.62687
GET       4.100     76.85684
GET       4.200     77.08044
GET       4.300     77.30188
GET       4.400     77.52582
GET       4.500     77.74351
GET       4.600     77.96871
GET       4.700     78.17110
GET       4.800     78.39389
GET       4.900     78.63252
GET       5.000     78.87022
GET       5.100     79.09489
GET       5.200     79.32681
GET       5.300     79.56698
GET       5.400     79.79991
GET       5.500     80.03431
GET       5.600     80.28839
GET       5.700     80.55320
GET       5.800     80.83285
GET       5.900     81.10383
GET       6.000     81.36912
GET       6.100     81.61782
GET       6.200     81.84229
GET       6.300     82.09508
GET       6.400     82.32747
GET       6.500     82.54449
GET       6.600     82.76359
GET       6.700     82.97390
GET       6.800     83.18346
GET       6.900     83.39068
GET       7.000     83.60877
GET       7.100     83.81324
GET       7.200     84.01663
GET       7.300     84.22251
GET       7.400     84.43543
GET       7.500     84.64339
GET       7.600     84.84208
GET       7.700     85.02936
GET       7.800     85.22114
GET       7.900     85.40063
GET       8.000     85.59121
GET       8.100     85.76432
GET       8.200     85.91918
GET       8.300     86.09015
GET       8.400     86.26481
GET       8.500     86.44216
GET       8.600     86.60870
GET       8.700     86.76363
GET       8.800     86.94279
GET       8.900     87.12181
GET       9.000     87.29453
GET       9.100     87.44227
GET       9.200     87.57558
GET       9.300     87.71440
GET       9.400     87.83946
GET       9.500     87.97787
GET       9.600     88.12877
GET       9.700     88.29598
GET       9.800     88.48299
GET       9.900     88.66987
GET      10.000     89.46431
GET      11.000     90.78085
GET      12.000     91.80774
GET      13.000     92.85424
GET      14.000     93.87482
GET      15.000     94.61636
GET      16.000     95.28601
GET      17.000     95.82121
GET      18.000     96.32237
GET      19.000     96.72835
GET      20.000     97.07559
GET      21.000     97.40014
GET      22.000     97.66905
GET      23.000     97.88989
GET      24.000     98.08993
GET      25.000     98.28070
GET      26.000     98.44744
GET      27.000     98.57982
GET      28.000     98.69957
GET      29.000     98.81120
GET      30.000     98.91108
GET      31.000     98.98774
GET      32.000     99.06071
GET      33.000     99.13501
GET      34.000     99.19637
GET      35.000     99.24805
GET      36.000     99.29269
GET      37.000     99.33733
GET      38.000     99.38117
GET      39.000     99.41708
GET      40.000     99.45554
GET      41.000     99.48669
GET      42.000     99.51750
GET      43.000     99.55059
GET      44.000     99.58335
GET      45.000     99.60953
GET      46.000     99.63423
GET      47.000     99.65947
GET      48.000     99.68102
GET      49.000     99.70411
GET      50.000     99.72243
GET      51.000     99.74519
GET      52.000     99.76701
GET      53.000     99.78338
GET      54.000     99.80124
GET      55.000     99.81500
GET      56.000     99.82883
GET      57.000     99.84071
GET      58.000     99.85212
GET      59.000     99.86313
GET      60.000     99.87306
GET      61.000     99.87991
GET      62.000     99.88857
GET      63.000     99.89622
GET      64.000     99.90414
GET      65.000     99.91019
GET      66.000     99.91737
GET      67.000     99.92361
GET      68.000     99.92992
GET      69.000     99.93616
GET      70.000     99.94247
GET      71.000     99.94979
GET      72.000     99.95482
GET      73.000     99.95858
GET      74.000     99.96147
GET      75.000     99.96415
GET      76.000     99.96731
GET      77.000     99.96899
GET      78.000     99.97053
GET      79.000     99.97261
GET      80.000     99.97536
GET      81.000     99.97738
GET      82.000     99.97872
GET      83.000     99.97993
GET      84.000     99.98127
GET      85.000     99.98302
GET      86.000     99.98483
GET      87.000     99.98530
GET      88.000     99.98644
GET      89.000     99.98745
GET      90.000     99.98879
GET      91.000     99.99013
GET      92.000     99.99067
GET      93.000     99.99147
GET      94.000     99.99208
GET      95.000     99.99268
GET      96.000     99.99335
GET      97.000     99.99436
GET      98.000     99.99537
GET      99.000     99.99564
GET     100.000     99.99731
GET     110.000     99.99899
GET     120.000     99.99906
GET     130.000     99.99926
GET     140.000     99.99933
GET     150.000     99.99960
GET     160.000     99.99973
GET     170.000     99.99980
GET     180.000    100.00000
