[RUN #1] Preparing benchmark client...
[RUN #1] Launching threads now...
[RUN #1 5%,   1 secs]  8 threads:       68099 ops,   68050 (avg:   68050) ops/sec, 2.57MB/sec (avg: 2.57MB/sec),  4.63 (avg:  4.63) msec latency[RUN #1 10%,   2 secs]  8 threads:      145989 ops,   77878 (avg:   72962) ops/sec, 2.94MB/sec (avg: 2.75MB/sec),  4.13 (avg:  4.36) msec latency[RUN #1 15%,   3 secs]  8 threads:      222865 ops,   76865 (avg:   74263) ops/sec, 2.90MB/sec (avg: 2.80MB/sec),  4.14 (avg:  4.29) msec latency[RUN #1 20%,   4 secs]  8 threads:      299819 ops,   76943 (avg:   74933) ops/sec, 2.90MB/sec (avg: 2.83MB/sec),  4.16 (avg:  4.25) msec latency[RUN #1 25%,   5 secs]  8 threads:      376485 ops,   76654 (avg:   75277) ops/sec, 2.89MB/sec (avg: 2.84MB/sec),  4.17 (avg:  4.24) msec latency[RUN #1 30%,   6 secs]  8 threads:      453074 ops,   76578 (avg:   75494) ops/sec, 2.89MB/sec (avg: 2.85MB/sec),  4.18 (avg:  4.23) msec latency[RUN #1 35%,   7 secs]  8 threads:      530266 ops,   77181 (avg:   75735) ops/sec, 2.91MB/sec (avg: 2.86MB/sec),  4.15 (avg:  4.22) msec latency[RUN #1 40%,   8 secs]  8 threads:      608242 ops,   77965 (avg:   76013) ops/sec, 2.94MB/sec (avg: 2.87MB/sec),  4.08 (avg:  4.20) msec latency[RUN #1 45%,   9 secs]  8 threads:      685047 ops,   76792 (avg:   76100) ops/sec, 2.90MB/sec (avg: 2.87MB/sec),  4.15 (avg:  4.19) msec latency[RUN #1 50%,  10 secs]  8 threads:      762432 ops,   77374 (avg:   76227) ops/sec, 2.92MB/sec (avg: 2.88MB/sec),  4.15 (avg:  4.19) msec latency[RUN #1 55%,  11 secs]  8 threads:      839067 ops,   76622 (avg:   76263) ops/sec, 2.89MB/sec (avg: 2.88MB/sec),  4.18 (avg:  4.19) msec latency[RUN #1 60%,  12 secs]  8 threads:      916537 ops,   77457 (avg:   76363) ops/sec, 2.92MB/sec (avg: 2.88MB/sec),  4.12 (avg:  4.18) msec latency[RUN #1 65%,  13 secs]  8 threads:      994922 ops,   78370 (avg:   76517) ops/sec, 2.96MB/sec (avg: 2.89MB/sec),  4.07 (avg:  4.17) msec latency[RUN #1 70%,  14 secs]  8 threads:     1072926 ops,   77993 (avg:   76623) ops/sec, 2.94MB/sec (avg: 2.89MB/sec),  4.10 (avg:  4.17) msec latency[RUN #1 75%,  15 secs]  8 threads:     1150766 ops,   77829 (avg:   76703) ops/sec, 2.94MB/sec (avg: 2.89MB/sec),  4.13 (avg:  4.17) msec latency[RUN #1 80%,  16 secs]  8 threads:     1228791 ops,   78014 (avg:   76785) ops/sec, 2.94MB/sec (avg: 2.90MB/sec),  4.08 (avg:  4.16) msec latency[RUN #1 85%,  17 secs]  8 threads:     1305055 ops,   76253 (avg:   76754) ops/sec, 2.88MB/sec (avg: 2.89MB/sec),  4.20 (avg:  4.16) msec latency[RUN #1 90%,  18 secs]  8 threads:     1382648 ops,   77582 (avg:   76800) ops/sec, 2.93MB/sec (avg: 2.90MB/sec),  4.14 (avg:  4.16) msec latency[RUN #1 95%,  19 secs]  8 threads:     1461865 ops,   79206 (avg:   76926) ops/sec, 2.99MB/sec (avg: 2.90MB/sec),  4.02 (avg:  4.15) msec latency[RUN #1 100%,  20 secs]  8 threads:     1541799 ops,   79206 (avg:   77081) ops/sec, 2.99MB/sec (avg: 2.91MB/sec),  4.02 (avg:  4.15) msec latency[RUN #1 100%,  20 secs]  0 threads:     1541944 ops,   79206 (avg:   77082) ops/sec, 2.99MB/sec (avg: 2.91MB/sec),  4.02 (avg:  4.15) msec latency

8         Threads
40        Connections per thread
20        Seconds
Type        Ops/sec     Hits/sec   Misses/sec      Latency       KB/sec
------------------------------------------------------------------------
Sets        7014.82          ---          ---      4.45800       519.97
Gets       70070.52      2759.78     67310.74      4.11600      2457.07
Totals     77085.34      2759.78     67310.74      4.14700      2977.04


Request Latency Distribution
Type     <= msec         Percent
------------------------------------------------------------------------
SET       1.000     70.62529
SET       2.000     73.45387
SET       3.000     75.68167
SET       4.000     77.75125
SET       5.000     79.44597
SET       6.000     80.93545
SET       7.000     82.37361
SET       8.000     83.81320
SET       9.000     85.01190
SET      10.000     86.07449
SET      11.000     87.10572
SET      12.000     88.18398
SET      13.000     89.14323
SET      14.000     89.95496
SET      15.000     90.79021
SET      16.000     91.67249
SET      17.000     92.41437
SET      18.000     92.96526
SET      19.000     93.55250
SET      20.000     94.13689
SET      21.000     94.62934
SET      22.000     95.08260
SET      23.000     95.47599
SET      24.000     95.89504
SET      25.000     96.26277
SET      26.000     96.57564
SET      27.000     96.84859
SET      28.000     97.11441
SET      29.000     97.36955
SET      30.000     97.58121
SET      31.000     97.77078
SET      32.000     97.94823
SET      33.000     98.10217
SET      34.000     98.24256
SET      35.000     98.36728
SET      36.000     98.47347
SET      37.000     98.57752
SET      38.000     98.67373
SET      39.000     98.74927
SET      40.000     98.83693
SET      41.000     98.91461
SET      42.000     98.98516
SET      43.000     99.03576
SET      44.000     99.08280
SET      45.000     99.13625
SET      46.000     99.17402
SET      47.000     99.21607
SET      48.000     99.26809
SET      49.000     99.30444
SET      50.000     99.33152
SET      51.000     99.36644
SET      52.000     99.40564
SET      53.000     99.43913
SET      54.000     99.45980
SET      55.000     99.47690
SET      56.000     99.49900
SET      57.000     99.52251
SET      58.000     99.54033
SET      59.000     99.56741
SET      60.000     99.58309
SET      61.000     99.60233
SET      62.000     99.61231
SET      63.000     99.62157
SET      64.000     99.63583
SET      65.000     99.64580
SET      66.000     99.65721
SET      67.000     99.66790
SET      68.000     99.67859
SET      69.000     99.68856
SET      70.000     99.70139
SET      71.000     99.71137
SET      72.000     99.71921
SET      73.000     99.72420
SET      74.000     99.72990
SET      75.000     99.73916
SET      76.000     99.74772
SET      77.000     99.75199
SET      78.000     99.75841
SET      79.000     99.76482
SET      80.000     99.77052
SET      81.000     99.77480
SET      82.000     99.77836
SET      83.000     99.78050
SET      84.000     99.78121
SET      85.000     99.78905
SET      86.000     99.79404
SET      87.000     99.79618
SET      88.000     99.80045
SET      89.000     99.80117
SET      90.000     99.80330
SET      91.000     99.80615
SET      92.000     99.80687
SET      93.000     99.81114
SET      94.000     99.81186
SET      95.000     99.81257
SET      96.000     99.81399
SET      97.000     99.81542
SET      98.000     99.81613
SET      99.000     99.81898
SET     100.000     99.82682
SET     110.000     99.83751
SET     120.000     99.85105
SET     130.000     99.86246
SET     140.000     99.87315
SET     150.000     99.87956
SET     160.000     99.89738
SET     170.000     99.91092
SET     180.000     99.93301
SET     190.000     99.93729
SET     200.000     99.95225
SET     210.000     99.96650
SET     220.000     99.97221
SET     230.000     99.97719
SET     240.000     99.98575
SET     250.000     99.99644
SET     260.000     99.99786
SET     280.000    100.00000
---
GET       0.092      0.00007
GET       0.096      0.00014
GET       0.098      0.00021
GET       0.100      0.00036
GET       0.110      0.00107
GET       0.120      0.00143
GET       0.130      0.00257
GET       0.140      0.00556
GET       0.150      0.01035
GET       0.160      0.01420
GET       0.170      0.01762
GET       0.180      0.02411
GET       0.190      0.03475
GET       0.200      0.04780
GET       0.210      0.06036
GET       0.220      0.07556
GET       0.230      0.09760
GET       0.240      0.13085
GET       0.250      0.16788
GET       0.260      0.20662
GET       0.270      0.24814
GET       0.280      0.30001
GET       0.290      0.37307
GET       0.300      0.47794
GET       0.310      0.61086
GET       0.320      0.81077
GET       0.330      1.14702
GET       0.340      1.75082
GET       0.350      2.64800
GET       0.360      3.89448
GET       0.370      5.61234
GET       0.380      8.05350
GET       0.390     11.44364
GET       0.400     15.13407
GET       0.410     18.77177
GET       0.420     22.15812
GET       0.430     25.37596
GET       0.440     28.42163
GET       0.450     30.80672
GET       0.460     32.61348
GET       0.470     34.00565
GET       0.480     35.14468
GET       0.490     36.13532
GET       0.500     36.95629
GET       0.510     37.65263
GET       0.520     38.24772
GET       0.530     38.78581
GET       0.540     39.29001
GET       0.550     39.73135
GET       0.560     40.10856
GET       0.570     40.43304
GET       0.580     40.72534
GET       0.590     40.97455
GET       0.600     41.19622
GET       0.610     41.38472
GET       0.620     41.56530
GET       0.630     41.73767
GET       0.640     41.89556
GET       0.650     42.06300
GET       0.660     42.24337
GET       0.670     42.43215
GET       0.680     42.64954
GET       0.690     42.89061
GET       0.700     43.17386
GET       0.710     43.49976
GET       0.720     43.89580
GET       0.730     44.39651
GET       0.740     45.00444
GET       0.750     45.74915
GET       0.760     46.62670
GET       0.770     47.69090
GET       0.780     48.93138
GET       0.790     50.32769
GET       0.800     51.84600
GET       0.810     53.40604
GET       0.820     54.98635
GET       0.830     56.52749
GET       0.840     57.98829
GET       0.850     59.32224
GET       0.860     60.51400
GET       0.870     61.56771
GET       0.880     62.49727
GET       0.890     63.30890
GET       0.900     64.03456
GET       0.910     64.67574
GET       0.920     65.24387
GET       0.930     65.76954
GET       0.940     66.23664
GET       0.950     66.66522
GET       0.960     67.04877
GET       0.970     67.40443
GET       0.980     67.73226
GET       0.990     68.02599
GET       1.000     69.33333
GET       1.100     70.60393
GET       1.200     71.20052
GET       1.300     71.56945
GET       1.400     71.93930
GET       1.500     72.37073
GET       1.600     72.87850
GET       1.700     73.37307
GET       1.800     73.80521
GET       1.900     74.15181
GET       2.000     74.44275
GET       2.100     74.70224
GET       2.200     74.93704
GET       2.300     75.14494
GET       2.400     75.34428
GET       2.500     75.55610
GET       2.600     75.76315
GET       2.700     75.95336
GET       2.800     76.15755
GET       2.900     76.35239
GET       3.000     76.56165
GET       3.100     76.76135
GET       3.200     76.94428
GET       3.300     77.12928
GET       3.400     77.31799
GET       3.500     77.50677
GET       3.600     77.69483
GET       3.700     77.87520
GET       3.800     78.04436
GET       3.900     78.21288
GET       4.000     78.38603
GET       4.100     78.55826
GET       4.200     78.71608
GET       4.300     78.87268
GET       4.400     79.05119
GET       4.500     79.21086
GET       4.600     79.36254
GET       4.700     79.50766
GET       4.800     79.67939
GET       4.900     79.85540
GET       5.000     80.01585
GET       5.100     80.17702
GET       5.200     80.32556
GET       5.300     80.46426
GET       5.400     80.62037
GET       5.500     80.75264
GET       5.600     80.88991
GET       5.700     81.03075
GET       5.800     81.17972
GET       5.900     81.33404
GET       6.000     81.46681
GET       6.100     81.59145
GET       6.200     81.72587
GET       6.300     81.85386
GET       6.400     81.99677
GET       6.500     82.12369
GET       6.600     82.24476
GET       6.700     82.36898
GET       6.800     82.49212
GET       6.900     82.61426
GET       7.000     82.73662
GET       7.100     82.86255
GET       7.200     82.98954
GET       7.300     83.11932
GET       7.400     83.24432
GET       7.500     83.37153
GET       7.600     83.49802
GET       7.700     83.62067
GET       7.800     83.75472
GET       7.900     83.87865
GET       8.000     83.99687
GET       8.100     84.11987
GET       8.200     84.23995
GET       8.300     84.36694
GET       8.400     84.49950
GET       8.500     84.61858
GET       8.600     84.73601
GET       8.700     84.86265
GET       8.800     84.99821
GET       8.900     85.13505
GET       9.000     85.25734
GET       9.100     85.38012
GET       9.200     85.48942
GET       9.300     85.59459
GET       9.400     85.69854
GET       9.500     85.79707
GET       9.600     85.90573
GET       9.700     86.00953
GET       9.800     86.11120
GET       9.900     86.21244
GET      10.000     86.77044
GET      11.000     87.79981
GET      12.000     88.78702
GET      13.000     89.75518
GET      14.000     90.57495
GET      15.000     91.29868
GET      16.000     92.04560
GET      17.000     92.81991
GET      18.000     93.39567
GET      19.000     93.90258
GET      20.000     94.44053
GET      21.000     94.99110
GET      22.000     95.43052
GET      23.000     95.83384
GET      24.000     96.20798
GET      25.000     96.57398
GET      26.000     96.87627
GET      27.000     97.13918
GET      28.000     97.38011
GET      29.000     97.61227
GET      30.000     97.82431
GET      31.000     98.01695
GET      32.000     98.19324
GET      33.000     98.34913
GET      34.000     98.47798
GET      35.000     98.59741
GET      36.000     98.69823
GET      37.000     98.79119
GET      38.000     98.87595
GET      39.000     98.96299
GET      40.000     99.04746
GET      41.000     99.12787
GET      42.000     99.19586
GET      43.000     99.24987
GET      44.000     99.29831
GET      45.000     99.34940
GET      46.000     99.38835
GET      47.000     99.42538
GET      48.000     99.46212
GET      49.000     99.49908
GET      50.000     99.53069
GET      51.000     99.56272
GET      52.000     99.59269
GET      53.000     99.62351
GET      54.000     99.64577
GET      55.000     99.66867
GET      56.000     99.69143
GET      57.000     99.71226
GET      58.000     99.73124
GET      59.000     99.74608
GET      60.000     99.76242
GET      61.000     99.77540
GET      62.000     99.78703
GET      63.000     99.79788
GET      64.000     99.80772
GET      65.000     99.81757
GET      66.000     99.82699
GET      67.000     99.83619
GET      68.000     99.84447
GET      69.000     99.85453
GET      70.000     99.86394
GET      71.000     99.87136
GET      72.000     99.87900
GET      73.000     99.88556
GET      74.000     99.89048
GET      75.000     99.89748
GET      76.000     99.90540
GET      77.000     99.91082
GET      78.000     99.91467
GET      79.000     99.91917
GET      80.000     99.92444
GET      81.000     99.92787
GET      82.000     99.93151
GET      83.000     99.93500
GET      84.000     99.93907
GET      85.000     99.94335
GET      86.000     99.94649
GET      87.000     99.94999
GET      88.000     99.95170
GET      89.000     99.95441
GET      90.000     99.95726
GET      91.000     99.95940
GET      92.000     99.96162
GET      93.000     99.96354
GET      94.000     99.96525
GET      95.000     99.96718
GET      96.000     99.96961
GET      97.000     99.97103
GET      98.000     99.97160
GET      99.000     99.97339
GET     100.000     99.97981
GET     110.000     99.98816
GET     120.000     99.99229
GET     130.000     99.99600
GET     140.000     99.99750
GET     150.000     99.99907
GET     160.000     99.99964
GET     170.000    100.00000
