[RUN #1] Preparing benchmark client...
[RUN #1] Launching threads now...
[RUN #1 5%,   1 secs]  8 threads:       67999 ops,   67967 (avg:   67967) ops/sec, 2.57MB/sec (avg: 2.57MB/sec),  4.62 (avg:  4.62) msec latency[RUN #1 10%,   2 secs]  8 threads:      148185 ops,   80173 (avg:   74069) ops/sec, 3.02MB/sec (avg: 2.80MB/sec),  4.03 (avg:  4.30) msec latency[RUN #1 15%,   3 secs]  8 threads:      228557 ops,   80360 (avg:   76166) ops/sec, 3.03MB/sec (avg: 2.87MB/sec),  3.96 (avg:  4.18) msec latency[RUN #1 20%,   4 secs]  8 threads:      306754 ops,   78184 (avg:   76670) ops/sec, 2.95MB/sec (avg: 2.89MB/sec),  4.09 (avg:  4.16) msec latency[RUN #1 25%,   5 secs]  8 threads:      385062 ops,   78293 (avg:   76995) ops/sec, 2.95MB/sec (avg: 2.91MB/sec),  4.08 (avg:  4.14) msec latency[RUN #1 30%,   6 secs]  8 threads:      464398 ops,   79324 (avg:   77383) ops/sec, 2.99MB/sec (avg: 2.92MB/sec),  4.04 (avg:  4.12) msec latency[RUN #1 35%,   7 secs]  8 threads:      545030 ops,   80619 (avg:   77845) ops/sec, 3.04MB/sec (avg: 2.94MB/sec),  3.97 (avg:  4.10) msec latency[RUN #1 40%,   8 secs]  8 threads:      625862 ops,   80820 (avg:   78217) ops/sec, 3.05MB/sec (avg: 2.95MB/sec),  3.93 (avg:  4.08) msec latency[RUN #1 45%,   9 secs]  8 threads:      707786 ops,   81910 (avg:   78627) ops/sec, 3.09MB/sec (avg: 2.97MB/sec),  3.90 (avg:  4.06) msec latency[RUN #1 50%,  10 secs]  8 threads:      788919 ops,   81118 (avg:   78877) ops/sec, 3.06MB/sec (avg: 2.98MB/sec),  3.96 (avg:  4.05) msec latency[RUN #1 55%,  11 secs]  8 threads:      868283 ops,   79349 (avg:   78919) ops/sec, 2.99MB/sec (avg: 2.98MB/sec),  4.03 (avg:  4.05) msec latency[RUN #1 60%,  12 secs]  8 threads:      949537 ops,   81242 (avg:   79113) ops/sec, 3.06MB/sec (avg: 2.98MB/sec),  3.92 (avg:  4.04) msec latency[RUN #1 65%,  13 secs]  8 threads:     1030611 ops,   81063 (avg:   79263) ops/sec, 3.06MB/sec (avg: 2.99MB/sec),  3.95 (avg:  4.03) msec latency[RUN #1 70%,  14 secs]  8 threads:     1110801 ops,   80178 (avg:   79328) ops/sec, 3.02MB/sec (avg: 2.99MB/sec),  3.97 (avg:  4.02) msec latency[RUN #1 75%,  15 secs]  8 threads:     1192185 ops,   81372 (avg:   79465) ops/sec, 3.07MB/sec (avg: 3.00MB/sec),  3.96 (avg:  4.02) msec latency[RUN #1 80%,  16 secs]  8 threads:     1274696 ops,   82499 (avg:   79654) ops/sec, 3.11MB/sec (avg: 3.00MB/sec),  3.85 (avg:  4.01) msec latency[RUN #1 85%,  17 secs]  8 threads:     1354515 ops,   79806 (avg:   79663) ops/sec, 3.01MB/sec (avg: 3.00MB/sec),  4.01 (avg:  4.01) msec latency[RUN #1 90%,  18 secs]  8 threads:     1433801 ops,   79274 (avg:   79642) ops/sec, 2.99MB/sec (avg: 3.00MB/sec),  4.05 (avg:  4.01) msec latency[RUN #1 95%,  19 secs]  8 threads:     1513801 ops,   79989 (avg:   79660) ops/sec, 3.02MB/sec (avg: 3.00MB/sec),  3.97 (avg:  4.01) msec latency[RUN #1 100%,  20 secs]  8 threads:     1599722 ops,   79989 (avg:   79977) ops/sec, 3.02MB/sec (avg: 3.02MB/sec),  3.97 (avg:  4.00) msec latency[RUN #1 100%,  20 secs]  0 threads:     1599850 ops,   79989 (avg:   79975) ops/sec, 3.02MB/sec (avg: 3.02MB/sec),  3.97 (avg:  4.00) msec latency

8         Threads
40        Connections per thread
20        Seconds
Type        Ops/sec     Hits/sec   Misses/sec      Latency       KB/sec
------------------------------------------------------------------------
Sets        7278.03          ---          ---      4.26300       539.49
Gets       72700.49      2890.99     69809.49      3.97000      2549.30
Totals     79978.52      2890.99     69809.49      3.99700      3088.79


Request Latency Distribution
Type     <= msec         Percent
------------------------------------------------------------------------
SET       1.000     71.24311
SET       2.000     74.08679
SET       3.000     76.51697
SET       4.000     78.56525
SET       5.000     80.32297
SET       6.000     81.75099
SET       7.000     83.15154
SET       8.000     84.54178
SET       9.000     85.69231
SET      10.000     86.72675
SET      11.000     87.72203
SET      12.000     88.77021
SET      13.000     89.71536
SET      14.000     90.49290
SET      15.000     91.26564
SET      16.000     92.06105
SET      17.000     92.74587
SET      18.000     93.29056
SET      19.000     93.83457
SET      20.000     94.42117
SET      21.000     94.95831
SET      22.000     95.33403
SET      23.000     95.72555
SET      24.000     96.14661
SET      25.000     96.47631
SET      26.000     96.75656
SET      27.000     97.00383
SET      28.000     97.25866
SET      29.000     97.51350
SET      30.000     97.70926
SET      31.000     97.87686
SET      32.000     98.05132
SET      33.000     98.18939
SET      34.000     98.31440
SET      35.000     98.43117
SET      36.000     98.53626
SET      37.000     98.61800
SET      38.000     98.71416
SET      39.000     98.79796
SET      40.000     98.88520
SET      41.000     98.96693
SET      42.000     99.02807
SET      43.000     99.07683
SET      44.000     99.13934
SET      45.000     99.18536
SET      46.000     99.23070
SET      47.000     99.27122
SET      48.000     99.31930
SET      49.000     99.36120
SET      50.000     99.38730
SET      51.000     99.42302
SET      52.000     99.45737
SET      53.000     99.49171
SET      54.000     99.51232
SET      55.000     99.54460
SET      56.000     99.56864
SET      57.000     99.58306
SET      58.000     99.59543
SET      59.000     99.61260
SET      60.000     99.63115
SET      61.000     99.64900
SET      62.000     99.66068
SET      63.000     99.67305
SET      64.000     99.68678
SET      65.000     99.69503
SET      66.000     99.70670
SET      67.000     99.71907
SET      68.000     99.73006
SET      69.000     99.73555
SET      70.000     99.74105
SET      71.000     99.75066
SET      72.000     99.75753
SET      73.000     99.76371
SET      74.000     99.77058
SET      75.000     99.77470
SET      76.000     99.78363
SET      77.000     99.78775
SET      78.000     99.79256
SET      79.000     99.79462
SET      80.000     99.80081
SET      81.000     99.80561
SET      82.000     99.81248
SET      83.000     99.81729
SET      84.000     99.82141
SET      85.000     99.82553
SET      86.000     99.82897
SET      87.000     99.83240
SET      88.000     99.83584
SET      89.000     99.83927
SET      90.000     99.84202
SET      91.000     99.84408
SET      92.000     99.84820
SET      93.000     99.85095
SET      94.000     99.85301
SET      95.000     99.85507
SET      96.000     99.85644
SET      97.000     99.86056
SET      98.000     99.86262
SET     100.000     99.87018
SET     110.000     99.88117
SET     120.000     99.90384
SET     130.000     99.92170
SET     140.000     99.93269
SET     150.000     99.94436
SET     160.000     99.95467
SET     170.000     99.96222
SET     180.000     99.97527
SET     190.000     99.98283
SET     200.000     99.98695
SET     210.000     99.99176
SET     220.000     99.99725
SET     230.000    100.00000
---
GET       0.092      0.00007
GET       0.093      0.00014
GET       0.099      0.00021
GET       0.100      0.00048
GET       0.110      0.00096
GET       0.120      0.00138
GET       0.130      0.00206
GET       0.140      0.00413
GET       0.150      0.00805
GET       0.160      0.01155
GET       0.170      0.01554
GET       0.180      0.02304
GET       0.190      0.03624
GET       0.200      0.05267
GET       0.210      0.06794
GET       0.220      0.08575
GET       0.230      0.10892
GET       0.240      0.14757
GET       0.250      0.19096
GET       0.260      0.23386
GET       0.270      0.27904
GET       0.280      0.33838
GET       0.290      0.42131
GET       0.300      0.52913
GET       0.310      0.68158
GET       0.320      0.89227
GET       0.330      1.26978
GET       0.340      1.95852
GET       0.350      2.95393
GET       0.360      4.32528
GET       0.370      6.22308
GET       0.380      8.94583
GET       0.390     12.84354
GET       0.400     16.98137
GET       0.410     20.96511
GET       0.420     24.72357
GET       0.430     28.28895
GET       0.440     31.66626
GET       0.450     34.26531
GET       0.460     36.18772
GET       0.470     37.64791
GET       0.480     38.84673
GET       0.490     39.90156
GET       0.500     40.77141
GET       0.510     41.48456
GET       0.520     42.09930
GET       0.530     42.66674
GET       0.540     43.18432
GET       0.550     43.62929
GET       0.560     44.01704
GET       0.570     44.34786
GET       0.580     44.64698
GET       0.590     44.89996
GET       0.600     45.12062
GET       0.610     45.31076
GET       0.620     45.48094
GET       0.630     45.63979
GET       0.640     45.79677
GET       0.650     45.95204
GET       0.660     46.11309
GET       0.670     46.29084
GET       0.680     46.49039
GET       0.690     46.72962
GET       0.700     46.98246
GET       0.710     47.29850
GET       0.720     47.68295
GET       0.730     48.14490
GET       0.740     48.72128
GET       0.750     49.41297
GET       0.760     50.23056
GET       0.770     51.20219
GET       0.780     52.33926
GET       0.790     53.60265
GET       0.800     54.95838
GET       0.810     56.35146
GET       0.820     57.75079
GET       0.830     59.14518
GET       0.840     60.45360
GET       0.850     61.64204
GET       0.860     62.68910
GET       0.870     63.61280
GET       0.880     64.45102
GET       0.890     65.17909
GET       0.900     65.82670
GET       0.910     66.39565
GET       0.920     66.91467
GET       0.930     67.38797
GET       0.940     67.82200
GET       0.950     68.21024
GET       0.960     68.56217
GET       0.970     68.88185
GET       0.980     69.18572
GET       0.990     69.46015
GET       1.000     70.65340
GET       1.100     71.84191
GET       1.200     72.41361
GET       1.300     72.77448
GET       1.400     73.10261
GET       1.500     73.47002
GET       1.600     73.89958
GET       1.700     74.34090
GET       1.800     74.72866
GET       1.900     75.03699
GET       2.000     75.30325
GET       2.100     75.53745
GET       2.200     75.75323
GET       2.300     75.94866
GET       2.400     76.13845
GET       2.500     76.34453
GET       2.600     76.54456
GET       2.700     76.73229
GET       2.800     76.93239
GET       2.900     77.12045
GET       3.000     77.31849
GET       3.100     77.50656
GET       3.200     77.69188
GET       3.300     77.87025
GET       3.400     78.05460
GET       3.500     78.23298
GET       3.600     78.41424
GET       3.700     78.59453
GET       3.800     78.75929
GET       3.900     78.91834
GET       4.000     79.08873
GET       4.100     79.24909
GET       4.200     79.40360
GET       4.300     79.55949
GET       4.400     79.73483
GET       4.500     79.88969
GET       4.600     80.03368
GET       4.700     80.17685
GET       4.800     80.34030
GET       4.900     80.51667
GET       5.000     80.67992
GET       5.100     80.83553
GET       5.200     80.97876
GET       5.300     81.12337
GET       5.400     81.27273
GET       5.500     81.40400
GET       5.600     81.54627
GET       5.700     81.68269
GET       5.800     81.82689
GET       5.900     81.97019
GET       6.000     82.09816
GET       6.100     82.22682
GET       6.200     82.35341
GET       6.300     82.47938
GET       6.400     82.61925
GET       6.500     82.74165
GET       6.600     82.87216
GET       6.700     82.99036
GET       6.800     83.11600
GET       6.900     83.23654
GET       7.000     83.35735
GET       7.100     83.47521
GET       7.200     83.60669
GET       7.300     83.72826
GET       7.400     83.84530
GET       7.500     83.96907
GET       7.600     84.09120
GET       7.700     84.20981
GET       7.800     84.33125
GET       7.900     84.44402
GET       8.000     84.56408
GET       8.100     84.68889
GET       8.200     84.80709
GET       8.300     84.92365
GET       8.400     85.04790
GET       8.500     85.16225
GET       8.600     85.28218
GET       8.700     85.40079
GET       8.800     85.53268
GET       8.900     85.66540
GET       9.000     85.79123
GET       9.100     85.90565
GET       9.200     86.01788
GET       9.300     86.12308
GET       9.400     86.22238
GET       9.500     86.31706
GET       9.600     86.42055
GET       9.700     86.52109
GET       9.800     86.61873
GET       9.900     86.71486
GET      10.000     87.27026
GET      11.000     88.26038
GET      12.000     89.23504
GET      13.000     90.17668
GET      14.000     90.95164
GET      15.000     91.65915
GET      16.000     92.37993
GET      17.000     93.11569
GET      18.000     93.66456
GET      19.000     94.15333
GET      20.000     94.67758
GET      21.000     95.20899
GET      22.000     95.62555
GET      23.000     96.00437
GET      24.000     96.36448
GET      25.000     96.71153
GET      26.000     97.01677
GET      27.000     97.27003
GET      28.000     97.49200
GET      29.000     97.72400
GET      30.000     97.91585
GET      31.000     98.09498
GET      32.000     98.25382
GET      33.000     98.40084
GET      34.000     98.52922
GET      35.000     98.64516
GET      36.000     98.74046
GET      37.000     98.83515
GET      38.000     98.90859
GET      39.000     98.99399
GET      40.000     99.07341
GET      41.000     99.15235
GET      42.000     99.21706
GET      43.000     99.26492
GET      44.000     99.31140
GET      45.000     99.36284
GET      46.000     99.40252
GET      47.000     99.44006
GET      48.000     99.47795
GET      49.000     99.51412
GET      50.000     99.54644
GET      51.000     99.57546
GET      52.000     99.60028
GET      53.000     99.62778
GET      54.000     99.64896
GET      55.000     99.67303
GET      56.000     99.69572
GET      57.000     99.71649
GET      58.000     99.73299
GET      59.000     99.74853
GET      60.000     99.76455
GET      61.000     99.77728
GET      62.000     99.78917
GET      63.000     99.80031
GET      64.000     99.81138
GET      65.000     99.82087
GET      66.000     99.83174
GET      67.000     99.84205
GET      68.000     99.85195
GET      69.000     99.86302
GET      70.000     99.87176
GET      71.000     99.87850
GET      72.000     99.88592
GET      73.000     99.89190
GET      74.000     99.89644
GET      75.000     99.90435
GET      76.000     99.91081
GET      77.000     99.91673
GET      78.000     99.91948
GET      79.000     99.92257
GET      80.000     99.92773
GET      81.000     99.93227
GET      82.000     99.93522
GET      83.000     99.93853
GET      84.000     99.94155
GET      85.000     99.94657
GET      86.000     99.95083
GET      87.000     99.95400
GET      88.000     99.95661
GET      89.000     99.95936
GET      90.000     99.96136
GET      91.000     99.96356
GET      92.000     99.96534
GET      93.000     99.96734
GET      94.000     99.96878
GET      95.000     99.97188
GET      96.000     99.97373
GET      97.000     99.97476
GET      98.000     99.97648
GET      99.000     99.97765
GET     100.000     99.98412
GET     110.000     99.99134
GET     120.000     99.99484
GET     130.000     99.99759
GET     140.000     99.99876
GET     150.000     99.99959
GET     160.000    100.00000
