[RUN #1] Preparing benchmark client...
[RUN #1] Launching threads now...
[RUN #1 5%,   1 secs]  8 threads:       76160 ops,   76113 (avg:   76113) ops/sec, 2.88MB/sec (avg: 2.88MB/sec),  4.15 (avg:  4.15) msec latency[RUN #1 10%,   2 secs]  8 threads:      156851 ops,   80677 (avg:   78395) ops/sec, 3.04MB/sec (avg: 2.96MB/sec),  3.96 (avg:  4.05) msec latency[RUN #1 15%,   3 secs]  8 threads:      237675 ops,   80812 (avg:   79200) ops/sec, 3.05MB/sec (avg: 2.99MB/sec),  3.95 (avg:  4.02) msec latency[RUN #1 20%,   4 secs]  8 threads:      318457 ops,   80770 (avg:   79593) ops/sec, 3.05MB/sec (avg: 3.00MB/sec),  3.97 (avg:  4.00) msec latency[RUN #1 25%,   5 secs]  8 threads:      398647 ops,   80178 (avg:   79710) ops/sec, 3.02MB/sec (avg: 3.01MB/sec),  3.95 (avg:  3.99) msec latency[RUN #1 30%,   6 secs]  8 threads:      479851 ops,   81192 (avg:   79957) ops/sec, 3.06MB/sec (avg: 3.02MB/sec),  3.96 (avg:  3.99) msec latency[RUN #1 35%,   7 secs]  8 threads:      559784 ops,   79920 (avg:   79952) ops/sec, 3.01MB/sec (avg: 3.02MB/sec),  4.00 (avg:  3.99) msec latency[RUN #1 40%,   8 secs]  8 threads:      640546 ops,   80747 (avg:   80051) ops/sec, 3.04MB/sec (avg: 3.02MB/sec),  3.95 (avg:  3.98) msec latency[RUN #1 45%,   9 secs]  8 threads:      721010 ops,   80452 (avg:   80096) ops/sec, 3.03MB/sec (avg: 3.02MB/sec),  3.99 (avg:  3.98) msec latency[RUN #1 50%,  10 secs]  8 threads:      799958 ops,   78935 (avg:   79979) ops/sec, 2.98MB/sec (avg: 3.02MB/sec),  3.99 (avg:  3.99) msec latency[RUN #1 55%,  11 secs]  8 threads:      880098 ops,   80128 (avg:   79993) ops/sec, 3.02MB/sec (avg: 3.02MB/sec),  4.03 (avg:  3.99) msec latency[RUN #1 60%,  12 secs]  8 threads:      959819 ops,   79708 (avg:   79969) ops/sec, 3.01MB/sec (avg: 3.02MB/sec),  4.01 (avg:  3.99) msec latency[RUN #1 65%,  13 secs]  8 threads:     1039887 ops,   80049 (avg:   79975) ops/sec, 3.02MB/sec (avg: 3.02MB/sec),  4.01 (avg:  3.99) msec latency[RUN #1 70%,  14 secs]  8 threads:     1119333 ops,   79430 (avg:   79936) ops/sec, 3.00MB/sec (avg: 3.01MB/sec),  4.01 (avg:  3.99) msec latency[RUN #1 75%,  15 secs]  8 threads:     1199141 ops,   79792 (avg:   79927) ops/sec, 3.01MB/sec (avg: 3.01MB/sec),  3.99 (avg:  3.99) msec latency[RUN #1 80%,  16 secs]  8 threads:     1278215 ops,   79063 (avg:   79873) ops/sec, 2.98MB/sec (avg: 3.01MB/sec),  4.05 (avg:  4.00) msec latency[RUN #1 85%,  17 secs]  8 threads:     1357785 ops,   79558 (avg:   79854) ops/sec, 3.00MB/sec (avg: 3.01MB/sec),  4.04 (avg:  4.00) msec latency[RUN #1 90%,  18 secs]  8 threads:     1437377 ops,   79578 (avg:   79839) ops/sec, 3.00MB/sec (avg: 3.01MB/sec),  3.99 (avg:  4.00) msec latency[RUN #1 95%,  19 secs]  8 threads:     1518231 ops,   80841 (avg:   79892) ops/sec, 3.05MB/sec (avg: 3.01MB/sec),  3.91 (avg:  3.99) msec latency[RUN #1 100%,  20 secs]  8 threads:     1601471 ops,   80841 (avg:   80067) ops/sec, 3.05MB/sec (avg: 3.02MB/sec),  3.91 (avg:  3.99) msec latency[RUN #1 100%,  20 secs]  0 threads:     1601507 ops,   80841 (avg:   80059) ops/sec, 3.05MB/sec (avg: 3.02MB/sec),  3.91 (avg:  3.99) msec latency

8         Threads
40        Connections per thread
20        Seconds
Type        Ops/sec     Hits/sec   Misses/sec      Latency       KB/sec
------------------------------------------------------------------------
Sets        7285.99          ---          ---      4.43000       540.08
Gets       72775.54      3265.34     69510.21      3.94900      2551.93
Totals     80061.54      3265.34     69510.21      3.99300      3092.01


Request Latency Distribution
Type     <= msec         Percent
------------------------------------------------------------------------
SET       1.000     75.75217
SET       2.000     79.67821
SET       3.000     81.59662
SET       4.000     82.85156
SET       5.000     83.76274
SET       6.000     84.58335
SET       7.000     85.29829
SET       8.000     86.00707
SET       9.000     86.66301
SET      10.000     87.17349
SET      11.000     87.71004
SET      12.000     88.29462
SET      13.000     88.70767
SET      14.000     89.12141
SET      15.000     89.48163
SET      16.000     89.97839
SET      17.000     90.38252
SET      18.000     90.86624
SET      19.000     91.20107
SET      20.000     91.56472
SET      21.000     91.91533
SET      22.000     92.33387
SET      23.000     92.63302
SET      24.000     92.97609
SET      25.000     93.32464
SET      26.000     93.65398
SET      27.000     93.89756
SET      28.000     94.16241
SET      29.000     94.41079
SET      30.000     94.67769
SET      31.000     94.86500
SET      32.000     95.11338
SET      33.000     95.35284
SET      34.000     95.55731
SET      35.000     95.79745
SET      36.000     95.98545
SET      37.000     96.17826
SET      38.000     96.41017
SET      39.000     96.54671
SET      40.000     96.69285
SET      41.000     96.82185
SET      42.000     97.00710
SET      43.000     97.19510
SET      44.000     97.33919
SET      45.000     97.46406
SET      46.000     97.55395
SET      47.000     97.63148
SET      48.000     97.72891
SET      49.000     97.82703
SET      50.000     97.92103
SET      51.000     98.02052
SET      52.000     98.11108
SET      53.000     98.22361
SET      54.000     98.29085
SET      55.000     98.36564
SET      56.000     98.45621
SET      57.000     98.53374
SET      58.000     98.60441
SET      59.000     98.64627
SET      60.000     98.69841
SET      61.000     98.75879
SET      62.000     98.84456
SET      63.000     98.88161
SET      64.000     98.92140
SET      65.000     98.96463
SET      66.000     99.00923
SET      67.000     99.05177
SET      68.000     99.08607
SET      69.000     99.13479
SET      70.000     99.15880
SET      71.000     99.17939
SET      72.000     99.21095
SET      73.000     99.22879
SET      74.000     99.26241
SET      75.000     99.29466
SET      76.000     99.31593
SET      77.000     99.37699
SET      78.000     99.39689
SET      79.000     99.41336
SET      80.000     99.44355
SET      81.000     99.46002
SET      82.000     99.49501
SET      83.000     99.52794
SET      84.000     99.55470
SET      85.000     99.57048
SET      86.000     99.58764
SET      87.000     99.62057
SET      88.000     99.63772
SET      89.000     99.65213
SET      90.000     99.66585
SET      91.000     99.68164
SET      92.000     99.69261
SET      93.000     99.70839
SET      94.000     99.71800
SET      95.000     99.72486
SET      96.000     99.72966
SET      97.000     99.74064
SET      98.000     99.75093
SET      99.000     99.75711
SET     100.000     99.78387
SET     110.000     99.82161
SET     120.000     99.89228
SET     130.000     99.92041
SET     140.000     99.94374
SET     150.000     99.95472
SET     160.000     99.97050
SET     170.000     99.98559
SET     180.000     99.98902
SET     190.000     99.99108
SET     200.000     99.99245
SET     210.000     99.99382
SET     220.000     99.99520
SET     230.000     99.99657
SET     240.000     99.99726
SET     260.000     99.99794
SET     270.000     99.99863
SET     280.000     99.99931
SET     380.000    100.00000
---
GET       0.064      0.00007
GET       0.065      0.00021
GET       0.066      0.00041
GET       0.068      0.00082
GET       0.069      0.00117
GET       0.070      0.00137
GET       0.072      0.00172
GET       0.073      0.00206
GET       0.074      0.00240
GET       0.075      0.00316
GET       0.076      0.00412
GET       0.077      0.00591
GET       0.078      0.00817
GET       0.079      0.01010
GET       0.080      0.01305
GET       0.081      0.01587
GET       0.082      0.02006
GET       0.083      0.02494
GET       0.084      0.03050
GET       0.085      0.03751
GET       0.086      0.04657
GET       0.087      0.05750
GET       0.088      0.07185
GET       0.089      0.08882
GET       0.090      0.10984
GET       0.091      0.13409
GET       0.092      0.16617
GET       0.093      0.20429
GET       0.094      0.24468
GET       0.095      0.28871
GET       0.096      0.33481
GET       0.097      0.38193
GET       0.098      0.43221
GET       0.099      0.48332
GET       0.100      0.76015
GET       0.110      1.30193
GET       0.120      1.87029
GET       0.130      2.77161
GET       0.140      5.01723
GET       0.150      7.31328
GET       0.160      8.59866
GET       0.170      9.47634
GET       0.180     10.42299
GET       0.190     12.10260
GET       0.200     13.87328
GET       0.210     15.38308
GET       0.220     16.94611
GET       0.230     19.19936
GET       0.240     23.25586
GET       0.250     27.63240
GET       0.260     31.54801
GET       0.270     35.45731
GET       0.280     40.11604
GET       0.290     46.33944
GET       0.300     51.56420
GET       0.310     55.31880
GET       0.320     58.25362
GET       0.330     60.86125
GET       0.340     63.40494
GET       0.350     65.33039
GET       0.360     66.73460
GET       0.370     67.84529
GET       0.380     68.87280
GET       0.390     69.88155
GET       0.400     70.72859
GET       0.410     71.39807
GET       0.420     71.97062
GET       0.430     72.50210
GET       0.440     73.01990
GET       0.450     73.45177
GET       0.460     73.81042
GET       0.470     74.12331
GET       0.480     74.42480
GET       0.490     74.70892
GET       0.500     74.96012
GET       0.510     75.17692
GET       0.520     75.38389
GET       0.530     75.58681
GET       0.540     75.80511
GET       0.550     76.00981
GET       0.560     76.19474
GET       0.570     76.38797
GET       0.580     76.59611
GET       0.590     76.80411
GET       0.600     77.00792
GET       0.610     77.19401
GET       0.620     77.37673
GET       0.630     77.57463
GET       0.640     77.77157
GET       0.650     77.96034
GET       0.660     78.13324
GET       0.670     78.29838
GET       0.680     78.46928
GET       0.690     78.63366
GET       0.700     78.78946
GET       0.710     78.92698
GET       0.720     79.05798
GET       0.730     79.19639
GET       0.740     79.32148
GET       0.750     79.43840
GET       0.760     79.54542
GET       0.770     79.64887
GET       0.780     79.74854
GET       0.790     79.84657
GET       0.800     79.93209
GET       0.810     80.01514
GET       0.820     80.09146
GET       0.830     80.17066
GET       0.840     80.24279
GET       0.850     80.30853
GET       0.860     80.37035
GET       0.870     80.43169
GET       0.880     80.49084
GET       0.890     80.54517
GET       0.900     80.60184
GET       0.910     80.65446
GET       0.920     80.70392
GET       0.930     80.75255
GET       0.940     80.80002
GET       0.950     80.84811
GET       0.960     80.89495
GET       0.970     80.93892
GET       0.980     80.98206
GET       0.990     81.02451
GET       1.000     81.24075
GET       1.100     81.60915
GET       1.200     81.96003
GET       1.300     82.28550
GET       1.400     82.58994
GET       1.500     82.86993
GET       1.600     83.12135
GET       1.700     83.34185
GET       1.800     83.53859
GET       1.900     83.71595
GET       2.000     83.87724
GET       2.100     84.02046
GET       2.200     84.15641
GET       2.300     84.27779
GET       2.400     84.39697
GET       2.500     84.50859
GET       2.600     84.61411
GET       2.700     84.71811
GET       2.800     84.81201
GET       2.900     84.90055
GET       3.000     85.00057
GET       3.100     85.08891
GET       3.200     85.17477
GET       3.300     85.25576
GET       3.400     85.33545
GET       3.500     85.41554
GET       3.600     85.49488
GET       3.700     85.57834
GET       3.800     85.66414
GET       3.900     85.74671
GET       4.000     85.81987
GET       4.100     85.90456
GET       4.200     85.99070
GET       4.300     86.08612
GET       4.400     86.18304
GET       4.500     86.26087
GET       4.600     86.33534
GET       4.700     86.41268
GET       4.800     86.48962
GET       4.900     86.56147
GET       5.000     86.63202
GET       5.100     86.69329
GET       5.200     86.75532
GET       5.300     86.81989
GET       5.400     86.88769
GET       5.500     86.95130
GET       5.600     87.01326
GET       5.700     87.07557
GET       5.800     87.13663
GET       5.900     87.20230
GET       6.000     87.26550
GET       6.100     87.32691
GET       6.200     87.38420
GET       6.300     87.44094
GET       6.400     87.49741
GET       6.500     87.55161
GET       6.600     87.60697
GET       6.700     87.65842
GET       6.800     87.71654
GET       6.900     87.77190
GET       7.000     87.82981
GET       7.100     87.88971
GET       7.200     87.94391
GET       7.300     87.99481
GET       7.400     88.04860
GET       7.500     88.10575
GET       7.600     88.15857
GET       7.700     88.20357
GET       7.800     88.25351
GET       7.900     88.30345
GET       8.000     88.35194
GET       8.100     88.40326
GET       8.200     88.45642
GET       8.300     88.52299
GET       8.400     88.58247
GET       8.500     88.64086
GET       8.600     88.70145
GET       8.700     88.75249
GET       8.800     88.80792
GET       8.900     88.85958
GET       9.000     88.91089
GET       9.100     88.95747
GET       9.200     89.00926
GET       9.300     89.06119
GET       9.400     89.10564
GET       9.500     89.15722
GET       9.600     89.20455
GET       9.700     89.25175
GET       9.800     89.29825
GET       9.900     89.34716
GET      10.000     89.59528
GET      11.000     90.01918
GET      12.000     90.46492
GET      13.000     90.85331
GET      14.000     91.23902
GET      15.000     91.57465
GET      16.000     91.92945
GET      17.000     92.27683
GET      18.000     92.59144
GET      19.000     92.87590
GET      20.000     93.17299
GET      21.000     93.48245
GET      22.000     93.78161
GET      23.000     94.05308
GET      24.000     94.31267
GET      25.000     94.57377
GET      26.000     94.84758
GET      27.000     95.07007
GET      28.000     95.30589
GET      29.000     95.52283
GET      30.000     95.76758
GET      31.000     95.96040
GET      32.000     96.14649
GET      33.000     96.33869
GET      34.000     96.53405
GET      35.000     96.70729
GET      36.000     96.85773
GET      37.000     97.01551
GET      38.000     97.18958
GET      39.000     97.32910
GET      40.000     97.45769
GET      41.000     97.59329
GET      42.000     97.71817
GET      43.000     97.83357
GET      44.000     97.94561
GET      45.000     98.06486
GET      46.000     98.16502
GET      47.000     98.24841
GET      48.000     98.32521
GET      49.000     98.42103
GET      50.000     98.50669
GET      51.000     98.58425
GET      52.000     98.65431
GET      53.000     98.71696
GET      54.000     98.78297
GET      55.000     98.83491
GET      56.000     98.89116
GET      57.000     98.95601
GET      58.000     99.00952
GET      59.000     99.05534
GET      60.000     99.09779
GET      61.000     99.14230
GET      62.000     99.17851
GET      63.000     99.21333
GET      64.000     99.25414
GET      65.000     99.29418
GET      66.000     99.32990
GET      67.000     99.36459
GET      68.000     99.39585
GET      69.000     99.43040
GET      70.000     99.46145
GET      71.000     99.48391
GET      72.000     99.50548
GET      73.000     99.53056
GET      74.000     99.55405
GET      75.000     99.57390
GET      76.000     99.59368
GET      77.000     99.61257
GET      78.000     99.62927
GET      79.000     99.64507
GET      80.000     99.66196
GET      81.000     99.67893
GET      82.000     99.69356
GET      83.000     99.70888
GET      84.000     99.72317
GET      85.000     99.73485
GET      86.000     99.74398
GET      87.000     99.75408
GET      88.000     99.76679
GET      89.000     99.77922
GET      90.000     99.78753
GET      91.000     99.79763
GET      92.000     99.80725
GET      93.000     99.81542
GET      94.000     99.82504
GET      95.000     99.82992
GET      96.000     99.83466
GET      97.000     99.84153
GET      98.000     99.84812
GET      99.000     99.85334
GET     100.000     99.87745
GET     110.000     99.91606
GET     120.000     99.93653
GET     130.000     99.95425
GET     140.000     99.96545
GET     150.000     99.97225
GET     160.000     99.97802
GET     170.000     99.98283
GET     180.000     99.98523
GET     190.000     99.98784
GET     200.000     99.99018
GET     210.000     99.99148
GET     220.000     99.99251
GET     230.000     99.99354
GET     240.000     99.99464
GET     250.000     99.99608
GET     260.000     99.99663
GET     270.000     99.99780
GET     280.000     99.99821
GET     290.000     99.99835
GET     310.000     99.99863
GET     320.000     99.99890
GET     330.000     99.99911
GET     360.000     99.99952
GET     370.000     99.99966
GET     380.000     99.99979
GET     420.000     99.99993
GET     480.000    100.00000
