[RUN #1] Preparing benchmark client...
[RUN #1] Launching threads now...
[RUN #1 5%,   0 secs]  8 threads:       67729 ops,       0 (avg:       0) ops/sec, 0.00KB/sec (avg: 0.00KB/sec),  0.00 (avg:  0.00) msec latency[RUN #1 10%,   1 secs]  8 threads:      147696 ops,   79952 (avg:   73848) ops/sec, 3.02MB/sec (avg: 2.79MB/sec),  3.98 (avg:  4.30) msec latency[RUN #1 15%,   3 secs]  8 threads:      229260 ops,   81552 (avg:   76416) ops/sec, 3.08MB/sec (avg: 2.88MB/sec),  3.94 (avg:  4.17) msec latency[RUN #1 20%,   4 secs]  8 threads:      310455 ops,   81183 (avg:   77608) ops/sec, 3.06MB/sec (avg: 2.93MB/sec),  3.94 (avg:  4.11) msec latency[RUN #1 25%,   5 secs]  8 threads:      392060 ops,   81593 (avg:   78405) ops/sec, 3.08MB/sec (avg: 2.96MB/sec),  3.92 (avg:  4.07) msec latency[RUN #1 30%,   6 secs]  8 threads:      474231 ops,   82159 (avg:   79031) ops/sec, 3.10MB/sec (avg: 2.98MB/sec),  3.88 (avg:  4.04) msec latency[RUN #1 35%,   7 secs]  8 threads:      556747 ops,   82496 (avg:   79526) ops/sec, 3.11MB/sec (avg: 3.00MB/sec),  3.89 (avg:  4.02) msec latency[RUN #1 40%,   8 secs]  8 threads:      638164 ops,   81403 (avg:   79761) ops/sec, 3.07MB/sec (avg: 3.01MB/sec),  3.93 (avg:  4.01) msec latency[RUN #1 45%,   9 secs]  8 threads:      719679 ops,   81500 (avg:   79954) ops/sec, 3.07MB/sec (avg: 3.02MB/sec),  3.91 (avg:  3.99) msec latency[RUN #1 50%,  10 secs]  8 threads:      802399 ops,   82708 (avg:   80229) ops/sec, 3.12MB/sec (avg: 3.03MB/sec),  3.88 (avg:  3.98) msec latency[RUN #1 55%,  11 secs]  8 threads:      885552 ops,   83138 (avg:   80494) ops/sec, 3.13MB/sec (avg: 3.04MB/sec),  3.84 (avg:  3.97) msec latency[RUN #1 60%,  12 secs]  8 threads:      969476 ops,   83912 (avg:   80779) ops/sec, 3.16MB/sec (avg: 3.05MB/sec),  3.80 (avg:  3.96) msec latency[RUN #1 65%,  13 secs]  8 threads:     1052283 ops,   82795 (avg:   80934) ops/sec, 3.12MB/sec (avg: 3.05MB/sec),  3.87 (avg:  3.95) msec latency[RUN #1 70%,  14 secs]  8 threads:     1135363 ops,   83068 (avg:   81086) ops/sec, 3.13MB/sec (avg: 3.06MB/sec),  3.84 (avg:  3.94) msec latency[RUN #1 75%,  15 secs]  8 threads:     1217855 ops,   82480 (avg:   81179) ops/sec, 3.11MB/sec (avg: 3.06MB/sec),  3.88 (avg:  3.94) msec latency[RUN #1 80%,  16 secs]  8 threads:     1301230 ops,   83355 (avg:   81315) ops/sec, 3.14MB/sec (avg: 3.07MB/sec),  3.83 (avg:  3.93) msec latency[RUN #1 85%,  17 secs]  8 threads:     1382992 ops,   81750 (avg:   81341) ops/sec, 3.08MB/sec (avg: 3.07MB/sec),  3.92 (avg:  3.93) msec latency[RUN #1 90%,  18 secs]  8 threads:     1464643 ops,   81639 (avg:   81357) ops/sec, 3.08MB/sec (avg: 3.07MB/sec),  3.90 (avg:  3.93) msec latency[RUN #1 95%,  19 secs]  8 threads:     1548314 ops,   83659 (avg:   81478) ops/sec, 3.16MB/sec (avg: 3.07MB/sec),  3.83 (avg:  3.92) msec latency[RUN #1 100%,  20 secs]  8 threads:     1633008 ops,   83659 (avg:   81643) ops/sec, 3.16MB/sec (avg: 3.08MB/sec),  3.83 (avg:  3.92) msec latency[RUN #1 100%,  20 secs]  0 threads:     1633163 ops,   83659 (avg:   81633) ops/sec, 3.16MB/sec (avg: 3.08MB/sec),  3.83 (avg:  3.92) msec latency

8         Threads
40        Connections per thread
20        Seconds
Type        Ops/sec     Hits/sec   Misses/sec      Latency       KB/sec
------------------------------------------------------------------------
Sets        7428.73          ---          ---      4.05600       550.66
Gets       74204.51      2637.25     71567.27      3.90200      2602.05
Totals     81633.25      2637.25     71567.27      3.91600      3152.72


Request Latency Distribution
Type     <= msec         Percent
------------------------------------------------------------------------
SET       1.000     69.60032
SET       2.000     72.42632
SET       3.000     75.34652
SET       4.000     77.66586
SET       5.000     80.23415
SET       6.000     82.43709
SET       7.000     84.33589
SET       8.000     86.06311
SET       9.000     87.80447
SET      10.000     89.22621
SET      11.000     90.48446
SET      12.000     91.59333
SET      13.000     92.73987
SET      14.000     93.60584
SET      15.000     94.46306
SET      16.000     95.12784
SET      17.000     95.70852
SET      18.000     96.23469
SET      19.000     96.67811
SET      20.000     97.03337
SET      21.000     97.36913
SET      22.000     97.65644
SET      23.000     97.91145
SET      24.000     98.13080
SET      25.000     98.30036
SET      26.000     98.46723
SET      27.000     98.60988
SET      28.000     98.71417
SET      29.000     98.81577
SET      30.000     98.90324
SET      31.000     98.97187
SET      32.000     99.04320
SET      33.000     99.09904
SET      34.000     99.14682
SET      35.000     99.19526
SET      36.000     99.24976
SET      37.000     99.29350
SET      38.000     99.33993
SET      39.000     99.37559
SET      40.000     99.41529
SET      41.000     99.45633
SET      42.000     99.48190
SET      43.000     99.51218
SET      44.000     99.54246
SET      45.000     99.56264
SET      46.000     99.58350
SET      47.000     99.61109
SET      48.000     99.62791
SET      49.000     99.64675
SET      50.000     99.66357
SET      51.000     99.67568
SET      52.000     99.69520
SET      53.000     99.71269
SET      54.000     99.73018
SET      55.000     99.74364
SET      56.000     99.75239
SET      57.000     99.76652
SET      58.000     99.78401
SET      59.000     99.80016
SET      60.000     99.81362
SET      61.000     99.82438
SET      62.000     99.83044
SET      63.000     99.84188
SET      64.000     99.84995
SET      65.000     99.85803
SET      66.000     99.86677
SET      67.000     99.87148
SET      68.000     99.87889
SET      69.000     99.88561
SET      70.000     99.89436
SET      71.000     99.90244
SET      72.000     99.90782
SET      73.000     99.91118
SET      74.000     99.91387
SET      75.000     99.91657
SET      76.000     99.92397
SET      77.000     99.92868
SET      78.000     99.93204
SET      79.000     99.93742
SET      80.000     99.94079
SET      81.000     99.94213
SET      82.000     99.94550
SET      83.000     99.94752
SET      84.000     99.95021
SET      85.000     99.95223
SET      86.000     99.95492
SET      87.000     99.95626
SET      88.000     99.95694
SET      91.000     99.95828
SET      92.000     99.95963
SET      94.000     99.96030
SET      95.000     99.96097
SET      96.000     99.96165
SET      97.000     99.96232
SET      98.000     99.96299
SET      99.000     99.96568
SET     110.000     99.97039
SET     120.000     99.97510
SET     130.000     99.97712
SET     150.000     99.97847
SET     160.000     99.98385
SET     170.000     99.99596
SET     180.000    100.00000
---
GET       0.250      0.00007
GET       0.290      0.00020
GET       0.300      0.00034
GET       0.310      0.00040
GET       0.320      0.00054
GET       0.330      0.00067
GET       0.340      0.00108
GET       0.350      0.00121
GET       0.360      0.00148
GET       0.370      0.00189
GET       0.380      0.00229
GET       0.390      0.00256
GET       0.400      0.00310
GET       0.410      0.00344
GET       0.420      0.00384
GET       0.430      0.00478
GET       0.440      0.00573
GET       0.450      0.00687
GET       0.460      0.00869
GET       0.470      0.01098
GET       0.480      0.01428
GET       0.490      0.01859
GET       0.500      0.02337
GET       0.510      0.02923
GET       0.520      0.03664
GET       0.530      0.04439
GET       0.540      0.05537
GET       0.550      0.06574
GET       0.560      0.07619
GET       0.570      0.08696
GET       0.580      0.10077
GET       0.590      0.11923
GET       0.600      0.13870
GET       0.610      0.16362
GET       0.620      0.19528
GET       0.630      0.23543
GET       0.640      0.29167
GET       0.650      0.37277
GET       0.660      0.47510
GET       0.670      0.61783
GET       0.680      0.82645
GET       0.690      1.11004
GET       0.700      1.48564
GET       0.710      1.97879
GET       0.720      2.62175
GET       0.730      3.48983
GET       0.740      4.60398
GET       0.750      5.96487
GET       0.760      7.60402
GET       0.770      9.55648
GET       0.780     11.86230
GET       0.790     14.46519
GET       0.800     17.32627
GET       0.810     20.33023
GET       0.820     23.42263
GET       0.830     26.57121
GET       0.840     29.58890
GET       0.850     32.44083
GET       0.860     34.96975
GET       0.870     37.21610
GET       0.880     39.13790
GET       0.890     40.72472
GET       0.900     42.06742
GET       0.910     43.18501
GET       0.920     44.13857
GET       0.930     44.97721
GET       0.940     45.72121
GET       0.950     46.35682
GET       0.960     46.94839
GET       0.970     47.48923
GET       0.980     47.97887
GET       0.990     48.43598
GET       1.000     50.22259
GET       1.100     51.75983
GET       1.200     52.47601
GET       1.300     53.07095
GET       1.400     54.16960
GET       1.500     57.06659
GET       1.600     62.50152
GET       1.700     66.94626
GET       1.800     69.21086
GET       1.900     70.33343
GET       2.000     70.96298
GET       2.100     71.39160
GET       2.200     71.71338
GET       2.300     71.95831
GET       2.400     72.17238
GET       2.500     72.39683
GET       2.600     72.60665
GET       2.700     72.81924
GET       2.800     73.05238
GET       2.900     73.28343
GET       3.000     73.54283
GET       3.100     73.86401
GET       3.200     74.19994
GET       3.300     74.52940
GET       3.400     74.82666
GET       3.500     75.09597
GET       3.600     75.34218
GET       3.700     75.58494
GET       3.800     75.81458
GET       3.900     76.03491
GET       4.000     76.24676
GET       4.100     76.46643
GET       4.200     76.69424
GET       4.300     76.93863
GET       4.400     77.18658
GET       4.500     77.42578
GET       4.600     77.64194
GET       4.700     77.86302
GET       4.800     78.09373
GET       4.900     78.32572
GET       5.000     78.56829
GET       5.100     78.82803
GET       5.200     79.07302
GET       5.300     79.32286
GET       5.400     79.56401
GET       5.500     79.80570
GET       5.600     80.05939
GET       5.700     80.35247
GET       5.800     80.64832
GET       5.900     80.92282
GET       6.000     81.15824
GET       6.100     81.39562
GET       6.200     81.61859
GET       6.300     81.83360
GET       6.400     82.04518
GET       6.500     82.25595
GET       6.600     82.45972
GET       6.700     82.66477
GET       6.800     82.86153
GET       6.900     83.04495
GET       7.000     83.23861
GET       7.100     83.43073
GET       7.200     83.63914
GET       7.300     83.83139
GET       7.400     84.01771
GET       7.500     84.19999
GET       7.600     84.37021
GET       7.700     84.54838
GET       7.800     84.72318
GET       7.900     84.90445
GET       8.000     85.07393
GET       8.100     85.24947
GET       8.200     85.42171
GET       8.300     85.59233
GET       8.400     85.75400
GET       8.500     85.90987
GET       8.600     86.06682
GET       8.700     86.21913
GET       8.800     86.37924
GET       8.900     86.55445
GET       9.000     86.71888
GET       9.100     86.87313
GET       9.200     87.03904
GET       9.300     87.20185
GET       9.400     87.36042
GET       9.500     87.52646
GET       9.600     87.70962
GET       9.700     87.91022
GET       9.800     88.10691
GET       9.900     88.27888
GET      10.000     89.05582
GET      11.000     90.37320
GET      12.000     91.47509
GET      13.000     92.52053
GET      14.000     93.58557
GET      15.000     94.40986
GET      16.000     95.07781
GET      17.000     95.62121
GET      18.000     96.16872
GET      19.000     96.62711
GET      20.000     96.97961
GET      21.000     97.30671
GET      22.000     97.61738
GET      23.000     97.88521
GET      24.000     98.10709
GET      25.000     98.30844
GET      26.000     98.47691
GET      27.000     98.62301
GET      28.000     98.74547
GET      29.000     98.83580
GET      30.000     98.92741
GET      31.000     99.01532
GET      32.000     99.08167
GET      33.000     99.13704
GET      34.000     99.19106
GET      35.000     99.23741
GET      36.000     99.28470
GET      37.000     99.32531
GET      38.000     99.36937
GET      39.000     99.40696
GET      40.000     99.43747
GET      41.000     99.46933
GET      42.000     99.50160
GET      43.000     99.53110
GET      44.000     99.56337
GET      45.000     99.59092
GET      46.000     99.61598
GET      47.000     99.63868
GET      48.000     99.66212
GET      49.000     99.67990
GET      50.000     99.70267
GET      51.000     99.71951
GET      52.000     99.74012
GET      53.000     99.75723
GET      54.000     99.77690
GET      55.000     99.79138
GET      56.000     99.80486
GET      57.000     99.81786
GET      58.000     99.82789
GET      59.000     99.83881
GET      60.000     99.84972
GET      61.000     99.86036
GET      62.000     99.86966
GET      63.000     99.88010
GET      64.000     99.88939
GET      65.000     99.89889
GET      66.000     99.90590
GET      67.000     99.91081
GET      68.000     99.91647
GET      69.000     99.92220
GET      70.000     99.92651
GET      71.000     99.93318
GET      72.000     99.93682
GET      73.000     99.94072
GET      74.000     99.94362
GET      75.000     99.94874
GET      76.000     99.95265
GET      77.000     99.95642
GET      78.000     99.95891
GET      79.000     99.96228
GET      80.000     99.96470
GET      81.000     99.96760
GET      82.000     99.97002
GET      83.000     99.97292
GET      84.000     99.97413
GET      85.000     99.97609
GET      86.000     99.97844
GET      87.000     99.97945
GET      88.000     99.98080
GET      89.000     99.98195
GET      90.000     99.98255
GET      91.000     99.98323
GET      92.000     99.98424
GET      93.000     99.98552
GET      94.000     99.98579
GET      95.000     99.98653
GET      96.000     99.98754
GET      97.000     99.98868
GET      98.000     99.98936
GET      99.000     99.98956
GET     100.000     99.99138
GET     110.000     99.99636
GET     120.000     99.99838
GET     130.000     99.99879
GET     140.000     99.99960
GET     150.000     99.99966
GET     170.000     99.99993
GET     200.000    100.00000
