[RUN #1] Preparing benchmark client...
[RUN #1] Launching threads now...
[RUN #1 5%,   0 secs]  8 threads:       65855 ops,       0 (avg:       0) ops/sec, 0.00KB/sec (avg: 0.00KB/sec),  0.00 (avg:  0.00) msec latency[RUN #1 10%,   1 secs]  8 threads:      147821 ops,   81954 (avg:   73920) ops/sec, 3.09MB/sec (avg: 2.79MB/sec),  3.89 (avg:  4.30) msec latency[RUN #1 15%,   2 secs]  8 threads:      230922 ops,   83088 (avg:   76976) ops/sec, 3.13MB/sec (avg: 2.91MB/sec),  3.87 (avg:  4.14) msec latency[RUN #1 20%,   4 secs]  8 threads:      313315 ops,   82381 (avg:   78328) ops/sec, 3.11MB/sec (avg: 2.96MB/sec),  3.88 (avg:  4.08) msec latency[RUN #1 25%,   5 secs]  8 threads:      392959 ops,   79632 (avg:   78589) ops/sec, 3.00MB/sec (avg: 2.97MB/sec),  4.01 (avg:  4.06) msec latency[RUN #1 30%,   6 secs]  8 threads:      473430 ops,   80458 (avg:   78900) ops/sec, 3.03MB/sec (avg: 2.98MB/sec),  3.98 (avg:  4.05) msec latency[RUN #1 35%,   7 secs]  8 threads:      554300 ops,   80858 (avg:   79180) ops/sec, 3.05MB/sec (avg: 2.99MB/sec),  3.96 (avg:  4.04) msec latency[RUN #1 40%,   8 secs]  8 threads:      633540 ops,   79230 (avg:   79186) ops/sec, 2.99MB/sec (avg: 2.99MB/sec),  4.02 (avg:  4.03) msec latency[RUN #1 45%,   9 secs]  8 threads:      715214 ops,   81660 (avg:   79461) ops/sec, 3.08MB/sec (avg: 3.00MB/sec),  3.91 (avg:  4.02) msec latency[RUN #1 50%,  10 secs]  8 threads:      796281 ops,   81051 (avg:   79620) ops/sec, 3.06MB/sec (avg: 3.00MB/sec),  3.95 (avg:  4.01) msec latency[RUN #1 55%,  11 secs]  8 threads:      877336 ops,   81043 (avg:   79749) ops/sec, 3.06MB/sec (avg: 3.01MB/sec),  3.95 (avg:  4.01) msec latency[RUN #1 60%,  12 secs]  8 threads:      958467 ops,   81119 (avg:   79864) ops/sec, 3.06MB/sec (avg: 3.01MB/sec),  3.93 (avg:  4.00) msec latency[RUN #1 65%,  13 secs]  8 threads:     1039353 ops,   80874 (avg:   79941) ops/sec, 3.05MB/sec (avg: 3.02MB/sec),  3.97 (avg:  4.00) msec latency[RUN #1 70%,  14 secs]  8 threads:     1121581 ops,   82216 (avg:   80104) ops/sec, 3.10MB/sec (avg: 3.02MB/sec),  3.87 (avg:  3.99) msec latency[RUN #1 75%,  15 secs]  8 threads:     1203558 ops,   81965 (avg:   80228) ops/sec, 3.09MB/sec (avg: 3.03MB/sec),  3.90 (avg:  3.98) msec latency[RUN #1 80%,  16 secs]  8 threads:     1284853 ops,   81284 (avg:   80294) ops/sec, 3.07MB/sec (avg: 3.03MB/sec),  3.95 (avg:  3.98) msec latency[RUN #1 85%,  17 secs]  8 threads:     1364610 ops,   79735 (avg:   80261) ops/sec, 3.01MB/sec (avg: 3.03MB/sec),  4.00 (avg:  3.98) msec latency[RUN #1 90%,  18 secs]  8 threads:     1446031 ops,   81409 (avg:   80325) ops/sec, 3.07MB/sec (avg: 3.03MB/sec),  3.92 (avg:  3.98) msec latency[RUN #1 95%,  19 secs]  8 threads:     1527814 ops,   81771 (avg:   80401) ops/sec, 3.08MB/sec (avg: 3.03MB/sec),  3.92 (avg:  3.97) msec latency[RUN #1 100%,  20 secs]  8 threads:     1609760 ops,   81771 (avg:   80482) ops/sec, 3.08MB/sec (avg: 3.04MB/sec),  3.92 (avg:  3.97) msec latency[RUN #1 100%,  20 secs]  0 threads:     1609833 ops,   81771 (avg:   80483) ops/sec, 3.08MB/sec (avg: 3.04MB/sec),  3.92 (avg:  3.97) msec latency

8         Threads
40        Connections per thread
20        Seconds
Type        Ops/sec     Hits/sec   Misses/sec      Latency       KB/sec
------------------------------------------------------------------------
Sets        7323.96          ---          ---      4.18400       542.90
Gets       73160.64      2570.67     70589.97      3.95000      2565.45
Totals     80484.60      2570.67     70589.97      3.97200      3108.34


Request Latency Distribution
Type     <= msec         Percent
------------------------------------------------------------------------
SET       1.000     69.12459
SET       2.000     72.12408
SET       3.000     75.05871
SET       4.000     77.45406
SET       5.000     80.12042
SET       6.000     82.24749
SET       7.000     84.18958
SET       8.000     85.89274
SET       9.000     87.61502
SET      10.000     89.07381
SET      11.000     90.36261
SET      12.000     91.46233
SET      13.000     92.54976
SET      14.000     93.42831
SET      15.000     94.26999
SET      16.000     94.92600
SET      17.000     95.56631
SET      18.000     96.08716
SET      19.000     96.53906
SET      20.000     96.88106
SET      21.000     97.20121
SET      22.000     97.50430
SET      23.000     97.76711
SET      24.000     97.98829
SET      25.000     98.18966
SET      26.000     98.36510
SET      27.000     98.52210
SET      28.000     98.62791
SET      29.000     98.72348
SET      30.000     98.84157
SET      31.000     98.91462
SET      32.000     98.97742
SET      33.000     99.04909
SET      34.000     99.10780
SET      35.000     99.15900
SET      36.000     99.19450
SET      37.000     99.23955
SET      38.000     99.28870
SET      39.000     99.32215
SET      40.000     99.35491
SET      41.000     99.39724
SET      42.000     99.43342
SET      43.000     99.46072
SET      44.000     99.49007
SET      45.000     99.52011
SET      46.000     99.54127
SET      47.000     99.56516
SET      48.000     99.58428
SET      49.000     99.61295
SET      50.000     99.62933
SET      51.000     99.64571
SET      52.000     99.67165
SET      53.000     99.68940
SET      54.000     99.70101
SET      55.000     99.70988
SET      56.000     99.71807
SET      57.000     99.72968
SET      58.000     99.73992
SET      59.000     99.74879
SET      60.000     99.77473
SET      61.000     99.78634
SET      62.000     99.79589
SET      63.000     99.80682
SET      64.000     99.81774
SET      65.000     99.82729
SET      66.000     99.83276
SET      67.000     99.83822
SET      68.000     99.85050
SET      69.000     99.86006
SET      70.000     99.86620
SET      71.000     99.86825
SET      72.000     99.87235
SET      73.000     99.87440
SET      74.000     99.87849
SET      75.000     99.88054
SET      76.000     99.89010
SET      77.000     99.89487
SET      78.000     99.89829
SET      79.000     99.90102
SET      80.000     99.90307
SET      81.000     99.90443
SET      82.000     99.91194
SET      83.000     99.91331
SET      84.000     99.91535
SET      85.000     99.91604
SET      86.000     99.91740
SET      87.000     99.91945
SET      88.000     99.92286
SET      89.000     99.92423
SET      90.000     99.92491
SET      91.000     99.92696
SET      92.000     99.92832
SET      94.000     99.92969
SET      95.000     99.93037
SET      96.000     99.93174
SET      98.000     99.93242
SET     100.000     99.93447
SET     110.000     99.93925
SET     120.000     99.94198
SET     130.000     99.94334
SET     140.000     99.94471
SET     150.000     99.94607
SET     160.000     99.95085
SET     170.000     99.95836
SET     180.000     99.96177
SET     190.000     99.96860
SET     200.000     99.96928
SET     210.000     99.97065
SET     220.000     99.97338
SET     260.000     99.98020
SET     270.000     99.99044
SET     280.000     99.99863
SET     290.000    100.00000
---
GET       0.200      0.00007
GET       0.210      0.00014
GET       0.230      0.00027
GET       0.240      0.00048
GET       0.250      0.00082
GET       0.260      0.00103
GET       0.270      0.00130
GET       0.280      0.00239
GET       0.290      0.00437
GET       0.300      0.00540
GET       0.310      0.00622
GET       0.320      0.00745
GET       0.330      0.00902
GET       0.340      0.01155
GET       0.350      0.01367
GET       0.360      0.01613
GET       0.370      0.01845
GET       0.380      0.02248
GET       0.390      0.02706
GET       0.400      0.03109
GET       0.410      0.03567
GET       0.420      0.03984
GET       0.430      0.04421
GET       0.440      0.05016
GET       0.450      0.05481
GET       0.460      0.06041
GET       0.470      0.06670
GET       0.480      0.07360
GET       0.490      0.08132
GET       0.500      0.08938
GET       0.510      0.09991
GET       0.520      0.10982
GET       0.530      0.12253
GET       0.540      0.13866
GET       0.550      0.15519
GET       0.560      0.17317
GET       0.570      0.19093
GET       0.580      0.21089
GET       0.590      0.23610
GET       0.600      0.26426
GET       0.610      0.29597
GET       0.620      0.33847
GET       0.630      0.39451
GET       0.640      0.46619
GET       0.650      0.55729
GET       0.660      0.68221
GET       0.670      0.84813
GET       0.680      1.07589
GET       0.690      1.38006
GET       0.700      1.77744
GET       0.710      2.29557
GET       0.720      2.96534
GET       0.730      3.84524
GET       0.740      4.96050
GET       0.750      6.32320
GET       0.760      7.96793
GET       0.770      9.90241
GET       0.780     12.16183
GET       0.790     14.71004
GET       0.800     17.46770
GET       0.810     20.34850
GET       0.820     23.35177
GET       0.830     26.32804
GET       0.840     29.19976
GET       0.850     31.88341
GET       0.860     34.30677
GET       0.870     36.40437
GET       0.880     38.22267
GET       0.890     39.75669
GET       0.900     41.05058
GET       0.910     42.12538
GET       0.920     43.04950
GET       0.930     43.86196
GET       0.940     44.58469
GET       0.950     45.22049
GET       0.960     45.79131
GET       0.970     46.31955
GET       0.980     46.80912
GET       0.990     47.25119
GET       1.000     49.05938
GET       1.100     50.59552
GET       1.200     51.34080
GET       1.300     51.96601
GET       1.400     53.10615
GET       1.500     56.14556
GET       1.600     61.84874
GET       1.700     66.54225
GET       1.800     68.87725
GET       1.900     70.03344
GET       2.000     70.65927
GET       2.100     71.09170
GET       2.200     71.40024
GET       2.300     71.65637
GET       2.400     71.87573
GET       2.500     72.09625
GET       2.600     72.30372
GET       2.700     72.52479
GET       2.800     72.75864
GET       2.900     72.99221
GET       3.000     73.26139
GET       3.100     73.60157
GET       3.200     73.95460
GET       3.300     74.29403
GET       3.400     74.60811
GET       3.500     74.89437
GET       3.600     75.14387
GET       3.700     75.38667
GET       3.800     75.62134
GET       3.900     75.83851
GET       4.000     76.04618
GET       4.100     76.26992
GET       4.200     76.49953
GET       4.300     76.73762
GET       4.400     76.98076
GET       4.500     77.23456
GET       4.600     77.44777
GET       4.700     77.66788
GET       4.800     77.88895
GET       4.900     78.11904
GET       5.000     78.35993
GET       5.100     78.61367
GET       5.200     78.85565
GET       5.300     79.10268
GET       5.400     79.34193
GET       5.500     79.58049
GET       5.600     79.82746
GET       5.700     80.11598
GET       5.800     80.42097
GET       5.900     80.70170
GET       6.000     80.94866
GET       6.100     81.17705
GET       6.200     81.40187
GET       6.300     81.60941
GET       6.400     81.82365
GET       6.500     82.04089
GET       6.600     82.24597
GET       6.700     82.45809
GET       6.800     82.65073
GET       6.900     82.83052
GET       7.000     83.02535
GET       7.100     83.21540
GET       7.200     83.41849
GET       7.300     83.61838
GET       7.400     83.81546
GET       7.500     84.00954
GET       7.600     84.18598
GET       7.700     84.35621
GET       7.800     84.53300
GET       7.900     84.71368
GET       8.000     84.88486
GET       8.100     85.05598
GET       8.200     85.22163
GET       8.300     85.39384
GET       8.400     85.55354
GET       8.500     85.71256
GET       8.600     85.86577
GET       8.700     86.01570
GET       8.800     86.17335
GET       8.900     86.35322
GET       9.000     86.51736
GET       9.100     86.67795
GET       9.200     86.83847
GET       9.300     86.99681
GET       9.400     87.15494
GET       9.500     87.32155
GET       9.600     87.51200
GET       9.700     87.70977
GET       9.800     87.90788
GET       9.900     88.09423
GET      10.000     88.90887
GET      11.000     90.23365
GET      12.000     91.32677
GET      13.000     92.39747
GET      14.000     93.45423
GET      15.000     94.28670
GET      16.000     94.96249
GET      17.000     95.51485
GET      18.000     96.07023
GET      19.000     96.53874
GET      20.000     96.89744
GET      21.000     97.23168
GET      22.000     97.54316
GET      23.000     97.82197
GET      24.000     98.05097
GET      25.000     98.24750
GET      26.000     98.42327
GET      27.000     98.57422
GET      28.000     98.69989
GET      29.000     98.80329
GET      30.000     98.89349
GET      31.000     98.97953
GET      32.000     99.04964
GET      33.000     99.11319
GET      34.000     99.17094
GET      35.000     99.21508
GET      36.000     99.26292
GET      37.000     99.30843
GET      38.000     99.35032
GET      39.000     99.39290
GET      40.000     99.42474
GET      41.000     99.45823
GET      42.000     99.49089
GET      43.000     99.52253
GET      44.000     99.55417
GET      45.000     99.58786
GET      46.000     99.61376
GET      47.000     99.63631
GET      48.000     99.65866
GET      49.000     99.67950
GET      50.000     99.69952
GET      51.000     99.71681
GET      52.000     99.73779
GET      53.000     99.75727
GET      54.000     99.77456
GET      55.000     99.78809
GET      56.000     99.80155
GET      57.000     99.81426
GET      58.000     99.82519
GET      59.000     99.83408
GET      60.000     99.84453
GET      61.000     99.85547
GET      62.000     99.86476
GET      63.000     99.87529
GET      64.000     99.88355
GET      65.000     99.89497
GET      66.000     99.90276
GET      67.000     99.90925
GET      68.000     99.91485
GET      69.000     99.92059
GET      70.000     99.92469
GET      71.000     99.93023
GET      72.000     99.93460
GET      73.000     99.93898
GET      74.000     99.94287
GET      75.000     99.94697
GET      76.000     99.94957
GET      77.000     99.95387
GET      78.000     99.95626
GET      79.000     99.95995
GET      80.000     99.96296
GET      81.000     99.96535
GET      82.000     99.96768
GET      83.000     99.96939
GET      84.000     99.97116
GET      85.000     99.97287
GET      86.000     99.97444
GET      87.000     99.97670
GET      88.000     99.97800
GET      89.000     99.97929
GET      90.000     99.98005
GET      91.000     99.98251
GET      92.000     99.98360
GET      93.000     99.98476
GET      94.000     99.98620
GET      95.000     99.98702
GET      96.000     99.98743
GET      97.000     99.98845
GET      98.000     99.98900
GET      99.000     99.98968
GET     100.000     99.99248
GET     110.000     99.99692
GET     120.000     99.99870
GET     130.000     99.99925
GET     140.000     99.99952
GET     150.000     99.99986
GET     170.000    100.00000
