[RUN #1] Preparing benchmark client...
[RUN #1] Launching threads now...
[RUN #1 5%,   0 secs]  8 threads:       59731 ops,       0 (avg:       0) ops/sec, 0.00KB/sec (avg: 0.00KB/sec),  0.00 (avg:  0.00) msec latency[RUN #1 10%,   1 secs]  8 threads:      141875 ops,   82129 (avg:   70949) ops/sec, 3.10MB/sec (avg: 2.68MB/sec),  3.89 (avg:  4.49) msec latency[RUN #1 15%,   2 secs]  8 threads:      223265 ops,   81378 (avg:   74426) ops/sec, 3.07MB/sec (avg: 2.81MB/sec),  3.93 (avg:  4.28) msec latency[RUN #1 20%,   3 secs]  8 threads:      305039 ops,   81763 (avg:   76260) ops/sec, 3.08MB/sec (avg: 2.88MB/sec),  3.91 (avg:  4.18) msec latency[RUN #1 25%,   5 secs]  8 threads:      388038 ops,   82987 (avg:   77606) ops/sec, 3.13MB/sec (avg: 2.93MB/sec),  3.85 (avg:  4.11) msec latency[RUN #1 30%,   6 secs]  8 threads:      470780 ops,   82731 (avg:   78460) ops/sec, 3.12MB/sec (avg: 2.96MB/sec),  3.87 (avg:  4.07) msec latency[RUN #1 35%,   7 secs]  8 threads:      554134 ops,   83342 (avg:   79158) ops/sec, 3.14MB/sec (avg: 2.99MB/sec),  3.84 (avg:  4.03) msec latency[RUN #1 40%,   8 secs]  8 threads:      635065 ops,   80919 (avg:   79378) ops/sec, 3.05MB/sec (avg: 2.99MB/sec),  3.95 (avg:  4.02) msec latency[RUN #1 45%,   9 secs]  8 threads:      717534 ops,   82457 (avg:   79720) ops/sec, 3.11MB/sec (avg: 3.01MB/sec),  3.88 (avg:  4.01) msec latency[RUN #1 50%,  10 secs]  8 threads:      800644 ops,   83097 (avg:   80058) ops/sec, 3.13MB/sec (avg: 3.02MB/sec),  3.84 (avg:  3.99) msec latency[RUN #1 55%,  11 secs]  8 threads:      883475 ops,   82819 (avg:   80309) ops/sec, 3.12MB/sec (avg: 3.03MB/sec),  3.87 (avg:  3.98) msec latency[RUN #1 60%,  12 secs]  8 threads:      966370 ops,   82886 (avg:   80524) ops/sec, 3.13MB/sec (avg: 3.04MB/sec),  3.86 (avg:  3.97) msec latency[RUN #1 65%,  13 secs]  8 threads:     1049853 ops,   83471 (avg:   80750) ops/sec, 3.15MB/sec (avg: 3.05MB/sec),  3.82 (avg:  3.96) msec latency[RUN #1 70%,  14 secs]  8 threads:     1133484 ops,   83617 (avg:   80955) ops/sec, 3.15MB/sec (avg: 3.05MB/sec),  3.81 (avg:  3.95) msec latency[RUN #1 75%,  15 secs]  8 threads:     1217403 ops,   83907 (avg:   81152) ops/sec, 3.16MB/sec (avg: 3.06MB/sec),  3.81 (avg:  3.94) msec latency[RUN #1 80%,  16 secs]  8 threads:     1299215 ops,   81799 (avg:   81192) ops/sec, 3.08MB/sec (avg: 3.06MB/sec),  3.91 (avg:  3.93) msec latency[RUN #1 85%,  17 secs]  8 threads:     1381216 ops,   81989 (avg:   81239) ops/sec, 3.09MB/sec (avg: 3.06MB/sec),  3.91 (avg:  3.93) msec latency[RUN #1 90%,  18 secs]  8 threads:     1464067 ops,   82838 (avg:   81328) ops/sec, 3.12MB/sec (avg: 3.07MB/sec),  3.87 (avg:  3.93) msec latency[RUN #1 95%,  19 secs]  8 threads:     1547817 ops,   83738 (avg:   81455) ops/sec, 3.16MB/sec (avg: 3.07MB/sec),  3.81 (avg:  3.92) msec latency[RUN #1 100%,  20 secs]  8 threads:     1635831 ops,   83738 (avg:   81785) ops/sec, 3.16MB/sec (avg: 3.08MB/sec),  3.81 (avg:  3.91) msec latency[RUN #1 100%,  20 secs]  0 threads:     1635967 ops,   83738 (avg:   81783) ops/sec, 3.16MB/sec (avg: 3.08MB/sec),  3.81 (avg:  3.91) msec latency

8         Threads
40        Connections per thread
20        Seconds
Type        Ops/sec     Hits/sec   Misses/sec      Latency       KB/sec
------------------------------------------------------------------------
Sets        7442.72          ---          ---      4.18700       551.70
Gets       74341.01      2686.12     71654.89      3.88100      2606.84
Totals     81783.73      2686.12     71654.89      3.90800      3158.54


Request Latency Distribution
Type     <= msec         Percent
------------------------------------------------------------------------
SET       1.000     69.64556
SET       2.000     72.54116
SET       3.000     75.35146
SET       4.000     77.67076
SET       5.000     80.20768
SET       6.000     82.36108
SET       7.000     84.11886
SET       8.000     85.76447
SET       9.000     87.36508
SET      10.000     88.83135
SET      11.000     90.02693
SET      12.000     91.14259
SET      13.000     92.35295
SET      14.000     93.27785
SET      15.000     94.07446
SET      16.000     94.73203
SET      17.000     95.40035
SET      18.000     95.90411
SET      19.000     96.37160
SET      20.000     96.77125
SET      21.000     97.10104
SET      22.000     97.38785
SET      23.000     97.64308
SET      24.000     97.87414
SET      25.000     98.09176
SET      26.000     98.27580
SET      27.000     98.41283
SET      28.000     98.54582
SET      29.000     98.68418
SET      30.000     98.79031
SET      31.000     98.87763
SET      32.000     98.96024
SET      33.000     99.02338
SET      34.000     99.09592
SET      35.000     99.15301
SET      36.000     99.21078
SET      37.000     99.26720
SET      38.000     99.30280
SET      39.000     99.34982
SET      40.000     99.38676
SET      41.000     99.42169
SET      42.000     99.45325
SET      43.000     99.48550
SET      44.000     99.51371
SET      45.000     99.54527
SET      46.000     99.57684
SET      47.000     99.59901
SET      48.000     99.62453
SET      49.000     99.64603
SET      50.000     99.65879
SET      51.000     99.67894
SET      52.000     99.69976
SET      53.000     99.71924
SET      54.000     99.73402
SET      55.000     99.74611
SET      56.000     99.75349
SET      57.000     99.76961
SET      58.000     99.77902
SET      59.000     99.79044
SET      60.000     99.79984
SET      61.000     99.80992
SET      62.000     99.81730
SET      63.000     99.82402
SET      64.000     99.82671
SET      65.000     99.83880
SET      66.000     99.84216
SET      67.000     99.84887
SET      68.000     99.85156
SET      69.000     99.85425
SET      70.000     99.85895
SET      71.000     99.86231
SET      72.000     99.86634
SET      73.000     99.86902
SET      74.000     99.87238
SET      75.000     99.87507
SET      76.000     99.87574
SET      77.000     99.87843
SET      78.000     99.88178
SET      79.000     99.88447
SET      80.000     99.88649
SET      81.000     99.88917
SET      82.000     99.89253
SET      83.000     99.89455
SET      84.000     99.89589
SET      85.000     99.89791
SET      86.000     99.89925
SET      87.000     99.89992
SET      88.000     99.90261
SET      89.000     99.90328
SET      91.000     99.90395
SET      92.000     99.90529
SET      93.000     99.90597
SET      94.000     99.90664
SET      96.000     99.90731
SET      98.000     99.90865
SET      99.000     99.91000
SET     100.000     99.91201
SET     110.000     99.91403
SET     120.000     99.91537
SET     130.000     99.91671
SET     140.000     99.92209
SET     150.000     99.92544
SET     160.000     99.93015
SET     170.000     99.93686
SET     180.000     99.94156
SET     190.000     99.94358
SET     200.000     99.94425
SET     210.000     99.94492
SET     220.000     99.94694
SET     230.000     99.95097
SET     240.000     99.95567
SET     250.000     99.96306
SET     260.000     99.96843
SET     270.000     99.97179
SET     280.000     99.97448
SET     290.000     99.97783
SET     300.000     99.98254
SET     310.000     99.98992
SET     320.000     99.99731
SET     330.000     99.99933
SET     340.000    100.00000
---
GET       0.100      0.00007
GET       0.110      0.00027
GET       0.120      0.00034
GET       0.130      0.00054
GET       0.140      0.00087
GET       0.150      0.00161
GET       0.160      0.00202
GET       0.170      0.00316
GET       0.180      0.00457
GET       0.190      0.00726
GET       0.200      0.01002
GET       0.210      0.01271
GET       0.220      0.01459
GET       0.230      0.01769
GET       0.240      0.02098
GET       0.250      0.02448
GET       0.260      0.02777
GET       0.270      0.03134
GET       0.280      0.03409
GET       0.290      0.03806
GET       0.300      0.04236
GET       0.310      0.04626
GET       0.320      0.05017
GET       0.330      0.05487
GET       0.340      0.05978
GET       0.350      0.06429
GET       0.360      0.06873
GET       0.370      0.07451
GET       0.380      0.08069
GET       0.390      0.08883
GET       0.400      0.09744
GET       0.410      0.10484
GET       0.420      0.11270
GET       0.430      0.12266
GET       0.440      0.13577
GET       0.450      0.15036
GET       0.460      0.16623
GET       0.470      0.18318
GET       0.480      0.20322
GET       0.490      0.22837
GET       0.500      0.25325
GET       0.510      0.27739
GET       0.520      0.30422
GET       0.530      0.33535
GET       0.540      0.36871
GET       0.550      0.40213
GET       0.560      0.44133
GET       0.570      0.48719
GET       0.580      0.54240
GET       0.590      0.62108
GET       0.600      0.72235
GET       0.610      0.85953
GET       0.620      1.04372
GET       0.630      1.29502
GET       0.640      1.63757
GET       0.650      2.09524
GET       0.660      2.69991
GET       0.670      3.49462
GET       0.680      4.54177
GET       0.690      5.91163
GET       0.700      7.59983
GET       0.710      9.61350
GET       0.720     12.00462
GET       0.730     14.78388
GET       0.740     17.89325
GET       0.750     21.19225
GET       0.760     24.51291
GET       0.770     27.77835
GET       0.780     30.90897
GET       0.790     33.76516
GET       0.800     36.24014
GET       0.810     38.33114
GET       0.820     40.07428
GET       0.830     41.53055
GET       0.840     42.74729
GET       0.850     43.76243
GET       0.860     44.62197
GET       0.870     45.36705
GET       0.880     46.04650
GET       0.890     46.64660
GET       0.900     47.17710
GET       0.910     47.65521
GET       0.920     48.08478
GET       0.930     48.47588
GET       0.940     48.82825
GET       0.950     49.14269
GET       0.960     49.42532
GET       0.970     49.67211
GET       0.980     49.91339
GET       0.990     50.12642
GET       1.000     51.01406
GET       1.100     51.85114
GET       1.200     52.53590
GET       1.300     53.81787
GET       1.400     57.29722
GET       1.500     63.25814
GET       1.600     67.16706
GET       1.700     69.12519
GET       1.800     70.15452
GET       1.900     70.78138
GET       2.000     71.21027
GET       2.100     71.52713
GET       2.200     71.77964
GET       2.300     72.01971
GET       2.400     72.25117
GET       2.500     72.47436
GET       2.600     72.72310
GET       2.700     72.97318
GET       2.800     73.28359
GET       2.900     73.62372
GET       3.000     73.94226
GET       3.100     74.24742
GET       3.200     74.54404
GET       3.300     74.79850
GET       3.400     75.05827
GET       3.500     75.29464
GET       3.600     75.51809
GET       3.700     75.73442
GET       3.800     75.96454
GET       3.900     76.18288
GET       4.000     76.40977
GET       4.100     76.62455
GET       4.200     76.85292
GET       4.300     77.07268
GET       4.400     77.28020
GET       4.500     77.47649
GET       4.600     77.68703
GET       4.700     77.90538
GET       4.800     78.13993
GET       4.900     78.37159
GET       5.000     78.58611
GET       5.100     78.78744
GET       5.200     79.00619
GET       5.300     79.24195
GET       5.400     79.50549
GET       5.500     79.78187
GET       5.600     80.06329
GET       5.700     80.34209
GET       5.800     80.58229
GET       5.900     80.81234
GET       6.000     81.03351
GET       6.100     81.24265
GET       6.200     81.46368
GET       6.300     81.67234
GET       6.400     81.86615
GET       6.500     82.05975
GET       6.600     82.26088
GET       6.700     82.47001
GET       6.800     82.66892
GET       6.900     82.85069
GET       7.000     83.02707
GET       7.100     83.22612
GET       7.200     83.42221
GET       7.300     83.60095
GET       7.400     83.77444
GET       7.500     83.95486
GET       7.600     84.11847
GET       7.700     84.29997
GET       7.800     84.47238
GET       7.900     84.62846
GET       8.000     84.79321
GET       8.100     84.96079
GET       8.200     85.12157
GET       8.300     85.27684
GET       8.400     85.41900
GET       8.500     85.56492
GET       8.600     85.72423
GET       8.700     85.88407
GET       8.800     86.07337
GET       8.900     86.23946
GET       9.000     86.39359
GET       9.100     86.53985
GET       9.200     86.69297
GET       9.300     86.85954
GET       9.400     87.03175
GET       9.500     87.20794
GET       9.600     87.39925
GET       9.700     87.57684
GET       9.800     87.73016
GET       9.900     87.87952
GET      10.000     88.61404
GET      11.000     89.92573
GET      12.000     91.00630
GET      13.000     92.12473
GET      14.000     93.20221
GET      15.000     94.07970
GET      16.000     94.73218
GET      17.000     95.35918
GET      18.000     95.95403
GET      19.000     96.42159
GET      20.000     96.81337
GET      21.000     97.15800
GET      22.000     97.46814
GET      23.000     97.74532
GET      24.000     97.95170
GET      25.000     98.16978
GET      26.000     98.35094
GET      27.000     98.50890
GET      28.000     98.65758
GET      29.000     98.78171
GET      30.000     98.89663
GET      31.000     99.00248
GET      32.000     99.08553
GET      33.000     99.15412
GET      34.000     99.22009
GET      35.000     99.28343
GET      36.000     99.33850
GET      37.000     99.39062
GET      38.000     99.43628
GET      39.000     99.47407
GET      40.000     99.51281
GET      41.000     99.55194
GET      42.000     99.58792
GET      43.000     99.61650
GET      44.000     99.64528
GET      45.000     99.67218
GET      46.000     99.69834
GET      47.000     99.72396
GET      48.000     99.74353
GET      49.000     99.76256
GET      50.000     99.77869
GET      51.000     99.79456
GET      52.000     99.80990
GET      53.000     99.82328
GET      54.000     99.83511
GET      55.000     99.84473
GET      56.000     99.85522
GET      57.000     99.86537
GET      58.000     99.87600
GET      59.000     99.88427
GET      60.000     99.89294
GET      61.000     99.90068
GET      62.000     99.90895
GET      63.000     99.91561
GET      64.000     99.92233
GET      65.000     99.92825
GET      66.000     99.93430
GET      67.000     99.93914
GET      68.000     99.94277
GET      69.000     99.94600
GET      70.000     99.94963
GET      71.000     99.95226
GET      72.000     99.95515
GET      73.000     99.95905
GET      74.000     99.96241
GET      75.000     99.96490
GET      76.000     99.96725
GET      77.000     99.96866
GET      78.000     99.97142
GET      79.000     99.97391
GET      80.000     99.97579
GET      81.000     99.97774
GET      82.000     99.97929
GET      83.000     99.98077
GET      84.000     99.98157
GET      85.000     99.98252
GET      86.000     99.98346
GET      87.000     99.98393
GET      88.000     99.98494
GET      89.000     99.98534
GET      90.000     99.98568
GET      91.000     99.98608
GET      92.000     99.98635
GET      93.000     99.98709
GET      94.000     99.98736
GET      95.000     99.98870
GET      96.000     99.98951
GET      97.000     99.99052
GET      98.000     99.99153
GET      99.000     99.99186
GET     100.000     99.99361
GET     110.000     99.99718
GET     120.000     99.99872
GET     130.000     99.99993
GET     140.000    100.00000
