[RUN #1] Preparing benchmark client...
[RUN #1] Launching threads now...
[RUN #1 5%,   1 secs] 16 threads:        5204 ops,    5197 (avg:    5197) ops/sec, 186.11KB/sec (avg: 186.11KB/sec), 18.37 (avg: 18.37) msec latency[RUN #1 10%,   2 secs] 16 threads:       10102 ops,    4897 (avg:    5047) ops/sec, 183.63KB/sec (avg: 184.87KB/sec), 19.45 (avg: 18.89) msec latency[RUN #1 15%,   3 secs] 16 threads:       17748 ops,    7645 (avg:    5912) ops/sec, 274.59KB/sec (avg: 214.77KB/sec), 12.61 (avg: 16.19) msec latency[RUN #1 20%,   4 secs] 16 threads:       27128 ops,    9378 (avg:    6779) ops/sec, 340.54KB/sec (avg: 246.20KB/sec), 10.28 (avg: 14.14) msec latency[RUN #1 25%,   5 secs] 16 threads:       37297 ops,   10167 (avg:    7456) ops/sec, 368.68KB/sec (avg: 270.69KB/sec),  9.43 (avg: 12.86) msec latency[RUN #1 30%,   6 secs] 16 threads:       46807 ops,    9508 (avg:    7798) ops/sec, 348.01KB/sec (avg: 283.57KB/sec), 10.06 (avg: 12.29) msec latency[RUN #1 35%,   7 secs] 16 threads:       57458 ops,   10649 (avg:    8205) ops/sec, 376.77KB/sec (avg: 296.89KB/sec),  9.05 (avg: 11.69) msec latency[RUN #1 40%,   8 secs] 16 threads:       73082 ops,   15622 (avg:    9132) ops/sec, 555.25KB/sec (avg: 329.18KB/sec),  6.14 (avg: 10.50) msec latency[RUN #1 45%,   9 secs] 16 threads:       84334 ops,   11250 (avg:    9368) ops/sec, 407.00KB/sec (avg: 337.82KB/sec),  8.45 (avg: 10.23) msec latency[RUN #1 50%,  10 secs] 16 threads:       89207 ops,    4872 (avg:    8918) ops/sec, 177.65KB/sec (avg: 321.81KB/sec), 19.75 (avg: 10.75) msec latency[RUN #1 55%,  11 secs] 16 threads:       94050 ops,    4842 (avg:    8548) ops/sec, 175.68KB/sec (avg: 308.52KB/sec), 19.79 (avg: 11.21) msec latency[RUN #1 60%,  12 secs] 16 threads:       98819 ops,    4768 (avg:    8233) ops/sec, 173.50KB/sec (avg: 297.27KB/sec), 20.16 (avg: 11.65) msec latency[RUN #1 65%,  13 secs] 16 threads:      103574 ops,    4754 (avg:    7965) ops/sec, 175.61KB/sec (avg: 287.92KB/sec), 20.21 (avg: 12.04) msec latency[RUN #1 70%,  14 secs] 16 threads:      112156 ops,    8581 (avg:    8009) ops/sec, 307.94KB/sec (avg: 289.35KB/sec), 11.13 (avg: 11.97) msec latency[RUN #1 75%,  15 secs] 16 threads:      123259 ops,   11101 (avg:    8215) ops/sec, 397.14KB/sec (avg: 296.53KB/sec),  8.67 (avg: 11.67) msec latency[RUN #1 80%,  16 secs] 16 threads:      128409 ops,    5149 (avg:    8024) ops/sec, 182.80KB/sec (avg: 289.42KB/sec), 18.76 (avg: 11.96) msec latency[RUN #1 85%,  17 secs] 16 threads:      138639 ops,   10228 (avg:    8153) ops/sec, 364.67KB/sec (avg: 293.85KB/sec),  9.37 (avg: 11.77) msec latency[RUN #1 90%,  18 secs] 16 threads:      145911 ops,    7271 (avg:    8104) ops/sec, 262.93KB/sec (avg: 292.13KB/sec), 12.12 (avg: 11.78) msec latency[RUN #1 95%,  19 secs] 16 threads:      146558 ops,     646 (avg:    7712) ops/sec, 23.83KB/sec (avg: 278.01KB/sec), 150.84 (avg: 12.40) msec latency[RUN #1 100%,  20 secs]  0 threads:      149829 ops,     646 (avg:    7491) ops/sec, 23.83KB/sec (avg: 269.96KB/sec), 150.84 (avg: 12.81) msec latency

16        Threads
6         Connections per thread
20        Seconds
Type        Ops/sec     Hits/sec   Misses/sec      Latency       KB/sec
------------------------------------------------------------------------
Sets         683.34          ---          ---     12.97500        50.65
Gets        6807.98       187.20      6620.78     12.79200       219.31
Totals      7491.32       187.20      6620.78     12.80900       269.96


Request Latency Distribution
Type     <= msec         Percent
------------------------------------------------------------------------
SET       1.000      0.60730
SET       2.000      0.80486
SET       3.000      0.89998
SET       4.000      1.25119
SET       5.000     42.20385
SET       6.000     43.44040
SET       7.000     44.31843
SET       8.000     53.83039
SET       9.000     60.17414
SET      10.000     61.00095
SET      11.000     61.49850
SET      12.000     62.83017
SET      13.000     64.82769
SET      14.000     65.93254
SET      15.000     66.94227
SET      16.000     68.01054
SET      17.000     71.18607
SET      18.000     74.52257
SET      19.000     86.01741
SET      20.000     91.85630
SET      21.000     94.52696
SET      22.000     95.61718
SET      23.000     95.92449
SET      24.000     96.12205
SET      25.000     96.84642
SET      26.000     97.16836
SET      27.000     97.49762
SET      28.000     97.62201
SET      29.000     97.68786
SET      30.000     97.89273
SET      31.000     97.95859
SET      32.000     98.01712
SET      33.000     98.11956
SET      34.000     98.22199
SET      35.000     98.33906
SET      36.000     98.38297
SET      37.000     98.39028
SET      40.000     98.39760
SET      41.000     98.44150
SET      42.000     98.46345
SET      45.000     98.49272
SET      51.000     98.50004
SET      52.000     98.51467
SET      56.000     98.53662
SET      57.000     98.55857
SET      59.000     98.57321
SET      64.000     98.58784
SET      65.000     98.96100
SET      81.000     98.99027
SET      86.000     98.99759
SET      88.000     99.01222
SET      89.000     99.02685
SET      92.000     99.03417
SET     110.000     99.05612
SET     120.000     99.10734
SET     130.000     99.20978
SET     140.000     99.42197
SET     150.000     99.53172
SET     160.000     99.65611
SET     170.000     99.91220
SET     180.000     99.98537
SET     190.000    100.00000
---
GET       1.100      0.00441
GET       1.200      0.01102
GET       1.300      0.02350
GET       1.400      0.03305
GET       1.500      0.03966
GET       1.600      0.12485
GET       1.700      0.44946
GET       1.800      0.58533
GET       1.900      0.63894
GET       2.000      0.64409
GET       2.100      0.65877
GET       2.200      0.67420
GET       2.300      0.67713
GET       2.400      0.68081
GET       2.500      0.70504
GET       2.600      0.73148
GET       2.700      0.74176
GET       2.800      0.74250
GET       2.900      0.74984
GET       3.000      0.79024
GET       3.100      0.81594
GET       3.200      0.83283
GET       3.500      0.83650
GET       3.600      0.84385
GET       3.700      0.84899
GET       3.800      0.85560
GET       3.900      0.85854
GET       4.000      0.86441
GET       4.100      0.88277
GET       4.200      0.89452
GET       4.300      0.89526
GET       4.400      0.89673
GET       4.500      0.90774
GET       4.600      0.94520
GET       4.700      0.98486
GET       4.800      1.01497
GET       4.900      1.10824
GET       5.000      1.26100
GET       5.100      1.87130
GET       5.200      4.54165
GET       5.300     16.14915
GET       5.400     30.26689
GET       5.500     36.05852
GET       5.600     39.10489
GET       5.700     40.68169
GET       5.800     41.78185
GET       5.900     42.42300
GET       6.000     42.72558
GET       6.100     42.85410
GET       6.200     42.91506
GET       6.300     42.96867
GET       6.400     42.98262
GET       6.500     43.01347
GET       6.600     43.05386
GET       6.700     43.13318
GET       6.800     43.23526
GET       6.900     43.32927
GET       7.000     43.38215
GET       7.100     43.48276
GET       7.200     43.52609
GET       7.300     43.55180
GET       7.400     43.59293
GET       7.500     43.63332
GET       7.600     43.70162
GET       7.700     43.75523
GET       7.800     43.90359
GET       7.900     44.19956
GET       8.000     44.46982
GET       8.100     44.71145
GET       8.200     44.93471
GET       8.300     45.08673
GET       8.400     45.24831
GET       8.500     45.45982
GET       8.600     46.00256
GET       8.700     47.65867
GET       8.800     50.80786
GET       8.900     54.23393
GET       9.000     56.18895
GET       9.100     57.41690
GET       9.200     58.10138
GET       9.300     58.55011
GET       9.400     58.88133
GET       9.500     59.15747
GET       9.600     59.50485
GET       9.700     59.98737
GET       9.800     60.39791
GET       9.900     60.64614
GET      10.000     61.23662
GET      11.000     61.66552
GET      12.000     62.56959
GET      13.000     63.92386
GET      14.000     65.79809
GET      15.000     66.41868
GET      16.000     66.92763
GET      17.000     68.68730
GET      18.000     72.08693
GET      19.000     79.83578
GET      20.000     90.53113
GET      21.000     93.56722
GET      22.000     96.00329
GET      23.000     96.47919
GET      24.000     96.69218
GET      25.000     97.00724
GET      26.000     97.44642
GET      27.000     97.71375
GET      28.000     97.81070
GET      29.000     98.03249
GET      30.000     98.11768
GET      31.000     98.25502
GET      32.000     98.31671
GET      33.000     98.36151
GET      34.000     98.39162
GET      35.000     98.49591
GET      36.000     98.54879
GET      37.000     98.59946
GET      38.000     98.60974
GET      40.000     98.61121
GET      41.000     98.63765
GET      42.000     98.64940
GET      43.000     98.65161
GET      44.000     98.65528
GET      45.000     98.71917
GET      46.000     98.72064
GET      47.000     98.72138
GET      48.000     98.75810
GET      49.000     98.76911
GET      50.000     98.77132
GET      51.000     98.77719
GET      52.000     98.79922
GET      53.000     98.81538
GET      54.000     98.82346
GET      56.000     98.82787
GET      57.000     98.85357
GET      58.000     98.88074
GET      59.000     98.88809
GET      60.000     98.89764
GET      61.000     98.89837
GET      62.000     98.89911
GET      63.000     98.90057
GET      64.000     98.91379
GET      66.000     98.91453
GET      68.000     98.91747
GET      69.000     98.91893
GET      70.000     98.92261
GET      72.000     98.94464
GET      73.000     98.94537
GET      77.000     98.94611
GET      79.000     98.94758
GET      80.000     98.94831
GET      81.000     98.95345
GET      82.000     98.95933
GET      84.000     98.96594
GET      86.000     98.97108
GET      87.000     98.97989
GET      88.000     98.98356
GET      89.000     99.00046
GET      90.000     99.00853
GET      91.000     99.00927
GET      93.000     99.02689
GET      94.000     99.02983
GET      95.000     99.03938
GET     100.000     99.04746
GET     110.000     99.06435
GET     120.000     99.13192
GET     130.000     99.21931
GET     140.000     99.48003
GET     150.000     99.60488
GET     160.000     99.71358
GET     170.000     99.90673
GET     180.000     99.99412
GET     190.000    100.00000
