[RUN #1] Preparing benchmark client...
[RUN #1] Launching threads now...
[RUN #1 5%,   0 secs]  8 threads:       69760 ops,       0 (avg:       0) ops/sec, 0.00KB/sec (avg: 0.00KB/sec),  0.00 (avg:  0.00) msec latency[RUN #1 10%,   1 secs]  8 threads:      152446 ops,   82672 (avg:   79233) ops/sec, 3.12MB/sec (avg: 2.99MB/sec),  3.86 (avg:  4.01) msec latency[RUN #1 15%,   2 secs]  8 threads:      234154 ops,   81692 (avg:   80074) ops/sec, 3.08MB/sec (avg: 3.02MB/sec),  3.91 (avg:  3.98) msec latency[RUN #1 20%,   3 secs]  8 threads:      315130 ops,   80964 (avg:   80301) ops/sec, 3.05MB/sec (avg: 3.03MB/sec),  3.95 (avg:  3.97) msec latency[RUN #1 25%,   4 secs]  8 threads:      397495 ops,   82353 (avg:   80718) ops/sec, 3.11MB/sec (avg: 3.05MB/sec),  3.89 (avg:  3.96) msec latency[RUN #1 30%,   5 secs]  8 threads:      480720 ops,   83213 (avg:   81139) ops/sec, 3.14MB/sec (avg: 3.06MB/sec),  3.82 (avg:  3.93) msec latency[RUN #1 35%,   6 secs]  8 threads:      561790 ops,   81058 (avg:   81127) ops/sec, 3.06MB/sec (avg: 3.06MB/sec),  3.94 (avg:  3.93) msec latency[RUN #1 40%,   7 secs]  8 threads:      643374 ops,   81572 (avg:   81183) ops/sec, 3.08MB/sec (avg: 3.06MB/sec),  3.94 (avg:  3.93) msec latency[RUN #1 45%,   8 secs]  8 threads:      725024 ops,   81636 (avg:   81234) ops/sec, 3.08MB/sec (avg: 3.06MB/sec),  3.90 (avg:  3.93) msec latency[RUN #1 50%,   9 secs]  8 threads:      807024 ops,   81988 (avg:   81310) ops/sec, 3.09MB/sec (avg: 3.07MB/sec),  3.91 (avg:  3.93) msec latency[RUN #1 55%,  10 secs]  8 threads:      887849 ops,   80810 (avg:   81264) ops/sec, 3.05MB/sec (avg: 3.07MB/sec),  3.96 (avg:  3.93) msec latency[RUN #1 60%,  11 secs]  8 threads:      970522 ops,   82659 (avg:   81381) ops/sec, 3.12MB/sec (avg: 3.07MB/sec),  3.85 (avg:  3.92) msec latency[RUN #1 65%,  12 secs]  8 threads:     1052415 ops,   81881 (avg:   81420) ops/sec, 3.09MB/sec (avg: 3.07MB/sec),  3.92 (avg:  3.92) msec latency[RUN #1 70%,  13 secs]  8 threads:     1135001 ops,   82574 (avg:   81503) ops/sec, 3.11MB/sec (avg: 3.07MB/sec),  3.86 (avg:  3.92) msec latency[RUN #1 75%,  14 secs]  8 threads:     1217395 ops,   82381 (avg:   81562) ops/sec, 3.11MB/sec (avg: 3.08MB/sec),  3.89 (avg:  3.92) msec latency[RUN #1 80%,  15 secs]  8 threads:     1299523 ops,   82114 (avg:   81596) ops/sec, 3.10MB/sec (avg: 3.08MB/sec),  3.90 (avg:  3.92) msec latency[RUN #1 85%,  16 secs]  8 threads:     1382930 ops,   83395 (avg:   81703) ops/sec, 3.15MB/sec (avg: 3.08MB/sec),  3.83 (avg:  3.91) msec latency[RUN #1 90%,  17 secs]  8 threads:     1465795 ops,   82851 (avg:   81767) ops/sec, 3.12MB/sec (avg: 3.08MB/sec),  3.84 (avg:  3.91) msec latency[RUN #1 95%,  18 secs]  8 threads:     1548863 ops,   83046 (avg:   81834) ops/sec, 3.13MB/sec (avg: 3.09MB/sec),  3.86 (avg:  3.90) msec latency[RUN #1 100%,  19 secs]  8 threads:     1634899 ops,   83046 (avg:   82047) ops/sec, 3.13MB/sec (avg: 3.09MB/sec),  3.86 (avg:  3.89) msec latency[RUN #1 100%,  20 secs]  0 threads:     1696993 ops,   83046 (avg:   84810) ops/sec, 3.13MB/sec (avg: 3.20MB/sec),  3.86 (avg:  3.77) msec latency

8         Threads
40        Connections per thread
20        Seconds
Type        Ops/sec     Hits/sec   Misses/sec      Latency       KB/sec
------------------------------------------------------------------------
Sets        7717.27          ---          ---      3.90100       572.05
Gets       77092.52      2920.73     74171.79      3.75600      2703.32
Totals     84809.79      2920.73     74171.79      3.76900      3275.37


Request Latency Distribution
Type     <= msec         Percent
------------------------------------------------------------------------
SET       1.000     72.01103
SET       2.000     74.82742
SET       3.000     76.94828
SET       4.000     79.17536
SET       5.000     81.26643
SET       6.000     83.03954
SET       7.000     84.57369
SET       8.000     86.00034
SET       9.000     87.44317
SET      10.000     88.70145
SET      11.000     89.77580
SET      12.000     90.85858
SET      13.000     91.98021
SET      14.000     92.84410
SET      15.000     93.53897
SET      16.000     94.22153
SET      17.000     94.89114
SET      18.000     95.45260
SET      19.000     95.88973
SET      20.000     96.31714
SET      21.000     96.71541
SET      22.000     97.06058
SET      23.000     97.33192
SET      24.000     97.58254
SET      25.000     97.85712
SET      26.000     98.04945
SET      27.000     98.21653
SET      28.000     98.36483
SET      29.000     98.49435
SET      30.000     98.61350
SET      31.000     98.73072
SET      32.000     98.83822
SET      33.000     98.91528
SET      34.000     99.00854
SET      35.000     99.09078
SET      36.000     99.15101
SET      37.000     99.20346
SET      38.000     99.26045
SET      39.000     99.30125
SET      40.000     99.35176
SET      41.000     99.40227
SET      42.000     99.44760
SET      43.000     99.49034
SET      44.000     99.53762
SET      45.000     99.56093
SET      46.000     99.58748
SET      47.000     99.61144
SET      48.000     99.63476
SET      49.000     99.65678
SET      50.000     99.67879
SET      51.000     99.69757
SET      52.000     99.71247
SET      53.000     99.73125
SET      54.000     99.75132
SET      55.000     99.77140
SET      56.000     99.78629
SET      57.000     99.79795
SET      58.000     99.81220
SET      59.000     99.82515
SET      60.000     99.83810
SET      61.000     99.84782
SET      62.000     99.86077
SET      63.000     99.86530
SET      64.000     99.87307
SET      65.000     99.88602
SET      66.000     99.89509
SET      67.000     99.90157
SET      68.000     99.90610
SET      69.000     99.91063
SET      70.000     99.91970
SET      71.000     99.92229
SET      72.000     99.92747
SET      73.000     99.92941
SET      74.000     99.93265
SET      75.000     99.93848
SET      76.000     99.94236
SET      77.000     99.94431
SET      78.000     99.95014
SET      79.000     99.95273
SET      80.000     99.95467
SET      81.000     99.95532
SET      82.000     99.95726
SET      83.000     99.95855
SET      84.000     99.95985
SET      85.000     99.96114
SET      86.000     99.96309
SET      87.000     99.96503
SET      88.000     99.96697
SET      89.000     99.96762
SET      90.000     99.96956
SET      91.000     99.97151
SET      92.000     99.97345
SET      93.000     99.97474
SET      94.000     99.97539
SET      95.000     99.97604
SET      97.000     99.97863
SET      98.000     99.98057
SET      99.000     99.98122
SET     100.000     99.98575
SET     110.000     99.99547
SET     120.000     99.99935
SET     130.000    100.00000
---
GET       0.077      0.00006
GET       0.081      0.00013
GET       0.086      0.00019
GET       0.088      0.00026
GET       0.091      0.00039
GET       0.095      0.00045
GET       0.096      0.00052
GET       0.099      0.00058
GET       0.100      0.00091
GET       0.110      0.00201
GET       0.120      0.00324
GET       0.130      0.00486
GET       0.140      0.00674
GET       0.150      0.00921
GET       0.160      0.01290
GET       0.170      0.01634
GET       0.180      0.02029
GET       0.190      0.02489
GET       0.200      0.02963
GET       0.210      0.03598
GET       0.220      0.04149
GET       0.230      0.04843
GET       0.240      0.05536
GET       0.250      0.06217
GET       0.260      0.06846
GET       0.270      0.07559
GET       0.280      0.08596
GET       0.290      0.09718
GET       0.300      0.11474
GET       0.310      0.15118
GET       0.320      0.23992
GET       0.330      0.40659
GET       0.340      0.69948
GET       0.350      1.15839
GET       0.360      1.70818
GET       0.370      2.23179
GET       0.380      2.64266
GET       0.390      2.93704
GET       0.400      3.15356
GET       0.410      3.29592
GET       0.420      3.39620
GET       0.430      3.46440
GET       0.440      3.51814
GET       0.450      3.57124
GET       0.460      3.62063
GET       0.470      3.67230
GET       0.480      3.72455
GET       0.490      3.78879
GET       0.500      3.87138
GET       0.510      3.96571
GET       0.520      4.08914
GET       0.530      4.26119
GET       0.540      4.50941
GET       0.550      4.84527
GET       0.560      5.30444
GET       0.570      5.95206
GET       0.580      6.88544
GET       0.590      8.19442
GET       0.600      9.91012
GET       0.610     12.05601
GET       0.620     14.65167
GET       0.630     17.83900
GET       0.640     21.42969
GET       0.650     25.14562
GET       0.660     28.73935
GET       0.670     32.16596
GET       0.680     35.29462
GET       0.690     38.05468
GET       0.700     40.30624
GET       0.710     42.11653
GET       0.720     43.57234
GET       0.730     44.79841
GET       0.740     45.82215
GET       0.750     46.67566
GET       0.760     47.41209
GET       0.770     48.05497
GET       0.780     48.65300
GET       0.790     49.17492
GET       0.800     49.65211
GET       0.810     50.09351
GET       0.820     50.48630
GET       0.830     50.83442
GET       0.840     51.15784
GET       0.850     51.43426
GET       0.860     51.67911
GET       0.870     51.89615
GET       0.880     52.09063
GET       0.890     52.26670
GET       0.900     52.42248
GET       0.910     52.56088
GET       0.920     52.68872
GET       0.930     52.80275
GET       0.940     52.91315
GET       0.950     53.01350
GET       0.960     53.10795
GET       0.970     53.19709
GET       0.980     53.28746
GET       0.990     53.36920
GET       1.000     53.87083
GET       1.100     55.27991
GET       1.200     59.10863
GET       1.300     65.94273
GET       1.400     69.77301
GET       1.500     71.53805
GET       1.600     72.41697
GET       1.700     72.94615
GET       1.800     73.28856
GET       1.900     73.53879
GET       2.000     73.76017
GET       2.100     73.98000
GET       2.200     74.20190
GET       2.300     74.47074
GET       2.400     74.75520
GET       2.500     75.06371
GET       2.600     75.34946
GET       2.700     75.62329
GET       2.800     75.88351
GET       2.900     76.10418
GET       3.000     76.30883
GET       3.100     76.50662
GET       3.200     76.70907
GET       3.300     76.89052
GET       3.400     77.07813
GET       3.500     77.25647
GET       3.600     77.43098
GET       3.700     77.61282
GET       3.800     77.79285
GET       3.900     77.97669
GET       4.000     78.17435
GET       4.100     78.38608
GET       4.200     78.57855
GET       4.300     78.75468
GET       4.400     78.95843
GET       4.500     79.15408
GET       4.600     79.34914
GET       4.700     79.54945
GET       4.800     79.74841
GET       4.900     79.94730
GET       5.000     80.13711
GET       5.100     80.32387
GET       5.200     80.52756
GET       5.300     80.75718
GET       5.400     80.98575
GET       5.500     81.18886
GET       5.600     81.38949
GET       5.700     81.57088
GET       5.800     81.75000
GET       5.900     81.92691
GET       6.000     82.09377
GET       6.100     82.25707
GET       6.200     82.41914
GET       6.300     82.60940
GET       6.400     82.77880
GET       6.500     82.95078
GET       6.600     83.12024
GET       6.700     83.29929
GET       6.800     83.46576
GET       6.900     83.63444
GET       7.000     83.79534
GET       7.100     83.94982
GET       7.200     84.10703
GET       7.300     84.26106
GET       7.400     84.42001
GET       7.500     84.56198
GET       7.600     84.70998
GET       7.700     84.85578
GET       7.800     85.00254
GET       7.900     85.14263
GET       8.000     85.28739
GET       8.100     85.43163
GET       8.200     85.55759
GET       8.300     85.68329
GET       8.400     85.81917
GET       8.500     85.95465
GET       8.600     86.09896
GET       8.700     86.26926
GET       8.800     86.40513
GET       8.900     86.54023
GET       9.000     86.66645
GET       9.100     86.80609
GET       9.200     86.96141
GET       9.300     87.13670
GET       9.400     87.31070
GET       9.500     87.46051
GET       9.600     87.59483
GET       9.700     87.71522
GET       9.800     87.83852
GET       9.900     87.96059
GET      10.000     88.61028
GET      11.000     89.79499
GET      12.000     90.75539
GET      13.000     91.92856
GET      14.000     92.84359
GET      15.000     93.57613
GET      16.000     94.20592
GET      17.000     94.88809
GET      18.000     95.45740
GET      19.000     95.93783
GET      20.000     96.32861
GET      21.000     96.74090
GET      22.000     97.09129
GET      23.000     97.38139
GET      24.000     97.63674
GET      25.000     97.89145
GET      26.000     98.11173
GET      27.000     98.27931
GET      28.000     98.41687
GET      29.000     98.55689
GET      30.000     98.67352
GET      31.000     98.78197
GET      32.000     98.88122
GET      33.000     98.97755
GET      34.000     99.06475
GET      35.000     99.13793
GET      36.000     99.19894
GET      37.000     99.25637
GET      38.000     99.30953
GET      39.000     99.35783
GET      40.000     99.39906
GET      41.000     99.43970
GET      42.000     99.47691
GET      43.000     99.51250
GET      44.000     99.54647
GET      45.000     99.57856
GET      46.000     99.60423
GET      47.000     99.62589
GET      48.000     99.65058
GET      49.000     99.67606
GET      50.000     99.70154
GET      51.000     99.72358
GET      52.000     99.74465
GET      53.000     99.76047
GET      54.000     99.77959
GET      55.000     99.79586
GET      56.000     99.80954
GET      57.000     99.82289
GET      58.000     99.83482
GET      59.000     99.84688
GET      60.000     99.85634
GET      61.000     99.86723
GET      62.000     99.87715
GET      63.000     99.88591
GET      64.000     99.89336
GET      65.000     99.90237
GET      66.000     99.90950
GET      67.000     99.91871
GET      68.000     99.92532
GET      69.000     99.93141
GET      70.000     99.93764
GET      71.000     99.94159
GET      72.000     99.94606
GET      73.000     99.95028
GET      74.000     99.95345
GET      75.000     99.95728
GET      76.000     99.96033
GET      77.000     99.96279
GET      78.000     99.96603
GET      79.000     99.96785
GET      80.000     99.96986
GET      81.000     99.97154
GET      82.000     99.97271
GET      83.000     99.97491
GET      84.000     99.97634
GET      85.000     99.97809
GET      86.000     99.97964
GET      87.000     99.98049
GET      88.000     99.98237
GET      89.000     99.98412
GET      90.000     99.98548
GET      91.000     99.98723
GET      92.000     99.98840
GET      93.000     99.98989
GET      94.000     99.99060
GET      95.000     99.99131
GET      96.000     99.99170
GET      97.000     99.99254
GET      98.000     99.99345
GET      99.000     99.99371
GET     100.000     99.99618
GET     110.000     99.99812
GET     120.000     99.99974
GET     130.000     99.99981
GET     140.000     99.99987
GET     150.000    100.00000
