[RUN #1] Preparing benchmark client...
[RUN #1] Launching threads now...
[RUN #1 5%,   1 secs]  8 threads:       69949 ops,   69933 (avg:   69933) ops/sec, 2.64MB/sec (avg: 2.64MB/sec),  4.53 (avg:  4.53) msec latency[RUN #1 10%,   2 secs]  8 threads:      152662 ops,   82700 (avg:   76317) ops/sec, 3.12MB/sec (avg: 2.88MB/sec),  3.86 (avg:  4.17) msec latency[RUN #1 15%,   3 secs]  8 threads:      236844 ops,   84170 (avg:   78934) ops/sec, 3.17MB/sec (avg: 2.98MB/sec),  3.81 (avg:  4.04) msec latency[RUN #1 20%,   4 secs]  8 threads:      320024 ops,   83168 (avg:   79993) ops/sec, 3.14MB/sec (avg: 3.02MB/sec),  3.83 (avg:  3.99) msec latency[RUN #1 25%,   5 secs]  8 threads:      403082 ops,   83046 (avg:   80603) ops/sec, 3.13MB/sec (avg: 3.04MB/sec),  3.85 (avg:  3.96) msec latency[RUN #1 30%,   6 secs]  8 threads:      485776 ops,   82682 (avg:   80950) ops/sec, 3.12MB/sec (avg: 3.05MB/sec),  3.86 (avg:  3.94) msec latency[RUN #1 35%,   7 secs]  8 threads:      567702 ops,   81914 (avg:   81088) ops/sec, 3.09MB/sec (avg: 3.06MB/sec),  3.89 (avg:  3.94) msec latency[RUN #1 40%,   8 secs]  8 threads:      650048 ops,   82334 (avg:   81243) ops/sec, 3.11MB/sec (avg: 3.06MB/sec),  3.90 (avg:  3.93) msec latency[RUN #1 45%,   9 secs]  8 threads:      732942 ops,   82882 (avg:   81425) ops/sec, 3.12MB/sec (avg: 3.07MB/sec),  3.84 (avg:  3.92) msec latency[RUN #1 50%,  10 secs]  8 threads:      814759 ops,   81805 (avg:   81463) ops/sec, 3.08MB/sec (avg: 3.07MB/sec),  3.93 (avg:  3.92) msec latency[RUN #1 55%,  11 secs]  8 threads:      896708 ops,   81937 (avg:   81506) ops/sec, 3.09MB/sec (avg: 3.07MB/sec),  3.89 (avg:  3.92) msec latency[RUN #1 60%,  12 secs]  8 threads:      979210 ops,   82490 (avg:   81588) ops/sec, 3.11MB/sec (avg: 3.08MB/sec),  3.87 (avg:  3.91) msec latency[RUN #1 65%,  13 secs]  8 threads:     1062781 ops,   83559 (avg:   81740) ops/sec, 3.15MB/sec (avg: 3.08MB/sec),  3.84 (avg:  3.91) msec latency[RUN #1 70%,  14 secs]  8 threads:     1147483 ops,   84689 (avg:   81951) ops/sec, 3.19MB/sec (avg: 3.09MB/sec),  3.75 (avg:  3.90) msec latency[RUN #1 75%,  15 secs]  8 threads:     1231806 ops,   84310 (avg:   82108) ops/sec, 3.18MB/sec (avg: 3.10MB/sec),  3.80 (avg:  3.89) msec latency[RUN #1 80%,  16 secs]  8 threads:     1315422 ops,   83597 (avg:   82201) ops/sec, 3.15MB/sec (avg: 3.10MB/sec),  3.83 (avg:  3.89) msec latency[RUN #1 85%,  17 secs]  8 threads:     1399438 ops,   84003 (avg:   82307) ops/sec, 3.17MB/sec (avg: 3.10MB/sec),  3.80 (avg:  3.88) msec latency[RUN #1 90%,  18 secs]  8 threads:     1483979 ops,   84529 (avg:   82430) ops/sec, 3.19MB/sec (avg: 3.11MB/sec),  3.79 (avg:  3.88) msec latency[RUN #1 95%,  19 secs]  8 threads:     1568116 ops,   84123 (avg:   82520) ops/sec, 3.17MB/sec (avg: 3.11MB/sec),  3.80 (avg:  3.87) msec latency[RUN #1 100%,  20 secs]  8 threads:     1655020 ops,   84123 (avg:   82742) ops/sec, 3.17MB/sec (avg: 3.12MB/sec),  3.80 (avg:  3.86) msec latency[RUN #1 100%,  20 secs]  0 threads:     1655191 ops,   84123 (avg:   82733) ops/sec, 3.17MB/sec (avg: 3.12MB/sec),  3.80 (avg:  3.86) msec latency

8         Threads
40        Connections per thread
20        Seconds
Type        Ops/sec     Hits/sec   Misses/sec      Latency       KB/sec
------------------------------------------------------------------------
Sets        7528.53          ---          ---      4.02600       558.06
Gets       75208.84      2756.61     72452.23      3.84700      2637.27
Totals     82737.38      2756.61     72452.23      3.86400      3195.33


Request Latency Distribution
Type     <= msec         Percent
------------------------------------------------------------------------
SET       1.000     71.64417
SET       2.000     74.40028
SET       3.000     76.38220
SET       4.000     78.58789
SET       5.000     80.65214
SET       6.000     82.49331
SET       7.000     84.06756
SET       8.000     85.57144
SET       9.000     87.11648
SET      10.000     88.45702
SET      11.000     89.56185
SET      12.000     90.67664
SET      13.000     91.81202
SET      14.000     92.63666
SET      15.000     93.40420
SET      16.000     94.18170
SET      17.000     94.81844
SET      18.000     95.36554
SET      19.000     95.81770
SET      20.000     96.26588
SET      21.000     96.69812
SET      22.000     97.03275
SET      23.000     97.29369
SET      24.000     97.55662
SET      25.000     97.83548
SET      26.000     98.04264
SET      27.000     98.21859
SET      28.000     98.35802
SET      29.000     98.48683
SET      30.000     98.60502
SET      31.000     98.71855
SET      32.000     98.82479
SET      33.000     98.91177
SET      34.000     98.98812
SET      35.000     99.05651
SET      36.000     99.10963
SET      37.000     99.16938
SET      38.000     99.22715
SET      39.000     99.26765
SET      40.000     99.30550
SET      41.000     99.35197
SET      42.000     99.38915
SET      43.000     99.43098
SET      44.000     99.47082
SET      45.000     99.50136
SET      46.000     99.52128
SET      47.000     99.54718
SET      48.000     99.57573
SET      49.000     99.60295
SET      50.000     99.62951
SET      51.000     99.65142
SET      52.000     99.67001
SET      53.000     99.69923
SET      54.000     99.71582
SET      55.000     99.73176
SET      56.000     99.74570
SET      57.000     99.75765
SET      58.000     99.77160
SET      59.000     99.77890
SET      60.000     99.78952
SET      61.000     99.79948
SET      62.000     99.80811
SET      63.000     99.81940
SET      64.000     99.82604
SET      65.000     99.83534
SET      66.000     99.84530
SET      67.000     99.84994
SET      68.000     99.85658
SET      69.000     99.86123
SET      70.000     99.86721
SET      71.000     99.87318
SET      72.000     99.87849
SET      73.000     99.88314
SET      74.000     99.88646
SET      75.000     99.88713
SET      76.000     99.88845
SET      77.000     99.89045
SET      78.000     99.89443
SET      79.000     99.90041
SET      80.000     99.90173
SET      81.000     99.90572
SET      82.000     99.90705
SET      83.000     99.90837
SET      84.000     99.91037
SET      85.000     99.91236
SET      86.000     99.91302
SET      87.000     99.91634
SET      88.000     99.92232
SET      89.000     99.92298
SET      90.000     99.92431
SET      92.000     99.92497
SET      93.000     99.92630
SET      94.000     99.92696
SET      95.000     99.92763
SET      96.000     99.92962
SET      97.000     99.93028
SET      98.000     99.93161
SET      99.000     99.93228
SET     100.000     99.94024
SET     110.000     99.94290
SET     120.000     99.95153
SET     130.000     99.95883
SET     140.000     99.96149
SET     150.000     99.96813
SET     160.000     99.97875
SET     170.000     99.98274
SET     180.000     99.98938
SET     190.000     99.99336
SET     200.000     99.99602
SET     210.000     99.99801
SET     220.000    100.00000
---
GET       0.130      0.00013
GET       0.150      0.00020
GET       0.160      0.00027
GET       0.180      0.00066
GET       0.190      0.00100
GET       0.200      0.00186
GET       0.210      0.00246
GET       0.220      0.00352
GET       0.230      0.00545
GET       0.240      0.00831
GET       0.250      0.01143
GET       0.260      0.01363
GET       0.270      0.01715
GET       0.280      0.02180
GET       0.290      0.02964
GET       0.300      0.03729
GET       0.310      0.04393
GET       0.320      0.04971
GET       0.330      0.05616
GET       0.340      0.06454
GET       0.350      0.07072
GET       0.360      0.07537
GET       0.370      0.07982
GET       0.380      0.08527
GET       0.390      0.09179
GET       0.400      0.09757
GET       0.410      0.10302
GET       0.420      0.11033
GET       0.430      0.12070
GET       0.440      0.13293
GET       0.450      0.15021
GET       0.460      0.16842
GET       0.470      0.19122
GET       0.480      0.22432
GET       0.490      0.27237
GET       0.500      0.32966
GET       0.510      0.40975
GET       0.520      0.52041
GET       0.530      0.68165
GET       0.540      0.92830
GET       0.550      1.27690
GET       0.560      1.77139
GET       0.570      2.47099
GET       0.580      3.46708
GET       0.590      4.87764
GET       0.600      6.71862
GET       0.610      8.97706
GET       0.620     11.77352
GET       0.630     15.11212
GET       0.640     18.94854
GET       0.650     22.89337
GET       0.660     26.72520
GET       0.670     30.30992
GET       0.680     33.61749
GET       0.690     36.50181
GET       0.700     38.87125
GET       0.710     40.75443
GET       0.720     42.29785
GET       0.730     43.55734
GET       0.740     44.61079
GET       0.750     45.50745
GET       0.760     46.28833
GET       0.770     46.98348
GET       0.780     47.59295
GET       0.790     48.14560
GET       0.800     48.64155
GET       0.810     49.08413
GET       0.820     49.48238
GET       0.830     49.84893
GET       0.840     50.16410
GET       0.850     50.44431
GET       0.860     50.69235
GET       0.870     50.91653
GET       0.880     51.11121
GET       0.890     51.29139
GET       0.900     51.44904
GET       0.910     51.59227
GET       0.920     51.71928
GET       0.930     51.83573
GET       0.940     51.94818
GET       0.950     52.04941
GET       0.960     52.14704
GET       0.970     52.23697
GET       0.980     52.32929
GET       0.990     52.41356
GET       1.000     52.92341
GET       1.100     54.35092
GET       1.200     58.21671
GET       1.300     65.18729
GET       1.400     69.10998
GET       1.500     70.89600
GET       1.600     71.79924
GET       1.700     72.33899
GET       1.800     72.68254
GET       1.900     72.95106
GET       2.000     73.16540
GET       2.100     73.39031
GET       2.200     73.61636
GET       2.300     73.87876
GET       2.400     74.16801
GET       2.500     74.46696
GET       2.600     74.75236
GET       2.700     75.02645
GET       2.800     75.28134
GET       2.900     75.49795
GET       3.000     75.70166
GET       3.100     75.90364
GET       3.200     76.10994
GET       3.300     76.31312
GET       3.400     76.50647
GET       3.500     76.69821
GET       3.600     76.87827
GET       3.700     77.05513
GET       3.800     77.24109
GET       3.900     77.42533
GET       4.000     77.61050
GET       4.100     77.82212
GET       4.200     78.02018
GET       4.300     78.20561
GET       4.400     78.41670
GET       4.500     78.61390
GET       4.600     78.81249
GET       4.700     79.01567
GET       4.800     79.21865
GET       4.900     79.42057
GET       5.000     79.60860
GET       5.100     79.80898
GET       5.200     80.02200
GET       5.300     80.25888
GET       5.400     80.48951
GET       5.500     80.69461
GET       5.600     80.89613
GET       5.700     81.08243
GET       5.800     81.25676
GET       5.900     81.42698
GET       6.000     81.59825
GET       6.100     81.77166
GET       6.200     81.94287
GET       6.300     82.13315
GET       6.400     82.29825
GET       6.500     82.47451
GET       6.600     82.65742
GET       6.700     82.84206
GET       6.800     83.00748
GET       6.900     83.18654
GET       7.000     83.34924
GET       7.100     83.51234
GET       7.200     83.67651
GET       7.300     83.83722
GET       7.400     83.99866
GET       7.500     84.14009
GET       7.600     84.28565
GET       7.700     84.43732
GET       7.800     84.59264
GET       7.900     84.74212
GET       8.000     84.88801
GET       8.100     85.04054
GET       8.200     85.17035
GET       8.300     85.30401
GET       8.400     85.44451
GET       8.500     85.58807
GET       8.600     85.73668
GET       8.700     85.90271
GET       8.800     86.04315
GET       8.900     86.18159
GET       9.000     86.30794
GET       9.100     86.45429
GET       9.200     86.60556
GET       9.300     86.78409
GET       9.400     86.97171
GET       9.500     87.12199
GET       9.600     87.25870
GET       9.700     87.38532
GET       9.800     87.50894
GET       9.900     87.63848
GET      10.000     88.31322
GET      11.000     89.54745
GET      12.000     90.51702
GET      13.000     91.71722
GET      14.000     92.65609
GET      15.000     93.41271
GET      16.000     94.04698
GET      17.000     94.74857
GET      18.000     95.32893
GET      19.000     95.80999
GET      20.000     96.20884
GET      21.000     96.64976
GET      22.000     96.99404
GET      23.000     97.30217
GET      24.000     97.55899
GET      25.000     97.82604
GET      26.000     98.05308
GET      27.000     98.22495
GET      28.000     98.36393
GET      29.000     98.50636
GET      30.000     98.63012
GET      31.000     98.74603
GET      32.000     98.84858
GET      33.000     98.94456
GET      34.000     99.03329
GET      35.000     99.11444
GET      36.000     99.17492
GET      37.000     99.23367
GET      38.000     99.28478
GET      39.000     99.33237
GET      40.000     99.37657
GET      41.000     99.41618
GET      42.000     99.45679
GET      43.000     99.49115
GET      44.000     99.52332
GET      45.000     99.55642
GET      46.000     99.58221
GET      47.000     99.60727
GET      48.000     99.63265
GET      49.000     99.66183
GET      50.000     99.68676
GET      51.000     99.70955
GET      52.000     99.73115
GET      53.000     99.74950
GET      54.000     99.76924
GET      55.000     99.78526
GET      56.000     99.80094
GET      57.000     99.81623
GET      58.000     99.82680
GET      59.000     99.84029
GET      60.000     99.85338
GET      61.000     99.86468
GET      62.000     99.87505
GET      63.000     99.88382
GET      64.000     99.89140
GET      65.000     99.89858
GET      66.000     99.90582
GET      67.000     99.91420
GET      68.000     99.92171
GET      69.000     99.92862
GET      70.000     99.93633
GET      71.000     99.94045
GET      72.000     99.94517
GET      73.000     99.94975
GET      74.000     99.95348
GET      75.000     99.95667
GET      76.000     99.96006
GET      77.000     99.96225
GET      78.000     99.96703
GET      79.000     99.96916
GET      80.000     99.97195
GET      81.000     99.97375
GET      82.000     99.97521
GET      83.000     99.97647
GET      84.000     99.97754
GET      85.000     99.97920
GET      86.000     99.98066
GET      87.000     99.98239
GET      88.000     99.98372
GET      89.000     99.98491
GET      90.000     99.98677
GET      91.000     99.98804
GET      92.000     99.98923
GET      93.000     99.99076
GET      94.000     99.99176
GET      95.000     99.99189
GET      96.000     99.99209
GET      97.000     99.99276
GET      98.000     99.99362
GET      99.000     99.99382
GET     100.000     99.99581
GET     110.000     99.99721
GET     120.000     99.99940
GET     130.000     99.99967
GET     140.000     99.99987
GET     150.000    100.00000
