[RUN #1] Preparing benchmark client...
[RUN #1] Launching threads now...
[RUN #1 5%,   0 secs]  8 threads:      167076 ops,       0 (avg:       0) ops/sec, 0.00KB/sec (avg: 0.00KB/sec),  0.00 (avg:  0.00) msec latency[RUN #1 10%,   1 secs]  8 threads:      243777 ops,   76684 (avg:  121916) ops/sec, 2.89MB/sec (avg: 4.60MB/sec),  4.15 (avg:  2.59) msec latency[RUN #1 15%,   2 secs]  8 threads:      322178 ops,   78389 (avg:  107403) ops/sec, 2.96MB/sec (avg: 4.05MB/sec),  4.10 (avg:  2.96) msec latency[RUN #1 20%,   3 secs]  8 threads:      400808 ops,   78617 (avg:  100205) ops/sec, 2.97MB/sec (avg: 3.78MB/sec),  4.04 (avg:  3.17) msec latency[RUN #1 25%,   5 secs]  8 threads:      478955 ops,   78134 (avg:   95790) ops/sec, 2.95MB/sec (avg: 3.61MB/sec),  4.12 (avg:  3.33) msec latency[RUN #1 30%,   6 secs]  8 threads:      556648 ops,   77681 (avg:   92772) ops/sec, 2.93MB/sec (avg: 3.50MB/sec),  4.11 (avg:  3.44) msec latency[RUN #1 35%,   7 secs]  8 threads:      636100 ops,   79436 (avg:   90866) ops/sec, 3.00MB/sec (avg: 3.43MB/sec),  4.05 (avg:  3.51) msec latency[RUN #1 40%,   8 secs]  8 threads:      715833 ops,   79716 (avg:   89472) ops/sec, 3.01MB/sec (avg: 3.38MB/sec),  3.99 (avg:  3.57) msec latency[RUN #1 45%,   9 secs]  8 threads:      795748 ops,   79899 (avg:   88409) ops/sec, 3.01MB/sec (avg: 3.33MB/sec),  4.01 (avg:  3.61) msec latency[RUN #1 50%,  10 secs]  8 threads:      874163 ops,   78400 (avg:   87408) ops/sec, 2.96MB/sec (avg: 3.30MB/sec),  4.07 (avg:  3.65) msec latency[RUN #1 55%,  11 secs]  8 threads:      952960 ops,   78784 (avg:   86624) ops/sec, 2.97MB/sec (avg: 3.27MB/sec),  4.03 (avg:  3.68) msec latency[RUN #1 60%,  12 secs]  8 threads:     1032248 ops,   79276 (avg:   86011) ops/sec, 2.99MB/sec (avg: 3.24MB/sec),  4.03 (avg:  3.71) msec latency[RUN #1 65%,  13 secs]  8 threads:     1112212 ops,   79943 (avg:   85545) ops/sec, 3.02MB/sec (avg: 3.23MB/sec),  4.01 (avg:  3.73) msec latency[RUN #1 70%,  14 secs]  8 threads:     1191176 ops,   78950 (avg:   85073) ops/sec, 2.98MB/sec (avg: 3.21MB/sec),  4.08 (avg:  3.75) msec latency[RUN #1 75%,  15 secs]  8 threads:     1269813 ops,   78623 (avg:   84643) ops/sec, 2.96MB/sec (avg: 3.19MB/sec),  4.06 (avg:  3.77) msec latency[RUN #1 80%,  16 secs]  8 threads:     1348403 ops,   78578 (avg:   84264) ops/sec, 2.96MB/sec (avg: 3.18MB/sec),  4.06 (avg:  3.79) msec latency[RUN #1 85%,  17 secs]  8 threads:     1427539 ops,   79125 (avg:   83962) ops/sec, 2.98MB/sec (avg: 3.17MB/sec),  4.04 (avg:  3.80) msec latency[RUN #1 90%,  18 secs]  8 threads:     1505153 ops,   77602 (avg:   83609) ops/sec, 2.93MB/sec (avg: 3.15MB/sec),  4.09 (avg:  3.82) msec latency[RUN #1 95%,  19 secs]  8 threads:     1584512 ops,   79347 (avg:   83384) ops/sec, 2.99MB/sec (avg: 3.14MB/sec),  4.05 (avg:  3.83) msec latency[RUN #1 100%,  20 secs]  8 threads:     1664499 ops,   79347 (avg:   83216) ops/sec, 2.99MB/sec (avg: 3.14MB/sec),  4.05 (avg:  3.84) msec latency[RUN #1 100%,  20 secs]  0 threads:     1664751 ops,   79347 (avg:   83159) ops/sec, 2.99MB/sec (avg: 3.14MB/sec),  4.05 (avg:  3.84) msec latency

8         Threads
40        Connections per thread
20        Seconds
Type        Ops/sec     Hits/sec   Misses/sec      Latency       KB/sec
------------------------------------------------------------------------
Sets        7567.91          ---          ---      4.14400       560.98
Gets       75600.50      3110.36     72490.13      3.81300      2651.01
Totals     83168.40      3110.36     72490.13      3.84300      3211.99


Request Latency Distribution
Type     <= msec         Percent
------------------------------------------------------------------------
SET       1.000     78.85783
SET       2.000     81.59344
SET       3.000     83.00481
SET       4.000     84.31584
SET       5.000     85.38658
SET       6.000     86.39526
SET       7.000     87.13726
SET       8.000     87.91027
SET       9.000     88.67075
SET      10.000     89.31174
SET      11.000     89.86890
SET      12.000     90.43199
SET      13.000     90.93502
SET      14.000     91.41692
SET      15.000     91.87307
SET      16.000     92.29886
SET      17.000     92.72927
SET      18.000     93.16231
SET      19.000     93.54123
SET      20.000     93.92873
SET      21.000     94.26870
SET      22.000     94.62253
SET      23.000     94.92950
SET      24.000     95.24768
SET      25.000     95.52692
SET      26.000     95.79626
SET      27.000     96.06229
SET      28.000     96.29400
SET      29.000     96.51844
SET      30.000     96.73695
SET      31.000     96.95149
SET      32.000     97.14491
SET      33.000     97.30863
SET      34.000     97.47432
SET      35.000     97.63077
SET      36.000     97.77138
SET      37.000     97.90077
SET      38.000     98.03544
SET      39.000     98.16746
SET      40.000     98.30609
SET      41.000     98.42228
SET      42.000     98.52592
SET      43.000     98.61504
SET      44.000     98.69689
SET      45.000     98.76885
SET      46.000     98.85929
SET      47.000     98.93652
SET      48.000     98.99065
SET      49.000     99.05469
SET      50.000     99.11476
SET      51.000     99.16823
SET      52.000     99.21576
SET      53.000     99.26197
SET      54.000     99.30290
SET      55.000     99.34052
SET      56.000     99.37485
SET      57.000     99.41578
SET      58.000     99.44945
SET      59.000     99.48047
SET      60.000     99.51018
SET      61.000     99.53460
SET      62.000     99.55903
SET      63.000     99.58213
SET      64.000     99.60920
SET      65.000     99.63032
SET      66.000     99.64551
SET      67.000     99.66267
SET      68.000     99.67455
SET      69.000     99.69040
SET      70.000     99.70558
SET      71.000     99.71746
SET      72.000     99.73066
SET      73.000     99.74651
SET      74.000     99.75971
SET      75.000     99.77093
SET      76.000     99.78150
SET      77.000     99.78810
SET      78.000     99.79932
SET      79.000     99.80724
SET      80.000     99.81516
SET      81.000     99.82308
SET      82.000     99.82836
SET      83.000     99.83497
SET      84.000     99.84223
SET      85.000     99.85345
SET      86.000     99.85741
SET      87.000     99.86335
SET      88.000     99.86797
SET      89.000     99.87457
SET      90.000     99.87986
SET      91.000     99.88646
SET      92.000     99.88976
SET      93.000     99.89306
SET      94.000     99.89900
SET      95.000     99.90032
SET      96.000     99.90296
SET      97.000     99.90560
SET      98.000     99.91088
SET      99.000     99.91484
SET     100.000     99.92606
SET     110.000     99.94389
SET     120.000     99.96237
SET     130.000     99.97491
SET     140.000     99.97756
SET     150.000     99.98416
SET     160.000     99.98944
SET     170.000     99.99274
SET     180.000     99.99670
SET     190.000     99.99802
SET     210.000     99.99868
SET     220.000     99.99934
SET     250.000    100.00000
---
GET       0.066      0.00007
GET       0.067      0.00013
GET       0.069      0.00026
GET       0.070      0.00033
GET       0.071      0.00040
GET       0.073      0.00053
GET       0.074      0.00073
GET       0.075      0.00093
GET       0.076      0.00099
GET       0.077      0.00112
GET       0.078      0.00159
GET       0.079      0.00178
GET       0.080      0.00205
GET       0.081      0.00304
GET       0.082      0.00383
GET       0.083      0.00502
GET       0.084      0.00641
GET       0.085      0.00800
GET       0.086      0.00965
GET       0.087      0.01282
GET       0.088      0.01593
GET       0.089      0.01969
GET       0.090      0.02485
GET       0.091      0.03053
GET       0.092      0.03734
GET       0.093      0.04434
GET       0.094      0.05306
GET       0.095      0.06298
GET       0.096      0.07183
GET       0.097      0.08155
GET       0.098      0.09179
GET       0.099      0.10448
GET       0.100      0.16937
GET       0.110      0.30437
GET       0.120      0.48722
GET       0.130      0.88266
GET       0.140      1.82407
GET       0.150      2.99280
GET       0.160      4.05586
GET       0.170      5.27025
GET       0.180      7.10694
GET       0.190     10.46960
GET       0.200     14.08225
GET       0.210     16.84521
GET       0.220     19.06372
GET       0.230     21.25435
GET       0.240     23.88931
GET       0.250     25.94393
GET       0.260     27.25732
GET       0.270     28.22304
GET       0.280     29.12150
GET       0.290     30.11907
GET       0.300     30.98442
GET       0.310     31.70108
GET       0.320     32.37340
GET       0.330     33.14174
GET       0.340     34.17976
GET       0.350     35.33269
GET       0.360     36.61509
GET       0.370     38.19524
GET       0.380     40.30915
GET       0.390     43.19588
GET       0.400     46.21742
GET       0.410     49.15339
GET       0.420     51.96717
GET       0.430     54.78313
GET       0.440     57.61138
GET       0.450     59.92274
GET       0.460     61.75268
GET       0.470     63.24165
GET       0.480     64.54208
GET       0.490     65.72971
GET       0.500     66.71169
GET       0.510     67.53203
GET       0.520     68.24215
GET       0.530     68.91705
GET       0.540     69.54034
GET       0.550     70.09054
GET       0.560     70.57063
GET       0.570     71.00974
GET       0.580     71.41925
GET       0.590     71.80002
GET       0.600     72.13902
GET       0.610     72.42787
GET       0.620     72.67673
GET       0.630     72.90544
GET       0.640     73.11717
GET       0.650     73.30035
GET       0.660     73.46205
GET       0.670     73.61080
GET       0.680     73.74984
GET       0.690     73.88200
GET       0.700     74.00426
GET       0.710     74.11693
GET       0.720     74.22160
GET       0.730     74.32872
GET       0.740     74.43042
GET       0.750     74.52340
GET       0.760     74.61803
GET       0.770     74.71325
GET       0.780     74.81013
GET       0.790     74.90886
GET       0.800     75.00454
GET       0.810     75.10096
GET       0.820     75.19717
GET       0.830     75.29749
GET       0.840     75.39648
GET       0.850     75.49045
GET       0.860     75.58739
GET       0.870     75.68499
GET       0.880     75.78696
GET       0.890     75.89090
GET       0.900     75.98871
GET       0.910     76.08591
GET       0.920     76.18880
GET       0.930     76.29163
GET       0.940     76.39293
GET       0.950     76.48743
GET       0.960     76.58298
GET       0.970     76.67596
GET       0.980     76.76729
GET       0.990     76.85517
GET       1.000     77.31114
GET       1.100     77.96476
GET       1.200     78.45641
GET       1.300     78.83698
GET       1.400     79.18411
GET       1.500     79.50249
GET       1.600     79.80416
GET       1.700     80.09294
GET       1.800     80.36335
GET       1.900     80.61823
GET       2.000     80.85387
GET       2.100     81.07135
GET       2.200     81.26629
GET       2.300     81.45958
GET       2.400     81.63873
GET       2.500     81.80486
GET       2.600     81.96207
GET       2.700     82.10990
GET       2.800     82.25508
GET       2.900     82.39062
GET       3.000     82.51485
GET       3.100     82.64378
GET       3.200     82.76742
GET       3.300     82.88650
GET       3.400     83.00313
GET       3.500     83.10596
GET       3.600     83.22252
GET       3.700     83.33553
GET       3.800     83.44317
GET       3.900     83.55142
GET       4.000     83.65616
GET       4.100     83.76017
GET       4.200     83.87324
GET       4.300     83.97599
GET       4.400     84.09421
GET       4.500     84.21706
GET       4.600     84.33555
GET       4.700     84.44161
GET       4.800     84.54159
GET       4.900     84.64825
GET       5.000     84.74995
GET       5.100     84.84484
GET       5.200     84.94119
GET       5.300     85.03126
GET       5.400     85.11875
GET       5.500     85.20499
GET       5.600     85.30160
GET       5.700     85.39227
GET       5.800     85.47930
GET       5.900     85.56626
GET       6.000     85.65574
GET       6.100     85.75175
GET       6.200     85.84453
GET       6.300     85.93117
GET       6.400     86.02104
GET       6.500     86.10523
GET       6.600     86.19741
GET       6.700     86.27803
GET       6.800     86.36209
GET       6.900     86.44363
GET       7.000     86.51870
GET       7.100     86.59681
GET       7.200     86.67188
GET       7.300     86.74880
GET       7.400     86.82057
GET       7.500     86.88969
GET       7.600     86.96198
GET       7.700     87.03639
GET       7.800     87.11510
GET       7.900     87.18970
GET       8.000     87.25876
GET       8.100     87.33502
GET       8.200     87.41861
GET       8.300     87.49130
GET       8.400     87.56637
GET       8.500     87.64653
GET       8.600     87.72537
GET       8.700     87.79079
GET       8.800     87.85872
GET       8.900     87.92051
GET       9.000     87.98877
GET       9.100     88.04989
GET       9.200     88.11175
GET       9.300     88.17287
GET       9.400     88.23942
GET       9.500     88.30365
GET       9.600     88.36352
GET       9.700     88.42987
GET       9.800     88.49258
GET       9.900     88.55582
GET      10.000     88.91570
GET      11.000     89.51639
GET      12.000     90.09864
GET      13.000     90.63067
GET      14.000     91.14228
GET      15.000     91.62203
GET      16.000     92.07000
GET      17.000     92.51044
GET      18.000     92.94903
GET      19.000     93.34632
GET      20.000     93.71657
GET      21.000     94.06298
GET      22.000     94.42835
GET      23.000     94.77627
GET      24.000     95.10457
GET      25.000     95.39652
GET      26.000     95.70393
GET      27.000     95.98551
GET      28.000     96.23365
GET      29.000     96.46744
GET      30.000     96.69219
GET      31.000     96.90213
GET      32.000     97.10124
GET      33.000     97.28006
GET      34.000     97.47031
GET      35.000     97.63148
GET      36.000     97.78777
GET      37.000     97.92846
GET      38.000     98.05573
GET      39.000     98.18684
GET      40.000     98.30638
GET      41.000     98.41740
GET      42.000     98.51474
GET      43.000     98.61016
GET      44.000     98.69468
GET      45.000     98.77946
GET      46.000     98.85698
GET      47.000     98.93092
GET      48.000     98.99370
GET      49.000     99.05126
GET      50.000     99.10690
GET      51.000     99.15825
GET      52.000     99.21111
GET      53.000     99.25968
GET      54.000     99.29669
GET      55.000     99.33839
GET      56.000     99.37731
GET      57.000     99.41266
GET      58.000     99.44683
GET      59.000     99.47590
GET      60.000     99.50352
GET      61.000     99.53042
GET      62.000     99.55573
GET      63.000     99.57787
GET      64.000     99.59703
GET      65.000     99.61745
GET      66.000     99.63516
GET      67.000     99.64990
GET      68.000     99.66212
GET      69.000     99.67659
GET      70.000     99.69159
GET      71.000     99.70666
GET      72.000     99.71908
GET      73.000     99.73019
GET      74.000     99.74122
GET      75.000     99.75252
GET      76.000     99.76395
GET      77.000     99.77486
GET      78.000     99.78662
GET      79.000     99.79680
GET      80.000     99.80592
GET      81.000     99.81385
GET      82.000     99.82270
GET      83.000     99.82865
GET      84.000     99.83532
GET      85.000     99.84114
GET      86.000     99.84755
GET      87.000     99.85363
GET      88.000     99.86010
GET      89.000     99.86493
GET      90.000     99.86962
GET      91.000     99.87339
GET      92.000     99.87695
GET      93.000     99.88033
GET      94.000     99.88383
GET      95.000     99.88733
GET      96.000     99.89334
GET      97.000     99.89704
GET      98.000     99.90121
GET      99.000     99.90372
GET     100.000     99.92077
GET     110.000     99.94205
GET     120.000     99.95731
GET     130.000     99.96749
GET     140.000     99.97608
GET     150.000     99.98328
GET     160.000     99.98751
GET     170.000     99.99062
GET     180.000     99.99352
GET     190.000     99.99537
GET     200.000     99.99630
GET     210.000     99.99729
GET     220.000     99.99802
GET     230.000     99.99848
GET     240.000     99.99861
GET     250.000     99.99941
GET     260.000     99.99967
GET     270.000     99.99974
GET     290.000     99.99987
GET     310.000    100.00000
