[RUN #1] Preparing benchmark client...
[RUN #1] Launching threads now...
[RUN #1 1%,   0 secs]  8 threads:       18784 ops,       0 (avg:       0) ops/sec, 0.00KB/sec (avg: 0.00KB/sec),  0.00 (avg:  0.00) msec latency[RUN #1 6%,   1 secs]  8 threads:       90029 ops,   71233 (avg:   78958) ops/sec, 2.69MB/sec (avg: 2.98MB/sec),  4.53 (avg:  4.01) msec latency[RUN #1 11%,   2 secs]  8 threads:      168839 ops,   78797 (avg:   78883) ops/sec, 2.97MB/sec (avg: 2.98MB/sec),  4.01 (avg:  4.01) msec latency[RUN #1 16%,   3 secs]  8 threads:      248215 ops,   79364 (avg:   79036) ops/sec, 2.99MB/sec (avg: 2.98MB/sec),  4.05 (avg:  4.02) msec latency[RUN #1 21%,   4 secs]  8 threads:      326485 ops,   78256 (avg:   78848) ops/sec, 2.95MB/sec (avg: 2.98MB/sec),  4.09 (avg:  4.04) msec latency[RUN #1 26%,   5 secs]  8 threads:      405250 ops,   78753 (avg:   78829) ops/sec, 2.97MB/sec (avg: 2.97MB/sec),  4.06 (avg:  4.04) msec latency[RUN #1 31%,   6 secs]  8 threads:      484968 ops,   79704 (avg:   78972) ops/sec, 3.01MB/sec (avg: 2.98MB/sec),  4.02 (avg:  4.04) msec latency[RUN #1 36%,   7 secs]  8 threads:      565298 ops,   80317 (avg:   79160) ops/sec, 3.03MB/sec (avg: 2.99MB/sec),  3.95 (avg:  4.03) msec latency[RUN #1 41%,   8 secs]  8 threads:      645514 ops,   80205 (avg:   79288) ops/sec, 3.02MB/sec (avg: 2.99MB/sec),  3.99 (avg:  4.02) msec latency[RUN #1 46%,   9 secs]  8 threads:      723475 ops,   77949 (avg:   79142) ops/sec, 2.94MB/sec (avg: 2.99MB/sec),  4.13 (avg:  4.03) msec latency[RUN #1 51%,  10 secs]  8 threads:      801139 ops,   77653 (avg:   78995) ops/sec, 2.93MB/sec (avg: 2.98MB/sec),  4.10 (avg:  4.04) msec latency[RUN #1 56%,  11 secs]  8 threads:      880596 ops,   79446 (avg:   79036) ops/sec, 3.00MB/sec (avg: 2.98MB/sec),  4.03 (avg:  4.04) msec latency[RUN #1 61%,  12 secs]  8 threads:      959904 ops,   79296 (avg:   79057) ops/sec, 2.99MB/sec (avg: 2.98MB/sec),  4.01 (avg:  4.04) msec latency[RUN #1 66%,  13 secs]  8 threads:     1039027 ops,   79108 (avg:   79061) ops/sec, 2.98MB/sec (avg: 2.98MB/sec),  4.07 (avg:  4.04) msec latency[RUN #1 71%,  14 secs]  8 threads:     1117917 ops,   78875 (avg:   79048) ops/sec, 2.97MB/sec (avg: 2.98MB/sec),  4.04 (avg:  4.04) msec latency[RUN #1 76%,  15 secs]  8 threads:     1197028 ops,   79099 (avg:   79051) ops/sec, 2.98MB/sec (avg: 2.98MB/sec),  4.03 (avg:  4.04) msec latency[RUN #1 81%,  16 secs]  8 threads:     1276904 ops,   79863 (avg:   79101) ops/sec, 3.01MB/sec (avg: 2.98MB/sec),  4.00 (avg:  4.04) msec latency[RUN #1 86%,  17 secs]  8 threads:     1354586 ops,   77669 (avg:   79018) ops/sec, 2.93MB/sec (avg: 2.98MB/sec),  4.10 (avg:  4.04) msec latency[RUN #1 91%,  18 secs]  8 threads:     1434856 ops,   80256 (avg:   79086) ops/sec, 3.03MB/sec (avg: 2.98MB/sec),  4.00 (avg:  4.04) msec latency[RUN #1 96%,  19 secs]  8 threads:     1519813 ops,   84947 (avg:   79392) ops/sec, 3.20MB/sec (avg: 2.99MB/sec),  3.76 (avg:  4.02) msec latency[RUN #1 100%,  20 secs]  0 threads:     1647603 ops,   84947 (avg:   82349) ops/sec, 3.20MB/sec (avg: 3.11MB/sec),  3.76 (avg:  3.88) msec latency

8         Threads
40        Connections per thread
20        Seconds
Type        Ops/sec     Hits/sec   Misses/sec      Latency       KB/sec
------------------------------------------------------------------------
Sets        7494.56          ---          ---      4.36300       555.54
Gets       74863.69      3437.04     71426.66      3.83300      2625.17
Totals     82358.25      3437.04     71426.66      3.88100      3180.71


Request Latency Distribution
Type     <= msec         Percent
------------------------------------------------------------------------
SET       1.000     75.15257
SET       2.000     78.19530
SET       3.000     79.88541
SET       4.000     81.31407
SET       5.000     82.37856
SET       6.000     83.36235
SET       7.000     84.29544
SET       8.000     85.20720
SET       9.000     85.97221
SET      10.000     86.68988
SET      11.000     87.36619
SET      12.000     87.99715
SET      13.000     88.59742
SET      14.000     89.16435
SET      15.000     89.68592
SET      16.000     90.19682
SET      17.000     90.74241
SET      18.000     91.29800
SET      19.000     91.75287
SET      20.000     92.16840
SET      21.000     92.58459
SET      22.000     93.00345
SET      23.000     93.39630
SET      24.000     93.78114
SET      25.000     94.11463
SET      26.000     94.45211
SET      27.000     94.78694
SET      28.000     95.06773
SET      29.000     95.32585
SET      30.000     95.58797
SET      31.000     95.83208
SET      32.000     96.05485
SET      33.000     96.26028
SET      34.000     96.46037
SET      35.000     96.64246
SET      36.000     96.81787
SET      37.000     96.96861
SET      38.000     97.13802
SET      39.000     97.27341
SET      40.000     97.41948
SET      41.000     97.54087
SET      42.000     97.65892
SET      43.000     97.77631
SET      44.000     97.88770
SET      45.000     97.98374
SET      46.000     98.07712
SET      47.000     98.16049
SET      48.000     98.24119
SET      49.000     98.30655
SET      50.000     98.39459
SET      51.000     98.45195
SET      52.000     98.52532
SET      53.000     98.58402
SET      54.000     98.63671
SET      55.000     98.69540
SET      56.000     98.75076
SET      57.000     98.80145
SET      58.000     98.84747
SET      59.000     98.88282
SET      60.000     98.92817
SET      61.000     98.96152
SET      62.000     99.00087
SET      63.000     99.02955
SET      64.000     99.06557
SET      65.000     99.09225
SET      66.000     99.11693
SET      67.000     99.14027
SET      68.000     99.15828
SET      69.000     99.18496
SET      70.000     99.22164
SET      71.000     99.26566
SET      72.000     99.27767
SET      73.000     99.29434
SET      74.000     99.32969
SET      75.000     99.34970
SET      76.000     99.36971
SET      77.000     99.38438
SET      78.000     99.41506
SET      79.000     99.42640
SET      80.000     99.44508
SET      81.000     99.46175
SET      82.000     99.48443
SET      83.000     99.49644
SET      84.000     99.50511
SET      85.000     99.51711
SET      86.000     99.52511
SET      87.000     99.53245
SET      88.000     99.53779
SET      89.000     99.54446
SET      90.000     99.56980
SET      91.000     99.57580
SET      92.000     99.57781
SET      93.000     99.58581
SET      94.000     99.59115
SET      95.000     99.60182
SET      96.000     99.61316
SET      97.000     99.62183
SET      98.000     99.62783
SET      99.000     99.63250
SET     100.000     99.65251
SET     110.000     99.68452
SET     120.000     99.71454
SET     130.000     99.73588
SET     140.000     99.76122
SET     150.000     99.77390
SET     160.000     99.78457
SET     170.000     99.79190
SET     180.000     99.80925
SET     190.000     99.82325
SET     200.000     99.86060
SET     210.000     99.88728
SET     220.000     99.89128
SET     230.000     99.91529
SET     240.000     99.93464
SET     250.000     99.94131
SET     260.000     99.94397
SET     270.000     99.96865
SET     280.000     99.98466
SET     300.000     99.98866
SET     310.000     99.99333
SET     320.000     99.99933
SET     350.000    100.00000
---
GET       0.060      0.00007
GET       0.062      0.00013
GET       0.064      0.00020
GET       0.065      0.00027
GET       0.066      0.00033
GET       0.067      0.00060
GET       0.068      0.00067
GET       0.069      0.00080
GET       0.070      0.00147
GET       0.071      0.00180
GET       0.072      0.00214
GET       0.073      0.00254
GET       0.074      0.00300
GET       0.075      0.00327
GET       0.076      0.00374
GET       0.077      0.00487
GET       0.078      0.00588
GET       0.079      0.00681
GET       0.080      0.00775
GET       0.081      0.00841
GET       0.082      0.01015
GET       0.083      0.01162
GET       0.084      0.01302
GET       0.085      0.01549
GET       0.086      0.01776
GET       0.087      0.02083
GET       0.088      0.02471
GET       0.089      0.02798
GET       0.090      0.03165
GET       0.091      0.03839
GET       0.092      0.04574
GET       0.093      0.05322
GET       0.094      0.06196
GET       0.095      0.07091
GET       0.096      0.07959
GET       0.097      0.08914
GET       0.098      0.09935
GET       0.099      0.10917
GET       0.100      0.17133
GET       0.110      0.30394
GET       0.120      0.47701
GET       0.130      0.78488
GET       0.140      1.54987
GET       0.150      2.65091
GET       0.160      3.69640
GET       0.170      4.90301
GET       0.180      6.85491
GET       0.190     10.67383
GET       0.200     14.67718
GET       0.210     17.61507
GET       0.220     19.94382
GET       0.230     22.21461
GET       0.240     25.01850
GET       0.250     27.16917
GET       0.260     28.51372
GET       0.270     29.47034
GET       0.280     30.36185
GET       0.290     31.34672
GET       0.300     32.20244
GET       0.310     32.88757
GET       0.320     33.54493
GET       0.330     34.29055
GET       0.340     35.30666
GET       0.350     36.44316
GET       0.360     37.72321
GET       0.370     39.28611
GET       0.380     41.35952
GET       0.390     44.24333
GET       0.400     47.25514
GET       0.410     50.11832
GET       0.420     52.86384
GET       0.430     55.64670
GET       0.440     58.44431
GET       0.450     60.73994
GET       0.460     62.49813
GET       0.470     63.96113
GET       0.480     65.25861
GET       0.490     66.43738
GET       0.500     67.39980
GET       0.510     68.21934
GET       0.520     68.92517
GET       0.530     69.59201
GET       0.540     70.21751
GET       0.550     70.76503
GET       0.560     71.24384
GET       0.570     71.67731
GET       0.580     72.08574
GET       0.590     72.46487
GET       0.600     72.79331
GET       0.610     73.06760
GET       0.620     73.31879
GET       0.630     73.55082
GET       0.640     73.76568
GET       0.650     73.94910
GET       0.660     74.10661
GET       0.670     74.25151
GET       0.680     74.38778
GET       0.690     74.51398
GET       0.700     74.63216
GET       0.710     74.74320
GET       0.720     74.84890
GET       0.730     74.94752
GET       0.740     75.04661
GET       0.750     75.14102
GET       0.760     75.22502
GET       0.770     75.31282
GET       0.780     75.40843
GET       0.790     75.50071
GET       0.800     75.59279
GET       0.810     75.68406
GET       0.820     75.77440
GET       0.830     75.86481
GET       0.840     75.95675
GET       0.850     76.05437
GET       0.860     76.14631
GET       0.870     76.24166
GET       0.880     76.33975
GET       0.890     76.43910
GET       0.900     76.53231
GET       0.910     76.62479
GET       0.920     76.71847
GET       0.930     76.81408
GET       0.940     76.91030
GET       0.950     77.00151
GET       0.960     77.08944
GET       0.970     77.17765
GET       0.980     77.26238
GET       0.990     77.34531
GET       1.000     77.78339
GET       1.100     78.39861
GET       1.200     78.85418
GET       1.300     79.19865
GET       1.400     79.51828
GET       1.500     79.81868
GET       1.600     80.09624
GET       1.700     80.36406
GET       1.800     80.62072
GET       1.900     80.84888
GET       2.000     81.06762
GET       2.100     81.26419
GET       2.200     81.45135
GET       2.300     81.62902
GET       2.400     81.79154
GET       2.500     81.94892
GET       2.600     82.09855
GET       2.700     82.23944
GET       2.800     82.37972
GET       2.900     82.51633
GET       3.000     82.64079
GET       3.100     82.76699
GET       3.200     82.88377
GET       3.300     82.98947
GET       3.400     83.09657
GET       3.500     83.20066
GET       3.600     83.30963
GET       3.700     83.41546
GET       3.800     83.51535
GET       3.900     83.60863
GET       4.000     83.70892
GET       4.100     83.80734
GET       4.200     83.91397
GET       4.300     84.01579
GET       4.400     84.13030
GET       4.500     84.24942
GET       4.600     84.35846
GET       4.700     84.45507
GET       4.800     84.54909
GET       4.900     84.64964
GET       5.000     84.73851
GET       5.100     84.82491
GET       5.200     84.91773
GET       5.300     85.00045
GET       5.400     85.08906
GET       5.500     85.17125
GET       5.600     85.25618
GET       5.700     85.34586
GET       5.800     85.43106
GET       5.900     85.51999
GET       6.000     85.60466
GET       6.100     85.69326
GET       6.200     85.78013
GET       6.300     85.86012
GET       6.400     85.94292
GET       6.500     86.02217
GET       6.600     86.10363
GET       6.700     86.18282
GET       6.800     86.25647
GET       6.900     86.33419
GET       7.000     86.40791
GET       7.100     86.48189
GET       7.200     86.55947
GET       7.300     86.63840
GET       7.400     86.70510
GET       7.500     86.77962
GET       7.600     86.84859
GET       7.700     86.92371
GET       7.800     87.00316
GET       7.900     87.07614
GET       8.000     87.14258
GET       8.100     87.21242
GET       8.200     87.28680
GET       8.300     87.35664
GET       8.400     87.42662
GET       8.500     87.50988
GET       8.600     87.58847
GET       8.700     87.65604
GET       8.800     87.72021
GET       8.900     87.77903
GET       9.000     87.84287
GET       9.100     87.91351
GET       9.200     87.97874
GET       9.300     88.03944
GET       9.400     88.09920
GET       9.500     88.16290
GET       9.600     88.22005
GET       9.700     88.28509
GET       9.800     88.35032
GET       9.900     88.41015
GET      10.000     88.77037
GET      11.000     89.37217
GET      12.000     89.94119
GET      13.000     90.47448
GET      14.000     90.98848
GET      15.000     91.47243
GET      16.000     91.91966
GET      17.000     92.37550
GET      18.000     92.81084
GET      19.000     93.20492
GET      20.000     93.57683
GET      21.000     93.94567
GET      22.000     94.31598
GET      23.000     94.65991
GET      24.000     94.99717
GET      25.000     95.30251
GET      26.000     95.61239
GET      27.000     95.89363
GET      28.000     96.14869
GET      29.000     96.38165
GET      30.000     96.61521
GET      31.000     96.83035
GET      32.000     97.03313
GET      33.000     97.21948
GET      34.000     97.41258
GET      35.000     97.57964
GET      36.000     97.74470
GET      37.000     97.88993
GET      38.000     98.02180
GET      39.000     98.15393
GET      40.000     98.27913
GET      41.000     98.39377
GET      42.000     98.49700
GET      43.000     98.59335
GET      44.000     98.68102
GET      45.000     98.77083
GET      46.000     98.84895
GET      47.000     98.92206
GET      48.000     98.98516
GET      49.000     99.04659
GET      50.000     99.10027
GET      51.000     99.15489
GET      52.000     99.20817
GET      53.000     99.25978
GET      54.000     99.30138
GET      55.000     99.34278
GET      56.000     99.38278
GET      57.000     99.41770
GET      58.000     99.45509
GET      59.000     99.48360
GET      60.000     99.51144
GET      61.000     99.53915
GET      62.000     99.56399
GET      63.000     99.58469
GET      64.000     99.60419
GET      65.000     99.62715
GET      66.000     99.64451
GET      67.000     99.65780
GET      68.000     99.66962
GET      69.000     99.68391
GET      70.000     99.69786
GET      71.000     99.71436
GET      72.000     99.72718
GET      73.000     99.73799
GET      74.000     99.74968
GET      75.000     99.75916
GET      76.000     99.77038
GET      77.000     99.78166
GET      78.000     99.79288
GET      79.000     99.80169
GET      80.000     99.81104
GET      81.000     99.81772
GET      82.000     99.82626
GET      83.000     99.83261
GET      84.000     99.83902
GET      85.000     99.84549
GET      86.000     99.85137
GET      87.000     99.85711
GET      88.000     99.86325
GET      89.000     99.86853
GET      90.000     99.87367
GET      91.000     99.87754
GET      92.000     99.88102
GET      93.000     99.88429
GET      94.000     99.88856
GET      95.000     99.89303
GET      96.000     99.89824
GET      97.000     99.90071
GET      98.000     99.90505
GET      99.000     99.90792
GET     100.000     99.92435
GET     110.000     99.94578
GET     120.000     99.96054
GET     130.000     99.96989
GET     140.000     99.97683
GET     150.000     99.98484
GET     160.000     99.98818
GET     170.000     99.99119
GET     180.000     99.99459
GET     190.000     99.99613
GET     200.000     99.99753
GET     210.000     99.99806
GET     220.000     99.99860
GET     230.000     99.99893
GET     240.000     99.99907
GET     250.000     99.99940
GET     260.000     99.99960
GET     270.000    100.00000
