[RUN #1] Preparing benchmark client...
[RUN #1] Launching threads now...
[RUN #1 5%,   0 secs]  8 threads:       87239 ops,       0 (avg:       0) ops/sec, 0.00KB/sec (avg: 0.00KB/sec),  0.00 (avg:  0.00) msec latency[RUN #1 10%,   1 secs]  8 threads:      157019 ops,   69769 (avg:   78536) ops/sec, 2.63MB/sec (avg: 2.96MB/sec),  4.58 (avg:  4.06) msec latency[RUN #1 15%,   2 secs]  8 threads:      225816 ops,   68786 (avg:   75285) ops/sec, 2.60MB/sec (avg: 2.84MB/sec),  4.65 (avg:  4.24) msec latency[RUN #1 20%,   3 secs]  8 threads:      294301 ops,   68475 (avg:   73582) ops/sec, 2.58MB/sec (avg: 2.78MB/sec),  4.67 (avg:  4.34) msec latency[RUN #1 25%,   4 secs]  8 threads:      362038 ops,   67727 (avg:   72411) ops/sec, 2.55MB/sec (avg: 2.73MB/sec),  4.72 (avg:  4.41) msec latency[RUN #1 30%,   5 secs]  8 threads:      428438 ops,   66390 (avg:   71407) ops/sec, 2.50MB/sec (avg: 2.69MB/sec),  4.82 (avg:  4.48) msec latency[RUN #1 35%,   7 secs]  8 threads:      495622 ops,   67174 (avg:   70802) ops/sec, 2.53MB/sec (avg: 2.67MB/sec),  4.76 (avg:  4.51) msec latency[RUN #1 40%,   8 secs]  8 threads:      556072 ops,   60440 (avg:   69507) ops/sec, 2.28MB/sec (avg: 2.62MB/sec),  5.28 (avg:  4.60) msec latency[RUN #1 45%,   9 secs]  8 threads:      615800 ops,   59719 (avg:   68419) ops/sec, 2.25MB/sec (avg: 2.58MB/sec),  5.35 (avg:  4.67) msec latency[RUN #1 50%,  10 secs]  8 threads:      675068 ops,   59259 (avg:   67503) ops/sec, 2.23MB/sec (avg: 2.55MB/sec),  5.40 (avg:  4.73) msec latency[RUN #1 55%,  11 secs]  8 threads:      734353 ops,   59274 (avg:   66755) ops/sec, 2.23MB/sec (avg: 2.52MB/sec),  5.40 (avg:  4.79) msec latency[RUN #1 60%,  12 secs]  8 threads:      793970 ops,   59608 (avg:   66159) ops/sec, 2.25MB/sec (avg: 2.50MB/sec),  5.37 (avg:  4.83) msec latency[RUN #1 65%,  13 secs]  8 threads:      853226 ops,   59247 (avg:   65627) ops/sec, 2.23MB/sec (avg: 2.48MB/sec),  5.40 (avg:  4.87) msec latency[RUN #1 70%,  14 secs]  8 threads:      912263 ops,   59029 (avg:   65156) ops/sec, 2.23MB/sec (avg: 2.46MB/sec),  5.41 (avg:  4.91) msec latency[RUN #1 75%,  15 secs]  8 threads:      978735 ops,   66230 (avg:   65228) ops/sec, 2.50MB/sec (avg: 2.46MB/sec),  4.84 (avg:  4.90) msec latency[RUN #1 80%,  16 secs]  8 threads:     1043692 ops,   64942 (avg:   65210) ops/sec, 2.45MB/sec (avg: 2.46MB/sec),  4.91 (avg:  4.90) msec latency[RUN #1 85%,  17 secs]  8 threads:     1102734 ops,   59033 (avg:   64847) ops/sec, 2.23MB/sec (avg: 2.45MB/sec),  5.43 (avg:  4.93) msec latency[RUN #1 90%,  18 secs]  8 threads:     1161090 ops,   58348 (avg:   64486) ops/sec, 2.20MB/sec (avg: 2.43MB/sec),  5.47 (avg:  4.96) msec latency[RUN #1 95%,  19 secs]  8 threads:     1218614 ops,   57515 (avg:   64119) ops/sec, 2.17MB/sec (avg: 2.42MB/sec),  5.57 (avg:  4.99) msec latency[RUN #1 100%,  20 secs]  8 threads:     1276762 ops,   57515 (avg:   63829) ops/sec, 2.17MB/sec (avg: 2.41MB/sec),  5.57 (avg:  5.01) msec latency[RUN #1 100%,  20 secs]  0 threads:     1276834 ops,   57515 (avg:   63819) ops/sec, 2.17MB/sec (avg: 2.41MB/sec),  5.57 (avg:  5.01) msec latency

8         Threads
40        Connections per thread
20        Seconds
Type        Ops/sec     Hits/sec   Misses/sec      Latency       KB/sec
------------------------------------------------------------------------
Sets        5809.66          ---          ---      5.02600       430.63
Gets       58010.16      1747.55     56262.61      5.00900      2034.24
Totals     63819.82      1747.55     56262.61      5.01000      2464.87


Request Latency Distribution
Type     <= msec         Percent
------------------------------------------------------------------------
SET       1.000      7.42474
SET       2.000      8.97249
SET       3.000     73.46279
SET       4.000     74.91418
SET       5.000     82.98160
SET       6.000     85.48691
SET       7.000     86.41522
SET       8.000     94.18754
SET       9.000     94.58760
SET      10.000     95.57097
SET      11.000     98.15543
SET      12.000     98.17780
SET      13.000     98.45999
SET      14.000     98.50473
SET      15.000     98.50817
SET      16.000     98.50989
SET      17.000     98.51161
SET      19.000     98.52193
SET      20.000     98.57269
SET      21.000     98.59678
SET      22.000     98.59764
SET      23.000     98.59850
SET      24.000     98.59937
SET      26.000     98.60109
SET      27.000     98.62345
SET      28.000     98.71293
SET      29.000     99.11041
SET      30.000     99.70060
SET      31.000     99.93633
SET      32.000     99.96473
SET      33.000     99.97075
SET      34.000     99.97161
SET      36.000     99.97333
SET      38.000     99.97505
SET      41.000     99.97591
SET      42.000     99.97677
SET      45.000     99.97763
SET      47.000     99.98021
SET      48.000     99.98107
SET      50.000     99.98193
SET      52.000     99.98365
SET      53.000     99.98537
SET      54.000     99.98709
SET      55.000     99.98796
SET      63.000     99.98882
SET      67.000     99.98968
SET      68.000     99.99054
SET      73.000     99.99140
SET      77.000     99.99226
SET      79.000     99.99312
SET      83.000     99.99398
SET      88.000     99.99484
SET      89.000     99.99570
SET      92.000     99.99656
SET      94.000     99.99828
SET     100.000     99.99914
SET     110.000    100.00000
---
GET       0.290      0.00017
GET       0.340      0.00026
GET       0.350      0.00052
GET       0.360      0.00095
GET       0.370      0.00103
GET       0.380      0.00112
GET       0.390      0.00164
GET       0.400      0.00207
GET       0.410      0.00250
GET       0.420      0.00302
GET       0.430      0.00336
GET       0.440      0.00353
GET       0.450      0.00422
GET       0.460      0.00457
GET       0.470      0.00483
GET       0.480      0.00551
GET       0.490      0.00629
GET       0.500      0.00681
GET       0.510      0.00707
GET       0.520      0.00758
GET       0.530      0.00810
GET       0.540      0.00922
GET       0.550      0.01034
GET       0.560      0.01137
GET       0.570      0.01249
GET       0.580      0.01430
GET       0.590      0.01568
GET       0.600      0.01740
GET       0.610      0.01870
GET       0.620      0.02016
GET       0.630      0.02163
GET       0.640      0.02335
GET       0.650      0.02490
GET       0.660      0.02602
GET       0.670      0.02792
GET       0.680      0.02904
GET       0.690      0.03136
GET       0.700      0.03291
GET       0.710      0.03524
GET       0.720      0.03843
GET       0.730      0.04153
GET       0.740      0.04558
GET       0.750      0.04860
GET       0.760      0.05178
GET       0.770      0.05575
GET       0.780      0.05902
GET       0.790      0.06436
GET       0.800      0.06807
GET       0.810      0.07151
GET       0.820      0.07548
GET       0.830      0.07789
GET       0.840      0.07961
GET       0.850      0.08151
GET       0.860      0.08349
GET       0.870      0.08565
GET       0.880      0.08720
GET       0.890      0.08952
GET       0.900      0.09133
GET       0.910      0.09400
GET       0.920      0.09633
GET       0.930      0.09805
GET       0.940      0.10047
GET       0.950      0.10408
GET       0.960      0.10676
GET       0.970      0.10951
GET       0.980      0.11158
GET       0.990      0.11589
GET       1.000      0.13571
GET       1.100      0.19645
GET       1.200      0.26486
GET       1.300      0.30648
GET       1.400      0.34258
GET       1.500      0.38523
GET       1.600      0.43727
GET       1.700      0.51939
GET       1.800      0.64070
GET       1.900      0.76331
GET       2.000      0.89342
GET       2.100      1.04610
GET       2.200      1.20825
GET       2.300      1.38678
GET       2.400      1.54506
GET       2.500      1.69679
GET       2.600      1.87851
GET       2.700      2.08461
GET       2.800      2.35843
GET       2.900      2.57143
GET       3.000      2.84542
GET       3.100      3.42581
GET       3.200      7.00973
GET       3.300     36.54253
GET       3.400     62.38406
GET       3.500     69.52002
GET       3.600     71.49356
GET       3.700     71.96840
GET       3.800     72.14865
GET       3.900     72.25980
GET       4.000     72.35510
GET       4.100     72.43575
GET       4.200     72.51855
GET       4.300     72.60738
GET       4.400     72.69665
GET       4.500     72.78643
GET       4.600     72.90998
GET       4.700     73.18251
GET       4.800     73.44522
GET       4.900     73.63892
GET       5.000     73.76471
GET       5.100     73.89534
GET       5.200     74.23094
GET       5.300     75.32821
GET       5.400     77.52070
GET       5.500     79.78194
GET       5.600     81.14959
GET       5.700     81.74127
GET       5.800     81.92385
GET       5.900     81.98752
GET       6.000     82.02225
GET       6.100     82.05490
GET       6.200     82.08902
GET       6.300     82.12409
GET       6.400     82.16734
GET       6.500     82.30727
GET       6.600     82.88189
GET       6.700     83.74532
GET       6.800     84.28245
GET       6.900     84.54008
GET       7.000     84.65364
GET       7.100     84.71077
GET       7.200     84.76479
GET       7.300     84.83381
GET       7.400     84.93057
GET       7.500     85.04318
GET       7.600     85.14838
GET       7.700     85.23584
GET       7.800     85.31743
GET       7.900     85.42229
GET       8.000     85.67036
GET       8.100     86.18698
GET       8.200     87.17975
GET       8.300     88.60797
GET       8.400     90.17897
GET       8.500     91.51345
GET       8.600     92.43116
GET       8.700     92.90609
GET       8.800     93.16837
GET       8.900     93.29451
GET       9.000     93.36956
GET       9.100     93.42823
GET       9.200     93.46744
GET       9.300     93.49759
GET       9.400     93.53370
GET       9.500     93.56868
GET       9.600     93.60314
GET       9.700     93.63933
GET       9.800     93.67052
GET       9.900     93.70326
GET      10.000     93.86585
GET      11.000     96.87481
GET      12.000     97.31363
GET      13.000     97.36481
GET      14.000     97.61942
GET      15.000     97.62433
GET      16.000     97.62640
GET      17.000     97.62847
GET      18.000     97.62899
GET      19.000     97.62950
GET      20.000     97.68499
GET      21.000     97.75987
GET      22.000     97.76659
GET      23.000     97.76754
GET      24.000     97.76840
GET      25.000     97.76874
GET      26.000     97.76995
GET      27.000     97.77710
GET      28.000     97.83888
GET      29.000     98.15328
GET      30.000     99.12519
GET      31.000     99.79580
GET      32.000     99.95632
GET      33.000     99.97277
GET      34.000     99.97674
GET      35.000     99.97811
GET      36.000     99.97889
GET      38.000     99.97906
GET      39.000     99.98061
GET      40.000     99.98148
GET      41.000     99.98260
GET      42.000     99.98328
GET      43.000     99.98337
GET      44.000     99.98380
GET      45.000     99.98423
GET      46.000     99.98492
GET      47.000     99.98656
GET      48.000     99.98768
GET      49.000     99.98828
GET      50.000     99.98923
GET      51.000     99.98975
GET      52.000     99.99250
GET      53.000     99.99500
GET      54.000     99.99681
GET      55.000     99.99785
GET      56.000     99.99922
GET      57.000     99.99957
GET      58.000     99.99966
GET      61.000    100.00000
