[RUN #1] Preparing benchmark client...
[RUN #1] Launching threads now...
[RUN #1 5%,   1 secs]  8 threads:       64931 ops,   64911 (avg:   64911) ops/sec, 2.45MB/sec (avg: 2.45MB/sec),  4.61 (avg:  4.61) msec latency[RUN #1 10%,   2 secs]  8 threads:      134069 ops,   69126 (avg:   67018) ops/sec, 2.61MB/sec (avg: 2.53MB/sec),  4.91 (avg:  4.76) msec latency[RUN #1 15%,   3 secs]  8 threads:      201253 ops,   67171 (avg:   67069) ops/sec, 2.53MB/sec (avg: 2.53MB/sec),  4.76 (avg:  4.76) msec latency[RUN #1 20%,   4 secs]  8 threads:      268983 ops,   67717 (avg:   67231) ops/sec, 2.55MB/sec (avg: 2.54MB/sec),  4.72 (avg:  4.75) msec latency[RUN #1 25%,   5 secs]  8 threads:      337323 ops,   68329 (avg:   67451) ops/sec, 2.58MB/sec (avg: 2.55MB/sec),  4.68 (avg:  4.74) msec latency[RUN #1 30%,   6 secs]  8 threads:      406236 ops,   68903 (avg:   67693) ops/sec, 2.60MB/sec (avg: 2.55MB/sec),  4.65 (avg:  4.72) msec latency[RUN #1 35%,   7 secs]  8 threads:      475206 ops,   68960 (avg:   67874) ops/sec, 2.60MB/sec (avg: 2.56MB/sec),  4.64 (avg:  4.71) msec latency[RUN #1 40%,   8 secs]  8 threads:      536040 ops,   60824 (avg:   66992) ops/sec, 2.29MB/sec (avg: 2.53MB/sec),  5.24 (avg:  4.77) msec latency[RUN #1 45%,   9 secs]  8 threads:      596160 ops,   60111 (avg:   66228) ops/sec, 2.27MB/sec (avg: 2.50MB/sec),  5.32 (avg:  4.83) msec latency[RUN #1 50%,  10 secs]  8 threads:      654667 ops,   58498 (avg:   65455) ops/sec, 2.21MB/sec (avg: 2.47MB/sec),  5.47 (avg:  4.88) msec latency[RUN #1 55%,  11 secs]  8 threads:      713556 ops,   58880 (avg:   64857) ops/sec, 2.22MB/sec (avg: 2.45MB/sec),  5.43 (avg:  4.93) msec latency[RUN #1 60%,  12 secs]  8 threads:      773257 ops,   59692 (avg:   64427) ops/sec, 2.25MB/sec (avg: 2.43MB/sec),  5.36 (avg:  4.96) msec latency[RUN #1 65%,  13 secs]  8 threads:      833155 ops,   59889 (avg:   64078) ops/sec, 2.26MB/sec (avg: 2.42MB/sec),  5.34 (avg:  4.99) msec latency[RUN #1 70%,  14 secs]  8 threads:      893040 ops,   59876 (avg:   63778) ops/sec, 2.26MB/sec (avg: 2.41MB/sec),  5.35 (avg:  5.01) msec latency[RUN #1 75%,  15 secs]  8 threads:      960702 ops,   67652 (avg:   64036) ops/sec, 2.55MB/sec (avg: 2.42MB/sec),  4.74 (avg:  4.99) msec latency[RUN #1 80%,  16 secs]  8 threads:     1026041 ops,   65329 (avg:   64117) ops/sec, 2.46MB/sec (avg: 2.42MB/sec),  4.89 (avg:  4.99) msec latency[RUN #1 85%,  17 secs]  8 threads:     1085326 ops,   59276 (avg:   63832) ops/sec, 2.24MB/sec (avg: 2.41MB/sec),  5.39 (avg:  5.01) msec latency[RUN #1 90%,  18 secs]  8 threads:     1144412 ops,   59077 (avg:   63568) ops/sec, 2.23MB/sec (avg: 2.40MB/sec),  5.42 (avg:  5.03) msec latency[RUN #1 95%,  19 secs]  8 threads:     1203121 ops,   58700 (avg:   63312) ops/sec, 2.21MB/sec (avg: 2.39MB/sec),  5.44 (avg:  5.05) msec latency[RUN #1 100%,  20 secs]  8 threads:     1265431 ops,   58700 (avg:   63267) ops/sec, 2.21MB/sec (avg: 2.39MB/sec),  5.44 (avg:  5.05) msec latency[RUN #1 100%,  20 secs]  0 threads:     1265492 ops,   58700 (avg:   63266) ops/sec, 2.21MB/sec (avg: 2.39MB/sec),  5.44 (avg:  5.05) msec latency

8         Threads
40        Connections per thread
20        Seconds
Type        Ops/sec     Hits/sec   Misses/sec      Latency       KB/sec
------------------------------------------------------------------------
Sets        5758.67          ---          ---      5.72600       426.86
Gets       57505.72      1785.91     55719.81      4.98700      2016.56
Totals     63264.39      1785.91     55719.81      5.05400      2443.41


Request Latency Distribution
Type     <= msec         Percent
------------------------------------------------------------------------
SET       1.000      0.37416
SET       2.000      1.87600
SET       3.000     73.72821
SET       4.000     74.80901
SET       5.000     82.96583
SET       6.000     84.13605
SET       7.000     84.90433
SET       8.000     93.03511
SET       9.000     93.46482
SET      10.000     94.15150
SET      11.000     97.03365
SET      12.000     97.10657
SET      13.000     97.34704
SET      14.000     97.42951
SET      15.000     97.44253
SET      16.000     97.44861
SET      17.000     97.45295
SET      18.000     97.45555
SET      19.000     97.46944
SET      20.000     97.56841
SET      21.000     97.59706
SET      22.000     97.59792
SET      23.000     97.60053
SET      24.000     97.60313
SET      25.000     97.60487
SET      26.000     97.60574
SET      27.000     97.63091
SET      28.000     97.76721
SET      29.000     98.40093
SET      30.000     99.37062
SET      31.000     99.74564
SET      32.000     99.81336
SET      33.000     99.82290
SET      34.000     99.82464
SET      35.000     99.82551
SET      37.000     99.82638
SET      39.000     99.82811
SET      41.000     99.82898
SET      42.000     99.83072
SET      43.000     99.83159
SET      44.000     99.83332
SET      45.000     99.83419
SET      46.000     99.83766
SET      47.000     99.84027
SET      48.000     99.84200
SET      49.000     99.84461
SET      50.000     99.84721
SET      52.000     99.84982
SET      53.000     99.85068
SET      54.000     99.85416
SET      56.000     99.85589
SET      57.000     99.85763
SET      58.000     99.85850
SET      59.000     99.85937
SET      63.000     99.86023
SET      65.000     99.86110
SET      66.000     99.86197
SET      68.000     99.86284
SET      70.000     99.86371
SET      72.000     99.86457
SET      91.000     99.86544
SET     100.000     99.86631
SET     110.000     99.86718
SET     120.000     99.86805
SET     130.000     99.86891
SET     140.000     99.87065
SET     150.000     99.87326
SET     160.000     99.88020
SET     170.000     99.89149
SET     180.000     99.89496
SET     190.000     99.89669
SET     250.000     99.89843
SET     260.000     99.90190
SET     270.000     99.90798
SET     280.000     99.91319
SET     290.000     99.91406
SET     340.000     99.91492
SET     360.000     99.91927
SET     370.000     99.92708
SET     380.000     99.93489
SET     390.000     99.94097
SET     440.000     99.94184
SET     470.000     99.94270
SET     480.000     99.94618
SET     490.000     99.95052
SET     500.000     99.95399
SET     510.000     99.95659
SET     520.000     99.95920
SET     530.000     99.96093
SET     540.000     99.96267
SET     550.000     99.96528
SET     700.000     99.96701
SET     710.000     99.96875
SET     720.000     99.97048
SET     730.000     99.97222
SET     740.000     99.97396
SET     830.000     99.97482
SET     840.000     99.97569
SET     850.000     99.97656
SET     870.000     99.97743
SET     880.000     99.97917
SET     890.000     99.98003
SET     900.000     99.98090
SET     910.000     99.98177
SET     920.000     99.98264
SET    1200.000     99.98871
SET    1300.000     99.99132
SET    1600.000     99.99826
SET    1700.000    100.00000
---
GET       0.880      0.00009
GET       0.900      0.00017
GET       0.910      0.00035
GET       0.920      0.00078
GET       0.930      0.00122
GET       0.940      0.00130
GET       0.950      0.00139
GET       1.200      0.00191
GET       1.300      0.00391
GET       1.400      0.00887
GET       1.500      0.01913
GET       1.600      0.04851
GET       1.700      0.13953
GET       1.800      0.27645
GET       1.900      0.34956
GET       2.000      0.42728
GET       2.100      0.51378
GET       2.200      0.64653
GET       2.300      0.81926
GET       2.400      0.95401
GET       2.500      1.07242
GET       2.600      1.21594
GET       2.700      1.40007
GET       2.800      1.66504
GET       2.900      1.86386
GET       3.000      2.08189
GET       3.100      2.43119
GET       3.200      5.48170
GET       3.300     37.36434
GET       3.400     64.61949
GET       3.500     71.55716
GET       3.600     73.35356
GET       3.700     73.70538
GET       3.800     73.81014
GET       3.900     73.87455
GET       4.000     73.92524
GET       4.100     73.98418
GET       4.200     74.03521
GET       4.300     74.09163
GET       4.400     74.15552
GET       4.500     74.22003
GET       4.600     74.31879
GET       4.700     74.56863
GET       4.800     74.82987
GET       4.900     75.00817
GET       5.000     75.09667
GET       5.100     75.19864
GET       5.200     75.48657
GET       5.300     76.60384
GET       5.400     78.86612
GET       5.500     81.16187
GET       5.600     82.50100
GET       5.700     82.98835
GET       5.800     83.12858
GET       5.900     83.16370
GET       6.000     83.18065
GET       6.100     83.19630
GET       6.200     83.21264
GET       6.300     83.23446
GET       6.400     83.25732
GET       6.500     83.32252
GET       6.600     83.57924
GET       6.700     83.93680
GET       6.800     84.18247
GET       6.900     84.30618
GET       7.000     84.36660
GET       7.100     84.40285
GET       7.200     84.44197
GET       7.300     84.49561
GET       7.400     84.58202
GET       7.500     84.68304
GET       7.600     84.77354
GET       7.700     84.85473
GET       7.800     84.93802
GET       7.900     85.06711
GET       8.000     85.34608
GET       8.100     85.96540
GET       8.200     86.98713
GET       8.300     88.46736
GET       8.400     90.11519
GET       8.500     91.44319
GET       8.600     92.39216
GET       8.700     92.92063
GET       8.800     93.17422
GET       8.900     93.30914
GET       9.000     93.38138
GET       9.100     93.41711
GET       9.200     93.44727
GET       9.300     93.47414
GET       9.400     93.50343
GET       9.500     93.52751
GET       9.600     93.55264
GET       9.700     93.58185
GET       9.800     93.61193
GET       9.900     93.64974
GET      10.000     93.81031
GET      11.000     96.84082
GET      12.000     97.26437
GET      13.000     97.31826
GET      14.000     97.58133
GET      15.000     97.58489
GET      16.000     97.58872
GET      17.000     97.59437
GET      18.000     97.59628
GET      19.000     97.59871
GET      20.000     97.65235
GET      21.000     97.73250
GET      22.000     97.73937
GET      23.000     97.73998
GET      24.000     97.74268
GET      25.000     97.74381
GET      26.000     97.74581
GET      27.000     97.75624
GET      28.000     97.82465
GET      29.000     98.13423
GET      30.000     99.11432
GET      31.000     99.78527
GET      32.000     99.95758
GET      33.000     99.97270
GET      34.000     99.97383
GET      35.000     99.97453
GET      36.000     99.97505
GET      37.000     99.97566
GET      38.000     99.97670
GET      39.000     99.97931
GET      40.000     99.97983
GET      41.000     99.98027
GET      42.000     99.98174
GET      43.000     99.98261
GET      44.000     99.98313
GET      45.000     99.98426
GET      46.000     99.98548
GET      47.000     99.98748
GET      48.000     99.98852
GET      49.000     99.99009
GET      50.000     99.99165
GET      51.000     99.99278
GET      52.000     99.99348
GET      53.000     99.99400
GET      54.000     99.99478
GET      55.000     99.99617
GET      56.000     99.99948
GET      57.000     99.99983
GET      58.000    100.00000
