server = nsl200
port = 11123
unix socket = (null)
protocol = memcache_binary
out_file = (null)
client_stats = (null)
run_count = 1
debug = 0
requests = 0
clients = 4
threads = 1
test_time = 60
ratio = 1:10
pipeline = 1
data_size = 32
data_offset = 0
random_data = no
data_size_range = 0-0
data_size_list = 
data_size_pattern = R
expiry_range = 0-0
data_import = (null)
data_verify = no
verify_only = no
generate_keys = no
key_prefix = memtier-
key_minimum = 0
key_maximum = 10000000
key_pattern = R:R
key_stddev = 0.000000
key_median = 0.000000
reconnect_interval = 0
multi_key_get = 0
authenticate = 
select-db = 0
no-expiry = no
1         Threads
4         Connections per thread
60        Seconds
Type        Ops/sec     Hits/sec   Misses/sec      Latency       KB/sec
------------------------------------------------------------------------
Sets        3777.78          ---          ---      0.09500       291.03
Gets       37777.27       118.97     37658.30      0.09300      1434.70
Totals     41555.05       118.97     37658.30      0.09300      1725.73


Request Latency Distribution
Type     <= msec         Percent
------------------------------------------------------------------------
SET       1.000       100.00
---
GET       0.050         0.00
GET       0.051         0.00
GET       0.052         0.01
GET       0.053         0.03
GET       0.054         0.05
GET       0.055         0.08
GET       0.056         0.11
GET       0.057         0.15
GET       0.058         0.20
GET       0.059         0.28
GET       0.060         0.40
GET       0.061         0.54
GET       0.062         0.76
GET       0.063         1.00
GET       0.064         1.26
GET       0.065         1.55
GET       0.066         1.90
GET       0.067         2.39
GET       0.068         3.00
GET       0.069         3.70
GET       0.070         4.49
GET       0.071         5.30
GET       0.072         6.14
GET       0.073         7.16
GET       0.074         8.36
GET       0.075         9.56
GET       0.076        10.72
GET       0.077        12.10
GET       0.078        13.75
GET       0.079        15.54
GET       0.080        17.69
GET       0.081        20.05
GET       0.082        22.07
GET       0.083        23.66
GET       0.084        25.09
GET       0.085        26.58
GET       0.086        28.37
GET       0.087        30.47
GET       0.088        32.79
GET       0.089        35.53
GET       0.090        38.29
GET       0.091        40.88
GET       0.092        43.72
GET       0.093        47.23
GET       0.094        52.31
GET       0.095        59.02
GET       0.096        65.82
GET       0.097        70.74
GET       0.098        74.06
GET       0.099        76.70
GET       0.100        86.85
GET       0.110        95.76
GET       0.120        97.46
GET       0.130        98.28
GET       0.140        98.83
GET       0.150        99.32
GET       0.160        99.60
GET       0.170        99.66
GET       0.180        99.68
GET       0.190        99.70
GET       0.200        99.72
GET       0.210        99.73
GET       0.220        99.74
GET       0.230        99.76
GET       0.240        99.78
GET       0.250        99.82
GET       0.260        99.87
GET       0.270        99.91
GET       0.280        99.96
GET       0.290        99.98
GET       0.300        99.99
GET       0.310        99.99
GET       0.320       100.00
GET       0.330       100.00
GET       0.340       100.00
GET       0.350       100.00
GET       0.360       100.00
GET       0.370       100.00
GET       0.380       100.00
GET       0.390       100.00
GET       0.400       100.00
GET       0.410       100.00
GET       0.440       100.00
GET       0.510       100.00
GET       0.960       100.00
GET       1.100       100.00
GET       1.200       100.00
