[RUN #1] Preparing benchmark client...
[RUN #1] Launching threads now...
[RUN #1 5%,   1 secs]  8 threads:       85616 ops,   85593 (avg:   85593) ops/sec, 3.23MB/sec (avg: 3.23MB/sec),  3.71 (avg:  3.71) msec latency[RUN #1 10%,   2 secs]  8 threads:      163278 ops,   77649 (avg:   81621) ops/sec, 2.93MB/sec (avg: 3.08MB/sec),  4.13 (avg:  3.91) msec latency[RUN #1 15%,   3 secs]  8 threads:      235938 ops,   72647 (avg:   78630) ops/sec, 2.74MB/sec (avg: 2.97MB/sec),  4.38 (avg:  4.05) msec latency[RUN #1 20%,   4 secs]  8 threads:      306389 ops,   70441 (avg:   76583) ops/sec, 2.66MB/sec (avg: 2.89MB/sec),  4.52 (avg:  4.16) msec latency[RUN #1 25%,   5 secs]  8 threads:      377586 ops,   71186 (avg:   75503) ops/sec, 2.68MB/sec (avg: 2.85MB/sec),  4.50 (avg:  4.23) msec latency[RUN #1 30%,   6 secs]  8 threads:      449004 ops,   71403 (avg:   74820) ops/sec, 2.69MB/sec (avg: 2.82MB/sec),  4.45 (avg:  4.26) msec latency[RUN #1 35%,   7 secs]  8 threads:      519886 ops,   70869 (avg:   74255) ops/sec, 2.67MB/sec (avg: 2.80MB/sec),  4.52 (avg:  4.30) msec latency[RUN #1 40%,   8 secs]  8 threads:      593774 ops,   73874 (avg:   74208) ops/sec, 2.79MB/sec (avg: 2.80MB/sec),  4.38 (avg:  4.31) msec latency[RUN #1 45%,   9 secs]  8 threads:      667079 ops,   73292 (avg:   74106) ops/sec, 2.76MB/sec (avg: 2.80MB/sec),  4.31 (avg:  4.31) msec latency[RUN #1 50%,  10 secs]  8 threads:      740675 ops,   73580 (avg:   74053) ops/sec, 2.78MB/sec (avg: 2.79MB/sec),  4.37 (avg:  4.31) msec latency[RUN #1 55%,  11 secs]  8 threads:      816661 ops,   75970 (avg:   74228) ops/sec, 2.87MB/sec (avg: 2.80MB/sec),  4.21 (avg:  4.30) msec latency[RUN #1 60%,  12 secs]  8 threads:      894135 ops,   77463 (avg:   74497) ops/sec, 2.92MB/sec (avg: 2.81MB/sec),  4.12 (avg:  4.29) msec latency[RUN #1 65%,  13 secs]  8 threads:      970731 ops,   76584 (avg:   74658) ops/sec, 2.89MB/sec (avg: 2.82MB/sec),  4.21 (avg:  4.28) msec latency[RUN #1 70%,  14 secs]  8 threads:     1051598 ops,   80854 (avg:   75100) ops/sec, 3.05MB/sec (avg: 2.83MB/sec),  3.92 (avg:  4.25) msec latency[RUN #1 75%,  15 secs]  8 threads:     1128536 ops,   76925 (avg:   75222) ops/sec, 2.90MB/sec (avg: 2.84MB/sec),  4.16 (avg:  4.25) msec latency[RUN #1 80%,  16 secs]  8 threads:     1205147 ops,   76597 (avg:   75308) ops/sec, 2.89MB/sec (avg: 2.84MB/sec),  4.20 (avg:  4.24) msec latency[RUN #1 85%,  17 secs]  8 threads:     1283421 ops,   78261 (avg:   75482) ops/sec, 2.95MB/sec (avg: 2.85MB/sec),  4.09 (avg:  4.24) msec latency[RUN #1 90%,  18 secs]  8 threads:     1355067 ops,   71635 (avg:   75268) ops/sec, 2.70MB/sec (avg: 2.84MB/sec),  4.46 (avg:  4.25) msec latency[RUN #1 95%,  19 secs]  8 threads:     1426595 ops,   71515 (avg:   75070) ops/sec, 2.70MB/sec (avg: 2.83MB/sec),  4.47 (avg:  4.26) msec latency[RUN #1 100%,  20 secs]  8 threads:     1497677 ops,   71515 (avg:   74876) ops/sec, 2.70MB/sec (avg: 2.82MB/sec),  4.47 (avg:  4.27) msec latency[RUN #1 100%,  20 secs]  0 threads:     1497757 ops,   71515 (avg:   74867) ops/sec, 2.70MB/sec (avg: 2.82MB/sec),  4.47 (avg:  4.27) msec latency

8         Threads
40        Connections per thread
20        Seconds
Type        Ops/sec     Hits/sec   Misses/sec      Latency       KB/sec
------------------------------------------------------------------------
Sets        6814.12          ---          ---      4.31500       505.10
Gets       68058.02      2642.55     65415.47      4.26600      2386.54
Totals     74872.14      2642.55     65415.47      4.27000      2891.64


Request Latency Distribution
Type     <= msec         Percent
------------------------------------------------------------------------
SET       1.000      0.60377
SET       2.000     74.38358
SET       3.000     75.51041
SET       4.000     83.49216
SET       5.000     90.19595
SET       6.000     90.34047
SET       7.000     90.57890
SET       8.000     91.72774
SET       9.000     92.88392
SET      10.000     95.78024
SET      11.000     97.66710
SET      12.000     97.98109
SET      13.000     98.03831
SET      14.000     98.12268
SET      15.000     98.34569
SET      16.000     98.52763
SET      17.000     98.58265
SET      18.000     98.60760
SET      19.000     98.71984
SET      20.000     98.81007
SET      21.000     98.89297
SET      22.000     98.95019
SET      23.000     98.97147
SET      24.000     98.99935
SET      25.000     99.01035
SET      26.000     99.01475
SET      27.000     99.03383
SET      28.000     99.05363
SET      29.000     99.06757
SET      30.000     99.08665
SET      31.000     99.09472
SET      32.000     99.11306
SET      33.000     99.12920
SET      34.000     99.14974
SET      35.000     99.15487
SET      36.000     99.16148
SET      37.000     99.17762
SET      38.000     99.18495
SET      39.000     99.20329
SET      40.000     99.21503
SET      41.000     99.23264
SET      42.000     99.28106
SET      43.000     99.31260
SET      44.000     99.34121
SET      45.000     99.35809
SET      46.000     99.38083
SET      47.000     99.39036
SET      48.000     99.39330
SET      49.000     99.40137
SET      50.000     99.41457
SET      51.000     99.41604
SET      52.000     99.42411
SET      53.000     99.43145
SET      54.000     99.43585
SET      55.000     99.44172
SET      56.000     99.44685
SET      57.000     99.45052
SET      60.000     99.45125
SET      61.000     99.45346
SET      62.000     99.45492
SET      64.000     99.45639
SET      65.000     99.45712
SET      66.000     99.45786
SET      68.000     99.45932
SET      69.000     99.46006
SET      70.000     99.46079
SET      71.000     99.46299
SET      72.000     99.46373
SET      73.000     99.46446
SET      74.000     99.46739
SET      75.000     99.46813
SET      76.000     99.46960
SET      77.000     99.47033
SET      78.000     99.47620
SET      79.000     99.47767
SET      80.000     99.49894
SET      81.000     99.51288
SET      82.000     99.53269
SET      83.000     99.54809
SET      84.000     99.55176
SET      85.000     99.56790
SET      86.000     99.57597
SET      87.000     99.58771
SET      88.000     99.61265
SET      89.000     99.62365
SET      90.000     99.66327
SET      91.000     99.67281
SET      92.000     99.70068
SET      93.000     99.72783
SET      94.000     99.76011
SET      95.000     99.78652
SET      96.000     99.80486
SET      97.000     99.83420
SET      98.000     99.85694
SET      99.000     99.88702
SET     100.000     99.92737
SET     110.000     99.99046
SET     120.000     99.99266
SET     130.000     99.99340
SET     210.000     99.99413
SET     380.000     99.99486
SET     390.000     99.99633
SET     400.000     99.99707
SET     410.000     99.99780
SET     420.000     99.99927
SET     430.000    100.00000
---
GET       0.270      0.00007
GET       0.290      0.00015
GET       0.300      0.00022
GET       0.310      0.00037
GET       0.330      0.00044
GET       0.370      0.00051
GET       0.380      0.00073
GET       0.390      0.00110
GET       0.400      0.00140
GET       0.410      0.00154
GET       0.420      0.00162
GET       0.430      0.00198
GET       0.440      0.00228
GET       0.450      0.00286
GET       0.470      0.00331
GET       0.480      0.00367
GET       0.490      0.00441
GET       0.500      0.00522
GET       0.510      0.00551
GET       0.520      0.00595
GET       0.530      0.00690
GET       0.540      0.00823
GET       0.550      0.00933
GET       0.560      0.01028
GET       0.570      0.01116
GET       0.580      0.01227
GET       0.590      0.01359
GET       0.600      0.01432
GET       0.610      0.01557
GET       0.620      0.01675
GET       0.630      0.01858
GET       0.640      0.01998
GET       0.650      0.02189
GET       0.660      0.02439
GET       0.670      0.02563
GET       0.680      0.02776
GET       0.690      0.03107
GET       0.700      0.03261
GET       0.710      0.03496
GET       0.720      0.03731
GET       0.730      0.03981
GET       0.740      0.04135
GET       0.750      0.04348
GET       0.760      0.04539
GET       0.770      0.04840
GET       0.780      0.05098
GET       0.790      0.05377
GET       0.800      0.05575
GET       0.810      0.05810
GET       0.820      0.06074
GET       0.830      0.06346
GET       0.840      0.06713
GET       0.850      0.06978
GET       0.860      0.07301
GET       0.870      0.07639
GET       0.880      0.07999
GET       0.890      0.08351
GET       0.900      0.08755
GET       0.910      0.09130
GET       0.920      0.09512
GET       0.930      0.09909
GET       0.940      0.10430
GET       0.950      0.10775
GET       0.960      0.11135
GET       0.970      0.11458
GET       0.980      0.11818
GET       0.990      0.12134
GET       1.000      0.13934
GET       1.100      0.16886
GET       1.200      0.19979
GET       1.300      0.23475
GET       1.400      0.28132
GET       1.500      0.34441
GET       1.600      0.38790
GET       1.700      0.43160
GET       1.800      0.52745
GET       1.900      0.68787
GET       2.000      0.84028
GET       2.100      1.14231
GET       2.200      2.30600
GET       2.300      5.35152
GET       2.400     15.41941
GET       2.500     46.20903
GET       2.600     66.73970
GET       2.700     72.64041
GET       2.800     74.25216
GET       2.900     74.63645
GET       3.000     74.75860
GET       3.100     74.82647
GET       3.200     74.87715
GET       3.300     74.91292
GET       3.400     74.96441
GET       3.500     75.03074
GET       3.600     75.13240
GET       3.700     75.27012
GET       3.800     75.42848
GET       3.900     75.65522
GET       4.000     76.02652
GET       4.100     76.59195
GET       4.200     77.30222
GET       4.300     77.96483
GET       4.400     78.46187
GET       4.500     78.82876
GET       4.600     79.27079
GET       4.700     79.86883
GET       4.800     80.71242
GET       4.900     82.44616
GET       5.000     85.49425
GET       5.100     87.97624
GET       5.200     89.29844
GET       5.300     89.84631
GET       5.400     90.06872
GET       5.500     90.16193
GET       5.600     90.20490
GET       5.700     90.23061
GET       5.800     90.25514
GET       5.900     90.27416
GET       6.000     90.28937
GET       6.100     90.30186
GET       6.200     90.31140
GET       6.300     90.32308
GET       6.400     90.33329
GET       6.500     90.35188
GET       6.600     90.36576
GET       6.700     90.38464
GET       6.800     90.41159
GET       6.900     90.44097
GET       7.000     90.46455
GET       7.100     90.48776
GET       7.200     90.51193
GET       7.300     90.52941
GET       7.400     90.54682
GET       7.500     90.56430
GET       7.600     90.58119
GET       7.700     90.60594
GET       7.800     90.64245
GET       7.900     90.69401
GET       8.000     90.75916
GET       8.100     90.83460
GET       8.200     90.93163
GET       8.300     91.03475
GET       8.400     91.15286
GET       8.500     91.27288
GET       8.600     91.39114
GET       8.700     91.51358
GET       8.800     91.63749
GET       8.900     91.76611
GET       9.000     91.90662
GET       9.100     92.05051
GET       9.200     92.19807
GET       9.300     92.35093
GET       9.400     92.48600
GET       9.500     92.59721
GET       9.600     92.71143
GET       9.700     92.80434
GET       9.800     92.87287
GET       9.900     92.94882
GET      10.000     94.42056
GET      11.000     97.24616
GET      12.000     98.02107
GET      13.000     98.07609
GET      14.000     98.16386
GET      15.000     98.35491
GET      16.000     98.54052
GET      17.000     98.61463
GET      18.000     98.65224
GET      19.000     98.69793
GET      20.000     98.82103
GET      21.000     98.89228
GET      22.000     98.95552
GET      23.000     98.98931
GET      24.000     99.01076
GET      25.000     99.04719
GET      26.000     99.05116
GET      27.000     99.05630
GET      28.000     99.06614
GET      29.000     99.07371
GET      30.000     99.08737
GET      31.000     99.10081
GET      32.000     99.10911
GET      33.000     99.12512
GET      34.000     99.13467
GET      35.000     99.14899
GET      36.000     99.15443
GET      37.000     99.16985
GET      38.000     99.18190
GET      39.000     99.19461
GET      40.000     99.21253
GET      41.000     99.22347
GET      42.000     99.26828
GET      43.000     99.29171
GET      44.000     99.30750
GET      45.000     99.32498
GET      46.000     99.34871
GET      47.000     99.36208
GET      48.000     99.36788
GET      49.000     99.37405
GET      50.000     99.38639
GET      51.000     99.39212
GET      52.000     99.39733
GET      53.000     99.40482
GET      54.000     99.40945
GET      55.000     99.41929
GET      56.000     99.42627
GET      57.000     99.43413
GET      58.000     99.43751
GET      59.000     99.44008
GET      60.000     99.44419
GET      61.000     99.44603
GET      62.000     99.44941
GET      63.000     99.45132
GET      64.000     99.45198
GET      65.000     99.45529
GET      66.000     99.45580
GET      67.000     99.45800
GET      68.000     99.46043
GET      69.000     99.46263
GET      70.000     99.46542
GET      71.000     99.46645
GET      72.000     99.46770
GET      73.000     99.46946
GET      74.000     99.47049
GET      75.000     99.47247
GET      76.000     99.47446
GET      77.000     99.47585
GET      78.000     99.48129
GET      79.000     99.48459
GET      80.000     99.49039
GET      81.000     99.50156
GET      82.000     99.50949
GET      83.000     99.52697
GET      84.000     99.53946
GET      85.000     99.55342
GET      86.000     99.57273
GET      87.000     99.58816
GET      88.000     99.61732
GET      89.000     99.63010
GET      90.000     99.66183
GET      91.000     99.68387
GET      92.000     99.70531
GET      93.000     99.72302
GET      94.000     99.74586
GET      95.000     99.77384
GET      96.000     99.80139
GET      97.000     99.82996
GET      98.000     99.85420
GET      99.000     99.87535
GET     100.000     99.95674
GET     110.000     99.99875
GET     120.000     99.99927
GET     130.000     99.99963
GET     140.000     99.99985
GET     200.000    100.00000
