[RUN #1] Preparing benchmark client...
[RUN #1] Launching threads now...
[RUN #1 5%,   1 secs]  8 threads:       79224 ops,   79178 (avg:   79178) ops/sec, 2.99MB/sec (avg: 2.99MB/sec),  3.70 (avg:  3.70) msec latency[RUN #1 10%,   2 secs]  8 threads:      158796 ops,   79559 (avg:   79369) ops/sec, 3.00MB/sec (avg: 3.00MB/sec),  4.33 (avg:  4.02) msec latency[RUN #1 15%,   3 secs]  8 threads:      238094 ops,   79286 (avg:   79341) ops/sec, 2.99MB/sec (avg: 2.99MB/sec),  4.02 (avg:  4.02) msec latency[RUN #1 20%,   4 secs]  8 threads:      315543 ops,   77438 (avg:   78865) ops/sec, 2.92MB/sec (avg: 2.98MB/sec),  4.10 (avg:  4.04) msec latency[RUN #1 25%,   5 secs]  8 threads:      392106 ops,   76551 (avg:   78403) ops/sec, 2.89MB/sec (avg: 2.96MB/sec),  4.21 (avg:  4.07) msec latency[RUN #1 30%,   6 secs]  8 threads:      466135 ops,   74015 (avg:   77671) ops/sec, 2.79MB/sec (avg: 2.93MB/sec),  4.28 (avg:  4.10) msec latency[RUN #1 35%,   7 secs]  8 threads:      540986 ops,   74839 (avg:   77267) ops/sec, 2.82MB/sec (avg: 2.91MB/sec),  4.28 (avg:  4.13) msec latency[RUN #1 40%,   8 secs]  8 threads:      620640 ops,   79642 (avg:   77564) ops/sec, 3.00MB/sec (avg: 2.93MB/sec),  4.07 (avg:  4.12) msec latency[RUN #1 45%,   9 secs]  8 threads:      698852 ops,   78200 (avg:   77634) ops/sec, 2.95MB/sec (avg: 2.93MB/sec),  4.06 (avg:  4.11) msec latency[RUN #1 50%,  10 secs]  8 threads:      777597 ops,   78734 (avg:   77744) ops/sec, 2.97MB/sec (avg: 2.93MB/sec),  4.07 (avg:  4.11) msec latency[RUN #1 55%,  11 secs]  8 threads:      857805 ops,   80193 (avg:   77967) ops/sec, 3.02MB/sec (avg: 2.94MB/sec),  3.97 (avg:  4.10) msec latency[RUN #1 60%,  12 secs]  8 threads:      938652 ops,   80832 (avg:   78206) ops/sec, 3.05MB/sec (avg: 2.95MB/sec),  3.96 (avg:  4.08) msec latency[RUN #1 65%,  13 secs]  8 threads:     1016733 ops,   78070 (avg:   78195) ops/sec, 2.94MB/sec (avg: 2.95MB/sec),  4.13 (avg:  4.09) msec latency[RUN #1 70%,  14 secs]  8 threads:     1097357 ops,   80612 (avg:   78368) ops/sec, 3.04MB/sec (avg: 2.96MB/sec),  3.94 (avg:  4.08) msec latency[RUN #1 75%,  15 secs]  8 threads:     1176683 ops,   79314 (avg:   78431) ops/sec, 2.99MB/sec (avg: 2.96MB/sec),  4.02 (avg:  4.07) msec latency[RUN #1 80%,  16 secs]  8 threads:     1255174 ops,   78479 (avg:   78434) ops/sec, 2.96MB/sec (avg: 2.96MB/sec),  4.09 (avg:  4.07) msec latency[RUN #1 85%,  17 secs]  8 threads:     1332543 ops,   77358 (avg:   78371) ops/sec, 2.92MB/sec (avg: 2.96MB/sec),  4.14 (avg:  4.08) msec latency[RUN #1 90%,  18 secs]  8 threads:     1404492 ops,   71939 (avg:   78013) ops/sec, 2.71MB/sec (avg: 2.94MB/sec),  4.44 (avg:  4.10) msec latency[RUN #1 95%,  19 secs]  8 threads:     1476220 ops,   71717 (avg:   77682) ops/sec, 2.70MB/sec (avg: 2.93MB/sec),  4.46 (avg:  4.12) msec latency[RUN #1 100%,  20 secs]  8 threads:     1550085 ops,   71717 (avg:   77498) ops/sec, 2.70MB/sec (avg: 2.92MB/sec),  4.46 (avg:  4.13) msec latency[RUN #1 100%,  20 secs]  0 threads:     1550141 ops,   71717 (avg:   77499) ops/sec, 2.70MB/sec (avg: 2.92MB/sec),  4.46 (avg:  4.13) msec latency

8         Threads
40        Connections per thread
20        Seconds
Type        Ops/sec     Hits/sec   Misses/sec      Latency       KB/sec
------------------------------------------------------------------------
Sets        7052.71          ---          ---      4.45900       522.79
Gets       70445.67      2731.04     67714.63      4.09200      2470.28
Totals     77498.38      2731.04     67714.63      4.12500      2993.07


Request Latency Distribution
Type     <= msec         Percent
------------------------------------------------------------------------
SET       1.000      0.60112
SET       2.000     79.86461
SET       3.000     80.93783
SET       4.000     87.43177
SET       5.000     90.93925
SET       6.000     91.05338
SET       7.000     91.24406
SET       8.000     92.14362
SET       9.000     93.14808
SET      10.000     96.06507
SET      11.000     97.58701
SET      12.000     97.85213
SET      13.000     97.90317
SET      14.000     98.01163
SET      15.000     98.18884
SET      16.000     98.37315
SET      17.000     98.43340
SET      18.000     98.47452
SET      19.000     98.59006
SET      20.000     98.71837
SET      21.000     98.83604
SET      22.000     98.91614
SET      23.000     98.93670
SET      24.000     98.97143
SET      25.000     99.00333
SET      26.000     99.01467
SET      27.000     99.02743
SET      28.000     99.03665
SET      29.000     99.04445
SET      30.000     99.06359
SET      31.000     99.06997
SET      32.000     99.08485
SET      33.000     99.09832
SET      34.000     99.10895
SET      35.000     99.11462
SET      36.000     99.12597
SET      37.000     99.14298
SET      38.000     99.15361
SET      39.000     99.17913
SET      40.000     99.19614
SET      41.000     99.21316
SET      42.000     99.25214
SET      43.000     99.26632
SET      44.000     99.28688
SET      45.000     99.30531
SET      46.000     99.31807
SET      47.000     99.32161
SET      48.000     99.32587
SET      49.000     99.33296
SET      50.000     99.34146
SET      51.000     99.35351
SET      52.000     99.35706
SET      53.000     99.37407
SET      54.000     99.37691
SET      55.000     99.37974
SET      56.000     99.38825
SET      57.000     99.39179
SET      59.000     99.39534
SET      60.000     99.39675
SET      62.000     99.39746
SET      63.000     99.40101
SET      64.000     99.40313
SET      65.000     99.40668
SET      66.000     99.41022
SET      67.000     99.41448
SET      68.000     99.41944
SET      70.000     99.42298
SET      71.000     99.42582
SET      72.000     99.43007
SET      73.000     99.43291
SET      74.000     99.43645
SET      75.000     99.43787
SET      76.000     99.44212
SET      77.000     99.44283
SET      78.000     99.44496
SET      79.000     99.45205
SET      80.000     99.45913
SET      81.000     99.47544
SET      82.000     99.48962
SET      83.000     99.50450
SET      84.000     99.52081
SET      85.000     99.54207
SET      86.000     99.54632
SET      87.000     99.56901
SET      88.000     99.59027
SET      89.000     99.60516
SET      90.000     99.62217
SET      91.000     99.63990
SET      92.000     99.65620
SET      93.000     99.68101
SET      94.000     99.70298
SET      95.000     99.72921
SET      96.000     99.75615
SET      97.000     99.77812
SET      98.000     99.80577
SET      99.000     99.82775
SET     100.000     99.89225
SET     110.000     99.94187
SET     120.000     99.95038
SET     130.000     99.95889
SET     210.000     99.95959
SET     240.000     99.96101
SET     250.000     99.96172
SET     260.000     99.96314
SET     270.000     99.96385
SET     280.000     99.96456
SET     290.000     99.96527
SET     320.000     99.96597
SET     360.000     99.96668
SET     390.000     99.96739
SET     420.000     99.96810
SET     450.000     99.96881
SET     480.000     99.96952
SET     520.000     99.97094
SET     530.000     99.97165
SET     540.000     99.97235
SET     550.000     99.97448
SET     560.000     99.97519
SET     570.000     99.97590
SET     580.000     99.97661
SET     610.000     99.97732
SET     790.000     99.97803
SET     800.000     99.97944
SET     810.000     99.98015
SET     820.000     99.98086
SET     830.000     99.98157
SET     840.000     99.98228
SET     850.000     99.98299
SET    1000.000     99.98440
SET    1100.000     99.98866
SET    1200.000     99.99433
SET    1300.000     99.99787
SET    1400.000    100.00000
---
GET       0.510      0.00007
GET       0.520      0.00014
GET       0.540      0.00021
GET       0.550      0.00064
GET       0.560      0.00078
GET       0.570      0.00099
GET       0.580      0.00106
GET       0.590      0.00114
GET       0.600      0.00135
GET       0.610      0.00170
GET       0.620      0.00177
GET       0.630      0.00185
GET       0.640      0.00206
GET       0.650      0.00227
GET       0.660      0.00234
GET       0.670      0.00277
GET       0.680      0.00305
GET       0.690      0.00326
GET       0.700      0.00334
GET       0.710      0.00362
GET       0.720      0.00383
GET       0.730      0.00433
GET       0.740      0.00511
GET       0.750      0.00561
GET       0.760      0.00610
GET       0.770      0.00653
GET       0.780      0.00667
GET       0.790      0.00717
GET       0.800      0.00774
GET       0.810      0.00816
GET       0.820      0.00845
GET       0.830      0.00873
GET       0.840      0.00930
GET       0.850      0.00979
GET       0.860      0.01050
GET       0.870      0.01135
GET       0.880      0.01228
GET       0.890      0.01270
GET       0.900      0.01356
GET       0.910      0.01455
GET       0.920      0.01561
GET       0.930      0.01646
GET       0.940      0.01703
GET       0.950      0.01760
GET       0.960      0.01796
GET       0.970      0.01859
GET       0.980      0.01888
GET       0.990      0.01895
GET       1.000      0.02165
GET       1.100      0.03350
GET       1.200      0.06174
GET       1.300      0.12143
GET       1.400      0.22220
GET       1.500      0.28089
GET       1.600      0.30722
GET       1.700      0.33668
GET       1.800      0.41694
GET       1.900      0.54916
GET       2.000      0.69329
GET       2.100      1.00385
GET       2.200      2.17100
GET       2.300      5.30300
GET       2.400     16.58149
GET       2.500     49.12506
GET       2.600     71.29364
GET       2.700     77.76691
GET       2.800     79.50508
GET       2.900     79.90421
GET       3.000     80.02450
GET       3.100     80.08816
GET       3.200     80.14032
GET       3.300     80.17254
GET       3.400     80.21391
GET       3.500     80.28211
GET       3.600     80.38474
GET       3.700     80.51844
GET       3.800     80.67322
GET       3.900     80.87690
GET       4.000     81.23083
GET       4.100     81.76728
GET       4.200     82.45951
GET       4.300     83.12995
GET       4.400     83.63823
GET       4.500     84.01223
GET       4.600     84.43350
GET       4.700     84.98131
GET       4.800     85.66013
GET       4.900     86.78597
GET       5.000     88.45644
GET       5.100     89.76446
GET       5.200     90.45556
GET       5.300     90.76512
GET       5.400     90.89428
GET       5.500     90.95411
GET       5.600     90.99030
GET       5.700     91.01280
GET       5.800     91.02856
GET       5.900     91.04445
GET       6.000     91.06000
GET       6.100     91.06830
GET       6.200     91.07689
GET       6.300     91.08739
GET       6.400     91.09626
GET       6.500     91.10755
GET       6.600     91.11798
GET       6.700     91.12940
GET       6.800     91.14417
GET       6.900     91.16354
GET       7.000     91.18767
GET       7.100     91.21024
GET       7.200     91.22457
GET       7.300     91.23501
GET       7.400     91.24750
GET       7.500     91.26609
GET       7.600     91.28177
GET       7.700     91.30306
GET       7.800     91.32734
GET       7.900     91.36594
GET       8.000     91.41640
GET       8.100     91.48162
GET       8.200     91.55557
GET       8.300     91.62945
GET       8.400     91.71262
GET       8.500     91.80843
GET       8.600     91.90147
GET       8.700     92.00431
GET       8.800     92.11197
GET       8.900     92.21565
GET       9.000     92.34446
GET       9.100     92.47611
GET       9.200     92.59562
GET       9.300     92.71243
GET       9.400     92.82747
GET       9.500     92.93258
GET       9.600     93.03144
GET       9.700     93.11149
GET       9.800     93.18750
GET       9.900     93.25733
GET      10.000     94.80864
GET      11.000     97.09908
GET      12.000     97.96149
GET      13.000     98.01131
GET      14.000     98.08150
GET      15.000     98.26545
GET      16.000     98.43393
GET      17.000     98.52591
GET      18.000     98.58375
GET      19.000     98.63683
GET      20.000     98.78189
GET      21.000     98.89338
GET      22.000     99.00005
GET      23.000     99.04646
GET      24.000     99.06392
GET      25.000     99.09699
GET      26.000     99.10139
GET      27.000     99.10558
GET      28.000     99.11630
GET      29.000     99.12488
GET      30.000     99.13737
GET      31.000     99.15086
GET      32.000     99.15611
GET      33.000     99.17009
GET      34.000     99.18010
GET      35.000     99.19273
GET      36.000     99.19834
GET      37.000     99.21161
GET      38.000     99.22275
GET      39.000     99.23460
GET      40.000     99.25454
GET      41.000     99.26136
GET      42.000     99.30536
GET      43.000     99.32807
GET      44.000     99.34155
GET      45.000     99.36015
GET      46.000     99.37995
GET      47.000     99.39222
GET      48.000     99.39662
GET      49.000     99.40443
GET      50.000     99.41422
GET      51.000     99.41976
GET      52.000     99.42373
GET      53.000     99.43069
GET      54.000     99.43339
GET      55.000     99.44389
GET      56.000     99.45191
GET      57.000     99.45574
GET      58.000     99.45986
GET      59.000     99.46220
GET      60.000     99.46440
GET      61.000     99.46525
GET      62.000     99.46568
GET      63.000     99.46745
GET      64.000     99.46852
GET      65.000     99.47093
GET      66.000     99.47249
GET      67.000     99.47355
GET      68.000     99.47433
GET      69.000     99.47661
GET      70.000     99.47817
GET      71.000     99.48065
GET      72.000     99.48257
GET      73.000     99.48640
GET      74.000     99.48846
GET      75.000     99.49030
GET      76.000     99.49335
GET      77.000     99.49449
GET      78.000     99.49690
GET      79.000     99.50024
GET      80.000     99.50563
GET      81.000     99.51770
GET      82.000     99.52472
GET      83.000     99.54190
GET      84.000     99.55403
GET      85.000     99.56901
GET      86.000     99.58994
GET      87.000     99.60456
GET      88.000     99.62848
GET      89.000     99.64225
GET      90.000     99.66261
GET      91.000     99.68156
GET      92.000     99.69867
GET      93.000     99.71889
GET      94.000     99.74522
GET      95.000     99.76651
GET      96.000     99.79703
GET      97.000     99.83344
GET      98.000     99.85849
GET      99.000     99.87964
GET     100.000     99.95586
GET     110.000     99.99638
GET     120.000     99.99723
GET     130.000     99.99894
GET     140.000     99.99936
GET     160.000     99.99979
GET     210.000    100.00000
