[RUN #1] Preparing benchmark client...
[RUN #1] Launching threads now...
[RUN #1 5%,   1 secs]  8 threads:       95618 ops,   95582 (avg:   95582) ops/sec, 3.61MB/sec (avg: 3.61MB/sec),  3.32 (avg:  3.32) msec latency[RUN #1 10%,   2 secs]  8 threads:      176031 ops,   80400 (avg:   87992) ops/sec, 3.03MB/sec (avg: 3.32MB/sec),  3.98 (avg:  3.62) msec latency[RUN #1 15%,   3 secs]  8 threads:      254374 ops,   78331 (avg:   84772) ops/sec, 2.95MB/sec (avg: 3.20MB/sec),  4.07 (avg:  3.76) msec latency[RUN #1 20%,   4 secs]  8 threads:      332723 ops,   78338 (avg:   83163) ops/sec, 2.96MB/sec (avg: 3.14MB/sec),  4.07 (avg:  3.83) msec latency[RUN #1 25%,   5 secs]  8 threads:      411203 ops,   78468 (avg:   82224) ops/sec, 2.96MB/sec (avg: 3.10MB/sec),  4.09 (avg:  3.88) msec latency[RUN #1 30%,   6 secs]  8 threads:      490000 ops,   78785 (avg:   81651) ops/sec, 2.97MB/sec (avg: 3.08MB/sec),  4.04 (avg:  3.91) msec latency[RUN #1 35%,   7 secs]  8 threads:      564333 ops,   74322 (avg:   80604) ops/sec, 2.80MB/sec (avg: 3.04MB/sec),  4.31 (avg:  3.96) msec latency[RUN #1 40%,   8 secs]  8 threads:      642544 ops,   78199 (avg:   80303) ops/sec, 2.95MB/sec (avg: 3.03MB/sec),  4.12 (avg:  3.98) msec latency[RUN #1 45%,   9 secs]  8 threads:      721419 ops,   78863 (avg:   80143) ops/sec, 2.97MB/sec (avg: 3.02MB/sec),  4.02 (avg:  3.98) msec latency[RUN #1 50%,  10 secs]  8 threads:      800475 ops,   79044 (avg:   80034) ops/sec, 2.98MB/sec (avg: 3.02MB/sec),  4.06 (avg:  3.99) msec latency[RUN #1 55%,  11 secs]  8 threads:      878345 ops,   77859 (avg:   79836) ops/sec, 2.94MB/sec (avg: 3.01MB/sec),  4.11 (avg:  4.00) msec latency[RUN #1 60%,  12 secs]  8 threads:      955870 ops,   77510 (avg:   79642) ops/sec, 2.92MB/sec (avg: 3.00MB/sec),  4.13 (avg:  4.01) msec latency[RUN #1 65%,  13 secs]  8 threads:     1032199 ops,   76315 (avg:   79386) ops/sec, 2.88MB/sec (avg: 2.99MB/sec),  4.21 (avg:  4.03) msec latency[RUN #1 70%,  14 secs]  8 threads:     1111042 ops,   78831 (avg:   79346) ops/sec, 2.97MB/sec (avg: 2.99MB/sec),  4.03 (avg:  4.03) msec latency[RUN #1 75%,  15 secs]  8 threads:     1187204 ops,   76151 (avg:   79133) ops/sec, 2.87MB/sec (avg: 2.98MB/sec),  4.19 (avg:  4.04) msec latency[RUN #1 80%,  16 secs]  8 threads:     1264494 ops,   77279 (avg:   79018) ops/sec, 2.91MB/sec (avg: 2.98MB/sec),  4.16 (avg:  4.04) msec latency[RUN #1 85%,  17 secs]  8 threads:     1343719 ops,   79213 (avg:   79029) ops/sec, 2.99MB/sec (avg: 2.98MB/sec),  4.04 (avg:  4.04) msec latency[RUN #1 90%,  18 secs]  8 threads:     1413035 ops,   69305 (avg:   78489) ops/sec, 2.61MB/sec (avg: 2.96MB/sec),  4.61 (avg:  4.07) msec latency[RUN #1 95%,  19 secs]  8 threads:     1481581 ops,   68533 (avg:   77965) ops/sec, 2.58MB/sec (avg: 2.94MB/sec),  4.67 (avg:  4.10) msec latency[RUN #1 100%,  20 secs]  8 threads:     1550018 ops,   68533 (avg:   77492) ops/sec, 2.58MB/sec (avg: 2.92MB/sec),  4.67 (avg:  4.13) msec latency[RUN #1 100%,  20 secs]  0 threads:     1550152 ops,   68533 (avg:   77484) ops/sec, 2.58MB/sec (avg: 2.92MB/sec),  4.67 (avg:  4.13) msec latency

8         Threads
40        Connections per thread
20        Seconds
Type        Ops/sec     Hits/sec   Misses/sec      Latency       KB/sec
------------------------------------------------------------------------
Sets        7051.40          ---          ---      4.14800       522.69
Gets       70434.81      2670.56     67764.25      4.12400      2469.90
Totals     77486.22      2670.56     67764.25      4.12600      2992.59


Request Latency Distribution
Type     <= msec         Percent
------------------------------------------------------------------------
SET       1.000      2.70722
SET       2.000     78.58606
SET       3.000     79.66427
SET       4.000     86.05344
SET       5.000     90.61084
SET       6.000     90.78098
SET       7.000     91.04539
SET       8.000     92.08107
SET       9.000     93.16566
SET      10.000     96.14935
SET      11.000     97.77623
SET      12.000     98.06900
SET      13.000     98.14769
SET      14.000     98.24693
SET      15.000     98.43691
SET      16.000     98.60492
SET      17.000     98.62831
SET      18.000     98.66234
SET      19.000     98.77647
SET      20.000     98.85728
SET      21.000     98.93526
SET      22.000     98.98842
SET      23.000     99.00331
SET      24.000     99.02599
SET      25.000     99.04513
SET      26.000     99.05789
SET      27.000     99.07633
SET      28.000     99.08767
SET      29.000     99.09405
SET      30.000     99.11177
SET      31.000     99.11531
SET      32.000     99.13729
SET      33.000     99.14225
SET      34.000     99.15785
SET      35.000     99.16139
SET      36.000     99.16848
SET      37.000     99.18053
SET      38.000     99.18691
SET      39.000     99.20676
SET      40.000     99.21598
SET      41.000     99.23937
SET      42.000     99.28615
SET      43.000     99.29537
SET      44.000     99.31451
SET      45.000     99.33365
SET      46.000     99.35563
SET      47.000     99.36201
SET      48.000     99.36909
SET      49.000     99.37902
SET      50.000     99.39249
SET      51.000     99.39887
SET      52.000     99.40950
SET      53.000     99.41588
SET      54.000     99.42226
SET      55.000     99.43715
SET      56.000     99.45416
SET      57.000     99.46834
SET      58.000     99.47472
SET      59.000     99.48110
SET      61.000     99.48181
SET      62.000     99.48322
SET      63.000     99.48606
SET      64.000     99.48677
SET      67.000     99.48748
SET      68.000     99.48960
SET      69.000     99.49102
SET      70.000     99.49315
SET      71.000     99.49386
SET      72.000     99.49811
SET      74.000     99.49882
SET      75.000     99.50307
SET      76.000     99.50378
SET      77.000     99.50591
SET      78.000     99.51016
SET      79.000     99.51158
SET      80.000     99.51371
SET      81.000     99.51442
SET      82.000     99.53355
SET      83.000     99.55411
SET      84.000     99.56758
SET      85.000     99.59239
SET      86.000     99.60161
SET      87.000     99.62500
SET      88.000     99.63422
SET      89.000     99.64981
SET      90.000     99.66682
SET      91.000     99.68100
SET      92.000     99.70156
SET      93.000     99.72921
SET      94.000     99.76749
SET      95.000     99.79159
SET      96.000     99.82278
SET      97.000     99.84617
SET      98.000     99.86673
SET      99.000     99.87736
SET     100.000     99.95534
SET     110.000     99.99929
SET     160.000    100.00000
---
GET       0.160      0.00007
GET       0.170      0.00035
GET       0.180      0.00057
GET       0.190      0.00099
GET       0.200      0.00135
GET       0.210      0.00185
GET       0.220      0.00213
GET       0.230      0.00248
GET       0.240      0.00305
GET       0.250      0.00369
GET       0.260      0.00454
GET       0.270      0.00554
GET       0.280      0.00653
GET       0.290      0.00802
GET       0.300      0.00901
GET       0.310      0.00965
GET       0.320      0.01079
GET       0.330      0.01228
GET       0.340      0.01370
GET       0.350      0.01512
GET       0.360      0.01689
GET       0.370      0.01895
GET       0.380      0.02122
GET       0.390      0.02342
GET       0.400      0.02583
GET       0.410      0.02832
GET       0.420      0.03094
GET       0.430      0.03328
GET       0.440      0.03563
GET       0.450      0.03690
GET       0.460      0.03960
GET       0.470      0.04208
GET       0.480      0.04492
GET       0.490      0.04726
GET       0.500      0.04989
GET       0.510      0.05280
GET       0.520      0.05621
GET       0.530      0.05926
GET       0.540      0.06238
GET       0.550      0.06614
GET       0.560      0.06926
GET       0.570      0.07288
GET       0.580      0.07579
GET       0.590      0.07956
GET       0.600      0.08289
GET       0.610      0.08608
GET       0.620      0.08899
GET       0.630      0.09240
GET       0.640      0.09559
GET       0.650      0.09836
GET       0.660      0.10085
GET       0.670      0.10425
GET       0.680      0.10745
GET       0.690      0.11142
GET       0.700      0.11355
GET       0.710      0.11646
GET       0.720      0.12065
GET       0.730      0.12469
GET       0.740      0.12895
GET       0.750      0.13236
GET       0.760      0.13534
GET       0.770      0.13910
GET       0.780      0.14300
GET       0.790      0.14655
GET       0.800      0.14910
GET       0.810      0.15187
GET       0.820      0.15450
GET       0.830      0.15812
GET       0.840      0.16167
GET       0.850      0.16607
GET       0.860      0.16940
GET       0.870      0.17245
GET       0.880      0.17699
GET       0.890      0.18090
GET       0.900      0.18487
GET       0.910      0.18799
GET       0.920      0.19254
GET       0.930      0.19637
GET       0.940      0.20098
GET       0.950      0.20481
GET       0.960      0.20858
GET       0.970      0.21305
GET       0.980      0.21645
GET       0.990      0.22057
GET       1.000      0.24065
GET       1.100      0.27458
GET       1.200      0.31467
GET       1.300      0.36087
GET       1.400      0.41715
GET       1.500      0.47967
GET       1.600      0.52303
GET       1.700      0.57314
GET       1.800      0.67221
GET       1.900      0.85595
GET       2.000      1.05175
GET       2.100      1.42121
GET       2.200      2.66421
GET       2.300      6.05435
GET       2.400     17.23359
GET       2.500     49.06972
GET       2.600     70.02204
GET       2.700     76.36920
GET       2.800     78.10643
GET       2.900     78.54984
GET       3.000     78.69972
GET       3.100     78.77381
GET       3.200     78.83818
GET       3.300     78.87878
GET       3.400     78.92448
GET       3.500     78.98140
GET       3.600     79.06379
GET       3.700     79.18749
GET       3.800     79.34177
GET       3.900     79.55432
GET       4.000     79.92215
GET       4.100     80.51104
GET       4.200     81.21760
GET       4.300     81.85681
GET       4.400     82.29901
GET       4.500     82.61531
GET       4.600     82.99152
GET       4.700     83.48198
GET       4.800     84.13715
GET       4.900     85.29294
GET       5.000     87.15024
GET       5.100     88.82197
GET       5.200     89.78522
GET       5.300     90.23409
GET       5.400     90.41633
GET       5.500     90.49660
GET       5.600     90.53556
GET       5.700     90.55799
GET       5.800     90.57906
GET       5.900     90.59546
GET       6.000     90.61334
GET       6.100     90.62526
GET       6.200     90.63641
GET       6.300     90.64861
GET       6.400     90.65904
GET       6.500     90.67444
GET       6.600     90.68921
GET       6.700     90.70879
GET       6.800     90.73768
GET       6.900     90.76557
GET       7.000     90.79239
GET       7.100     90.81567
GET       7.200     90.83994
GET       7.300     90.86258
GET       7.400     90.88160
GET       7.500     90.90048
GET       7.600     90.91928
GET       7.700     90.94710
GET       7.800     90.97549
GET       7.900     91.01616
GET       8.000     91.07087
GET       8.100     91.14908
GET       8.200     91.23928
GET       8.300     91.34374
GET       8.400     91.45538
GET       8.500     91.56999
GET       8.600     91.67850
GET       8.700     91.79453
GET       8.800     91.92313
GET       8.900     92.05811
GET       9.000     92.19380
GET       9.100     92.33304
GET       9.200     92.46625
GET       9.300     92.61003
GET       9.400     92.73961
GET       9.500     92.84394
GET       9.600     92.94237
GET       9.700     93.02292
GET       9.800     93.09736
GET       9.900     93.16833
GET      10.000     94.76157
GET      11.000     97.21202
GET      12.000     98.08095
GET      13.000     98.13397
GET      14.000     98.22410
GET      15.000     98.41408
GET      16.000     98.58866
GET      17.000     98.65459
GET      18.000     98.69476
GET      19.000     98.73890
GET      20.000     98.86380
GET      21.000     98.93236
GET      22.000     98.99864
GET      23.000     99.03100
GET      24.000     99.04953
GET      25.000     99.08543
GET      26.000     99.09005
GET      27.000     99.09523
GET      28.000     99.10495
GET      29.000     99.11070
GET      30.000     99.12134
GET      31.000     99.13604
GET      32.000     99.14029
GET      33.000     99.15491
GET      34.000     99.16449
GET      35.000     99.17847
GET      36.000     99.18408
GET      37.000     99.20047
GET      38.000     99.21091
GET      39.000     99.22262
GET      40.000     99.24263
GET      41.000     99.25335
GET      42.000     99.29905
GET      43.000     99.32268
GET      44.000     99.33588
GET      45.000     99.35128
GET      46.000     99.37023
GET      47.000     99.38272
GET      48.000     99.39109
GET      49.000     99.39741
GET      50.000     99.40947
GET      51.000     99.41671
GET      52.000     99.42346
GET      53.000     99.43382
GET      54.000     99.43871
GET      55.000     99.44602
GET      56.000     99.45198
GET      57.000     99.45653
GET      58.000     99.46064
GET      59.000     99.46384
GET      60.000     99.46575
GET      61.000     99.46682
GET      62.000     99.46774
GET      63.000     99.46916
GET      64.000     99.47029
GET      65.000     99.47178
GET      66.000     99.47221
GET      67.000     99.47356
GET      68.000     99.47590
GET      69.000     99.47860
GET      70.000     99.48129
GET      71.000     99.48286
GET      72.000     99.48527
GET      73.000     99.48988
GET      74.000     99.49258
GET      75.000     99.49513
GET      76.000     99.49925
GET      77.000     99.50195
GET      78.000     99.50606
GET      79.000     99.50968
GET      80.000     99.51359
GET      81.000     99.52515
GET      82.000     99.53111
GET      83.000     99.54460
GET      84.000     99.55581
GET      85.000     99.56823
GET      86.000     99.58477
GET      87.000     99.59662
GET      88.000     99.63026
GET      89.000     99.64708
GET      90.000     99.67113
GET      91.000     99.69242
GET      92.000     99.71230
GET      93.000     99.73210
GET      94.000     99.75424
GET      95.000     99.78546
GET      96.000     99.81463
GET      97.000     99.84288
GET      98.000     99.86615
GET      99.000     99.88468
GET     100.000     99.95643
GET     110.000     99.99936
GET     120.000     99.99950
GET     130.000     99.99957
GET     140.000     99.99986
GET     210.000    100.00000
