[RUN #1] Preparing benchmark client...
[RUN #1] Launching threads now...
[RUN #1 4%,   0 secs]  8 threads:       62013 ops,       0 (avg:       0) ops/sec, 0.00KB/sec (avg: 0.00KB/sec),  0.00 (avg:  0.00) msec latency[RUN #1 9%,   1 secs]  8 threads:      139339 ops,   77310 (avg:   76618) ops/sec, 2.92MB/sec (avg: 2.89MB/sec),  4.15 (avg:  3.84) msec latency[RUN #1 14%,   2 secs]  8 threads:      218338 ops,   78985 (avg:   77458) ops/sec, 2.98MB/sec (avg: 2.92MB/sec),  4.59 (avg:  4.11) msec latency[RUN #1 19%,   3 secs]  8 threads:      297462 ops,   79112 (avg:   77891) ops/sec, 2.98MB/sec (avg: 2.94MB/sec),  4.02 (avg:  4.09) msec latency[RUN #1 24%,   4 secs]  8 threads:      375512 ops,   78037 (avg:   77921) ops/sec, 2.94MB/sec (avg: 2.94MB/sec),  4.12 (avg:  4.10) msec latency[RUN #1 29%,   5 secs]  8 threads:      452610 ops,   77086 (avg:   77778) ops/sec, 2.91MB/sec (avg: 2.93MB/sec),  4.12 (avg:  4.10) msec latency[RUN #1 34%,   6 secs]  8 threads:      530739 ops,   78116 (avg:   77827) ops/sec, 2.95MB/sec (avg: 2.94MB/sec),  4.10 (avg:  4.10) msec latency[RUN #1 39%,   7 secs]  8 threads:      612287 ops,   81537 (avg:   78302) ops/sec, 3.07MB/sec (avg: 2.95MB/sec),  3.97 (avg:  4.08) msec latency[RUN #1 44%,   8 secs]  8 threads:      688930 ops,   76630 (avg:   78112) ops/sec, 2.89MB/sec (avg: 2.95MB/sec),  4.14 (avg:  4.09) msec latency[RUN #1 49%,   9 secs]  8 threads:      763977 ops,   75036 (avg:   77799) ops/sec, 2.83MB/sec (avg: 2.93MB/sec),  4.28 (avg:  4.11) msec latency[RUN #1 54%,  10 secs]  8 threads:      837158 ops,   73170 (avg:   77371) ops/sec, 2.76MB/sec (avg: 2.92MB/sec),  4.37 (avg:  4.13) msec latency[RUN #1 59%,  11 secs]  8 threads:      909670 ops,   72502 (avg:   76959) ops/sec, 2.73MB/sec (avg: 2.90MB/sec),  4.40 (avg:  4.15) msec latency[RUN #1 64%,  12 secs]  8 threads:      982007 ops,   72327 (avg:   76598) ops/sec, 2.73MB/sec (avg: 2.89MB/sec),  4.45 (avg:  4.17) msec latency[RUN #1 69%,  13 secs]  8 threads:     1054551 ops,   72533 (avg:   76304) ops/sec, 2.74MB/sec (avg: 2.88MB/sec),  4.38 (avg:  4.19) msec latency[RUN #1 74%,  14 secs]  8 threads:     1126426 ops,   71865 (avg:   76004) ops/sec, 2.71MB/sec (avg: 2.87MB/sec),  4.43 (avg:  4.20) msec latency[RUN #1 79%,  15 secs]  8 threads:     1199285 ops,   72848 (avg:   75804) ops/sec, 2.75MB/sec (avg: 2.86MB/sec),  4.43 (avg:  4.22) msec latency[RUN #1 84%,  16 secs]  8 threads:     1276237 ops,   76941 (avg:   75872) ops/sec, 2.90MB/sec (avg: 2.86MB/sec),  4.16 (avg:  4.21) msec latency[RUN #1 89%,  17 secs]  8 threads:     1345025 ops,   68778 (avg:   75474) ops/sec, 2.59MB/sec (avg: 2.85MB/sec),  4.65 (avg:  4.24) msec latency[RUN #1 94%,  18 secs]  8 threads:     1412861 ops,   67826 (avg:   75068) ops/sec, 2.56MB/sec (avg: 2.83MB/sec),  4.71 (avg:  4.26) msec latency[RUN #1 99%,  19 secs]  2 threads:     1486778 ops,   67826 (avg:   75016) ops/sec, 2.56MB/sec (avg: 2.83MB/sec),  4.71 (avg:  4.26) msec latency[RUN #1 100%,  20 secs]  0 threads:     1601557 ops,   67826 (avg:   80075) ops/sec, 2.56MB/sec (avg: 3.02MB/sec),  4.71 (avg:  3.99) msec latency

8         Threads
40        Connections per thread
20        Seconds
Type        Ops/sec     Hits/sec   Misses/sec      Latency       KB/sec
------------------------------------------------------------------------
Sets        7286.81          ---          ---      4.72100       540.14
Gets       72787.86      3035.73     69752.13      3.92000      2552.40
Totals     80074.67      3035.73     69752.13      3.99300      3092.54


Request Latency Distribution
Type     <= msec         Percent
------------------------------------------------------------------------
SET       1.000      4.51483
SET       2.000     77.22825
SET       3.000     78.22796
SET       4.000     85.13195
SET       5.000     91.58444
SET       6.000     91.68737
SET       7.000     92.23354
SET       8.000     93.06377
SET       9.000     93.88646
SET      10.000     96.08143
SET      11.000     97.44823
SET      12.000     97.66299
SET      13.000     97.70073
SET      14.000     97.77209
SET      15.000     97.92167
SET      16.000     98.06713
SET      17.000     98.20367
SET      18.000     98.26680
SET      19.000     98.36904
SET      20.000     98.59066
SET      21.000     98.76837
SET      22.000     98.97490
SET      23.000     99.00715
SET      24.000     99.03322
SET      25.000     99.05449
SET      26.000     99.06067
SET      27.000     99.06959
SET      28.000     99.07919
SET      29.000     99.09223
SET      30.000     99.12105
SET      31.000     99.12791
SET      32.000     99.14850
SET      33.000     99.15261
SET      34.000     99.17182
SET      35.000     99.17800
SET      36.000     99.18349
SET      37.000     99.19927
SET      38.000     99.20613
SET      39.000     99.22260
SET      40.000     99.22740
SET      41.000     99.25279
SET      42.000     99.28915
SET      43.000     99.29945
SET      44.000     99.31797
SET      45.000     99.33650
SET      46.000     99.35297
SET      47.000     99.36120
SET      48.000     99.36600
SET      49.000     99.37218
SET      50.000     99.37835
SET      51.000     99.38453
SET      52.000     99.38796
SET      53.000     99.39139
SET      54.000     99.39345
SET      55.000     99.40168
SET      56.000     99.40649
SET      57.000     99.41060
SET      58.000     99.41472
SET      59.000     99.41609
SET      61.000     99.41678
SET      62.000     99.41746
SET      63.000     99.41952
SET      64.000     99.42021
SET      65.000     99.42227
SET      66.000     99.42295
SET      67.000     99.42433
SET      68.000     99.42570
SET      70.000     99.42638
SET      71.000     99.42707
SET      72.000     99.42776
SET      73.000     99.42844
SET      74.000     99.42913
SET      75.000     99.43050
SET      76.000     99.43119
SET      77.000     99.43325
SET      78.000     99.43942
SET      80.000     99.44148
SET      81.000     99.44971
SET      82.000     99.46000
SET      83.000     99.47853
SET      84.000     99.48951
SET      85.000     99.51009
SET      86.000     99.51833
SET      87.000     99.54371
SET      88.000     99.55744
SET      89.000     99.57390
SET      90.000     99.59655
SET      91.000     99.61301
SET      92.000     99.63703
SET      93.000     99.65418
SET      94.000     99.67683
SET      95.000     99.70084
SET      96.000     99.73583
SET      97.000     99.75779
SET      98.000     99.77769
SET      99.000     99.80170
SET     100.000     99.85797
SET     110.000     99.89365
SET     120.000     99.89914
SET     130.000     99.90874
SET     140.000     99.91492
SET     150.000     99.91835
SET     160.000     99.92590
SET     170.000     99.93482
SET     180.000     99.94099
SET     200.000     99.94168
SET     230.000     99.94236
SET     270.000     99.94305
SET     300.000     99.94374
SET     420.000     99.94442
SET     450.000     99.94511
SET     460.000     99.94579
SET     470.000     99.94648
SET     480.000     99.94785
SET     540.000     99.94854
SET     550.000     99.94923
SET     560.000     99.94991
SET     570.000     99.95060
SET     590.000     99.95128
SET     600.000     99.95197
SET     610.000     99.95266
SET     630.000     99.95334
SET     670.000     99.95403
SET     690.000     99.95471
SET     700.000     99.95677
SET     710.000     99.95815
SET     720.000     99.95883
SET     730.000     99.95952
SET     740.000     99.96020
SET     750.000     99.96089
SET     970.000     99.96158
SET     980.000     99.96226
SET     990.000     99.96295
SET    1200.000     99.96844
SET    1300.000     99.97324
SET    1400.000     99.97873
SET    1500.000     99.98559
SET    1600.000     99.98628
SET    1800.000     99.98696
SET    1900.000     99.98765
SET    2000.000     99.99039
SET    2100.000    100.00000
---
GET       0.084      0.00007
GET       0.089      0.00014
GET       0.100      0.00034
GET       0.110      0.00055
GET       0.120      0.00089
GET       0.130      0.00137
GET       0.140      0.00240
GET       0.150      0.00357
GET       0.160      0.00501
GET       0.170      0.00749
GET       0.180      0.00920
GET       0.190      0.01236
GET       0.200      0.01628
GET       0.210      0.02109
GET       0.220      0.02864
GET       0.230      0.04128
GET       0.240      0.06168
GET       0.250      0.09871
GET       0.260      0.17118
GET       0.270      0.28218
GET       0.280      0.46002
GET       0.290      0.70442
GET       0.300      0.97938
GET       0.310      1.21863
GET       0.320      1.41055
GET       0.330      1.56146
GET       0.340      1.70557
GET       0.350      1.83231
GET       0.360      1.95739
GET       0.370      2.09127
GET       0.380      2.24074
GET       0.390      2.40724
GET       0.400      2.56626
GET       0.410      2.70227
GET       0.420      2.80956
GET       0.430      2.89975
GET       0.440      2.96775
GET       0.450      3.01927
GET       0.460      3.05616
GET       0.470      3.08645
GET       0.480      3.11489
GET       0.490      3.14229
GET       0.500      3.17444
GET       0.510      3.20611
GET       0.520      3.24334
GET       0.530      3.29293
GET       0.540      3.36238
GET       0.550      3.46486
GET       0.560      3.62058
GET       0.570      3.83393
GET       0.580      4.14146
GET       0.590      4.53045
GET       0.600      4.96134
GET       0.610      5.36895
GET       0.620      5.74228
GET       0.630      6.06767
GET       0.640      6.33995
GET       0.650      6.54719
GET       0.660      6.68924
GET       0.670      6.79063
GET       0.680      6.86626
GET       0.690      6.92251
GET       0.700      6.96187
GET       0.710      6.99526
GET       0.720      7.02418
GET       0.730      7.04753
GET       0.740      7.07178
GET       0.750      7.09568
GET       0.760      7.12096
GET       0.770      7.14692
GET       0.780      7.17117
GET       0.790      7.19542
GET       0.800      7.21678
GET       0.810      7.23766
GET       0.820      7.25257
GET       0.830      7.26741
GET       0.840      7.27881
GET       0.850      7.28740
GET       0.860      7.29447
GET       0.870      7.30189
GET       0.880      7.30883
GET       0.890      7.31522
GET       0.900      7.32174
GET       0.910      7.32717
GET       0.920      7.33417
GET       0.930      7.34042
GET       0.940      7.34633
GET       0.950      7.35286
GET       0.960      7.35938
GET       0.970      7.36426
GET       0.980      7.37113
GET       0.990      7.37587
GET       1.000      7.39950
GET       1.100      7.42821
GET       1.200      7.45122
GET       1.300      7.49937
GET       1.400      7.55955
GET       1.500      7.59279
GET       1.600      7.61374
GET       1.700      7.63703
GET       1.800      7.69383
GET       1.900      7.79131
GET       2.000      7.90011
GET       2.100      8.16532
GET       2.200      9.23936
GET       2.300     12.26694
GET       2.400     22.62059
GET       2.500     51.16138
GET       2.600     70.64181
GET       2.700     76.46823
GET       2.800     78.02255
GET       2.900     78.39877
GET       3.000     78.50441
GET       3.100     78.55559
GET       3.200     78.59556
GET       3.300     78.61720
GET       3.400     78.65306
GET       3.500     78.70423
GET       3.600     78.79106
GET       3.700     78.89121
GET       3.800     79.01540
GET       3.900     79.19124
GET       4.000     79.51738
GET       4.100     80.05873
GET       4.200     80.68985
GET       4.300     81.28615
GET       4.400     81.72927
GET       4.500     82.06668
GET       4.600     82.43410
GET       4.700     82.91108
GET       4.800     83.60602
GET       4.900     84.97316
GET       5.000     87.35093
GET       5.100     89.66689
GET       5.200     91.03684
GET       5.300     91.68555
GET       5.400     91.93847
GET       5.500     92.03566
GET       5.600     92.07715
GET       5.700     92.10051
GET       5.800     92.11953
GET       5.900     92.13382
GET       6.000     92.14461
GET       6.100     92.15670
GET       6.200     92.16666
GET       6.300     92.17668
GET       6.400     92.18273
GET       6.500     92.19090
GET       6.600     92.19770
GET       6.700     92.20746
GET       6.800     92.21618
GET       6.900     92.22532
GET       7.000     92.23445
GET       7.100     92.24160
GET       7.200     92.24936
GET       7.300     92.25451
GET       7.400     92.25904
GET       7.500     92.26811
GET       7.600     92.27745
GET       7.700     92.29030
GET       7.800     92.31152
GET       7.900     92.33921
GET       8.000     92.38021
GET       8.100     92.43104
GET       8.200     92.50063
GET       8.300     92.57935
GET       8.400     92.67002
GET       8.500     92.76124
GET       8.600     92.84682
GET       8.700     92.93550
GET       8.800     93.03249
GET       8.900     93.12626
GET       9.000     93.21858
GET       9.100     93.32498
GET       9.200     93.43454
GET       9.300     93.52967
GET       9.400     93.62488
GET       9.500     93.71795
GET       9.600     93.80333
GET       9.700     93.87793
GET       9.800     93.93907
GET       9.900     94.00137
GET      10.000     95.18194
GET      11.000     97.09070
GET      12.000     97.75301
GET      13.000     97.79347
GET      14.000     97.85083
GET      15.000     97.98106
GET      16.000     98.12943
GET      17.000     98.24737
GET      18.000     98.35398
GET      19.000     98.41951
GET      20.000     98.59398
GET      21.000     98.80033
GET      22.000     98.99259
GET      23.000     99.10806
GET      24.000     99.12736
GET      25.000     99.15580
GET      26.000     99.16219
GET      27.000     99.16899
GET      28.000     99.17895
GET      29.000     99.18767
GET      30.000     99.20752
GET      31.000     99.22435
GET      32.000     99.23575
GET      33.000     99.25341
GET      34.000     99.26316
GET      35.000     99.27353
GET      36.000     99.27958
GET      37.000     99.29297
GET      38.000     99.30204
GET      39.000     99.31118
GET      40.000     99.32904
GET      41.000     99.33666
GET      42.000     99.37842
GET      43.000     99.40075
GET      44.000     99.41469
GET      45.000     99.42980
GET      46.000     99.44835
GET      47.000     99.45872
GET      48.000     99.46360
GET      49.000     99.47122
GET      50.000     99.47912
GET      51.000     99.48373
GET      52.000     99.48599
GET      53.000     99.48840
GET      54.000     99.49156
GET      55.000     99.49794
GET      56.000     99.50426
GET      57.000     99.50770
GET      58.000     99.51120
GET      59.000     99.51312
GET      60.000     99.51457
GET      61.000     99.51567
GET      62.000     99.51738
GET      63.000     99.51965
GET      64.000     99.52096
GET      65.000     99.52274
GET      66.000     99.52412
GET      67.000     99.52460
GET      68.000     99.52590
GET      69.000     99.52679
GET      70.000     99.52700
GET      71.000     99.52803
GET      72.000     99.52879
GET      73.000     99.53016
GET      74.000     99.53174
GET      75.000     99.53291
GET      76.000     99.53442
GET      77.000     99.53586
GET      78.000     99.53820
GET      79.000     99.54156
GET      80.000     99.54458
GET      81.000     99.55276
GET      82.000     99.55901
GET      83.000     99.57323
GET      84.000     99.58285
GET      85.000     99.59569
GET      86.000     99.61623
GET      87.000     99.62804
GET      88.000     99.64927
GET      89.000     99.65978
GET      90.000     99.68231
GET      91.000     99.70580
GET      92.000     99.72648
GET      93.000     99.74509
GET      94.000     99.76645
GET      95.000     99.78947
GET      96.000     99.81935
GET      97.000     99.84613
GET      98.000     99.86681
GET      99.000     99.89037
GET     100.000     99.95611
GET     110.000     99.99437
GET     120.000     99.99677
GET     130.000     99.99808
GET     140.000     99.99911
GET     160.000     99.99986
GET     210.000    100.00000
