[RUN #1] Preparing benchmark client...
[RUN #1] Launching threads now...
[RUN #1 3%,   0 secs]  8 threads:       60035 ops,       0 (avg:       0) ops/sec, 0.00KB/sec (avg: 0.00KB/sec),  0.00 (avg:  0.00) msec latency[RUN #1 8%,   1 secs]  8 threads:      137954 ops,   77905 (avg:   83792) ops/sec, 2.94MB/sec (avg: 3.16MB/sec),  4.14 (avg:  3.78) msec latency[RUN #1 13%,   2 secs]  8 threads:      215995 ops,   78027 (avg:   81613) ops/sec, 2.94MB/sec (avg: 3.08MB/sec),  4.08 (avg:  3.89) msec latency[RUN #1 18%,   3 secs]  8 threads:      293063 ops,   77050 (avg:   80362) ops/sec, 2.91MB/sec (avg: 3.03MB/sec),  4.15 (avg:  3.96) msec latency[RUN #1 23%,   4 secs]  8 threads:      372272 ops,   79197 (avg:   80111) ops/sec, 2.99MB/sec (avg: 3.02MB/sec),  4.05 (avg:  3.98) msec latency[RUN #1 28%,   5 secs]  8 threads:      451933 ops,   79649 (avg:   80029) ops/sec, 3.00MB/sec (avg: 3.02MB/sec),  4.01 (avg:  3.98) msec latency[RUN #1 33%,   6 secs]  8 threads:      531565 ops,   79620 (avg:   79967) ops/sec, 3.00MB/sec (avg: 3.02MB/sec),  4.03 (avg:  3.99) msec latency[RUN #1 38%,   7 secs]  8 threads:      609663 ops,   78085 (avg:   79721) ops/sec, 2.94MB/sec (avg: 3.01MB/sec),  4.09 (avg:  4.00) msec latency[RUN #1 43%,   8 secs]  8 threads:      688381 ops,   78706 (avg:   79604) ops/sec, 2.97MB/sec (avg: 3.00MB/sec),  4.08 (avg:  4.01) msec latency[RUN #1 48%,   9 secs]  8 threads:      766007 ops,   77615 (avg:   79398) ops/sec, 2.93MB/sec (avg: 2.99MB/sec),  4.10 (avg:  4.02) msec latency[RUN #1 53%,  10 secs]  8 threads:      845225 ops,   79207 (avg:   79380) ops/sec, 2.99MB/sec (avg: 2.99MB/sec),  4.04 (avg:  4.02) msec latency[RUN #1 58%,  11 secs]  8 threads:      925337 ops,   80100 (avg:   79442) ops/sec, 3.02MB/sec (avg: 3.00MB/sec),  3.99 (avg:  4.02) msec latency[RUN #1 63%,  12 secs]  8 threads:     1004380 ops,   79030 (avg:   79409) ops/sec, 2.98MB/sec (avg: 3.00MB/sec),  4.05 (avg:  4.02) msec latency[RUN #1 68%,  13 secs]  8 threads:     1083172 ops,   78781 (avg:   79363) ops/sec, 2.97MB/sec (avg: 2.99MB/sec),  4.04 (avg:  4.02) msec latency[RUN #1 73%,  14 secs]  8 threads:     1163514 ops,   80331 (avg:   79429) ops/sec, 3.03MB/sec (avg: 3.00MB/sec),  4.00 (avg:  4.02) msec latency[RUN #1 78%,  15 secs]  8 threads:     1243457 ops,   79932 (avg:   79461) ops/sec, 3.01MB/sec (avg: 3.00MB/sec),  4.00 (avg:  4.02) msec latency[RUN #1 83%,  16 secs]  8 threads:     1322807 ops,   79339 (avg:   79454) ops/sec, 2.99MB/sec (avg: 3.00MB/sec),  4.03 (avg:  4.02) msec latency[RUN #1 88%,  17 secs]  8 threads:     1401858 ops,   79038 (avg:   79430) ops/sec, 2.98MB/sec (avg: 3.00MB/sec),  4.05 (avg:  4.02) msec latency[RUN #1 93%,  18 secs]  8 threads:     1480461 ops,   78592 (avg:   79385) ops/sec, 2.96MB/sec (avg: 2.99MB/sec),  4.06 (avg:  4.02) msec latency[RUN #1 98%,  19 secs]  8 threads:     1563783 ops,   78592 (avg:   79586) ops/sec, 2.96MB/sec (avg: 3.00MB/sec),  4.06 (avg:  4.01) msec latency[RUN #1 100%,  20 secs]  0 threads:     1678752 ops,   78592 (avg:   83887) ops/sec, 2.96MB/sec (avg: 3.16MB/sec),  4.06 (avg:  3.81) msec latency

8         Threads
40        Connections per thread
20        Seconds
Type        Ops/sec     Hits/sec   Misses/sec      Latency       KB/sec
------------------------------------------------------------------------
Sets        7629.50          ---          ---      4.21000       565.54
Gets       76215.83      3406.55     72809.28      3.77000      2672.57
Totals     83845.33      3406.55     72809.28      3.81000      3238.11


Request Latency Distribution
Type     <= msec         Percent
------------------------------------------------------------------------
SET       1.000     73.82265
SET       2.000     77.30397
SET       3.000     78.98637
SET       4.000     80.48351
SET       5.000     81.75611
SET       6.000     82.88862
SET       7.000     83.87908
SET       8.000     84.94809
SET       9.000     85.91367
SET      10.000     86.91852
SET      11.000     87.75383
SET      12.000     88.57998
SET      13.000     89.22413
SET      14.000     89.84145
SET      15.000     90.47448
SET      16.000     91.04859
SET      17.000     91.55920
SET      18.000     92.08290
SET      19.000     92.52674
SET      20.000     92.99087
SET      21.000     93.41507
SET      22.000     93.80982
SET      23.000     94.21241
SET      24.000     94.59668
SET      25.000     94.93382
SET      26.000     95.25197
SET      27.000     95.57208
SET      28.000     95.86666
SET      29.000     96.10888
SET      30.000     96.37924
SET      31.000     96.62342
SET      32.000     96.83159
SET      33.000     97.02798
SET      34.000     97.21913
SET      35.000     97.40046
SET      36.000     97.57132
SET      37.000     97.71730
SET      38.000     97.86067
SET      39.000     97.99356
SET      40.000     98.13692
SET      41.000     98.25672
SET      42.000     98.37128
SET      43.000     98.47013
SET      44.000     98.60564
SET      45.000     98.68288
SET      46.000     98.75424
SET      47.000     98.83279
SET      48.000     98.92248
SET      49.000     98.97223
SET      50.000     99.04162
SET      51.000     99.09596
SET      52.000     99.15160
SET      53.000     99.18826
SET      54.000     99.23474
SET      55.000     99.27402
SET      56.000     99.31657
SET      57.000     99.35453
SET      58.000     99.39381
SET      59.000     99.42523
SET      60.000     99.44291
SET      61.000     99.46255
SET      62.000     99.48284
SET      63.000     99.50444
SET      64.000     99.52539
SET      65.000     99.54438
SET      66.000     99.56533
SET      67.000     99.58169
SET      68.000     99.59282
SET      69.000     99.60722
SET      70.000     99.62031
SET      71.000     99.63799
SET      72.000     99.65566
SET      73.000     99.67661
SET      74.000     99.68774
SET      75.000     99.70345
SET      76.000     99.71262
SET      77.000     99.72375
SET      78.000     99.73029
SET      79.000     99.73880
SET      80.000     99.74731
SET      81.000     99.75648
SET      82.000     99.75844
SET      83.000     99.76499
SET      84.000     99.77219
SET      85.000     99.77939
SET      86.000     99.78135
SET      87.000     99.78463
SET      88.000     99.78725
SET      89.000     99.78986
SET      90.000     99.79248
SET      91.000     99.79379
SET      92.000     99.79772
SET      93.000     99.80099
SET      94.000     99.80492
SET      95.000     99.80819
SET      96.000     99.81147
SET      97.000     99.81474
SET      98.000     99.81670
SET      99.000     99.81867
SET     100.000     99.82914
SET     110.000     99.84289
SET     120.000     99.85860
SET     130.000     99.87104
SET     140.000     99.87889
SET     150.000     99.89199
SET     160.000     99.90115
SET     170.000     99.90966
SET     180.000     99.92995
SET     190.000     99.93781
SET     200.000     99.95287
SET     210.000     99.95810
SET     220.000     99.97971
SET     230.000     99.98560
SET     240.000     99.98625
SET     250.000     99.99738
SET     260.000     99.99869
SET     270.000    100.00000
---
GET       0.057      0.00007
GET       0.063      0.00013
GET       0.064      0.00020
GET       0.069      0.00026
GET       0.071      0.00039
GET       0.072      0.00059
GET       0.073      0.00085
GET       0.074      0.00092
GET       0.075      0.00105
GET       0.076      0.00111
GET       0.077      0.00125
GET       0.078      0.00144
GET       0.079      0.00170
GET       0.080      0.00216
GET       0.081      0.00269
GET       0.082      0.00354
GET       0.083      0.00446
GET       0.084      0.00544
GET       0.085      0.00649
GET       0.086      0.00767
GET       0.087      0.00878
GET       0.088      0.01016
GET       0.089      0.01225
GET       0.090      0.01409
GET       0.091      0.01664
GET       0.092      0.01881
GET       0.093      0.02274
GET       0.094      0.02634
GET       0.095      0.03113
GET       0.096      0.03637
GET       0.097      0.04161
GET       0.098      0.04712
GET       0.099      0.05288
GET       0.100      0.07792
GET       0.110      0.12739
GET       0.120      0.18172
GET       0.130      0.27693
GET       0.140      0.46756
GET       0.150      0.73034
GET       0.160      0.97923
GET       0.170      1.26173
GET       0.180      1.69961
GET       0.190      2.52131
GET       0.200      3.65801
GET       0.210      4.91372
GET       0.220      6.47774
GET       0.230      8.78745
GET       0.240     12.57567
GET       0.250     16.41468
GET       0.260     19.43258
GET       0.270     21.90815
GET       0.280     24.25435
GET       0.290     26.84388
GET       0.300     28.86079
GET       0.310     30.31788
GET       0.320     31.44770
GET       0.330     32.48473
GET       0.340     33.54731
GET       0.350     34.47962
GET       0.360     35.26121
GET       0.370     35.95709
GET       0.380     36.64955
GET       0.390     37.39595
GET       0.400     38.11358
GET       0.410     38.78344
GET       0.420     39.49459
GET       0.430     40.39636
GET       0.440     41.53542
GET       0.450     42.88202
GET       0.460     44.42344
GET       0.470     46.19448
GET       0.480     48.30897
GET       0.490     50.78932
GET       0.500     53.20945
GET       0.510     55.44851
GET       0.520     57.51445
GET       0.530     59.48588
GET       0.540     61.31322
GET       0.550     62.81054
GET       0.560     64.05700
GET       0.570     65.13053
GET       0.580     66.11179
GET       0.590     66.97811
GET       0.600     67.74135
GET       0.610     68.41803
GET       0.620     69.02019
GET       0.630     69.59516
GET       0.640     70.13533
GET       0.650     70.61122
GET       0.660     71.04209
GET       0.670     71.43541
GET       0.680     71.80061
GET       0.690     72.13927
GET       0.700     72.44065
GET       0.710     72.69766
GET       0.720     72.93266
GET       0.730     73.14858
GET       0.740     73.34858
GET       0.750     73.52644
GET       0.760     73.67637
GET       0.770     73.81484
GET       0.780     73.94865
GET       0.790     74.07047
GET       0.800     74.17736
GET       0.810     74.27356
GET       0.820     74.36451
GET       0.830     74.45619
GET       0.840     74.53778
GET       0.850     74.61504
GET       0.860     74.68555
GET       0.870     74.75724
GET       0.880     74.83319
GET       0.890     74.89918
GET       0.900     74.96602
GET       0.910     75.03175
GET       0.920     75.10056
GET       0.930     75.16484
GET       0.940     75.23116
GET       0.950     75.29604
GET       0.960     75.36078
GET       0.970     75.42408
GET       0.980     75.49466
GET       0.990     75.56308
GET       1.000     75.95960
GET       1.100     76.67809
GET       1.200     77.29506
GET       1.300     77.77128
GET       1.400     78.13458
GET       1.500     78.44736
GET       1.600     78.72777
GET       1.700     79.00188
GET       1.800     79.25994
GET       1.900     79.51801
GET       2.000     79.76742
GET       2.100     80.00385
GET       2.200     80.23904
GET       2.300     80.45313
GET       2.400     80.65359
GET       2.500     80.84357
GET       2.600     81.01827
GET       2.700     81.18741
GET       2.800     81.35563
GET       2.900     81.50805
GET       3.000     81.64731
GET       3.100     81.78381
GET       3.200     81.91245
GET       3.300     82.03636
GET       3.400     82.16074
GET       3.500     82.27699
GET       3.600     82.39947
GET       3.700     82.51029
GET       3.800     82.62922
GET       3.900     82.73860
GET       4.000     82.84502
GET       4.100     82.95406
GET       4.200     83.05590
GET       4.300     83.17261
GET       4.400     83.28565
GET       4.500     83.40590
GET       4.600     83.52687
GET       4.700     83.63840
GET       4.800     83.74587
GET       4.900     83.84142
GET       5.000     83.94227
GET       5.100     84.04725
GET       5.200     84.14384
GET       5.300     84.23781
GET       5.400     84.32858
GET       5.500     84.42169
GET       5.600     84.51403
GET       5.700     84.60761
GET       5.800     84.69974
GET       5.900     84.79856
GET       6.000     84.89293
GET       6.100     84.98762
GET       6.200     85.07838
GET       6.300     85.16999
GET       6.400     85.26462
GET       6.500     85.35781
GET       6.600     85.45119
GET       6.700     85.54214
GET       6.800     85.63186
GET       6.900     85.71488
GET       7.000     85.80296
GET       7.100     85.89385
GET       7.200     85.98173
GET       7.300     86.06469
GET       7.400     86.15584
GET       7.500     86.23848
GET       7.600     86.32642
GET       7.700     86.41043
GET       7.800     86.48822
GET       7.900     86.57256
GET       8.000     86.64877
GET       8.100     86.72223
GET       8.200     86.79654
GET       8.300     86.88337
GET       8.400     86.95925
GET       8.500     87.04746
GET       8.600     87.14792
GET       8.700     87.23619
GET       8.800     87.31745
GET       8.900     87.39110
GET       9.000     87.46456
GET       9.100     87.53586
GET       9.200     87.61692
GET       9.300     87.68999
GET       9.400     87.75821
GET       9.500     87.83062
GET       9.600     87.90310
GET       9.700     87.97420
GET       9.800     88.04274
GET       9.900     88.11149
GET      10.000     88.51424
GET      11.000     89.20481
GET      12.000     89.85520
GET      13.000     90.48030
GET      14.000     91.05403
GET      15.000     91.65331
GET      16.000     92.18156
GET      17.000     92.68392
GET      18.000     93.12835
GET      19.000     93.56406
GET      20.000     93.97101
GET      21.000     94.38799
GET      22.000     94.76682
GET      23.000     95.13733
GET      24.000     95.46427
GET      25.000     95.78963
GET      26.000     96.07292
GET      27.000     96.34868
GET      28.000     96.59999
GET      29.000     96.83891
GET      30.000     97.07836
GET      31.000     97.28747
GET      32.000     97.47673
GET      33.000     97.65936
GET      34.000     97.82692
GET      35.000     97.97194
GET      36.000     98.11716
GET      37.000     98.25497
GET      38.000     98.36887
GET      39.000     98.47955
GET      40.000     98.57889
GET      41.000     98.68702
GET      42.000     98.78387
GET      43.000     98.87365
GET      44.000     98.95373
GET      45.000     99.03106
GET      46.000     99.09141
GET      47.000     99.15563
GET      48.000     99.20806
GET      49.000     99.26396
GET      50.000     99.31088
GET      51.000     99.35721
GET      52.000     99.39869
GET      53.000     99.43860
GET      54.000     99.47588
GET      55.000     99.50570
GET      56.000     99.53964
GET      57.000     99.57326
GET      58.000     99.60013
GET      59.000     99.62379
GET      60.000     99.63945
GET      61.000     99.65950
GET      62.000     99.67785
GET      63.000     99.69607
GET      64.000     99.71107
GET      65.000     99.72654
GET      66.000     99.74076
GET      67.000     99.75714
GET      68.000     99.76972
GET      69.000     99.77962
GET      70.000     99.79148
GET      71.000     99.80367
GET      72.000     99.81664
GET      73.000     99.82654
GET      74.000     99.83584
GET      75.000     99.84332
GET      76.000     99.85164
GET      77.000     99.85780
GET      78.000     99.86586
GET      79.000     99.87261
GET      80.000     99.87824
GET      81.000     99.88584
GET      82.000     99.89043
GET      83.000     99.89725
GET      84.000     99.90295
GET      85.000     99.90819
GET      86.000     99.91160
GET      87.000     99.91605
GET      88.000     99.91848
GET      89.000     99.92104
GET      90.000     99.92457
GET      91.000     99.92726
GET      92.000     99.93034
GET      93.000     99.93198
GET      94.000     99.93512
GET      95.000     99.93899
GET      96.000     99.94148
GET      97.000     99.94397
GET      98.000     99.94607
GET      99.000     99.94830
GET     100.000     99.95813
GET     110.000     99.97031
GET     120.000     99.97962
GET     130.000     99.98650
GET     140.000     99.99115
GET     150.000     99.99450
GET     160.000     99.99528
GET     170.000     99.99594
GET     180.000     99.99666
GET     190.000     99.99758
GET     200.000     99.99856
GET     210.000     99.99961
GET     220.000     99.99967
GET     230.000     99.99980
GET     240.000     99.99987
GET     270.000     99.99993
GET     290.000    100.00000
