[RUN #1] Preparing benchmark client...
[RUN #1] Launching threads now...
[RUN #1 3%,   0 secs]  8 threads:       59788 ops,       0 (avg:       0) ops/sec, 0.00KB/sec (avg: 0.00KB/sec),  0.00 (avg:  0.00) msec latency[RUN #1 8%,   1 secs]  8 threads:      138173 ops,   78373 (avg:   83704) ops/sec, 2.96MB/sec (avg: 3.16MB/sec),  4.12 (avg:  3.78) msec latency[RUN #1 13%,   2 secs]  8 threads:      217472 ops,   79287 (avg:   82038) ops/sec, 2.99MB/sec (avg: 3.10MB/sec),  4.04 (avg:  3.87) msec latency[RUN #1 18%,   3 secs]  8 threads:      296782 ops,   79296 (avg:   81287) ops/sec, 2.99MB/sec (avg: 3.07MB/sec),  4.03 (avg:  3.91) msec latency[RUN #1 23%,   4 secs]  8 threads:      376317 ops,   79521 (avg:   80907) ops/sec, 3.00MB/sec (avg: 3.05MB/sec),  4.03 (avg:  3.94) msec latency[RUN #1 28%,   5 secs]  8 threads:      455549 ops,   79219 (avg:   80608) ops/sec, 2.99MB/sec (avg: 3.04MB/sec),  4.05 (avg:  3.96) msec latency[RUN #1 33%,   6 secs]  8 threads:      534253 ops,   78691 (avg:   80320) ops/sec, 2.97MB/sec (avg: 3.03MB/sec),  4.06 (avg:  3.97) msec latency[RUN #1 38%,   7 secs]  8 threads:      613576 ops,   79310 (avg:   80188) ops/sec, 2.99MB/sec (avg: 3.03MB/sec),  4.02 (avg:  3.98) msec latency[RUN #1 43%,   8 secs]  8 threads:      693112 ops,   79522 (avg:   80111) ops/sec, 3.00MB/sec (avg: 3.02MB/sec),  4.04 (avg:  3.99) msec latency[RUN #1 48%,   9 secs]  8 threads:      772266 ops,   79137 (avg:   80010) ops/sec, 2.98MB/sec (avg: 3.02MB/sec),  4.03 (avg:  3.99) msec latency[RUN #1 53%,  10 secs]  8 threads:      853370 ops,   81092 (avg:   80112) ops/sec, 3.06MB/sec (avg: 3.02MB/sec),  3.93 (avg:  3.98) msec latency[RUN #1 58%,  11 secs]  8 threads:      933618 ops,   80237 (avg:   80122) ops/sec, 3.03MB/sec (avg: 3.02MB/sec),  3.98 (avg:  3.98) msec latency[RUN #1 63%,  12 secs]  8 threads:     1014002 ops,   80371 (avg:   80142) ops/sec, 3.03MB/sec (avg: 3.02MB/sec),  3.98 (avg:  3.98) msec latency[RUN #1 68%,  13 secs]  8 threads:     1094385 ops,   80371 (avg:   80159) ops/sec, 3.03MB/sec (avg: 3.02MB/sec),  3.98 (avg:  3.98) msec latency[RUN #1 73%,  14 secs]  8 threads:     1175563 ops,   81166 (avg:   80228) ops/sec, 3.06MB/sec (avg: 3.03MB/sec),  3.96 (avg:  3.98) msec latency[RUN #1 78%,  15 secs]  8 threads:     1257088 ops,   81513 (avg:   80310) ops/sec, 3.07MB/sec (avg: 3.03MB/sec),  3.92 (avg:  3.98) msec latency[RUN #1 83%,  16 secs]  8 threads:     1337808 ops,   80708 (avg:   80334) ops/sec, 3.04MB/sec (avg: 3.03MB/sec),  3.98 (avg:  3.98) msec latency[RUN #1 88%,  17 secs]  8 threads:     1417756 ops,   79936 (avg:   80311) ops/sec, 3.01MB/sec (avg: 3.03MB/sec),  3.97 (avg:  3.98) msec latency[RUN #1 93%,  18 secs]  8 threads:     1497882 ops,   80115 (avg:   80301) ops/sec, 3.02MB/sec (avg: 3.03MB/sec),  4.00 (avg:  3.98) msec latency[RUN #1 98%,  19 secs]  8 threads:     1584291 ops,   80115 (avg:   80613) ops/sec, 3.02MB/sec (avg: 3.04MB/sec),  4.00 (avg:  3.96) msec latency[RUN #1 100%,  20 secs]  0 threads:     1697424 ops,   80115 (avg:   84824) ops/sec, 3.02MB/sec (avg: 3.20MB/sec),  4.00 (avg:  3.77) msec latency

8         Threads
40        Connections per thread
20        Seconds
Type        Ops/sec     Hits/sec   Misses/sec      Latency       KB/sec
------------------------------------------------------------------------
Sets        7717.40          ---          ---      4.21200       572.06
Gets       77088.37      3458.33     73630.04      3.72300      2703.17
Totals     84805.77      3458.33     73630.04      3.76800      3275.23


Request Latency Distribution
Type     <= msec         Percent
------------------------------------------------------------------------
SET       1.000     74.09155
SET       2.000     77.31360
SET       3.000     79.16448
SET       4.000     80.59650
SET       5.000     81.92688
SET       6.000     83.03456
SET       7.000     84.04708
SET       8.000     84.99356
SET       9.000     85.75230
SET      10.000     86.59649
SET      11.000     87.41673
SET      12.000     88.23309
SET      13.000     88.90378
SET      14.000     89.59907
SET      15.000     90.23092
SET      16.000     90.81681
SET      17.000     91.33990
SET      18.000     91.84615
SET      19.000     92.29997
SET      20.000     92.81465
SET      21.000     93.24192
SET      22.000     93.69704
SET      23.000     94.04533
SET      24.000     94.41240
SET      25.000     94.73091
SET      26.000     95.06691
SET      27.000     95.37506
SET      28.000     95.68646
SET      29.000     95.96095
SET      30.000     96.24451
SET      31.000     96.46915
SET      32.000     96.71257
SET      33.000     96.89901
SET      34.000     97.07381
SET      35.000     97.25702
SET      36.000     97.43440
SET      37.000     97.57812
SET      38.000     97.72702
SET      39.000     97.85715
SET      40.000     97.98727
SET      41.000     98.09344
SET      42.000     98.19703
SET      43.000     98.30061
SET      44.000     98.40354
SET      45.000     98.49677
SET      46.000     98.56927
SET      47.000     98.65991
SET      48.000     98.73242
SET      49.000     98.80428
SET      50.000     98.85412
SET      51.000     98.92275
SET      52.000     98.97907
SET      53.000     99.02374
SET      54.000     99.06970
SET      55.000     99.10402
SET      56.000     99.14351
SET      57.000     99.18882
SET      58.000     99.21925
SET      59.000     99.24644
SET      60.000     99.26780
SET      61.000     99.29305
SET      62.000     99.31053
SET      63.000     99.32542
SET      64.000     99.34743
SET      65.000     99.36168
SET      66.000     99.37657
SET      67.000     99.39275
SET      68.000     99.41735
SET      69.000     99.43872
SET      70.000     99.46073
SET      71.000     99.47691
SET      72.000     99.49051
SET      73.000     99.50086
SET      74.000     99.50863
SET      75.000     99.52417
SET      76.000     99.53129
SET      77.000     99.53582
SET      78.000     99.54683
SET      79.000     99.55136
SET      80.000     99.56819
SET      81.000     99.57661
SET      82.000     99.58632
SET      83.000     99.59603
SET      84.000     99.60963
SET      85.000     99.61351
SET      86.000     99.62128
SET      87.000     99.62516
SET      88.000     99.62969
SET      89.000     99.63358
SET      90.000     99.64264
SET      91.000     99.65235
SET      92.000     99.65883
SET      93.000     99.66789
SET      94.000     99.66983
SET      95.000     99.67177
SET      96.000     99.69314
SET      97.000     99.69508
SET      98.000     99.69767
SET      99.000     99.70155
SET     100.000     99.71839
SET     110.000     99.75529
SET     120.000     99.77341
SET     130.000     99.78571
SET     140.000     99.80190
SET     150.000     99.83427
SET     160.000     99.85369
SET     170.000     99.86470
SET     180.000     99.87959
SET     190.000     99.88541
SET     200.000     99.90419
SET     210.000     99.92685
SET     220.000     99.95921
SET     230.000     99.96310
SET     240.000     99.98058
SET     250.000     99.98382
SET     260.000     99.99094
SET     280.000     99.99612
SET     290.000    100.00000
---
GET       0.061      0.00006
GET       0.064      0.00013
GET       0.065      0.00019
GET       0.066      0.00032
GET       0.067      0.00052
GET       0.069      0.00058
GET       0.070      0.00065
GET       0.071      0.00078
GET       0.072      0.00091
GET       0.073      0.00149
GET       0.074      0.00169
GET       0.075      0.00175
GET       0.076      0.00201
GET       0.077      0.00233
GET       0.078      0.00279
GET       0.079      0.00298
GET       0.080      0.00324
GET       0.081      0.00350
GET       0.082      0.00434
GET       0.083      0.00544
GET       0.084      0.00609
GET       0.085      0.00732
GET       0.086      0.00784
GET       0.087      0.00888
GET       0.088      0.01095
GET       0.089      0.01296
GET       0.090      0.01542
GET       0.091      0.01899
GET       0.092      0.02307
GET       0.093      0.02618
GET       0.094      0.03104
GET       0.095      0.03519
GET       0.096      0.04031
GET       0.097      0.04543
GET       0.098      0.05016
GET       0.099      0.05645
GET       0.100      0.08374
GET       0.110      0.13338
GET       0.120      0.18490
GET       0.130      0.28206
GET       0.140      0.48945
GET       0.150      0.76321
GET       0.160      1.01630
GET       0.170      1.29414
GET       0.180      1.73323
GET       0.190      2.57519
GET       0.200      3.76563
GET       0.210      5.09133
GET       0.220      6.72319
GET       0.230      9.12799
GET       0.240     13.18779
GET       0.250     17.24474
GET       0.260     20.37944
GET       0.270     22.94302
GET       0.280     25.42274
GET       0.290     28.14259
GET       0.300     30.23247
GET       0.310     31.68384
GET       0.320     32.80746
GET       0.330     33.86303
GET       0.340     34.96364
GET       0.350     35.90392
GET       0.360     36.69013
GET       0.370     37.39080
GET       0.380     38.07877
GET       0.390     38.83122
GET       0.400     39.53882
GET       0.410     40.20903
GET       0.420     40.92078
GET       0.430     41.77686
GET       0.440     42.91649
GET       0.450     44.20979
GET       0.460     45.66945
GET       0.470     47.35868
GET       0.480     49.40494
GET       0.490     51.82374
GET       0.500     54.16061
GET       0.510     56.31985
GET       0.520     58.30065
GET       0.530     60.19617
GET       0.540     61.95273
GET       0.550     63.42063
GET       0.560     64.60212
GET       0.570     65.64668
GET       0.580     66.58941
GET       0.590     67.44342
GET       0.600     68.18012
GET       0.610     68.82745
GET       0.620     69.41904
GET       0.630     69.99093
GET       0.640     70.50903
GET       0.650     70.97735
GET       0.660     71.40121
GET       0.670     71.78645
GET       0.680     72.14608
GET       0.690     72.48083
GET       0.700     72.77144
GET       0.710     73.03425
GET       0.720     73.26387
GET       0.730     73.48105
GET       0.740     73.66881
GET       0.750     73.83861
GET       0.760     73.99254
GET       0.770     74.12935
GET       0.780     74.25489
GET       0.790     74.37634
GET       0.800     74.48367
GET       0.810     74.57965
GET       0.820     74.67298
GET       0.830     74.75918
GET       0.840     74.84343
GET       0.850     74.92263
GET       0.860     74.99483
GET       0.870     75.06159
GET       0.880     75.13184
GET       0.890     75.20268
GET       0.900     75.26431
GET       0.910     75.32997
GET       0.920     75.39231
GET       0.930     75.45097
GET       0.940     75.51332
GET       0.950     75.57521
GET       0.960     75.63659
GET       0.970     75.69867
GET       0.980     75.76517
GET       0.990     75.83205
GET       1.000     76.23595
GET       1.100     76.94518
GET       1.200     77.53865
GET       1.300     78.01021
GET       1.400     78.38287
GET       1.500     78.69863
GET       1.600     78.97226
GET       1.700     79.23779
GET       1.800     79.50306
GET       1.900     79.75919
GET       2.000     80.01182
GET       2.100     80.25233
GET       2.200     80.49673
GET       2.300     80.70912
GET       2.400     80.90433
GET       2.500     81.09779
GET       2.600     81.27718
GET       2.700     81.44738
GET       2.800     81.60344
GET       2.900     81.75315
GET       3.000     81.89301
GET       3.100     82.03359
GET       3.200     82.16502
GET       3.300     82.29095
GET       3.400     82.41772
GET       3.500     82.53529
GET       3.600     82.65473
GET       3.700     82.76329
GET       3.800     82.88222
GET       3.900     82.98980
GET       4.000     83.09817
GET       4.100     83.20763
GET       4.200     83.31405
GET       4.300     83.42779
GET       4.400     83.53557
GET       4.500     83.64932
GET       4.600     83.77110
GET       4.700     83.88264
GET       4.800     83.98471
GET       4.900     84.07908
GET       5.000     84.17759
GET       5.100     84.27474
GET       5.200     84.36722
GET       5.300     84.46029
GET       5.400     84.54733
GET       5.500     84.63755
GET       5.600     84.72666
GET       5.700     84.82245
GET       5.800     84.91831
GET       5.900     85.01728
GET       6.000     85.11080
GET       6.100     85.20568
GET       6.200     85.29946
GET       6.300     85.39117
GET       6.400     85.48735
GET       6.500     85.57588
GET       6.600     85.66357
GET       6.700     85.74905
GET       6.800     85.83460
GET       6.900     85.91451
GET       7.000     86.00084
GET       7.100     86.08950
GET       7.200     86.17862
GET       7.300     86.25833
GET       7.400     86.34635
GET       7.500     86.42775
GET       7.600     86.51453
GET       7.700     86.59606
GET       7.800     86.67714
GET       7.900     86.76036
GET       8.000     86.84254
GET       8.100     86.91597
GET       8.200     86.99283
GET       8.300     87.07391
GET       8.400     87.14929
GET       8.500     87.23056
GET       8.600     87.33108
GET       8.700     87.42078
GET       8.800     87.49998
GET       8.900     87.57464
GET       9.000     87.64502
GET       9.100     87.71884
GET       9.200     87.79454
GET       9.300     87.86758
GET       9.400     87.93460
GET       9.500     88.00718
GET       9.600     88.07167
GET       9.700     88.13862
GET       9.800     88.20836
GET       9.900     88.27647
GET      10.000     88.67227
GET      11.000     89.35239
GET      12.000     89.98384
GET      13.000     90.59047
GET      14.000     91.15957
GET      15.000     91.74663
GET      16.000     92.26317
GET      17.000     92.75787
GET      18.000     93.20150
GET      19.000     93.62302
GET      20.000     94.02673
GET      21.000     94.43309
GET      22.000     94.81243
GET      23.000     95.18315
GET      24.000     95.51018
GET      25.000     95.83579
GET      26.000     96.11771
GET      27.000     96.39296
GET      28.000     96.64197
GET      29.000     96.88216
GET      30.000     97.11359
GET      31.000     97.32604
GET      32.000     97.51672
GET      33.000     97.70318
GET      34.000     97.86935
GET      35.000     98.01524
GET      36.000     98.15711
GET      37.000     98.28919
GET      38.000     98.39639
GET      39.000     98.50897
GET      40.000     98.60657
GET      41.000     98.70930
GET      42.000     98.80373
GET      43.000     98.88863
GET      44.000     98.97042
GET      45.000     99.04333
GET      46.000     99.10095
GET      47.000     99.16245
GET      48.000     99.21294
GET      49.000     99.26913
GET      50.000     99.31281
GET      51.000     99.35883
GET      52.000     99.40141
GET      53.000     99.44055
GET      54.000     99.47594
GET      55.000     99.50556
GET      56.000     99.53732
GET      57.000     99.56933
GET      58.000     99.59740
GET      59.000     99.62112
GET      60.000     99.64088
GET      61.000     99.65942
GET      62.000     99.67815
GET      63.000     99.69695
GET      64.000     99.71133
GET      65.000     99.72682
GET      66.000     99.74212
GET      67.000     99.75722
GET      68.000     99.77044
GET      69.000     99.78113
GET      70.000     99.79235
GET      71.000     99.80486
GET      72.000     99.81646
GET      73.000     99.82793
GET      74.000     99.83713
GET      75.000     99.84361
GET      76.000     99.85100
GET      77.000     99.85917
GET      78.000     99.86604
GET      79.000     99.87245
GET      80.000     99.87965
GET      81.000     99.88762
GET      82.000     99.89228
GET      83.000     99.89857
GET      84.000     99.90311
GET      85.000     99.90829
GET      86.000     99.91354
GET      87.000     99.91814
GET      88.000     99.92015
GET      89.000     99.92346
GET      90.000     99.92586
GET      91.000     99.92832
GET      92.000     99.93000
GET      93.000     99.93201
GET      94.000     99.93512
GET      95.000     99.93752
GET      96.000     99.94063
GET      97.000     99.94381
GET      98.000     99.94737
GET      99.000     99.94925
GET     100.000     99.95943
GET     110.000     99.97239
GET     120.000     99.98114
GET     130.000     99.98795
GET     140.000     99.99080
GET     150.000     99.99436
GET     160.000     99.99598
GET     170.000     99.99663
GET     180.000     99.99767
GET     190.000     99.99825
GET     200.000     99.99903
GET     210.000     99.99968
GET     220.000     99.99981
GET     230.000     99.99994
GET     250.000    100.00000
