[RUN #1] Preparing benchmark client...
[RUN #1] Launching threads now...
[RUN #1 2%,   0 secs]  8 threads:       38148 ops,       0 (avg:       0) ops/sec, 0.00KB/sec (avg: 0.00KB/sec),  0.00 (avg:  0.00) msec latency[RUN #1 7%,   1 secs]  8 threads:      114439 ops,   76277 (avg:   84307) ops/sec, 2.88MB/sec (avg: 3.18MB/sec),  4.24 (avg:  3.74) msec latency[RUN #1 12%,   2 secs]  8 threads:      193175 ops,   78722 (avg:   81938) ops/sec, 2.97MB/sec (avg: 3.09MB/sec),  4.08 (avg:  3.88) msec latency[RUN #1 17%,   3 secs]  8 threads:      273099 ops,   79911 (avg:   81334) ops/sec, 3.01MB/sec (avg: 3.07MB/sec),  3.99 (avg:  3.91) msec latency[RUN #1 22%,   4 secs]  8 threads:      351788 ops,   78676 (avg:   80724) ops/sec, 2.97MB/sec (avg: 3.05MB/sec),  4.06 (avg:  3.95) msec latency[RUN #1 27%,   5 secs]  8 threads:      430931 ops,   79131 (avg:   80427) ops/sec, 2.98MB/sec (avg: 3.03MB/sec),  4.04 (avg:  3.96) msec latency[RUN #1 32%,   6 secs]  8 threads:      508712 ops,   77768 (avg:   80008) ops/sec, 2.93MB/sec (avg: 3.02MB/sec),  4.12 (avg:  3.99) msec latency[RUN #1 37%,   7 secs]  8 threads:      588369 ops,   79645 (avg:   79959) ops/sec, 3.00MB/sec (avg: 3.02MB/sec),  4.01 (avg:  3.99) msec latency[RUN #1 42%,   8 secs]  8 threads:      667244 ops,   78864 (avg:   79828) ops/sec, 2.97MB/sec (avg: 3.01MB/sec),  4.05 (avg:  4.00) msec latency[RUN #1 47%,   9 secs]  8 threads:      746917 ops,   79660 (avg:   79810) ops/sec, 3.00MB/sec (avg: 3.01MB/sec),  4.01 (avg:  4.00) msec latency[RUN #1 52%,  10 secs]  8 threads:      826829 ops,   79897 (avg:   79819) ops/sec, 3.01MB/sec (avg: 3.01MB/sec),  4.01 (avg:  4.00) msec latency[RUN #1 57%,  11 secs]  8 threads:      906598 ops,   79751 (avg:   79813) ops/sec, 3.01MB/sec (avg: 3.01MB/sec),  4.00 (avg:  4.00) msec latency[RUN #1 62%,  12 secs]  8 threads:      986497 ops,   79882 (avg:   79818) ops/sec, 3.01MB/sec (avg: 3.01MB/sec),  3.99 (avg:  4.00) msec latency[RUN #1 67%,  13 secs]  8 threads:     1065697 ops,   79182 (avg:   79771) ops/sec, 2.99MB/sec (avg: 3.01MB/sec),  4.04 (avg:  4.00) msec latency[RUN #1 72%,  14 secs]  8 threads:     1145713 ops,   80002 (avg:   79787) ops/sec, 3.02MB/sec (avg: 3.01MB/sec),  3.98 (avg:  4.00) msec latency[RUN #1 77%,  15 secs]  8 threads:     1224920 ops,   79196 (avg:   79748) ops/sec, 2.99MB/sec (avg: 3.01MB/sec),  4.04 (avg:  4.00) msec latency[RUN #1 82%,  16 secs]  8 threads:     1304902 ops,   79970 (avg:   79762) ops/sec, 3.02MB/sec (avg: 3.01MB/sec),  3.98 (avg:  4.00) msec latency[RUN #1 87%,  17 secs]  8 threads:     1384892 ops,   79977 (avg:   79774) ops/sec, 3.02MB/sec (avg: 3.01MB/sec),  4.03 (avg:  4.00) msec latency[RUN #1 92%,  18 secs]  8 threads:     1465144 ops,   80238 (avg:   79799) ops/sec, 3.03MB/sec (avg: 3.01MB/sec),  3.96 (avg:  4.00) msec latency[RUN #1 97%,  19 secs]  8 threads:     1551305 ops,   80238 (avg:   80128) ops/sec, 3.03MB/sec (avg: 3.02MB/sec),  3.96 (avg:  3.99) msec latency[RUN #1 100%,  20 secs]  0 threads:     1694759 ops,   80238 (avg:   84706) ops/sec, 3.03MB/sec (avg: 3.19MB/sec),  3.96 (avg:  3.77) msec latency

8         Threads
40        Connections per thread
20        Seconds
Type        Ops/sec     Hits/sec   Misses/sec      Latency       KB/sec
------------------------------------------------------------------------
Sets        7703.28          ---          ---      4.43500       571.02
Gets       76954.74      3649.55     73305.19      3.70700      2698.49
Totals     84658.02      3649.55     73305.19      3.77300      3269.51


Request Latency Distribution
Type     <= msec         Percent
------------------------------------------------------------------------
SET       1.000     75.31564
SET       2.000     78.57870
SET       3.000     80.54354
SET       4.000     81.93320
SET       5.000     82.97268
SET       6.000     83.89155
SET       7.000     84.59448
SET       8.000     85.38366
SET       9.000     86.00619
SET      10.000     86.64557
SET      11.000     87.15007
SET      12.000     87.72980
SET      13.000     88.25894
SET      14.000     88.69925
SET      15.000     89.14474
SET      16.000     89.59478
SET      17.000     90.00914
SET      18.000     90.45204
SET      19.000     90.89300
SET      20.000     91.28791
SET      21.000     91.70098
SET      22.000     92.06217
SET      23.000     92.37992
SET      24.000     92.72750
SET      25.000     93.02838
SET      26.000     93.33446
SET      27.000     93.63664
SET      28.000     93.94985
SET      29.000     94.25398
SET      30.000     94.49456
SET      31.000     94.75653
SET      32.000     94.99906
SET      33.000     95.27920
SET      34.000     95.50616
SET      35.000     95.73117
SET      36.000     95.91923
SET      37.000     96.09561
SET      38.000     96.30571
SET      39.000     96.53786
SET      40.000     96.80957
SET      41.000     96.98854
SET      42.000     97.14352
SET      43.000     97.28683
SET      44.000     97.40356
SET      45.000     97.52352
SET      46.000     97.63506
SET      47.000     97.78096
SET      48.000     97.90482
SET      49.000     98.00792
SET      50.000     98.11557
SET      51.000     98.18690
SET      52.000     98.27509
SET      53.000     98.34902
SET      54.000     98.42553
SET      55.000     98.48649
SET      56.000     98.53188
SET      57.000     98.57727
SET      58.000     98.62331
SET      59.000     98.66871
SET      60.000     98.73096
SET      61.000     98.76727
SET      62.000     98.80488
SET      63.000     98.84639
SET      64.000     98.88140
SET      65.000     98.91383
SET      66.000     98.94625
SET      67.000     98.97673
SET      68.000     99.00396
SET      69.000     99.02990
SET      70.000     99.06038
SET      71.000     99.08697
SET      72.000     99.12263
SET      73.000     99.15894
SET      74.000     99.18034
SET      75.000     99.19915
SET      76.000     99.22055
SET      77.000     99.24260
SET      78.000     99.25881
SET      79.000     99.27048
SET      80.000     99.27891
SET      81.000     99.30290
SET      82.000     99.31133
SET      83.000     99.32236
SET      84.000     99.33403
SET      85.000     99.34181
SET      86.000     99.35283
SET      87.000     99.35737
SET      88.000     99.36321
SET      89.000     99.37942
SET      90.000     99.38720
SET      91.000     99.39823
SET      92.000     99.41055
SET      93.000     99.41638
SET      94.000     99.42806
SET      95.000     99.43649
SET      96.000     99.44103
SET      97.000     99.44427
SET      98.000     99.45075
SET      99.000     99.45789
SET     100.000     99.48058
SET     110.000     99.52143
SET     120.000     99.54867
SET     130.000     99.56877
SET     140.000     99.58239
SET     150.000     99.59277
SET     160.000     99.62584
SET     170.000     99.63492
SET     180.000     99.64140
SET     190.000     99.65178
SET     200.000     99.65891
SET     210.000     99.68031
SET     220.000     99.69004
SET     230.000     99.70041
SET     240.000     99.70819
SET     250.000     99.72829
SET     260.000     99.75553
SET     270.000     99.76396
SET     280.000     99.77628
SET     290.000     99.80222
SET     300.000     99.83010
SET     310.000     99.83270
SET     320.000     99.83853
SET     400.000     99.84307
SET     410.000     99.85021
SET     420.000     99.86188
SET     430.000     99.89236
SET     440.000     99.90468
SET     450.000     99.91765
SET     470.000     99.92478
SET     480.000     99.92867
SET     510.000     99.93580
SET     520.000     99.93904
SET     530.000     99.94942
SET     540.000     99.96369
SET     550.000     99.99416
SET     560.000     99.99935
SET     570.000    100.00000
---
GET       0.062      0.00026
GET       0.063      0.00039
GET       0.064      0.00045
GET       0.065      0.00065
GET       0.067      0.00071
GET       0.068      0.00091
GET       0.069      0.00110
GET       0.070      0.00162
GET       0.071      0.00188
GET       0.072      0.00240
GET       0.073      0.00292
GET       0.074      0.00338
GET       0.075      0.00376
GET       0.076      0.00435
GET       0.077      0.00487
GET       0.078      0.00604
GET       0.079      0.00746
GET       0.080      0.00876
GET       0.081      0.01058
GET       0.082      0.01246
GET       0.083      0.01558
GET       0.084      0.01934
GET       0.085      0.02298
GET       0.086      0.02843
GET       0.087      0.03518
GET       0.088      0.04459
GET       0.089      0.05349
GET       0.090      0.06576
GET       0.091      0.07952
GET       0.092      0.09646
GET       0.093      0.11613
GET       0.094      0.13950
GET       0.095      0.16767
GET       0.096      0.19902
GET       0.097      0.23037
GET       0.098      0.26056
GET       0.099      0.29107
GET       0.100      0.44939
GET       0.110      0.77498
GET       0.120      1.20314
GET       0.130      2.00500
GET       0.140      4.19993
GET       0.150      7.07268
GET       0.160      9.06833
GET       0.170     10.61122
GET       0.180     12.25700
GET       0.190     14.71009
GET       0.200     16.79344
GET       0.210     18.05052
GET       0.220     19.01077
GET       0.230     20.04670
GET       0.240     21.55317
GET       0.250     23.13495
GET       0.260     24.62461
GET       0.270     26.25488
GET       0.280     28.47656
GET       0.290     32.02912
GET       0.300     35.81355
GET       0.310     39.31166
GET       0.320     42.68436
GET       0.330     46.34435
GET       0.340     50.60835
GET       0.350     54.09212
GET       0.360     56.73708
GET       0.370     58.79414
GET       0.380     60.60986
GET       0.390     62.34054
GET       0.400     63.70441
GET       0.410     64.77247
GET       0.420     65.66800
GET       0.430     66.53528
GET       0.440     67.38446
GET       0.450     68.10375
GET       0.460     68.68517
GET       0.470     69.19083
GET       0.480     69.66956
GET       0.490     70.14400
GET       0.500     70.56132
GET       0.510     70.91094
GET       0.520     71.23231
GET       0.530     71.57823
GET       0.540     71.92557
GET       0.550     72.22780
GET       0.560     72.48914
GET       0.570     72.74002
GET       0.580     73.01006
GET       0.590     73.30086
GET       0.600     73.55253
GET       0.610     73.78699
GET       0.620     74.02022
GET       0.630     74.28350
GET       0.640     74.55769
GET       0.650     74.81137
GET       0.660     75.03596
GET       0.670     75.26244
GET       0.680     75.50216
GET       0.690     75.74227
GET       0.700     75.96102
GET       0.710     76.16270
GET       0.720     76.36101
GET       0.730     76.58411
GET       0.740     76.80105
GET       0.750     76.99617
GET       0.760     77.18085
GET       0.770     77.36364
GET       0.780     77.56409
GET       0.790     77.74045
GET       0.800     77.90293
GET       0.810     78.05482
GET       0.820     78.20172
GET       0.830     78.35205
GET       0.840     78.49901
GET       0.850     78.62962
GET       0.860     78.75451
GET       0.870     78.88187
GET       0.880     79.01065
GET       0.890     79.13405
GET       0.900     79.24836
GET       0.910     79.34813
GET       0.920     79.44978
GET       0.930     79.55422
GET       0.940     79.65029
GET       0.950     79.74201
GET       0.960     79.82614
GET       0.970     79.91150
GET       0.980     80.00504
GET       0.990     80.08799
GET       1.000     80.46831
GET       1.100     80.97826
GET       1.200     81.40006
GET       1.300     81.77090
GET       1.400     82.09696
GET       1.500     82.39685
GET       1.600     82.67857
GET       1.700     82.94204
GET       1.800     83.18585
GET       1.900     83.40636
GET       2.000     83.60726
GET       2.100     83.79817
GET       2.200     83.97337
GET       2.300     84.14051
GET       2.400     84.30370
GET       2.500     84.45689
GET       2.600     84.59425
GET       2.700     84.73024
GET       2.800     84.85630
GET       2.900     84.96593
GET       3.000     85.07531
GET       3.100     85.17729
GET       3.200     85.27628
GET       3.300     85.37728
GET       3.400     85.47342
GET       3.500     85.56812
GET       3.600     85.66633
GET       3.700     85.76085
GET       3.800     85.85451
GET       3.900     85.94273
GET       4.000     86.04101
GET       4.100     86.12825
GET       4.200     86.21867
GET       4.300     86.31104
GET       4.400     86.41483
GET       4.500     86.50506
GET       4.600     86.59276
GET       4.700     86.67675
GET       4.800     86.75380
GET       4.900     86.82884
GET       5.000     86.89966
GET       5.100     86.97392
GET       5.200     87.04403
GET       5.300     87.11705
GET       5.400     87.18592
GET       5.500     87.25862
GET       5.600     87.33178
GET       5.700     87.40085
GET       5.800     87.46784
GET       5.900     87.53749
GET       6.000     87.60610
GET       6.100     87.67614
GET       6.200     87.73962
GET       6.300     87.80272
GET       6.400     87.86218
GET       6.500     87.92501
GET       6.600     87.98707
GET       6.700     88.04705
GET       6.800     88.11559
GET       6.900     88.16895
GET       7.000     88.22601
GET       7.100     88.28261
GET       7.200     88.34064
GET       7.300     88.39530
GET       7.400     88.44794
GET       7.500     88.50422
GET       7.600     88.55511
GET       7.700     88.60847
GET       7.800     88.65968
GET       7.900     88.71376
GET       8.000     88.77127
GET       8.100     88.82742
GET       8.200     88.87707
GET       8.300     88.93524
GET       8.400     88.99956
GET       8.500     89.05584
GET       8.600     89.11699
GET       8.700     89.17074
GET       8.800     89.22585
GET       8.900     89.27771
GET       9.000     89.32919
GET       9.100     89.38060
GET       9.200     89.42461
GET       9.300     89.46946
GET       9.400     89.51802
GET       9.500     89.56599
GET       9.600     89.61779
GET       9.700     89.66686
GET       9.800     89.71470
GET       9.900     89.76481
GET      10.000     90.02848
GET      11.000     90.45521
GET      12.000     90.88311
GET      13.000     91.29673
GET      14.000     91.68711
GET      15.000     92.02680
GET      16.000     92.38751
GET      17.000     92.73018
GET      18.000     93.07993
GET      19.000     93.39936
GET      20.000     93.69854
GET      21.000     94.01187
GET      22.000     94.30943
GET      23.000     94.57505
GET      24.000     94.84008
GET      25.000     95.09733
GET      26.000     95.35289
GET      27.000     95.58378
GET      28.000     95.79682
GET      29.000     96.01090
GET      30.000     96.23407
GET      31.000     96.43854
GET      32.000     96.62886
GET      33.000     96.81075
GET      34.000     96.99023
GET      35.000     97.15770
GET      36.000     97.31634
GET      37.000     97.45967
GET      38.000     97.61195
GET      39.000     97.74431
GET      40.000     97.87251
GET      41.000     98.00045
GET      42.000     98.11067
GET      43.000     98.22115
GET      44.000     98.30813
GET      45.000     98.41037
GET      46.000     98.50462
GET      47.000     98.58180
GET      48.000     98.66145
GET      49.000     98.73370
GET      50.000     98.80198
GET      51.000     98.87306
GET      52.000     98.93746
GET      53.000     99.00120
GET      54.000     99.05112
GET      55.000     99.09448
GET      56.000     99.13836
GET      57.000     99.18140
GET      58.000     99.22346
GET      59.000     99.26046
GET      60.000     99.29817
GET      61.000     99.33887
GET      62.000     99.37250
GET      63.000     99.40281
GET      64.000     99.43306
GET      65.000     99.46415
GET      66.000     99.49375
GET      67.000     99.51576
GET      68.000     99.54386
GET      69.000     99.56697
GET      70.000     99.58703
GET      71.000     99.61118
GET      72.000     99.63201
GET      73.000     99.64844
GET      74.000     99.66408
GET      75.000     99.67752
GET      76.000     99.69160
GET      77.000     99.70621
GET      78.000     99.72016
GET      79.000     99.73204
GET      80.000     99.74146
GET      81.000     99.75392
GET      82.000     99.76586
GET      83.000     99.77644
GET      84.000     99.78514
GET      85.000     99.79702
GET      86.000     99.80461
GET      87.000     99.81117
GET      88.000     99.81701
GET      89.000     99.82552
GET      90.000     99.83279
GET      91.000     99.83817
GET      92.000     99.84369
GET      93.000     99.85031
GET      94.000     99.85622
GET      95.000     99.86141
GET      96.000     99.86596
GET      97.000     99.87044
GET      98.000     99.87556
GET      99.000     99.88004
GET     100.000     99.90218
GET     110.000     99.93385
GET     120.000     99.95482
GET     130.000     99.96891
GET     140.000     99.97741
GET     150.000     99.98228
GET     160.000     99.98754
GET     170.000     99.98961
GET     180.000     99.99169
GET     190.000     99.99338
GET     200.000     99.99364
GET     210.000     99.99442
GET     220.000     99.99552
GET     230.000     99.99682
GET     240.000     99.99818
GET     250.000     99.99864
GET     260.000     99.99890
GET     270.000     99.99916
GET     280.000     99.99948
GET     300.000     99.99994
GET     400.000    100.00000
