[RUN #1] Preparing benchmark client...
[RUN #1] Launching threads now...
[RUN #1 2%,   0 secs]  8 threads:       45427 ops,       0 (avg:       0) ops/sec, 0.00KB/sec (avg: 0.00KB/sec),  0.00 (avg:  0.00) msec latency[RUN #1 7%,   1 secs]  8 threads:      122243 ops,   76797 (avg:   86175) ops/sec, 2.90MB/sec (avg: 3.25MB/sec),  4.26 (avg:  3.65) msec latency[RUN #1 12%,   2 secs]  8 threads:      201325 ops,   79065 (avg:   83235) ops/sec, 2.98MB/sec (avg: 3.14MB/sec),  4.07 (avg:  3.82) msec latency[RUN #1 17%,   3 secs]  8 threads:      280788 ops,   79451 (avg:   82128) ops/sec, 3.00MB/sec (avg: 3.10MB/sec),  4.00 (avg:  3.87) msec latency[RUN #1 22%,   4 secs]  8 threads:      359027 ops,   78227 (avg:   81245) ops/sec, 2.95MB/sec (avg: 3.07MB/sec),  4.10 (avg:  3.92) msec latency[RUN #1 27%,   5 secs]  8 threads:      439134 ops,   80093 (avg:   81032) ops/sec, 3.02MB/sec (avg: 3.06MB/sec),  3.98 (avg:  3.93) msec latency[RUN #1 32%,   6 secs]  8 threads:      518387 ops,   79241 (avg:   80753) ops/sec, 2.99MB/sec (avg: 3.05MB/sec),  4.05 (avg:  3.95) msec latency[RUN #1 37%,   7 secs]  8 threads:      597575 ops,   79176 (avg:   80541) ops/sec, 2.99MB/sec (avg: 3.04MB/sec),  4.05 (avg:  3.96) msec latency[RUN #1 42%,   8 secs]  8 threads:      676475 ops,   78888 (avg:   80344) ops/sec, 2.97MB/sec (avg: 3.03MB/sec),  4.06 (avg:  3.97) msec latency[RUN #1 47%,   9 secs]  8 threads:      756900 ops,   80412 (avg:   80352) ops/sec, 3.03MB/sec (avg: 3.03MB/sec),  3.97 (avg:  3.97) msec latency[RUN #1 52%,  10 secs]  8 threads:      835619 ops,   78705 (avg:   80194) ops/sec, 2.97MB/sec (avg: 3.02MB/sec),  4.03 (avg:  3.98) msec latency[RUN #1 57%,  11 secs]  8 threads:      915396 ops,   79762 (avg:   80156) ops/sec, 3.01MB/sec (avg: 3.02MB/sec),  4.03 (avg:  3.98) msec latency[RUN #1 62%,  12 secs]  8 threads:      994765 ops,   79352 (avg:   80091) ops/sec, 2.99MB/sec (avg: 3.02MB/sec),  4.03 (avg:  3.99) msec latency[RUN #1 67%,  13 secs]  8 threads:     1074783 ops,   80001 (avg:   80084) ops/sec, 3.02MB/sec (avg: 3.02MB/sec),  3.97 (avg:  3.99) msec latency[RUN #1 72%,  14 secs]  8 threads:     1155781 ops,   80984 (avg:   80147) ops/sec, 3.05MB/sec (avg: 3.02MB/sec),  3.95 (avg:  3.98) msec latency[RUN #1 77%,  15 secs]  8 threads:     1235897 ops,   80100 (avg:   80144) ops/sec, 3.02MB/sec (avg: 3.02MB/sec),  3.98 (avg:  3.98) msec latency[RUN #1 82%,  16 secs]  8 threads:     1315783 ops,   79872 (avg:   80127) ops/sec, 3.01MB/sec (avg: 3.02MB/sec),  4.00 (avg:  3.98) msec latency[RUN #1 87%,  17 secs]  8 threads:     1396143 ops,   80345 (avg:   80140) ops/sec, 3.03MB/sec (avg: 3.02MB/sec),  4.00 (avg:  3.98) msec latency[RUN #1 92%,  18 secs]  8 threads:     1475670 ops,   79512 (avg:   80106) ops/sec, 3.00MB/sec (avg: 3.02MB/sec),  4.03 (avg:  3.99) msec latency[RUN #1 97%,  19 secs]  8 threads:     1563134 ops,   87461 (avg:   80484) ops/sec, 3.30MB/sec (avg: 3.04MB/sec),  3.64 (avg:  3.97) msec latency[RUN #1 100%,  20 secs]  0 threads:     1695384 ops,   87461 (avg:   84743) ops/sec, 3.30MB/sec (avg: 3.20MB/sec),  3.64 (avg:  3.77) msec latency

8         Threads
40        Connections per thread
20        Seconds
Type        Ops/sec     Hits/sec   Misses/sec      Latency       KB/sec
------------------------------------------------------------------------
Sets        7708.61          ---          ---      4.47100       571.41
Gets       77006.86      3635.39     73371.47      3.70100      2700.32
Totals     84715.47      3635.39     73371.47      3.77200      3271.73


Request Latency Distribution
Type     <= msec         Percent
------------------------------------------------------------------------
SET       1.000     75.26350
SET       2.000     78.55383
SET       3.000     80.46866
SET       4.000     81.96214
SET       5.000     82.95975
SET       6.000     83.82641
SET       7.000     84.56732
SET       8.000     85.34906
SET       9.000     85.97265
SET      10.000     86.67272
SET      11.000     87.21981
SET      12.000     87.79283
SET      13.000     88.27640
SET      14.000     88.73987
SET      15.000     89.20205
SET      16.000     89.74201
SET      17.000     90.13612
SET      18.000     90.57886
SET      19.000     90.98140
SET      20.000     91.36903
SET      21.000     91.73332
SET      22.000     92.11123
SET      23.000     92.47683
SET      24.000     92.81195
SET      25.000     93.16782
SET      26.000     93.43554
SET      27.000     93.75575
SET      28.000     94.01569
SET      29.000     94.33590
SET      30.000     94.61464
SET      31.000     94.86161
SET      32.000     95.08848
SET      33.000     95.29915
SET      34.000     95.51047
SET      35.000     95.71271
SET      36.000     95.92208
SET      37.000     96.11460
SET      38.000     96.31296
SET      39.000     96.48149
SET      40.000     96.63966
SET      41.000     96.82310
SET      42.000     97.02016
SET      43.000     97.12711
SET      44.000     97.26518
SET      45.000     97.39548
SET      46.000     97.55299
SET      47.000     97.64439
SET      48.000     97.72995
SET      49.000     97.81357
SET      50.000     97.90432
SET      51.000     97.99248
SET      52.000     98.09101
SET      53.000     98.15518
SET      54.000     98.20834
SET      55.000     98.26214
SET      56.000     98.31983
SET      57.000     98.36650
SET      58.000     98.42484
SET      59.000     98.47994
SET      60.000     98.53244
SET      61.000     98.56809
SET      62.000     98.62190
SET      63.000     98.65236
SET      64.000     98.70357
SET      65.000     98.73015
SET      66.000     98.76061
SET      67.000     98.78719
SET      68.000     98.80858
SET      69.000     98.83321
SET      70.000     98.85785
SET      71.000     98.88378
SET      72.000     98.90257
SET      73.000     98.92461
SET      74.000     98.94017
SET      75.000     98.96286
SET      76.000     98.98490
SET      77.000     99.00045
SET      78.000     99.02249
SET      79.000     99.05750
SET      80.000     99.07824
SET      81.000     99.09704
SET      82.000     99.12880
SET      83.000     99.15603
SET      84.000     99.18260
SET      85.000     99.20399
SET      86.000     99.21242
SET      87.000     99.22085
SET      88.000     99.23316
SET      89.000     99.24159
SET      90.000     99.25002
SET      91.000     99.26622
SET      92.000     99.27659
SET      93.000     99.28243
SET      94.000     99.30123
SET      95.000     99.31484
SET      96.000     99.31938
SET      97.000     99.32715
SET      98.000     99.33234
SET      99.000     99.34077
SET     100.000     99.37058
SET     110.000     99.40559
SET     120.000     99.44189
SET     130.000     99.45809
SET     140.000     99.47365
SET     150.000     99.50606
SET     160.000     99.51254
SET     170.000     99.52097
SET     180.000     99.54884
SET     190.000     99.56246
SET     200.000     99.58903
SET     210.000     99.59746
SET     220.000     99.60394
SET     230.000     99.60459
SET     240.000     99.64348
SET     250.000     99.64802
SET     260.000     99.65709
SET     270.000     99.69988
SET     280.000     99.76081
SET     290.000     99.78350
SET     300.000     99.79776
SET     310.000     99.80424
SET     320.000     99.80618
SET     360.000     99.83146
SET     370.000     99.83535
SET     390.000     99.85091
SET     400.000     99.85156
SET     410.000     99.86517
SET     420.000     99.87036
SET     430.000     99.90406
SET     440.000     99.92934
SET     450.000     99.93648
SET     500.000     99.94101
SET     510.000     99.94749
SET     520.000     99.95074
SET     530.000     99.97018
SET     540.000     99.97731
SET     550.000     99.98704
SET     560.000     99.99611
SET     570.000    100.00000
---
GET       0.059      0.00006
GET       0.061      0.00013
GET       0.062      0.00019
GET       0.063      0.00026
GET       0.064      0.00045
GET       0.067      0.00058
GET       0.068      0.00065
GET       0.069      0.00084
GET       0.070      0.00110
GET       0.071      0.00117
GET       0.072      0.00156
GET       0.073      0.00182
GET       0.074      0.00234
GET       0.075      0.00279
GET       0.076      0.00331
GET       0.077      0.00422
GET       0.078      0.00493
GET       0.079      0.00616
GET       0.080      0.00759
GET       0.081      0.00902
GET       0.082      0.01103
GET       0.083      0.01337
GET       0.084      0.01726
GET       0.085      0.02122
GET       0.086      0.02712
GET       0.087      0.03212
GET       0.088      0.03919
GET       0.089      0.04769
GET       0.090      0.05885
GET       0.091      0.07047
GET       0.092      0.08500
GET       0.093      0.10382
GET       0.094      0.12673
GET       0.095      0.15119
GET       0.096      0.17468
GET       0.097      0.20096
GET       0.098      0.22730
GET       0.099      0.25624
GET       0.100      0.40114
GET       0.110      0.71740
GET       0.120      1.12594
GET       0.130      1.94801
GET       0.140      4.16108
GET       0.150      6.91480
GET       0.160      8.88883
GET       0.170     10.42785
GET       0.180     12.07957
GET       0.190     14.53857
GET       0.200     16.59332
GET       0.210     17.88401
GET       0.220     18.86447
GET       0.230     19.92604
GET       0.240     21.46908
GET       0.250     23.07084
GET       0.260     24.58254
GET       0.270     26.24614
GET       0.280     28.50548
GET       0.290     32.03663
GET       0.300     35.81941
GET       0.310     39.31228
GET       0.320     42.75952
GET       0.330     46.45296
GET       0.340     50.69703
GET       0.350     54.19281
GET       0.360     56.83953
GET       0.370     58.94652
GET       0.380     60.79518
GET       0.390     62.54359
GET       0.400     63.92597
GET       0.410     65.02608
GET       0.420     65.94736
GET       0.430     66.81349
GET       0.440     67.66144
GET       0.450     68.38118
GET       0.460     68.96751
GET       0.470     69.48921
GET       0.480     69.98437
GET       0.490     70.46396
GET       0.500     70.87795
GET       0.510     71.23438
GET       0.520     71.55778
GET       0.530     71.89183
GET       0.540     72.22827
GET       0.550     72.52189
GET       0.560     72.77930
GET       0.570     73.02834
GET       0.580     73.29198
GET       0.590     73.56996
GET       0.600     73.81102
GET       0.610     74.03696
GET       0.620     74.27225
GET       0.630     74.51824
GET       0.640     74.78142
GET       0.650     75.02755
GET       0.660     75.24901
GET       0.670     75.47715
GET       0.680     75.71315
GET       0.690     75.93793
GET       0.700     76.15699
GET       0.710     76.35872
GET       0.720     76.56487
GET       0.730     76.77965
GET       0.740     76.99164
GET       0.750     77.18520
GET       0.760     77.36670
GET       0.770     77.55040
GET       0.780     77.73838
GET       0.790     77.91260
GET       0.800     78.07553
GET       0.810     78.22796
GET       0.820     78.37688
GET       0.830     78.52625
GET       0.840     78.67082
GET       0.850     78.80059
GET       0.860     78.92323
GET       0.870     79.03854
GET       0.880     79.16715
GET       0.890     79.28920
GET       0.900     79.40172
GET       0.910     79.51034
GET       0.920     79.61150
GET       0.930     79.70987
GET       0.940     79.79961
GET       0.950     79.88468
GET       0.960     79.96793
GET       0.970     80.05235
GET       0.980     80.13463
GET       0.990     80.21340
GET       1.000     80.58982
GET       1.100     81.09108
GET       1.200     81.50429
GET       1.300     81.85468
GET       1.400     82.18094
GET       1.500     82.47677
GET       1.600     82.74586
GET       1.700     83.00606
GET       1.800     83.24128
GET       1.900     83.46326
GET       2.000     83.66156
GET       2.100     83.84526
GET       2.200     84.01546
GET       2.300     84.18190
GET       2.400     84.33730
GET       2.500     84.48551
GET       2.600     84.62184
GET       2.700     84.76349
GET       2.800     84.88535
GET       2.900     84.99280
GET       3.000     85.09844
GET       3.100     85.19123
GET       3.200     85.28928
GET       3.300     85.38752
GET       3.400     85.49017
GET       3.500     85.58082
GET       3.600     85.67679
GET       3.700     85.76887
GET       3.800     85.85783
GET       3.900     85.94951
GET       4.000     86.04477
GET       4.100     86.13393
GET       4.200     86.22496
GET       4.300     86.31542
GET       4.400     86.41444
GET       4.500     86.50184
GET       4.600     86.59398
GET       4.700     86.67840
GET       4.800     86.75685
GET       4.900     86.83115
GET       5.000     86.90214
GET       5.100     86.97553
GET       5.200     87.04093
GET       5.300     87.11231
GET       5.400     87.17869
GET       5.500     87.25130
GET       5.600     87.31982
GET       5.700     87.39081
GET       5.800     87.45933
GET       5.900     87.52831
GET       6.000     87.59865
GET       6.100     87.66490
GET       6.200     87.73082
GET       6.300     87.79545
GET       6.400     87.85800
GET       6.500     87.91971
GET       6.600     87.98538
GET       6.700     88.04813
GET       6.800     88.11198
GET       6.900     88.17044
GET       7.000     88.23046
GET       7.100     88.28691
GET       7.200     88.34428
GET       7.300     88.40014
GET       7.400     88.45523
GET       7.500     88.51156
GET       7.600     88.56211
GET       7.700     88.61674
GET       7.800     88.66768
GET       7.900     88.72192
GET       8.000     88.77980
GET       8.100     88.83165
GET       8.200     88.88278
GET       8.300     88.93625
GET       8.400     89.00016
GET       8.500     89.05551
GET       8.600     89.11106
GET       8.700     89.16608
GET       8.800     89.22396
GET       8.900     89.27808
GET       9.000     89.32707
GET       9.100     89.37587
GET       9.200     89.41960
GET       9.300     89.46671
GET       9.400     89.51499
GET       9.500     89.56151
GET       9.600     89.61420
GET       9.700     89.65943
GET       9.800     89.70745
GET       9.900     89.75670
GET      10.000     90.01982
GET      11.000     90.45113
GET      12.000     90.88860
GET      13.000     91.30428
GET      14.000     91.69036
GET      15.000     92.03343
GET      16.000     92.38810
GET      17.000     92.73084
GET      18.000     93.08208
GET      19.000     93.39147
GET      20.000     93.69287
GET      21.000     93.99979
GET      22.000     94.29802
GET      23.000     94.57269
GET      24.000     94.84503
GET      25.000     95.09582
GET      26.000     95.35362
GET      27.000     95.58391
GET      28.000     95.79804
GET      29.000     96.01249
GET      30.000     96.24304
GET      31.000     96.44744
GET      32.000     96.63996
GET      33.000     96.81542
GET      34.000     96.99081
GET      35.000     97.15102
GET      36.000     97.31052
GET      37.000     97.45567
GET      38.000     97.60829
GET      39.000     97.74306
GET      40.000     97.87186
GET      41.000     98.00099
GET      42.000     98.11870
GET      43.000     98.22706
GET      44.000     98.31537
GET      45.000     98.41666
GET      46.000     98.50621
GET      47.000     98.58116
GET      48.000     98.65435
GET      49.000     98.72560
GET      50.000     98.79639
GET      51.000     98.86290
GET      52.000     98.92857
GET      53.000     98.99092
GET      54.000     99.04472
GET      55.000     99.09079
GET      56.000     99.13576
GET      57.000     99.17787
GET      58.000     99.22225
GET      59.000     99.25878
GET      60.000     99.29739
GET      61.000     99.34009
GET      62.000     99.37344
GET      63.000     99.40199
GET      64.000     99.43346
GET      65.000     99.46389
GET      66.000     99.49374
GET      67.000     99.51717
GET      68.000     99.54293
GET      69.000     99.56642
GET      70.000     99.58978
GET      71.000     99.61398
GET      72.000     99.63299
GET      73.000     99.64999
GET      74.000     99.66511
GET      75.000     99.67971
GET      76.000     99.69535
GET      77.000     99.70904
GET      78.000     99.72312
GET      79.000     99.73545
GET      80.000     99.74467
GET      81.000     99.75914
GET      82.000     99.77140
GET      83.000     99.78113
GET      84.000     99.78996
GET      85.000     99.80164
GET      86.000     99.80877
GET      87.000     99.81552
GET      88.000     99.82097
GET      89.000     99.82883
GET      90.000     99.83590
GET      91.000     99.84219
GET      92.000     99.84764
GET      93.000     99.85433
GET      94.000     99.86030
GET      95.000     99.86653
GET      96.000     99.87048
GET      97.000     99.87451
GET      98.000     99.87898
GET      99.000     99.88281
GET     100.000     99.90468
GET     110.000     99.93596
GET     120.000     99.95769
GET     130.000     99.97151
GET     140.000     99.97950
GET     150.000     99.98436
GET     160.000     99.98864
GET     170.000     99.99072
GET     180.000     99.99280
GET     190.000     99.99455
GET     200.000     99.99500
GET     210.000     99.99572
GET     220.000     99.99689
GET     230.000     99.99773
GET     240.000     99.99851
GET     250.000     99.99877
GET     260.000     99.99922
GET     270.000     99.99935
GET     280.000     99.99968
GET     300.000     99.99994
GET     400.000    100.00000
