[RUN #1] Preparing benchmark client...
[RUN #1] Launching threads now...
[RUN #1 1%,   0 secs]  8 threads:       32484 ops,       0 (avg:       0) ops/sec, 0.00KB/sec (avg: 0.00KB/sec),  0.00 (avg:  0.00) msec latency[RUN #1 6%,   1 secs]  8 threads:      109913 ops,   77412 (avg:   84796) ops/sec, 2.92MB/sec (avg: 3.20MB/sec),  4.18 (avg:  3.72) msec latency[RUN #1 11%,   2 secs]  8 threads:      188076 ops,   78143 (avg:   81898) ops/sec, 2.95MB/sec (avg: 3.09MB/sec),  4.10 (avg:  3.88) msec latency[RUN #1 16%,   3 secs]  8 threads:      267281 ops,   79190 (avg:   81076) ops/sec, 2.99MB/sec (avg: 3.06MB/sec),  4.04 (avg:  3.93) msec latency[RUN #1 21%,   4 secs]  8 threads:      344530 ops,   77239 (avg:   80183) ops/sec, 2.91MB/sec (avg: 3.03MB/sec),  4.13 (avg:  3.97) msec latency[RUN #1 26%,   5 secs]  8 threads:      422650 ops,   78109 (avg:   79792) ops/sec, 2.95MB/sec (avg: 3.01MB/sec),  4.10 (avg:  4.00) msec latency[RUN #1 31%,   6 secs]  8 threads:      500793 ops,   78132 (avg:   79528) ops/sec, 2.95MB/sec (avg: 3.00MB/sec),  4.09 (avg:  4.01) msec latency[RUN #1 36%,   7 secs]  8 threads:      579586 ops,   78782 (avg:   79426) ops/sec, 2.97MB/sec (avg: 3.00MB/sec),  4.06 (avg:  4.02) msec latency[RUN #1 41%,   8 secs]  8 threads:      657485 ops,   77888 (avg:   79240) ops/sec, 2.94MB/sec (avg: 2.99MB/sec),  4.10 (avg:  4.03) msec latency[RUN #1 46%,   9 secs]  8 threads:      736269 ops,   78772 (avg:   79190) ops/sec, 2.97MB/sec (avg: 2.99MB/sec),  4.06 (avg:  4.03) msec latency[RUN #1 51%,  10 secs]  8 threads:      814005 ops,   77725 (avg:   79048) ops/sec, 2.93MB/sec (avg: 2.98MB/sec),  4.12 (avg:  4.04) msec latency[RUN #1 56%,  11 secs]  8 threads:      892367 ops,   78351 (avg:   78986) ops/sec, 2.95MB/sec (avg: 2.98MB/sec),  4.08 (avg:  4.04) msec latency[RUN #1 61%,  12 secs]  8 threads:      970748 ops,   78369 (avg:   78936) ops/sec, 2.95MB/sec (avg: 2.98MB/sec),  4.08 (avg:  4.04) msec latency[RUN #1 66%,  13 secs]  8 threads:     1050955 ops,   80194 (avg:   79030) ops/sec, 3.02MB/sec (avg: 2.98MB/sec),  3.98 (avg:  4.04) msec latency[RUN #1 71%,  14 secs]  8 threads:     1129691 ops,   78721 (avg:   79009) ops/sec, 2.97MB/sec (avg: 2.98MB/sec),  4.05 (avg:  4.04) msec latency[RUN #1 76%,  15 secs]  8 threads:     1208568 ops,   78866 (avg:   78999) ops/sec, 2.97MB/sec (avg: 2.98MB/sec),  4.06 (avg:  4.04) msec latency[RUN #1 81%,  16 secs]  8 threads:     1287755 ops,   79176 (avg:   79010) ops/sec, 2.99MB/sec (avg: 2.98MB/sec),  4.02 (avg:  4.04) msec latency[RUN #1 86%,  17 secs]  8 threads:     1366364 ops,   78594 (avg:   78986) ops/sec, 2.96MB/sec (avg: 2.98MB/sec),  4.10 (avg:  4.04) msec latency[RUN #1 91%,  18 secs]  8 threads:     1444890 ops,   78512 (avg:   78960) ops/sec, 2.96MB/sec (avg: 2.98MB/sec),  4.05 (avg:  4.04) msec latency[RUN #1 96%,  19 secs]  8 threads:     1529126 ops,   84234 (avg:   79234) ops/sec, 3.18MB/sec (avg: 2.99MB/sec),  3.83 (avg:  4.03) msec latency[RUN #1 100%,  20 secs]  0 threads:     1681483 ops,   84234 (avg:   84042) ops/sec, 3.18MB/sec (avg: 3.17MB/sec),  3.83 (avg:  3.80) msec latency

8         Threads
40        Connections per thread
20        Seconds
Type        Ops/sec     Hits/sec   Misses/sec      Latency       KB/sec
------------------------------------------------------------------------
Sets        7643.49          ---          ---      4.38900       566.58
Gets       76354.20      3633.24     72720.96      3.74400      2677.43
Totals     83997.70      3633.24     72720.96      3.80300      3244.01


Request Latency Distribution
Type     <= msec         Percent
------------------------------------------------------------------------
SET       1.000     75.70666
SET       2.000     79.07117
SET       3.000     80.97367
SET       4.000     82.33829
SET       5.000     83.24086
SET       6.000     84.03427
SET       7.000     84.75645
SET       8.000     85.59954
SET       9.000     86.16421
SET      10.000     86.82823
SET      11.000     87.37787
SET      12.000     87.93927
SET      13.000     88.42617
SET      14.000     88.80981
SET      15.000     89.23266
SET      16.000     89.71041
SET      17.000     90.15352
SET      18.000     90.68878
SET      19.000     91.12013
SET      20.000     91.50377
SET      21.000     91.86388
SET      22.000     92.25797
SET      23.000     92.57429
SET      24.000     92.89323
SET      25.000     93.19321
SET      26.000     93.51803
SET      27.000     93.82128
SET      28.000     94.07878
SET      29.000     94.37353
SET      30.000     94.69182
SET      31.000     94.97938
SET      32.000     95.24865
SET      33.000     95.53033
SET      34.000     95.75188
SET      35.000     95.95253
SET      36.000     96.12049
SET      37.000     96.30937
SET      38.000     96.51393
SET      39.000     96.67667
SET      40.000     96.81391
SET      41.000     96.97665
SET      42.000     97.18121
SET      43.000     97.31846
SET      44.000     97.45244
SET      45.000     97.56746
SET      46.000     97.69033
SET      47.000     97.77529
SET      48.000     97.88640
SET      49.000     98.00992
SET      50.000     98.08704
SET      51.000     98.19357
SET      52.000     98.27200
SET      53.000     98.32494
SET      54.000     98.37853
SET      55.000     98.43343
SET      56.000     98.48375
SET      57.000     98.54388
SET      58.000     98.58244
SET      59.000     98.63734
SET      60.000     98.69485
SET      61.000     98.74648
SET      62.000     98.79223
SET      63.000     98.83013
SET      64.000     98.88111
SET      65.000     98.92359
SET      66.000     98.95300
SET      67.000     98.98045
SET      68.000     99.00790
SET      69.000     99.03862
SET      70.000     99.06607
SET      71.000     99.09221
SET      72.000     99.11312
SET      73.000     99.13600
SET      74.000     99.15626
SET      75.000     99.16933
SET      76.000     99.19286
SET      77.000     99.21312
SET      78.000     99.22815
SET      79.000     99.24318
SET      80.000     99.25233
SET      81.000     99.27586
SET      82.000     99.28566
SET      83.000     99.29743
SET      84.000     99.30984
SET      85.000     99.32030
SET      86.000     99.33207
SET      87.000     99.33991
SET      88.000     99.34775
SET      89.000     99.36017
SET      90.000     99.36736
SET      91.000     99.37389
SET      92.000     99.38696
SET      93.000     99.39546
SET      94.000     99.40657
SET      95.000     99.40853
SET      96.000     99.42618
SET      97.000     99.43337
SET      98.000     99.43729
SET      99.000     99.44317
SET     100.000     99.46343
SET     110.000     99.53401
SET     120.000     99.55624
SET     130.000     99.57846
SET     140.000     99.58761
SET     150.000     99.60394
SET     160.000     99.61179
SET     170.000     99.63270
SET     180.000     99.65819
SET     190.000     99.67191
SET     200.000     99.67453
SET     210.000     99.68368
SET     220.000     99.69021
SET     230.000     99.71897
SET     240.000     99.73139
SET     250.000     99.74446
SET     260.000     99.75688
SET     270.000     99.78694
SET     280.000     99.81700
SET     290.000     99.82093
SET     300.000     99.82419
SET     310.000     99.83138
SET     320.000     99.84315
SET     390.000     99.85099
SET     400.000     99.85426
SET     410.000     99.87582
SET     420.000     99.88955
SET     430.000     99.90850
SET     440.000     99.91373
SET     450.000     99.92419
SET     460.000     99.92484
SET     510.000     99.93138
SET     520.000     99.95425
SET     530.000     99.96013
SET     540.000     99.97974
SET     550.000     99.99085
SET     560.000     99.99543
SET     570.000    100.00000
---
GET       0.057      0.00007
GET       0.061      0.00013
GET       0.062      0.00020
GET       0.064      0.00026
GET       0.065      0.00039
GET       0.066      0.00059
GET       0.068      0.00085
GET       0.069      0.00092
GET       0.070      0.00098
GET       0.071      0.00111
GET       0.072      0.00124
GET       0.073      0.00157
GET       0.074      0.00222
GET       0.075      0.00288
GET       0.076      0.00379
GET       0.077      0.00445
GET       0.078      0.00530
GET       0.079      0.00635
GET       0.080      0.00765
GET       0.081      0.00942
GET       0.082      0.01132
GET       0.083      0.01387
GET       0.084      0.01695
GET       0.085      0.02074
GET       0.086      0.02519
GET       0.087      0.03088
GET       0.088      0.03834
GET       0.089      0.04612
GET       0.090      0.05430
GET       0.091      0.06588
GET       0.092      0.07779
GET       0.093      0.09441
GET       0.094      0.11482
GET       0.095      0.13582
GET       0.096      0.15597
GET       0.097      0.17697
GET       0.098      0.19928
GET       0.099      0.22369
GET       0.100      0.35375
GET       0.110      0.63547
GET       0.120      1.01376
GET       0.130      1.75168
GET       0.140      3.74779
GET       0.150      6.20560
GET       0.160      7.96212
GET       0.170      9.36509
GET       0.180     10.86659
GET       0.190     13.12296
GET       0.200     14.98259
GET       0.210     16.14617
GET       0.220     17.04471
GET       0.230     18.04964
GET       0.240     19.56337
GET       0.250     21.13121
GET       0.260     22.60104
GET       0.270     24.23168
GET       0.280     26.48917
GET       0.290     30.19096
GET       0.300     34.07470
GET       0.310     37.68098
GET       0.320     41.16406
GET       0.330     45.01895
GET       0.340     49.45122
GET       0.350     53.07470
GET       0.360     55.76045
GET       0.370     57.88623
GET       0.380     59.78211
GET       0.390     61.55852
GET       0.400     62.94160
GET       0.410     64.02850
GET       0.420     64.95688
GET       0.430     65.83913
GET       0.440     66.70751
GET       0.450     67.41652
GET       0.460     68.00600
GET       0.470     68.51553
GET       0.480     69.01753
GET       0.490     69.50436
GET       0.500     69.92392
GET       0.510     70.27107
GET       0.520     70.59793
GET       0.530     70.94219
GET       0.540     71.28940
GET       0.550     71.58630
GET       0.560     71.85179
GET       0.570     72.11173
GET       0.580     72.38461
GET       0.590     72.66843
GET       0.600     72.92934
GET       0.610     73.16971
GET       0.620     73.41028
GET       0.630     73.67996
GET       0.640     73.95978
GET       0.650     74.22010
GET       0.660     74.44948
GET       0.670     74.69391
GET       0.680     74.94809
GET       0.690     75.19892
GET       0.700     75.42523
GET       0.710     75.63799
GET       0.720     75.84911
GET       0.730     76.08294
GET       0.740     76.32024
GET       0.750     76.52665
GET       0.760     76.71998
GET       0.770     76.91979
GET       0.780     77.12097
GET       0.790     77.31051
GET       0.800     77.48369
GET       0.810     77.63685
GET       0.820     77.79589
GET       0.830     77.95566
GET       0.840     78.11189
GET       0.850     78.25275
GET       0.860     78.38589
GET       0.870     78.52315
GET       0.880     78.66702
GET       0.890     78.79741
GET       0.900     78.91269
GET       0.910     79.01639
GET       0.920     79.12938
GET       0.930     79.24348
GET       0.940     79.34626
GET       0.950     79.43923
GET       0.960     79.52631
GET       0.970     79.61804
GET       0.980     79.71251
GET       0.990     79.79861
GET       1.000     80.21000
GET       1.100     80.75754
GET       1.200     81.20419
GET       1.300     81.58032
GET       1.400     81.92014
GET       1.500     82.22155
GET       1.600     82.50268
GET       1.700     82.76909
GET       1.800     83.01332
GET       1.900     83.23544
GET       2.000     83.44355
GET       2.100     83.63335
GET       2.200     83.81281
GET       2.300     83.99018
GET       2.400     84.15099
GET       2.500     84.31180
GET       2.600     84.45247
GET       2.700     84.58894
GET       2.800     84.71907
GET       2.900     84.83121
GET       3.000     84.94243
GET       3.100     85.04384
GET       3.200     85.14276
GET       3.300     85.24502
GET       3.400     85.34715
GET       3.500     85.44424
GET       3.600     85.53793
GET       3.700     85.63515
GET       3.800     85.72897
GET       3.900     85.82181
GET       4.000     85.91942
GET       4.100     86.00624
GET       4.200     86.09463
GET       4.300     86.19342
GET       4.400     86.29810
GET       4.500     86.39166
GET       4.600     86.47468
GET       4.700     86.55770
GET       4.800     86.63798
GET       4.900     86.72048
GET       5.000     86.79395
GET       5.100     86.86782
GET       5.200     86.94005
GET       5.300     87.01136
GET       5.400     87.07619
GET       5.500     87.14568
GET       5.600     87.22190
GET       5.700     87.29092
GET       5.800     87.35975
GET       5.900     87.43001
GET       6.000     87.49975
GET       6.100     87.56956
GET       6.200     87.63473
GET       6.300     87.69995
GET       6.400     87.76584
GET       6.500     87.82779
GET       6.600     87.89165
GET       6.700     87.95472
GET       6.800     88.01622
GET       6.900     88.07732
GET       7.000     88.13634
GET       7.100     88.19463
GET       7.200     88.25345
GET       7.300     88.30906
GET       7.400     88.36500
GET       7.500     88.42107
GET       7.600     88.47432
GET       7.700     88.53013
GET       7.800     88.57998
GET       7.900     88.63775
GET       8.000     88.69539
GET       8.100     88.74891
GET       8.200     88.79863
GET       8.300     88.85627
GET       8.400     88.92412
GET       8.500     88.97790
GET       8.600     89.03665
GET       8.700     89.09448
GET       8.800     89.15232
GET       8.900     89.20485
GET       9.000     89.25523
GET       9.100     89.30594
GET       9.200     89.34977
GET       9.300     89.39557
GET       9.400     89.44195
GET       9.500     89.49102
GET       9.600     89.53898
GET       9.700     89.58877
GET       9.800     89.63496
GET       9.900     89.68481
GET      10.000     89.95338
GET      11.000     90.37929
GET      12.000     90.80370
GET      13.000     91.22157
GET      14.000     91.61366
GET      15.000     91.95675
GET      16.000     92.32097
GET      17.000     92.67112
GET      18.000     93.01846
GET      19.000     93.33335
GET      20.000     93.63587
GET      21.000     93.94226
GET      22.000     94.24832
GET      23.000     94.51917
GET      24.000     94.78486
GET      25.000     95.04460
GET      26.000     95.30322
GET      27.000     95.53699
GET      28.000     95.75786
GET      29.000     95.97167
GET      30.000     96.20085
GET      31.000     96.40138
GET      32.000     96.59981
GET      33.000     96.78496
GET      34.000     96.96338
GET      35.000     97.12877
GET      36.000     97.28854
GET      37.000     97.43398
GET      38.000     97.58511
GET      39.000     97.72283
GET      40.000     97.85256
GET      41.000     97.98328
GET      42.000     98.10262
GET      43.000     98.20926
GET      44.000     98.29948
GET      45.000     98.40076
GET      46.000     98.49288
GET      47.000     98.57204
GET      48.000     98.64708
GET      49.000     98.72383
GET      50.000     98.79036
GET      51.000     98.85716
GET      52.000     98.92422
GET      53.000     98.98814
GET      54.000     99.04094
GET      55.000     99.08661
GET      56.000     99.13188
GET      57.000     99.17192
GET      58.000     99.21307
GET      59.000     99.25023
GET      60.000     99.28903
GET      61.000     99.33339
GET      62.000     99.36675
GET      63.000     99.39626
GET      64.000     99.42904
GET      65.000     99.45841
GET      66.000     99.49126
GET      67.000     99.51219
GET      68.000     99.53771
GET      69.000     99.55917
GET      70.000     99.58148
GET      71.000     99.60490
GET      72.000     99.62440
GET      73.000     99.64010
GET      74.000     99.65757
GET      75.000     99.67098
GET      76.000     99.68491
GET      77.000     99.69911
GET      78.000     99.71344
GET      79.000     99.72567
GET      80.000     99.73510
GET      81.000     99.74955
GET      82.000     99.76172
GET      83.000     99.77147
GET      84.000     99.77939
GET      85.000     99.79149
GET      86.000     99.79947
GET      87.000     99.80660
GET      88.000     99.81243
GET      89.000     99.82054
GET      90.000     99.82833
GET      91.000     99.83533
GET      92.000     99.84128
GET      93.000     99.84717
GET      94.000     99.85201
GET      95.000     99.85829
GET      96.000     99.86307
GET      97.000     99.86712
GET      98.000     99.87249
GET      99.000     99.87602
GET     100.000     99.89951
GET     110.000     99.93045
GET     120.000     99.95322
GET     130.000     99.96670
GET     140.000     99.97599
GET     150.000     99.98116
GET     160.000     99.98724
GET     170.000     99.98966
GET     180.000     99.99221
GET     190.000     99.99398
GET     200.000     99.99477
GET     210.000     99.99575
GET     220.000     99.99686
GET     230.000     99.99732
GET     240.000     99.99836
GET     250.000     99.99850
GET     260.000     99.99895
GET     270.000     99.99941
GET     280.000     99.99974
GET     300.000    100.00000
