[RUN #1] Preparing benchmark client...
[RUN #1] Launching threads now...
[RUN #1 5%,   0 secs]  8 threads:       46586 ops,       0 (avg:       0) ops/sec, 0.00KB/sec (avg: 0.00KB/sec),  0.00 (avg:  0.00) msec latency[RUN #1 10%,   1 secs]  8 threads:       94283 ops,   47687 (avg:   47150) ops/sec, 1.80MB/sec (avg: 1.78MB/sec),  7.29 (avg:  6.50) msec latency[RUN #1 15%,   2 secs]  8 threads:      139755 ops,   45464 (avg:   46588) ops/sec, 1.72MB/sec (avg: 1.76MB/sec),  7.60 (avg:  6.86) msec latency[RUN #1 20%,   3 secs]  8 threads:      188093 ops,   48331 (avg:   47024) ops/sec, 1.82MB/sec (avg: 1.77MB/sec),  6.62 (avg:  6.79) msec latency[RUN #1 25%,   5 secs]  8 threads:      235823 ops,   47723 (avg:   47164) ops/sec, 1.80MB/sec (avg: 1.78MB/sec),  6.70 (avg:  6.77) msec latency[RUN #1 30%,   6 secs]  8 threads:      283382 ops,   47552 (avg:   47228) ops/sec, 1.79MB/sec (avg: 1.78MB/sec),  6.73 (avg:  6.77) msec latency[RUN #1 35%,   7 secs]  8 threads:      330976 ops,   47586 (avg:   47279) ops/sec, 1.79MB/sec (avg: 1.78MB/sec),  6.73 (avg:  6.76) msec latency[RUN #1 40%,   8 secs]  8 threads:      378444 ops,   47460 (avg:   47302) ops/sec, 1.79MB/sec (avg: 1.78MB/sec),  6.74 (avg:  6.76) msec latency[RUN #1 45%,   9 secs]  8 threads:      425953 ops,   47501 (avg:   47324) ops/sec, 1.79MB/sec (avg: 1.79MB/sec),  6.74 (avg:  6.76) msec latency[RUN #1 50%,  10 secs]  8 threads:      473638 ops,   47678 (avg:   47359) ops/sec, 1.80MB/sec (avg: 1.79MB/sec),  6.71 (avg:  6.75) msec latency[RUN #1 55%,  11 secs]  8 threads:      521105 ops,   47460 (avg:   47369) ops/sec, 1.79MB/sec (avg: 1.79MB/sec),  6.73 (avg:  6.75) msec latency[RUN #1 60%,  12 secs]  8 threads:      568638 ops,   47526 (avg:   47382) ops/sec, 1.79MB/sec (avg: 1.79MB/sec),  6.73 (avg:  6.75) msec latency[RUN #1 65%,  13 secs]  8 threads:      616172 ops,   47527 (avg:   47393) ops/sec, 1.79MB/sec (avg: 1.79MB/sec),  6.73 (avg:  6.75) msec latency[RUN #1 70%,  14 secs]  8 threads:      663800 ops,   47621 (avg:   47409) ops/sec, 1.80MB/sec (avg: 1.79MB/sec),  6.71 (avg:  6.74) msec latency[RUN #1 75%,  15 secs]  8 threads:      711459 ops,   47652 (avg:   47425) ops/sec, 1.80MB/sec (avg: 1.79MB/sec),  6.71 (avg:  6.74) msec latency[RUN #1 80%,  16 secs]  8 threads:      759094 ops,   47627 (avg:   47438) ops/sec, 1.80MB/sec (avg: 1.79MB/sec),  6.72 (avg:  6.74) msec latency[RUN #1 85%,  17 secs]  8 threads:      806379 ops,   47277 (avg:   47428) ops/sec, 1.78MB/sec (avg: 1.79MB/sec),  6.77 (avg:  6.74) msec latency[RUN #1 90%,  18 secs]  8 threads:      854015 ops,   47628 (avg:   47440) ops/sec, 1.80MB/sec (avg: 1.79MB/sec),  6.70 (avg:  6.74) msec latency[RUN #1 95%,  19 secs]  8 threads:      902828 ops,   48805 (avg:   47511) ops/sec, 1.84MB/sec (avg: 1.79MB/sec),  6.56 (avg:  6.73) msec latency[RUN #1 100%,  20 secs]  8 threads:      956736 ops,   48805 (avg:   47832) ops/sec, 1.84MB/sec (avg: 1.80MB/sec),  6.56 (avg:  6.69) msec latency[RUN #1 100%,  20 secs]  0 threads:      956897 ops,   48805 (avg:   47836) ops/sec, 1.84MB/sec (avg: 1.80MB/sec),  6.56 (avg:  6.69) msec latency

8         Threads
40        Connections per thread
20        Seconds
Type        Ops/sec     Hits/sec   Misses/sec      Latency       KB/sec
------------------------------------------------------------------------
Sets        4356.48          ---          ---      8.36300       322.92
Gets       43476.62       997.60     42479.02      6.51800      1524.53
Totals     47833.10       997.60     42479.02      6.68600      1847.45


Request Latency Distribution
Type     <= msec         Percent
------------------------------------------------------------------------
SET       1.000      0.03557
SET       2.000      0.89500
SET       3.000      3.22658
SET       4.000     51.47617
SET       5.000     79.00655
SET       6.000     86.88368
SET       7.000     88.35240
SET       8.000     88.87563
SET       9.000     89.42525
SET      10.000     89.64212
SET      11.000     89.64785
SET      12.000     89.65129
SET      13.000     89.67424
SET      14.000     89.69146
SET      15.000     89.94733
SET      16.000     90.32140
SET      17.000     90.73332
SET      18.000     92.95935
SET      19.000     99.06484
SET      20.000     99.19794
SET      21.000     99.20139
SET      22.000     99.20483
SET      23.000     99.20827
SET      24.000     99.31154
SET      25.000     99.68331
SET      26.000     99.73380
SET      29.000     99.73494
SET      33.000     99.73724
SET      36.000     99.73839
SET      37.000     99.73953
SET      39.000     99.74068
SET      41.000     99.74297
SET      45.000     99.74527
SET      47.000     99.74642
SET      49.000     99.74756
SET      50.000     99.74871
SET      53.000     99.75101
SET      59.000     99.75215
SET      62.000     99.75330
SET      65.000     99.75445
SET      78.000     99.75560
SET      80.000     99.75674
SET      82.000     99.75789
SET      85.000     99.75904
SET      87.000     99.76019
SET      89.000     99.76133
SET      91.000     99.76248
SET      93.000     99.76363
SET      96.000     99.76478
SET      98.000     99.76592
SET     100.000     99.76822
SET     110.000     99.77051
SET     120.000     99.77166
SET     130.000     99.77396
SET     140.000     99.77740
SET     150.000     99.77969
SET     160.000     99.78314
SET     170.000     99.78772
SET     180.000     99.79231
SET     190.000     99.79576
SET     200.000     99.79920
SET     210.000     99.80379
SET     220.000     99.80838
SET     230.000     99.81297
SET     240.000     99.81641
SET     350.000     99.81871
SET     360.000     99.82215
SET     370.000     99.82674
SET     380.000     99.83247
SET     390.000     99.83821
SET     400.000     99.84395
SET     410.000     99.84854
SET     420.000     99.85428
SET     430.000     99.86001
SET     440.000     99.86346
SET     620.000     99.86690
SET     630.000     99.87149
SET     640.000     99.87722
SET     650.000     99.88411
SET     660.000     99.88985
SET     670.000     99.89673
SET     680.000     99.89903
SET     690.000     99.90017
SET     700.000     99.90247
SET     710.000     99.90476
SET     720.000     99.90706
SET     730.000     99.90821
SET     900.000     99.91165
SET     910.000     99.91394
SET     920.000     99.91738
SET     930.000     99.92083
SET     940.000     99.92542
SET     950.000     99.92886
SET     960.000     99.93115
SET     970.000     99.93345
SET     980.000     99.93574
SET     990.000     99.93804
SET    1100.000     99.94837
SET    1200.000     99.95296
SET    1300.000     99.96558
SET    1400.000     99.96902
SET    1600.000     99.97705
SET    1700.000     99.98508
SET    2200.000     99.99312
SET    2300.000    100.00000
---
GET       1.400      0.00057
GET       1.500      0.00092
GET       1.600      0.00621
GET       1.700      0.02288
GET       1.800      0.03656
GET       1.900      0.04369
GET       2.000      0.05944
GET       2.100      0.09325
GET       2.200      0.15637
GET       2.300      0.23628
GET       2.400      0.30998
GET       2.500      0.38092
GET       2.600      0.46508
GET       2.700      0.58477
GET       2.800      0.70860
GET       2.900      0.86830
GET       3.000      1.16298
GET       3.100      1.75523
GET       3.200      1.96391
GET       3.300      2.14614
GET       3.400      2.28595
GET       3.500      2.44025
GET       3.600      2.59352
GET       3.700      2.77771
GET       3.800      2.95788
GET       3.900      3.18035
GET       4.000      3.40720
GET       4.100      3.64129
GET       4.200      4.49752
GET       4.300     10.57562
GET       4.400     33.50242
GET       4.500     46.32456
GET       4.600     49.87330
GET       4.700     50.88681
GET       4.800     51.23174
GET       4.900     51.54827
GET       5.000     51.79259
GET       5.100     52.07543
GET       5.200     52.33953
GET       5.300     52.61697
GET       5.400     52.98570
GET       5.500     53.61933
GET       5.600     54.70091
GET       5.700     56.02854
GET       5.800     61.41230
GET       5.900     74.76045
GET       6.000     82.61596
GET       6.100     85.13474
GET       6.200     85.88852
GET       6.300     86.14768
GET       6.400     86.33038
GET       6.500     86.49422
GET       6.600     86.64093
GET       6.700     86.80477
GET       6.800     86.92515
GET       6.900     87.03886
GET       7.000     87.17775
GET       7.100     87.32492
GET       7.200     87.47094
GET       7.300     87.62949
GET       7.400     87.80380
GET       7.500     87.97465
GET       7.600     88.13309
GET       7.700     88.31889
GET       7.800     88.50055
GET       7.900     88.59276
GET       8.000     88.66405
GET       8.100     88.72510
GET       8.200     88.76592
GET       8.300     88.80006
GET       8.400     88.84571
GET       8.500     88.89630
GET       8.600     88.94401
GET       8.700     88.99414
GET       8.800     89.06163
GET       8.900     89.12039
GET       9.000     89.17006
GET       9.100     89.21674
GET       9.200     89.26756
GET       9.300     89.31286
GET       9.400     89.36621
GET       9.500     89.41461
GET       9.600     89.46669
GET       9.700     89.52579
GET       9.800     89.59271
GET       9.900     89.65606
GET      10.000     89.87130
GET      11.000     89.91154
GET      12.000     89.92223
GET      13.000     89.92763
GET      14.000     89.93200
GET      15.000     90.01260
GET      16.000     90.39547
GET      17.000     90.73339
GET      18.000     91.25733
GET      19.000     97.77970
GET      20.000     99.44087
GET      21.000     99.45720
GET      22.000     99.45961
GET      23.000     99.46191
GET      24.000     99.49112
GET      25.000     99.77258
GET      26.000     99.99805
GET      27.000    100.00000
