[RUN #1] Preparing benchmark client...
[RUN #1] Launching threads now...
[RUN #1 5%,   0 secs]  8 threads:       40596 ops,       0 (avg:       0) ops/sec, 0.00KB/sec (avg: 0.00KB/sec),  0.00 (avg:  0.00) msec latency[RUN #1 10%,   1 secs]  8 threads:       85017 ops,   44413 (avg:   44282) ops/sec, 1.68MB/sec (avg: 1.67MB/sec),  8.23 (avg:  6.90) msec latency[RUN #1 15%,   2 secs]  8 threads:      129923 ops,   44898 (avg:   44493) ops/sec, 1.69MB/sec (avg: 1.68MB/sec),  7.71 (avg:  7.18) msec latency[RUN #1 20%,   3 secs]  8 threads:      175559 ops,   45628 (avg:   44783) ops/sec, 1.72MB/sec (avg: 1.69MB/sec),  7.01 (avg:  7.14) msec latency[RUN #1 25%,   4 secs]  8 threads:      221403 ops,   45837 (avg:   44997) ops/sec, 1.73MB/sec (avg: 1.70MB/sec),  6.98 (avg:  7.10) msec latency[RUN #1 30%,   5 secs]  8 threads:      267215 ops,   45805 (avg:   45133) ops/sec, 1.73MB/sec (avg: 1.70MB/sec),  6.98 (avg:  7.08) msec latency[RUN #1 35%,   6 secs]  8 threads:      313063 ops,   45841 (avg:   45236) ops/sec, 1.73MB/sec (avg: 1.71MB/sec),  6.98 (avg:  7.07) msec latency[RUN #1 40%,   7 secs]  8 threads:      358848 ops,   45777 (avg:   45304) ops/sec, 1.73MB/sec (avg: 1.71MB/sec),  6.98 (avg:  7.06) msec latency[RUN #1 45%,   8 secs]  8 threads:      404631 ops,   45775 (avg:   45357) ops/sec, 1.73MB/sec (avg: 1.71MB/sec),  6.99 (avg:  7.05) msec latency[RUN #1 50%,   9 secs]  8 threads:      450401 ops,   45763 (avg:   45398) ops/sec, 1.73MB/sec (avg: 1.71MB/sec),  6.99 (avg:  7.04) msec latency[RUN #1 55%,  10 secs]  8 threads:      496017 ops,   45609 (avg:   45417) ops/sec, 1.72MB/sec (avg: 1.71MB/sec),  7.01 (avg:  7.04) msec latency[RUN #1 60%,  11 secs]  8 threads:      541720 ops,   45695 (avg:   45440) ops/sec, 1.72MB/sec (avg: 1.71MB/sec),  7.00 (avg:  7.04) msec latency[RUN #1 65%,  12 secs]  8 threads:      587785 ops,   46057 (avg:   45488) ops/sec, 1.74MB/sec (avg: 1.72MB/sec),  6.95 (avg:  7.03) msec latency[RUN #1 70%,  13 secs]  8 threads:      633659 ops,   45867 (avg:   45515) ops/sec, 1.73MB/sec (avg: 1.72MB/sec),  6.98 (avg:  7.03) msec latency[RUN #1 75%,  14 secs]  8 threads:      679434 ops,   45768 (avg:   45532) ops/sec, 1.73MB/sec (avg: 1.72MB/sec),  6.98 (avg:  7.02) msec latency[RUN #1 80%,  15 secs]  8 threads:      725209 ops,   45768 (avg:   45547) ops/sec, 1.73MB/sec (avg: 1.72MB/sec),  6.99 (avg:  7.02) msec latency[RUN #1 85%,  16 secs]  8 threads:      770863 ops,   45647 (avg:   45553) ops/sec, 1.72MB/sec (avg: 1.72MB/sec),  7.00 (avg:  7.02) msec latency[RUN #1 90%,  17 secs]  8 threads:      816381 ops,   45509 (avg:   45551) ops/sec, 1.72MB/sec (avg: 1.72MB/sec),  7.04 (avg:  7.02) msec latency[RUN #1 95%,  18 secs]  8 threads:      862011 ops,   45622 (avg:   45554) ops/sec, 1.72MB/sec (avg: 1.72MB/sec),  7.00 (avg:  7.02) msec latency[RUN #1 100%,  19 secs]  8 threads:      909351 ops,   45622 (avg:   45645) ops/sec, 1.72MB/sec (avg: 1.72MB/sec),  7.00 (avg:  7.01) msec latency[RUN #1 100%,  20 secs]  0 threads:     1014023 ops,   45622 (avg:   50695) ops/sec, 1.72MB/sec (avg: 1.91MB/sec),  7.00 (avg:  6.31) msec latency

8         Threads
40        Connections per thread
20        Seconds
Type        Ops/sec     Hits/sec   Misses/sec      Latency       KB/sec
------------------------------------------------------------------------
Sets        4859.22          ---          ---      8.25500       360.17
Gets       48507.06      1034.57     47472.50      6.11400      1700.96
Totals     53366.29      1034.57     47472.50      6.30900      2061.13


Request Latency Distribution
Type     <= msec         Percent
------------------------------------------------------------------------
SET       1.000      7.92042
SET       2.000      8.70239
SET       3.000     11.38404
SET       4.000     14.39278
SET       5.000     17.66471
SET       6.000     66.63201
SET       7.000     99.74873
SET       8.000     99.75956
SET       9.000     99.76064
SET      10.000     99.76606
SET      11.000     99.77364
SET      12.000     99.78014
SET      13.000     99.78230
SET      14.000     99.78339
SET      41.000     99.78447
SET      42.000     99.78555
SET      46.000     99.78664
SET      52.000     99.78772
SET      53.000     99.78880
SET      55.000     99.78989
SET      57.000     99.79097
SET      59.000     99.79205
SET      62.000     99.79314
SET      66.000     99.79422
SET      67.000     99.79530
SET      69.000     99.79638
SET      70.000     99.79747
SET      74.000     99.79855
SET      78.000     99.79963
SET      88.000     99.80072
SET      90.000     99.80180
SET      92.000     99.80288
SET      94.000     99.80397
SET      96.000     99.80505
SET      97.000     99.80613
SET     100.000     99.81046
SET     110.000     99.81263
SET     120.000     99.81913
SET     130.000     99.82454
SET     140.000     99.82671
SET     420.000     99.82888
SET     430.000     99.83321
SET     440.000     99.83537
SET     450.000     99.83862
SET     460.000     99.84404
SET     470.000     99.84837
SET     480.000     99.85270
SET     490.000     99.85920
SET     500.000     99.86353
SET     510.000     99.86787
SET     520.000     99.87003
SET     910.000     99.87112
SET     920.000     99.87328
SET     930.000     99.87545
SET     940.000     99.87870
SET     950.000     99.88303
SET     960.000     99.88736
SET     970.000     99.89169
SET     980.000     99.89386
SET    1300.000     99.91660
SET    1400.000     99.93718
SET    1600.000     99.93827
SET    1700.000     99.96751
SET    1800.000     99.99892
SET    1900.000    100.00000
---
GET       0.071      0.00011
GET       0.076      0.00022
GET       0.081      0.00033
GET       0.082      0.00043
GET       0.083      0.00054
GET       0.086      0.00065
GET       0.087      0.00076
GET       0.088      0.00087
GET       0.090      0.00130
GET       0.091      0.00141
GET       0.093      0.00152
GET       0.094      0.00163
GET       0.095      0.00184
GET       0.097      0.00228
GET       0.098      0.00282
GET       0.099      0.00325
GET       0.100      0.00597
GET       0.110      0.01454
GET       0.120      0.02539
GET       0.130      0.05143
GET       0.140      0.11967
GET       0.150      0.26647
GET       0.160      0.48953
GET       0.170      0.83217
GET       0.180      1.39851
GET       0.190      2.39299
GET       0.200      3.64482
GET       0.210      4.61597
GET       0.220      5.45757
GET       0.230      6.34008
GET       0.240      7.35615
GET       0.250      8.20751
GET       0.260      8.68793
GET       0.270      9.02351
GET       0.280      9.26318
GET       0.290      9.46357
GET       0.300      9.60408
GET       0.310      9.69586
GET       0.320      9.76259
GET       0.330      9.81673
GET       0.340      9.86685
GET       0.350      9.90754
GET       0.360      9.93748
GET       0.370      9.96526
GET       0.380      9.98815
GET       0.390     10.00736
GET       0.400     10.02721
GET       0.410     10.04652
GET       0.420     10.06291
GET       0.430     10.07885
GET       0.440     10.09296
GET       0.450     10.10370
GET       0.460     10.11379
GET       0.470     10.12388
GET       0.480     10.13158
GET       0.490     10.13853
GET       0.500     10.14374
GET       0.510     10.14699
GET       0.520     10.15198
GET       0.530     10.15719
GET       0.540     10.16120
GET       0.550     10.16587
GET       0.560     10.17021
GET       0.570     10.17281
GET       0.580     10.17596
GET       0.590     10.17802
GET       0.600     10.18052
GET       0.610     10.18182
GET       0.620     10.18399
GET       0.630     10.18648
GET       0.640     10.18930
GET       0.650     10.19191
GET       0.660     10.19440
GET       0.670     10.19679
GET       0.680     10.19939
GET       0.690     10.20124
GET       0.700     10.20363
GET       0.710     10.20601
GET       0.720     10.20786
GET       0.730     10.21003
GET       0.740     10.21220
GET       0.750     10.21393
GET       0.760     10.21599
GET       0.770     10.21784
GET       0.780     10.21925
GET       0.790     10.22066
GET       0.800     10.22250
GET       0.810     10.22337
GET       0.820     10.22489
GET       0.830     10.22565
GET       0.840     10.22652
GET       0.850     10.22869
GET       0.860     10.23010
GET       0.870     10.23183
GET       0.880     10.23368
GET       0.890     10.23628
GET       0.900     10.23878
GET       0.910     10.24019
GET       0.920     10.24279
GET       0.930     10.24442
GET       0.940     10.24605
GET       0.950     10.24778
GET       0.960     10.24963
GET       0.970     10.25104
GET       0.980     10.25223
GET       0.990     10.25288
GET       1.000     10.25766
GET       1.100     10.25918
GET       1.400     10.26395
GET       1.500     10.26753
GET       1.600     10.27512
GET       1.700     10.28489
GET       1.800     10.29075
GET       1.900     10.29324
GET       2.000     10.29791
GET       2.100     10.30030
GET       2.200     10.30116
GET       2.300     10.30301
GET       2.400     10.30409
GET       2.700     10.30572
GET       2.800     10.31505
GET       2.900     10.31722
GET       3.000     10.31917
GET       3.100     10.33013
GET       3.200     10.34467
GET       3.300     10.35519
GET       3.400     10.37364
GET       3.500     10.41498
GET       3.600     10.50904
GET       3.700     10.76488
GET       3.800     11.04480
GET       3.900     11.40381
GET       4.000     11.68731
GET       4.100     11.94011
GET       4.200     12.20603
GET       4.300     12.41380
GET       4.400     12.73734
GET       4.500     13.06413
GET       4.600     13.33493
GET       4.700     13.66953
GET       4.800     14.06630
GET       4.900     14.40026
GET       5.000     14.63526
GET       5.100     14.92321
GET       5.200     15.25141
GET       5.300     15.62225
GET       5.400     16.05884
GET       5.500     16.39007
GET       5.600     16.69506
GET       5.700     17.01892
GET       5.800     17.36220
GET       5.900     17.68921
GET       6.000     18.06232
GET       6.100     18.42882
GET       6.200     18.78502
GET       6.300     19.29245
GET       6.400     19.76083
GET       6.500     20.43828
GET       6.600     21.11985
GET       6.700     22.37342
GET       6.800     27.92972
GET       6.900     49.04806
GET       7.000     79.77372
GET       7.100     93.20011
GET       7.200     98.08277
GET       7.300     99.46251
GET       7.400     99.84073
GET       7.500     99.92351
GET       7.600     99.93653
GET       7.700     99.94044
GET       7.800     99.94499
GET       7.900     99.94662
GET       8.000     99.94770
GET       8.100     99.94781
GET       8.200     99.95020
GET       8.300     99.95204
GET       8.400     99.95714
GET       8.500     99.95899
GET       8.600     99.96029
GET       8.700     99.96116
GET       8.800     99.96148
GET       8.900     99.96224
GET       9.000     99.96235
GET       9.100     99.96246
GET       9.600     99.96333
GET       9.700     99.96365
GET       9.800     99.96387
GET       9.900     99.96420
GET      10.000     99.96658
GET      11.000     99.98481
GET      12.000     99.99436
GET      13.000     99.99642
GET      14.000     99.99935
GET      15.000    100.00000
