[RUN #1] Preparing benchmark client...
[RUN #1] Launching threads now...
[RUN #1 5%,   0 secs]  8 threads:       92806 ops,       0 (avg:       0) ops/sec, 0.00KB/sec (avg: 0.00KB/sec),  0.00 (avg:  0.00) msec latency[RUN #1 10%,   1 secs]  8 threads:      175198 ops,   82378 (avg:   87605) ops/sec, 3.11MB/sec (avg: 3.31MB/sec),  3.88 (avg:  3.63) msec latency[RUN #1 15%,   2 secs]  8 threads:      258366 ops,   83155 (avg:   86122) ops/sec, 3.14MB/sec (avg: 3.25MB/sec),  3.84 (avg:  3.70) msec latency[RUN #1 20%,   4 secs]  8 threads:      342468 ops,   84090 (avg:   85614) ops/sec, 3.17MB/sec (avg: 3.23MB/sec),  3.80 (avg:  3.72) msec latency[RUN #1 25%,   5 secs]  8 threads:      425775 ops,   83294 (avg:   85150) ops/sec, 3.14MB/sec (avg: 3.21MB/sec),  3.85 (avg:  3.75) msec latency[RUN #1 30%,   6 secs]  8 threads:      508020 ops,   82232 (avg:   84663) ops/sec, 3.10MB/sec (avg: 3.19MB/sec),  3.88 (avg:  3.77) msec latency[RUN #1 35%,   7 secs]  8 threads:      591234 ops,   83201 (avg:   84454) ops/sec, 3.14MB/sec (avg: 3.19MB/sec),  3.85 (avg:  3.78) msec latency[RUN #1 40%,   8 secs]  8 threads:      673559 ops,   82313 (avg:   84187) ops/sec, 3.10MB/sec (avg: 3.18MB/sec),  3.89 (avg:  3.79) msec latency[RUN #1 45%,   9 secs]  8 threads:      754894 ops,   81323 (avg:   83869) ops/sec, 3.07MB/sec (avg: 3.16MB/sec),  3.93 (avg:  3.81) msec latency[RUN #1 50%,  10 secs]  8 threads:      837641 ops,   82735 (avg:   83755) ops/sec, 3.12MB/sec (avg: 3.16MB/sec),  3.87 (avg:  3.81) msec latency[RUN #1 55%,  11 secs]  8 threads:      919563 ops,   81905 (avg:   83587) ops/sec, 3.09MB/sec (avg: 3.15MB/sec),  3.91 (avg:  3.82) msec latency[RUN #1 60%,  12 secs]  8 threads:     1002417 ops,   82842 (avg:   83525) ops/sec, 3.12MB/sec (avg: 3.15MB/sec),  3.85 (avg:  3.83) msec latency[RUN #1 65%,  13 secs]  8 threads:     1086236 ops,   83805 (avg:   83546) ops/sec, 3.16MB/sec (avg: 3.15MB/sec),  3.82 (avg:  3.83) msec latency[RUN #1 70%,  14 secs]  8 threads:     1168270 ops,   82021 (avg:   83437) ops/sec, 3.09MB/sec (avg: 3.15MB/sec),  3.89 (avg:  3.83) msec latency[RUN #1 75%,  15 secs]  8 threads:     1248892 ops,   80607 (avg:   83249) ops/sec, 3.04MB/sec (avg: 3.14MB/sec),  3.97 (avg:  3.84) msec latency[RUN #1 80%,  16 secs]  8 threads:     1329355 ops,   80448 (avg:   83074) ops/sec, 3.03MB/sec (avg: 3.13MB/sec),  3.97 (avg:  3.85) msec latency[RUN #1 85%,  17 secs]  8 threads:     1409945 ops,   80576 (avg:   82927) ops/sec, 3.04MB/sec (avg: 3.13MB/sec),  3.96 (avg:  3.85) msec latency[RUN #1 90%,  18 secs]  8 threads:     1492441 ops,   82482 (avg:   82902) ops/sec, 3.11MB/sec (avg: 3.13MB/sec),  3.88 (avg:  3.85) msec latency[RUN #1 95%,  19 secs]  8 threads:     1573144 ops,   80690 (avg:   82786) ops/sec, 3.04MB/sec (avg: 3.12MB/sec),  3.96 (avg:  3.86) msec latency[RUN #1 100%,  20 secs]  8 threads:     1656201 ops,   80690 (avg:   82803) ops/sec, 3.04MB/sec (avg: 3.12MB/sec),  3.96 (avg:  3.86) msec latency[RUN #1 100%,  20 secs]  0 threads:     1656336 ops,   80690 (avg:   82752) ops/sec, 3.04MB/sec (avg: 3.12MB/sec),  3.96 (avg:  3.86) msec latency

8         Threads
40        Connections per thread
20        Seconds
Type        Ops/sec     Hits/sec   Misses/sec      Latency       KB/sec
------------------------------------------------------------------------
Sets        7529.70          ---          ---      3.88100       558.14
Gets       75218.94      2541.91     72677.03      3.86100      2637.64
Totals     82748.64      2541.91     72677.03      3.86300      3195.79


Request Latency Distribution
Type     <= msec         Percent
------------------------------------------------------------------------
SET       1.000     59.53901
SET       2.000     70.64651
SET       3.000     81.67969
SET       4.000     83.40079
SET       5.000     85.45628
SET       6.000     87.41424
SET       7.000     89.03183
SET       8.000     90.29910
SET       9.000     91.56172
SET      10.000     93.02539
SET      11.000     94.40478
SET      12.000     95.15784
SET      13.000     95.93479
SET      14.000     96.33488
SET      15.000     96.80065
SET      16.000     97.05742
SET      17.000     97.30755
SET      18.000     97.50328
SET      19.000     97.69039
SET      20.000     97.85759
SET      21.000     98.01152
SET      22.000     98.15616
SET      23.000     98.31739
SET      24.000     98.46004
SET      25.000     98.56155
SET      26.000     98.64648
SET      27.000     98.74269
SET      28.000     98.81036
SET      29.000     98.86941
SET      30.000     98.91453
SET      31.000     98.96960
SET      32.000     99.01604
SET      33.000     99.06979
SET      34.000     99.11557
SET      35.000     99.15471
SET      36.000     99.19519
SET      37.000     99.22902
SET      38.000     99.26883
SET      39.000     99.29670
SET      40.000     99.32855
SET      41.000     99.36106
SET      42.000     99.39556
SET      43.000     99.42210
SET      44.000     99.45461
SET      45.000     99.47717
SET      46.000     99.50769
SET      47.000     99.53954
SET      48.000     99.56939
SET      49.000     99.59328
SET      50.000     99.61518
SET      51.000     99.64371
SET      52.000     99.66494
SET      53.000     99.68086
SET      54.000     99.69347
SET      55.000     99.70408
SET      56.000     99.72266
SET      57.000     99.73659
SET      58.000     99.75451
SET      59.000     99.76911
SET      60.000     99.78370
SET      61.000     99.79697
SET      62.000     99.80560
SET      63.000     99.82417
SET      64.000     99.83877
SET      65.000     99.84872
SET      66.000     99.85735
SET      67.000     99.86332
SET      68.000     99.87128
SET      69.000     99.87725
SET      70.000     99.88323
SET      71.000     99.89251
SET      72.000     99.89849
SET      73.000     99.90512
SET      74.000     99.90844
SET      75.000     99.91043
SET      76.000     99.91242
SET      77.000     99.91706
SET      78.000     99.92038
SET      79.000     99.92237
SET      80.000     99.92370
SET      81.000     99.92569
SET      82.000     99.92901
SET      83.000     99.93365
SET      84.000     99.93630
SET      85.000     99.94161
SET      86.000     99.94692
SET      87.000     99.94758
SET      88.000     99.95157
SET      89.000     99.95356
SET      90.000     99.95422
SET      91.000     99.95555
SET      93.000     99.95621
SET      94.000     99.95687
SET      95.000     99.95953
SET      96.000     99.96351
SET      98.000     99.96550
SET      99.000     99.96616
SET     100.000     99.97346
SET     110.000     99.98474
SET     120.000     99.99005
SET     130.000     99.99469
SET     140.000     99.99668
SET     150.000     99.99735
SET     170.000     99.99934
SET     190.000    100.00000
---
GET       0.190      0.00013
GET       0.200      0.00027
GET       0.230      0.00040
GET       0.240      0.00053
GET       0.250      0.00066
GET       0.260      0.00100
GET       0.270      0.00126
GET       0.280      0.00159
GET       0.290      0.00186
GET       0.300      0.00272
GET       0.310      0.00345
GET       0.320      0.00412
GET       0.330      0.00551
GET       0.340      0.00697
GET       0.350      0.00797
GET       0.360      0.00936
GET       0.370      0.01029
GET       0.380      0.01202
GET       0.390      0.01348
GET       0.400      0.01528
GET       0.410      0.01727
GET       0.420      0.01993
GET       0.430      0.02225
GET       0.440      0.02477
GET       0.450      0.02796
GET       0.460      0.03035
GET       0.470      0.03288
GET       0.480      0.03540
GET       0.490      0.03812
GET       0.500      0.04118
GET       0.510      0.04370
GET       0.520      0.04576
GET       0.530      0.04802
GET       0.540      0.05028
GET       0.550      0.05254
GET       0.560      0.05446
GET       0.570      0.05719
GET       0.580      0.05918
GET       0.590      0.06137
GET       0.600      0.06343
GET       0.610      0.06555
GET       0.620      0.06788
GET       0.630      0.07020
GET       0.640      0.07213
GET       0.650      0.07479
GET       0.660      0.07698
GET       0.670      0.07970
GET       0.680      0.08209
GET       0.690      0.08541
GET       0.700      0.08840
GET       0.710      0.09206
GET       0.720      0.09551
GET       0.730      0.09903
GET       0.740      0.10262
GET       0.750      0.10766
GET       0.760      0.11211
GET       0.770      0.11670
GET       0.780      0.12287
GET       0.790      0.13051
GET       0.800      0.13768
GET       0.810      0.14486
GET       0.820      0.15263
GET       0.830      0.16113
GET       0.840      0.17056
GET       0.850      0.17939
GET       0.860      0.18803
GET       0.870      0.20065
GET       0.880      0.21280
GET       0.890      0.22496
GET       0.900      0.23665
GET       0.910      0.24800
GET       0.920      0.25863
GET       0.930      0.26932
GET       0.940      0.28168
GET       0.950      0.29436
GET       0.960      0.30499
GET       0.970      0.31622
GET       0.980      0.32691
GET       0.990      0.33840
GET       1.000      0.40575
GET       1.100      0.56395
GET       1.200      0.99634
GET       1.300      3.12251
GET       1.400     13.40194
GET       1.500     35.48676
GET       1.600     50.78758
GET       1.700     56.17786
GET       1.800     58.39615
GET       1.900     59.54425
GET       2.000     60.24749
GET       2.100     60.71261
GET       2.200     61.04224
GET       2.300     61.34504
GET       2.400     61.63064
GET       2.500     61.99136
GET       2.600     62.55172
GET       2.700     63.50854
GET       2.800     65.44788
GET       2.900     68.92711
GET       3.000     73.17361
GET       3.100     76.48049
GET       3.200     78.53041
GET       3.300     79.67645
GET       3.400     80.32389
GET       3.500     80.74625
GET       3.600     81.05051
GET       3.700     81.29844
GET       3.800     81.52460
GET       3.900     81.72053
GET       4.000     81.91686
GET       4.100     82.10675
GET       4.200     82.28502
GET       4.300     82.45485
GET       4.400     82.62302
GET       4.500     82.78919
GET       4.600     82.95145
GET       4.700     83.12035
GET       4.800     83.30227
GET       4.900     83.48021
GET       5.000     83.64632
GET       5.100     83.82418
GET       5.200     83.98551
GET       5.300     84.13396
GET       5.400     84.30292
GET       5.500     84.48517
GET       5.600     84.68503
GET       5.700     84.93223
GET       5.800     85.19598
GET       5.900     85.46052
GET       6.000     85.71822
GET       6.100     85.95660
GET       6.200     86.17060
GET       6.300     86.35378
GET       6.400     86.53556
GET       6.500     86.71443
GET       6.600     86.89276
GET       6.700     87.05375
GET       6.800     87.21130
GET       6.900     87.39162
GET       7.000     87.59572
GET       7.100     87.81238
GET       7.200     88.00180
GET       7.300     88.17163
GET       7.400     88.33482
GET       7.500     88.50246
GET       7.600     88.65768
GET       7.700     88.80234
GET       7.800     88.94607
GET       7.900     89.08548
GET       8.000     89.21293
GET       8.100     89.33900
GET       8.200     89.45755
GET       8.300     89.58308
GET       8.400     89.71160
GET       8.500     89.83992
GET       8.600     89.97249
GET       8.700     90.09231
GET       8.800     90.20256
GET       8.900     90.32676
GET       9.000     90.45495
GET       9.100     90.57696
GET       9.200     90.69532
GET       9.300     90.82005
GET       9.400     90.94100
GET       9.500     91.06945
GET       9.600     91.19724
GET       9.700     91.31068
GET       9.800     91.43189
GET       9.900     91.55437
GET      10.000     92.29659
GET      11.000     93.75924
GET      12.000     94.92062
GET      13.000     95.58161
GET      14.000     96.16629
GET      15.000     96.68342
GET      16.000     96.94152
GET      17.000     97.16329
GET      18.000     97.39250
GET      19.000     97.61912
GET      20.000     97.79253
GET      21.000     97.96124
GET      22.000     98.10835
GET      23.000     98.27499
GET      24.000     98.44755
GET      25.000     98.55209
GET      26.000     98.63119
GET      27.000     98.71933
GET      28.000     98.79312
GET      29.000     98.85834
GET      30.000     98.91765
GET      31.000     98.97218
GET      32.000     99.01947
GET      33.000     99.06550
GET      34.000     99.11332
GET      35.000     99.15370
GET      36.000     99.18950
GET      37.000     99.22344
GET      38.000     99.25386
GET      39.000     99.28156
GET      40.000     99.31397
GET      41.000     99.34691
GET      42.000     99.38045
GET      43.000     99.40689
GET      44.000     99.43864
GET      45.000     99.47138
GET      46.000     99.49994
GET      47.000     99.52857
GET      48.000     99.55620
GET      49.000     99.57971
GET      50.000     99.60687
GET      51.000     99.62826
GET      52.000     99.64812
GET      53.000     99.66373
GET      54.000     99.68266
GET      55.000     99.69753
GET      56.000     99.71540
GET      57.000     99.72981
GET      58.000     99.74515
GET      59.000     99.76216
GET      60.000     99.77478
GET      61.000     99.78706
GET      62.000     99.80048
GET      63.000     99.81270
GET      64.000     99.82572
GET      65.000     99.83920
GET      66.000     99.85016
GET      67.000     99.85780
GET      68.000     99.86398
GET      69.000     99.87181
GET      70.000     99.87786
GET      71.000     99.88403
GET      72.000     99.89068
GET      73.000     99.89433
GET      74.000     99.90044
GET      75.000     99.90303
GET      76.000     99.90648
GET      77.000     99.90954
GET      78.000     99.91253
GET      79.000     99.91724
GET      80.000     99.92023
GET      81.000     99.92315
GET      82.000     99.92475
GET      83.000     99.92860
GET      84.000     99.92993
GET      85.000     99.93245
GET      86.000     99.93597
GET      87.000     99.93896
GET      88.000     99.94335
GET      89.000     99.94660
GET      90.000     99.94799
GET      91.000     99.95098
GET      92.000     99.95251
GET      93.000     99.95464
GET      94.000     99.95596
GET      95.000     99.95749
GET      96.000     99.95842
GET      97.000     99.96015
GET      98.000     99.96188
GET      99.000     99.96301
GET     100.000     99.97204
GET     110.000     99.98572
GET     120.000     99.99170
GET     130.000     99.99555
GET     140.000     99.99655
GET     150.000     99.99748
GET     160.000     99.99801
GET     170.000     99.99927
GET     180.000     99.99947
GET     190.000     99.99987
GET     200.000     99.99993
GET     220.000    100.00000
