[RUN #1] Preparing benchmark client...
[RUN #1] Launching threads now...
[RUN #1 5%,   1 secs]  8 threads:       70305 ops,   70263 (avg:   70263) ops/sec, 2.65MB/sec (avg: 2.65MB/sec),  4.53 (avg:  4.53) msec latency[RUN #1 10%,   2 secs]  8 threads:      150903 ops,   80583 (avg:   75422) ops/sec, 3.04MB/sec (avg: 2.85MB/sec),  3.89 (avg:  4.19) msec latency[RUN #1 15%,   3 secs]  8 threads:      232222 ops,   81307 (avg:   77383) ops/sec, 3.07MB/sec (avg: 2.92MB/sec),  4.01 (avg:  4.12) msec latency[RUN #1 20%,   4 secs]  8 threads:      315391 ops,   83156 (avg:   78826) ops/sec, 3.14MB/sec (avg: 2.97MB/sec),  3.83 (avg:  4.05) msec latency[RUN #1 25%,   5 secs]  8 threads:      396057 ops,   80653 (avg:   79192) ops/sec, 3.04MB/sec (avg: 2.99MB/sec),  3.97 (avg:  4.03) msec latency[RUN #1 30%,   6 secs]  8 threads:      477154 ops,   81084 (avg:   79507) ops/sec, 3.06MB/sec (avg: 3.00MB/sec),  3.93 (avg:  4.02) msec latency[RUN #1 35%,   7 secs]  8 threads:      559142 ops,   81974 (avg:   79859) ops/sec, 3.09MB/sec (avg: 3.01MB/sec),  3.91 (avg:  4.00) msec latency[RUN #1 40%,   8 secs]  8 threads:      641656 ops,   82502 (avg:   80190) ops/sec, 3.11MB/sec (avg: 3.03MB/sec),  3.87 (avg:  3.98) msec latency[RUN #1 45%,   9 secs]  8 threads:      722356 ops,   80688 (avg:   80245) ops/sec, 3.04MB/sec (avg: 3.03MB/sec),  3.97 (avg:  3.98) msec latency[RUN #1 50%,  10 secs]  8 threads:      804837 ops,   82469 (avg:   80467) ops/sec, 3.11MB/sec (avg: 3.04MB/sec),  3.88 (avg:  3.97) msec latency[RUN #1 55%,  11 secs]  8 threads:      885637 ops,   80788 (avg:   80497) ops/sec, 3.05MB/sec (avg: 3.04MB/sec),  3.96 (avg:  3.97) msec latency[RUN #1 60%,  12 secs]  8 threads:      967192 ops,   81543 (avg:   80584) ops/sec, 3.08MB/sec (avg: 3.04MB/sec),  3.91 (avg:  3.97) msec latency[RUN #1 65%,  13 secs]  8 threads:     1050078 ops,   82874 (avg:   80760) ops/sec, 3.13MB/sec (avg: 3.05MB/sec),  3.86 (avg:  3.96) msec latency[RUN #1 70%,  14 secs]  8 threads:     1132568 ops,   82476 (avg:   80883) ops/sec, 3.11MB/sec (avg: 3.05MB/sec),  3.88 (avg:  3.95) msec latency[RUN #1 75%,  15 secs]  8 threads:     1213845 ops,   81262 (avg:   80908) ops/sec, 3.06MB/sec (avg: 3.05MB/sec),  3.93 (avg:  3.95) msec latency[RUN #1 80%,  16 secs]  8 threads:     1296718 ops,   82858 (avg:   81030) ops/sec, 3.12MB/sec (avg: 3.06MB/sec),  3.85 (avg:  3.94) msec latency[RUN #1 85%,  17 secs]  8 threads:     1377973 ops,   81232 (avg:   81042) ops/sec, 3.06MB/sec (avg: 3.06MB/sec),  3.94 (avg:  3.94) msec latency[RUN #1 90%,  18 secs]  8 threads:     1459784 ops,   81795 (avg:   81083) ops/sec, 3.08MB/sec (avg: 3.06MB/sec),  3.91 (avg:  3.94) msec latency[RUN #1 95%,  19 secs]  8 threads:     1539760 ops,   79962 (avg:   81024) ops/sec, 3.02MB/sec (avg: 3.06MB/sec),  4.00 (avg:  3.94) msec latency[RUN #1 100%,  20 secs]  5 threads:     1627605 ops,   79962 (avg:   81376) ops/sec, 3.02MB/sec (avg: 3.07MB/sec),  4.00 (avg:  3.93) msec latency[RUN #1 100%,  20 secs]  0 threads:     1627612 ops,   79962 (avg:   81376) ops/sec, 3.02MB/sec (avg: 3.07MB/sec),  4.00 (avg:  3.93) msec latency

8         Threads
40        Connections per thread
20        Seconds
Type        Ops/sec     Hits/sec   Misses/sec      Latency       KB/sec
------------------------------------------------------------------------
Sets        7404.92          ---          ---      4.33600       548.89
Gets       73972.60      2551.60     71421.00      3.88800      2593.93
Totals     81377.52      2551.60     71421.00      3.92800      3142.82


Request Latency Distribution
Type     <= msec         Percent
------------------------------------------------------------------------
SET       1.000     58.80057
SET       2.000     69.92249
SET       3.000     81.33204
SET       4.000     82.95860
SET       5.000     84.94031
SET       6.000     86.90785
SET       7.000     88.60328
SET       8.000     89.89629
SET       9.000     91.17512
SET      10.000     92.66799
SET      11.000     94.09672
SET      12.000     94.85834
SET      13.000     95.64563
SET      14.000     96.05142
SET      15.000     96.53014
SET      16.000     96.78469
SET      17.000     97.01223
SET      18.000     97.24315
SET      19.000     97.50041
SET      20.000     97.69621
SET      21.000     97.84003
SET      22.000     98.00005
SET      23.000     98.17561
SET      24.000     98.30052
SET      25.000     98.39370
SET      26.000     98.46527
SET      27.000     98.55304
SET      28.000     98.63744
SET      29.000     98.69619
SET      30.000     98.75898
SET      31.000     98.80152
SET      32.000     98.84676
SET      33.000     98.87782
SET      34.000     98.93183
SET      35.000     98.98112
SET      36.000     99.01218
SET      37.000     99.04864
SET      38.000     99.07362
SET      39.000     99.10941
SET      40.000     99.15532
SET      41.000     99.18436
SET      42.000     99.21204
SET      43.000     99.23770
SET      44.000     99.27686
SET      45.000     99.30927
SET      46.000     99.34370
SET      47.000     99.37274
SET      48.000     99.39705
SET      49.000     99.42405
SET      50.000     99.44836
SET      51.000     99.46997
SET      52.000     99.49225
SET      53.000     99.50710
SET      54.000     99.52533
SET      55.000     99.53884
SET      56.000     99.55437
SET      57.000     99.56787
SET      58.000     99.58880
SET      59.000     99.60973
SET      60.000     99.62256
SET      61.000     99.63472
SET      62.000     99.64754
SET      63.000     99.66375
SET      64.000     99.67725
SET      65.000     99.68738
SET      66.000     99.70426
SET      67.000     99.71439
SET      68.000     99.72114
SET      69.000     99.72789
SET      70.000     99.73330
SET      71.000     99.74072
SET      72.000     99.74612
SET      73.000     99.75085
SET      74.000     99.75828
SET      75.000     99.76368
SET      76.000     99.76908
SET      77.000     99.77246
SET      78.000     99.77516
SET      79.000     99.77921
SET      80.000     99.78259
SET      81.000     99.78461
SET      82.000     99.78799
SET      83.000     99.79069
SET      84.000     99.79271
SET      85.000     99.79609
SET      86.000     99.80014
SET      87.000     99.80149
SET      88.000     99.80487
SET      89.000     99.81094
SET      90.000     99.81297
SET      91.000     99.81635
SET      92.000     99.82040
SET      93.000     99.82242
SET      94.000     99.82647
SET      95.000     99.82850
SET      96.000     99.83120
SET      98.000     99.83255
SET      99.000     99.83458
SET     100.000     99.84808
SET     110.000     99.86496
SET     120.000     99.87441
SET     130.000     99.88251
SET     140.000     99.88724
SET     150.000     99.89264
SET     160.000     99.89737
SET     170.000     99.90075
SET     180.000     99.90547
SET     190.000     99.90817
SET     200.000     99.90885
SET     210.000     99.90952
SET     220.000     99.91222
SET     230.000     99.91763
SET     240.000     99.92573
SET     250.000     99.92910
SET     270.000     99.93316
SET     280.000     99.94058
SET     290.000     99.94463
SET     300.000     99.94936
SET     310.000     99.95004
SET     320.000     99.95206
SET     330.000     99.95679
SET     350.000     99.95881
SET     360.000     99.96016
SET     370.000     99.96219
SET     380.000     99.96692
SET     390.000     99.97029
SET     400.000     99.97097
SET     410.000     99.97569
SET     420.000     99.98042
SET     430.000     99.98244
SET     440.000     99.98582
SET     450.000     99.98852
SET     460.000     99.98987
SET     700.000     99.99055
SET     710.000     99.99190
SET     720.000     99.99325
SET     750.000     99.99392
SET     760.000     99.99662
SET     780.000     99.99932
SET     790.000    100.00000
---
GET       0.130      0.00027
GET       0.150      0.00034
GET       0.160      0.00041
GET       0.180      0.00047
GET       0.190      0.00061
GET       0.200      0.00081
GET       0.220      0.00088
GET       0.230      0.00122
GET       0.240      0.00135
GET       0.250      0.00169
GET       0.260      0.00223
GET       0.270      0.00243
GET       0.280      0.00291
GET       0.290      0.00318
GET       0.300      0.00379
GET       0.310      0.00419
GET       0.320      0.00473
GET       0.330      0.00561
GET       0.340      0.00629
GET       0.350      0.00710
GET       0.360      0.00811
GET       0.370      0.00919
GET       0.380      0.01007
GET       0.390      0.01115
GET       0.400      0.01203
GET       0.410      0.01365
GET       0.420      0.01521
GET       0.430      0.01669
GET       0.440      0.01926
GET       0.450      0.02082
GET       0.460      0.02258
GET       0.470      0.02440
GET       0.480      0.02656
GET       0.490      0.02994
GET       0.500      0.03332
GET       0.510      0.03650
GET       0.520      0.04001
GET       0.530      0.04373
GET       0.540      0.04772
GET       0.550      0.05286
GET       0.560      0.05684
GET       0.570      0.06070
GET       0.580      0.06462
GET       0.590      0.06867
GET       0.600      0.07246
GET       0.610      0.07550
GET       0.620      0.07895
GET       0.630      0.08151
GET       0.640      0.08401
GET       0.650      0.08685
GET       0.660      0.08868
GET       0.670      0.09179
GET       0.680      0.09415
GET       0.690      0.09652
GET       0.700      0.09942
GET       0.710      0.10247
GET       0.720      0.10578
GET       0.730      0.10950
GET       0.740      0.11517
GET       0.750      0.12058
GET       0.760      0.12579
GET       0.770      0.13342
GET       0.780      0.14106
GET       0.790      0.14850
GET       0.800      0.15688
GET       0.810      0.16458
GET       0.820      0.17350
GET       0.830      0.18249
GET       0.840      0.19324
GET       0.850      0.20257
GET       0.860      0.21122
GET       0.870      0.22075
GET       0.880      0.22947
GET       0.890      0.23988
GET       0.900      0.25029
GET       0.910      0.26347
GET       0.920      0.27732
GET       0.930      0.29233
GET       0.940      0.31105
GET       0.950      0.33106
GET       0.960      0.35708
GET       0.970      0.38371
GET       0.980      0.41034
GET       0.990      0.44359
GET       1.000      0.61534
GET       1.100      0.77614
GET       1.200      1.07184
GET       1.300      2.89799
GET       1.400     12.79473
GET       1.500     35.22144
GET       1.600     50.70855
GET       1.700     55.89290
GET       1.800     57.98468
GET       1.900     59.05984
GET       2.000     59.77251
GET       2.100     60.21813
GET       2.200     60.51329
GET       2.300     60.77203
GET       2.400     61.02380
GET       2.500     61.34769
GET       2.600     61.85779
GET       2.700     62.78729
GET       2.800     64.76849
GET       2.900     68.40362
GET       3.000     72.90674
GET       3.100     76.39181
GET       3.200     78.52732
GET       3.300     79.71603
GET       3.400     80.40085
GET       3.500     80.82680
GET       3.600     81.12352
GET       3.700     81.36056
GET       3.800     81.57090
GET       3.900     81.76171
GET       4.000     81.93568
GET       4.100     82.13068
GET       4.200     82.30270
GET       4.300     82.45910
GET       4.400     82.60922
GET       4.500     82.76488
GET       4.600     82.91574
GET       4.700     83.07829
GET       4.800     83.24565
GET       4.900     83.41827
GET       5.000     83.57657
GET       5.100     83.74270
GET       5.200     83.89992
GET       5.300     84.04639
GET       5.400     84.21381
GET       5.500     84.38819
GET       5.600     84.58150
GET       5.700     84.82009
GET       5.800     85.06774
GET       5.900     85.32086
GET       6.000     85.56953
GET       6.100     85.80575
GET       6.200     86.02062
GET       6.300     86.19811
GET       6.400     86.37662
GET       6.500     86.54593
GET       6.600     86.71261
GET       6.700     86.86732
GET       6.800     87.03177
GET       6.900     87.20980
GET       7.000     87.41757
GET       7.100     87.63292
GET       7.200     87.82886
GET       7.300     88.00432
GET       7.400     88.17269
GET       7.500     88.33362
GET       7.600     88.48685
GET       7.700     88.62250
GET       7.800     88.77634
GET       7.900     88.90645
GET       8.000     89.03480
GET       8.100     89.16180
GET       8.200     89.28597
GET       8.300     89.41439
GET       8.400     89.54835
GET       8.500     89.67569
GET       8.600     89.81182
GET       8.700     89.92408
GET       8.800     90.04088
GET       8.900     90.16889
GET       9.000     90.28914
GET       9.100     90.41134
GET       9.200     90.53381
GET       9.300     90.66068
GET       9.400     90.78930
GET       9.500     90.91854
GET       9.600     91.04946
GET       9.700     91.16686
GET       9.800     91.29035
GET       9.900     91.41600
GET      10.000     92.16435
GET      11.000     93.64802
GET      12.000     94.80618
GET      13.000     95.50398
GET      14.000     96.08620
GET      15.000     96.61847
GET      16.000     96.89593
GET      17.000     97.11532
GET      18.000     97.34696
GET      19.000     97.56419
GET      20.000     97.74087
GET      21.000     97.92607
GET      22.000     98.07706
GET      23.000     98.23516
GET      24.000     98.40900
GET      25.000     98.51931
GET      26.000     98.60109
GET      27.000     98.69125
GET      28.000     98.77520
GET      29.000     98.84401
GET      30.000     98.90869
GET      31.000     98.96222
GET      32.000     99.01150
GET      33.000     99.05712
GET      34.000     99.10382
GET      35.000     99.14472
GET      36.000     99.17756
GET      37.000     99.21278
GET      38.000     99.24502
GET      39.000     99.27300
GET      40.000     99.30666
GET      41.000     99.33998
GET      42.000     99.37540
GET      43.000     99.40440
GET      44.000     99.43792
GET      45.000     99.47057
GET      46.000     99.49794
GET      47.000     99.52579
GET      48.000     99.55337
GET      49.000     99.57885
GET      50.000     99.60115
GET      51.000     99.62163
GET      52.000     99.63887
GET      53.000     99.65786
GET      54.000     99.67516
GET      55.000     99.69219
GET      56.000     99.71146
GET      57.000     99.72883
GET      58.000     99.74566
GET      59.000     99.76181
GET      60.000     99.77594
GET      61.000     99.78885
GET      62.000     99.80183
GET      63.000     99.81724
GET      64.000     99.83136
GET      65.000     99.84299
GET      66.000     99.85319
GET      67.000     99.86090
GET      68.000     99.86644
GET      69.000     99.87340
GET      70.000     99.87989
GET      71.000     99.88543
GET      72.000     99.89071
GET      73.000     99.89699
GET      74.000     99.90166
GET      75.000     99.90537
GET      76.000     99.90842
GET      77.000     99.91125
GET      78.000     99.91376
GET      79.000     99.91639
GET      80.000     99.91869
GET      81.000     99.92058
GET      82.000     99.92329
GET      83.000     99.92680
GET      84.000     99.92984
GET      85.000     99.93288
GET      86.000     99.93660
GET      87.000     99.93924
GET      88.000     99.94329
GET      89.000     99.94647
GET      90.000     99.94890
GET      91.000     99.95073
GET      92.000     99.95269
GET      93.000     99.95438
GET      94.000     99.95640
GET      95.000     99.95843
GET      96.000     99.96053
GET      97.000     99.96256
GET      98.000     99.96465
GET      99.000     99.96580
GET     100.000     99.97438
GET     110.000     99.98493
GET     120.000     99.99189
GET     130.000     99.99655
GET     140.000     99.99824
GET     150.000     99.99905
GET     160.000     99.99926
GET     170.000     99.99932
GET     180.000     99.99946
GET     190.000     99.99966
GET     200.000    100.00000
