[RUN #1] Preparing benchmark client...
[RUN #1] Launching threads now...
[RUN #1 5%,   0 secs]  8 threads:      106438 ops,       0 (avg:       0) ops/sec, 0.00KB/sec (avg: 0.00KB/sec),  0.00 (avg:  0.00) msec latency[RUN #1 10%,   1 secs]  8 threads:      186759 ops,   80307 (avg:   93426) ops/sec, 3.03MB/sec (avg: 3.53MB/sec),  3.97 (avg:  3.41) msec latency[RUN #1 15%,   2 secs]  8 threads:      268875 ops,   82103 (avg:   89650) ops/sec, 3.10MB/sec (avg: 3.38MB/sec),  3.89 (avg:  3.56) msec latency[RUN #1 20%,   3 secs]  8 threads:      348817 ops,   79930 (avg:   87219) ops/sec, 3.01MB/sec (avg: 3.29MB/sec),  3.99 (avg:  3.66) msec latency[RUN #1 25%,   4 secs]  8 threads:      429176 ops,   80347 (avg:   85845) ops/sec, 3.03MB/sec (avg: 3.24MB/sec),  3.96 (avg:  3.71) msec latency[RUN #1 30%,   5 secs]  8 threads:      509653 ops,   80465 (avg:   84948) ops/sec, 3.03MB/sec (avg: 3.20MB/sec),  4.00 (avg:  3.76) msec latency[RUN #1 35%,   6 secs]  8 threads:      590062 ops,   80397 (avg:   84298) ops/sec, 3.03MB/sec (avg: 3.18MB/sec),  3.97 (avg:  3.79) msec latency[RUN #1 40%,   7 secs]  8 threads:      671303 ops,   81229 (avg:   83914) ops/sec, 3.06MB/sec (avg: 3.17MB/sec),  3.94 (avg:  3.81) msec latency[RUN #1 45%,   9 secs]  8 threads:      752800 ops,   81484 (avg:   83644) ops/sec, 3.07MB/sec (avg: 3.16MB/sec),  3.89 (avg:  3.82) msec latency[RUN #1 50%,  10 secs]  8 threads:      831718 ops,   78905 (avg:   83170) ops/sec, 2.98MB/sec (avg: 3.14MB/sec),  4.08 (avg:  3.84) msec latency[RUN #1 55%,  11 secs]  8 threads:      912452 ops,   80722 (avg:   82947) ops/sec, 3.04MB/sec (avg: 3.13MB/sec),  3.94 (avg:  3.85) msec latency[RUN #1 60%,  12 secs]  8 threads:      993577 ops,   81112 (avg:   82794) ops/sec, 3.06MB/sec (avg: 3.12MB/sec),  3.95 (avg:  3.86) msec latency[RUN #1 65%,  13 secs]  8 threads:     1073850 ops,   80259 (avg:   82599) ops/sec, 3.03MB/sec (avg: 3.12MB/sec),  3.99 (avg:  3.87) msec latency[RUN #1 70%,  14 secs]  8 threads:     1154499 ops,   80627 (avg:   82459) ops/sec, 3.04MB/sec (avg: 3.11MB/sec),  3.97 (avg:  3.87) msec latency[RUN #1 75%,  15 secs]  8 threads:     1237001 ops,   82464 (avg:   82459) ops/sec, 3.11MB/sec (avg: 3.11MB/sec),  3.88 (avg:  3.87) msec latency[RUN #1 80%,  16 secs]  8 threads:     1317790 ops,   80776 (avg:   82354) ops/sec, 3.05MB/sec (avg: 3.11MB/sec),  3.96 (avg:  3.88) msec latency[RUN #1 85%,  17 secs]  8 threads:     1397512 ops,   79708 (avg:   82198) ops/sec, 3.01MB/sec (avg: 3.10MB/sec),  4.01 (avg:  3.89) msec latency[RUN #1 90%,  18 secs]  8 threads:     1479685 ops,   82161 (avg:   82196) ops/sec, 3.10MB/sec (avg: 3.10MB/sec),  3.86 (avg:  3.89) msec latency[RUN #1 95%,  19 secs]  8 threads:     1560962 ops,   81266 (avg:   82147) ops/sec, 3.06MB/sec (avg: 3.10MB/sec),  3.96 (avg:  3.89) msec latency[RUN #1 100%,  20 secs]  8 threads:     1640876 ops,   81266 (avg:   82038) ops/sec, 3.06MB/sec (avg: 3.09MB/sec),  3.96 (avg:  3.90) msec latency[RUN #1 100%,  20 secs]  0 threads:     1641084 ops,   81266 (avg:   82012) ops/sec, 3.06MB/sec (avg: 3.09MB/sec),  3.96 (avg:  3.90) msec latency

8         Threads
40        Connections per thread
20        Seconds
Type        Ops/sec     Hits/sec   Misses/sec      Latency       KB/sec
------------------------------------------------------------------------
Sets        7462.57          ---          ---      4.07600       553.17
Gets       74541.90      2832.08     71709.82      3.87900      2613.88
Totals     82004.47      2832.08     71709.82      3.89700      3167.05


Request Latency Distribution
Type     <= msec         Percent
------------------------------------------------------------------------
SET       1.000     80.21186
SET       2.000     82.56351
SET       3.000     84.33595
SET       4.000     85.69994
SET       5.000     86.94741
SET       6.000     87.97793
SET       7.000     88.98234
SET       8.000     89.95192
SET       9.000     90.84049
SET      10.000     91.54424
SET      11.000     92.24398
SET      12.000     92.97719
SET      13.000     93.71041
SET      14.000     94.25413
SET      15.000     94.72955
SET      16.000     95.22907
SET      17.000     95.72391
SET      18.000     96.09554
SET      19.000     96.42900
SET      20.000     96.78791
SET      21.000     97.12204
SET      22.000     97.39390
SET      23.000     97.63697
SET      24.000     97.86664
SET      25.000     98.07891
SET      26.000     98.25166
SET      27.000     98.39362
SET      28.000     98.53758
SET      29.000     98.66749
SET      30.000     98.75655
SET      31.000     98.85899
SET      32.000     98.94069
SET      33.000     99.00430
SET      34.000     99.08666
SET      35.000     99.14559
SET      36.000     99.21388
SET      37.000     99.26611
SET      38.000     99.31834
SET      39.000     99.36522
SET      40.000     99.40271
SET      41.000     99.44825
SET      42.000     99.46967
SET      43.000     99.48708
SET      44.000     99.50583
SET      45.000     99.52994
SET      46.000     99.56074
SET      47.000     99.57815
SET      48.000     99.60627
SET      49.000     99.62301
SET      50.000     99.65114
SET      51.000     99.67859
SET      52.000     99.69332
SET      53.000     99.70470
SET      54.000     99.71609
SET      55.000     99.72613
SET      56.000     99.74220
SET      57.000     99.75626
SET      58.000     99.77635
SET      59.000     99.78974
SET      60.000     99.79577
SET      61.000     99.79912
SET      62.000     99.80515
SET      63.000     99.81653
SET      64.000     99.82189
SET      65.000     99.83059
SET      66.000     99.83863
SET      67.000     99.85068
SET      68.000     99.85403
SET      69.000     99.85804
SET      70.000     99.85938
SET      71.000     99.86608
SET      72.000     99.86876
SET      73.000     99.87947
SET      74.000     99.88952
SET      75.000     99.89688
SET      76.000     99.91898
SET      77.000     99.92500
SET      78.000     99.93371
SET      79.000     99.93572
SET      80.000     99.93706
SET      81.000     99.93907
SET      82.000     99.94442
SET      83.000     99.95179
SET      84.000     99.96250
SET      85.000     99.97054
SET      86.000     99.97121
SET      87.000     99.97255
SET      88.000     99.97389
SET      89.000     99.97656
SET      90.000     99.98058
SET      91.000     99.98192
SET      92.000     99.98527
SET      93.000     99.98862
SET      94.000     99.98929
SET      95.000     99.98996
SET      97.000     99.99130
SET      99.000     99.99330
SET     100.000     99.99531
SET     110.000     99.99799
SET     120.000     99.99866
SET     130.000     99.99933
SET     140.000    100.00000
---
GET       0.075      0.00013
GET       0.079      0.00020
GET       0.084      0.00040
GET       0.085      0.00060
GET       0.086      0.00074
GET       0.087      0.00101
GET       0.088      0.00121
GET       0.089      0.00147
GET       0.090      0.00194
GET       0.091      0.00241
GET       0.092      0.00342
GET       0.093      0.00375
GET       0.094      0.00442
GET       0.095      0.00516
GET       0.096      0.00577
GET       0.097      0.00650
GET       0.098      0.00717
GET       0.099      0.00798
GET       0.100      0.01200
GET       0.110      0.02112
GET       0.120      0.03043
GET       0.130      0.04579
GET       0.140      0.07045
GET       0.150      0.09988
GET       0.160      0.12314
GET       0.170      0.14574
GET       0.180      0.17242
GET       0.190      0.20493
GET       0.200      0.23999
GET       0.210      0.27109
GET       0.220      0.29931
GET       0.230      0.33464
GET       0.240      0.37198
GET       0.250      0.41475
GET       0.260      0.45705
GET       0.270      0.50431
GET       0.280      0.56444
GET       0.290      0.65373
GET       0.300      0.75288
GET       0.310      0.86329
GET       0.320      0.99126
GET       0.330      1.15543
GET       0.340      1.39669
GET       0.350      1.62146
GET       0.360      1.81513
GET       0.370      2.00035
GET       0.380      2.20118
GET       0.390      2.45673
GET       0.400      2.74867
GET       0.410      3.09289
GET       0.420      3.56033
GET       0.430      4.25623
GET       0.440      5.31895
GET       0.450      6.70719
GET       0.460      8.44288
GET       0.470     10.60277
GET       0.480     13.40936
GET       0.490     16.94723
GET       0.500     20.61536
GET       0.510     24.17308
GET       0.520     27.49390
GET       0.530     30.66086
GET       0.540     33.53650
GET       0.550     35.82094
GET       0.560     37.60851
GET       0.570     38.98704
GET       0.580     40.14414
GET       0.590     41.14545
GET       0.600     41.98534
GET       0.610     42.69029
GET       0.620     43.31292
GET       0.630     43.89016
GET       0.640     44.42625
GET       0.650     44.92050
GET       0.660     45.36488
GET       0.670     45.77199
GET       0.680     46.14920
GET       0.690     46.50650
GET       0.700     46.82720
GET       0.710     47.10634
GET       0.720     47.36328
GET       0.730     47.58805
GET       0.740     47.79654
GET       0.750     47.97344
GET       0.760     48.14103
GET       0.770     48.29126
GET       0.780     48.43753
GET       0.790     48.58608
GET       0.800     48.72780
GET       0.810     48.86871
GET       0.820     49.01612
GET       0.830     49.17157
GET       0.840     49.34077
GET       0.850     49.53765
GET       0.860     49.75847
GET       0.870     49.99966
GET       0.880     50.28121
GET       0.890     50.59762
GET       0.900     50.95318
GET       0.910     51.36069
GET       0.920     51.82719
GET       0.930     52.36536
GET       0.940     52.95782
GET       0.950     53.63032
GET       0.960     54.37147
GET       0.970     55.20371
GET       0.980     56.11822
GET       0.990     57.10384
GET       1.000     62.68296
GET       1.100     68.20020
GET       1.200     70.35815
GET       1.300     71.32145
GET       1.400     71.83756
GET       1.500     72.18440
GET       1.600     72.45428
GET       1.700     72.71318
GET       1.800     73.00914
GET       1.900     73.36021
GET       2.000     73.77951
GET       2.100     74.18810
GET       2.200     74.53199
GET       2.300     74.80684
GET       2.400     75.04274
GET       2.500     75.26777
GET       2.600     75.47471
GET       2.700     75.67368
GET       2.800     75.86996
GET       2.900     76.06704
GET       3.000     76.26862
GET       3.100     76.45531
GET       3.200     76.65756
GET       3.300     76.85283
GET       3.400     77.04020
GET       3.500     77.23775
GET       3.600     77.42512
GET       3.700     77.62844
GET       3.800     77.82137
GET       3.900     78.01309
GET       4.000     78.20716
GET       4.100     78.40109
GET       4.200     78.59932
GET       4.300     78.78333
GET       4.400     78.97726
GET       4.500     79.17616
GET       4.600     79.37445
GET       4.700     79.56208
GET       4.800     79.73872
GET       4.900     79.92441
GET       5.000     80.14087
GET       5.100     80.36349
GET       5.200     80.56145
GET       5.300     80.74432
GET       5.400     80.90997
GET       5.500     81.07716
GET       5.600     81.23697
GET       5.700     81.39189
GET       5.800     81.55177
GET       5.900     81.70870
GET       6.000     81.86342
GET       6.100     82.02819
GET       6.200     82.18110
GET       6.300     82.33763
GET       6.400     82.49087
GET       6.500     82.63413
GET       6.600     82.78496
GET       6.700     82.93445
GET       6.800     83.07402
GET       6.900     83.21325
GET       7.000     83.35945
GET       7.100     83.49480
GET       7.200     83.63806
GET       7.300     83.78098
GET       7.400     83.91351
GET       7.500     84.05602
GET       7.600     84.20002
GET       7.700     84.34729
GET       7.800     84.49638
GET       7.900     84.63374
GET       8.000     84.77766
GET       8.100     84.91328
GET       8.200     85.04520
GET       8.300     85.17016
GET       8.400     85.29169
GET       8.500     85.43394
GET       8.600     85.57110
GET       8.700     85.68640
GET       8.800     85.80968
GET       8.900     85.94194
GET       9.000     86.09659
GET       9.100     86.25795
GET       9.200     86.40301
GET       9.300     86.52729
GET       9.400     86.65547
GET       9.500     86.77633
GET       9.600     86.88614
GET       9.700     86.98843
GET       9.800     87.09569
GET       9.900     87.21689
GET      10.000     87.80138
GET      11.000     88.87180
GET      12.000     89.82297
GET      13.000     90.92578
GET      14.000     91.73765
GET      15.000     92.45835
GET      16.000     93.13118
GET      17.000     93.91302
GET      18.000     94.49925
GET      19.000     94.99880
GET      20.000     95.44982
GET      21.000     95.97129
GET      22.000     96.38429
GET      23.000     96.70714
GET      24.000     97.00370
GET      25.000     97.34056
GET      26.000     97.58390
GET      27.000     97.81148
GET      28.000     98.00321
GET      29.000     98.21799
GET      30.000     98.38048
GET      31.000     98.51576
GET      32.000     98.63817
GET      33.000     98.75655
GET      34.000     98.85443
GET      35.000     98.94030
GET      36.000     99.01665
GET      37.000     99.10159
GET      38.000     99.17265
GET      39.000     99.22889
GET      40.000     99.28500
GET      41.000     99.33849
GET      42.000     99.38709
GET      43.000     99.42658
GET      44.000     99.46117
GET      45.000     99.49683
GET      46.000     99.53249
GET      47.000     99.56212
GET      48.000     99.59088
GET      49.000     99.61776
GET      50.000     99.64210
GET      51.000     99.66864
GET      52.000     99.69110
GET      53.000     99.71248
GET      54.000     99.72690
GET      55.000     99.74392
GET      56.000     99.76316
GET      57.000     99.78019
GET      58.000     99.79568
GET      59.000     99.80580
GET      60.000     99.81981
GET      61.000     99.83161
GET      62.000     99.84159
GET      63.000     99.85018
GET      64.000     99.85768
GET      65.000     99.86613
GET      66.000     99.87585
GET      67.000     99.88637
GET      68.000     99.89656
GET      69.000     99.90414
GET      70.000     99.90930
GET      71.000     99.91419
GET      72.000     99.91802
GET      73.000     99.92264
GET      74.000     99.92901
GET      75.000     99.93350
GET      76.000     99.93665
GET      77.000     99.94134
GET      78.000     99.94604
GET      79.000     99.94999
GET      80.000     99.95267
GET      81.000     99.95602
GET      82.000     99.95931
GET      83.000     99.96239
GET      84.000     99.96534
GET      85.000     99.96816
GET      86.000     99.97097
GET      87.000     99.97265
GET      88.000     99.97453
GET      89.000     99.97674
GET      90.000     99.97902
GET      91.000     99.98089
GET      92.000     99.98210
GET      93.000     99.98411
GET      94.000     99.98632
GET      95.000     99.98746
GET      96.000     99.98793
GET      97.000     99.98894
GET      98.000     99.98988
GET      99.000     99.99082
GET     100.000     99.99310
GET     110.000     99.99739
GET     120.000     99.99893
GET     130.000     99.99933
GET     140.000     99.99973
GET     150.000     99.99993
GET     160.000    100.00000
