[RUN #1] Preparing benchmark client...
[RUN #1] Launching threads now...
[RUN #1 5%,   1 secs]  8 threads:       53448 ops,   53419 (avg:   53419) ops/sec, 2.02MB/sec (avg: 2.02MB/sec),  5.94 (avg:  5.94) msec latency[RUN #1 10%,   2 secs]  8 threads:      133105 ops,   79645 (avg:   66529) ops/sec, 3.01MB/sec (avg: 2.51MB/sec),  4.02 (avg:  4.79) msec latency[RUN #1 15%,   3 secs]  8 threads:      213082 ops,   79964 (avg:   71007) ops/sec, 3.02MB/sec (avg: 2.68MB/sec),  3.98 (avg:  4.49) msec latency[RUN #1 20%,   4 secs]  8 threads:      293259 ops,   80163 (avg:   73296) ops/sec, 3.02MB/sec (avg: 2.77MB/sec),  4.01 (avg:  4.36) msec latency[RUN #1 25%,   5 secs]  8 threads:      373378 ops,   80107 (avg:   74658) ops/sec, 3.02MB/sec (avg: 2.82MB/sec),  3.98 (avg:  4.28) msec latency[RUN #1 30%,   6 secs]  8 threads:      452667 ops,   79275 (avg:   75428) ops/sec, 2.99MB/sec (avg: 2.85MB/sec),  4.04 (avg:  4.23) msec latency[RUN #1 35%,   7 secs]  8 threads:      531515 ops,   78834 (avg:   75914) ops/sec, 2.97MB/sec (avg: 2.86MB/sec),  4.06 (avg:  4.21) msec latency[RUN #1 40%,   8 secs]  8 threads:      612957 ops,   81427 (avg:   76603) ops/sec, 3.07MB/sec (avg: 2.89MB/sec),  3.93 (avg:  4.17) msec latency[RUN #1 45%,   9 secs]  8 threads:      695142 ops,   82167 (avg:   77221) ops/sec, 3.10MB/sec (avg: 2.91MB/sec),  3.89 (avg:  4.14) msec latency[RUN #1 50%,  10 secs]  8 threads:      776466 ops,   81310 (avg:   77630) ops/sec, 3.07MB/sec (avg: 2.93MB/sec),  3.93 (avg:  4.12) msec latency[RUN #1 55%,  11 secs]  8 threads:      857998 ops,   81521 (avg:   77984) ops/sec, 3.07MB/sec (avg: 2.94MB/sec),  3.91 (avg:  4.10) msec latency[RUN #1 60%,  12 secs]  8 threads:      941110 ops,   83100 (avg:   78410) ops/sec, 3.13MB/sec (avg: 2.96MB/sec),  3.86 (avg:  4.08) msec latency[RUN #1 65%,  13 secs]  8 threads:     1022752 ops,   81630 (avg:   78658) ops/sec, 3.08MB/sec (avg: 2.97MB/sec),  3.91 (avg:  4.06) msec latency[RUN #1 70%,  14 secs]  8 threads:     1103553 ops,   80788 (avg:   78810) ops/sec, 3.05MB/sec (avg: 2.97MB/sec),  3.95 (avg:  4.05) msec latency[RUN #1 75%,  15 secs]  8 threads:     1186178 ops,   82613 (avg:   79064) ops/sec, 3.11MB/sec (avg: 2.98MB/sec),  3.87 (avg:  4.04) msec latency[RUN #1 80%,  16 secs]  8 threads:     1268637 ops,   82447 (avg:   79275) ops/sec, 3.11MB/sec (avg: 2.99MB/sec),  3.89 (avg:  4.03) msec latency[RUN #1 85%,  17 secs]  8 threads:     1351179 ops,   82523 (avg:   79466) ops/sec, 3.11MB/sec (avg: 3.00MB/sec),  3.87 (avg:  4.02) msec latency[RUN #1 90%,  18 secs]  8 threads:     1433854 ops,   82663 (avg:   79644) ops/sec, 3.12MB/sec (avg: 3.00MB/sec),  3.86 (avg:  4.01) msec latency[RUN #1 95%,  19 secs]  8 threads:     1515672 ops,   81806 (avg:   79757) ops/sec, 3.09MB/sec (avg: 3.01MB/sec),  3.91 (avg:  4.01) msec latency[RUN #1 100%,  20 secs]  7 threads:     1606673 ops,   81806 (avg:   80328) ops/sec, 3.09MB/sec (avg: 3.03MB/sec),  3.91 (avg:  3.98) msec latency[RUN #1 100%,  20 secs]  0 threads:     1606700 ops,   81806 (avg:   80329) ops/sec, 3.09MB/sec (avg: 3.03MB/sec),  3.91 (avg:  3.98) msec latency

8         Threads
40        Connections per thread
20        Seconds
Type        Ops/sec     Hits/sec   Misses/sec      Latency       KB/sec
------------------------------------------------------------------------
Sets        7310.08          ---          ---      4.39400       541.86
Gets       73020.85      2517.37     70503.48      3.93800      2560.55
Totals     80330.93      2517.37     70503.48      3.97900      3102.41


Request Latency Distribution
Type     <= msec         Percent
------------------------------------------------------------------------
SET       1.000     54.77365
SET       2.000     74.38803
SET       3.000     76.78050
SET       4.000     79.64079
SET       5.000     82.02505
SET       6.000     84.53857
SET       7.000     86.48510
SET       8.000     88.48361
SET       9.000     90.05602
SET      10.000     91.41982
SET      11.000     92.45942
SET      12.000     93.29932
SET      13.000     94.17820
SET      14.000     95.00783
SET      15.000     95.51190
SET      16.000     96.03171
SET      17.000     96.49953
SET      18.000     96.86134
SET      19.000     97.14997
SET      20.000     97.43381
SET      21.000     97.69371
SET      22.000     97.92557
SET      23.000     98.09109
SET      24.000     98.25729
SET      25.000     98.39545
SET      26.000     98.52813
SET      27.000     98.61773
SET      28.000     98.70254
SET      29.000     98.77436
SET      30.000     98.83523
SET      31.000     98.89610
SET      32.000     98.95082
SET      33.000     99.01100
SET      34.000     99.06025
SET      35.000     99.11018
SET      36.000     99.14916
SET      37.000     99.19499
SET      38.000     99.24081
SET      39.000     99.26954
SET      40.000     99.30374
SET      41.000     99.32904
SET      42.000     99.35572
SET      43.000     99.38239
SET      44.000     99.40496
SET      45.000     99.43642
SET      46.000     99.46241
SET      47.000     99.48225
SET      48.000     99.49935
SET      49.000     99.50892
SET      50.000     99.52602
SET      51.000     99.54586
SET      52.000     99.56090
SET      53.000     99.56979
SET      54.000     99.58416
SET      55.000     99.59852
SET      56.000     99.61220
SET      57.000     99.61972
SET      58.000     99.62656
SET      59.000     99.63956
SET      60.000     99.65597
SET      61.000     99.66555
SET      62.000     99.67991
SET      63.000     99.69359
SET      64.000     99.70043
SET      65.000     99.70795
SET      66.000     99.71411
SET      67.000     99.71958
SET      68.000     99.72642
SET      69.000     99.73326
SET      70.000     99.73736
SET      71.000     99.74078
SET      72.000     99.74967
SET      73.000     99.75583
SET      74.000     99.75993
SET      75.000     99.76609
SET      76.000     99.77088
SET      77.000     99.77361
SET      78.000     99.77772
SET      79.000     99.78319
SET      80.000     99.78661
SET      81.000     99.78797
SET      82.000     99.79071
SET      83.000     99.79823
SET      84.000     99.80029
SET      85.000     99.80439
SET      86.000     99.80849
SET      87.000     99.81055
SET      88.000     99.81191
SET      89.000     99.81670
SET      90.000     99.81944
SET      91.000     99.82080
SET      92.000     99.82354
SET      93.000     99.82628
SET      94.000     99.82764
SET      95.000     99.82833
SET      96.000     99.83243
SET      97.000     99.83517
SET      98.000     99.83722
SET      99.000     99.83859
SET     100.000     99.84748
SET     110.000     99.85569
SET     120.000     99.87142
SET     130.000     99.88031
SET     140.000     99.88441
SET     150.000     99.88646
SET     160.000     99.88988
SET     170.000     99.89262
SET     180.000     99.89604
SET     190.000     99.89946
SET     200.000     99.90493
SET     210.000     99.90972
SET     220.000     99.91314
SET     230.000     99.91724
SET     240.000     99.91793
SET     250.000     99.91861
SET     260.000     99.91998
SET     270.000     99.92271
SET     280.000     99.92545
SET     290.000     99.92955
SET     300.000     99.93708
SET     310.000     99.94118
SET     320.000     99.94323
SET     330.000     99.94528
SET     340.000     99.94597
SET     350.000     99.94665
SET     360.000     99.94734
SET     370.000     99.94870
SET     380.000     99.95144
SET     390.000     99.95554
SET     400.000     99.96238
SET     410.000     99.96717
SET     420.000     99.97059
SET     430.000     99.97469
SET     440.000     99.98017
SET     450.000     99.98564
SET     460.000     99.99042
SET     470.000     99.99248
SET     480.000     99.99658
SET     490.000    100.00000
---
GET       0.089      0.00007
GET       0.090      0.00014
GET       0.099      0.00021
GET       0.100      0.00041
GET       0.110      0.00068
GET       0.120      0.00103
GET       0.130      0.00164
GET       0.140      0.00246
GET       0.150      0.00356
GET       0.160      0.00486
GET       0.170      0.00582
GET       0.180      0.00760
GET       0.190      0.01020
GET       0.200      0.01383
GET       0.210      0.01739
GET       0.220      0.02150
GET       0.230      0.02588
GET       0.240      0.03033
GET       0.250      0.03526
GET       0.260      0.04067
GET       0.270      0.04629
GET       0.280      0.05238
GET       0.290      0.05964
GET       0.300      0.06655
GET       0.310      0.07299
GET       0.320      0.07949
GET       0.330      0.08525
GET       0.340      0.09059
GET       0.350      0.09600
GET       0.360      0.09997
GET       0.370      0.10442
GET       0.380      0.10894
GET       0.390      0.11435
GET       0.400      0.11996
GET       0.410      0.12434
GET       0.420      0.12866
GET       0.430      0.13372
GET       0.440      0.13995
GET       0.450      0.14475
GET       0.460      0.15015
GET       0.470      0.15625
GET       0.480      0.16344
GET       0.490      0.17076
GET       0.500      0.17747
GET       0.510      0.18473
GET       0.520      0.19076
GET       0.530      0.19808
GET       0.540      0.20582
GET       0.550      0.21472
GET       0.560      0.22198
GET       0.570      0.22896
GET       0.580      0.23691
GET       0.590      0.24642
GET       0.600      0.25389
GET       0.610      0.26217
GET       0.620      0.26922
GET       0.630      0.27662
GET       0.640      0.28607
GET       0.650      0.29312
GET       0.660      0.30271
GET       0.670      0.31058
GET       0.680      0.32106
GET       0.690      0.33400
GET       0.700      0.34694
GET       0.710      0.35865
GET       0.720      0.37282
GET       0.730      0.39014
GET       0.740      0.41178
GET       0.750      0.43239
GET       0.760      0.45690
GET       0.770      0.48285
GET       0.780      0.51051
GET       0.790      0.53818
GET       0.800      0.56235
GET       0.810      0.58460
GET       0.820      0.60487
GET       0.830      0.62664
GET       0.840      0.64786
GET       0.850      0.66765
GET       0.860      0.68669
GET       0.870      0.70449
GET       0.880      0.72626
GET       0.890      0.75036
GET       0.900      0.77851
GET       0.910      0.81240
GET       0.920      0.85300
GET       0.930      0.90627
GET       0.940      0.96906
GET       0.950      1.04561
GET       0.960      1.14660
GET       0.970      1.27368
GET       0.980      1.43116
GET       0.990      1.62651
GET       1.000      3.91615
GET       1.100     17.41750
GET       1.200     38.70876
GET       1.300     47.94881
GET       1.400     51.13143
GET       1.500     52.70412
GET       1.600     53.53761
GET       1.700     54.01971
GET       1.800     54.41122
GET       1.900     54.92269
GET       2.000     55.76467
GET       2.100     57.43096
GET       2.200     60.73033
GET       2.300     65.43231
GET       2.400     69.42241
GET       2.500     71.78442
GET       2.600     73.06796
GET       2.700     73.82182
GET       2.800     74.32042
GET       2.900     74.69118
GET       3.000     75.01676
GET       3.100     75.28858
GET       3.200     75.53467
GET       3.300     75.76048
GET       3.400     75.96753
GET       3.500     76.17021
GET       3.600     76.39212
GET       3.700     76.62581
GET       3.800     76.86052
GET       3.900     77.09818
GET       4.000     77.33112
GET       4.100     77.58391
GET       4.200     77.84457
GET       4.300     78.13030
GET       4.400     78.45759
GET       4.500     78.79473
GET       4.600     79.11127
GET       4.700     79.39748
GET       4.800     79.68382
GET       4.900     79.96297
GET       5.000     80.21385
GET       5.100     80.46979
GET       5.200     80.71217
GET       5.300     80.94750
GET       5.400     81.18256
GET       5.500     81.40461
GET       5.600     81.62727
GET       5.700     81.85788
GET       5.800     82.09568
GET       5.900     82.35498
GET       6.000     82.59373
GET       6.100     82.83105
GET       6.200     83.09699
GET       6.300     83.37121
GET       6.400     83.66145
GET       6.500     83.93753
GET       6.600     84.18724
GET       6.700     84.43606
GET       6.800     84.65249
GET       6.900     84.85811
GET       7.000     85.06543
GET       7.100     85.26989
GET       7.200     85.48276
GET       7.300     85.69098
GET       7.400     85.89769
GET       7.500     86.09940
GET       7.600     86.29345
GET       7.700     86.48379
GET       7.800     86.67838
GET       7.900     86.86408
GET       8.000     87.05470
GET       8.100     87.25449
GET       8.200     87.44648
GET       8.300     87.64799
GET       8.400     87.84060
GET       8.500     88.03361
GET       8.600     88.23053
GET       8.700     88.41171
GET       8.800     88.60931
GET       8.900     88.78480
GET       9.000     88.93927
GET       9.100     89.09668
GET       9.200     89.26450
GET       9.300     89.42910
GET       9.400     89.58747
GET       9.500     89.73475
GET       9.600     89.89764
GET       9.700     90.04136
GET       9.800     90.18022
GET       9.900     90.31100
GET      10.000     91.14825
GET      11.000     92.32580
GET      12.000     93.18099
GET      13.000     94.15306
GET      14.000     94.91609
GET      15.000     95.49665
GET      16.000     96.01771
GET      17.000     96.53034
GET      18.000     96.92809
GET      19.000     97.21594
GET      20.000     97.47468
GET      21.000     97.74213
GET      22.000     97.97842
GET      23.000     98.18164
GET      24.000     98.34912
GET      25.000     98.49147
GET      26.000     98.62368
GET      27.000     98.72878
GET      28.000     98.81088
GET      29.000     98.89393
GET      30.000     98.96295
GET      31.000     99.02663
GET      32.000     99.08476
GET      33.000     99.14269
GET      34.000     99.19363
GET      35.000     99.24149
GET      36.000     99.28435
GET      37.000     99.32482
GET      38.000     99.36453
GET      39.000     99.39965
GET      40.000     99.43231
GET      41.000     99.46189
GET      42.000     99.48613
GET      43.000     99.51201
GET      44.000     99.53591
GET      45.000     99.56419
GET      46.000     99.59473
GET      47.000     99.61739
GET      48.000     99.63677
GET      49.000     99.65436
GET      50.000     99.67237
GET      51.000     99.69161
GET      52.000     99.70893
GET      53.000     99.72667
GET      54.000     99.73988
GET      55.000     99.75323
GET      56.000     99.76570
GET      57.000     99.77555
GET      58.000     99.78336
GET      59.000     99.79301
GET      60.000     99.80452
GET      61.000     99.81616
GET      62.000     99.82595
GET      63.000     99.83574
GET      64.000     99.84403
GET      65.000     99.85204
GET      66.000     99.85779
GET      67.000     99.86402
GET      68.000     99.87093
GET      69.000     99.87600
GET      70.000     99.88189
GET      71.000     99.88620
GET      72.000     99.89024
GET      73.000     99.89695
GET      74.000     99.89976
GET      75.000     99.90448
GET      76.000     99.90777
GET      77.000     99.91202
GET      78.000     99.91701
GET      79.000     99.92119
GET      80.000     99.92407
GET      81.000     99.92797
GET      82.000     99.93228
GET      83.000     99.93571
GET      84.000     99.94064
GET      85.000     99.94338
GET      86.000     99.94557
GET      87.000     99.94844
GET      88.000     99.95221
GET      89.000     99.95536
GET      90.000     99.95871
GET      91.000     99.96084
GET      92.000     99.96268
GET      93.000     99.96453
GET      94.000     99.96727
GET      95.000     99.96898
GET      96.000     99.97076
GET      97.000     99.97330
GET      98.000     99.97583
GET      99.000     99.97658
GET     100.000     99.98247
GET     110.000     99.98939
GET     120.000     99.99226
GET     130.000     99.99411
GET     140.000     99.99706
GET     150.000     99.99733
GET     160.000     99.99849
GET     170.000     99.99904
GET     180.000     99.99979
GET     200.000     99.99986
GET     230.000    100.00000
