[RUN #1] Preparing benchmark client...
[RUN #1] Launching threads now...
[RUN #1 5%,   0 secs]  8 threads:      161174 ops,       0 (avg:       0) ops/sec, 0.00KB/sec (avg: 0.00KB/sec),  0.00 (avg:  0.00) msec latency[RUN #1 10%,   1 secs]  8 threads:      245444 ops,   84253 (avg:  122742) ops/sec, 3.18MB/sec (avg: 4.63MB/sec),  3.88 (avg:  2.59) msec latency[RUN #1 15%,   2 secs]  8 threads:      330452 ops,   84991 (avg:  110155) ops/sec, 3.21MB/sec (avg: 4.16MB/sec),  3.76 (avg:  2.89) msec latency[RUN #1 20%,   4 secs]  8 threads:      409550 ops,   79086 (avg:  102387) ops/sec, 2.98MB/sec (avg: 3.86MB/sec),  4.01 (avg:  3.11) msec latency[RUN #1 25%,   5 secs]  8 threads:      488925 ops,   79363 (avg:   97781) ops/sec, 2.99MB/sec (avg: 3.69MB/sec),  4.01 (avg:  3.25) msec latency[RUN #1 30%,   6 secs]  8 threads:      566826 ops,   77889 (avg:   94466) ops/sec, 2.94MB/sec (avg: 3.56MB/sec),  4.14 (avg:  3.38) msec latency[RUN #1 35%,   7 secs]  8 threads:      644400 ops,   77561 (avg:   92051) ops/sec, 2.92MB/sec (avg: 3.47MB/sec),  4.13 (avg:  3.47) msec latency[RUN #1 40%,   8 secs]  8 threads:      722854 ops,   78442 (avg:   90349) ops/sec, 2.96MB/sec (avg: 3.41MB/sec),  4.04 (avg:  3.53) msec latency[RUN #1 45%,   9 secs]  8 threads:      801279 ops,   78412 (avg:   89023) ops/sec, 2.96MB/sec (avg: 3.36MB/sec),  4.08 (avg:  3.58) msec latency[RUN #1 50%,  10 secs]  8 threads:      879840 ops,   78549 (avg:   87975) ops/sec, 2.96MB/sec (avg: 3.32MB/sec),  4.09 (avg:  3.63) msec latency[RUN #1 55%,  11 secs]  8 threads:      958573 ops,   78721 (avg:   87134) ops/sec, 2.97MB/sec (avg: 3.29MB/sec),  4.06 (avg:  3.66) msec latency[RUN #1 60%,  12 secs]  8 threads:     1037628 ops,   79035 (avg:   86459) ops/sec, 2.98MB/sec (avg: 3.26MB/sec),  4.04 (avg:  3.69) msec latency[RUN #1 65%,  13 secs]  8 threads:     1117437 ops,   79797 (avg:   85947) ops/sec, 3.01MB/sec (avg: 3.24MB/sec),  3.99 (avg:  3.71) msec latency[RUN #1 70%,  14 secs]  8 threads:     1197151 ops,   79701 (avg:   85500) ops/sec, 3.00MB/sec (avg: 3.22MB/sec),  4.04 (avg:  3.74) msec latency[RUN #1 75%,  15 secs]  8 threads:     1275735 ops,   78570 (avg:   85038) ops/sec, 2.96MB/sec (avg: 3.21MB/sec),  4.03 (avg:  3.75) msec latency[RUN #1 80%,  16 secs]  8 threads:     1354455 ops,   78707 (avg:   84643) ops/sec, 2.97MB/sec (avg: 3.19MB/sec),  4.09 (avg:  3.77) msec latency[RUN #1 85%,  17 secs]  8 threads:     1432515 ops,   78048 (avg:   84255) ops/sec, 2.94MB/sec (avg: 3.18MB/sec),  4.06 (avg:  3.79) msec latency[RUN #1 90%,  18 secs]  8 threads:     1511544 ops,   79017 (avg:   83964) ops/sec, 2.98MB/sec (avg: 3.17MB/sec),  4.05 (avg:  3.80) msec latency[RUN #1 95%,  19 secs]  8 threads:     1591997 ops,   80439 (avg:   83778) ops/sec, 3.03MB/sec (avg: 3.16MB/sec),  4.00 (avg:  3.81) msec latency[RUN #1 100%,  20 secs]  8 threads:     1670206 ops,   80439 (avg:   83501) ops/sec, 3.03MB/sec (avg: 3.15MB/sec),  4.00 (avg:  3.83) msec latency[RUN #1 100%,  20 secs]  0 threads:     1670457 ops,   80439 (avg:   83462) ops/sec, 3.03MB/sec (avg: 3.15MB/sec),  4.00 (avg:  3.83) msec latency

8         Threads
40        Connections per thread
20        Seconds
Type        Ops/sec     Hits/sec   Misses/sec      Latency       KB/sec
------------------------------------------------------------------------
Sets        7594.64          ---          ---      4.21800       562.96
Gets       75868.25      2957.93     72910.33      3.79100      2660.38
Totals     83462.90      2957.93     72910.33      3.82900      3223.34


Request Latency Distribution
Type     <= msec         Percent
------------------------------------------------------------------------
SET       1.000     80.06605
SET       2.000     82.54365
SET       3.000     83.96271
SET       4.000     85.09954
SET       5.000     85.91926
SET       6.000     86.57912
SET       7.000     87.16201
SET       8.000     87.89687
SET       9.000     88.43042
SET      10.000     88.93962
SET      11.000     89.40080
SET      12.000     89.86526
SET      13.000     90.28105
SET      14.000     90.67183
SET      15.000     91.07051
SET      16.000     91.44551
SET      17.000     91.84287
SET      18.000     92.20339
SET      19.000     92.51852
SET      20.000     92.83430
SET      21.000     93.17443
SET      22.000     93.45535
SET      23.000     93.73890
SET      24.000     94.01258
SET      25.000     94.27310
SET      26.000     94.54744
SET      27.000     94.80007
SET      28.000     95.04349
SET      29.000     95.29677
SET      30.000     95.52243
SET      31.000     95.69414
SET      32.000     95.91979
SET      33.000     96.12900
SET      34.000     96.31913
SET      35.000     96.50005
SET      36.000     96.69018
SET      37.000     96.87767
SET      38.000     97.06122
SET      39.000     97.20662
SET      40.000     97.34872
SET      41.000     97.50398
SET      42.000     97.60595
SET      43.000     97.71319
SET      44.000     97.81845
SET      45.000     97.93424
SET      46.000     98.05068
SET      47.000     98.15397
SET      48.000     98.25200
SET      49.000     98.35463
SET      50.000     98.44344
SET      51.000     98.52502
SET      52.000     98.59081
SET      53.000     98.66910
SET      54.000     98.74278
SET      55.000     98.79804
SET      56.000     98.85330
SET      57.000     98.92041
SET      58.000     98.97567
SET      59.000     99.02238
SET      60.000     99.07172
SET      61.000     99.11843
SET      62.000     99.15725
SET      63.000     99.19475
SET      64.000     99.24804
SET      65.000     99.29146
SET      66.000     99.32567
SET      67.000     99.34869
SET      68.000     99.37501
SET      69.000     99.39935
SET      70.000     99.44540
SET      71.000     99.47106
SET      72.000     99.52172
SET      73.000     99.55066
SET      74.000     99.56448
SET      75.000     99.58290
SET      76.000     99.60461
SET      77.000     99.62895
SET      78.000     99.64803
SET      79.000     99.66185
SET      80.000     99.67500
SET      81.000     99.68750
SET      82.000     99.69803
SET      83.000     99.70921
SET      84.000     99.72369
SET      85.000     99.73685
SET      86.000     99.75000
SET      87.000     99.75658
SET      88.000     99.76579
SET      89.000     99.77763
SET      90.000     99.78750
SET      91.000     99.80198
SET      92.000     99.80921
SET      93.000     99.81908
SET      94.000     99.82369
SET      95.000     99.82829
SET      96.000     99.83421
SET      97.000     99.83684
SET      98.000     99.84145
SET      99.000     99.85066
SET     100.000     99.87632
SET     110.000     99.91579
SET     120.000     99.93684
SET     130.000     99.95132
SET     140.000     99.95921
SET     150.000     99.96645
SET     160.000     99.97040
SET     170.000     99.97434
SET     180.000     99.97961
SET     190.000     99.98355
SET     200.000     99.98750
SET     210.000     99.98882
SET     220.000     99.99079
SET     230.000     99.99342
SET     240.000     99.99408
SET     270.000     99.99539
SET     280.000     99.99737
SET     290.000     99.99803
SET     300.000     99.99868
SET     330.000     99.99934
SET     510.000    100.00000
---
GET       0.055      0.00007
GET       0.064      0.00013
GET       0.065      0.00020
GET       0.067      0.00046
GET       0.068      0.00059
GET       0.069      0.00112
GET       0.070      0.00151
GET       0.071      0.00204
GET       0.072      0.00257
GET       0.073      0.00290
GET       0.074      0.00369
GET       0.075      0.00468
GET       0.076      0.00533
GET       0.077      0.00632
GET       0.078      0.00817
GET       0.079      0.01027
GET       0.080      0.01278
GET       0.081      0.01567
GET       0.082      0.01943
GET       0.083      0.02430
GET       0.084      0.02990
GET       0.085      0.03668
GET       0.086      0.04564
GET       0.087      0.05855
GET       0.088      0.07264
GET       0.089      0.08996
GET       0.090      0.11182
GET       0.091      0.13474
GET       0.092      0.16326
GET       0.093      0.19612
GET       0.094      0.23445
GET       0.095      0.27943
GET       0.096      0.32415
GET       0.097      0.37018
GET       0.098      0.42082
GET       0.099      0.46837
GET       0.100      0.73917
GET       0.110      1.27347
GET       0.120      1.86571
GET       0.130      2.88715
GET       0.140      5.35821
GET       0.150      8.02190
GET       0.160      9.67042
GET       0.170     10.85254
GET       0.180     12.07477
GET       0.190     13.87628
GET       0.200     15.53461
GET       0.210     16.76803
GET       0.220     17.93698
GET       0.230     19.45800
GET       0.240     22.04352
GET       0.250     24.87364
GET       0.260     27.53740
GET       0.270     30.39379
GET       0.280     34.01181
GET       0.290     39.17956
GET       0.300     44.00288
GET       0.310     47.94755
GET       0.320     51.37617
GET       0.330     54.65068
GET       0.340     58.02279
GET       0.350     60.59975
GET       0.360     62.50801
GET       0.370     63.99946
GET       0.380     65.30934
GET       0.390     66.57504
GET       0.400     67.58771
GET       0.410     68.40506
GET       0.420     69.10742
GET       0.430     69.77072
GET       0.440     70.40004
GET       0.450     70.95087
GET       0.460     71.40086
GET       0.470     71.79324
GET       0.480     72.16480
GET       0.490     72.50949
GET       0.500     72.80894
GET       0.510     73.06255
GET       0.520     73.29799
GET       0.530     73.52882
GET       0.540     73.76379
GET       0.550     73.98270
GET       0.560     74.19107
GET       0.570     74.39266
GET       0.580     74.60906
GET       0.590     74.82257
GET       0.600     75.03252
GET       0.610     75.23292
GET       0.620     75.42772
GET       0.630     75.63912
GET       0.640     75.85849
GET       0.650     76.06297
GET       0.660     76.25435
GET       0.670     76.44270
GET       0.680     76.63849
GET       0.690     76.83283
GET       0.700     77.01190
GET       0.710     77.18714
GET       0.720     77.35804
GET       0.730     77.52874
GET       0.740     77.69377
GET       0.750     77.84465
GET       0.760     77.98545
GET       0.770     78.12210
GET       0.780     78.26021
GET       0.790     78.39218
GET       0.800     78.50868
GET       0.810     78.62235
GET       0.820     78.72910
GET       0.830     78.84073
GET       0.840     78.94459
GET       0.850     79.03843
GET       0.860     79.12918
GET       0.870     79.22098
GET       0.880     79.30969
GET       0.890     79.39498
GET       0.900     79.47499
GET       0.910     79.55053
GET       0.920     79.62501
GET       0.930     79.70035
GET       0.940     79.77095
GET       0.950     79.84326
GET       0.960     79.91182
GET       0.970     79.97906
GET       0.980     80.04656
GET       0.990     80.10926
GET       1.000     80.44407
GET       1.100     80.96335
GET       1.200     81.44285
GET       1.300     81.87454
GET       1.400     82.25427
GET       1.500     82.59408
GET       1.600     82.89966
GET       1.700     83.17303
GET       1.800     83.41156
GET       1.900     83.63139
GET       2.000     83.82560
GET       2.100     84.01671
GET       2.200     84.18116
GET       2.300     84.32295
GET       2.400     84.46223
GET       2.500     84.60000
GET       2.600     84.72065
GET       2.700     84.84743
GET       2.800     84.96571
GET       2.900     85.06857
GET       3.000     85.16334
GET       3.100     85.26509
GET       3.200     85.36295
GET       3.300     85.45166
GET       3.400     85.54616
GET       3.500     85.63665
GET       3.600     85.72799
GET       3.700     85.81242
GET       3.800     85.89738
GET       3.900     85.97983
GET       4.000     86.06689
GET       4.100     86.15105
GET       4.200     86.24378
GET       4.300     86.33512
GET       4.400     86.42423
GET       4.500     86.50727
GET       4.600     86.58689
GET       4.700     86.66658
GET       4.800     86.74594
GET       4.900     86.82016
GET       5.000     86.89069
GET       5.100     86.96030
GET       5.200     87.02589
GET       5.300     87.09188
GET       5.400     87.16320
GET       5.500     87.23156
GET       5.600     87.30308
GET       5.700     87.37052
GET       5.800     87.44112
GET       5.900     87.51257
GET       6.000     87.57750
GET       6.100     87.64501
GET       6.200     87.70592
GET       6.300     87.76427
GET       6.400     87.82427
GET       6.500     87.88617
GET       6.600     87.94880
GET       6.700     88.00788
GET       6.800     88.06741
GET       6.900     88.12543
GET       7.000     88.18003
GET       7.100     88.24081
GET       7.200     88.30298
GET       7.300     88.36535
GET       7.400     88.42126
GET       7.500     88.47697
GET       7.600     88.52867
GET       7.700     88.58010
GET       7.800     88.63443
GET       7.900     88.68844
GET       8.000     88.74250
GET       8.100     88.79552
GET       8.200     88.85090
GET       8.300     88.91208
GET       8.400     88.97379
GET       8.500     89.03484
GET       8.600     89.08614
GET       8.700     89.13507
GET       8.800     89.18466
GET       8.900     89.23807
GET       9.000     89.28187
GET       9.100     89.33021
GET       9.200     89.37420
GET       9.300     89.42083
GET       9.400     89.47219
GET       9.500     89.52580
GET       9.600     89.57361
GET       9.700     89.61938
GET       9.800     89.66924
GET       9.900     89.72027
GET      10.000     89.98278
GET      11.000     90.42388
GET      12.000     90.84141
GET      13.000     91.26783
GET      14.000     91.63512
GET      15.000     91.97902
GET      16.000     92.32555
GET      17.000     92.65747
GET      18.000     93.00223
GET      19.000     93.29667
GET      20.000     93.57017
GET      21.000     93.87213
GET      22.000     94.15972
GET      23.000     94.42321
GET      24.000     94.67729
GET      25.000     94.91259
GET      26.000     95.16127
GET      27.000     95.37918
GET      28.000     95.58143
GET      29.000     95.79480
GET      30.000     96.00838
GET      31.000     96.18566
GET      32.000     96.35755
GET      33.000     96.54603
GET      34.000     96.72345
GET      35.000     96.89296
GET      36.000     97.03962
GET      37.000     97.19333
GET      38.000     97.35145
GET      39.000     97.49561
GET      40.000     97.63226
GET      41.000     97.76615
GET      42.000     97.88535
GET      43.000     97.98506
GET      44.000     98.08048
GET      45.000     98.19632
GET      46.000     98.30624
GET      47.000     98.40502
GET      48.000     98.48313
GET      49.000     98.57059
GET      50.000     98.64849
GET      51.000     98.71402
GET      52.000     98.78120
GET      53.000     98.84231
GET      54.000     98.91587
GET      55.000     98.97040
GET      56.000     99.02750
GET      57.000     99.07992
GET      58.000     99.13610
GET      59.000     99.17778
GET      60.000     99.22382
GET      61.000     99.26662
GET      62.000     99.30271
GET      63.000     99.33248
GET      64.000     99.36863
GET      65.000     99.40578
GET      66.000     99.44147
GET      67.000     99.46729
GET      68.000     99.49093
GET      69.000     99.51780
GET      70.000     99.54223
GET      71.000     99.56587
GET      72.000     99.59123
GET      73.000     99.61085
GET      74.000     99.62864
GET      75.000     99.64872
GET      76.000     99.66380
GET      77.000     99.68158
GET      78.000     99.69515
GET      79.000     99.71036
GET      80.000     99.72400
GET      81.000     99.73539
GET      82.000     99.74639
GET      83.000     99.75679
GET      84.000     99.76838
GET      85.000     99.77787
GET      86.000     99.78801
GET      87.000     99.80032
GET      88.000     99.80849
GET      89.000     99.81771
GET      90.000     99.82469
GET      91.000     99.83503
GET      92.000     99.84227
GET      93.000     99.84906
GET      94.000     99.85446
GET      95.000     99.85940
GET      96.000     99.86486
GET      97.000     99.86987
GET      98.000     99.87461
GET      99.000     99.87810
GET     100.000     99.90227
GET     110.000     99.93276
GET     120.000     99.94751
GET     130.000     99.96161
GET     140.000     99.96918
GET     150.000     99.97735
GET     160.000     99.97939
GET     170.000     99.98235
GET     180.000     99.98551
GET     190.000     99.98788
GET     200.000     99.99025
GET     210.000     99.99236
GET     220.000     99.99381
GET     230.000     99.99473
GET     240.000     99.99598
GET     250.000     99.99651
GET     260.000     99.99710
GET     270.000     99.99717
GET     280.000     99.99835
GET     290.000     99.99895
GET     300.000     99.99934
GET     310.000     99.99954
GET     330.000     99.99967
GET     340.000     99.99974
GET     360.000     99.99980
GET     470.000     99.99987
GET     510.000     99.99993
GET     550.000    100.00000
