[RUN #1] Preparing benchmark client...
[RUN #1] Launching threads now...
[RUN #1 4%,   0 secs]  8 threads:       67631 ops,       0 (avg:       0) ops/sec, 0.00KB/sec (avg: 0.00KB/sec),  0.00 (avg:  0.00) msec latency[RUN #1 9%,   1 secs]  8 threads:      148852 ops,   81208 (avg:   78952) ops/sec, 3.06MB/sec (avg: 2.98MB/sec),  3.91 (avg:  4.00) msec latency[RUN #1 14%,   2 secs]  8 threads:      227882 ops,   79018 (avg:   78975) ops/sec, 2.98MB/sec (avg: 2.98MB/sec),  4.07 (avg:  4.03) msec latency[RUN #1 19%,   3 secs]  8 threads:      308379 ops,   80483 (avg:   79363) ops/sec, 3.04MB/sec (avg: 2.99MB/sec),  3.99 (avg:  4.02) msec latency[RUN #1 24%,   4 secs]  8 threads:      386699 ops,   78308 (avg:   79147) ops/sec, 2.95MB/sec (avg: 2.99MB/sec),  4.06 (avg:  4.02) msec latency[RUN #1 29%,   5 secs]  8 threads:      467302 ops,   80589 (avg:   79392) ops/sec, 3.04MB/sec (avg: 3.00MB/sec),  3.99 (avg:  4.02) msec latency[RUN #1 34%,   6 secs]  8 threads:      547492 ops,   80177 (avg:   79506) ops/sec, 3.02MB/sec (avg: 3.00MB/sec),  3.98 (avg:  4.01) msec latency[RUN #1 39%,   7 secs]  8 threads:      628843 ops,   81336 (avg:   79738) ops/sec, 3.07MB/sec (avg: 3.01MB/sec),  3.93 (avg:  4.00) msec latency[RUN #1 44%,   8 secs]  8 threads:      708554 ops,   79698 (avg:   79734) ops/sec, 3.01MB/sec (avg: 3.01MB/sec),  4.00 (avg:  4.00) msec latency[RUN #1 49%,   9 secs]  8 threads:      789487 ops,   80921 (avg:   79854) ops/sec, 3.05MB/sec (avg: 3.01MB/sec),  3.95 (avg:  4.00) msec latency[RUN #1 54%,  10 secs]  8 threads:      869475 ops,   79976 (avg:   79865) ops/sec, 3.02MB/sec (avg: 3.01MB/sec),  3.99 (avg:  4.00) msec latency[RUN #1 59%,  11 secs]  8 threads:      951694 ops,   82207 (avg:   80062) ops/sec, 3.10MB/sec (avg: 3.02MB/sec),  3.89 (avg:  3.99) msec latency[RUN #1 64%,  12 secs]  8 threads:     1032679 ops,   80971 (avg:   80133) ops/sec, 3.05MB/sec (avg: 3.02MB/sec),  3.93 (avg:  3.98) msec latency[RUN #1 69%,  13 secs]  8 threads:     1113440 ops,   80748 (avg:   80177) ops/sec, 3.05MB/sec (avg: 3.02MB/sec),  3.98 (avg:  3.98) msec latency[RUN #1 74%,  14 secs]  8 threads:     1193795 ops,   80343 (avg:   80188) ops/sec, 3.03MB/sec (avg: 3.02MB/sec),  3.99 (avg:  3.98) msec latency[RUN #1 79%,  15 secs]  8 threads:     1275370 ops,   81563 (avg:   80275) ops/sec, 3.08MB/sec (avg: 3.03MB/sec),  3.91 (avg:  3.98) msec latency[RUN #1 84%,  16 secs]  8 threads:     1355322 ops,   79940 (avg:   80255) ops/sec, 3.01MB/sec (avg: 3.03MB/sec),  4.00 (avg:  3.98) msec latency[RUN #1 89%,  17 secs]  8 threads:     1435229 ops,   79895 (avg:   80235) ops/sec, 3.01MB/sec (avg: 3.03MB/sec),  3.99 (avg:  3.98) msec latency[RUN #1 94%,  18 secs]  8 threads:     1516454 ops,   81214 (avg:   80287) ops/sec, 3.06MB/sec (avg: 3.03MB/sec),  3.94 (avg:  3.98) msec latency[RUN #1 99%,  19 secs]  8 threads:     1601296 ops,   81214 (avg:   80516) ops/sec, 3.06MB/sec (avg: 3.04MB/sec),  3.94 (avg:  3.97) msec latency[RUN #1 100%,  20 secs]  0 threads:     1658540 ops,   81214 (avg:   82875) ops/sec, 3.06MB/sec (avg: 3.13MB/sec),  3.94 (avg:  3.86) msec latency

8         Threads
40        Connections per thread
20        Seconds
Type        Ops/sec     Hits/sec   Misses/sec      Latency       KB/sec
------------------------------------------------------------------------
Sets        7541.60          ---          ---      4.20900       559.03
Gets       75330.44      3626.94     71703.50      3.82200      2641.53
Totals     82872.04      3626.94     71703.50      3.85700      3200.55


Request Latency Distribution
Type     <= msec         Percent
------------------------------------------------------------------------
SET       1.000     74.40105
SET       2.000     78.09345
SET       3.000     79.66899
SET       4.000     81.23062
SET       5.000     82.49609
SET       6.000     83.50118
SET       7.000     84.48904
SET       8.000     85.35764
SET       9.000     86.11494
SET      10.000     86.92325
SET      11.000     87.60501
SET      12.000     88.25431
SET      13.000     88.82941
SET      14.000     89.43630
SET      15.000     90.06175
SET      16.000     90.71171
SET      17.000     91.32324
SET      18.000     91.87449
SET      19.000     92.37935
SET      20.000     92.84313
SET      21.000     93.26650
SET      22.000     93.67198
SET      23.000     94.07945
SET      24.000     94.44783
SET      25.000     94.74730
SET      26.000     95.09448
SET      27.000     95.36082
SET      28.000     95.63115
SET      29.000     95.87231
SET      30.000     96.15721
SET      31.000     96.37585
SET      32.000     96.60244
SET      33.000     96.81645
SET      34.000     97.03443
SET      35.000     97.20735
SET      36.000     97.37100
SET      37.000     97.52538
SET      38.000     97.65524
SET      39.000     97.79835
SET      40.000     97.93814
SET      41.000     98.06535
SET      42.000     98.19588
SET      43.000     98.30917
SET      44.000     98.40789
SET      45.000     98.51986
SET      46.000     98.61593
SET      47.000     98.67954
SET      48.000     98.75242
SET      49.000     98.82861
SET      50.000     98.88625
SET      51.000     98.93197
SET      52.000     98.99822
SET      53.000     99.03864
SET      54.000     99.07972
SET      55.000     99.13140
SET      56.000     99.16717
SET      57.000     99.20163
SET      58.000     99.24138
SET      59.000     99.27252
SET      60.000     99.30366
SET      61.000     99.32685
SET      62.000     99.35865
SET      63.000     99.37654
SET      64.000     99.40636
SET      65.000     99.42822
SET      66.000     99.46135
SET      67.000     99.48851
SET      68.000     99.50309
SET      69.000     99.53688
SET      70.000     99.56007
SET      71.000     99.57133
SET      72.000     99.59319
SET      73.000     99.61042
SET      74.000     99.62168
SET      75.000     99.63493
SET      76.000     99.64819
SET      77.000     99.65282
SET      78.000     99.67403
SET      79.000     99.68794
SET      80.000     99.69788
SET      81.000     99.71047
SET      82.000     99.72968
SET      83.000     99.73829
SET      84.000     99.74359
SET      85.000     99.75486
SET      86.000     99.76082
SET      87.000     99.76479
SET      88.000     99.77142
SET      89.000     99.77672
SET      90.000     99.78335
SET      91.000     99.78600
SET      92.000     99.78865
SET      93.000     99.79328
SET      94.000     99.79792
SET      95.000     99.80521
SET      96.000     99.81184
SET      97.000     99.81449
SET      98.000     99.81581
SET      99.000     99.81912
SET     100.000     99.84828
SET     110.000     99.87809
SET     120.000     99.89134
SET     130.000     99.90261
SET     140.000     99.91519
SET     150.000     99.92248
SET     160.000     99.93971
SET     170.000     99.95296
SET     180.000     99.95760
SET     190.000     99.95958
SET     200.000     99.96290
SET     210.000     99.96555
SET     220.000     99.96621
SET     230.000     99.96754
SET     240.000     99.97814
SET     250.000     99.99205
SET     280.000     99.99271
SET     310.000    100.00000
---
GET       0.074      0.00007
GET       0.076      0.00013
GET       0.077      0.00046
GET       0.078      0.00053
GET       0.079      0.00066
GET       0.081      0.00080
GET       0.082      0.00099
GET       0.083      0.00119
GET       0.084      0.00146
GET       0.085      0.00186
GET       0.086      0.00219
GET       0.087      0.00265
GET       0.088      0.00285
GET       0.089      0.00352
GET       0.090      0.00391
GET       0.091      0.00451
GET       0.092      0.00517
GET       0.093      0.00650
GET       0.094      0.00789
GET       0.095      0.00909
GET       0.096      0.01041
GET       0.097      0.01220
GET       0.098      0.01373
GET       0.099      0.01499
GET       0.100      0.02441
GET       0.110      0.04411
GET       0.120      0.07051
GET       0.130      0.13578
GET       0.140      0.33099
GET       0.150      0.68658
GET       0.160      1.17491
GET       0.170      1.89406
GET       0.180      3.23698
GET       0.190      6.16175
GET       0.200      9.60939
GET       0.210     12.45914
GET       0.220     14.95893
GET       0.230     17.56922
GET       0.240     20.97395
GET       0.250     23.64932
GET       0.260     25.28734
GET       0.270     26.42132
GET       0.280     27.38338
GET       0.290     28.43159
GET       0.300     29.31677
GET       0.310     30.00070
GET       0.320     30.61127
GET       0.330     31.26701
GET       0.340     32.09402
GET       0.350     32.97508
GET       0.360     33.91206
GET       0.370     35.00817
GET       0.380     36.51261
GET       0.390     38.68526
GET       0.400     41.08296
GET       0.410     43.58606
GET       0.420     46.22349
GET       0.430     49.15668
GET       0.440     52.36898
GET       0.450     55.13436
GET       0.460     57.42255
GET       0.470     59.34069
GET       0.480     61.04830
GET       0.490     62.59552
GET       0.500     63.88869
GET       0.510     64.98798
GET       0.520     65.96496
GET       0.530     66.90406
GET       0.540     67.81325
GET       0.550     68.63104
GET       0.560     69.36299
GET       0.570     70.02318
GET       0.580     70.64171
GET       0.590     71.23052
GET       0.600     71.74849
GET       0.610     72.19622
GET       0.620     72.59805
GET       0.630     72.95908
GET       0.640     73.28463
GET       0.650     73.55791
GET       0.660     73.78961
GET       0.670     73.99477
GET       0.680     74.18016
GET       0.690     74.34559
GET       0.700     74.50756
GET       0.710     74.65913
GET       0.720     74.79471
GET       0.730     74.91914
GET       0.740     75.03734
GET       0.750     75.14686
GET       0.760     75.25199
GET       0.770     75.35175
GET       0.780     75.45615
GET       0.790     75.56016
GET       0.800     75.66191
GET       0.810     75.75842
GET       0.820     75.85778
GET       0.830     75.95250
GET       0.840     76.04722
GET       0.850     76.14035
GET       0.860     76.22651
GET       0.870     76.31228
GET       0.880     76.40587
GET       0.890     76.49926
GET       0.900     76.59047
GET       0.910     76.68565
GET       0.920     76.77865
GET       0.930     76.87489
GET       0.940     76.96676
GET       0.950     77.05896
GET       0.960     77.14976
GET       0.970     77.24475
GET       0.980     77.33841
GET       0.990     77.42523
GET       1.000     77.88537
GET       1.100     78.51384
GET       1.200     78.95487
GET       1.300     79.27087
GET       1.400     79.54780
GET       1.500     79.81531
GET       1.600     80.07513
GET       1.700     80.34774
GET       1.800     80.61134
GET       1.900     80.86200
GET       2.000     81.10643
GET       2.100     81.33792
GET       2.200     81.54965
GET       2.300     81.75454
GET       2.400     81.93071
GET       2.500     82.09117
GET       2.600     82.24061
GET       2.700     82.38176
GET       2.800     82.51727
GET       2.900     82.65179
GET       3.000     82.77344
GET       3.100     82.89038
GET       3.200     82.99989
GET       3.300     83.11517
GET       3.400     83.22090
GET       3.500     83.32166
GET       3.600     83.42003
GET       3.700     83.51475
GET       3.800     83.61915
GET       3.900     83.71606
GET       4.000     83.81443
GET       4.100     83.90855
GET       4.200     84.01355
GET       4.300     84.10681
GET       4.400     84.20763
GET       4.500     84.32444
GET       4.600     84.42758
GET       4.700     84.52801
GET       4.800     84.61749
GET       4.900     84.70677
GET       5.000     84.79359
GET       5.100     84.87956
GET       5.200     84.96041
GET       5.300     85.04074
GET       5.400     85.12670
GET       5.500     85.21287
GET       5.600     85.29810
GET       5.700     85.37949
GET       5.800     85.46578
GET       5.900     85.55168
GET       6.000     85.63353
GET       6.100     85.71684
GET       6.200     85.80433
GET       6.300     85.88366
GET       6.400     85.96386
GET       6.500     86.04670
GET       6.600     86.12769
GET       6.700     86.20490
GET       6.800     86.28138
GET       6.900     86.35395
GET       7.000     86.43208
GET       7.100     86.50690
GET       7.200     86.57867
GET       7.300     86.65197
GET       7.400     86.72301
GET       7.500     86.79086
GET       7.600     86.85627
GET       7.700     86.92837
GET       7.800     86.99967
GET       7.900     87.06766
GET       8.000     87.13372
GET       8.100     87.20841
GET       8.200     87.27952
GET       8.300     87.35261
GET       8.400     87.43161
GET       8.500     87.51658
GET       8.600     87.59160
GET       8.700     87.65581
GET       8.800     87.72035
GET       8.900     87.78263
GET       9.000     87.84803
GET       9.100     87.91417
GET       9.200     87.98023
GET       9.300     88.04271
GET       9.400     88.10500
GET       9.500     88.16669
GET       9.600     88.23262
GET       9.700     88.29357
GET       9.800     88.35307
GET       9.900     88.41662
GET      10.000     88.78548
GET      11.000     89.35294
GET      12.000     89.90719
GET      13.000     90.46927
GET      14.000     90.97962
GET      15.000     91.44280
GET      16.000     91.92575
GET      17.000     92.40658
GET      18.000     92.86943
GET      19.000     93.27657
GET      20.000     93.65558
GET      21.000     94.05535
GET      22.000     94.43144
GET      23.000     94.76867
GET      24.000     95.07770
GET      25.000     95.38812
GET      26.000     95.70518
GET      27.000     95.98271
GET      28.000     96.22229
GET      29.000     96.46181
GET      30.000     96.71194
GET      31.000     96.93667
GET      32.000     97.12989
GET      33.000     97.31608
GET      34.000     97.49438
GET      35.000     97.66418
GET      36.000     97.80593
GET      37.000     97.94038
GET      38.000     98.07138
GET      39.000     98.19794
GET      40.000     98.31289
GET      41.000     98.43706
GET      42.000     98.54850
GET      43.000     98.64792
GET      44.000     98.73269
GET      45.000     98.81348
GET      46.000     98.90131
GET      47.000     98.96697
GET      48.000     99.01957
GET      49.000     99.08146
GET      50.000     99.13757
GET      51.000     99.19269
GET      52.000     99.24072
GET      53.000     99.28516
GET      54.000     99.32343
GET      55.000     99.35991
GET      56.000     99.39580
GET      57.000     99.42797
GET      58.000     99.46080
GET      59.000     99.49019
GET      60.000     99.51652
GET      61.000     99.53755
GET      62.000     99.55997
GET      63.000     99.58563
GET      64.000     99.60474
GET      65.000     99.62145
GET      66.000     99.64633
GET      67.000     99.66410
GET      68.000     99.68029
GET      69.000     99.69886
GET      70.000     99.71252
GET      71.000     99.72572
GET      72.000     99.74171
GET      73.000     99.75299
GET      74.000     99.76048
GET      75.000     99.76983
GET      76.000     99.77720
GET      77.000     99.78615
GET      78.000     99.79265
GET      79.000     99.80326
GET      80.000     99.81016
GET      81.000     99.81905
GET      82.000     99.82515
GET      83.000     99.83119
GET      84.000     99.83776
GET      85.000     99.84273
GET      86.000     99.84890
GET      87.000     99.85600
GET      88.000     99.86236
GET      89.000     99.86880
GET      90.000     99.87404
GET      91.000     99.87875
GET      92.000     99.88372
GET      93.000     99.88750
GET      94.000     99.89162
GET      95.000     99.89586
GET      96.000     99.89964
GET      97.000     99.90283
GET      98.000     99.90621
GET      99.000     99.90972
GET     100.000     99.92697
GET     110.000     99.94621
GET     120.000     99.96166
GET     130.000     99.97214
GET     140.000     99.97930
GET     150.000     99.98355
GET     160.000     99.98760
GET     170.000     99.99025
GET     180.000     99.99231
GET     190.000     99.99463
GET     200.000     99.99589
GET     210.000     99.99688
GET     220.000     99.99741
GET     230.000     99.99781
GET     240.000     99.99847
GET     250.000     99.99887
GET     260.000     99.99901
GET     270.000     99.99967
GET     280.000     99.99980
GET     290.000     99.99987
GET     330.000     99.99993
GET     370.000    100.00000
