[RUN #1] Preparing benchmark client...
[RUN #1] Launching threads now...
[RUN #1 4%,   0 secs]  8 threads:       65178 ops,       0 (avg:       0) ops/sec, 0.00KB/sec (avg: 0.00KB/sec),  0.00 (avg:  0.00) msec latency[RUN #1 9%,   1 secs]  8 threads:      143417 ops,   78224 (avg:   76833) ops/sec, 2.95MB/sec (avg: 2.90MB/sec),  4.12 (avg:  4.13) msec latency[RUN #1 14%,   2 secs]  8 threads:      219950 ops,   76521 (avg:   76724) ops/sec, 2.89MB/sec (avg: 2.90MB/sec),  4.18 (avg:  4.15) msec latency[RUN #1 19%,   3 secs]  8 threads:      297602 ops,   77640 (avg:   76961) ops/sec, 2.93MB/sec (avg: 2.90MB/sec),  4.12 (avg:  4.14) msec latency[RUN #1 24%,   4 secs]  8 threads:      374326 ops,   76712 (avg:   76910) ops/sec, 2.89MB/sec (avg: 2.90MB/sec),  4.15 (avg:  4.14) msec latency[RUN #1 29%,   5 secs]  8 threads:      452132 ops,   77794 (avg:   77061) ops/sec, 2.93MB/sec (avg: 2.91MB/sec),  4.12 (avg:  4.14) msec latency[RUN #1 34%,   6 secs]  8 threads:      529673 ops,   77530 (avg:   77129) ops/sec, 2.92MB/sec (avg: 2.91MB/sec),  4.11 (avg:  4.13) msec latency[RUN #1 39%,   7 secs]  8 threads:      607784 ops,   78098 (avg:   77252) ops/sec, 2.94MB/sec (avg: 2.91MB/sec),  4.11 (avg:  4.13) msec latency[RUN #1 44%,   8 secs]  8 threads:      685033 ops,   77235 (avg:   77250) ops/sec, 2.91MB/sec (avg: 2.91MB/sec),  4.12 (avg:  4.13) msec latency[RUN #1 49%,   9 secs]  8 threads:      762545 ops,   77498 (avg:   77275) ops/sec, 2.92MB/sec (avg: 2.91MB/sec),  4.13 (avg:  4.13) msec latency[RUN #1 54%,  10 secs]  8 threads:      840796 ops,   78236 (avg:   77364) ops/sec, 2.95MB/sec (avg: 2.92MB/sec),  4.10 (avg:  4.13) msec latency[RUN #1 59%,  11 secs]  8 threads:      919280 ops,   78471 (avg:   77457) ops/sec, 2.96MB/sec (avg: 2.92MB/sec),  4.07 (avg:  4.12) msec latency[RUN #1 64%,  12 secs]  8 threads:      997190 ops,   77899 (avg:   77491) ops/sec, 2.94MB/sec (avg: 2.92MB/sec),  4.08 (avg:  4.12) msec latency[RUN #1 69%,  13 secs]  8 threads:     1076103 ops,   78902 (avg:   77593) ops/sec, 2.98MB/sec (avg: 2.93MB/sec),  4.07 (avg:  4.12) msec latency[RUN #1 74%,  14 secs]  8 threads:     1153133 ops,   77019 (avg:   77555) ops/sec, 2.90MB/sec (avg: 2.93MB/sec),  4.11 (avg:  4.12) msec latency[RUN #1 79%,  15 secs]  8 threads:     1232159 ops,   79015 (avg:   77647) ops/sec, 2.98MB/sec (avg: 2.93MB/sec),  4.07 (avg:  4.11) msec latency[RUN #1 84%,  16 secs]  8 threads:     1310424 ops,   78254 (avg:   77683) ops/sec, 2.95MB/sec (avg: 2.93MB/sec),  4.08 (avg:  4.11) msec latency[RUN #1 89%,  17 secs]  8 threads:     1387892 ops,   77457 (avg:   77670) ops/sec, 2.92MB/sec (avg: 2.93MB/sec),  4.12 (avg:  4.11) msec latency[RUN #1 94%,  18 secs]  8 threads:     1466708 ops,   78804 (avg:   77730) ops/sec, 2.97MB/sec (avg: 2.93MB/sec),  4.06 (avg:  4.11) msec latency[RUN #1 99%,  19 secs]  8 threads:     1548083 ops,   78804 (avg:   77915) ops/sec, 2.97MB/sec (avg: 2.94MB/sec),  4.06 (avg:  4.10) msec latency[RUN #1 100%,  20 secs]  0 threads:     1643934 ops,   78804 (avg:   82139) ops/sec, 2.97MB/sec (avg: 3.10MB/sec),  4.06 (avg:  3.89) msec latency

8         Threads
40        Connections per thread
20        Seconds
Type        Ops/sec     Hits/sec   Misses/sec      Latency       KB/sec
------------------------------------------------------------------------
Sets        7473.89          ---          ---      4.26000       554.00
Gets       74658.39      3623.81     71034.58      3.85400      2617.95
Totals     82132.28      3623.81     71034.58      3.89100      3171.95


Request Latency Distribution
Type     <= msec         Percent
------------------------------------------------------------------------
SET       1.000     74.90692
SET       2.000     78.26665
SET       3.000     79.69852
SET       4.000     81.16782
SET       5.000     82.35369
SET       6.000     83.36041
SET       7.000     84.28022
SET       8.000     85.20539
SET       9.000     86.08443
SET      10.000     87.03566
SET      11.000     87.80173
SET      12.000     88.58986
SET      13.000     89.23427
SET      14.000     89.79043
SET      15.000     90.31051
SET      16.000     90.90077
SET      17.000     91.40479
SET      18.000     91.91684
SET      19.000     92.33998
SET      20.000     92.76847
SET      21.000     93.19630
SET      22.000     93.58134
SET      23.000     93.93028
SET      24.000     94.27722
SET      25.000     94.59608
SET      26.000     94.95304
SET      27.000     95.23915
SET      28.000     95.52258
SET      29.000     95.80735
SET      30.000     96.08877
SET      31.000     96.32608
SET      32.000     96.51793
SET      33.000     96.73452
SET      34.000     96.93974
SET      35.000     97.11153
SET      36.000     97.26528
SET      37.000     97.42839
SET      38.000     97.58548
SET      39.000     97.72787
SET      40.000     97.85487
SET      41.000     97.98991
SET      42.000     98.12427
SET      43.000     98.25128
SET      44.000     98.36291
SET      45.000     98.46051
SET      46.000     98.56345
SET      47.000     98.64835
SET      48.000     98.72121
SET      49.000     98.79274
SET      50.000     98.85558
SET      51.000     98.91574
SET      52.000     98.98793
SET      53.000     99.03606
SET      54.000     99.08219
SET      55.000     99.12764
SET      56.000     99.15706
SET      57.000     99.20318
SET      58.000     99.25131
SET      59.000     99.28540
SET      60.000     99.31682
SET      61.000     99.35960
SET      62.000     99.38768
SET      63.000     99.42578
SET      64.000     99.45453
SET      65.000     99.47926
SET      66.000     99.50199
SET      67.000     99.53341
SET      68.000     99.56015
SET      69.000     99.57151
SET      70.000     99.58956
SET      71.000     99.61162
SET      72.000     99.62900
SET      73.000     99.63836
SET      74.000     99.65039
SET      75.000     99.66510
SET      76.000     99.67044
SET      77.000     99.68314
SET      78.000     99.71590
SET      79.000     99.72793
SET      80.000     99.74264
SET      81.000     99.76202
SET      82.000     99.77272
SET      83.000     99.78007
SET      84.000     99.78475
SET      85.000     99.79612
SET      86.000     99.80949
SET      87.000     99.82018
SET      88.000     99.82219
SET      89.000     99.83088
SET      90.000     99.83288
SET      91.000     99.83489
SET      92.000     99.84224
SET      93.000     99.84558
SET      94.000     99.85294
SET      95.000     99.85628
SET      96.000     99.86163
SET      97.000     99.86564
SET      98.000     99.87566
SET      99.000     99.88101
SET     100.000     99.90107
SET     110.000     99.93650
SET     120.000     99.95588
SET     130.000     99.97059
SET     140.000     99.97660
SET     150.000     99.98529
SET     160.000     99.98930
SET     170.000     99.98997
SET     180.000     99.99332
SET     190.000     99.99398
SET     200.000     99.99532
SET     210.000     99.99799
SET     220.000     99.99866
SET     240.000    100.00000
---
GET       0.066      0.00007
GET       0.072      0.00013
GET       0.073      0.00020
GET       0.074      0.00033
GET       0.075      0.00047
GET       0.076      0.00054
GET       0.078      0.00060
GET       0.079      0.00087
GET       0.080      0.00120
GET       0.081      0.00147
GET       0.082      0.00181
GET       0.083      0.00207
GET       0.084      0.00241
GET       0.085      0.00281
GET       0.086      0.00335
GET       0.087      0.00375
GET       0.088      0.00428
GET       0.089      0.00515
GET       0.090      0.00602
GET       0.091      0.00696
GET       0.092      0.00863
GET       0.093      0.01017
GET       0.094      0.01184
GET       0.095      0.01358
GET       0.096      0.01573
GET       0.097      0.01800
GET       0.098      0.01967
GET       0.099      0.02161
GET       0.100      0.02991
GET       0.110      0.05046
GET       0.120      0.07830
GET       0.130      0.13658
GET       0.140      0.30943
GET       0.150      0.61459
GET       0.160      1.03899
GET       0.170      1.66682
GET       0.180      2.79568
GET       0.190      5.20846
GET       0.200      8.10787
GET       0.210     10.56360
GET       0.220     12.71559
GET       0.230     15.00362
GET       0.240     17.94753
GET       0.250     20.23544
GET       0.260     21.71636
GET       0.270     22.81075
GET       0.280     23.80236
GET       0.290     24.90486
GET       0.300     25.88723
GET       0.310     26.71549
GET       0.320     27.49068
GET       0.330     28.30670
GET       0.340     29.29844
GET       0.350     30.33662
GET       0.360     31.45692
GET       0.370     32.78065
GET       0.380     34.53085
GET       0.390     36.98759
GET       0.400     39.72144
GET       0.410     42.59188
GET       0.420     45.63175
GET       0.430     48.89426
GET       0.440     52.41709
GET       0.450     55.50039
GET       0.460     58.09786
GET       0.470     60.27187
GET       0.480     62.19954
GET       0.490     63.90752
GET       0.500     65.30948
GET       0.510     66.44797
GET       0.520     67.45437
GET       0.530     68.35035
GET       0.540     69.16924
GET       0.550     69.87444
GET       0.560     70.48862
GET       0.570     71.02244
GET       0.580     71.52226
GET       0.590     71.98460
GET       0.600     72.38097
GET       0.610     72.73718
GET       0.620     73.05290
GET       0.630     73.34065
GET       0.640     73.59040
GET       0.650     73.80374
GET       0.660     73.99787
GET       0.670     74.16490
GET       0.680     74.32082
GET       0.690     74.45787
GET       0.700     74.58542
GET       0.710     74.69436
GET       0.720     74.79735
GET       0.730     74.89425
GET       0.740     74.98934
GET       0.750     75.07574
GET       0.760     75.16086
GET       0.770     75.24283
GET       0.780     75.32401
GET       0.790     75.40779
GET       0.800     75.48997
GET       0.810     75.57341
GET       0.820     75.65780
GET       0.830     75.74319
GET       0.840     75.83279
GET       0.850     75.91992
GET       0.860     76.00879
GET       0.870     76.10107
GET       0.880     76.19181
GET       0.890     76.28510
GET       0.900     76.37564
GET       0.910     76.46993
GET       0.920     76.56864
GET       0.930     76.66754
GET       0.940     76.76719
GET       0.950     76.86214
GET       0.960     76.95744
GET       0.970     77.05501
GET       0.980     77.14722
GET       0.990     77.23642
GET       1.000     77.71971
GET       1.100     78.38837
GET       1.200     78.85319
GET       1.300     79.17715
GET       1.400     79.44569
GET       1.500     79.70487
GET       1.600     79.95736
GET       1.700     80.22457
GET       1.800     80.48401
GET       1.900     80.72813
GET       2.000     80.96971
GET       2.100     81.20025
GET       2.200     81.40951
GET       2.300     81.60725
GET       2.400     81.77555
GET       2.500     81.94051
GET       2.600     82.09141
GET       2.700     82.23455
GET       2.800     82.37415
GET       2.900     82.50698
GET       3.000     82.63312
GET       3.100     82.74381
GET       3.200     82.85884
GET       3.300     82.97562
GET       3.400     83.08068
GET       3.500     83.18179
GET       3.600     83.28157
GET       3.700     83.37586
GET       3.800     83.48213
GET       3.900     83.57642
GET       4.000     83.67151
GET       4.100     83.76935
GET       4.200     83.87320
GET       4.300     83.96388
GET       4.400     84.07135
GET       4.500     84.18625
GET       4.600     84.29245
GET       4.700     84.39203
GET       4.800     84.48659
GET       4.900     84.58021
GET       5.000     84.67222
GET       5.100     84.75834
GET       5.200     84.83731
GET       5.300     84.91473
GET       5.400     84.99999
GET       5.500     85.08103
GET       5.600     85.16541
GET       5.700     85.24993
GET       5.800     85.34275
GET       5.900     85.42727
GET       6.000     85.50590
GET       6.100     85.58955
GET       6.200     85.67527
GET       6.300     85.75778
GET       6.400     85.84083
GET       6.500     85.92174
GET       6.600     86.00478
GET       6.700     86.08094
GET       6.800     86.15803
GET       6.900     86.23130
GET       7.000     86.30471
GET       7.100     86.37812
GET       7.200     86.45000
GET       7.300     86.52682
GET       7.400     86.59996
GET       7.500     86.67076
GET       7.600     86.74431
GET       7.700     86.81839
GET       7.800     86.89461
GET       7.900     86.96240
GET       8.000     87.03099
GET       8.100     87.10186
GET       8.200     87.17553
GET       8.300     87.25196
GET       8.400     87.33400
GET       8.500     87.42146
GET       8.600     87.49440
GET       8.700     87.55818
GET       8.800     87.61988
GET       8.900     87.68271
GET       9.000     87.74756
GET       9.100     87.81441
GET       9.200     87.87959
GET       9.300     87.94350
GET       9.400     88.00834
GET       9.500     88.07158
GET       9.600     88.13589
GET       9.700     88.19659
GET       9.800     88.25708
GET       9.900     88.32273
GET      10.000     88.69795
GET      11.000     89.27807
GET      12.000     89.83711
GET      13.000     90.40345
GET      14.000     90.91531
GET      15.000     91.37900
GET      16.000     91.86470
GET      17.000     92.34524
GET      18.000     92.80746
GET      19.000     93.22182
GET      20.000     93.60373
GET      21.000     94.00156
GET      22.000     94.37350
GET      23.000     94.71773
GET      24.000     95.03774
GET      25.000     95.34891
GET      26.000     95.65995
GET      27.000     95.94028
GET      28.000     96.18313
GET      29.000     96.42076
GET      30.000     96.66568
GET      31.000     96.89528
GET      32.000     97.10313
GET      33.000     97.29272
GET      34.000     97.47802
GET      35.000     97.65100
GET      36.000     97.79347
GET      37.000     97.93266
GET      38.000     98.06148
GET      39.000     98.19184
GET      40.000     98.30326
GET      41.000     98.42573
GET      42.000     98.53581
GET      43.000     98.63773
GET      44.000     98.72231
GET      45.000     98.80348
GET      46.000     98.88526
GET      47.000     98.95318
GET      48.000     99.00739
GET      49.000     99.07009
GET      50.000     99.12430
GET      51.000     99.17950
GET      52.000     99.22969
GET      53.000     99.27874
GET      54.000     99.31629
GET      55.000     99.35410
GET      56.000     99.38903
GET      57.000     99.42195
GET      58.000     99.45427
GET      59.000     99.48439
GET      60.000     99.51269
GET      61.000     99.53558
GET      62.000     99.55900
GET      63.000     99.58383
GET      64.000     99.60203
GET      65.000     99.61956
GET      66.000     99.64379
GET      67.000     99.66092
GET      68.000     99.67792
GET      69.000     99.69605
GET      70.000     99.71098
GET      71.000     99.72403
GET      72.000     99.73962
GET      73.000     99.75086
GET      74.000     99.75882
GET      75.000     99.76879
GET      76.000     99.77589
GET      77.000     99.78432
GET      78.000     99.79061
GET      79.000     99.80105
GET      80.000     99.80821
GET      81.000     99.81791
GET      82.000     99.82467
GET      83.000     99.83170
GET      84.000     99.83832
GET      85.000     99.84421
GET      86.000     99.84957
GET      87.000     99.85693
GET      88.000     99.86328
GET      89.000     99.86924
GET      90.000     99.87520
GET      91.000     99.87941
GET      92.000     99.88423
GET      93.000     99.88838
GET      94.000     99.89233
GET      95.000     99.89607
GET      96.000     99.89895
GET      97.000     99.90283
GET      98.000     99.90605
GET      99.000     99.90953
GET     100.000     99.92545
GET     110.000     99.94687
GET     120.000     99.96025
GET     130.000     99.97196
GET     140.000     99.97859
GET     150.000     99.98273
GET     160.000     99.98668
GET     170.000     99.98949
GET     180.000     99.99184
GET     190.000     99.99398
GET     200.000     99.99532
GET     210.000     99.99625
GET     220.000     99.99672
GET     230.000     99.99759
GET     240.000     99.99853
GET     250.000     99.99880
GET     260.000     99.99906
GET     270.000     99.99933
GET     280.000     99.99960
GET     290.000     99.99967
GET     300.000     99.99980
GET     320.000     99.99993
GET     340.000    100.00000
