[RUN #1] Preparing benchmark client...
[RUN #1] Launching threads now...
[RUN #1 4%,   0 secs]  8 threads:       66343 ops,       0 (avg:       0) ops/sec, 0.00KB/sec (avg: 0.00KB/sec),  0.00 (avg:  0.00) msec latency[RUN #1 9%,   1 secs]  8 threads:      146288 ops,   79916 (avg:   77578) ops/sec, 3.02MB/sec (avg: 2.93MB/sec),  3.96 (avg:  4.07) msec latency[RUN #1 14%,   2 secs]  8 threads:      223835 ops,   77532 (avg:   77562) ops/sec, 2.92MB/sec (avg: 2.93MB/sec),  4.15 (avg:  4.09) msec latency[RUN #1 19%,   3 secs]  8 threads:      303585 ops,   79738 (avg:   78122) ops/sec, 3.01MB/sec (avg: 2.95MB/sec),  4.03 (avg:  4.08) msec latency[RUN #1 24%,   4 secs]  8 threads:      382850 ops,   79251 (avg:   78353) ops/sec, 2.99MB/sec (avg: 2.96MB/sec),  4.02 (avg:  4.07) msec latency[RUN #1 29%,   5 secs]  8 threads:      461672 ops,   78809 (avg:   78431) ops/sec, 2.97MB/sec (avg: 2.96MB/sec),  4.07 (avg:  4.07) msec latency[RUN #1 34%,   6 secs]  8 threads:      540716 ops,   79032 (avg:   78518) ops/sec, 2.98MB/sec (avg: 2.96MB/sec),  4.03 (avg:  4.06) msec latency[RUN #1 39%,   7 secs]  8 threads:      620012 ops,   79284 (avg:   78615) ops/sec, 2.99MB/sec (avg: 2.97MB/sec),  4.04 (avg:  4.06) msec latency[RUN #1 44%,   8 secs]  8 threads:      699305 ops,   79281 (avg:   78690) ops/sec, 2.99MB/sec (avg: 2.97MB/sec),  4.02 (avg:  4.05) msec latency[RUN #1 49%,   9 secs]  8 threads:      779027 ops,   79710 (avg:   78793) ops/sec, 3.01MB/sec (avg: 2.97MB/sec),  4.03 (avg:  4.05) msec latency[RUN #1 54%,  10 secs]  8 threads:      857905 ops,   78865 (avg:   78800) ops/sec, 2.97MB/sec (avg: 2.97MB/sec),  4.04 (avg:  4.05) msec latency[RUN #1 59%,  11 secs]  8 threads:      938650 ops,   80732 (avg:   78962) ops/sec, 3.04MB/sec (avg: 2.98MB/sec),  3.95 (avg:  4.04) msec latency[RUN #1 64%,  12 secs]  8 threads:     1017808 ops,   79147 (avg:   78977) ops/sec, 2.98MB/sec (avg: 2.98MB/sec),  4.03 (avg:  4.04) msec latency[RUN #1 69%,  13 secs]  8 threads:     1096951 ops,   79132 (avg:   78988) ops/sec, 2.98MB/sec (avg: 2.98MB/sec),  4.05 (avg:  4.04) msec latency[RUN #1 74%,  14 secs]  8 threads:     1175774 ops,   78811 (avg:   78976) ops/sec, 2.97MB/sec (avg: 2.98MB/sec),  4.07 (avg:  4.04) msec latency[RUN #1 79%,  15 secs]  8 threads:     1257514 ops,   81726 (avg:   79149) ops/sec, 3.08MB/sec (avg: 2.99MB/sec),  3.91 (avg:  4.04) msec latency[RUN #1 84%,  16 secs]  8 threads:     1337309 ops,   79781 (avg:   79186) ops/sec, 3.01MB/sec (avg: 2.99MB/sec),  4.00 (avg:  4.03) msec latency[RUN #1 89%,  17 secs]  8 threads:     1416107 ops,   78787 (avg:   79164) ops/sec, 2.97MB/sec (avg: 2.99MB/sec),  4.04 (avg:  4.03) msec latency[RUN #1 94%,  18 secs]  8 threads:     1495742 ops,   79624 (avg:   79188) ops/sec, 3.00MB/sec (avg: 2.99MB/sec),  4.02 (avg:  4.03) msec latency[RUN #1 99%,  19 secs]  8 threads:     1579263 ops,   79624 (avg:   79407) ops/sec, 3.00MB/sec (avg: 2.99MB/sec),  4.02 (avg:  4.02) msec latency[RUN #1 100%,  20 secs]  0 threads:     1638500 ops,   79624 (avg:   81879) ops/sec, 3.00MB/sec (avg: 3.09MB/sec),  4.02 (avg:  3.90) msec latency

8         Threads
40        Connections per thread
20        Seconds
Type        Ops/sec     Hits/sec   Misses/sec      Latency       KB/sec
------------------------------------------------------------------------
Sets        7449.89          ---          ---      4.26200       552.23
Gets       74422.26      3565.50     70856.76      3.86800      2609.68
Totals     81872.15      3565.50     70856.76      3.90400      3161.90


Request Latency Distribution
Type     <= msec         Percent
------------------------------------------------------------------------
SET       1.000     74.71394
SET       2.000     78.29960
SET       3.000     79.84493
SET       4.000     81.22996
SET       5.000     82.32323
SET       6.000     83.31254
SET       7.000     84.18850
SET       8.000     85.01013
SET       9.000     85.72780
SET      10.000     86.58900
SET      11.000     87.31136
SET      12.000     88.01159
SET      13.000     88.64810
SET      14.000     89.30943
SET      15.000     89.89228
SET      16.000     90.52477
SET      17.000     91.18945
SET      18.000     91.83267
SET      19.000     92.26528
SET      20.000     92.69253
SET      21.000     93.10837
SET      22.000     93.52489
SET      23.000     93.87299
SET      24.000     94.24256
SET      25.000     94.53298
SET      26.000     94.89248
SET      27.000     95.15809
SET      28.000     95.42168
SET      29.000     95.70472
SET      30.000     95.98240
SET      31.000     96.20709
SET      32.000     96.43983
SET      33.000     96.64105
SET      34.000     96.85299
SET      35.000     97.02000
SET      36.000     97.17695
SET      37.000     97.35066
SET      38.000     97.52572
SET      39.000     97.69877
SET      40.000     97.85035
SET      41.000     97.96907
SET      42.000     98.09919
SET      43.000     98.19174
SET      44.000     98.29168
SET      45.000     98.40503
SET      46.000     98.51503
SET      47.000     98.60222
SET      48.000     98.67064
SET      49.000     98.73704
SET      50.000     98.80478
SET      51.000     98.86582
SET      52.000     98.92149
SET      53.000     98.97447
SET      54.000     99.02075
SET      55.000     99.07039
SET      56.000     99.11465
SET      57.000     99.15691
SET      58.000     99.19246
SET      59.000     99.22130
SET      60.000     99.25416
SET      61.000     99.27630
SET      62.000     99.31117
SET      63.000     99.33532
SET      64.000     99.35946
SET      65.000     99.38898
SET      66.000     99.42587
SET      67.000     99.45269
SET      68.000     99.47013
SET      69.000     99.49562
SET      70.000     99.51172
SET      71.000     99.53251
SET      72.000     99.54995
SET      73.000     99.55867
SET      74.000     99.57074
SET      75.000     99.57476
SET      76.000     99.59287
SET      77.000     99.60226
SET      78.000     99.61233
SET      79.000     99.62641
SET      80.000     99.64720
SET      81.000     99.65928
SET      82.000     99.66799
SET      83.000     99.68476
SET      84.000     99.69952
SET      85.000     99.71092
SET      86.000     99.71696
SET      87.000     99.72232
SET      88.000     99.73238
SET      89.000     99.73775
SET      90.000     99.74781
SET      91.000     99.75318
SET      92.000     99.75988
SET      93.000     99.76860
SET      94.000     99.77196
SET      95.000     99.77464
SET      96.000     99.77933
SET      97.000     99.78872
SET      98.000     99.79342
SET      99.000     99.80415
SET     100.000     99.82763
SET     110.000     99.86452
SET     120.000     99.87927
SET     130.000     99.89537
SET     140.000     99.92890
SET     150.000     99.93561
SET     160.000     99.94634
SET     170.000     99.94970
SET     180.000     99.95506
SET     190.000     99.95707
SET     200.000     99.96110
SET     210.000     99.96311
SET     230.000     99.97518
SET     240.000     99.97988
SET     250.000     99.99128
SET     260.000     99.99195
SET     270.000     99.99262
SET     280.000     99.99598
SET     300.000     99.99933
SET     320.000    100.00000
---
GET       0.063      0.00007
GET       0.072      0.00013
GET       0.073      0.00020
GET       0.074      0.00034
GET       0.075      0.00040
GET       0.077      0.00047
GET       0.078      0.00060
GET       0.079      0.00074
GET       0.081      0.00101
GET       0.082      0.00107
GET       0.083      0.00121
GET       0.084      0.00141
GET       0.085      0.00154
GET       0.086      0.00168
GET       0.087      0.00222
GET       0.088      0.00255
GET       0.089      0.00269
GET       0.090      0.00336
GET       0.091      0.00403
GET       0.092      0.00490
GET       0.093      0.00577
GET       0.094      0.00705
GET       0.095      0.00853
GET       0.096      0.00980
GET       0.097      0.01182
GET       0.098      0.01309
GET       0.099      0.01410
GET       0.100      0.02216
GET       0.110      0.04183
GET       0.120      0.06956
GET       0.130      0.13415
GET       0.140      0.32308
GET       0.150      0.67329
GET       0.160      1.13884
GET       0.170      1.82872
GET       0.180      3.12762
GET       0.190      5.94015
GET       0.200      9.25570
GET       0.210     11.98364
GET       0.220     14.35451
GET       0.230     16.84557
GET       0.240     20.10627
GET       0.250     22.65145
GET       0.260     24.20999
GET       0.270     25.26887
GET       0.280     26.17500
GET       0.290     27.15257
GET       0.300     27.97578
GET       0.310     28.62893
GET       0.320     29.21373
GET       0.330     29.84673
GET       0.340     30.63678
GET       0.350     31.47805
GET       0.360     32.39916
GET       0.370     33.49530
GET       0.380     35.00241
GET       0.390     37.18912
GET       0.400     39.58921
GET       0.410     42.16540
GET       0.420     44.87628
GET       0.430     47.86962
GET       0.440     51.18040
GET       0.450     54.06195
GET       0.460     56.38738
GET       0.470     58.36998
GET       0.480     60.13176
GET       0.490     61.72803
GET       0.500     63.02137
GET       0.510     64.12906
GET       0.520     65.09743
GET       0.530     66.04324
GET       0.540     66.98946
GET       0.550     67.90069
GET       0.560     68.76184
GET       0.570     69.59251
GET       0.580     70.36671
GET       0.590     71.08821
GET       0.600     71.67676
GET       0.610     72.16051
GET       0.620     72.57450
GET       0.630     72.92753
GET       0.640     73.24034
GET       0.650     73.50669
GET       0.660     73.72315
GET       0.670     73.92155
GET       0.680     74.09430
GET       0.690     74.25262
GET       0.700     74.39241
GET       0.710     74.52387
GET       0.720     74.64419
GET       0.730     74.76289
GET       0.740     74.87555
GET       0.750     74.98379
GET       0.760     75.08738
GET       0.770     75.18460
GET       0.780     75.27773
GET       0.790     75.36642
GET       0.800     75.45236
GET       0.810     75.53857
GET       0.820     75.62424
GET       0.830     75.71730
GET       0.840     75.80660
GET       0.850     75.90174
GET       0.860     75.99177
GET       0.870     76.07959
GET       0.880     76.17345
GET       0.890     76.26376
GET       0.900     76.35863
GET       0.910     76.45169
GET       0.920     76.54736
GET       0.930     76.64861
GET       0.940     76.74529
GET       0.950     76.83828
GET       0.960     76.93194
GET       0.970     77.02534
GET       0.980     77.11779
GET       0.990     77.20769
GET       1.000     77.67425
GET       1.100     78.31162
GET       1.200     78.76086
GET       1.300     79.07924
GET       1.400     79.35358
GET       1.500     79.61214
GET       1.600     79.87647
GET       1.700     80.14766
GET       1.800     80.41622
GET       1.900     80.67323
GET       2.000     80.91877
GET       2.100     81.14967
GET       2.200     81.36391
GET       2.300     81.56581
GET       2.400     81.74756
GET       2.500     81.91098
GET       2.600     82.06204
GET       2.700     82.20861
GET       2.800     82.34518
GET       2.900     82.47355
GET       3.000     82.59669
GET       3.100     82.71344
GET       3.200     82.83034
GET       3.300     82.93615
GET       3.400     83.04593
GET       3.500     83.14670
GET       3.600     83.24614
GET       3.700     83.34591
GET       3.800     83.44844
GET       3.900     83.54431
GET       4.000     83.63999
GET       4.100     83.74030
GET       4.200     83.84671
GET       4.300     83.93796
GET       4.400     84.04317
GET       4.500     84.16013
GET       4.600     84.26729
GET       4.700     84.36229
GET       4.800     84.45649
GET       4.900     84.54572
GET       5.000     84.63112
GET       5.100     84.72169
GET       5.200     84.80166
GET       5.300     84.88411
GET       5.400     84.96622
GET       5.500     85.04934
GET       5.600     85.13488
GET       5.700     85.21599
GET       5.800     85.30958
GET       5.900     85.39277
GET       6.000     85.47407
GET       6.100     85.55303
GET       6.200     85.64052
GET       6.300     85.72350
GET       6.400     85.80488
GET       6.500     85.88854
GET       6.600     85.97045
GET       6.700     86.04833
GET       6.800     86.12373
GET       6.900     86.19960
GET       7.000     86.27560
GET       7.100     86.34550
GET       7.200     86.41351
GET       7.300     86.49133
GET       7.400     86.56605
GET       7.500     86.63763
GET       7.600     86.70866
GET       7.700     86.78218
GET       7.800     86.85416
GET       7.900     86.91727
GET       8.000     86.98595
GET       8.100     87.06055
GET       8.200     87.13104
GET       8.300     87.20168
GET       8.400     87.28339
GET       8.500     87.37000
GET       8.600     87.44587
GET       8.700     87.51509
GET       8.800     87.58196
GET       8.900     87.64581
GET       9.000     87.71356
GET       9.100     87.78406
GET       9.200     87.85032
GET       9.300     87.91780
GET       9.400     87.98064
GET       9.500     88.04262
GET       9.600     88.10647
GET       9.700     88.16944
GET       9.800     88.22940
GET       9.900     88.29372
GET      10.000     88.65991
GET      11.000     89.24068
GET      12.000     89.78908
GET      13.000     90.35548
GET      14.000     90.85998
GET      15.000     91.32876
GET      16.000     91.81566
GET      17.000     92.30082
GET      18.000     92.76927
GET      19.000     93.18527
GET      20.000     93.57106
GET      21.000     93.97444
GET      22.000     94.34788
GET      23.000     94.69453
GET      24.000     95.00801
GET      25.000     95.32444
GET      26.000     95.63799
GET      27.000     95.91663
GET      28.000     96.16344
GET      29.000     96.39809
GET      30.000     96.64833
GET      31.000     96.88292
GET      32.000     97.09139
GET      33.000     97.27871
GET      34.000     97.45670
GET      35.000     97.62764
GET      36.000     97.77394
GET      37.000     97.91514
GET      38.000     98.04566
GET      39.000     98.17605
GET      40.000     98.28999
GET      41.000     98.41541
GET      42.000     98.52767
GET      43.000     98.63496
GET      44.000     98.71821
GET      45.000     98.79643
GET      46.000     98.88076
GET      47.000     98.95072
GET      48.000     99.00350
GET      49.000     99.06943
GET      50.000     99.12542
GET      51.000     99.18008
GET      52.000     99.23117
GET      53.000     99.28032
GET      54.000     99.31617
GET      55.000     99.35511
GET      56.000     99.38922
GET      57.000     99.42440
GET      58.000     99.45388
GET      59.000     99.48557
GET      60.000     99.51034
GET      61.000     99.53102
GET      62.000     99.55492
GET      63.000     99.58144
GET      64.000     99.60098
GET      65.000     99.62005
GET      66.000     99.64033
GET      67.000     99.65960
GET      68.000     99.67699
GET      69.000     99.69531
GET      70.000     99.70962
GET      71.000     99.72284
GET      72.000     99.73882
GET      73.000     99.75037
GET      74.000     99.75762
GET      75.000     99.76803
GET      76.000     99.77582
GET      77.000     99.78454
GET      78.000     99.79005
GET      79.000     99.80012
GET      80.000     99.80751
GET      81.000     99.81724
GET      82.000     99.82342
GET      83.000     99.83040
GET      84.000     99.83765
GET      85.000     99.84323
GET      86.000     99.84873
GET      87.000     99.85397
GET      88.000     99.86008
GET      89.000     99.86485
GET      90.000     99.87022
GET      91.000     99.87451
GET      92.000     99.87908
GET      93.000     99.88331
GET      94.000     99.88754
GET      95.000     99.89237
GET      96.000     99.89566
GET      97.000     99.89976
GET      98.000     99.90318
GET      99.000     99.90607
GET     100.000     99.92339
GET     110.000     99.94729
GET     120.000     99.96153
GET     130.000     99.97093
GET     140.000     99.97751
GET     150.000     99.98248
GET     160.000     99.98691
GET     170.000     99.99033
GET     180.000     99.99201
GET     190.000     99.99416
GET     200.000     99.99537
GET     210.000     99.99604
GET     220.000     99.99678
GET     230.000     99.99738
GET     240.000     99.99852
GET     250.000     99.99893
GET     260.000     99.99919
GET     270.000     99.99953
GET     280.000     99.99987
GET     300.000     99.99993
GET     340.000    100.00000
