[RUN #1] Preparing benchmark client...
[RUN #1] Launching threads now...
[RUN #1 5%,   0 secs]  8 threads:       73336 ops,       0 (avg:       0) ops/sec, 0.00KB/sec (avg: 0.00KB/sec),  0.00 (avg:  0.00) msec latency[RUN #1 10%,   1 secs]  8 threads:      151096 ops,   77739 (avg:   75566) ops/sec, 2.93MB/sec (avg: 2.85MB/sec),  4.11 (avg:  4.20) msec latency[RUN #1 15%,   2 secs]  8 threads:      229413 ops,   78302 (avg:   76478) ops/sec, 2.95MB/sec (avg: 2.89MB/sec),  4.08 (avg:  4.16) msec latency[RUN #1 20%,   3 secs]  8 threads:      308427 ops,   78998 (avg:   77108) ops/sec, 2.98MB/sec (avg: 2.91MB/sec),  4.03 (avg:  4.13) msec latency[RUN #1 25%,   5 secs]  8 threads:      388181 ops,   79743 (avg:   77635) ops/sec, 3.01MB/sec (avg: 2.93MB/sec),  4.04 (avg:  4.11) msec latency[RUN #1 30%,   6 secs]  8 threads:      467414 ops,   79222 (avg:   77900) ops/sec, 2.99MB/sec (avg: 2.94MB/sec),  4.02 (avg:  4.10) msec latency[RUN #1 35%,   7 secs]  8 threads:      546020 ops,   78594 (avg:   77999) ops/sec, 2.96MB/sec (avg: 2.94MB/sec),  4.07 (avg:  4.09) msec latency[RUN #1 40%,   8 secs]  8 threads:      624643 ops,   78611 (avg:   78076) ops/sec, 2.96MB/sec (avg: 2.95MB/sec),  4.07 (avg:  4.09) msec latency[RUN #1 45%,   9 secs]  8 threads:      703143 ops,   78486 (avg:   78121) ops/sec, 2.96MB/sec (avg: 2.95MB/sec),  4.07 (avg:  4.09) msec latency[RUN #1 50%,  10 secs]  8 threads:      779940 ops,   76786 (avg:   77988) ops/sec, 2.90MB/sec (avg: 2.94MB/sec),  4.17 (avg:  4.09) msec latency[RUN #1 55%,  11 secs]  8 threads:      858913 ops,   78962 (avg:   78076) ops/sec, 2.98MB/sec (avg: 2.94MB/sec),  4.01 (avg:  4.09) msec latency[RUN #1 60%,  12 secs]  8 threads:      937314 ops,   78388 (avg:   78102) ops/sec, 2.96MB/sec (avg: 2.95MB/sec),  4.12 (avg:  4.09) msec latency[RUN #1 65%,  13 secs]  8 threads:     1016980 ops,   79651 (avg:   78221) ops/sec, 3.00MB/sec (avg: 2.95MB/sec),  4.01 (avg:  4.08) msec latency[RUN #1 70%,  14 secs]  8 threads:     1095842 ops,   78846 (avg:   78266) ops/sec, 2.97MB/sec (avg: 2.95MB/sec),  4.03 (avg:  4.08) msec latency[RUN #1 75%,  15 secs]  8 threads:     1173561 ops,   77707 (avg:   78229) ops/sec, 2.93MB/sec (avg: 2.95MB/sec),  4.12 (avg:  4.08) msec latency[RUN #1 80%,  16 secs]  8 threads:     1251239 ops,   77667 (avg:   78194) ops/sec, 2.93MB/sec (avg: 2.95MB/sec),  4.13 (avg:  4.08) msec latency[RUN #1 85%,  17 secs]  8 threads:     1329985 ops,   78735 (avg:   78225) ops/sec, 2.97MB/sec (avg: 2.95MB/sec),  4.06 (avg:  4.08) msec latency[RUN #1 90%,  18 secs]  8 threads:     1409741 ops,   79744 (avg:   78310) ops/sec, 3.01MB/sec (avg: 2.95MB/sec),  4.01 (avg:  4.08) msec latency[RUN #1 95%,  19 secs]  8 threads:     1487424 ops,   77667 (avg:   78276) ops/sec, 2.93MB/sec (avg: 2.95MB/sec),  4.11 (avg:  4.08) msec latency[RUN #1 100%,  20 secs]  0 threads:     1577099 ops,   77667 (avg:   78852) ops/sec, 2.93MB/sec (avg: 2.97MB/sec),  4.11 (avg:  4.05) msec latency

8         Threads
40        Connections per thread
20        Seconds
Type        Ops/sec     Hits/sec   Misses/sec      Latency       KB/sec
------------------------------------------------------------------------
Sets        7175.69          ---          ---      4.44300       531.90
Gets       71676.44      3349.58     68326.86      4.01500      2513.39
Totals     78852.13      3349.58     68326.86      4.05300      3045.29


Request Latency Distribution
Type     <= msec         Percent
------------------------------------------------------------------------
SET       1.000     71.84554
SET       2.000     75.60253
SET       3.000     77.57997
SET       4.000     79.15677
SET       5.000     80.46461
SET       6.000     81.66863
SET       7.000     82.71727
SET       8.000     83.72550
SET       9.000     84.74697
SET      10.000     85.79422
SET      11.000     86.67633
SET      12.000     87.52918
SET      13.000     88.28936
SET      14.000     89.03002
SET      15.000     89.80762
SET      16.000     90.45632
SET      17.000     91.05763
SET      18.000     91.63456
SET      19.000     92.16689
SET      20.000     92.75984
SET      21.000     93.25664
SET      22.000     93.74229
SET      23.000     94.17638
SET      24.000     94.57633
SET      25.000     94.89824
SET      26.000     95.24523
SET      27.000     95.58874
SET      28.000     95.85421
SET      29.000     96.12874
SET      30.000     96.38375
SET      31.000     96.60254
SET      32.000     96.82829
SET      33.000     97.03454
SET      34.000     97.21640
SET      35.000     97.39756
SET      36.000     97.53273
SET      37.000     97.68881
SET      38.000     97.82956
SET      39.000     97.96194
SET      40.000     98.11872
SET      41.000     98.23926
SET      42.000     98.32984
SET      43.000     98.41833
SET      44.000     98.51170
SET      45.000     98.57789
SET      46.000     98.65593
SET      47.000     98.72421
SET      48.000     98.79249
SET      49.000     98.86566
SET      50.000     98.92697
SET      51.000     98.98411
SET      52.000     99.04682
SET      53.000     99.08793
SET      54.000     99.13809
SET      55.000     99.18060
SET      56.000     99.21195
SET      57.000     99.25027
SET      58.000     99.27327
SET      59.000     99.29417
SET      60.000     99.32204
SET      61.000     99.34991
SET      62.000     99.37012
SET      63.000     99.37778
SET      64.000     99.39241
SET      65.000     99.41401
SET      66.000     99.43631
SET      67.000     99.46418
SET      68.000     99.47812
SET      69.000     99.48718
SET      70.000     99.50181
SET      71.000     99.51226
SET      72.000     99.51992
SET      73.000     99.53734
SET      74.000     99.54710
SET      75.000     99.55894
SET      76.000     99.57358
SET      77.000     99.58472
SET      78.000     99.59518
SET      79.000     99.60214
SET      80.000     99.61747
SET      81.000     99.62792
SET      82.000     99.63280
SET      83.000     99.63838
SET      84.000     99.64395
SET      85.000     99.65510
SET      86.000     99.65928
SET      87.000     99.66764
SET      88.000     99.68645
SET      89.000     99.69203
SET      90.000     99.69551
SET      91.000     99.69830
SET      92.000     99.70805
SET      93.000     99.71014
SET      94.000     99.71084
SET      95.000     99.71223
SET      96.000     99.71502
SET      97.000     99.71850
SET      98.000     99.72268
SET      99.000     99.72617
SET     100.000     99.73801
SET     110.000     99.75334
SET     120.000     99.78261
SET     130.000     99.82999
SET     140.000     99.84601
SET     150.000     99.85228
SET     160.000     99.86761
SET     170.000     99.87249
SET     180.000     99.88085
SET     190.000     99.91151
SET     200.000     99.95471
SET     210.000     99.96586
SET     220.000     99.98606
SET     230.000    100.00000
---
GET       0.069      0.00007
GET       0.070      0.00014
GET       0.076      0.00021
GET       0.081      0.00035
GET       0.084      0.00042
GET       0.085      0.00049
GET       0.087      0.00056
GET       0.088      0.00084
GET       0.089      0.00091
GET       0.090      0.00112
GET       0.091      0.00119
GET       0.092      0.00153
GET       0.093      0.00188
GET       0.094      0.00230
GET       0.095      0.00251
GET       0.096      0.00293
GET       0.097      0.00328
GET       0.098      0.00377
GET       0.099      0.00481
GET       0.100      0.00725
GET       0.110      0.01374
GET       0.120      0.02016
GET       0.130      0.03788
GET       0.140      0.07059
GET       0.150      0.10896
GET       0.160      0.14732
GET       0.170      0.19036
GET       0.180      0.25844
GET       0.190      0.38568
GET       0.200      0.56732
GET       0.210      0.81677
GET       0.220      1.20949
GET       0.230      1.97164
GET       0.240      3.55676
GET       0.250      5.68367
GET       0.260      8.04734
GET       0.270     10.74896
GET       0.280     14.15882
GET       0.290     18.89598
GET       0.300     22.92226
GET       0.310     25.84209
GET       0.320     28.00485
GET       0.330     29.82812
GET       0.340     31.56831
GET       0.350     32.87964
GET       0.360     33.82713
GET       0.370     34.56961
GET       0.380     35.25489
GET       0.390     35.91645
GET       0.400     36.47323
GET       0.410     36.92553
GET       0.420     37.31511
GET       0.430     37.69389
GET       0.440     38.08068
GET       0.450     38.44592
GET       0.460     38.78842
GET       0.470     39.17626
GET       0.480     39.65820
GET       0.490     40.28272
GET       0.500     41.05010
GET       0.510     41.98636
GET       0.520     43.14374
GET       0.530     44.64990
GET       0.540     46.54459
GET       0.550     48.61515
GET       0.560     50.73466
GET       0.570     52.92819
GET       0.580     55.16574
GET       0.590     57.31351
GET       0.600     59.17661
GET       0.610     60.76312
GET       0.620     62.13221
GET       0.630     63.32273
GET       0.640     64.39104
GET       0.650     65.29018
GET       0.660     66.06761
GET       0.670     66.74737
GET       0.680     67.37929
GET       0.690     67.97709
GET       0.700     68.50089
GET       0.710     68.96511
GET       0.720     69.40143
GET       0.730     69.80741
GET       0.740     70.17781
GET       0.750     70.50119
GET       0.760     70.80854
GET       0.770     71.08679
GET       0.780     71.33819
GET       0.790     71.56280
GET       0.800     71.76300
GET       0.810     71.94213
GET       0.820     72.09901
GET       0.830     72.24703
GET       0.840     72.38340
GET       0.850     72.50157
GET       0.860     72.60802
GET       0.870     72.70965
GET       0.880     72.80208
GET       0.890     72.88641
GET       0.900     72.95847
GET       0.910     73.03129
GET       0.920     73.09889
GET       0.930     73.16355
GET       0.940     73.22193
GET       0.950     73.27906
GET       0.960     73.33208
GET       0.970     73.38084
GET       0.980     73.42953
GET       0.990     73.47710
GET       1.000     73.74608
GET       1.100     74.32163
GET       1.200     75.01221
GET       1.300     75.64356
GET       1.400     76.12090
GET       1.500     76.47100
GET       1.600     76.74612
GET       1.700     77.00031
GET       1.800     77.23350
GET       1.900     77.45979
GET       2.000     77.68510
GET       2.100     77.92547
GET       2.200     78.15274
GET       2.300     78.37498
GET       2.400     78.59345
GET       2.500     78.80397
GET       2.600     79.00494
GET       2.700     79.20758
GET       2.800     79.39927
GET       2.900     79.58084
GET       3.000     79.76757
GET       3.100     79.93680
GET       3.200     80.09487
GET       3.300     80.23947
GET       3.400     80.38651
GET       3.500     80.52261
GET       3.600     80.65668
GET       3.700     80.79312
GET       3.800     80.92133
GET       3.900     81.03301
GET       4.000     81.14524
GET       4.100     81.26683
GET       4.200     81.38513
GET       4.300     81.51844
GET       4.400     81.64169
GET       4.500     81.75833
GET       4.600     81.90377
GET       4.700     82.04481
GET       4.800     82.17225
GET       4.900     82.28895
GET       5.000     82.39066
GET       5.100     82.49459
GET       5.200     82.60432
GET       5.300     82.71830
GET       5.400     82.82796
GET       5.500     82.93398
GET       5.600     83.03848
GET       5.700     83.14604
GET       5.800     83.24816
GET       5.900     83.34512
GET       6.000     83.44264
GET       6.100     83.53625
GET       6.200     83.64165
GET       6.300     83.74426
GET       6.400     83.84555
GET       6.500     83.95339
GET       6.600     84.06381
GET       6.700     84.16133
GET       6.800     84.26429
GET       6.900     84.35971
GET       7.000     84.45493
GET       7.100     84.55182
GET       7.200     84.65011
GET       7.300     84.74923
GET       7.400     84.84445
GET       7.500     84.94294
GET       7.600     85.04164
GET       7.700     85.13853
GET       7.800     85.23033
GET       7.900     85.32088
GET       8.000     85.41463
GET       8.100     85.50552
GET       8.200     85.58776
GET       8.300     85.68395
GET       8.400     85.77345
GET       8.500     85.86287
GET       8.600     85.96834
GET       8.700     86.07026
GET       8.800     86.16310
GET       8.900     86.25371
GET       9.000     86.33875
GET       9.100     86.41701
GET       9.200     86.49060
GET       9.300     86.57675
GET       9.400     86.66178
GET       9.500     86.74277
GET       9.600     86.82208
GET       9.700     86.90328
GET       9.800     86.98754
GET       9.900     87.06420
GET      10.000     87.49731
GET      11.000     88.31004
GET      12.000     89.01408
GET      13.000     89.73584
GET      14.000     90.36433
GET      15.000     91.01083
GET      16.000     91.60396
GET      17.000     92.19381
GET      18.000     92.71251
GET      19.000     93.27453
GET      20.000     93.75403
GET      21.000     94.21086
GET      22.000     94.61565
GET      23.000     95.04234
GET      24.000     95.41546
GET      25.000     95.74038
GET      26.000     96.04054
GET      27.000     96.33784
GET      28.000     96.60661
GET      29.000     96.85682
GET      30.000     97.08332
GET      31.000     97.29774
GET      32.000     97.49522
GET      33.000     97.67254
GET      34.000     97.84058
GET      35.000     97.98902
GET      36.000     98.13251
GET      37.000     98.27592
GET      38.000     98.40651
GET      39.000     98.51428
GET      40.000     98.62386
GET      41.000     98.72048
GET      42.000     98.81430
GET      43.000     98.89975
GET      44.000     98.97473
GET      45.000     99.04505
GET      46.000     99.11438
GET      47.000     99.17975
GET      48.000     99.23702
GET      49.000     99.28766
GET      50.000     99.33907
GET      51.000     99.38204
GET      52.000     99.41894
GET      53.000     99.45591
GET      54.000     99.48548
GET      55.000     99.51799
GET      56.000     99.54750
GET      57.000     99.57721
GET      58.000     99.60637
GET      59.000     99.62827
GET      60.000     99.64808
GET      61.000     99.66699
GET      62.000     99.68387
GET      63.000     99.69928
GET      64.000     99.71407
GET      65.000     99.72726
GET      66.000     99.74344
GET      67.000     99.76102
GET      68.000     99.77302
GET      69.000     99.78648
GET      70.000     99.79610
GET      71.000     99.80427
GET      72.000     99.81201
GET      73.000     99.82108
GET      74.000     99.83056
GET      75.000     99.83831
GET      76.000     99.84640
GET      77.000     99.85400
GET      78.000     99.86119
GET      79.000     99.86788
GET      80.000     99.87493
GET      81.000     99.88337
GET      82.000     99.89055
GET      83.000     99.89627
GET      84.000     99.89997
GET      85.000     99.90471
GET      86.000     99.91197
GET      87.000     99.91560
GET      88.000     99.92041
GET      89.000     99.92522
GET      90.000     99.92725
GET      91.000     99.93017
GET      92.000     99.93359
GET      93.000     99.93610
GET      94.000     99.93771
GET      95.000     99.93994
GET      96.000     99.94315
GET      97.000     99.94657
GET      98.000     99.94887
GET      99.000     99.95194
GET     100.000     99.96477
GET     110.000     99.98054
GET     120.000     99.98849
GET     130.000     99.99386
GET     140.000     99.99651
GET     150.000     99.99805
GET     160.000     99.99874
GET     170.000     99.99937
GET     180.000     99.99972
GET     200.000     99.99979
GET     220.000     99.99993
GET     240.000    100.00000
