[RUN #1] Preparing benchmark client...
[RUN #1] Launching threads now...
[RUN #1 5%,   0 secs]  8 threads:       71134 ops,       0 (avg:       0) ops/sec, 0.00KB/sec (avg: 0.00KB/sec),  0.00 (avg:  0.00) msec latency[RUN #1 10%,   1 secs]  8 threads:      150410 ops,   79264 (avg:   77820) ops/sec, 2.99MB/sec (avg: 2.94MB/sec),  4.05 (avg:  4.09) msec latency[RUN #1 15%,   2 secs]  8 threads:      229944 ops,   79522 (avg:   78400) ops/sec, 3.00MB/sec (avg: 2.96MB/sec),  4.00 (avg:  4.06) msec latency[RUN #1 20%,   3 secs]  8 threads:      310926 ops,   80971 (avg:   79054) ops/sec, 3.05MB/sec (avg: 2.98MB/sec),  3.96 (avg:  4.03) msec latency[RUN #1 25%,   4 secs]  8 threads:      391142 ops,   80204 (avg:   79287) ops/sec, 3.03MB/sec (avg: 2.99MB/sec),  4.00 (avg:  4.03) msec latency[RUN #1 30%,   5 secs]  8 threads:      473205 ops,   82051 (avg:   79753) ops/sec, 3.09MB/sec (avg: 3.01MB/sec),  3.89 (avg:  4.00) msec latency[RUN #1 35%,   6 secs]  8 threads:      553506 ops,   80289 (avg:   79830) ops/sec, 3.03MB/sec (avg: 3.01MB/sec),  3.97 (avg:  4.00) msec latency[RUN #1 40%,   7 secs]  8 threads:      633659 ops,   80140 (avg:   79869) ops/sec, 3.02MB/sec (avg: 3.01MB/sec),  3.97 (avg:  3.99) msec latency[RUN #1 45%,   8 secs]  8 threads:      713093 ops,   79421 (avg:   79819) ops/sec, 3.00MB/sec (avg: 3.01MB/sec),  4.05 (avg:  4.00) msec latency[RUN #1 50%,   9 secs]  8 threads:      792607 ops,   79502 (avg:   79787) ops/sec, 3.00MB/sec (avg: 3.01MB/sec),  4.02 (avg:  4.00) msec latency[RUN #1 55%,  10 secs]  8 threads:      873237 ops,   80618 (avg:   79863) ops/sec, 3.04MB/sec (avg: 3.01MB/sec),  3.98 (avg:  4.00) msec latency[RUN #1 60%,  11 secs]  8 threads:      954253 ops,   81004 (avg:   79959) ops/sec, 3.05MB/sec (avg: 3.02MB/sec),  3.92 (avg:  3.99) msec latency[RUN #1 65%,  12 secs]  8 threads:     1034862 ops,   80595 (avg:   80008) ops/sec, 3.04MB/sec (avg: 3.02MB/sec),  3.96 (avg:  3.99) msec latency[RUN #1 70%,  13 secs]  8 threads:     1116872 ops,   81997 (avg:   80151) ops/sec, 3.09MB/sec (avg: 3.02MB/sec),  3.92 (avg:  3.99) msec latency[RUN #1 75%,  14 secs]  8 threads:     1196821 ops,   79937 (avg:   80137) ops/sec, 3.01MB/sec (avg: 3.02MB/sec),  3.98 (avg:  3.99) msec latency[RUN #1 80%,  15 secs]  8 threads:     1277012 ops,   80179 (avg:   80139) ops/sec, 3.02MB/sec (avg: 3.02MB/sec),  4.00 (avg:  3.99) msec latency[RUN #1 85%,  16 secs]  8 threads:     1358042 ops,   81018 (avg:   80191) ops/sec, 3.06MB/sec (avg: 3.02MB/sec),  3.96 (avg:  3.98) msec latency[RUN #1 90%,  17 secs]  8 threads:     1438460 ops,   80406 (avg:   80203) ops/sec, 3.03MB/sec (avg: 3.02MB/sec),  3.97 (avg:  3.98) msec latency[RUN #1 95%,  18 secs]  8 threads:     1516781 ops,   78308 (avg:   80103) ops/sec, 2.95MB/sec (avg: 3.02MB/sec),  4.10 (avg:  3.99) msec latency[RUN #1 100%,  19 secs]  8 threads:     1601038 ops,   78308 (avg:   80313) ops/sec, 2.95MB/sec (avg: 3.03MB/sec),  4.10 (avg:  3.98) msec latency[RUN #1 100%,  20 secs]  0 threads:     1661288 ops,   78308 (avg:   83054) ops/sec, 2.95MB/sec (avg: 3.13MB/sec),  4.10 (avg:  3.85) msec latency

8         Threads
40        Connections per thread
20        Seconds
Type        Ops/sec     Hits/sec   Misses/sec      Latency       KB/sec
------------------------------------------------------------------------
Sets        7557.74          ---          ---      4.14300       560.22
Gets       75496.68      3625.81     71870.86      3.81900      2647.35
Totals     83054.42      3625.81     71870.86      3.84900      3207.58


Request Latency Distribution
Type     <= msec         Percent
------------------------------------------------------------------------
SET       1.000     73.09903
SET       2.000     76.69888
SET       3.000     78.81765
SET       4.000     80.44029
SET       5.000     81.71102
SET       6.000     83.00755
SET       7.000     84.07189
SET       8.000     85.07405
SET       9.000     86.05174
SET      10.000     87.02612
SET      11.000     87.84704
SET      12.000     88.59982
SET      13.000     89.29505
SET      14.000     89.98300
SET      15.000     90.65706
SET      16.000     91.25108
SET      17.000     91.84974
SET      18.000     92.40936
SET      19.000     92.95509
SET      20.000     93.46510
SET      21.000     93.87655
SET      22.000     94.31711
SET      23.000     94.75369
SET      24.000     95.12479
SET      25.000     95.42445
SET      26.000     95.74130
SET      27.000     96.04757
SET      28.000     96.30027
SET      29.000     96.54833
SET      30.000     96.76728
SET      31.000     96.97962
SET      32.000     97.17873
SET      33.000     97.36593
SET      34.000     97.53263
SET      35.000     97.66956
SET      36.000     97.80516
SET      37.000     97.94209
SET      38.000     98.07241
SET      39.000     98.18222
SET      40.000     98.29335
SET      41.000     98.40315
SET      42.000     98.49510
SET      43.000     98.57580
SET      44.000     98.65981
SET      45.000     98.73589
SET      46.000     98.79807
SET      47.000     98.86091
SET      48.000     98.92441
SET      49.000     98.98328
SET      50.000     99.03488
SET      51.000     99.07854
SET      52.000     99.12087
SET      53.000     99.15792
SET      54.000     99.19496
SET      55.000     99.22804
SET      56.000     99.26376
SET      57.000     99.29551
SET      58.000     99.32461
SET      59.000     99.34843
SET      60.000     99.37290
SET      61.000     99.39473
SET      62.000     99.41987
SET      63.000     99.43376
SET      64.000     99.44633
SET      65.000     99.46684
SET      66.000     99.47808
SET      67.000     99.49594
SET      68.000     99.51976
SET      69.000     99.53100
SET      70.000     99.53960
SET      71.000     99.54489
SET      72.000     99.55614
SET      73.000     99.56606
SET      74.000     99.59120
SET      75.000     99.60641
SET      76.000     99.62427
SET      77.000     99.64742
SET      78.000     99.67322
SET      79.000     99.68447
SET      80.000     99.71556
SET      81.000     99.72945
SET      82.000     99.74003
SET      83.000     99.75128
SET      84.000     99.76517
SET      85.000     99.78237
SET      86.000     99.79626
SET      87.000     99.80684
SET      88.000     99.81743
SET      89.000     99.82603
SET      90.000     99.83198
SET      91.000     99.83595
SET      92.000     99.83793
SET      93.000     99.84058
SET      94.000     99.84389
SET      95.000     99.84653
SET      96.000     99.85249
SET      97.000     99.85513
SET      98.000     99.85712
SET      99.000     99.85910
SET     100.000     99.86836
SET     110.000     99.91070
SET     120.000     99.92790
SET     130.000     99.93914
SET     140.000     99.95039
SET     150.000     99.95634
SET     160.000     99.96825
SET     170.000     99.98346
SET     190.000     99.98545
SET     200.000     99.98677
SET     210.000     99.98875
SET     230.000    100.00000
---
GET       0.067      0.00007
GET       0.070      0.00020
GET       0.072      0.00026
GET       0.073      0.00033
GET       0.074      0.00040
GET       0.075      0.00046
GET       0.076      0.00053
GET       0.077      0.00060
GET       0.079      0.00079
GET       0.080      0.00086
GET       0.081      0.00099
GET       0.082      0.00113
GET       0.083      0.00119
GET       0.084      0.00139
GET       0.085      0.00172
GET       0.087      0.00212
GET       0.088      0.00225
GET       0.089      0.00258
GET       0.090      0.00272
GET       0.091      0.00311
GET       0.092      0.00358
GET       0.093      0.00384
GET       0.094      0.00470
GET       0.095      0.00536
GET       0.096      0.00603
GET       0.097      0.00682
GET       0.098      0.00762
GET       0.099      0.00828
GET       0.100      0.01119
GET       0.110      0.01947
GET       0.120      0.02953
GET       0.130      0.04682
GET       0.140      0.08119
GET       0.150      0.12098
GET       0.160      0.16085
GET       0.170      0.20879
GET       0.180      0.28137
GET       0.190      0.41328
GET       0.200      0.60115
GET       0.210      0.86073
GET       0.220      1.28374
GET       0.230      2.07170
GET       0.240      3.70521
GET       0.250      5.97524
GET       0.260      8.52458
GET       0.270     11.44562
GET       0.280     15.13554
GET       0.290     20.32156
GET       0.300     24.83221
GET       0.310     28.08428
GET       0.320     30.50397
GET       0.330     32.51792
GET       0.340     34.40288
GET       0.350     35.84959
GET       0.360     36.90818
GET       0.370     37.75097
GET       0.380     38.50780
GET       0.390     39.23046
GET       0.400     39.85339
GET       0.410     40.36520
GET       0.420     40.78100
GET       0.430     41.18236
GET       0.440     41.56683
GET       0.450     41.94575
GET       0.460     42.29552
GET       0.470     42.66304
GET       0.480     43.10460
GET       0.490     43.68866
GET       0.500     44.38622
GET       0.510     45.23596
GET       0.520     46.29396
GET       0.530     47.70577
GET       0.540     49.48557
GET       0.550     51.41708
GET       0.560     53.41600
GET       0.570     55.44048
GET       0.580     57.52396
GET       0.590     59.55076
GET       0.600     61.30268
GET       0.610     62.78813
GET       0.620     64.06545
GET       0.630     65.18616
GET       0.640     66.19211
GET       0.650     67.05873
GET       0.660     67.79596
GET       0.670     68.45936
GET       0.680     69.06335
GET       0.690     69.62410
GET       0.700     70.12208
GET       0.710     70.56734
GET       0.720     70.97062
GET       0.730     71.34649
GET       0.740     71.69030
GET       0.750     71.99783
GET       0.760     72.28416
GET       0.770     72.54189
GET       0.780     72.77903
GET       0.790     72.99570
GET       0.800     73.18482
GET       0.810     73.35786
GET       0.820     73.50804
GET       0.830     73.64194
GET       0.840     73.76610
GET       0.850     73.87914
GET       0.860     73.98304
GET       0.870     74.07111
GET       0.880     74.15382
GET       0.890     74.23104
GET       0.900     74.30182
GET       0.910     74.36930
GET       0.920     74.43393
GET       0.930     74.49453
GET       0.940     74.54863
GET       0.950     74.59756
GET       0.960     74.64776
GET       0.970     74.69650
GET       0.980     74.74080
GET       0.990     74.78497
GET       1.000     75.03429
GET       1.100     75.56054
GET       1.200     76.20757
GET       1.300     76.79329
GET       1.400     77.23399
GET       1.500     77.55005
GET       1.600     77.80884
GET       1.700     78.04657
GET       1.800     78.26503
GET       1.900     78.47945
GET       2.000     78.70083
GET       2.100     78.91876
GET       2.200     79.13099
GET       2.300     79.34694
GET       2.400     79.55090
GET       2.500     79.75565
GET       2.600     79.95272
GET       2.700     80.14059
GET       2.800     80.32594
GET       2.900     80.49314
GET       3.000     80.66478
GET       3.100     80.82590
GET       3.200     80.97847
GET       3.300     81.12991
GET       3.400     81.27096
GET       3.500     81.40585
GET       3.600     81.53207
GET       3.700     81.65789
GET       3.800     81.77775
GET       3.900     81.89310
GET       4.000     82.00475
GET       4.100     82.12156
GET       4.200     82.23142
GET       4.300     82.35611
GET       4.400     82.46816
GET       4.500     82.58689
GET       4.600     82.72900
GET       4.700     82.85846
GET       4.800     82.97944
GET       4.900     83.09738
GET       5.000     83.19830
GET       5.100     83.29664
GET       5.200     83.40133
GET       5.300     83.51377
GET       5.400     83.62456
GET       5.500     83.72905
GET       5.600     83.83441
GET       5.700     83.93639
GET       5.800     84.03161
GET       5.900     84.12704
GET       6.000     84.22630
GET       6.100     84.32153
GET       6.200     84.42450
GET       6.300     84.52714
GET       6.400     84.62011
GET       6.500     84.72090
GET       6.600     84.82380
GET       6.700     84.92221
GET       6.800     85.02154
GET       6.900     85.11557
GET       7.000     85.20967
GET       7.100     85.30112
GET       7.200     85.39740
GET       7.300     85.49654
GET       7.400     85.58964
GET       7.500     85.67758
GET       7.600     85.77254
GET       7.700     85.86313
GET       7.800     85.94935
GET       7.900     86.03557
GET       8.000     86.12033
GET       8.100     86.20926
GET       8.200     86.29071
GET       8.300     86.38528
GET       8.400     86.47057
GET       8.500     86.56056
GET       8.600     86.66313
GET       8.700     86.75604
GET       8.800     86.84147
GET       8.900     86.92768
GET       9.000     87.00933
GET       9.100     87.08741
GET       9.200     87.16190
GET       9.300     87.24845
GET       9.400     87.32818
GET       9.500     87.40718
GET       9.600     87.48479
GET       9.700     87.57121
GET       9.800     87.64922
GET       9.900     87.72120
GET      10.000     88.15024
GET      11.000     88.92581
GET      12.000     89.59033
GET      13.000     90.28286
GET      14.000     90.88242
GET      15.000     91.49436
GET      16.000     92.06564
GET      17.000     92.62672
GET      18.000     93.12602
GET      19.000     93.63737
GET      20.000     94.07933
GET      21.000     94.52101
GET      22.000     94.91734
GET      23.000     95.32175
GET      24.000     95.68298
GET      25.000     95.98845
GET      26.000     96.27360
GET      27.000     96.56245
GET      28.000     96.81925
GET      29.000     97.04824
GET      30.000     97.26643
GET      31.000     97.46946
GET      32.000     97.65428
GET      33.000     97.82189
GET      34.000     97.97737
GET      35.000     98.11683
GET      36.000     98.25199
GET      37.000     98.38072
GET      38.000     98.49753
GET      39.000     98.60037
GET      40.000     98.70639
GET      41.000     98.79691
GET      42.000     98.87711
GET      43.000     98.95756
GET      44.000     99.02954
GET      45.000     99.09987
GET      46.000     99.16145
GET      47.000     99.22648
GET      48.000     99.28105
GET      49.000     99.32946
GET      50.000     99.38064
GET      51.000     99.42342
GET      52.000     99.45832
GET      53.000     99.49719
GET      54.000     99.52136
GET      55.000     99.55248
GET      56.000     99.58010
GET      57.000     99.60824
GET      58.000     99.63413
GET      59.000     99.65466
GET      60.000     99.67579
GET      61.000     99.69333
GET      62.000     99.70896
GET      63.000     99.72539
GET      64.000     99.73817
GET      65.000     99.74962
GET      66.000     99.76234
GET      67.000     99.77710
GET      68.000     99.79002
GET      69.000     99.80160
GET      70.000     99.81041
GET      71.000     99.81763
GET      72.000     99.82584
GET      73.000     99.83564
GET      74.000     99.84405
GET      75.000     99.85259
GET      76.000     99.85941
GET      77.000     99.86975
GET      78.000     99.87623
GET      79.000     99.88120
GET      80.000     99.88756
GET      81.000     99.89451
GET      82.000     99.90040
GET      83.000     99.90511
GET      84.000     99.90829
GET      85.000     99.91338
GET      86.000     99.91809
GET      87.000     99.92146
GET      88.000     99.92451
GET      89.000     99.92888
GET      90.000     99.93226
GET      91.000     99.93484
GET      92.000     99.93842
GET      93.000     99.94186
GET      94.000     99.94332
GET      95.000     99.94510
GET      96.000     99.94775
GET      97.000     99.95139
GET      98.000     99.95510
GET      99.000     99.95769
GET     100.000     99.96947
GET     110.000     99.98424
GET     120.000     99.98980
GET     130.000     99.99450
GET     140.000     99.99662
GET     150.000     99.99834
GET     160.000     99.99927
GET     170.000     99.99980
GET     180.000     99.99993
GET     200.000    100.00000
