[RUN #1] Preparing benchmark client...
[RUN #1] Launching threads now...
[RUN #1 5%,   1 secs]  8 threads:       77498 ops,   77446 (avg:   77446) ops/sec, 2.93MB/sec (avg: 2.93MB/sec),  4.01 (avg:  4.01) msec latency[RUN #1 10%,   2 secs]  8 threads:      156397 ops,   78887 (avg:   78166) ops/sec, 2.98MB/sec (avg: 2.95MB/sec),  4.08 (avg:  4.05) msec latency[RUN #1 15%,   3 secs]  8 threads:      236307 ops,   79898 (avg:   78744) ops/sec, 3.01MB/sec (avg: 2.97MB/sec),  4.02 (avg:  4.04) msec latency[RUN #1 20%,   4 secs]  8 threads:      317468 ops,   81150 (avg:   79345) ops/sec, 3.06MB/sec (avg: 2.99MB/sec),  3.95 (avg:  4.01) msec latency[RUN #1 25%,   5 secs]  8 threads:      397810 ops,   80331 (avg:   79542) ops/sec, 3.03MB/sec (avg: 3.00MB/sec),  3.98 (avg:  4.01) msec latency[RUN #1 30%,   6 secs]  8 threads:      477236 ops,   79413 (avg:   79521) ops/sec, 2.99MB/sec (avg: 3.00MB/sec),  4.03 (avg:  4.01) msec latency[RUN #1 35%,   7 secs]  8 threads:      558849 ops,   81598 (avg:   79817) ops/sec, 3.08MB/sec (avg: 3.01MB/sec),  3.93 (avg:  4.00) msec latency[RUN #1 40%,   8 secs]  8 threads:      638330 ops,   79467 (avg:   79774) ops/sec, 3.00MB/sec (avg: 3.01MB/sec),  3.97 (avg:  3.99) msec latency[RUN #1 45%,   9 secs]  8 threads:      717609 ops,   79267 (avg:   79717) ops/sec, 2.99MB/sec (avg: 3.01MB/sec),  4.07 (avg:  4.00) msec latency[RUN #1 50%,  10 secs]  8 threads:      798943 ops,   81322 (avg:   79878) ops/sec, 3.07MB/sec (avg: 3.01MB/sec),  3.95 (avg:  4.00) msec latency[RUN #1 55%,  11 secs]  8 threads:      880573 ops,   81618 (avg:   80036) ops/sec, 3.08MB/sec (avg: 3.02MB/sec),  3.92 (avg:  3.99) msec latency[RUN #1 60%,  12 secs]  8 threads:      961454 ops,   80869 (avg:   80105) ops/sec, 3.05MB/sec (avg: 3.02MB/sec),  3.92 (avg:  3.98) msec latency[RUN #1 65%,  13 secs]  8 threads:     1041469 ops,   80003 (avg:   80098) ops/sec, 3.02MB/sec (avg: 3.02MB/sec),  3.99 (avg:  3.98) msec latency[RUN #1 70%,  14 secs]  8 threads:     1122433 ops,   80953 (avg:   80159) ops/sec, 3.05MB/sec (avg: 3.02MB/sec),  3.99 (avg:  3.98) msec latency[RUN #1 75%,  15 secs]  8 threads:     1202330 ops,   79885 (avg:   80140) ops/sec, 3.01MB/sec (avg: 3.02MB/sec),  3.97 (avg:  3.98) msec latency[RUN #1 80%,  16 secs]  8 threads:     1281880 ops,   79538 (avg:   80103) ops/sec, 3.00MB/sec (avg: 3.02MB/sec),  4.00 (avg:  3.98) msec latency[RUN #1 85%,  17 secs]  8 threads:     1361788 ops,   79897 (avg:   80091) ops/sec, 3.01MB/sec (avg: 3.02MB/sec),  4.05 (avg:  3.99) msec latency[RUN #1 90%,  18 secs]  8 threads:     1442564 ops,   80763 (avg:   80128) ops/sec, 3.05MB/sec (avg: 3.02MB/sec),  3.96 (avg:  3.99) msec latency[RUN #1 95%,  19 secs]  8 threads:     1522734 ops,   80154 (avg:   80129) ops/sec, 3.02MB/sec (avg: 3.02MB/sec),  3.99 (avg:  3.99) msec latency[RUN #1 100%,  20 secs]  8 threads:     1605961 ops,   80154 (avg:   80288) ops/sec, 3.02MB/sec (avg: 3.03MB/sec),  3.99 (avg:  3.98) msec latency[RUN #1 100%,  20 secs]  0 threads:     1606116 ops,   80154 (avg:   80276) ops/sec, 3.02MB/sec (avg: 3.03MB/sec),  3.99 (avg:  3.98) msec latency

8         Threads
40        Connections per thread
20        Seconds
Type        Ops/sec     Hits/sec   Misses/sec      Latency       KB/sec
------------------------------------------------------------------------
Sets        7305.11          ---          ---      4.43400       541.50
Gets       72968.96      3563.99     69404.97      3.93600      2558.71
Totals     80274.07      3563.99     69404.97      3.98200      3100.21


Request Latency Distribution
Type     <= msec         Percent
------------------------------------------------------------------------
SET       1.000     75.40093
SET       2.000     78.52696
SET       3.000     80.25588
SET       4.000     81.72687
SET       5.000     82.70252
SET       6.000     83.58648
SET       7.000     84.44581
SET       8.000     85.23125
SET       9.000     85.93733
SET      10.000     86.73577
SET      11.000     87.39464
SET      12.000     88.07608
SET      13.000     88.58922
SET      14.000     89.37876
SET      15.000     89.95621
SET      16.000     90.61576
SET      17.000     91.17885
SET      18.000     91.58935
SET      19.000     91.94992
SET      20.000     92.37753
SET      21.000     92.70731
SET      22.000     93.03503
SET      23.000     93.32991
SET      24.000     93.64669
SET      25.000     93.97852
SET      26.000     94.28161
SET      27.000     94.54912
SET      28.000     94.81596
SET      29.000     95.06158
SET      30.000     95.35030
SET      31.000     95.58087
SET      32.000     95.79160
SET      33.000     96.02764
SET      34.000     96.23426
SET      35.000     96.44431
SET      36.000     96.65230
SET      37.000     96.79666
SET      38.000     96.98618
SET      39.000     97.12712
SET      40.000     97.29064
SET      41.000     97.44595
SET      42.000     97.59100
SET      43.000     97.71825
SET      44.000     97.84209
SET      45.000     97.98030
SET      46.000     98.11029
SET      47.000     98.22250
SET      48.000     98.30665
SET      49.000     98.40380
SET      50.000     98.48864
SET      51.000     98.58032
SET      52.000     98.66927
SET      53.000     98.75821
SET      54.000     98.81431
SET      55.000     98.87042
SET      56.000     98.92652
SET      57.000     98.99836
SET      58.000     99.04830
SET      59.000     99.10099
SET      60.000     99.15298
SET      61.000     99.20498
SET      62.000     99.25561
SET      63.000     99.29940
SET      64.000     99.33429
SET      65.000     99.36782
SET      66.000     99.39381
SET      67.000     99.41502
SET      68.000     99.44239
SET      69.000     99.46976
SET      70.000     99.49371
SET      71.000     99.52244
SET      72.000     99.54570
SET      73.000     99.56281
SET      74.000     99.58060
SET      75.000     99.59360
SET      76.000     99.61002
SET      77.000     99.62986
SET      78.000     99.65586
SET      79.000     99.66886
SET      80.000     99.68186
SET      81.000     99.69964
SET      82.000     99.71470
SET      83.000     99.72496
SET      84.000     99.73385
SET      85.000     99.74343
SET      86.000     99.75233
SET      87.000     99.76054
SET      88.000     99.77080
SET      89.000     99.78380
SET      90.000     99.79201
SET      91.000     99.79680
SET      92.000     99.80364
SET      93.000     99.81459
SET      94.000     99.82417
SET      95.000     99.82964
SET      96.000     99.83580
SET      97.000     99.84127
SET      98.000     99.84948
SET      99.000     99.86180
SET     100.000     99.87890
SET     110.000     99.91448
SET     120.000     99.93295
SET     130.000     99.94595
SET     140.000     99.95895
SET     150.000     99.96716
SET     160.000     99.96990
SET     170.000     99.97742
SET     180.000     99.98016
SET     190.000     99.98221
SET     200.000     99.98563
SET     210.000     99.98837
SET     220.000     99.99247
SET     230.000     99.99316
SET     250.000     99.99384
SET     260.000     99.99521
SET     290.000     99.99795
SET     300.000     99.99863
SET     320.000    100.00000
---
GET       0.059      0.00007
GET       0.067      0.00014
GET       0.068      0.00021
GET       0.069      0.00034
GET       0.071      0.00048
GET       0.072      0.00055
GET       0.073      0.00082
GET       0.074      0.00103
GET       0.075      0.00151
GET       0.076      0.00164
GET       0.077      0.00171
GET       0.078      0.00226
GET       0.079      0.00240
GET       0.080      0.00308
GET       0.081      0.00370
GET       0.082      0.00452
GET       0.083      0.00630
GET       0.084      0.00733
GET       0.085      0.00884
GET       0.086      0.01075
GET       0.087      0.01212
GET       0.088      0.01507
GET       0.089      0.01843
GET       0.090      0.02336
GET       0.091      0.02733
GET       0.092      0.03459
GET       0.093      0.04349
GET       0.094      0.05452
GET       0.095      0.06576
GET       0.096      0.07699
GET       0.097      0.09000
GET       0.098      0.10288
GET       0.099      0.11603
GET       0.100      0.20124
GET       0.110      0.41611
GET       0.120      0.74304
GET       0.130      1.43977
GET       0.140      3.40538
GET       0.150      5.97566
GET       0.160      7.88442
GET       0.170      9.44563
GET       0.180     11.20726
GET       0.190     13.92247
GET       0.200     16.22528
GET       0.210     17.61019
GET       0.220     18.59200
GET       0.230     19.59217
GET       0.240     21.00282
GET       0.250     22.44020
GET       0.260     23.77839
GET       0.270     25.24514
GET       0.280     27.21863
GET       0.290     30.31495
GET       0.300     33.72752
GET       0.310     37.03803
GET       0.320     40.46629
GET       0.330     44.38058
GET       0.340     49.06114
GET       0.350     53.13181
GET       0.360     56.32259
GET       0.370     58.93849
GET       0.380     61.29226
GET       0.390     63.46486
GET       0.400     65.17676
GET       0.410     66.50728
GET       0.420     67.59005
GET       0.430     68.56720
GET       0.440     69.50312
GET       0.450     70.27780
GET       0.460     70.93097
GET       0.470     71.49955
GET       0.480     72.02450
GET       0.490     72.50917
GET       0.500     72.92720
GET       0.510     73.27570
GET       0.520     73.57838
GET       0.530     73.85291
GET       0.540     74.10758
GET       0.550     74.33690
GET       0.560     74.53684
GET       0.570     74.72109
GET       0.580     74.90109
GET       0.590     75.07918
GET       0.600     75.23864
GET       0.610     75.39241
GET       0.620     75.53796
GET       0.630     75.70125
GET       0.640     75.85729
GET       0.650     76.00969
GET       0.660     76.16017
GET       0.670     76.31155
GET       0.680     76.46648
GET       0.690     76.62251
GET       0.700     76.77355
GET       0.710     76.91992
GET       0.720     77.06376
GET       0.730     77.21575
GET       0.740     77.36569
GET       0.750     77.50234
GET       0.760     77.63611
GET       0.770     77.76638
GET       0.780     77.89838
GET       0.790     78.02619
GET       0.800     78.14571
GET       0.810     78.25873
GET       0.820     78.36469
GET       0.830     78.47093
GET       0.840     78.57531
GET       0.850     78.67210
GET       0.860     78.76635
GET       0.870     78.85655
GET       0.880     78.94258
GET       0.890     79.02608
GET       0.900     79.10142
GET       0.910     79.17711
GET       0.920     79.24246
GET       0.930     79.31013
GET       0.940     79.37479
GET       0.950     79.42952
GET       0.960     79.48356
GET       0.970     79.54027
GET       0.980     79.59370
GET       0.990     79.64541
GET       1.000     79.89467
GET       1.100     80.27899
GET       1.200     80.62010
GET       1.300     80.95867
GET       1.400     81.26615
GET       1.500     81.56725
GET       1.600     81.84082
GET       1.700     82.11569
GET       1.800     82.34748
GET       1.900     82.55920
GET       2.000     82.74469
GET       2.100     82.92503
GET       2.200     83.08127
GET       2.300     83.22675
GET       2.400     83.36402
GET       2.500     83.48430
GET       2.600     83.59745
GET       2.700     83.71458
GET       2.800     83.82376
GET       2.900     83.92616
GET       3.000     84.02972
GET       3.100     84.13774
GET       3.200     84.23836
GET       3.300     84.33494
GET       3.400     84.42734
GET       3.500     84.51611
GET       3.600     84.60296
GET       3.700     84.68536
GET       3.800     84.77632
GET       3.900     84.85824
GET       4.000     84.94064
GET       4.100     85.01482
GET       4.200     85.09962
GET       4.300     85.19401
GET       4.400     85.28935
GET       4.500     85.38285
GET       4.600     85.46922
GET       4.700     85.55045
GET       4.800     85.62957
GET       4.900     85.71443
GET       5.000     85.80019
GET       5.100     85.87423
GET       5.200     85.94328
GET       5.300     86.01259
GET       5.400     86.08746
GET       5.500     86.15945
GET       5.600     86.23506
GET       5.700     86.31041
GET       5.800     86.38541
GET       5.900     86.45535
GET       6.000     86.51966
GET       6.100     86.59329
GET       6.200     86.66097
GET       6.300     86.73802
GET       6.400     86.81227
GET       6.500     86.88063
GET       6.600     86.95289
GET       6.700     87.02084
GET       6.800     87.08934
GET       6.900     87.15756
GET       7.000     87.22400
GET       7.100     87.29133
GET       7.200     87.35935
GET       7.300     87.42394
GET       7.400     87.48942
GET       7.500     87.55072
GET       7.600     87.60469
GET       7.700     87.66655
GET       7.800     87.72422
GET       7.900     87.78244
GET       8.000     87.84059
GET       8.100     87.89888
GET       8.200     87.96108
GET       8.300     88.02217
GET       8.400     88.09450
GET       8.500     88.15553
GET       8.600     88.21225
GET       8.700     88.27061
GET       8.800     88.32821
GET       8.900     88.38554
GET       9.000     88.43938
GET       9.100     88.49548
GET       9.200     88.54609
GET       9.300     88.59952
GET       9.400     88.65164
GET       9.500     88.70315
GET       9.600     88.75815
GET       9.700     88.81103
GET       9.800     88.86049
GET       9.900     88.91172
GET      10.000     89.22673
GET      11.000     89.73044
GET      12.000     90.20498
GET      13.000     90.66253
GET      14.000     91.08555
GET      15.000     91.48933
GET      16.000     91.89434
GET      17.000     92.27737
GET      18.000     92.64320
GET      19.000     92.97212
GET      20.000     93.29377
GET      21.000     93.59905
GET      22.000     93.92879
GET      23.000     94.21729
GET      24.000     94.48983
GET      25.000     94.77813
GET      26.000     95.06499
GET      27.000     95.31383
GET      28.000     95.56295
GET      29.000     95.78193
GET      30.000     96.01851
GET      31.000     96.23283
GET      32.000     96.42640
GET      33.000     96.61853
GET      34.000     96.81799
GET      35.000     96.98888
GET      36.000     97.15834
GET      37.000     97.30259
GET      38.000     97.45348
GET      39.000     97.60034
GET      40.000     97.72062
GET      41.000     97.84761
GET      42.000     97.96966
GET      43.000     98.08104
GET      44.000     98.18906
GET      45.000     98.30550
GET      46.000     98.41187
GET      47.000     98.50400
GET      48.000     98.58592
GET      49.000     98.66345
GET      50.000     98.73846
GET      51.000     98.80195
GET      52.000     98.87031
GET      53.000     98.94154
GET      54.000     98.99744
GET      55.000     99.05100
GET      56.000     99.10134
GET      57.000     99.15080
GET      58.000     99.19306
GET      59.000     99.23162
GET      60.000     99.27375
GET      61.000     99.31471
GET      62.000     99.35395
GET      63.000     99.38526
GET      64.000     99.41464
GET      65.000     99.44382
GET      66.000     99.46807
GET      67.000     99.49327
GET      68.000     99.51519
GET      69.000     99.53868
GET      70.000     99.56053
GET      71.000     99.58396
GET      72.000     99.60389
GET      73.000     99.62574
GET      74.000     99.64293
GET      75.000     99.65992
GET      76.000     99.67376
GET      77.000     99.68848
GET      78.000     99.70670
GET      79.000     99.72040
GET      80.000     99.73164
GET      81.000     99.74287
GET      82.000     99.75575
GET      83.000     99.76451
GET      84.000     99.77301
GET      85.000     99.78040
GET      86.000     99.79314
GET      87.000     99.80150
GET      88.000     99.80808
GET      89.000     99.81828
GET      90.000     99.82404
GET      91.000     99.82917
GET      92.000     99.83458
GET      93.000     99.84150
GET      94.000     99.84917
GET      95.000     99.85609
GET      96.000     99.86034
GET      97.000     99.86568
GET      98.000     99.87096
GET      99.000     99.87609
GET     100.000     99.89301
GET     110.000     99.92185
GET     120.000     99.93904
GET     130.000     99.95109
GET     140.000     99.96151
GET     150.000     99.96842
GET     160.000     99.97418
GET     170.000     99.98007
GET     180.000     99.98418
GET     190.000     99.98733
GET     200.000     99.99089
GET     210.000     99.99253
GET     220.000     99.99473
GET     230.000     99.99541
GET     240.000     99.99589
GET     250.000     99.99678
GET     260.000     99.99719
GET     270.000     99.99753
GET     280.000     99.99795
GET     290.000     99.99836
GET     300.000     99.99904
GET     310.000     99.99918
GET     320.000     99.99945
GET     330.000     99.99959
GET     340.000     99.99979
GET     350.000    100.00000
