[RUN #1] Preparing benchmark client...
[RUN #1] Launching threads now...
[RUN #1 5%,   1 secs]  8 threads:       82385 ops,   82338 (avg:   82338) ops/sec, 3.11MB/sec (avg: 3.11MB/sec),  3.81 (avg:  3.81) msec latency[RUN #1 10%,   2 secs]  8 threads:      159633 ops,   77235 (avg:   79787) ops/sec, 2.91MB/sec (avg: 3.01MB/sec),  4.16 (avg:  3.98) msec latency[RUN #1 15%,   3 secs]  8 threads:      238177 ops,   78533 (avg:   79369) ops/sec, 2.96MB/sec (avg: 3.00MB/sec),  4.05 (avg:  4.00) msec latency[RUN #1 20%,   4 secs]  8 threads:      317844 ops,   79656 (avg:   79441) ops/sec, 3.00MB/sec (avg: 3.00MB/sec),  4.01 (avg:  4.00) msec latency[RUN #1 25%,   5 secs]  8 threads:      396614 ops,   78758 (avg:   79304) ops/sec, 2.97MB/sec (avg: 2.99MB/sec),  4.07 (avg:  4.02) msec latency[RUN #1 30%,   6 secs]  8 threads:      475543 ops,   78917 (avg:   79240) ops/sec, 2.98MB/sec (avg: 2.99MB/sec),  4.06 (avg:  4.02) msec latency[RUN #1 35%,   7 secs]  8 threads:      554972 ops,   79414 (avg:   79265) ops/sec, 2.99MB/sec (avg: 2.99MB/sec),  4.01 (avg:  4.02) msec latency[RUN #1 40%,   8 secs]  8 threads:      634198 ops,   79213 (avg:   79258) ops/sec, 2.99MB/sec (avg: 2.99MB/sec),  4.04 (avg:  4.02) msec latency[RUN #1 45%,   9 secs]  8 threads:      713327 ops,   79117 (avg:   79242) ops/sec, 2.98MB/sec (avg: 2.99MB/sec),  4.00 (avg:  4.02) msec latency[RUN #1 50%,  10 secs]  8 threads:      794320 ops,   80982 (avg:   79416) ops/sec, 3.05MB/sec (avg: 3.00MB/sec),  3.97 (avg:  4.02) msec latency[RUN #1 55%,  11 secs]  8 threads:      875053 ops,   80721 (avg:   79535) ops/sec, 3.04MB/sec (avg: 3.00MB/sec),  3.99 (avg:  4.01) msec latency[RUN #1 60%,  12 secs]  8 threads:      956116 ops,   81051 (avg:   79661) ops/sec, 3.06MB/sec (avg: 3.00MB/sec),  3.93 (avg:  4.01) msec latency[RUN #1 65%,  13 secs]  8 threads:     1036195 ops,   80068 (avg:   79693) ops/sec, 3.02MB/sec (avg: 3.01MB/sec),  3.99 (avg:  4.01) msec latency[RUN #1 70%,  14 secs]  8 threads:     1115744 ops,   79538 (avg:   79682) ops/sec, 3.00MB/sec (avg: 3.01MB/sec),  3.96 (avg:  4.00) msec latency[RUN #1 75%,  15 secs]  8 threads:     1195715 ops,   79959 (avg:   79700) ops/sec, 3.02MB/sec (avg: 3.01MB/sec),  4.06 (avg:  4.01) msec latency[RUN #1 80%,  16 secs]  8 threads:     1275362 ops,   79636 (avg:   79696) ops/sec, 3.00MB/sec (avg: 3.01MB/sec),  4.01 (avg:  4.01) msec latency[RUN #1 85%,  17 secs]  8 threads:     1355304 ops,   79930 (avg:   79710) ops/sec, 3.01MB/sec (avg: 3.01MB/sec),  4.01 (avg:  4.01) msec latency[RUN #1 90%,  18 secs]  8 threads:     1435206 ops,   79887 (avg:   79720) ops/sec, 3.01MB/sec (avg: 3.01MB/sec),  3.98 (avg:  4.01) msec latency[RUN #1 95%,  19 secs]  8 threads:     1515153 ops,   79932 (avg:   79731) ops/sec, 3.01MB/sec (avg: 3.01MB/sec),  4.01 (avg:  4.01) msec latency[RUN #1 100%,  20 secs]  8 threads:     1595090 ops,   79932 (avg:   79743) ops/sec, 3.01MB/sec (avg: 3.01MB/sec),  4.01 (avg:  4.00) msec latency[RUN #1 100%,  20 secs]  0 threads:     1595340 ops,   79932 (avg:   79699) ops/sec, 3.01MB/sec (avg: 3.01MB/sec),  4.01 (avg:  4.01) msec latency

8         Threads
40        Connections per thread
20        Seconds
Type        Ops/sec     Hits/sec   Misses/sec      Latency       KB/sec
------------------------------------------------------------------------
Sets        7252.95          ---          ---      4.42500       537.63
Gets       72445.33      3509.82     68935.50      3.96900      2540.35
Totals     79698.27      3509.82     68935.50      4.01100      3077.98


Request Latency Distribution
Type     <= msec         Percent
------------------------------------------------------------------------
SET        -nan    100.00000
---
GET       0.064      0.00007
GET       0.066      0.00014
GET       0.067      0.00021
GET       0.068      0.00041
GET       0.069      0.00048
GET       0.070      0.00055
GET       0.071      0.00062
GET       0.072      0.00069
GET       0.073      0.00076
GET       0.074      0.00097
GET       0.075      0.00117
GET       0.076      0.00131
GET       0.077      0.00193
GET       0.078      0.00221
GET       0.079      0.00283
GET       0.080      0.00310
GET       0.081      0.00372
GET       0.082      0.00455
GET       0.083      0.00593
GET       0.084      0.00779
GET       0.085      0.00952
GET       0.086      0.01172
GET       0.087      0.01393
GET       0.088      0.01793
GET       0.089      0.02186
GET       0.090      0.02641
GET       0.091      0.03193
GET       0.092      0.04089
GET       0.093      0.04855
GET       0.094      0.05889
GET       0.095      0.06965
GET       0.096      0.08178
GET       0.097      0.09447
GET       0.098      0.10840
GET       0.099      0.12323
GET       0.100      0.20984
GET       0.110      0.41623
GET       0.120      0.73613
GET       0.130      1.41605
GET       0.140      3.32895
GET       0.150      5.83661
GET       0.160      7.67897
GET       0.170      9.20446
GET       0.180     10.91951
GET       0.190     13.49379
GET       0.200     15.68735
GET       0.210     17.03348
GET       0.220     17.98862
GET       0.230     18.94210
GET       0.240     20.28892
GET       0.250     21.68505
GET       0.260     22.98194
GET       0.270     24.40820
GET       0.280     26.37102
GET       0.290     29.45118
GET       0.300     32.85750
GET       0.310     36.20728
GET       0.320     39.64573
GET       0.330     43.59738
GET       0.340     48.37031
GET       0.350     52.47029
GET       0.360     55.71070
GET       0.370     58.34483
GET       0.380     60.69595
GET       0.390     62.90427
GET       0.400     64.61691
GET       0.410     65.95173
GET       0.420     67.04644
GET       0.430     68.02241
GET       0.440     68.95010
GET       0.450     69.72588
GET       0.460     70.38070
GET       0.470     70.94278
GET       0.480     71.46541
GET       0.490     71.95495
GET       0.500     72.36704
GET       0.510     72.71935
GET       0.520     73.02525
GET       0.530     73.31191
GET       0.540     73.57657
GET       0.550     73.80875
GET       0.560     74.01073
GET       0.570     74.19926
GET       0.580     74.38862
GET       0.590     74.56998
GET       0.600     74.73706
GET       0.610     74.89243
GET       0.620     75.04606
GET       0.630     75.19798
GET       0.640     75.36203
GET       0.650     75.52367
GET       0.660     75.67538
GET       0.670     75.82343
GET       0.680     75.98410
GET       0.690     76.14091
GET       0.700     76.29593
GET       0.710     76.45026
GET       0.720     76.59486
GET       0.730     76.74388
GET       0.740     76.89187
GET       0.750     77.03295
GET       0.760     77.17252
GET       0.770     77.30761
GET       0.780     77.44346
GET       0.790     77.57800
GET       0.800     77.70109
GET       0.810     77.81832
GET       0.820     77.93079
GET       0.830     78.04381
GET       0.840     78.14828
GET       0.850     78.24434
GET       0.860     78.34261
GET       0.870     78.43246
GET       0.880     78.51790
GET       0.890     78.59947
GET       0.900     78.67664
GET       0.910     78.74677
GET       0.920     78.81580
GET       0.930     78.88510
GET       0.940     78.94916
GET       0.950     79.00853
GET       0.960     79.06901
GET       0.970     79.12383
GET       0.980     79.17727
GET       0.990     79.22782
GET       1.000     79.48924
GET       1.100     79.87892
GET       1.200     80.22833
GET       1.300     80.56968
GET       1.400     80.88488
GET       1.500     81.19692
GET       1.600     81.47427
GET       1.700     81.75369
GET       1.800     81.99180
GET       1.900     82.21012
GET       2.000     82.40238
GET       2.100     82.58049
GET       2.200     82.73931
GET       2.300     82.88363
GET       2.400     83.02383
GET       2.500     83.14733
GET       2.600     83.27028
GET       2.700     83.39579
GET       2.800     83.51688
GET       2.900     83.62128
GET       3.000     83.73134
GET       3.100     83.84195
GET       3.200     83.94414
GET       3.300     84.04234
GET       3.400     84.14129
GET       3.500     84.24252
GET       3.600     84.33824
GET       3.700     84.43092
GET       3.800     84.52118
GET       3.900     84.60786
GET       4.000     84.69234
GET       4.100     84.77240
GET       4.200     84.85356
GET       4.300     84.94838
GET       4.400     85.05671
GET       4.500     85.15249
GET       4.600     85.24207
GET       4.700     85.32985
GET       4.800     85.42212
GET       4.900     85.50887
GET       5.000     85.59541
GET       5.100     85.67733
GET       5.200     85.75374
GET       5.300     85.82946
GET       5.400     85.90931
GET       5.500     85.99130
GET       5.600     86.06867
GET       5.700     86.14770
GET       5.800     86.22686
GET       5.900     86.30258
GET       6.000     86.38015
GET       6.100     86.45615
GET       6.200     86.52779
GET       6.300     86.60627
GET       6.400     86.68536
GET       6.500     86.76046
GET       6.600     86.83397
GET       6.700     86.90458
GET       6.800     86.97850
GET       6.900     87.04988
GET       7.000     87.11483
GET       7.100     87.17966
GET       7.200     87.25392
GET       7.300     87.32088
GET       7.400     87.38653
GET       7.500     87.44949
GET       7.600     87.51176
GET       7.700     87.57844
GET       7.800     87.63830
GET       7.900     87.70091
GET       8.000     87.75911
GET       8.100     87.81807
GET       8.200     87.88296
GET       8.300     87.94433
GET       8.400     88.01646
GET       8.500     88.08507
GET       8.600     88.14583
GET       8.700     88.20789
GET       8.800     88.26988
GET       8.900     88.32815
GET       9.000     88.38470
GET       9.100     88.43655
GET       9.200     88.49089
GET       9.300     88.54344
GET       9.400     88.59964
GET       9.500     88.65163
GET       9.600     88.70570
GET       9.700     88.75949
GET       9.800     88.81279
GET       9.900     88.86699
GET      10.000     89.17944
GET      11.000     89.68828
GET      12.000     90.16782
GET      13.000     90.64004
GET      14.000     91.06441
GET      15.000     91.46444
GET      16.000     91.86943
GET      17.000     92.25456
GET      18.000     92.61907
GET      19.000     92.94359
GET      20.000     93.27003
GET      21.000     93.57945
GET      22.000     93.90914
GET      23.000     94.19442
GET      24.000     94.46384
GET      25.000     94.74843
GET      26.000     95.03247
GET      27.000     95.28596
GET      28.000     95.52903
GET      29.000     95.75191
GET      30.000     95.99505
GET      31.000     96.20806
GET      32.000     96.40266
GET      33.000     96.59850
GET      34.000     96.79600
GET      35.000     96.96846
GET      36.000     97.13514
GET      37.000     97.28802
GET      38.000     97.43414
GET      39.000     97.58040
GET      40.000     97.70328
GET      41.000     97.83492
GET      42.000     97.96015
GET      43.000     98.06904
GET      44.000     98.18413
GET      45.000     98.29887
GET      46.000     98.40562
GET      47.000     98.49540
GET      48.000     98.57870
GET      49.000     98.65773
GET      50.000     98.73179
GET      51.000     98.79496
GET      52.000     98.86219
GET      53.000     98.93343
GET      54.000     98.98852
GET      55.000     99.04128
GET      56.000     99.08920
GET      57.000     99.13927
GET      58.000     99.18161
GET      59.000     99.22133
GET      60.000     99.26518
GET      61.000     99.31007
GET      62.000     99.35028
GET      63.000     99.38283
GET      64.000     99.41227
GET      65.000     99.44109
GET      66.000     99.46682
GET      67.000     99.49371
GET      68.000     99.51419
GET      69.000     99.53908
GET      70.000     99.55956
GET      71.000     99.58453
GET      72.000     99.60604
GET      73.000     99.62597
GET      74.000     99.64397
GET      75.000     99.66128
GET      76.000     99.67548
GET      77.000     99.68990
GET      78.000     99.70679
GET      79.000     99.71975
GET      80.000     99.73155
GET      81.000     99.74472
GET      82.000     99.75720
GET      83.000     99.76616
GET      84.000     99.77444
GET      85.000     99.78161
GET      86.000     99.79285
GET      87.000     99.80175
GET      88.000     99.80843
GET      89.000     99.81823
GET      90.000     99.82305
GET      91.000     99.82733
GET      92.000     99.83312
GET      93.000     99.83981
GET      94.000     99.84712
GET      95.000     99.85319
GET      96.000     99.85815
GET      97.000     99.86291
GET      98.000     99.86767
GET      99.000     99.87443
GET     100.000     99.89160
GET     110.000     99.92222
GET     120.000     99.93925
GET     130.000     99.95187
GET     140.000     99.96138
GET     150.000     99.96828
GET     160.000     99.97435
GET     170.000     99.97931
GET     180.000     99.98276
GET     190.000     99.98614
GET     200.000     99.98945
GET     210.000     99.99145
GET     220.000     99.99379
GET     230.000     99.99483
GET     240.000     99.99517
GET     250.000     99.99635
GET     260.000     99.99717
GET     270.000     99.99731
GET     280.000     99.99766
GET     290.000     99.99828
GET     300.000     99.99883
GET     310.000     99.99897
GET     320.000     99.99917
GET     330.000     99.99959
GET     340.000     99.99966
GET     350.000     99.99986
GET     360.000    100.00000
