[RUN #1] Preparing benchmark client...
[RUN #1] Launching threads now...
[RUN #1 5%,   1 secs]  8 threads:       76766 ops,   76740 (avg:   76740) ops/sec, 2.90MB/sec (avg: 2.90MB/sec),  4.13 (avg:  4.13) msec latency[RUN #1 10%,   2 secs]  8 threads:      162042 ops,   85262 (avg:   81001) ops/sec, 3.22MB/sec (avg: 3.06MB/sec),  3.75 (avg:  3.93) msec latency[RUN #1 15%,   3 secs]  8 threads:      246192 ops,   84131 (avg:   82044) ops/sec, 3.17MB/sec (avg: 3.10MB/sec),  3.80 (avg:  3.89) msec latency[RUN #1 20%,   4 secs]  8 threads:      327805 ops,   81596 (avg:   81932) ops/sec, 3.08MB/sec (avg: 3.09MB/sec),  3.92 (avg:  3.90) msec latency[RUN #1 25%,   5 secs]  8 threads:      410577 ops,   82760 (avg:   82098) ops/sec, 3.12MB/sec (avg: 3.10MB/sec),  3.87 (avg:  3.89) msec latency[RUN #1 30%,   6 secs]  8 threads:      492596 ops,   82007 (avg:   82082) ops/sec, 3.09MB/sec (avg: 3.10MB/sec),  3.89 (avg:  3.89) msec latency[RUN #1 35%,   7 secs]  8 threads:      575764 ops,   83150 (avg:   82235) ops/sec, 3.14MB/sec (avg: 3.10MB/sec),  3.84 (avg:  3.88) msec latency[RUN #1 40%,   8 secs]  8 threads:      657045 ops,   81271 (avg:   82115) ops/sec, 3.06MB/sec (avg: 3.10MB/sec),  3.93 (avg:  3.89) msec latency[RUN #1 45%,   9 secs]  8 threads:      738731 ops,   81673 (avg:   82066) ops/sec, 3.08MB/sec (avg: 3.10MB/sec),  3.90 (avg:  3.89) msec latency[RUN #1 50%,  10 secs]  8 threads:      821312 ops,   82569 (avg:   82116) ops/sec, 3.11MB/sec (avg: 3.10MB/sec),  3.89 (avg:  3.89) msec latency[RUN #1 55%,  11 secs]  8 threads:      904713 ops,   83389 (avg:   82232) ops/sec, 3.14MB/sec (avg: 3.10MB/sec),  3.83 (avg:  3.89) msec latency[RUN #1 60%,  12 secs]  8 threads:      988681 ops,   83956 (avg:   82375) ops/sec, 3.17MB/sec (avg: 3.11MB/sec),  3.77 (avg:  3.88) msec latency[RUN #1 65%,  13 secs]  8 threads:     1072182 ops,   83488 (avg:   82461) ops/sec, 3.15MB/sec (avg: 3.11MB/sec),  3.87 (avg:  3.88) msec latency[RUN #1 70%,  14 secs]  8 threads:     1155727 ops,   83529 (avg:   82537) ops/sec, 3.15MB/sec (avg: 3.11MB/sec),  3.83 (avg:  3.87) msec latency[RUN #1 75%,  15 secs]  8 threads:     1238813 ops,   83074 (avg:   82573) ops/sec, 3.13MB/sec (avg: 3.11MB/sec),  3.82 (avg:  3.87) msec latency[RUN #1 80%,  16 secs]  8 threads:     1323676 ops,   84851 (avg:   82715) ops/sec, 3.20MB/sec (avg: 3.12MB/sec),  3.79 (avg:  3.86) msec latency[RUN #1 85%,  17 secs]  8 threads:     1408043 ops,   84355 (avg:   82812) ops/sec, 3.18MB/sec (avg: 3.12MB/sec),  3.79 (avg:  3.86) msec latency[RUN #1 90%,  18 secs]  8 threads:     1491053 ops,   82999 (avg:   82822) ops/sec, 3.13MB/sec (avg: 3.12MB/sec),  3.85 (avg:  3.86) msec latency[RUN #1 95%,  19 secs]  8 threads:     1573106 ops,   82041 (avg:   82781) ops/sec, 3.09MB/sec (avg: 3.12MB/sec),  3.90 (avg:  3.86) msec latency[RUN #1 100%,  20 secs]  8 threads:     1655019 ops,   82041 (avg:   82742) ops/sec, 3.09MB/sec (avg: 3.12MB/sec),  3.90 (avg:  3.86) msec latency[RUN #1 100%,  20 secs]  0 threads:     1655154 ops,   82041 (avg:   82733) ops/sec, 3.09MB/sec (avg: 3.12MB/sec),  3.90 (avg:  3.86) msec latency

8         Threads
40        Connections per thread
20        Seconds
Type        Ops/sec     Hits/sec   Misses/sec      Latency       KB/sec
------------------------------------------------------------------------
Sets        7528.38          ---          ---      3.88100       558.05
Gets       75199.48      2511.09     72688.38      3.86200      2636.95
Totals     82727.86      2511.09     72688.38      3.86400      3195.00


Request Latency Distribution
Type     <= msec         Percent
------------------------------------------------------------------------
SET       1.000     56.45191
SET       2.000     74.81377
SET       3.000     78.26081
SET       4.000     80.91979
SET       5.000     83.56681
SET       6.000     86.14412
SET       7.000     88.07545
SET       8.000     90.03598
SET       9.000     91.69776
SET      10.000     93.06542
SET      11.000     93.98361
SET      12.000     94.68404
SET      13.000     95.45485
SET      14.000     96.08557
SET      15.000     96.49188
SET      16.000     96.86367
SET      17.000     97.24277
SET      18.000     97.54219
SET      19.000     97.76195
SET      20.000     97.94652
SET      21.000     98.15830
SET      22.000     98.35814
SET      23.000     98.49557
SET      24.000     98.60844
SET      25.000     98.71732
SET      26.000     98.80695
SET      27.000     98.86006
SET      28.000     98.91317
SET      29.000     98.97293
SET      30.000     99.01342
SET      31.000     99.06056
SET      32.000     99.09509
SET      33.000     99.14156
SET      34.000     99.17940
SET      35.000     99.21857
SET      36.000     99.25177
SET      37.000     99.28430
SET      38.000     99.32015
SET      39.000     99.34737
SET      40.000     99.38588
SET      41.000     99.41376
SET      42.000     99.44497
SET      43.000     99.47816
SET      44.000     99.50140
SET      45.000     99.52397
SET      46.000     99.54721
SET      47.000     99.57178
SET      48.000     99.59568
SET      49.000     99.61493
SET      50.000     99.63153
SET      51.000     99.65211
SET      52.000     99.66472
SET      53.000     99.67535
SET      54.000     99.68730
SET      55.000     99.69925
SET      56.000     99.71385
SET      57.000     99.72248
SET      58.000     99.73510
SET      59.000     99.74373
SET      60.000     99.75966
SET      61.000     99.77294
SET      62.000     99.78622
SET      63.000     99.80083
SET      64.000     99.81477
SET      65.000     99.81942
SET      66.000     99.83137
SET      67.000     99.83801
SET      68.000     99.84796
SET      69.000     99.85593
SET      70.000     99.85792
SET      71.000     99.86456
SET      72.000     99.86987
SET      73.000     99.87319
SET      74.000     99.88050
SET      75.000     99.88713
SET      76.000     99.89510
SET      77.000     99.89909
SET      78.000     99.90440
SET      79.000     99.91369
SET      80.000     99.91767
SET      81.000     99.92299
SET      82.000     99.92830
SET      83.000     99.93095
SET      84.000     99.93294
SET      85.000     99.93427
SET      86.000     99.93626
SET      87.000     99.94025
SET      88.000     99.94357
SET      89.000     99.94490
SET      90.000     99.94755
SET      91.000     99.95021
SET      92.000     99.95087
SET      93.000     99.95685
SET      94.000     99.95817
SET      95.000     99.96017
SET      96.000     99.96149
SET      97.000     99.96614
SET      98.000     99.96946
SET      99.000     99.97212
SET     100.000     99.98207
SET     110.000     99.98539
SET     120.000     99.99402
SET     130.000     99.99801
SET     140.000     99.99867
SET     150.000     99.99934
SET     160.000    100.00000
---
GET       0.130      0.00013
GET       0.150      0.00033
GET       0.160      0.00086
GET       0.170      0.00173
GET       0.180      0.00233
GET       0.190      0.00306
GET       0.200      0.00452
GET       0.210      0.00545
GET       0.220      0.00598
GET       0.230      0.00691
GET       0.240      0.00871
GET       0.250      0.00984
GET       0.260      0.01103
GET       0.270      0.01216
GET       0.280      0.01349
GET       0.290      0.01449
GET       0.300      0.01688
GET       0.310      0.01828
GET       0.320      0.01987
GET       0.330      0.02140
GET       0.340      0.02353
GET       0.350      0.02599
GET       0.360      0.02878
GET       0.370      0.03117
GET       0.380      0.03416
GET       0.390      0.03722
GET       0.400      0.03995
GET       0.410      0.04280
GET       0.420      0.04586
GET       0.430      0.04912
GET       0.440      0.05224
GET       0.450      0.05570
GET       0.460      0.05849
GET       0.470      0.06175
GET       0.480      0.06627
GET       0.490      0.07032
GET       0.500      0.07438
GET       0.510      0.08036
GET       0.520      0.08694
GET       0.530      0.09338
GET       0.540      0.10136
GET       0.550      0.11153
GET       0.560      0.12050
GET       0.570      0.12722
GET       0.580      0.13326
GET       0.590      0.14091
GET       0.600      0.14589
GET       0.610      0.15108
GET       0.620      0.15713
GET       0.630      0.16131
GET       0.640      0.16663
GET       0.650      0.17181
GET       0.660      0.17594
GET       0.670      0.18065
GET       0.680      0.18644
GET       0.690      0.19182
GET       0.700      0.19674
GET       0.710      0.20212
GET       0.720      0.20844
GET       0.730      0.21468
GET       0.740      0.22173
GET       0.750      0.22818
GET       0.760      0.23403
GET       0.770      0.24021
GET       0.780      0.24672
GET       0.790      0.25377
GET       0.800      0.25928
GET       0.810      0.26560
GET       0.820      0.27244
GET       0.830      0.27849
GET       0.840      0.28520
GET       0.850      0.29112
GET       0.860      0.29790
GET       0.870      0.30415
GET       0.880      0.31272
GET       0.890      0.32189
GET       0.900      0.33073
GET       0.910      0.33951
GET       0.920      0.34835
GET       0.930      0.35971
GET       0.940      0.37228
GET       0.950      0.38411
GET       0.960      0.39919
GET       0.970      0.41667
GET       0.980      0.43641
GET       0.990      0.45576
GET       1.000      0.66360
GET       1.100      2.31740
GET       1.200     10.61719
GET       1.300     29.14561
GET       1.400     45.38913
GET       1.500     51.79996
GET       1.600     54.35936
GET       1.700     55.61357
GET       1.800     56.32223
GET       1.900     56.81335
GET       2.000     57.26073
GET       2.100     57.75258
GET       2.200     58.44781
GET       2.300     59.58012
GET       2.400     61.50856
GET       2.500     64.71713
GET       2.600     68.69917
GET       2.700     71.92615
GET       2.800     73.92731
GET       2.900     75.06879
GET       3.000     75.74389
GET       3.100     76.19459
GET       3.200     76.53038
GET       3.300     76.82980
GET       3.400     77.09986
GET       3.500     77.35801
GET       3.600     77.60028
GET       3.700     77.85165
GET       3.800     78.11007
GET       3.900     78.36284
GET       4.000     78.62977
GET       4.100     78.90533
GET       4.200     79.16282
GET       4.300     79.40070
GET       4.400     79.64749
GET       4.500     79.87480
GET       4.600     80.11515
GET       4.700     80.36645
GET       4.800     80.63989
GET       4.900     80.94962
GET       5.000     81.25776
GET       5.100     81.57819
GET       5.200     81.89869
GET       5.300     82.18735
GET       5.400     82.45647
GET       5.500     82.69954
GET       5.600     82.93483
GET       5.700     83.17377
GET       5.800     83.39105
GET       5.900     83.61597
GET       6.000     83.83418
GET       6.100     84.06388
GET       6.200     84.28023
GET       6.300     84.51133
GET       6.400     84.75107
GET       6.500     85.02119
GET       6.600     85.32195
GET       6.700     85.63088
GET       6.800     85.91549
GET       6.900     86.15669
GET       7.000     86.39690
GET       7.100     86.59331
GET       7.200     86.77243
GET       7.300     86.95402
GET       7.400     87.13327
GET       7.500     87.32802
GET       7.600     87.52715
GET       7.700     87.73014
GET       7.800     87.91505
GET       7.900     88.11331
GET       8.000     88.32182
GET       8.100     88.53398
GET       8.200     88.74407
GET       8.300     88.93875
GET       8.400     89.12167
GET       8.500     89.29906
GET       8.600     89.47945
GET       8.700     89.65326
GET       8.800     89.83651
GET       8.900     90.02574
GET       9.000     90.22380
GET       9.100     90.40346
GET       9.200     90.58491
GET       9.300     90.77554
GET       9.400     90.95227
GET       9.500     91.12973
GET       9.600     91.28599
GET       9.700     91.42830
GET       9.800     91.56921
GET       9.900     91.69861
GET      10.000     92.42974
GET      11.000     93.56012
GET      12.000     94.32554
GET      13.000     95.10226
GET      14.000     95.71687
GET      15.000     96.27166
GET      16.000     96.66009
GET      17.000     97.07736
GET      18.000     97.41222
GET      19.000     97.67230
GET      20.000     97.87176
GET      21.000     98.08811
GET      22.000     98.29867
GET      23.000     98.44390
GET      24.000     98.55430
GET      25.000     98.64622
GET      26.000     98.74473
GET      27.000     98.82183
GET      28.000     98.87779
GET      29.000     98.93243
GET      30.000     98.98274
GET      31.000     99.02628
GET      32.000     99.06323
GET      33.000     99.10770
GET      34.000     99.15136
GET      35.000     99.18832
GET      36.000     99.22926
GET      37.000     99.26701
GET      38.000     99.30078
GET      39.000     99.33282
GET      40.000     99.36505
GET      41.000     99.39616
GET      42.000     99.42667
GET      43.000     99.45365
GET      44.000     99.48143
GET      45.000     99.50822
GET      46.000     99.53321
GET      47.000     99.55395
GET      48.000     99.57209
GET      49.000     99.59177
GET      50.000     99.61304
GET      51.000     99.63158
GET      52.000     99.65119
GET      53.000     99.66681
GET      54.000     99.68422
GET      55.000     99.70077
GET      56.000     99.71486
GET      57.000     99.72909
GET      58.000     99.74298
GET      59.000     99.75501
GET      60.000     99.76877
GET      61.000     99.78292
GET      62.000     99.79681
GET      63.000     99.80732
GET      64.000     99.81901
GET      65.000     99.83078
GET      66.000     99.84307
GET      67.000     99.85085
GET      68.000     99.85923
GET      69.000     99.86674
GET      70.000     99.87292
GET      71.000     99.87956
GET      72.000     99.88521
GET      73.000     99.89007
GET      74.000     99.89651
GET      75.000     99.90190
GET      76.000     99.90715
GET      77.000     99.91127
GET      78.000     99.91512
GET      79.000     99.91931
GET      80.000     99.92270
GET      81.000     99.92742
GET      82.000     99.93041
GET      83.000     99.93367
GET      84.000     99.93692
GET      85.000     99.93925
GET      86.000     99.94257
GET      87.000     99.94556
GET      88.000     99.94822
GET      89.000     99.95168
GET      90.000     99.95341
GET      91.000     99.95500
GET      92.000     99.95733
GET      93.000     99.95846
GET      94.000     99.96092
GET      95.000     99.96324
GET      96.000     99.96471
GET      97.000     99.96590
GET      98.000     99.96790
GET      99.000     99.96943
GET     100.000     99.97694
GET     110.000     99.98305
GET     120.000     99.99056
GET     130.000     99.99415
GET     140.000     99.99721
GET     150.000     99.99880
GET     160.000     99.99947
GET     170.000     99.99987
GET     190.000    100.00000
