[RUN #1] Preparing benchmark client...
[RUN #1] Launching threads now...
[RUN #1 5%,   1 secs]  8 threads:       69027 ops,   69009 (avg:   69009) ops/sec, 2.61MB/sec (avg: 2.61MB/sec),  4.59 (avg:  4.59) msec latency[RUN #1 10%,   2 secs]  8 threads:      152012 ops,   82971 (avg:   75990) ops/sec, 3.13MB/sec (avg: 2.87MB/sec),  3.86 (avg:  4.19) msec latency[RUN #1 15%,   3 secs]  8 threads:      235132 ops,   83105 (avg:   78362) ops/sec, 3.13MB/sec (avg: 2.96MB/sec),  3.84 (avg:  4.07) msec latency[RUN #1 20%,   4 secs]  8 threads:      318137 ops,   82993 (avg:   79519) ops/sec, 3.13MB/sec (avg: 3.00MB/sec),  3.85 (avg:  4.01) msec latency[RUN #1 25%,   5 secs]  8 threads:      400625 ops,   82475 (avg:   80111) ops/sec, 3.11MB/sec (avg: 3.02MB/sec),  3.88 (avg:  3.99) msec latency[RUN #1 30%,   6 secs]  8 threads:      483213 ops,   82576 (avg:   80522) ops/sec, 3.11MB/sec (avg: 3.04MB/sec),  3.87 (avg:  3.97) msec latency[RUN #1 35%,   7 secs]  8 threads:      566377 ops,   83152 (avg:   80897) ops/sec, 3.14MB/sec (avg: 3.05MB/sec),  3.85 (avg:  3.95) msec latency[RUN #1 40%,   8 secs]  8 threads:      647074 ops,   80684 (avg:   80871) ops/sec, 3.04MB/sec (avg: 3.05MB/sec),  3.95 (avg:  3.95) msec latency[RUN #1 45%,   9 secs]  8 threads:      729722 ops,   82633 (avg:   81066) ops/sec, 3.12MB/sec (avg: 3.06MB/sec),  3.87 (avg:  3.94) msec latency[RUN #1 50%,  10 secs]  8 threads:      811953 ops,   82214 (avg:   81181) ops/sec, 3.10MB/sec (avg: 3.06MB/sec),  3.91 (avg:  3.94) msec latency[RUN #1 55%,  11 secs]  8 threads:      892895 ops,   80930 (avg:   81158) ops/sec, 3.05MB/sec (avg: 3.06MB/sec),  3.94 (avg:  3.94) msec latency[RUN #1 60%,  12 secs]  8 threads:      975155 ops,   82248 (avg:   81249) ops/sec, 3.10MB/sec (avg: 3.06MB/sec),  3.87 (avg:  3.93) msec latency[RUN #1 65%,  13 secs]  8 threads:     1055775 ops,   80609 (avg:   81200) ops/sec, 3.04MB/sec (avg: 3.06MB/sec),  4.00 (avg:  3.94) msec latency[RUN #1 70%,  14 secs]  8 threads:     1137148 ops,   81361 (avg:   81211) ops/sec, 3.07MB/sec (avg: 3.06MB/sec),  3.92 (avg:  3.94) msec latency[RUN #1 75%,  15 secs]  8 threads:     1218686 ops,   81526 (avg:   81232) ops/sec, 3.07MB/sec (avg: 3.06MB/sec),  3.89 (avg:  3.93) msec latency[RUN #1 80%,  16 secs]  8 threads:     1299517 ops,   80820 (avg:   81207) ops/sec, 3.05MB/sec (avg: 3.06MB/sec),  3.99 (avg:  3.94) msec latency[RUN #1 85%,  17 secs]  8 threads:     1381577 ops,   82049 (avg:   81256) ops/sec, 3.09MB/sec (avg: 3.06MB/sec),  3.89 (avg:  3.93) msec latency[RUN #1 90%,  18 secs]  8 threads:     1462379 ops,   80791 (avg:   81230) ops/sec, 3.05MB/sec (avg: 3.06MB/sec),  3.96 (avg:  3.93) msec latency[RUN #1 95%,  19 secs]  8 threads:     1543849 ops,   81458 (avg:   81242) ops/sec, 3.07MB/sec (avg: 3.06MB/sec),  3.93 (avg:  3.93) msec latency[RUN #1 100%,  20 secs]  8 threads:     1625478 ops,   81458 (avg:   81266) ops/sec, 3.07MB/sec (avg: 3.07MB/sec),  3.93 (avg:  3.93) msec latency[RUN #1 100%,  20 secs]  0 threads:     1625604 ops,   81458 (avg:   81265) ops/sec, 3.07MB/sec (avg: 3.06MB/sec),  3.93 (avg:  3.93) msec latency

8         Threads
40        Connections per thread
20        Seconds
Type        Ops/sec     Hits/sec   Misses/sec      Latency       KB/sec
------------------------------------------------------------------------
Sets        7395.48          ---          ---      3.95900       548.20
Gets       73866.91      2461.66     71405.25      3.93100      2590.22
Totals     81262.39      2461.66     71405.25      3.93400      3138.42


Request Latency Distribution
Type     <= msec         Percent
------------------------------------------------------------------------
SET       1.000     55.22164
SET       2.000     74.46702
SET       3.000     77.66895
SET       4.000     80.39367
SET       5.000     83.20085
SET       6.000     85.73765
SET       7.000     87.78440
SET       8.000     89.75950
SET       9.000     91.41623
SET      10.000     92.83300
SET      11.000     93.78067
SET      12.000     94.54651
SET      13.000     95.34480
SET      14.000     95.99302
SET      15.000     96.41346
SET      16.000     96.78996
SET      17.000     97.19079
SET      18.000     97.50646
SET      19.000     97.72478
SET      20.000     97.94041
SET      21.000     98.16009
SET      22.000     98.34597
SET      23.000     98.48049
SET      24.000     98.57782
SET      25.000     98.68327
SET      26.000     98.77317
SET      27.000     98.84482
SET      28.000     98.89146
SET      29.000     98.93607
SET      30.000     98.97730
SET      31.000     99.01921
SET      32.000     99.05909
SET      33.000     99.10573
SET      34.000     99.14426
SET      35.000     99.18144
SET      36.000     99.22064
SET      37.000     99.25782
SET      38.000     99.28891
SET      39.000     99.32474
SET      40.000     99.35515
SET      41.000     99.39639
SET      42.000     99.42342
SET      43.000     99.45316
SET      44.000     99.47953
SET      45.000     99.50183
SET      46.000     99.52955
SET      47.000     99.54780
SET      48.000     99.57078
SET      49.000     99.59173
SET      50.000     99.61607
SET      51.000     99.63567
SET      52.000     99.64851
SET      53.000     99.66338
SET      54.000     99.67893
SET      55.000     99.69312
SET      56.000     99.70529
SET      57.000     99.72286
SET      58.000     99.74111
SET      59.000     99.75599
SET      60.000     99.76342
SET      61.000     99.77626
SET      62.000     99.79654
SET      63.000     99.81074
SET      64.000     99.82628
SET      65.000     99.84183
SET      66.000     99.84791
SET      67.000     99.85264
SET      68.000     99.86008
SET      69.000     99.86819
SET      70.000     99.87225
SET      71.000     99.87495
SET      72.000     99.88441
SET      73.000     99.89455
SET      74.000     99.90199
SET      75.000     99.90604
SET      76.000     99.90807
SET      77.000     99.91078
SET      78.000     99.91551
SET      79.000     99.92429
SET      80.000     99.92835
SET      81.000     99.93038
SET      82.000     99.93443
SET      83.000     99.93781
SET      84.000     99.94052
SET      85.000     99.94390
SET      86.000     99.94525
SET      87.000     99.95268
SET      88.000     99.95674
SET      89.000     99.95877
SET      90.000     99.96147
SET      91.000     99.96418
SET      92.000     99.96620
SET      93.000     99.96755
SET      94.000     99.96891
SET      95.000     99.97161
SET      97.000     99.97296
SET      98.000     99.97364
SET     100.000     99.98445
SET     110.000     99.98783
SET     120.000     99.99256
SET     130.000     99.99459
SET     140.000     99.99730
SET     150.000     99.99797
SET     160.000     99.99932
SET     180.000    100.00000
---
GET       0.120      0.00007
GET       0.140      0.00014
GET       0.150      0.00027
GET       0.160      0.00047
GET       0.170      0.00054
GET       0.180      0.00061
GET       0.190      0.00102
GET       0.200      0.00149
GET       0.210      0.00189
GET       0.220      0.00210
GET       0.230      0.00257
GET       0.240      0.00332
GET       0.250      0.00393
GET       0.260      0.00447
GET       0.270      0.00487
GET       0.280      0.00521
GET       0.290      0.00602
GET       0.300      0.00663
GET       0.310      0.00690
GET       0.320      0.00717
GET       0.330      0.00771
GET       0.340      0.00859
GET       0.350      0.00920
GET       0.360      0.01008
GET       0.370      0.01130
GET       0.380      0.01205
GET       0.390      0.01299
GET       0.400      0.01408
GET       0.410      0.01482
GET       0.420      0.01604
GET       0.430      0.01678
GET       0.440      0.01760
GET       0.450      0.01868
GET       0.460      0.01956
GET       0.470      0.02071
GET       0.480      0.02139
GET       0.490      0.02233
GET       0.500      0.02409
GET       0.510      0.02490
GET       0.520      0.02599
GET       0.530      0.02700
GET       0.540      0.02802
GET       0.550      0.02910
GET       0.560      0.03005
GET       0.570      0.03093
GET       0.580      0.03208
GET       0.590      0.03303
GET       0.600      0.03431
GET       0.610      0.03519
GET       0.620      0.03607
GET       0.630      0.03661
GET       0.640      0.03756
GET       0.650      0.03817
GET       0.660      0.03878
GET       0.670      0.03966
GET       0.680      0.04074
GET       0.690      0.04189
GET       0.700      0.04250
GET       0.710      0.04433
GET       0.720      0.04548
GET       0.730      0.04697
GET       0.740      0.04818
GET       0.750      0.04940
GET       0.760      0.05055
GET       0.770      0.05197
GET       0.780      0.05387
GET       0.790      0.05515
GET       0.800      0.05691
GET       0.810      0.05942
GET       0.820      0.06185
GET       0.830      0.06436
GET       0.840      0.06713
GET       0.850      0.06943
GET       0.860      0.07153
GET       0.870      0.07519
GET       0.880      0.07871
GET       0.890      0.08337
GET       0.900      0.08764
GET       0.910      0.09346
GET       0.920      0.09948
GET       0.930      0.10483
GET       0.940      0.11207
GET       0.950      0.12161
GET       0.960      0.13345
GET       0.970      0.14536
GET       0.980      0.16147
GET       0.990      0.17913
GET       1.000      0.37180
GET       1.100      1.97988
GET       1.200     10.03734
GET       1.300     28.35276
GET       1.400     44.27007
GET       1.500     50.51724
GET       1.600     52.99744
GET       1.700     54.21443
GET       1.800     54.91032
GET       1.900     55.38682
GET       2.000     55.82704
GET       2.100     56.31044
GET       2.200     56.99984
GET       2.300     58.13738
GET       2.400     60.13148
GET       2.500     63.52650
GET       2.600     67.71386
GET       2.700     71.14090
GET       2.800     73.26926
GET       2.900     74.47813
GET       3.000     75.19115
GET       3.100     75.65898
GET       3.200     75.99742
GET       3.300     76.28267
GET       3.400     76.56176
GET       3.500     76.81527
GET       3.600     77.06248
GET       3.700     77.31931
GET       3.800     77.58094
GET       3.900     77.83857
GET       4.000     78.10785
GET       4.100     78.37631
GET       4.200     78.62414
GET       4.300     78.86364
GET       4.400     79.10476
GET       4.500     79.33262
GET       4.600     79.57530
GET       4.700     79.83037
GET       4.800     80.11331
GET       4.900     80.42976
GET       5.000     80.76806
GET       5.100     81.10414
GET       5.200     81.42518
GET       5.300     81.72742
GET       5.400     82.00482
GET       5.500     82.26123
GET       5.600     82.50006
GET       5.700     82.73996
GET       5.800     82.96424
GET       5.900     83.20320
GET       6.000     83.43275
GET       6.100     83.67116
GET       6.200     83.89205
GET       6.300     84.11646
GET       6.400     84.36185
GET       6.500     84.63627
GET       6.600     84.95231
GET       6.700     85.26016
GET       6.800     85.54751
GET       6.900     85.79127
GET       7.000     86.02948
GET       7.100     86.23474
GET       7.200     86.41963
GET       7.300     86.60377
GET       7.400     86.78020
GET       7.500     86.97618
GET       7.600     87.17833
GET       7.700     87.38426
GET       7.800     87.57612
GET       7.900     87.77569
GET       8.000     87.99252
GET       8.100     88.20481
GET       8.200     88.41684
GET       8.300     88.62291
GET       8.400     88.81043
GET       8.500     88.98192
GET       8.600     89.16261
GET       8.700     89.33992
GET       8.800     89.52582
GET       8.900     89.72485
GET       9.000     89.91820
GET       9.100     90.10241
GET       9.200     90.28546
GET       9.300     90.47299
GET       9.400     90.65328
GET       9.500     90.82977
GET       9.600     90.99375
GET       9.700     91.14784
GET       9.800     91.29368
GET       9.900     91.42869
GET      10.000     92.18603
GET      11.000     93.34821
GET      12.000     94.15062
GET      13.000     94.95216
GET      14.000     95.59256
GET      15.000     96.15934
GET      16.000     96.57973
GET      17.000     97.02158
GET      18.000     97.36415
GET      19.000     97.63403
GET      20.000     97.83550
GET      21.000     98.05558
GET      22.000     98.26016
GET      23.000     98.41161
GET      24.000     98.52977
GET      25.000     98.62316
GET      26.000     98.72603
GET      27.000     98.80379
GET      28.000     98.85921
GET      29.000     98.91179
GET      30.000     98.96059
GET      31.000     99.00613
GET      32.000     99.04856
GET      33.000     99.09573
GET      34.000     99.14040
GET      35.000     99.17721
GET      36.000     99.21965
GET      37.000     99.25808
GET      38.000     99.29740
GET      39.000     99.33178
GET      40.000     99.36224
GET      41.000     99.39370
GET      42.000     99.42375
GET      43.000     99.45157
GET      44.000     99.47884
GET      45.000     99.50117
GET      46.000     99.52438
GET      47.000     99.54523
GET      48.000     99.56763
GET      49.000     99.58820
GET      50.000     99.60864
GET      51.000     99.63165
GET      52.000     99.64843
GET      53.000     99.66352
GET      54.000     99.68064
GET      55.000     99.69844
GET      56.000     99.71299
GET      57.000     99.72687
GET      58.000     99.74074
GET      59.000     99.75373
GET      60.000     99.76876
GET      61.000     99.78351
GET      62.000     99.79738
GET      63.000     99.80828
GET      64.000     99.81931
GET      65.000     99.82905
GET      66.000     99.83887
GET      67.000     99.84678
GET      68.000     99.85315
GET      69.000     99.85910
GET      70.000     99.86567
GET      71.000     99.87047
GET      72.000     99.87819
GET      73.000     99.88482
GET      74.000     99.89206
GET      75.000     99.89835
GET      76.000     99.90370
GET      77.000     99.90681
GET      78.000     99.91351
GET      79.000     99.91859
GET      80.000     99.92190
GET      81.000     99.92705
GET      82.000     99.92955
GET      83.000     99.93246
GET      84.000     99.93537
GET      85.000     99.93963
GET      86.000     99.94248
GET      87.000     99.94437
GET      88.000     99.94674
GET      89.000     99.95100
GET      90.000     99.95209
GET      91.000     99.95432
GET      92.000     99.95689
GET      93.000     99.95791
GET      94.000     99.95946
GET      95.000     99.96122
GET      96.000     99.96325
GET      97.000     99.96413
GET      98.000     99.96562
GET      99.000     99.96684
GET     100.000     99.97658
GET     110.000     99.98288
GET     120.000     99.99093
GET     130.000     99.99398
GET     140.000     99.99668
GET     150.000     99.99817
GET     160.000     99.99946
GET     170.000     99.99986
GET     190.000     99.99993
GET     230.000    100.00000
