[RUN #1] Preparing benchmark client...
[RUN #1] Launching threads now...
[RUN #1 5%,   0 secs]  8 threads:       49182 ops,       0 (avg:       0) ops/sec, 0.00KB/sec (avg: 0.00KB/sec),  0.00 (avg:  0.00) msec latency[RUN #1 10%,   1 secs]  8 threads:      129066 ops,   79871 (avg:   64548) ops/sec, 3.01MB/sec (avg: 2.44MB/sec),  4.02 (avg:  4.94) msec latency[RUN #1 15%,   2 secs]  8 threads:      210255 ops,   81175 (avg:   70092) ops/sec, 3.06MB/sec (avg: 2.65MB/sec),  3.94 (avg:  4.55) msec latency[RUN #1 20%,   3 secs]  8 threads:      290924 ops,   80651 (avg:   72732) ops/sec, 3.04MB/sec (avg: 2.74MB/sec),  3.97 (avg:  4.39) msec latency[RUN #1 25%,   5 secs]  8 threads:      371682 ops,   80743 (avg:   74335) ops/sec, 3.05MB/sec (avg: 2.80MB/sec),  3.95 (avg:  4.29) msec latency[RUN #1 30%,   6 secs]  8 threads:      453199 ops,   81497 (avg:   75529) ops/sec, 3.07MB/sec (avg: 2.85MB/sec),  3.92 (avg:  4.23) msec latency[RUN #1 35%,   7 secs]  8 threads:      535443 ops,   82230 (avg:   76486) ops/sec, 3.10MB/sec (avg: 2.89MB/sec),  3.91 (avg:  4.18) msec latency[RUN #1 40%,   8 secs]  8 threads:      616874 ops,   81419 (avg:   77103) ops/sec, 3.07MB/sec (avg: 2.91MB/sec),  3.92 (avg:  4.14) msec latency[RUN #1 45%,   9 secs]  8 threads:      698238 ops,   81352 (avg:   77575) ops/sec, 3.07MB/sec (avg: 2.93MB/sec),  3.93 (avg:  4.12) msec latency[RUN #1 50%,  10 secs]  8 threads:      780704 ops,   82454 (avg:   78063) ops/sec, 3.11MB/sec (avg: 2.94MB/sec),  3.88 (avg:  4.09) msec latency[RUN #1 55%,  11 secs]  8 threads:      863511 ops,   82795 (avg:   78493) ops/sec, 3.12MB/sec (avg: 2.96MB/sec),  3.86 (avg:  4.07) msec latency[RUN #1 60%,  12 secs]  8 threads:      945960 ops,   82435 (avg:   78822) ops/sec, 3.11MB/sec (avg: 2.97MB/sec),  3.88 (avg:  4.05) msec latency[RUN #1 65%,  13 secs]  8 threads:     1027894 ops,   81922 (avg:   79060) ops/sec, 3.09MB/sec (avg: 2.98MB/sec),  3.89 (avg:  4.04) msec latency[RUN #1 70%,  14 secs]  8 threads:     1109611 ops,   81703 (avg:   79249) ops/sec, 3.08MB/sec (avg: 2.99MB/sec),  3.93 (avg:  4.03) msec latency[RUN #1 75%,  15 secs]  8 threads:     1192627 ops,   83003 (avg:   79499) ops/sec, 3.13MB/sec (avg: 3.00MB/sec),  3.85 (avg:  4.02) msec latency[RUN #1 80%,  16 secs]  8 threads:     1275561 ops,   82919 (avg:   79713) ops/sec, 3.13MB/sec (avg: 3.01MB/sec),  3.86 (avg:  4.01) msec latency[RUN #1 85%,  17 secs]  8 threads:     1358805 ops,   83230 (avg:   79920) ops/sec, 3.14MB/sec (avg: 3.01MB/sec),  3.84 (avg:  4.00) msec latency[RUN #1 90%,  18 secs]  8 threads:     1440563 ops,   81745 (avg:   80021) ops/sec, 3.08MB/sec (avg: 3.02MB/sec),  3.91 (avg:  3.99) msec latency[RUN #1 95%,  19 secs]  8 threads:     1523221 ops,   82646 (avg:   80159) ops/sec, 3.12MB/sec (avg: 3.02MB/sec),  3.87 (avg:  3.99) msec latency[RUN #1 100%,  20 secs]  8 threads:     1612227 ops,   82646 (avg:   80605) ops/sec, 3.12MB/sec (avg: 3.04MB/sec),  3.87 (avg:  3.97) msec latency[RUN #1 100%,  20 secs]  0 threads:     1612388 ops,   82646 (avg:   80607) ops/sec, 3.12MB/sec (avg: 3.04MB/sec),  3.87 (avg:  3.97) msec latency

8         Threads
40        Connections per thread
20        Seconds
Type        Ops/sec     Hits/sec   Misses/sec      Latency       KB/sec
------------------------------------------------------------------------
Sets        7335.75          ---          ---      4.43300       543.77
Gets       73275.41      2523.19     70752.22      3.91900      2569.47
Totals     80611.16      2523.19     70752.22      3.96600      3113.24


Request Latency Distribution
Type     <= msec         Percent
------------------------------------------------------------------------
SET       1.000     56.10168
SET       2.000     75.31929
SET       3.000     78.18101
SET       4.000     80.56635
SET       5.000     83.15273
SET       6.000     85.71867
SET       7.000     87.70463
SET       8.000     89.62448
SET       9.000     91.32352
SET      10.000     92.70429
SET      11.000     93.60935
SET      12.000     94.32359
SET      13.000     95.13460
SET      14.000     95.76501
SET      15.000     96.20119
SET      16.000     96.60328
SET      17.000     97.02856
SET      18.000     97.34410
SET      19.000     97.58332
SET      20.000     97.79050
SET      21.000     97.99836
SET      22.000     98.18783
SET      23.000     98.31187
SET      24.000     98.43181
SET      25.000     98.54495
SET      26.000     98.63150
SET      27.000     98.69079
SET      28.000     98.75758
SET      29.000     98.79643
SET      30.000     98.83732
SET      31.000     98.88571
SET      32.000     98.92387
SET      33.000     98.96272
SET      34.000     98.99952
SET      35.000     99.03496
SET      36.000     99.07176
SET      37.000     99.11402
SET      38.000     99.14741
SET      39.000     99.18013
SET      40.000     99.21488
SET      41.000     99.24896
SET      42.000     99.28781
SET      43.000     99.31507
SET      44.000     99.34165
SET      45.000     99.36755
SET      46.000     99.39208
SET      47.000     99.40571
SET      48.000     99.42070
SET      49.000     99.43774
SET      50.000     99.46091
SET      51.000     99.48477
SET      52.000     99.49772
SET      53.000     99.51884
SET      54.000     99.53520
SET      55.000     99.54951
SET      56.000     99.56178
SET      57.000     99.57200
SET      58.000     99.58563
SET      59.000     99.60267
SET      60.000     99.61903
SET      61.000     99.63470
SET      62.000     99.64697
SET      63.000     99.66196
SET      64.000     99.66878
SET      65.000     99.67559
SET      66.000     99.68991
SET      67.000     99.69740
SET      68.000     99.70490
SET      69.000     99.71512
SET      70.000     99.72535
SET      71.000     99.73148
SET      72.000     99.73489
SET      73.000     99.74307
SET      74.000     99.75397
SET      75.000     99.75806
SET      76.000     99.76351
SET      77.000     99.77373
SET      78.000     99.77919
SET      79.000     99.78191
SET      80.000     99.78873
SET      81.000     99.79350
SET      82.000     99.79895
SET      83.000     99.80168
SET      84.000     99.80508
SET      85.000     99.80645
SET      86.000     99.80917
SET      87.000     99.81054
SET      88.000     99.81531
SET      89.000     99.81599
SET      90.000     99.81667
SET      92.000     99.81871
SET      93.000     99.82212
SET      94.000     99.82349
SET      95.000     99.82553
SET      96.000     99.82826
SET      97.000     99.83098
SET      98.000     99.83507
SET      99.000     99.83575
SET     100.000     99.84734
SET     110.000     99.85143
SET     120.000     99.85552
SET     130.000     99.86097
SET     140.000     99.86370
SET     150.000     99.87256
SET     160.000     99.88210
SET     170.000     99.88823
SET     180.000     99.89027
SET     190.000     99.89096
SET     240.000     99.89368
SET     250.000     99.90322
SET     260.000     99.90731
SET     270.000     99.91345
SET     280.000     99.91549
SET     290.000     99.91754
SET     300.000     99.91822
SET     320.000     99.91890
SET     330.000     99.92094
SET     360.000     99.92299
SET     370.000     99.92571
SET     380.000     99.93117
SET     390.000     99.93662
SET     400.000     99.94139
SET     410.000     99.94548
SET     450.000     99.94616
SET     460.000     99.94752
SET     470.000     99.94820
SET     480.000     99.95297
SET     490.000     99.96183
SET     500.000     99.96661
SET     510.000     99.96933
SET     520.000     99.97274
SET     530.000     99.97683
SET     540.000     99.97819
SET     550.000     99.98024
SET     560.000     99.98432
SET     570.000     99.98910
SET     580.000     99.99318
SET     590.000     99.99591
SET     600.000     99.99727
SET     620.000     99.99796
SET     630.000     99.99932
SET     640.000    100.00000
---
GET       0.170      0.00007
GET       0.190      0.00020
GET       0.240      0.00027
GET       0.250      0.00048
GET       0.260      0.00061
GET       0.280      0.00089
GET       0.290      0.00123
GET       0.300      0.00130
GET       0.310      0.00164
GET       0.320      0.00198
GET       0.330      0.00314
GET       0.340      0.00416
GET       0.350      0.00539
GET       0.360      0.00614
GET       0.370      0.00710
GET       0.380      0.00867
GET       0.390      0.01071
GET       0.400      0.01365
GET       0.410      0.01624
GET       0.420      0.01883
GET       0.430      0.02170
GET       0.440      0.02586
GET       0.450      0.02934
GET       0.460      0.03227
GET       0.470      0.03514
GET       0.480      0.03794
GET       0.490      0.04210
GET       0.500      0.04489
GET       0.510      0.04817
GET       0.520      0.05124
GET       0.530      0.05404
GET       0.540      0.05663
GET       0.550      0.05943
GET       0.560      0.06127
GET       0.570      0.06386
GET       0.580      0.06659
GET       0.590      0.07007
GET       0.600      0.07266
GET       0.610      0.07553
GET       0.620      0.07826
GET       0.630      0.08358
GET       0.640      0.08979
GET       0.650      0.09511
GET       0.660      0.10071
GET       0.670      0.10637
GET       0.680      0.11408
GET       0.690      0.12063
GET       0.700      0.12629
GET       0.710      0.13195
GET       0.720      0.13809
GET       0.730      0.14526
GET       0.740      0.15256
GET       0.750      0.15938
GET       0.760      0.16559
GET       0.770      0.17078
GET       0.780      0.17726
GET       0.790      0.18394
GET       0.800      0.19309
GET       0.810      0.20346
GET       0.820      0.21506
GET       0.830      0.22857
GET       0.840      0.24344
GET       0.850      0.26091
GET       0.860      0.27755
GET       0.870      0.29284
GET       0.880      0.31344
GET       0.890      0.33685
GET       0.900      0.36018
GET       0.910      0.38208
GET       0.920      0.40698
GET       0.930      0.43155
GET       0.940      0.45816
GET       0.950      0.48395
GET       0.960      0.50646
GET       0.970      0.53021
GET       0.980      0.55627
GET       0.990      0.58049
GET       1.000      0.77985
GET       1.100      2.31391
GET       1.200     10.38360
GET       1.300     28.97436
GET       1.400     45.15801
GET       1.500     51.44447
GET       1.600     53.81405
GET       1.700     54.97026
GET       1.800     55.67022
GET       1.900     56.15048
GET       2.000     56.54825
GET       2.100     57.00361
GET       2.200     57.65758
GET       2.300     58.72782
GET       2.400     60.65269
GET       2.500     64.03363
GET       2.600     68.33422
GET       2.700     71.83565
GET       2.800     74.00690
GET       2.900     75.18016
GET       3.000     75.86681
GET       3.100     76.33677
GET       3.200     76.65663
GET       3.300     76.93200
GET       3.400     77.18417
GET       3.500     77.42195
GET       3.600     77.64820
GET       3.700     77.87669
GET       3.800     78.11106
GET       3.900     78.33983
GET       4.000     78.57945
GET       4.100     78.81593
GET       4.200     79.04115
GET       4.300     79.24707
GET       4.400     79.46240
GET       4.500     79.67636
GET       4.600     79.90432
GET       4.700     80.14748
GET       4.800     80.40477
GET       4.900     80.69904
GET       5.000     80.99052
GET       5.100     81.29802
GET       5.200     81.59803
GET       5.300     81.87142
GET       5.400     82.12714
GET       5.500     82.36485
GET       5.600     82.59485
GET       5.700     82.82764
GET       5.800     83.04666
GET       5.900     83.27202
GET       6.000     83.48530
GET       6.100     83.70943
GET       6.200     83.90730
GET       6.300     84.12392
GET       6.400     84.35788
GET       6.500     84.61033
GET       6.600     84.91080
GET       6.700     85.21920
GET       6.800     85.49293
GET       6.900     85.74060
GET       7.000     85.97360
GET       7.100     86.16444
GET       7.200     86.34374
GET       7.300     86.52626
GET       7.400     86.71027
GET       7.500     86.89728
GET       7.600     87.10586
GET       7.700     87.30768
GET       7.800     87.50090
GET       7.900     87.70545
GET       8.000     87.92836
GET       8.100     88.14539
GET       8.200     88.34407
GET       8.300     88.54576
GET       8.400     88.73066
GET       8.500     88.90000
GET       8.600     89.07330
GET       8.700     89.24067
GET       8.800     89.42509
GET       8.900     89.62834
GET       9.000     89.82880
GET       9.100     90.02277
GET       9.200     90.20774
GET       9.300     90.39510
GET       9.400     90.57761
GET       9.500     90.74893
GET       9.600     90.91350
GET       9.700     91.06565
GET       9.800     91.21848
GET       9.900     91.34982
GET      10.000     92.11296
GET      11.000     93.28486
GET      12.000     94.07795
GET      13.000     94.89485
GET      14.000     95.52740
GET      15.000     96.09909
GET      16.000     96.53084
GET      17.000     96.98722
GET      18.000     97.32939
GET      19.000     97.60851
GET      20.000     97.81190
GET      21.000     98.02839
GET      22.000     98.24638
GET      23.000     98.39301
GET      24.000     98.51145
GET      25.000     98.60957
GET      26.000     98.71068
GET      27.000     98.78819
GET      28.000     98.84175
GET      29.000     98.89340
GET      30.000     98.94682
GET      31.000     98.99404
GET      32.000     99.03641
GET      33.000     99.07966
GET      34.000     99.12231
GET      35.000     99.15724
GET      36.000     99.19886
GET      37.000     99.23543
GET      38.000     99.26941
GET      39.000     99.30700
GET      40.000     99.34282
GET      41.000     99.37516
GET      42.000     99.40648
GET      43.000     99.43793
GET      44.000     99.46515
GET      45.000     99.49163
GET      46.000     99.51619
GET      47.000     99.53925
GET      48.000     99.55979
GET      49.000     99.58224
GET      50.000     99.60407
GET      51.000     99.62467
GET      52.000     99.64480
GET      53.000     99.66172
GET      54.000     99.67646
GET      55.000     99.69297
GET      56.000     99.70825
GET      57.000     99.72415
GET      58.000     99.73800
GET      59.000     99.75076
GET      60.000     99.76563
GET      61.000     99.77839
GET      62.000     99.79252
GET      63.000     99.80452
GET      64.000     99.81292
GET      65.000     99.82295
GET      66.000     99.83448
GET      67.000     99.84219
GET      68.000     99.84894
GET      69.000     99.85522
GET      70.000     99.86286
GET      71.000     99.86941
GET      72.000     99.87726
GET      73.000     99.88258
GET      74.000     99.88933
GET      75.000     99.89384
GET      76.000     99.89909
GET      77.000     99.90318
GET      78.000     99.90932
GET      79.000     99.91601
GET      80.000     99.92065
GET      81.000     99.92611
GET      82.000     99.92911
GET      83.000     99.93211
GET      84.000     99.93430
GET      85.000     99.93743
GET      86.000     99.94030
GET      87.000     99.94269
GET      88.000     99.94555
GET      89.000     99.95019
GET      90.000     99.95231
GET      91.000     99.95401
GET      92.000     99.95715
GET      93.000     99.95920
GET      94.000     99.96084
GET      95.000     99.96275
GET      96.000     99.96418
GET      97.000     99.96589
GET      98.000     99.96739
GET      99.000     99.96930
GET     100.000     99.97871
GET     110.000     99.98608
GET     120.000     99.99215
GET     130.000     99.99659
GET     140.000     99.99802
GET     150.000     99.99898
GET     160.000     99.99966
GET     170.000     99.99980
GET     190.000     99.99986
GET     210.000    100.00000
