/afs/inf.ed.ac.uk/user/s11/s1115104/_programming/memcached-vs-redis/scripts/venv/lib/python2.6/site-packages/Crypto/Util/number.py:57: PowmInsecureWarning: Not using mpz_powm_sec.  You should rebuild using libgmp >= 5 to avoid timing attack vulnerability.
  _warn("Not using mpz_powm_sec.  You should rebuild using libgmp >= 5 to avoid timing attack vulnerability.", PowmInsecureWarning)
/afs/inf.ed.ac.uk/user/s11/s1115104/_programming/memcached-vs-redis/scripts/venv/lib/python2.6/site-packages/Crypto/Util/number.py:57: PowmInsecureWarning: Not using mpz_powm_sec.  You should rebuild using libgmp >= 5 to avoid timing attack vulnerability.
  _warn("Not using mpz_powm_sec.  You should rebuild using libgmp >= 5 to avoid timing attack vulnerability.", PowmInsecureWarning)
[Server] Running command 'mpstat 1 23'
[Clients] Running command '~/memtier_fork/memtier_benchmark -s nsl200 -p 11123 --test-time=20 -c 20 -t 8 --random-data --key-minimum=100 --key-maximum=10000'
[Clients] Waiting for results to finish...
[Clients] Results completed.
[Main] Writing results to files.
[Main] Wrote results for nsl201
[Main] Wrote results for nsl203
[Main] Wrote results for nsl202
[Main] Wrote results for nsl205
[Main] Wrote results for nsl204
[Main] Wrote results for nsl207
[Main] Wrote results for nsl206
[Main] CPU Average: 31.71
[Server] Running command 'mpstat 1 23'
[Clients] Running command '~/memtier_fork/memtier_benchmark -s nsl200 -p 11124 --test-time=20 -c 20 -t 8 --random-data --key-minimum=100 --key-maximum=10000'
[Clients] Waiting for results to finish...
[Clients] Results completed.
[Main] Writing results to files.
[Main] Wrote results for nsl201
[Main] Wrote results for nsl203
[Main] Wrote results for nsl202
[Main] Wrote results for nsl205
[Main] Wrote results for nsl204
[Main] Wrote results for nsl207
[Main] Wrote results for nsl206
[Main] CPU Average: 30.9
/afs/inf.ed.ac.uk/user/s11/s1115104/_programming/memcached-vs-redis/scripts/venv/lib/python2.6/site-packages/Crypto/Util/number.py:57: PowmInsecureWarning: Not using mpz_powm_sec.  You should rebuild using libgmp >= 5 to avoid timing attack vulnerability.
  _warn("Not using mpz_powm_sec.  You should rebuild using libgmp >= 5 to avoid timing attack vulnerability.", PowmInsecureWarning)
/afs/inf.ed.ac.uk/user/s11/s1115104/_programming/memcached-vs-redis/scripts/venv/lib/python2.6/site-packages/Crypto/Util/number.py:57: PowmInsecureWarning: Not using mpz_powm_sec.  You should rebuild using libgmp >= 5 to avoid timing attack vulnerability.
  _warn("Not using mpz_powm_sec.  You should rebuild using libgmp >= 5 to avoid timing attack vulnerability.", PowmInsecureWarning)
/afs/inf.ed.ac.uk/user/s11/s1115104/_programming/memcached-vs-redis/scripts/venv/lib/python2.6/site-packages/Crypto/Util/number.py:57: PowmInsecureWarning: Not using mpz_powm_sec.  You should rebuild using libgmp >= 5 to avoid timing attack vulnerability.
  _warn("Not using mpz_powm_sec.  You should rebuild using libgmp >= 5 to avoid timing attack vulnerability.", PowmInsecureWarning)
[Server] Running command 'mpstat 1 23'
[Clients] Running command '~/memtier_fork/memtier_benchmark -s nsl200 -p 11124 --test-time=20 -c 14 -t 8 --random-data --key-minimum=100 --key-maximum=10000'
[Clients] Waiting for results to finish...
[Clients] Results completed.
[Main] Writing results to files.
[Main] Wrote results for nsl201
[Main] Wrote results for nsl203
[Main] Wrote results for nsl202
[Main] Wrote results for nsl205
[Main] Wrote results for nsl204
[Main] Wrote results for nsl207
[Main] Wrote results for nsl206
[Main] CPU Average: 44.99
[Server] Running command 'mpstat 1 23'
[Clients] Running command '~/memtier_fork/memtier_benchmark -s nsl200 -p 11125 --test-time=20 -c 14 -t 8 --random-data --key-minimum=100 --key-maximum=10000'
[Clients] Waiting for results to finish...
[Clients] Results completed.
[Main] Writing results to files.
[Main] Wrote results for nsl201
[Main] Wrote results for nsl203
[Main] Wrote results for nsl202
[Main] Wrote results for nsl205
[Main] Wrote results for nsl204
[Main] Wrote results for nsl207
[Main] Wrote results for nsl206
[Main] CPU Average: 45.0
[Server] Running command 'mpstat 1 23'
[Clients] Running command '~/memtier_fork/memtier_benchmark -s nsl200 -p 11123 --test-time=20 -c 14 -t 8 --random-data --key-minimum=100 --key-maximum=10000'
[Clients] Waiting for results to finish...
[Clients] Results completed.
[Main] Writing results to files.
[Main] Wrote results for nsl201
[Main] Wrote results for nsl203
[Main] Wrote results for nsl202
[Main] Wrote results for nsl205
[Main] Wrote results for nsl204
[Main] Wrote results for nsl207
[Main] Wrote results for nsl206
[Main] CPU Average: 44.99
