[RUN #1] Preparing benchmark client...
[RUN #1] Launching threads now...
[RUN #1 4%,   0 secs]  8 threads:       69385 ops,       0 (avg:       0) ops/sec, 0.00KB/sec (avg: 0.00KB/sec),  0.00 (avg:  0.00) msec latency[RUN #1 9%,   1 secs]  8 threads:      146627 ops,   77230 (avg:   77763) ops/sec, 2.91MB/sec (avg: 2.94MB/sec),  4.20 (avg:  4.07) msec latency[RUN #1 14%,   2 secs]  8 threads:      227545 ops,   80906 (avg:   78852) ops/sec, 3.05MB/sec (avg: 2.98MB/sec),  3.96 (avg:  4.03) msec latency[RUN #1 19%,   3 secs]  8 threads:      306501 ops,   78945 (avg:   78876) ops/sec, 2.98MB/sec (avg: 2.98MB/sec),  4.03 (avg:  4.03) msec latency[RUN #1 24%,   4 secs]  8 threads:      385826 ops,   79313 (avg:   78966) ops/sec, 2.99MB/sec (avg: 2.98MB/sec),  4.08 (avg:  4.04) msec latency[RUN #1 29%,   5 secs]  8 threads:      465964 ops,   80127 (avg:   79163) ops/sec, 3.02MB/sec (avg: 2.99MB/sec),  3.98 (avg:  4.03) msec latency[RUN #1 34%,   6 secs]  8 threads:      546456 ops,   80481 (avg:   79354) ops/sec, 3.04MB/sec (avg: 2.99MB/sec),  3.98 (avg:  4.02) msec latency[RUN #1 39%,   7 secs]  8 threads:      626988 ops,   80520 (avg:   79502) ops/sec, 3.04MB/sec (avg: 3.00MB/sec),  3.95 (avg:  4.01) msec latency[RUN #1 44%,   8 secs]  8 threads:      707703 ops,   80703 (avg:   79637) ops/sec, 3.04MB/sec (avg: 3.00MB/sec),  3.97 (avg:  4.01) msec latency[RUN #1 49%,   9 secs]  8 threads:      788040 ops,   80325 (avg:   79707) ops/sec, 3.03MB/sec (avg: 3.01MB/sec),  3.95 (avg:  4.00) msec latency[RUN #1 54%,  10 secs]  8 threads:      869059 ops,   81007 (avg:   79826) ops/sec, 3.05MB/sec (avg: 3.01MB/sec),  4.00 (avg:  4.00) msec latency[RUN #1 59%,  11 secs]  8 threads:      950408 ops,   81337 (avg:   79953) ops/sec, 3.07MB/sec (avg: 3.02MB/sec),  3.88 (avg:  3.99) msec latency[RUN #1 64%,  12 secs]  8 threads:     1029167 ops,   78747 (avg:   79860) ops/sec, 2.97MB/sec (avg: 3.01MB/sec),  4.09 (avg:  4.00) msec latency[RUN #1 69%,  13 secs]  8 threads:     1110630 ops,   81445 (avg:   79974) ops/sec, 3.07MB/sec (avg: 3.02MB/sec),  3.91 (avg:  3.99) msec latency[RUN #1 74%,  14 secs]  8 threads:     1191581 ops,   80935 (avg:   80039) ops/sec, 3.05MB/sec (avg: 3.02MB/sec),  3.93 (avg:  3.99) msec latency[RUN #1 79%,  15 secs]  8 threads:     1271026 ops,   79433 (avg:   80001) ops/sec, 3.00MB/sec (avg: 3.02MB/sec),  4.06 (avg:  3.99) msec latency[RUN #1 84%,  16 secs]  8 threads:     1351557 ops,   80519 (avg:   80031) ops/sec, 3.04MB/sec (avg: 3.02MB/sec),  3.97 (avg:  3.99) msec latency[RUN #1 89%,  17 secs]  8 threads:     1431841 ops,   80271 (avg:   80045) ops/sec, 3.03MB/sec (avg: 3.02MB/sec),  3.98 (avg:  3.99) msec latency[RUN #1 94%,  18 secs]  8 threads:     1511929 ops,   80074 (avg:   80046) ops/sec, 3.02MB/sec (avg: 3.02MB/sec),  3.97 (avg:  3.99) msec latency[RUN #1 99%,  19 secs]  8 threads:     1599197 ops,   80074 (avg:   80412) ops/sec, 3.02MB/sec (avg: 3.03MB/sec),  3.97 (avg:  3.97) msec latency[RUN #1 100%,  20 secs]  0 threads:     1655500 ops,   80074 (avg:   82734) ops/sec, 3.02MB/sec (avg: 3.12MB/sec),  3.97 (avg:  3.86) msec latency

8         Threads
40        Connections per thread
20        Seconds
Type        Ops/sec     Hits/sec   Misses/sec      Latency       KB/sec
------------------------------------------------------------------------
Sets        7528.57          ---          ---      4.41600       558.06
Gets       75203.20      3294.38     71908.82      3.80800      2637.06
Totals     82731.76      3294.38     71908.82      3.86300      3195.12


Request Latency Distribution
Type     <= msec         Percent
------------------------------------------------------------------------
SET       1.000     76.49054
SET       2.000     79.21673
SET       3.000     80.83040
SET       4.000     82.05642
SET       5.000     83.29572
SET       6.000     84.26021
SET       7.000     84.93130
SET       8.000     85.58712
SET       9.000     86.32061
SET      10.000     86.91537
SET      11.000     87.49419
SET      12.000     88.03651
SET      13.000     88.60803
SET      14.000     89.15964
SET      15.000     89.56588
SET      16.000     89.98805
SET      17.000     90.41089
SET      18.000     90.79588
SET      19.000     91.10919
SET      20.000     91.52340
SET      21.000     91.87786
SET      22.000     92.27282
SET      23.000     92.54829
SET      24.000     92.84301
SET      25.000     93.19217
SET      26.000     93.46963
SET      27.000     93.79489
SET      28.000     94.08563
SET      29.000     94.38301
SET      30.000     94.63259
SET      31.000     94.85032
SET      32.000     95.06074
SET      33.000     95.27116
SET      34.000     95.49154
SET      35.000     95.67607
SET      36.000     95.88251
SET      37.000     96.07700
SET      38.000     96.24693
SET      39.000     96.40358
SET      40.000     96.58015
SET      41.000     96.72486
SET      42.000     96.90674
SET      43.000     97.05742
SET      44.000     97.17159
SET      45.000     97.31563
SET      46.000     97.42250
SET      47.000     97.53601
SET      48.000     97.62629
SET      49.000     97.71192
SET      50.000     97.79887
SET      51.000     97.89114
SET      52.000     97.98075
SET      53.000     98.06903
SET      54.000     98.12413
SET      55.000     98.17723
SET      56.000     98.24295
SET      57.000     98.31796
SET      58.000     98.38699
SET      59.000     98.43213
SET      60.000     98.54895
SET      61.000     98.64720
SET      62.000     98.70163
SET      63.000     98.78194
SET      64.000     98.83239
SET      65.000     98.88682
SET      66.000     98.93329
SET      67.000     98.98175
SET      68.000     99.02688
SET      69.000     99.06406
SET      70.000     99.09791
SET      71.000     99.12778
SET      72.000     99.17358
SET      73.000     99.21075
SET      74.000     99.24129
SET      75.000     99.26319
SET      76.000     99.28908
SET      77.000     99.31165
SET      78.000     99.33886
SET      79.000     99.35944
SET      80.000     99.37338
SET      81.000     99.40724
SET      82.000     99.43511
SET      83.000     99.45105
SET      84.000     99.45901
SET      85.000     99.47693
SET      86.000     99.49286
SET      87.000     99.50813
SET      88.000     99.52406
SET      89.000     99.53336
SET      90.000     99.54066
SET      91.000     99.54796
SET      92.000     99.55924
SET      93.000     99.56588
SET      94.000     99.57849
SET      95.000     99.59509
SET      96.000     99.60504
SET      97.000     99.62828
SET      98.000     99.63492
SET      99.000     99.63956
SET     100.000     99.67076
SET     110.000     99.71258
SET     120.000     99.75838
SET     130.000     99.79024
SET     140.000     99.81414
SET     150.000     99.83140
SET     160.000     99.87056
SET     170.000     99.88384
SET     180.000     99.89114
SET     190.000     99.89247
SET     200.000     99.89379
SET     210.000     99.90972
SET     220.000     99.91437
SET     230.000     99.91570
SET     240.000     99.95685
SET     250.000     99.97013
SET     260.000     99.98274
SET     270.000     99.99137
SET     280.000     99.99203
SET     290.000    100.00000
---
GET       0.063      0.00007
GET       0.066      0.00013
GET       0.067      0.00033
GET       0.068      0.00047
GET       0.069      0.00053
GET       0.070      0.00060
GET       0.071      0.00093
GET       0.072      0.00100
GET       0.073      0.00126
GET       0.074      0.00146
GET       0.075      0.00206
GET       0.076      0.00272
GET       0.077      0.00332
GET       0.078      0.00419
GET       0.079      0.00565
GET       0.080      0.00631
GET       0.081      0.00804
GET       0.082      0.01037
GET       0.083      0.01276
GET       0.084      0.01661
GET       0.085      0.02160
GET       0.086      0.02804
GET       0.087      0.03489
GET       0.088      0.04359
GET       0.089      0.05369
GET       0.090      0.06791
GET       0.091      0.08306
GET       0.092      0.10180
GET       0.093      0.12892
GET       0.094      0.15576
GET       0.095      0.18513
GET       0.096      0.21683
GET       0.097      0.25358
GET       0.098      0.29139
GET       0.099      0.32867
GET       0.100      0.53985
GET       0.110      0.98947
GET       0.120      1.51264
GET       0.130      2.41645
GET       0.140      4.68047
GET       0.150      7.14623
GET       0.160      8.62438
GET       0.170      9.65990
GET       0.180     10.74439
GET       0.190     12.47659
GET       0.200     14.13822
GET       0.210     15.38446
GET       0.220     16.59421
GET       0.230     18.28455
GET       0.240     21.30604
GET       0.250     24.61953
GET       0.260     27.71366
GET       0.270     30.91903
GET       0.280     35.00728
GET       0.290     40.79669
GET       0.300     45.97302
GET       0.310     49.90876
GET       0.320     53.17773
GET       0.330     56.25949
GET       0.340     59.36970
GET       0.350     61.72874
GET       0.360     63.46141
GET       0.370     64.80533
GET       0.380     66.02505
GET       0.390     67.19015
GET       0.400     68.14048
GET       0.410     68.90049
GET       0.420     69.55617
GET       0.430     70.16653
GET       0.440     70.75808
GET       0.450     71.26644
GET       0.460     71.69538
GET       0.470     72.08094
GET       0.480     72.45114
GET       0.490     72.80526
GET       0.500     73.13779
GET       0.510     73.44666
GET       0.520     73.75579
GET       0.530     74.06652
GET       0.540     74.38768
GET       0.550     74.69960
GET       0.560     75.00508
GET       0.570     75.29123
GET       0.580     75.58308
GET       0.590     75.86464
GET       0.600     76.12274
GET       0.610     76.35937
GET       0.620     76.57926
GET       0.630     76.81237
GET       0.640     77.05127
GET       0.650     77.27109
GET       0.660     77.48360
GET       0.670     77.68960
GET       0.680     77.90298
GET       0.690     78.12167
GET       0.700     78.33545
GET       0.710     78.54145
GET       0.720     78.74200
GET       0.730     78.94408
GET       0.740     79.12755
GET       0.750     79.28777
GET       0.760     79.42885
GET       0.770     79.56607
GET       0.780     79.68901
GET       0.790     79.80516
GET       0.800     79.90996
GET       0.810     80.01176
GET       0.820     80.10307
GET       0.830     80.18826
GET       0.840     80.27239
GET       0.850     80.34601
GET       0.860     80.41399
GET       0.870     80.48018
GET       0.880     80.54132
GET       0.890     80.60225
GET       0.900     80.66558
GET       0.910     80.72339
GET       0.920     80.77602
GET       0.930     80.83018
GET       0.940     80.88201
GET       0.950     80.93239
GET       0.960     80.98176
GET       0.970     81.02781
GET       0.980     81.07831
GET       0.990     81.12523
GET       1.000     81.36565
GET       1.100     81.76337
GET       1.200     82.15410
GET       1.300     82.50457
GET       1.400     82.82241
GET       1.500     83.10755
GET       1.600     83.35927
GET       1.700     83.58375
GET       1.800     83.77832
GET       1.900     83.95515
GET       2.000     84.11709
GET       2.100     84.26541
GET       2.200     84.40276
GET       2.300     84.53367
GET       2.400     84.64890
GET       2.500     84.76273
GET       2.600     84.87603
GET       2.700     84.98674
GET       2.800     85.08788
GET       2.900     85.18291
GET       3.000     85.27707
GET       3.100     85.36851
GET       3.200     85.45609
GET       3.300     85.55231
GET       3.400     85.63910
GET       3.500     85.72177
GET       3.600     85.80576
GET       3.700     85.89414
GET       3.800     85.98073
GET       3.900     86.06280
GET       4.000     86.13842
GET       4.100     86.21457
GET       4.200     86.29850
GET       4.300     86.38522
GET       4.400     86.47320
GET       4.500     86.55308
GET       4.600     86.62046
GET       4.700     86.69077
GET       4.800     86.76393
GET       4.900     86.83477
GET       5.000     86.90149
GET       5.100     86.96461
GET       5.200     87.02947
GET       5.300     87.09732
GET       5.400     87.16443
GET       5.500     87.23454
GET       5.600     87.30372
GET       5.700     87.37097
GET       5.800     87.43702
GET       5.900     87.50141
GET       6.000     87.56115
GET       6.100     87.62388
GET       6.200     87.68542
GET       6.300     87.75021
GET       6.400     87.81447
GET       6.500     87.86942
GET       6.600     87.92750
GET       6.700     87.98060
GET       6.800     88.04140
GET       6.900     88.09443
GET       7.000     88.15131
GET       7.100     88.20427
GET       7.200     88.25571
GET       7.300     88.31099
GET       7.400     88.36960
GET       7.500     88.42064
GET       7.600     88.47008
GET       7.700     88.52058
GET       7.800     88.57388
GET       7.900     88.62664
GET       8.000     88.67721
GET       8.100     88.73323
GET       8.200     88.78845
GET       8.300     88.84879
GET       8.400     88.91391
GET       8.500     88.96854
GET       8.600     89.02715
GET       8.700     89.08277
GET       8.800     89.13606
GET       8.900     89.18783
GET       9.000     89.23560
GET       9.100     89.28857
GET       9.200     89.33176
GET       9.300     89.38319
GET       9.400     89.42918
GET       9.500     89.47643
GET       9.600     89.52607
GET       9.700     89.57590
GET       9.800     89.62448
GET       9.900     89.67199
GET      10.000     89.94365
GET      11.000     90.34714
GET      12.000     90.75802
GET      13.000     91.14603
GET      14.000     91.51231
GET      15.000     91.85261
GET      16.000     92.17796
GET      17.000     92.52391
GET      18.000     92.82334
GET      19.000     93.12882
GET      20.000     93.43835
GET      21.000     93.73499
GET      22.000     94.02924
GET      23.000     94.28461
GET      24.000     94.53441
GET      25.000     94.78765
GET      26.000     95.05060
GET      27.000     95.27348
GET      28.000     95.48619
GET      29.000     95.69904
GET      30.000     95.90012
GET      31.000     96.08878
GET      32.000     96.26155
GET      33.000     96.45254
GET      34.000     96.64910
GET      35.000     96.81789
GET      36.000     96.98010
GET      37.000     97.13128
GET      38.000     97.29794
GET      39.000     97.44240
GET      40.000     97.58733
GET      41.000     97.72535
GET      42.000     97.84676
GET      43.000     97.96219
GET      44.000     98.06107
GET      45.000     98.16095
GET      46.000     98.24979
GET      47.000     98.33166
GET      48.000     98.41233
GET      49.000     98.49832
GET      50.000     98.58351
GET      51.000     98.65601
GET      52.000     98.72645
GET      53.000     98.79782
GET      54.000     98.85178
GET      55.000     98.90820
GET      56.000     98.96269
GET      57.000     99.01804
GET      58.000     99.07924
GET      59.000     99.12623
GET      60.000     99.16949
GET      61.000     99.21341
GET      62.000     99.26026
GET      63.000     99.29780
GET      64.000     99.33754
GET      65.000     99.37994
GET      66.000     99.41762
GET      67.000     99.44918
GET      68.000     99.47975
GET      69.000     99.51271
GET      70.000     99.54235
GET      71.000     99.57006
GET      72.000     99.59312
GET      73.000     99.61777
GET      74.000     99.63784
GET      75.000     99.65246
GET      76.000     99.66635
GET      77.000     99.68336
GET      78.000     99.70349
GET      79.000     99.71804
GET      80.000     99.73041
GET      81.000     99.74708
GET      82.000     99.75925
GET      83.000     99.76848
GET      84.000     99.77825
GET      85.000     99.79127
GET      86.000     99.80616
GET      87.000     99.81726
GET      88.000     99.82683
GET      89.000     99.83500
GET      90.000     99.84238
GET      91.000     99.84882
GET      92.000     99.85686
GET      93.000     99.86544
GET      94.000     99.87035
GET      95.000     99.87607
GET      96.000     99.88025
GET      97.000     99.88404
GET      98.000     99.88790
GET      99.000     99.89281
GET     100.000     99.91813
GET     110.000     99.94372
GET     120.000     99.95907
GET     130.000     99.96930
GET     140.000     99.97820
GET     150.000     99.98325
GET     160.000     99.98698
GET     170.000     99.98923
GET     180.000     99.99289
GET     190.000     99.99382
GET     200.000     99.99575
GET     210.000     99.99721
GET     220.000     99.99728
GET     230.000     99.99761
GET     240.000     99.99767
GET     250.000     99.99787
GET     260.000     99.99801
GET     270.000     99.99867
GET     280.000     99.99894
GET     290.000     99.99953
GET     310.000     99.99960
GET     320.000     99.99967
GET     340.000     99.99993
GET     390.000    100.00000
