[RUN #1] Preparing benchmark client...
[RUN #1] Launching threads now...
[RUN #1 5%,   0 secs]  8 threads:       84590 ops,       0 (avg:       0) ops/sec, 0.00KB/sec (avg: 0.00KB/sec),  0.00 (avg:  0.00) msec latency[RUN #1 10%,   1 secs]  8 threads:      163790 ops,   79187 (avg:   81968) ops/sec, 2.99MB/sec (avg: 3.09MB/sec),  4.04 (avg:  3.87) msec latency[RUN #1 15%,   2 secs]  8 threads:      243237 ops,   79434 (avg:   81123) ops/sec, 3.00MB/sec (avg: 3.06MB/sec),  4.03 (avg:  3.92) msec latency[RUN #1 20%,   3 secs]  8 threads:      321401 ops,   78153 (avg:   80380) ops/sec, 2.95MB/sec (avg: 3.03MB/sec),  4.09 (avg:  3.96) msec latency[RUN #1 25%,   4 secs]  8 threads:      399833 ops,   78419 (avg:   79988) ops/sec, 2.96MB/sec (avg: 3.02MB/sec),  4.06 (avg:  3.98) msec latency[RUN #1 30%,   5 secs]  8 threads:      478471 ops,   78625 (avg:   79760) ops/sec, 2.97MB/sec (avg: 3.01MB/sec),  4.06 (avg:  3.99) msec latency[RUN #1 35%,   6 secs]  8 threads:      558406 ops,   79921 (avg:   79783) ops/sec, 3.01MB/sec (avg: 3.01MB/sec),  4.02 (avg:  4.00) msec latency[RUN #1 40%,   7 secs]  8 threads:      638504 ops,   80086 (avg:   79821) ops/sec, 3.02MB/sec (avg: 3.01MB/sec),  3.99 (avg:  4.00) msec latency[RUN #1 45%,   8 secs]  8 threads:      717669 ops,   79153 (avg:   79747) ops/sec, 2.98MB/sec (avg: 3.01MB/sec),  4.03 (avg:  4.00) msec latency[RUN #1 50%,   9 secs]  8 threads:      798093 ops,   80411 (avg:   79813) ops/sec, 3.03MB/sec (avg: 3.01MB/sec),  3.98 (avg:  4.00) msec latency[RUN #1 55%,  10 secs]  8 threads:      878972 ops,   80866 (avg:   79909) ops/sec, 3.05MB/sec (avg: 3.01MB/sec),  3.95 (avg:  3.99) msec latency[RUN #1 60%,  11 secs]  8 threads:      958903 ops,   79918 (avg:   79910) ops/sec, 3.01MB/sec (avg: 3.01MB/sec),  4.01 (avg:  4.00) msec latency[RUN #1 65%,  12 secs]  8 threads:     1037350 ops,   78434 (avg:   79796) ops/sec, 2.96MB/sec (avg: 3.01MB/sec),  4.02 (avg:  4.00) msec latency[RUN #1 70%,  14 secs]  8 threads:     1117259 ops,   79895 (avg:   79803) ops/sec, 3.01MB/sec (avg: 3.01MB/sec),  4.05 (avg:  4.00) msec latency[RUN #1 75%,  15 secs]  8 threads:     1197628 ops,   80352 (avg:   79840) ops/sec, 3.03MB/sec (avg: 3.01MB/sec),  3.97 (avg:  4.00) msec latency[RUN #1 80%,  16 secs]  8 threads:     1276695 ops,   79055 (avg:   79791) ops/sec, 2.98MB/sec (avg: 3.01MB/sec),  4.03 (avg:  4.00) msec latency[RUN #1 85%,  17 secs]  8 threads:     1356813 ops,   80106 (avg:   79809) ops/sec, 3.02MB/sec (avg: 3.01MB/sec),  4.01 (avg:  4.00) msec latency[RUN #1 90%,  18 secs]  8 threads:     1436526 ops,   79702 (avg:   79803) ops/sec, 3.01MB/sec (avg: 3.01MB/sec),  4.00 (avg:  4.00) msec latency[RUN #1 95%,  19 secs]  8 threads:     1515299 ops,   78759 (avg:   79748) ops/sec, 2.97MB/sec (avg: 3.01MB/sec),  4.01 (avg:  4.00) msec latency[RUN #1 100%,  20 secs]  8 threads:     1594498 ops,   78759 (avg:   79721) ops/sec, 2.97MB/sec (avg: 3.01MB/sec),  4.01 (avg:  4.01) msec latency[RUN #1 100%,  20 secs]  0 threads:     1594901 ops,   78759 (avg:   79617) ops/sec, 2.97MB/sec (avg: 3.00MB/sec),  4.01 (avg:  4.02) msec latency

8         Threads
40        Connections per thread
20        Seconds
Type        Ops/sec     Hits/sec   Misses/sec      Latency       KB/sec
------------------------------------------------------------------------
Sets        7256.34          ---          ---      4.48300       537.88
Gets       72476.54      3024.64     69451.90      3.96800      2541.44
Totals     79732.88      3024.64     69451.90      4.01500      3079.32


Request Latency Distribution
Type     <= msec         Percent
------------------------------------------------------------------------
SET        -nan    100.00000
---
GET       0.066      0.00007
GET       0.067      0.00021
GET       0.068      0.00048
GET       0.069      0.00055
GET       0.070      0.00083
GET       0.071      0.00097
GET       0.072      0.00110
GET       0.073      0.00131
GET       0.074      0.00172
GET       0.075      0.00193
GET       0.076      0.00255
GET       0.077      0.00386
GET       0.078      0.00490
GET       0.079      0.00600
GET       0.080      0.00779
GET       0.081      0.00924
GET       0.082      0.01131
GET       0.083      0.01345
GET       0.084      0.01697
GET       0.085      0.02138
GET       0.086      0.02738
GET       0.087      0.03463
GET       0.088      0.04359
GET       0.089      0.05332
GET       0.090      0.06594
GET       0.091      0.08257
GET       0.092      0.10367
GET       0.093      0.12381
GET       0.094      0.15216
GET       0.095      0.18389
GET       0.096      0.21507
GET       0.097      0.24763
GET       0.098      0.28163
GET       0.099      0.31826
GET       0.100      0.51836
GET       0.110      0.94430
GET       0.120      1.44225
GET       0.130      2.30164
GET       0.140      4.43890
GET       0.150      6.76033
GET       0.160      8.19147
GET       0.170      9.16226
GET       0.180     10.17995
GET       0.190     11.75767
GET       0.200     13.30048
GET       0.210     14.51945
GET       0.220     15.73014
GET       0.230     17.43664
GET       0.240     20.50033
GET       0.250     23.90209
GET       0.260     27.13257
GET       0.270     30.55978
GET       0.280     34.87238
GET       0.290     40.91348
GET       0.300     46.38704
GET       0.310     50.65949
GET       0.320     54.16313
GET       0.330     57.41761
GET       0.340     60.65568
GET       0.350     63.12900
GET       0.360     64.90896
GET       0.370     66.29748
GET       0.380     67.52286
GET       0.390     68.67354
GET       0.400     69.62501
GET       0.410     70.36721
GET       0.420     71.00152
GET       0.430     71.56859
GET       0.440     72.11427
GET       0.450     72.57324
GET       0.460     72.93185
GET       0.470     73.24398
GET       0.480     73.52423
GET       0.490     73.78910
GET       0.500     74.02052
GET       0.510     74.21780
GET       0.520     74.41059
GET       0.530     74.59759
GET       0.540     74.79148
GET       0.550     74.97406
GET       0.560     75.14375
GET       0.570     75.32378
GET       0.580     75.50809
GET       0.590     75.70626
GET       0.600     75.89953
GET       0.610     76.08901
GET       0.620     76.27925
GET       0.630     76.47342
GET       0.640     76.67711
GET       0.650     76.87335
GET       0.660     77.05849
GET       0.670     77.24073
GET       0.680     77.42848
GET       0.690     77.61265
GET       0.700     77.78310
GET       0.710     77.93995
GET       0.720     78.09508
GET       0.730     78.24345
GET       0.740     78.38223
GET       0.750     78.51219
GET       0.760     78.62979
GET       0.770     78.74361
GET       0.780     78.85176
GET       0.790     78.95640
GET       0.800     79.05214
GET       0.810     79.13843
GET       0.820     79.22369
GET       0.830     79.30439
GET       0.840     79.37627
GET       0.850     79.44138
GET       0.860     79.50725
GET       0.870     79.57168
GET       0.880     79.63314
GET       0.890     79.69025
GET       0.900     79.74709
GET       0.910     79.79937
GET       0.920     79.84966
GET       0.930     79.90022
GET       0.940     79.95105
GET       0.950     79.99879
GET       0.960     80.04355
GET       0.970     80.08701
GET       0.980     80.13122
GET       0.990     80.17730
GET       1.000     80.41306
GET       1.100     80.82341
GET       1.200     81.20672
GET       1.300     81.56512
GET       1.400     81.88704
GET       1.500     82.18185
GET       1.600     82.43672
GET       1.700     82.66779
GET       1.800     82.87397
GET       1.900     83.05648
GET       2.000     83.22334
GET       2.100     83.37964
GET       2.200     83.52408
GET       2.300     83.66038
GET       2.400     83.78481
GET       2.500     83.90407
GET       2.600     84.02499
GET       2.700     84.13598
GET       2.800     84.24110
GET       2.900     84.34036
GET       3.000     84.43948
GET       3.100     84.53356
GET       3.200     84.62641
GET       3.300     84.72221
GET       3.400     84.81727
GET       3.500     84.90328
GET       3.600     84.99674
GET       3.700     85.09393
GET       3.800     85.17753
GET       3.900     85.26486
GET       4.000     85.35115
GET       4.100     85.43813
GET       4.200     85.52939
GET       4.300     85.62258
GET       4.400     85.71845
GET       4.500     85.81185
GET       4.600     85.88938
GET       4.700     85.96829
GET       4.800     86.04513
GET       4.900     86.12383
GET       5.000     86.19847
GET       5.100     86.27062
GET       5.200     86.34111
GET       5.300     86.41319
GET       5.400     86.48507
GET       5.500     86.55874
GET       5.600     86.63247
GET       5.700     86.70228
GET       5.800     86.77877
GET       5.900     86.85079
GET       6.000     86.91914
GET       6.100     86.99088
GET       6.200     87.05579
GET       6.300     87.12400
GET       6.400     87.19436
GET       6.500     87.25830
GET       6.600     87.32266
GET       6.700     87.38088
GET       6.800     87.44516
GET       6.900     87.50807
GET       7.000     87.56856
GET       7.100     87.62747
GET       7.200     87.68727
GET       7.300     87.74825
GET       7.400     87.81026
GET       7.500     87.86461
GET       7.600     87.91876
GET       7.700     87.97456
GET       7.800     88.03085
GET       7.900     88.08858
GET       8.000     88.14487
GET       8.100     88.19695
GET       8.200     88.25372
GET       8.300     88.31386
GET       8.400     88.38705
GET       8.500     88.44954
GET       8.600     88.51155
GET       8.700     88.57563
GET       8.800     88.63240
GET       8.900     88.68889
GET       9.000     88.73911
GET       9.100     88.79408
GET       9.200     88.84195
GET       9.300     88.89796
GET       9.400     88.94845
GET       9.500     88.99750
GET       9.600     89.05102
GET       9.700     89.09979
GET       9.800     89.14739
GET       9.900     89.19857
GET      10.000     89.49620
GET      11.000     89.92600
GET      12.000     90.35566
GET      13.000     90.76180
GET      14.000     91.15925
GET      15.000     91.52158
GET      16.000     91.85854
GET      17.000     92.21184
GET      18.000     92.52755
GET      19.000     92.84402
GET      20.000     93.16269
GET      21.000     93.48089
GET      22.000     93.77928
GET      23.000     94.04698
GET      24.000     94.29627
GET      25.000     94.56700
GET      26.000     94.84112
GET      27.000     95.07047
GET      28.000     95.29071
GET      29.000     95.51309
GET      30.000     95.72706
GET      31.000     95.92303
GET      32.000     96.09837
GET      33.000     96.29523
GET      34.000     96.49713
GET      35.000     96.67550
GET      36.000     96.84298
GET      37.000     96.99893
GET      38.000     97.17262
GET      39.000     97.32133
GET      40.000     97.47005
GET      41.000     97.61904
GET      42.000     97.74865
GET      43.000     97.86743
GET      44.000     97.97179
GET      45.000     98.07657
GET      46.000     98.17107
GET      47.000     98.25708
GET      48.000     98.33896
GET      49.000     98.42532
GET      50.000     98.51209
GET      51.000     98.59079
GET      52.000     98.66260
GET      53.000     98.73751
GET      54.000     98.79655
GET      55.000     98.85649
GET      56.000     98.91250
GET      57.000     98.97113
GET      58.000     99.03480
GET      59.000     99.08219
GET      60.000     99.12723
GET      61.000     99.17551
GET      62.000     99.22297
GET      63.000     99.26374
GET      64.000     99.30471
GET      65.000     99.35299
GET      66.000     99.39210
GET      67.000     99.42287
GET      68.000     99.45515
GET      69.000     99.48729
GET      70.000     99.51916
GET      71.000     99.54868
GET      72.000     99.57338
GET      73.000     99.59524
GET      74.000     99.61718
GET      75.000     99.63359
GET      76.000     99.64884
GET      77.000     99.66594
GET      78.000     99.68698
GET      79.000     99.70416
GET      80.000     99.71568
GET      81.000     99.73189
GET      82.000     99.74361
GET      83.000     99.75458
GET      84.000     99.76548
GET      85.000     99.77824
GET      86.000     99.79465
GET      87.000     99.80597
GET      88.000     99.81666
GET      89.000     99.82411
GET      90.000     99.83211
GET      91.000     99.84004
GET      92.000     99.84770
GET      93.000     99.85563
GET      94.000     99.86156
GET      95.000     99.86798
GET      96.000     99.87281
GET      97.000     99.87826
GET      98.000     99.88108
GET      99.000     99.88612
GET     100.000     99.91143
GET     110.000     99.94061
GET     120.000     99.95703
GET     130.000     99.96765
GET     140.000     99.97648
GET     150.000     99.98213
GET     160.000     99.98586
GET     170.000     99.98896
GET     180.000     99.99200
GET     190.000     99.99324
GET     200.000     99.99517
GET     210.000     99.99703
GET     220.000     99.99765
GET     230.000     99.99772
GET     250.000     99.99821
GET     260.000     99.99834
GET     270.000     99.99862
GET     280.000     99.99903
GET     290.000     99.99938
GET     300.000     99.99952
GET     310.000     99.99959
GET     320.000     99.99966
GET     340.000     99.99972
GET     350.000     99.99986
GET     390.000    100.00000
