[RUN #1] Preparing benchmark client...
[RUN #1] Launching threads now...
[RUN #1 5%,   0 secs]  8 threads:      165850 ops,       0 (avg:       0) ops/sec, 0.00KB/sec (avg: 0.00KB/sec),  0.00 (avg:  0.00) msec latency[RUN #1 10%,   1 secs]  8 threads:      242958 ops,   77096 (avg:  121483) ops/sec, 2.91MB/sec (avg: 4.58MB/sec),  4.19 (avg:  2.60) msec latency[RUN #1 15%,   3 secs]  8 threads:      322573 ops,   79603 (avg:  107521) ops/sec, 3.00MB/sec (avg: 4.06MB/sec),  4.03 (avg:  2.96) msec latency[RUN #1 20%,   4 secs]  8 threads:      401038 ops,   78453 (avg:  100254) ops/sec, 2.96MB/sec (avg: 3.78MB/sec),  4.09 (avg:  3.18) msec latency[RUN #1 25%,   5 secs]  8 threads:      481598 ops,   80548 (avg:   96312) ops/sec, 3.04MB/sec (avg: 3.63MB/sec),  3.97 (avg:  3.31) msec latency[RUN #1 30%,   6 secs]  8 threads:      560249 ops,   78640 (avg:   93367) ops/sec, 2.97MB/sec (avg: 3.52MB/sec),  4.03 (avg:  3.41) msec latency[RUN #1 35%,   7 secs]  8 threads:      640621 ops,   80358 (avg:   91508) ops/sec, 3.03MB/sec (avg: 3.45MB/sec),  3.97 (avg:  3.48) msec latency[RUN #1 40%,   8 secs]  8 threads:      720230 ops,   79597 (avg:   90019) ops/sec, 3.00MB/sec (avg: 3.40MB/sec),  4.03 (avg:  3.54) msec latency[RUN #1 45%,   9 secs]  8 threads:      800068 ops,   79824 (avg:   88886) ops/sec, 3.01MB/sec (avg: 3.35MB/sec),  4.04 (avg:  3.59) msec latency[RUN #1 50%,  10 secs]  8 threads:      880730 ops,   80650 (avg:   88063) ops/sec, 3.04MB/sec (avg: 3.32MB/sec),  3.96 (avg:  3.63) msec latency[RUN #1 55%,  11 secs]  8 threads:      960726 ops,   79984 (avg:   87328) ops/sec, 3.02MB/sec (avg: 3.29MB/sec),  3.99 (avg:  3.66) msec latency[RUN #1 60%,  12 secs]  8 threads:     1041300 ops,   80562 (avg:   86764) ops/sec, 3.04MB/sec (avg: 3.27MB/sec),  3.97 (avg:  3.68) msec latency[RUN #1 65%,  13 secs]  8 threads:     1121507 ops,   80196 (avg:   86259) ops/sec, 3.02MB/sec (avg: 3.25MB/sec),  3.98 (avg:  3.70) msec latency[RUN #1 70%,  14 secs]  8 threads:     1201879 ops,   80360 (avg:   85838) ops/sec, 3.03MB/sec (avg: 3.24MB/sec),  3.99 (avg:  3.72) msec latency[RUN #1 75%,  15 secs]  8 threads:     1283111 ops,   81221 (avg:   85530) ops/sec, 3.06MB/sec (avg: 3.23MB/sec),  3.93 (avg:  3.73) msec latency[RUN #1 80%,  16 secs]  8 threads:     1364169 ops,   81046 (avg:   85250) ops/sec, 3.06MB/sec (avg: 3.22MB/sec),  3.94 (avg:  3.75) msec latency[RUN #1 85%,  17 secs]  8 threads:     1444991 ops,   80810 (avg:   84989) ops/sec, 3.05MB/sec (avg: 3.21MB/sec),  3.92 (avg:  3.76) msec latency[RUN #1 90%,  18 secs]  8 threads:     1524466 ops,   79461 (avg:   84681) ops/sec, 3.00MB/sec (avg: 3.19MB/sec),  4.06 (avg:  3.77) msec latency[RUN #1 95%,  19 secs]  8 threads:     1606108 ops,   81629 (avg:   84521) ops/sec, 3.08MB/sec (avg: 3.19MB/sec),  3.91 (avg:  3.78) msec latency[RUN #1 100%,  20 secs]  8 threads:     1687461 ops,   81629 (avg:   84363) ops/sec, 3.08MB/sec (avg: 3.18MB/sec),  3.91 (avg:  3.79) msec latency[RUN #1 100%,  20 secs]  0 threads:     1687697 ops,   81629 (avg:   84338) ops/sec, 3.08MB/sec (avg: 3.18MB/sec),  3.91 (avg:  3.79) msec latency

8         Threads
40        Connections per thread
20        Seconds
Type        Ops/sec     Hits/sec   Misses/sec      Latency       KB/sec
------------------------------------------------------------------------
Sets        7674.62          ---          ---      4.08800       568.89
Gets       76668.74      3358.70     73310.04      3.76000      2688.46
Totals     84343.36      3358.70     73310.04      3.79000      3257.35


Request Latency Distribution
Type     <= msec         Percent
------------------------------------------------------------------------
SET       1.000     75.64467
SET       2.000     78.69348
SET       3.000     80.87883
SET       4.000     82.39412
SET       5.000     83.55191
SET       6.000     84.51305
SET       7.000     85.38302
SET       8.000     86.29076
SET       9.000     87.20502
SET      10.000     87.95973
SET      11.000     88.61156
SET      12.000     89.30767
SET      13.000     89.88266
SET      14.000     90.46807
SET      15.000     90.97143
SET      16.000     91.57116
SET      17.000     92.06801
SET      18.000     92.54858
SET      19.000     92.98877
SET      20.000     93.45241
SET      21.000     93.83661
SET      22.000     94.26769
SET      23.000     94.63625
SET      24.000     94.98593
SET      25.000     95.28548
SET      26.000     95.59153
SET      27.000     95.88456
SET      28.000     96.13917
SET      29.000     96.37750
SET      30.000     96.59499
SET      31.000     96.84049
SET      32.000     97.01761
SET      33.000     97.20580
SET      34.000     97.39138
SET      35.000     97.57436
SET      36.000     97.75018
SET      37.000     97.89865
SET      38.000     98.02368
SET      39.000     98.15391
SET      40.000     98.28415
SET      41.000     98.38964
SET      42.000     98.48992
SET      43.000     98.58369
SET      44.000     98.67160
SET      45.000     98.76602
SET      46.000     98.84742
SET      47.000     98.91709
SET      48.000     98.98677
SET      49.000     99.04082
SET      50.000     99.10007
SET      51.000     99.14110
SET      52.000     99.19059
SET      53.000     99.25180
SET      54.000     99.28436
SET      55.000     99.31171
SET      56.000     99.35143
SET      57.000     99.39831
SET      58.000     99.42566
SET      59.000     99.45887
SET      60.000     99.48362
SET      61.000     99.51422
SET      62.000     99.54027
SET      63.000     99.55459
SET      64.000     99.57673
SET      65.000     99.60148
SET      66.000     99.61841
SET      67.000     99.63078
SET      68.000     99.64576
SET      69.000     99.65292
SET      70.000     99.66920
SET      71.000     99.68157
SET      72.000     99.69264
SET      73.000     99.70437
SET      74.000     99.71804
SET      75.000     99.72585
SET      76.000     99.73497
SET      77.000     99.74278
SET      78.000     99.75581
SET      79.000     99.76427
SET      80.000     99.77144
SET      81.000     99.77469
SET      82.000     99.78381
SET      83.000     99.78902
SET      84.000     99.79488
SET      85.000     99.79683
SET      86.000     99.80204
SET      87.000     99.81116
SET      88.000     99.81962
SET      89.000     99.82158
SET      90.000     99.82483
SET      91.000     99.82548
SET      92.000     99.83135
SET      93.000     99.83590
SET      94.000     99.83851
SET      95.000     99.84242
SET      96.000     99.84697
SET      97.000     99.85283
SET      98.000     99.85544
SET      99.000     99.85739
SET     100.000     99.87042
SET     110.000     99.88865
SET     120.000     99.90232
SET     130.000     99.91209
SET     140.000     99.95246
SET     150.000     99.98958
SET     160.000     99.99088
SET     170.000     99.99284
SET     180.000     99.99609
SET     190.000     99.99674
SET     220.000     99.99870
SET     230.000    100.00000
---
GET       0.063      0.00007
GET       0.066      0.00013
GET       0.067      0.00020
GET       0.070      0.00033
GET       0.071      0.00039
GET       0.072      0.00046
GET       0.073      0.00052
GET       0.074      0.00065
GET       0.075      0.00072
GET       0.076      0.00091
GET       0.077      0.00098
GET       0.078      0.00117
GET       0.079      0.00137
GET       0.080      0.00176
GET       0.081      0.00202
GET       0.082      0.00248
GET       0.083      0.00306
GET       0.084      0.00391
GET       0.085      0.00561
GET       0.086      0.00711
GET       0.087      0.00821
GET       0.088      0.01095
GET       0.089      0.01330
GET       0.090      0.01558
GET       0.091      0.01851
GET       0.092      0.02327
GET       0.093      0.02777
GET       0.094      0.03318
GET       0.095      0.03865
GET       0.096      0.04543
GET       0.097      0.05221
GET       0.098      0.05964
GET       0.099      0.06688
GET       0.100      0.11159
GET       0.110      0.19470
GET       0.120      0.30643
GET       0.130      0.56345
GET       0.140      1.21170
GET       0.150      2.01254
GET       0.160      2.64789
GET       0.170      3.30311
GET       0.180      4.32506
GET       0.190      6.20847
GET       0.200      8.58891
GET       0.210     10.88768
GET       0.220     13.31290
GET       0.230     16.38969
GET       0.240     21.08441
GET       0.250     25.10167
GET       0.260     27.75425
GET       0.270     29.65272
GET       0.280     31.25506
GET       0.290     32.94228
GET       0.300     34.21401
GET       0.310     35.11686
GET       0.320     35.83968
GET       0.330     36.52418
GET       0.340     37.26877
GET       0.350     37.91911
GET       0.360     38.46554
GET       0.370     38.98714
GET       0.380     39.58298
GET       0.390     40.36108
GET       0.400     41.23552
GET       0.410     42.23628
GET       0.420     43.48304
GET       0.430     45.13043
GET       0.440     47.38207
GET       0.450     49.75312
GET       0.460     52.11543
GET       0.470     54.48584
GET       0.480     56.91334
GET       0.490     59.36717
GET       0.500     61.36863
GET       0.510     62.97984
GET       0.520     64.32432
GET       0.530     65.51868
GET       0.540     66.58567
GET       0.550     67.48337
GET       0.560     68.22171
GET       0.570     68.89069
GET       0.580     69.51814
GET       0.590     70.09789
GET       0.600     70.61271
GET       0.610     71.07310
GET       0.620     71.48212
GET       0.630     71.86488
GET       0.640     72.22672
GET       0.650     72.55172
GET       0.660     72.83397
GET       0.670     73.08786
GET       0.680     73.32682
GET       0.690     73.53104
GET       0.700     73.71740
GET       0.710     73.88701
GET       0.720     74.04879
GET       0.730     74.19350
GET       0.740     74.32797
GET       0.750     74.44798
GET       0.760     74.55983
GET       0.770     74.66295
GET       0.780     74.77031
GET       0.790     74.87076
GET       0.800     74.95915
GET       0.810     75.04402
GET       0.820     75.12563
GET       0.830     75.20502
GET       0.840     75.28780
GET       0.850     75.36511
GET       0.860     75.44268
GET       0.870     75.51862
GET       0.880     75.59534
GET       0.890     75.67212
GET       0.900     75.74598
GET       0.910     75.81833
GET       0.920     75.89564
GET       0.930     75.97712
GET       0.940     76.05358
GET       0.950     76.12939
GET       0.960     76.20089
GET       0.970     76.28113
GET       0.980     76.35538
GET       0.990     76.43601
GET       1.000     76.86094
GET       1.100     77.51441
GET       1.200     78.04754
GET       1.300     78.46550
GET       1.400     78.81045
GET       1.500     79.10828
GET       1.600     79.39515
GET       1.700     79.66449
GET       1.800     79.92268
GET       1.900     80.16190
GET       2.000     80.38209
GET       2.100     80.59746
GET       2.200     80.79875
GET       2.300     80.98889
GET       2.400     81.16482
GET       2.500     81.34525
GET       2.600     81.51159
GET       2.700     81.67292
GET       2.800     81.82845
GET       2.900     81.97290
GET       3.000     82.10333
GET       3.100     82.24282
GET       3.200     82.36641
GET       3.300     82.48342
GET       3.400     82.60296
GET       3.500     82.71156
GET       3.600     82.82309
GET       3.700     82.93579
GET       3.800     83.04777
GET       3.900     83.16439
GET       4.000     83.27624
GET       4.100     83.38888
GET       4.200     83.50367
GET       4.300     83.61891
GET       4.400     83.72960
GET       4.500     83.85625
GET       4.600     83.98322
GET       4.700     84.09625
GET       4.800     84.20133
GET       4.900     84.30953
GET       5.000     84.41422
GET       5.100     84.51512
GET       5.200     84.62098
GET       5.300     84.72488
GET       5.400     84.81862
GET       5.500     84.91300
GET       5.600     85.01006
GET       5.700     85.09715
GET       5.800     85.18521
GET       5.900     85.27999
GET       6.000     85.36212
GET       6.100     85.45377
GET       6.200     85.54131
GET       6.300     85.62507
GET       6.400     85.71391
GET       6.500     85.80719
GET       6.600     85.89597
GET       6.700     85.98390
GET       6.800     86.06753
GET       6.900     86.14888
GET       7.000     86.22978
GET       7.100     86.31966
GET       7.200     86.40369
GET       7.300     86.48777
GET       7.400     86.57323
GET       7.500     86.65445
GET       7.600     86.72882
GET       7.700     86.81147
GET       7.800     86.88435
GET       7.900     86.95729
GET       8.000     87.03075
GET       8.100     87.10284
GET       8.200     87.17774
GET       8.300     87.26124
GET       8.400     87.33666
GET       8.500     87.42016
GET       8.600     87.50561
GET       8.700     87.58722
GET       8.800     87.65267
GET       8.900     87.72515
GET       9.000     87.79901
GET       9.100     87.87703
GET       9.200     87.94971
GET       9.300     88.01541
GET       9.400     88.08490
GET       9.500     88.15269
GET       9.600     88.21950
GET       9.700     88.29258
GET       9.800     88.35782
GET       9.900     88.43116
GET      10.000     88.79684
GET      11.000     89.43818
GET      12.000     90.04588
GET      13.000     90.61591
GET      14.000     91.16170
GET      15.000     91.68095
GET      16.000     92.16272
GET      17.000     92.67089
GET      18.000     93.12568
GET      19.000     93.56377
GET      20.000     93.96550
GET      21.000     94.38463
GET      22.000     94.75240
GET      23.000     95.09800
GET      24.000     95.41740
GET      25.000     95.72448
GET      26.000     96.00066
GET      27.000     96.26192
GET      28.000     96.52402
GET      29.000     96.75295
GET      30.000     96.96649
GET      31.000     97.17149
GET      32.000     97.33732
GET      33.000     97.50836
GET      34.000     97.67679
GET      35.000     97.82613
GET      36.000     97.97775
GET      37.000     98.11769
GET      38.000     98.23555
GET      39.000     98.35242
GET      40.000     98.46388
GET      41.000     98.56824
GET      42.000     98.66419
GET      43.000     98.74880
GET      44.000     98.82839
GET      45.000     98.91007
GET      46.000     98.97962
GET      47.000     99.04376
GET      48.000     99.10620
GET      49.000     99.16702
GET      50.000     99.21799
GET      51.000     99.26160
GET      52.000     99.30527
GET      53.000     99.34458
GET      54.000     99.38291
GET      55.000     99.41648
GET      56.000     99.44959
GET      57.000     99.47853
GET      58.000     99.50780
GET      59.000     99.53615
GET      60.000     99.55936
GET      61.000     99.57937
GET      62.000     99.60029
GET      63.000     99.62187
GET      64.000     99.63875
GET      65.000     99.65642
GET      66.000     99.67675
GET      67.000     99.68986
GET      68.000     99.70602
GET      69.000     99.71984
GET      70.000     99.73359
GET      71.000     99.74578
GET      72.000     99.75458
GET      73.000     99.76632
GET      74.000     99.77779
GET      75.000     99.78470
GET      76.000     99.79265
GET      77.000     99.80197
GET      78.000     99.81123
GET      79.000     99.82035
GET      80.000     99.82811
GET      81.000     99.83424
GET      82.000     99.83965
GET      83.000     99.84415
GET      84.000     99.84903
GET      85.000     99.85399
GET      86.000     99.86044
GET      87.000     99.86663
GET      88.000     99.87231
GET      89.000     99.87850
GET      90.000     99.88332
GET      91.000     99.88762
GET      92.000     99.89264
GET      93.000     99.89721
GET      94.000     99.90157
GET      95.000     99.90438
GET      96.000     99.90933
GET      97.000     99.91298
GET      98.000     99.91774
GET      99.000     99.92106
GET     100.000     99.93671
GET     110.000     99.95359
GET     120.000     99.96702
GET     130.000     99.97556
GET     140.000     99.98194
GET     150.000     99.98794
GET     160.000     99.99133
GET     170.000     99.99381
GET     180.000     99.99537
GET     190.000     99.99668
GET     200.000     99.99726
GET     210.000     99.99785
GET     220.000     99.99902
GET     230.000     99.99928
GET     240.000     99.99954
GET     250.000     99.99967
GET     260.000     99.99987
GET     270.000    100.00000
