[RUN #1] Preparing benchmark client...
[RUN #1] Launching threads now...
[RUN #1 5%,   0 secs]  8 threads:       62555 ops,       0 (avg:       0) ops/sec, 0.00KB/sec (avg: 0.00KB/sec),  0.00 (avg:  0.00) msec latency[RUN #1 10%,   1 secs]  8 threads:      144695 ops,   82125 (avg:   72347) ops/sec, 3.10MB/sec (avg: 2.73MB/sec),  3.89 (avg:  4.40) msec latency[RUN #1 15%,   3 secs]  8 threads:      226612 ops,   81905 (avg:   75533) ops/sec, 3.09MB/sec (avg: 2.85MB/sec),  3.90 (avg:  4.22) msec latency[RUN #1 20%,   4 secs]  8 threads:      309028 ops,   82404 (avg:   77251) ops/sec, 3.11MB/sec (avg: 2.92MB/sec),  3.88 (avg:  4.13) msec latency[RUN #1 25%,   5 secs]  8 threads:      391440 ops,   82400 (avg:   78281) ops/sec, 3.11MB/sec (avg: 2.95MB/sec),  3.87 (avg:  4.07) msec latency[RUN #1 30%,   6 secs]  8 threads:      473779 ops,   82327 (avg:   78955) ops/sec, 3.10MB/sec (avg: 2.98MB/sec),  3.88 (avg:  4.04) msec latency[RUN #1 35%,   7 secs]  8 threads:      555089 ops,   81297 (avg:   79290) ops/sec, 3.07MB/sec (avg: 2.99MB/sec),  3.94 (avg:  4.03) msec latency[RUN #1 40%,   8 secs]  8 threads:      635740 ops,   80638 (avg:   79458) ops/sec, 3.04MB/sec (avg: 3.00MB/sec),  3.96 (avg:  4.02) msec latency[RUN #1 45%,   9 secs]  8 threads:      719688 ops,   83936 (avg:   79956) ops/sec, 3.17MB/sec (avg: 3.02MB/sec),  3.79 (avg:  3.99) msec latency[RUN #1 50%,  10 secs]  8 threads:      802349 ops,   82649 (avg:   80225) ops/sec, 3.12MB/sec (avg: 3.03MB/sec),  3.90 (avg:  3.98) msec latency[RUN #1 55%,  11 secs]  8 threads:      886147 ops,   83777 (avg:   80548) ops/sec, 3.16MB/sec (avg: 3.04MB/sec),  3.81 (avg:  3.97) msec latency[RUN #1 60%,  12 secs]  8 threads:      969764 ops,   83605 (avg:   80803) ops/sec, 3.15MB/sec (avg: 3.05MB/sec),  3.82 (avg:  3.95) msec latency[RUN #1 65%,  13 secs]  8 threads:     1051986 ops,   82209 (avg:   80911) ops/sec, 3.10MB/sec (avg: 3.05MB/sec),  3.89 (avg:  3.95) msec latency[RUN #1 70%,  14 secs]  8 threads:     1135543 ops,   83545 (avg:   81099) ops/sec, 3.15MB/sec (avg: 3.06MB/sec),  3.83 (avg:  3.94) msec latency[RUN #1 75%,  15 secs]  8 threads:     1218915 ops,   83355 (avg:   81250) ops/sec, 3.14MB/sec (avg: 3.06MB/sec),  3.82 (avg:  3.93) msec latency[RUN #1 80%,  16 secs]  8 threads:     1300976 ops,   82048 (avg:   81299) ops/sec, 3.09MB/sec (avg: 3.07MB/sec),  3.91 (avg:  3.93) msec latency[RUN #1 85%,  17 secs]  8 threads:     1385640 ops,   84652 (avg:   81497) ops/sec, 3.19MB/sec (avg: 3.07MB/sec),  3.78 (avg:  3.92) msec latency[RUN #1 90%,  18 secs]  8 threads:     1469118 ops,   83466 (avg:   81606) ops/sec, 3.15MB/sec (avg: 3.08MB/sec),  3.82 (avg:  3.92) msec latency[RUN #1 95%,  19 secs]  8 threads:     1552901 ops,   83771 (avg:   81720) ops/sec, 3.16MB/sec (avg: 3.08MB/sec),  3.81 (avg:  3.91) msec latency[RUN #1 100%,  20 secs]  0 threads:     1648914 ops,   83771 (avg:   82443) ops/sec, 3.16MB/sec (avg: 3.11MB/sec),  3.81 (avg:  3.88) msec latency

8         Threads
40        Connections per thread
20        Seconds
Type        Ops/sec     Hits/sec   Misses/sec      Latency       KB/sec
------------------------------------------------------------------------
Sets        7501.76          ---          ---      4.28000       556.08
Gets       74943.46      2732.43     72211.03      3.83700      2627.96
Totals     82445.22      2732.43     72211.03      3.87700      3184.04


Request Latency Distribution
Type     <= msec         Percent
------------------------------------------------------------------------
SET       1.000     72.73388
SET       2.000     75.40924
SET       3.000     77.27612
SET       4.000     79.11235
SET       5.000     80.99256
SET       6.000     82.55085
SET       7.000     83.90053
SET       8.000     85.24221
SET       9.000     86.61921
SET      10.000     87.75960
SET      11.000     88.73004
SET      12.000     89.75979
SET      13.000     90.84620
SET      14.000     91.62001
SET      15.000     92.35317
SET      16.000     93.08633
SET      17.000     93.82015
SET      18.000     94.42467
SET      19.000     94.90656
SET      20.000     95.38777
SET      21.000     95.83900
SET      22.000     96.24623
SET      23.000     96.57416
SET      24.000     96.88875
SET      25.000     97.19334
SET      26.000     97.43195
SET      27.000     97.62257
SET      28.000     97.80053
SET      29.000     97.97449
SET      30.000     98.13311
SET      31.000     98.28041
SET      32.000     98.41038
SET      33.000     98.52769
SET      34.000     98.62100
SET      35.000     98.69298
SET      36.000     98.79029
SET      37.000     98.86494
SET      38.000     98.93359
SET      39.000     98.98758
SET      40.000     99.04556
SET      41.000     99.09888
SET      42.000     99.14554
SET      43.000     99.17820
SET      44.000     99.21952
SET      45.000     99.26684
SET      46.000     99.31083
SET      47.000     99.34949
SET      48.000     99.38748
SET      49.000     99.41481
SET      50.000     99.44347
SET      51.000     99.47013
SET      52.000     99.49012
SET      53.000     99.51345
SET      54.000     99.52811
SET      55.000     99.54011
SET      56.000     99.55411
SET      57.000     99.57010
SET      58.000     99.58410
SET      59.000     99.59410
SET      60.000     99.61209
SET      61.000     99.62476
SET      62.000     99.63342
SET      63.000     99.64942
SET      64.000     99.66008
SET      65.000     99.66941
SET      66.000     99.67874
SET      67.000     99.68408
SET      68.000     99.68941
SET      69.000     99.69674
SET      70.000     99.70340
SET      71.000     99.70940
SET      72.000     99.71607
SET      73.000     99.72140
SET      74.000     99.73073
SET      75.000     99.73206
SET      76.000     99.73673
SET      77.000     99.73873
SET      78.000     99.74006
SET      79.000     99.74406
SET      80.000     99.74739
SET      81.000     99.75139
SET      82.000     99.75339
SET      83.000     99.75473
SET      84.000     99.75673
SET      85.000     99.75872
SET      88.000     99.76072
SET      89.000     99.76272
SET      90.000     99.76406
SET      92.000     99.76539
SET      93.000     99.76939
SET      94.000     99.77072
SET      95.000     99.77205
SET      96.000     99.77472
SET      97.000     99.77605
SET      98.000     99.77672
SET     100.000     99.78072
SET     110.000     99.78738
SET     120.000     99.79072
SET     130.000     99.79738
SET     140.000     99.80338
SET     150.000     99.81071
SET     160.000     99.81604
SET     170.000     99.81938
SET     180.000     99.82538
SET     190.000     99.83471
SET     200.000     99.84737
SET     210.000     99.85603
SET     220.000     99.86670
SET     230.000     99.87336
SET     240.000     99.89069
SET     250.000     99.91402
SET     260.000     99.92402
SET     270.000     99.92935
SET     280.000     99.93935
SET     290.000     99.95801
SET     300.000     99.96534
SET     310.000     99.99400
SET     320.000     99.99600
SET     330.000    100.00000
---
GET       0.080      0.00007
GET       0.083      0.00013
GET       0.084      0.00020
GET       0.085      0.00033
GET       0.088      0.00047
GET       0.089      0.00053
GET       0.090      0.00067
GET       0.091      0.00087
GET       0.092      0.00093
GET       0.093      0.00133
GET       0.094      0.00153
GET       0.095      0.00193
GET       0.096      0.00207
GET       0.097      0.00240
GET       0.098      0.00247
GET       0.099      0.00287
GET       0.100      0.00460
GET       0.110      0.00761
GET       0.120      0.01081
GET       0.130      0.01661
GET       0.140      0.02502
GET       0.150      0.03596
GET       0.160      0.04337
GET       0.170      0.05164
GET       0.180      0.06258
GET       0.190      0.07692
GET       0.200      0.09107
GET       0.210      0.10288
GET       0.220      0.11382
GET       0.230      0.12783
GET       0.240      0.14631
GET       0.250      0.16606
GET       0.260      0.18207
GET       0.270      0.19735
GET       0.280      0.21790
GET       0.290      0.24652
GET       0.300      0.27587
GET       0.310      0.30429
GET       0.320      0.33412
GET       0.330      0.37415
GET       0.340      0.42198
GET       0.350      0.47402
GET       0.360      0.51932
GET       0.370      0.56282
GET       0.380      0.61593
GET       0.390      0.67737
GET       0.400      0.75083
GET       0.410      0.83149
GET       0.420      0.93263
GET       0.430      1.07734
GET       0.440      1.30251
GET       0.450      1.64550
GET       0.460      2.14300
GET       0.470      2.89350
GET       0.480      4.06264
GET       0.490      5.85571
GET       0.500      8.19573
GET       0.510     11.06494
GET       0.520     14.47443
GET       0.530     18.57683
GET       0.540     23.17694
GET       0.550     27.53740
GET       0.560     31.35832
GET       0.570     34.59975
GET       0.580     37.37282
GET       0.590     39.68962
GET       0.600     41.48717
GET       0.610     42.90329
GET       0.620     44.04194
GET       0.630     45.00880
GET       0.640     45.84549
GET       0.650     46.55356
GET       0.660     47.16388
GET       0.670     47.70942
GET       0.680     48.20339
GET       0.690     48.63892
GET       0.700     49.02967
GET       0.710     49.36533
GET       0.720     49.65594
GET       0.730     49.90893
GET       0.740     50.13917
GET       0.750     50.33885
GET       0.760     50.50418
GET       0.770     50.65542
GET       0.780     50.79113
GET       0.790     50.91101
GET       0.800     51.01996
GET       0.810     51.12871
GET       0.820     51.22945
GET       0.830     51.32479
GET       0.840     51.41793
GET       0.850     51.51206
GET       0.860     51.60547
GET       0.870     51.70307
GET       0.880     51.80375
GET       0.890     51.90943
GET       0.900     52.01791
GET       0.910     52.14247
GET       0.920     52.27297
GET       0.930     52.42848
GET       0.940     52.59601
GET       0.950     52.79496
GET       0.960     53.02853
GET       0.970     53.30567
GET       0.980     53.63979
GET       0.990     54.02828
GET       1.000     57.68048
GET       1.100     66.12726
GET       1.200     70.02565
GET       1.300     71.72565
GET       1.400     72.52218
GET       1.500     72.94516
GET       1.600     73.22224
GET       1.700     73.44767
GET       1.800     73.67071
GET       1.900     73.91669
GET       2.000     74.21024
GET       2.100     74.54823
GET       2.200     74.89242
GET       2.300     75.22480
GET       2.400     75.50101
GET       2.500     75.74259
GET       2.600     75.95648
GET       2.700     76.16584
GET       2.800     76.36619
GET       2.900     76.55513
GET       3.000     76.73767
GET       3.100     76.92060
GET       3.200     77.10434
GET       3.300     77.29155
GET       3.400     77.47075
GET       3.500     77.64975
GET       3.600     77.83435
GET       3.700     78.00074
GET       3.800     78.17241
GET       3.900     78.35488
GET       4.000     78.53161
GET       4.100     78.70907
GET       4.200     78.87567
GET       4.300     79.03518
GET       4.400     79.21639
GET       4.500     79.40206
GET       4.600     79.59781
GET       4.700     79.76887
GET       4.800     79.94266
GET       4.900     80.11386
GET       5.000     80.29279
GET       5.100     80.50408
GET       5.200     80.71264
GET       5.300     80.91172
GET       5.400     81.08885
GET       5.500     81.24671
GET       5.600     81.39562
GET       5.700     81.54673
GET       5.800     81.68797
GET       5.900     81.84028
GET       6.000     81.98819
GET       6.100     82.13864
GET       6.200     82.30076
GET       6.300     82.45227
GET       6.400     82.60953
GET       6.500     82.76591
GET       6.600     82.91028
GET       6.700     83.04799
GET       6.800     83.18382
GET       6.900     83.32246
GET       7.000     83.46256
GET       7.100     83.61061
GET       7.200     83.74497
GET       7.300     83.87420
GET       7.400     84.00424
GET       7.500     84.13333
GET       7.600     84.26890
GET       7.700     84.40961
GET       7.800     84.54878
GET       7.900     84.67140
GET       8.000     84.79669
GET       8.100     84.92893
GET       8.200     85.05369
GET       8.300     85.17891
GET       8.400     85.30621
GET       8.500     85.44898
GET       8.600     85.60463
GET       8.700     85.73887
GET       8.800     85.86543
GET       8.900     85.98652
GET       9.000     86.11195
GET       9.100     86.27213
GET       9.200     86.44846
GET       9.300     86.59697
GET       9.400     86.73201
GET       9.500     86.85750
GET       9.600     86.96738
GET       9.700     87.08721
GET       9.800     87.20183
GET       9.900     87.30377
GET      10.000     87.89962
GET      11.000     89.03953
GET      12.000     89.96129
GET      13.000     91.11168
GET      14.000     91.95425
GET      15.000     92.66471
GET      16.000     93.35863
GET      17.000     94.11813
GET      18.000     94.73293
GET      19.000     95.22276
GET      20.000     95.63013
GET      21.000     96.12757
GET      22.000     96.53287
GET      23.000     96.85285
GET      24.000     97.14740
GET      25.000     97.45837
GET      26.000     97.69748
GET      27.000     97.90243
GET      28.000     98.07549
GET      29.000     98.24936
GET      30.000     98.40467
GET      31.000     98.53997
GET      32.000     98.67287
GET      33.000     98.78409
GET      34.000     98.87736
GET      35.000     98.95709
GET      36.000     99.03508
GET      37.000     99.12568
GET      38.000     99.19193
GET      39.000     99.25037
GET      40.000     99.31229
GET      41.000     99.36699
GET      42.000     99.40822
GET      43.000     99.44785
GET      44.000     99.48201
GET      45.000     99.51737
GET      46.000     99.55627
GET      47.000     99.59049
GET      48.000     99.61785
GET      49.000     99.64694
GET      50.000     99.67362
GET      51.000     99.69771
GET      52.000     99.71726
GET      53.000     99.73527
GET      54.000     99.75055
GET      55.000     99.76589
GET      56.000     99.78184
GET      57.000     99.79745
GET      58.000     99.81052
GET      59.000     99.82247
GET      60.000     99.83474
GET      61.000     99.84769
GET      62.000     99.85549
GET      63.000     99.86637
GET      64.000     99.87631
GET      65.000     99.88485
GET      66.000     99.89239
GET      67.000     99.89866
GET      68.000     99.90666
GET      69.000     99.91360
GET      70.000     99.91867
GET      71.000     99.92308
GET      72.000     99.92781
GET      73.000     99.93375
GET      74.000     99.93869
GET      75.000     99.94249
GET      76.000     99.94669
GET      77.000     99.94976
GET      78.000     99.95390
GET      79.000     99.95597
GET      80.000     99.95837
GET      81.000     99.96090
GET      82.000     99.96291
GET      83.000     99.96617
GET      84.000     99.96824
GET      85.000     99.96964
GET      86.000     99.97118
GET      87.000     99.97251
GET      88.000     99.97358
GET      89.000     99.97485
GET      90.000     99.97692
GET      91.000     99.97832
GET      92.000     99.97992
GET      93.000     99.98105
GET      94.000     99.98239
GET      95.000     99.98379
GET      96.000     99.98506
GET      97.000     99.98632
GET      98.000     99.98699
GET      99.000     99.98766
GET     100.000     99.99046
GET     110.000     99.99560
GET     120.000     99.99820
GET     130.000     99.99920
GET     140.000     99.99980
GET     150.000     99.99993
GET     200.000    100.00000
