[RUN #1] Preparing benchmark client...
[RUN #1] Launching threads now...
[RUN #1 5%,   1 secs]  8 threads:       63300 ops,   63291 (avg:   63291) ops/sec, 2.39MB/sec (avg: 2.39MB/sec),  5.01 (avg:  5.01) msec latency[RUN #1 10%,   2 secs]  8 threads:      142103 ops,   78792 (avg:   71041) ops/sec, 2.97MB/sec (avg: 2.68MB/sec),  4.06 (avg:  4.48) msec latency[RUN #1 15%,   3 secs]  8 threads:      222649 ops,   80534 (avg:   74205) ops/sec, 3.04MB/sec (avg: 2.80MB/sec),  3.96 (avg:  4.29) msec latency[RUN #1 20%,   4 secs]  8 threads:      302958 ops,   80297 (avg:   75728) ops/sec, 3.03MB/sec (avg: 2.86MB/sec),  3.99 (avg:  4.21) msec latency[RUN #1 25%,   5 secs]  8 threads:      383751 ops,   80781 (avg:   76739) ops/sec, 3.05MB/sec (avg: 2.90MB/sec),  3.94 (avg:  4.16) msec latency[RUN #1 30%,   6 secs]  8 threads:      464503 ops,   80740 (avg:   77406) ops/sec, 3.04MB/sec (avg: 2.92MB/sec),  3.97 (avg:  4.12) msec latency[RUN #1 35%,   7 secs]  8 threads:      545391 ops,   80876 (avg:   77902) ops/sec, 3.05MB/sec (avg: 2.94MB/sec),  3.97 (avg:  4.10) msec latency[RUN #1 40%,   8 secs]  8 threads:      625521 ops,   80117 (avg:   78178) ops/sec, 3.02MB/sec (avg: 2.95MB/sec),  3.99 (avg:  4.09) msec latency[RUN #1 45%,   9 secs]  8 threads:      707594 ops,   82058 (avg:   78610) ops/sec, 3.09MB/sec (avg: 2.97MB/sec),  3.88 (avg:  4.06) msec latency[RUN #1 50%,  10 secs]  8 threads:      789264 ops,   81656 (avg:   78914) ops/sec, 3.08MB/sec (avg: 2.98MB/sec),  3.91 (avg:  4.05) msec latency[RUN #1 55%,  11 secs]  8 threads:      869697 ops,   80419 (avg:   79051) ops/sec, 3.03MB/sec (avg: 2.98MB/sec),  3.98 (avg:  4.04) msec latency[RUN #1 60%,  12 secs]  8 threads:      950352 ops,   80641 (avg:   79183) ops/sec, 3.04MB/sec (avg: 2.99MB/sec),  3.94 (avg:  4.03) msec latency[RUN #1 65%,  13 secs]  8 threads:     1031613 ops,   81249 (avg:   79342) ops/sec, 3.06MB/sec (avg: 2.99MB/sec),  3.96 (avg:  4.03) msec latency[RUN #1 70%,  14 secs]  8 threads:     1113661 ops,   82036 (avg:   79535) ops/sec, 3.09MB/sec (avg: 3.00MB/sec),  3.89 (avg:  4.02) msec latency[RUN #1 75%,  15 secs]  8 threads:     1193991 ops,   80318 (avg:   79587) ops/sec, 3.03MB/sec (avg: 3.00MB/sec),  3.98 (avg:  4.01) msec latency[RUN #1 80%,  16 secs]  8 threads:     1273593 ops,   79590 (avg:   79587) ops/sec, 3.00MB/sec (avg: 3.00MB/sec),  4.01 (avg:  4.01) msec latency[RUN #1 85%,  17 secs]  8 threads:     1355826 ops,   82222 (avg:   79742) ops/sec, 3.10MB/sec (avg: 3.01MB/sec),  3.89 (avg:  4.01) msec latency[RUN #1 90%,  18 secs]  8 threads:     1436100 ops,   80262 (avg:   79771) ops/sec, 3.03MB/sec (avg: 3.01MB/sec),  3.98 (avg:  4.01) msec latency[RUN #1 95%,  19 secs]  8 threads:     1516829 ops,   80718 (avg:   79821) ops/sec, 3.04MB/sec (avg: 3.01MB/sec),  3.96 (avg:  4.00) msec latency[RUN #1 100%,  20 secs]  8 threads:     1601571 ops,   80718 (avg:   80070) ops/sec, 3.04MB/sec (avg: 3.02MB/sec),  3.96 (avg:  3.99) msec latency[RUN #1 100%,  20 secs]  0 threads:     1601733 ops,   80718 (avg:   80061) ops/sec, 3.04MB/sec (avg: 3.02MB/sec),  3.96 (avg:  3.99) msec latency

8         Threads
40        Connections per thread
20        Seconds
Type        Ops/sec     Hits/sec   Misses/sec      Latency       KB/sec
------------------------------------------------------------------------
Sets        7285.67          ---          ---      4.20700       540.06
Gets       72780.82      2611.24     70169.58      3.97100      2552.12
Totals     80066.49      2611.24     70169.58      3.99200      3092.18


Request Latency Distribution
Type     <= msec         Percent
------------------------------------------------------------------------
SET       1.000     71.76604
SET       2.000     74.71492
SET       3.000     76.70051
SET       4.000     78.63465
SET       5.000     80.48165
SET       6.000     82.09605
SET       7.000     83.54854
SET       8.000     84.94134
SET       9.000     86.32110
SET      10.000     87.54991
SET      11.000     88.62779
SET      12.000     89.65626
SET      13.000     90.80206
SET      14.000     91.62058
SET      15.000     92.35472
SET      16.000     93.10463
SET      17.000     93.86484
SET      18.000     94.45763
SET      19.000     94.95575
SET      20.000     95.43053
SET      21.000     95.92864
SET      22.000     96.29503
SET      23.000     96.64906
SET      24.000     96.97496
SET      25.000     97.28645
SET      26.000     97.52110
SET      27.000     97.72624
SET      28.000     97.92659
SET      29.000     98.09468
SET      30.000     98.24631
SET      31.000     98.39108
SET      32.000     98.50909
SET      33.000     98.61544
SET      34.000     98.71492
SET      35.000     98.79657
SET      36.000     98.89949
SET      37.000     98.97427
SET      38.000     99.04906
SET      39.000     99.10875
SET      40.000     99.17942
SET      41.000     99.22950
SET      42.000     99.27273
SET      43.000     99.30978
SET      44.000     99.34957
SET      45.000     99.40172
SET      46.000     99.44082
SET      47.000     99.46895
SET      48.000     99.50051
SET      49.000     99.53756
SET      50.000     99.56844
SET      51.000     99.59520
SET      52.000     99.61441
SET      53.000     99.63225
SET      54.000     99.64940
SET      55.000     99.65969
SET      56.000     99.67479
SET      57.000     99.68508
SET      58.000     99.69811
SET      59.000     99.70840
SET      60.000     99.72007
SET      61.000     99.72762
SET      62.000     99.73654
SET      63.000     99.74957
SET      64.000     99.76123
SET      65.000     99.77153
SET      66.000     99.77633
SET      67.000     99.78525
SET      68.000     99.79417
SET      69.000     99.80377
SET      70.000     99.80858
SET      71.000     99.81407
SET      72.000     99.82367
SET      73.000     99.83122
SET      74.000     99.83739
SET      75.000     99.84288
SET      76.000     99.84631
SET      77.000     99.84906
SET      78.000     99.85249
SET      79.000     99.85592
SET      80.000     99.85935
SET      81.000     99.86415
SET      82.000     99.86621
SET      83.000     99.87238
SET      84.000     99.87376
SET      85.000     99.87719
SET      86.000     99.88062
SET      89.000     99.88199
SET      90.000     99.88542
SET      91.000     99.89022
SET      92.000     99.89160
SET      93.000     99.89365
SET      94.000     99.89571
SET      95.000     99.89846
SET      96.000     99.90120
SET      98.000     99.90532
SET      99.000     99.90669
SET     100.000     99.91492
SET     110.000     99.92384
SET     120.000     99.92796
SET     130.000     99.93002
SET     140.000     99.93208
SET     150.000     99.93619
SET     160.000     99.94237
SET     170.000     99.95334
SET     180.000     99.95952
SET     190.000     99.96364
SET     200.000     99.96707
SET     210.000     99.97050
SET     220.000     99.97804
SET     230.000     99.98491
SET     240.000     99.99520
SET     250.000     99.99726
SET     260.000    100.00000
---
GET       0.088      0.00007
GET       0.092      0.00014
GET       0.095      0.00021
GET       0.098      0.00027
GET       0.110      0.00041
GET       0.120      0.00055
GET       0.130      0.00082
GET       0.140      0.00165
GET       0.150      0.00295
GET       0.160      0.00398
GET       0.170      0.00488
GET       0.180      0.00652
GET       0.190      0.01113
GET       0.200      0.01593
GET       0.210      0.01944
GET       0.220      0.02370
GET       0.230      0.02919
GET       0.240      0.03970
GET       0.250      0.04773
GET       0.260      0.05673
GET       0.270      0.06497
GET       0.280      0.07479
GET       0.290      0.09080
GET       0.300      0.10749
GET       0.310      0.12583
GET       0.320      0.14451
GET       0.330      0.16992
GET       0.340      0.20756
GET       0.350      0.24478
GET       0.360      0.27906
GET       0.370      0.31154
GET       0.380      0.35110
GET       0.390      0.39636
GET       0.400      0.44973
GET       0.410      0.51099
GET       0.420      0.59609
GET       0.430      0.72707
GET       0.440      0.93744
GET       0.450      1.24988
GET       0.460      1.72729
GET       0.470      2.43526
GET       0.480      3.56316
GET       0.490      5.24100
GET       0.500      7.45462
GET       0.510     10.17478
GET       0.520     13.42399
GET       0.530     17.28145
GET       0.540     21.58315
GET       0.550     25.68182
GET       0.560     29.31902
GET       0.570     32.39365
GET       0.580     35.02163
GET       0.590     37.23505
GET       0.600     38.95464
GET       0.610     40.29134
GET       0.620     41.36065
GET       0.630     42.29115
GET       0.640     43.07619
GET       0.650     43.74824
GET       0.660     44.32607
GET       0.670     44.83754
GET       0.680     45.31866
GET       0.690     45.74689
GET       0.700     46.11634
GET       0.710     46.44443
GET       0.720     46.72932
GET       0.730     46.97466
GET       0.740     47.19039
GET       0.750     47.37899
GET       0.760     47.53922
GET       0.770     47.68030
GET       0.780     47.80859
GET       0.790     47.92858
GET       0.800     48.03593
GET       0.810     48.13683
GET       0.820     48.23587
GET       0.830     48.33161
GET       0.840     48.42055
GET       0.850     48.51101
GET       0.860     48.59871
GET       0.870     48.68944
GET       0.880     48.78752
GET       0.890     48.88869
GET       0.900     48.99212
GET       0.910     49.11108
GET       0.920     49.24233
GET       0.930     49.39433
GET       0.940     49.56940
GET       0.950     49.77366
GET       0.960     50.02819
GET       0.970     50.31055
GET       0.980     50.65732
GET       0.990     51.08185
GET       1.000     55.17235
GET       1.100     64.65165
GET       1.200     68.81543
GET       1.300     70.56676
GET       1.400     71.40365
GET       1.500     71.84061
GET       1.600     72.12069
GET       1.700     72.35593
GET       1.800     72.58052
GET       1.900     72.83457
GET       2.000     73.16638
GET       2.100     73.54303
GET       2.200     73.93156
GET       2.300     74.29290
GET       2.400     74.59036
GET       2.500     74.84710
GET       2.600     75.06654
GET       2.700     75.27705
GET       2.800     75.48824
GET       2.900     75.68392
GET       3.000     75.86380
GET       3.100     76.05391
GET       3.200     76.24423
GET       3.300     76.43358
GET       3.400     76.62150
GET       3.500     76.80825
GET       3.600     76.99094
GET       3.700     77.16629
GET       3.800     77.33469
GET       3.900     77.52439
GET       4.000     77.70125
GET       4.100     77.88807
GET       4.200     78.05998
GET       4.300     78.22756
GET       4.400     78.41362
GET       4.500     78.60291
GET       4.600     78.80854
GET       4.700     78.98787
GET       4.800     79.16391
GET       4.900     79.35100
GET       5.000     79.53273
GET       5.100     79.73768
GET       5.200     79.95203
GET       5.300     80.15574
GET       5.400     80.33507
GET       5.500     80.50211
GET       5.600     80.66749
GET       5.700     80.82423
GET       5.800     80.96887
GET       5.900     81.12588
GET       6.000     81.27767
GET       6.100     81.43948
GET       6.200     81.60789
GET       6.300     81.76799
GET       6.400     81.93358
GET       6.500     82.10432
GET       6.600     82.25694
GET       6.700     82.39567
GET       6.800     82.53826
GET       6.900     82.68180
GET       7.000     82.83208
GET       7.100     82.98806
GET       7.200     83.12776
GET       7.300     83.26615
GET       7.400     83.41025
GET       7.500     83.54184
GET       7.600     83.69294
GET       7.700     83.84727
GET       7.800     83.99253
GET       7.900     84.12646
GET       8.000     84.25311
GET       8.100     84.38697
GET       8.200     84.52090
GET       8.300     84.64893
GET       8.400     84.78306
GET       8.500     84.92338
GET       8.600     85.08128
GET       8.700     85.21295
GET       8.800     85.34440
GET       8.900     85.46652
GET       9.000     85.60217
GET       9.100     85.76872
GET       9.200     85.95485
GET       9.300     86.11000
GET       9.400     86.25005
GET       9.500     86.38205
GET       9.600     86.49531
GET       9.700     86.62038
GET       9.800     86.73412
GET       9.900     86.84312
GET      10.000     87.45981
GET      11.000     88.64918
GET      12.000     89.59425
GET      13.000     90.78794
GET      14.000     91.66927
GET      15.000     92.41392
GET      16.000     93.12100
GET      17.000     93.90412
GET      18.000     94.53696
GET      19.000     95.04754
GET      20.000     95.47893
GET      21.000     95.98203
GET      22.000     96.39886
GET      23.000     96.73101
GET      24.000     97.03362
GET      25.000     97.36055
GET      26.000     97.61062
GET      27.000     97.82243
GET      28.000     98.00781
GET      29.000     98.18446
GET      30.000     98.34531
GET      31.000     98.47993
GET      32.000     98.61839
GET      33.000     98.73405
GET      34.000     98.83117
GET      35.000     98.91510
GET      36.000     98.99415
GET      37.000     99.07925
GET      38.000     99.15322
GET      39.000     99.21304
GET      40.000     99.27554
GET      41.000     99.33117
GET      42.000     99.37726
GET      43.000     99.41881
GET      44.000     99.45824
GET      45.000     99.49793
GET      46.000     99.53124
GET      47.000     99.56586
GET      48.000     99.59587
GET      49.000     99.62582
GET      50.000     99.65233
GET      51.000     99.67685
GET      52.000     99.69718
GET      53.000     99.71765
GET      54.000     99.73496
GET      55.000     99.75116
GET      56.000     99.76813
GET      57.000     99.78523
GET      58.000     99.79807
GET      59.000     99.81195
GET      60.000     99.82514
GET      61.000     99.83661
GET      62.000     99.84340
GET      63.000     99.85384
GET      64.000     99.86559
GET      65.000     99.87507
GET      66.000     99.88372
GET      67.000     99.89176
GET      68.000     99.89938
GET      69.000     99.90632
GET      70.000     99.91188
GET      71.000     99.91724
GET      72.000     99.92246
GET      73.000     99.92775
GET      74.000     99.93352
GET      75.000     99.93750
GET      76.000     99.94183
GET      77.000     99.94505
GET      78.000     99.94924
GET      79.000     99.95343
GET      80.000     99.95522
GET      81.000     99.95769
GET      82.000     99.96016
GET      83.000     99.96277
GET      84.000     99.96538
GET      85.000     99.96696
GET      86.000     99.96847
GET      87.000     99.96964
GET      88.000     99.97060
GET      89.000     99.97170
GET      90.000     99.97335
GET      91.000     99.97466
GET      92.000     99.97569
GET      93.000     99.97720
GET      94.000     99.97905
GET      95.000     99.97981
GET      96.000     99.98146
GET      97.000     99.98317
GET      98.000     99.98379
GET      99.000     99.98516
GET     100.000     99.98977
GET     110.000     99.99574
GET     120.000     99.99815
GET     130.000     99.99904
GET     140.000     99.99938
GET     150.000     99.99959
GET     160.000     99.99979
GET     170.000     99.99986
GET     190.000     99.99993
GET     200.000    100.00000
