[RUN #1] Preparing benchmark client...
[RUN #1] Launching threads now...
[RUN #1 5%,   1 secs]  8 threads:       75138 ops,   75099 (avg:   75099) ops/sec, 2.84MB/sec (avg: 2.84MB/sec),  4.19 (avg:  4.19) msec latency[RUN #1 10%,   2 secs]  8 threads:      152945 ops,   77793 (avg:   76446) ops/sec, 2.94MB/sec (avg: 2.89MB/sec),  4.12 (avg:  4.16) msec latency[RUN #1 15%,   3 secs]  8 threads:      233171 ops,   80212 (avg:   77701) ops/sec, 3.03MB/sec (avg: 2.93MB/sec),  3.96 (avg:  4.09) msec latency[RUN #1 20%,   4 secs]  8 threads:      313282 ops,   80099 (avg:   78301) ops/sec, 3.02MB/sec (avg: 2.95MB/sec),  4.03 (avg:  4.07) msec latency[RUN #1 25%,   5 secs]  8 threads:      393307 ops,   80013 (avg:   78643) ops/sec, 3.02MB/sec (avg: 2.97MB/sec),  3.99 (avg:  4.06) msec latency[RUN #1 30%,   6 secs]  8 threads:      474471 ops,   81150 (avg:   79061) ops/sec, 3.06MB/sec (avg: 2.98MB/sec),  3.90 (avg:  4.03) msec latency[RUN #1 35%,   7 secs]  8 threads:      553789 ops,   79306 (avg:   79096) ops/sec, 2.99MB/sec (avg: 2.98MB/sec),  4.06 (avg:  4.03) msec latency[RUN #1 40%,   8 secs]  8 threads:      635203 ops,   81399 (avg:   79384) ops/sec, 3.07MB/sec (avg: 2.99MB/sec),  3.91 (avg:  4.02) msec latency[RUN #1 45%,   9 secs]  8 threads:      715197 ops,   79981 (avg:   79450) ops/sec, 3.02MB/sec (avg: 3.00MB/sec),  4.01 (avg:  4.02) msec latency[RUN #1 50%,  10 secs]  8 threads:      794186 ops,   78978 (avg:   79403) ops/sec, 2.98MB/sec (avg: 3.00MB/sec),  4.03 (avg:  4.02) msec latency[RUN #1 55%,  11 secs]  8 threads:      873880 ops,   79680 (avg:   79428) ops/sec, 3.00MB/sec (avg: 3.00MB/sec),  4.01 (avg:  4.02) msec latency[RUN #1 60%,  12 secs]  8 threads:      954785 ops,   80892 (avg:   79550) ops/sec, 3.05MB/sec (avg: 3.00MB/sec),  3.97 (avg:  4.01) msec latency[RUN #1 65%,  13 secs]  8 threads:     1035299 ops,   80502 (avg:   79623) ops/sec, 3.04MB/sec (avg: 3.00MB/sec),  3.98 (avg:  4.01) msec latency[RUN #1 70%,  14 secs]  8 threads:     1116454 ops,   81143 (avg:   79732) ops/sec, 3.06MB/sec (avg: 3.01MB/sec),  3.93 (avg:  4.01) msec latency[RUN #1 75%,  15 secs]  8 threads:     1197467 ops,   81001 (avg:   79816) ops/sec, 3.05MB/sec (avg: 3.01MB/sec),  3.94 (avg:  4.00) msec latency[RUN #1 80%,  16 secs]  8 threads:     1277656 ops,   80176 (avg:   79839) ops/sec, 3.02MB/sec (avg: 3.01MB/sec),  4.00 (avg:  4.00) msec latency[RUN #1 85%,  17 secs]  8 threads:     1358788 ops,   81119 (avg:   79914) ops/sec, 3.06MB/sec (avg: 3.01MB/sec),  3.95 (avg:  4.00) msec latency[RUN #1 90%,  18 secs]  8 threads:     1440195 ops,   81395 (avg:   79997) ops/sec, 3.07MB/sec (avg: 3.02MB/sec),  3.90 (avg:  3.99) msec latency[RUN #1 95%,  19 secs]  8 threads:     1521869 ops,   81661 (avg:   80084) ops/sec, 3.08MB/sec (avg: 3.02MB/sec),  3.92 (avg:  3.99) msec latency[RUN #1 100%,  20 secs]  8 threads:     1603240 ops,   81661 (avg:   80151) ops/sec, 3.08MB/sec (avg: 3.02MB/sec),  3.92 (avg:  3.99) msec latency[RUN #1 100%,  20 secs]  0 threads:     1603461 ops,   81661 (avg:   80093) ops/sec, 3.08MB/sec (avg: 3.02MB/sec),  3.92 (avg:  3.99) msec latency

8         Threads
40        Connections per thread
20        Seconds
Type        Ops/sec     Hits/sec   Misses/sec      Latency       KB/sec
------------------------------------------------------------------------
Sets        7289.16          ---          ---      4.26100       540.31
Gets       72816.94      3224.40     69592.53      3.96400      2553.38
Totals     80106.09      3224.40     69592.53      3.99100      3093.69


Request Latency Distribution
Type     <= msec         Percent
------------------------------------------------------------------------
SET       1.000     73.50262
SET       2.000     76.95967
SET       3.000     78.78483
SET       4.000     80.34612
SET       5.000     81.84435
SET       6.000     83.21511
SET       7.000     84.40424
SET       8.000     85.63517
SET       9.000     86.60087
SET      10.000     87.38494
SET      11.000     88.07169
SET      12.000     88.83794
SET      13.000     89.50756
SET      14.000     90.10589
SET      15.000     90.70148
SET      16.000     91.29434
SET      17.000     91.80357
SET      18.000     92.31555
SET      19.000     92.80559
SET      20.000     93.24835
SET      21.000     93.63421
SET      22.000     94.06532
SET      23.000     94.44707
SET      24.000     94.85282
SET      25.000     95.17014
SET      26.000     95.50324
SET      27.000     95.85621
SET      28.000     96.14132
SET      29.000     96.41685
SET      30.000     96.68209
SET      31.000     96.92882
SET      32.000     97.14609
SET      33.000     97.36335
SET      34.000     97.58404
SET      35.000     97.73209
SET      36.000     97.88424
SET      37.000     98.00761
SET      38.000     98.13989
SET      39.000     98.26188
SET      40.000     98.37428
SET      41.000     98.48463
SET      42.000     98.59703
SET      43.000     98.68545
SET      44.000     98.78140
SET      45.000     98.85336
SET      46.000     98.91642
SET      47.000     98.97673
SET      48.000     99.03499
SET      49.000     99.09667
SET      50.000     99.15150
SET      51.000     99.21319
SET      52.000     99.26390
SET      53.000     99.30914
SET      54.000     99.35849
SET      55.000     99.39070
SET      56.000     99.43319
SET      57.000     99.47226
SET      58.000     99.49967
SET      59.000     99.53874
SET      60.000     99.55588
SET      61.000     99.57781
SET      62.000     99.59974
SET      63.000     99.61756
SET      64.000     99.63264
SET      65.000     99.64909
SET      66.000     99.66965
SET      67.000     99.68815
SET      68.000     99.70049
SET      69.000     99.71214
SET      70.000     99.72585
SET      71.000     99.73956
SET      72.000     99.74710
SET      73.000     99.75532
SET      74.000     99.76560
SET      75.000     99.77862
SET      76.000     99.78753
SET      77.000     99.79713
SET      78.000     99.80467
SET      79.000     99.81289
SET      80.000     99.81906
SET      81.000     99.82386
SET      82.000     99.82866
SET      83.000     99.83482
SET      84.000     99.83962
SET      85.000     99.84648
SET      86.000     99.85264
SET      87.000     99.85881
SET      88.000     99.86498
SET      89.000     99.86978
SET      90.000     99.87800
SET      91.000     99.88074
SET      92.000     99.88417
SET      93.000     99.89034
SET      94.000     99.89788
SET      95.000     99.90199
SET      96.000     99.90473
SET      97.000     99.90679
SET      98.000     99.91022
SET      99.000     99.91433
SET     100.000     99.92735
SET     110.000     99.94791
SET     120.000     99.96847
SET     130.000     99.97875
SET     140.000     99.98355
SET     150.000     99.98903
SET     160.000     99.99246
SET     170.000     99.99520
SET     180.000     99.99657
SET     190.000     99.99794
SET     200.000     99.99863
SET     210.000     99.99931
SET     250.000    100.00000
---
GET       0.081      0.00007
GET       0.084      0.00014
GET       0.088      0.00027
GET       0.089      0.00034
GET       0.090      0.00062
GET       0.091      0.00082
GET       0.092      0.00089
GET       0.093      0.00130
GET       0.094      0.00144
GET       0.095      0.00158
GET       0.096      0.00192
GET       0.097      0.00226
GET       0.098      0.00233
GET       0.099      0.00261
GET       0.100      0.00384
GET       0.110      0.00672
GET       0.120      0.01084
GET       0.130      0.01983
GET       0.140      0.04501
GET       0.150      0.08432
GET       0.160      0.13461
GET       0.170      0.21666
GET       0.180      0.37721
GET       0.190      0.78124
GET       0.200      1.43034
GET       0.210      2.30653
GET       0.220      3.54456
GET       0.230      5.55855
GET       0.240      9.27196
GET       0.250     13.30481
GET       0.260     16.72148
GET       0.270     19.69139
GET       0.280     22.58589
GET       0.290     25.86734
GET       0.300     28.30972
GET       0.310     29.91501
GET       0.320     31.03531
GET       0.330     31.99486
GET       0.340     32.95668
GET       0.350     33.73304
GET       0.360     34.35532
GET       0.370     34.88278
GET       0.380     35.40708
GET       0.390     35.93749
GET       0.400     36.43208
GET       0.410     36.89477
GET       0.420     37.38971
GET       0.430     37.99202
GET       0.440     38.75776
GET       0.450     39.67209
GET       0.460     40.74259
GET       0.470     42.05890
GET       0.480     43.78247
GET       0.490     46.00976
GET       0.500     48.37989
GET       0.510     50.78028
GET       0.520     53.19569
GET       0.530     55.69460
GET       0.540     58.15495
GET       0.550     60.21463
GET       0.560     61.92242
GET       0.570     63.38336
GET       0.580     64.66750
GET       0.590     65.78896
GET       0.600     66.72327
GET       0.610     67.51521
GET       0.620     68.20760
GET       0.630     68.85115
GET       0.640     69.43260
GET       0.650     69.95951
GET       0.660     70.41067
GET       0.670     70.82157
GET       0.680     71.20666
GET       0.690     71.55451
GET       0.700     71.87134
GET       0.710     72.15016
GET       0.720     72.40909
GET       0.730     72.63961
GET       0.740     72.84811
GET       0.750     73.03191
GET       0.760     73.19232
GET       0.770     73.34209
GET       0.780     73.47594
GET       0.790     73.59841
GET       0.800     73.71031
GET       0.810     73.80670
GET       0.820     73.90069
GET       0.830     73.98591
GET       0.840     74.06762
GET       0.850     74.14542
GET       0.860     74.22151
GET       0.870     74.29423
GET       0.880     74.36208
GET       0.890     74.42575
GET       0.900     74.49354
GET       0.910     74.55501
GET       0.920     74.62142
GET       0.930     74.68715
GET       0.940     74.75006
GET       0.950     74.81332
GET       0.960     74.87801
GET       0.970     74.94649
GET       0.980     75.01695
GET       0.990     75.08960
GET       1.000     75.48705
GET       1.100     76.20922
GET       1.200     76.81777
GET       1.300     77.29171
GET       1.400     77.62570
GET       1.500     77.89608
GET       1.600     78.13806
GET       1.700     78.37229
GET       1.800     78.61194
GET       1.900     78.83409
GET       2.000     79.06358
GET       2.100     79.28512
GET       2.200     79.49698
GET       2.300     79.70205
GET       2.400     79.89552
GET       2.500     80.08653
GET       2.600     80.26457
GET       2.700     80.44226
GET       2.800     80.60129
GET       2.900     80.76321
GET       3.000     80.92368
GET       3.100     81.07503
GET       3.200     81.22494
GET       3.300     81.37101
GET       3.400     81.50157
GET       3.500     81.63968
GET       3.600     81.76166
GET       3.700     81.88440
GET       3.800     82.00515
GET       3.900     82.11877
GET       4.000     82.22909
GET       4.100     82.33763
GET       4.200     82.45289
GET       4.300     82.57343
GET       4.400     82.67861
GET       4.500     82.79401
GET       4.600     82.92601
GET       4.700     83.04470
GET       4.800     83.15797
GET       4.900     83.26013
GET       5.000     83.36565
GET       5.100     83.46465
GET       5.200     83.56859
GET       5.300     83.67102
GET       5.400     83.77661
GET       5.500     83.87177
GET       5.600     83.96981
GET       5.700     84.06106
GET       5.800     84.15656
GET       5.900     84.25138
GET       6.000     84.35209
GET       6.100     84.45370
GET       6.200     84.54433
GET       6.300     84.63936
GET       6.400     84.73191
GET       6.500     84.82391
GET       6.600     84.91797
GET       6.700     85.01402
GET       6.800     85.10472
GET       6.900     85.19837
GET       7.000     85.29223
GET       7.100     85.37991
GET       7.200     85.46862
GET       7.300     85.55513
GET       7.400     85.63541
GET       7.500     85.71513
GET       7.600     85.80411
GET       7.700     85.88288
GET       7.800     85.96054
GET       7.900     86.04349
GET       8.000     86.12554
GET       8.100     86.20348
GET       8.200     86.28265
GET       8.300     86.36937
GET       8.400     86.44327
GET       8.500     86.54782
GET       8.600     86.64737
GET       8.700     86.73855
GET       8.800     86.82706
GET       8.900     86.90376
GET       9.000     86.98026
GET       9.100     87.05690
GET       9.200     87.13168
GET       9.300     87.20584
GET       9.400     87.27624
GET       9.500     87.34423
GET       9.600     87.41963
GET       9.700     87.48590
GET       9.800     87.55657
GET       9.900     87.63149
GET      10.000     88.03573
GET      11.000     88.77848
GET      12.000     89.41036
GET      13.000     90.05534
GET      14.000     90.62691
GET      15.000     91.19876
GET      16.000     91.72876
GET      17.000     92.28462
GET      18.000     92.76213
GET      19.000     93.22777
GET      20.000     93.66144
GET      21.000     94.10644
GET      22.000     94.47973
GET      23.000     94.87876
GET      24.000     95.24787
GET      25.000     95.59859
GET      26.000     95.88654
GET      27.000     96.20296
GET      28.000     96.46799
GET      29.000     96.70723
GET      30.000     96.94015
GET      31.000     97.16107
GET      32.000     97.35585
GET      33.000     97.52737
GET      34.000     97.70520
GET      35.000     97.87157
GET      36.000     98.00440
GET      37.000     98.12906
GET      38.000     98.24446
GET      39.000     98.35286
GET      40.000     98.45275
GET      41.000     98.55484
GET      42.000     98.64774
GET      43.000     98.73734
GET      44.000     98.81535
GET      45.000     98.88265
GET      46.000     98.95380
GET      47.000     99.02041
GET      48.000     99.08251
GET      49.000     99.14103
GET      50.000     99.19838
GET      51.000     99.24332
GET      52.000     99.28956
GET      53.000     99.33210
GET      54.000     99.36695
GET      55.000     99.40428
GET      56.000     99.44256
GET      57.000     99.47817
GET      58.000     99.50705
GET      59.000     99.53148
GET      60.000     99.55391
GET      61.000     99.57463
GET      62.000     99.59556
GET      63.000     99.61669
GET      64.000     99.63706
GET      65.000     99.65607
GET      66.000     99.67247
GET      67.000     99.68530
GET      68.000     99.70011
GET      69.000     99.71370
GET      70.000     99.72522
GET      71.000     99.73497
GET      72.000     99.74560
GET      73.000     99.75624
GET      74.000     99.76687
GET      75.000     99.77805
GET      76.000     99.78711
GET      77.000     99.79733
GET      78.000     99.80577
GET      79.000     99.81318
GET      80.000     99.82052
GET      81.000     99.82752
GET      82.000     99.83253
GET      83.000     99.83692
GET      84.000     99.84234
GET      85.000     99.85030
GET      86.000     99.85647
GET      87.000     99.86292
GET      88.000     99.86704
GET      89.000     99.87170
GET      90.000     99.87836
GET      91.000     99.88220
GET      92.000     99.88735
GET      93.000     99.89222
GET      94.000     99.89777
GET      95.000     99.90127
GET      96.000     99.90388
GET      97.000     99.90752
GET      98.000     99.91122
GET      99.000     99.91486
GET     100.000     99.92913
GET     110.000     99.95390
GET     120.000     99.97084
GET     130.000     99.98100
GET     140.000     99.98635
GET     150.000     99.99033
GET     160.000     99.99444
GET     170.000     99.99630
GET     180.000     99.99726
GET     190.000     99.99842
GET     200.000     99.99897
GET     210.000     99.99925
GET     230.000     99.99945
GET     240.000     99.99959
GET     250.000    100.00000
