[RUN #1] Preparing benchmark client...
[RUN #1] Launching threads now...
[RUN #1 5%,   1 secs]  8 threads:       71227 ops,   71218 (avg:   71218) ops/sec, 2.69MB/sec (avg: 2.69MB/sec),  4.43 (avg:  4.43) msec latency[RUN #1 10%,   2 secs]  8 threads:      147912 ops,   76672 (avg:   73945) ops/sec, 2.89MB/sec (avg: 2.79MB/sec),  4.17 (avg:  4.29) msec latency[RUN #1 15%,   3 secs]  8 threads:      224382 ops,   76457 (avg:   74783) ops/sec, 2.88MB/sec (avg: 2.82MB/sec),  4.17 (avg:  4.25) msec latency[RUN #1 20%,   4 secs]  8 threads:      300573 ops,   76178 (avg:   75132) ops/sec, 2.87MB/sec (avg: 2.84MB/sec),  4.19 (avg:  4.24) msec latency[RUN #1 25%,   5 secs]  8 threads:      377529 ops,   76944 (avg:   75494) ops/sec, 2.90MB/sec (avg: 2.85MB/sec),  4.16 (avg:  4.22) msec latency[RUN #1 30%,   6 secs]  8 threads:      455488 ops,   77947 (avg:   75903) ops/sec, 2.94MB/sec (avg: 2.86MB/sec),  4.13 (avg:  4.20) msec latency[RUN #1 35%,   7 secs]  8 threads:      534177 ops,   78678 (avg:   76299) ops/sec, 2.97MB/sec (avg: 2.88MB/sec),  4.07 (avg:  4.18) msec latency[RUN #1 40%,   8 secs]  8 threads:      611635 ops,   77447 (avg:   76443) ops/sec, 2.92MB/sec (avg: 2.88MB/sec),  4.11 (avg:  4.18) msec latency[RUN #1 45%,   9 secs]  8 threads:      687572 ops,   75925 (avg:   76385) ops/sec, 2.86MB/sec (avg: 2.88MB/sec),  4.20 (avg:  4.18) msec latency[RUN #1 50%,  10 secs]  8 threads:      763829 ops,   76246 (avg:   76371) ops/sec, 2.87MB/sec (avg: 2.88MB/sec),  4.21 (avg:  4.18) msec latency[RUN #1 55%,  11 secs]  8 threads:      839831 ops,   75991 (avg:   76337) ops/sec, 2.87MB/sec (avg: 2.88MB/sec),  4.17 (avg:  4.18) msec latency[RUN #1 60%,  12 secs]  8 threads:      919301 ops,   79459 (avg:   76597) ops/sec, 3.00MB/sec (avg: 2.89MB/sec),  4.04 (avg:  4.17) msec latency[RUN #1 65%,  13 secs]  8 threads:      997106 ops,   77793 (avg:   76689) ops/sec, 2.93MB/sec (avg: 2.89MB/sec),  4.11 (avg:  4.16) msec latency[RUN #1 70%,  14 secs]  8 threads:     1074567 ops,   77448 (avg:   76743) ops/sec, 2.92MB/sec (avg: 2.89MB/sec),  4.11 (avg:  4.16) msec latency[RUN #1 75%,  15 secs]  8 threads:     1151858 ops,   77279 (avg:   76779) ops/sec, 2.91MB/sec (avg: 2.90MB/sec),  4.15 (avg:  4.16) msec latency[RUN #1 80%,  16 secs]  8 threads:     1230188 ops,   78317 (avg:   76875) ops/sec, 2.95MB/sec (avg: 2.90MB/sec),  4.08 (avg:  4.15) msec latency[RUN #1 85%,  17 secs]  8 threads:     1306961 ops,   76760 (avg:   76868) ops/sec, 2.89MB/sec (avg: 2.90MB/sec),  4.17 (avg:  4.15) msec latency[RUN #1 90%,  18 secs]  8 threads:     1383588 ops,   76615 (avg:   76854) ops/sec, 2.89MB/sec (avg: 2.90MB/sec),  4.17 (avg:  4.16) msec latency[RUN #1 95%,  19 secs]  8 threads:     1461642 ops,   78042 (avg:   76917) ops/sec, 2.94MB/sec (avg: 2.90MB/sec),  4.12 (avg:  4.15) msec latency[RUN #1 100%,  20 secs]  8 threads:     1538972 ops,   78042 (avg:   76938) ops/sec, 2.94MB/sec (avg: 2.90MB/sec),  4.12 (avg:  4.15) msec latency[RUN #1 100%,  20 secs]  0 threads:     1539241 ops,   78042 (avg:   76883) ops/sec, 2.94MB/sec (avg: 2.90MB/sec),  4.12 (avg:  4.16) msec latency

8         Threads
40        Connections per thread
20        Seconds
Type        Ops/sec     Hits/sec   Misses/sec      Latency       KB/sec
------------------------------------------------------------------------
Sets        6997.24          ---          ---      4.42900       518.67
Gets       69891.05      3061.66     66829.39      4.13000      2450.77
Totals     76888.29      3061.66     66829.39      4.15700      2969.44


Request Latency Distribution
Type     <= msec         Percent
------------------------------------------------------------------------
SET       1.000     74.70713
SET       2.000     77.59978
SET       3.000     79.41090
SET       4.000     80.85081
SET       5.000     82.23217
SET       6.000     83.31584
SET       7.000     84.34383
SET       8.000     85.38325
SET       9.000     86.48191
SET      10.000     87.45922
SET      11.000     88.21665
SET      12.000     88.90840
SET      13.000     89.56018
SET      14.000     90.13771
SET      15.000     90.74522
SET      16.000     91.31205
SET      17.000     91.86102
SET      18.000     92.36217
SET      19.000     92.84404
SET      20.000     93.33519
SET      21.000     93.77209
SET      22.000     94.16401
SET      23.000     94.55950
SET      24.000     94.94928
SET      25.000     95.26838
SET      26.000     95.60177
SET      27.000     95.90874
SET      28.000     96.20928
SET      29.000     96.46557
SET      30.000     96.72970
SET      31.000     96.93530
SET      32.000     97.12591
SET      33.000     97.32508
SET      34.000     97.54139
SET      35.000     97.68916
SET      36.000     97.84479
SET      37.000     97.96615
SET      38.000     98.08965
SET      39.000     98.21387
SET      40.000     98.32452
SET      41.000     98.44374
SET      42.000     98.55796
SET      43.000     98.65005
SET      44.000     98.73429
SET      45.000     98.81424
SET      46.000     98.89348
SET      47.000     98.97344
SET      48.000     99.03269
SET      49.000     99.10265
SET      50.000     99.15762
SET      51.000     99.21330
SET      52.000     99.25042
SET      53.000     99.29326
SET      54.000     99.33181
SET      55.000     99.37678
SET      56.000     99.41247
SET      57.000     99.44960
SET      58.000     99.48458
SET      59.000     99.51313
SET      60.000     99.53740
SET      61.000     99.55382
SET      62.000     99.58024
SET      63.000     99.60665
SET      64.000     99.62378
SET      65.000     99.63949
SET      66.000     99.65234
SET      67.000     99.67090
SET      68.000     99.68375
SET      69.000     99.69874
SET      70.000     99.71231
SET      71.000     99.72016
SET      72.000     99.73515
SET      73.000     99.75085
SET      74.000     99.75799
SET      75.000     99.77227
SET      76.000     99.78584
SET      77.000     99.79440
SET      78.000     99.80154
SET      79.000     99.80868
SET      80.000     99.81582
SET      81.000     99.82367
SET      82.000     99.82867
SET      83.000     99.83367
SET      84.000     99.84509
SET      85.000     99.84866
SET      86.000     99.85437
SET      87.000     99.85865
SET      88.000     99.86650
SET      89.000     99.87150
SET      90.000     99.87578
SET      91.000     99.88364
SET      92.000     99.89006
SET      93.000     99.89292
SET      94.000     99.89863
SET      95.000     99.89934
SET      96.000     99.90077
SET      97.000     99.90291
SET      98.000     99.90791
SET      99.000     99.90862
SET     100.000     99.91933
SET     110.000     99.94146
SET     120.000     99.96645
SET     130.000     99.98429
SET     140.000     99.99001
SET     150.000     99.99358
SET     160.000     99.99572
SET     170.000     99.99857
SET     230.000     99.99929
SET     270.000    100.00000
---
GET       0.084      0.00007
GET       0.085      0.00014
GET       0.086      0.00029
GET       0.088      0.00036
GET       0.091      0.00043
GET       0.093      0.00050
GET       0.094      0.00064
GET       0.095      0.00086
GET       0.096      0.00093
GET       0.097      0.00122
GET       0.099      0.00129
GET       0.100      0.00193
GET       0.110      0.00400
GET       0.120      0.00679
GET       0.130      0.01515
GET       0.140      0.03488
GET       0.150      0.06397
GET       0.160      0.10785
GET       0.170      0.17625
GET       0.180      0.31590
GET       0.190      0.66933
GET       0.200      1.25103
GET       0.210      2.04015
GET       0.220      3.14753
GET       0.230      4.94432
GET       0.240      8.22814
GET       0.250     11.75990
GET       0.260     14.79607
GET       0.270     17.40842
GET       0.280     20.00319
GET       0.290     22.88627
GET       0.300     25.06086
GET       0.310     26.51144
GET       0.320     27.53920
GET       0.330     28.42123
GET       0.340     29.29132
GET       0.350     30.02940
GET       0.360     30.60625
GET       0.370     31.10805
GET       0.380     31.60485
GET       0.390     32.13066
GET       0.400     32.61502
GET       0.410     33.07465
GET       0.420     33.56802
GET       0.430     34.17946
GET       0.440     34.97486
GET       0.450     35.95295
GET       0.460     37.10421
GET       0.470     38.54736
GET       0.480     40.39161
GET       0.490     42.74151
GET       0.500     45.32213
GET       0.510     47.95292
GET       0.520     50.60036
GET       0.530     53.28246
GET       0.540     55.92683
GET       0.550     58.17811
GET       0.560     60.03308
GET       0.570     61.58329
GET       0.580     62.95933
GET       0.590     64.15290
GET       0.600     65.14149
GET       0.610     65.98435
GET       0.620     66.71808
GET       0.630     67.37719
GET       0.640     67.99777
GET       0.650     68.54017
GET       0.660     69.01938
GET       0.670     69.44743
GET       0.680     69.84945
GET       0.690     70.21724
GET       0.700     70.55416
GET       0.710     70.85348
GET       0.720     71.11850
GET       0.730     71.36150
GET       0.740     71.58213
GET       0.750     71.77067
GET       0.760     71.94213
GET       0.770     72.09265
GET       0.780     72.23374
GET       0.790     72.35710
GET       0.800     72.47295
GET       0.810     72.57980
GET       0.820     72.67600
GET       0.830     72.76227
GET       0.840     72.84896
GET       0.850     72.92344
GET       0.860     72.99848
GET       0.870     73.07081
GET       0.880     73.14042
GET       0.890     73.20932
GET       0.900     73.27829
GET       0.910     73.34462
GET       0.920     73.41230
GET       0.930     73.48213
GET       0.940     73.55474
GET       0.950     73.62571
GET       0.960     73.70204
GET       0.970     73.77566
GET       0.980     73.85142
GET       0.990     73.93218
GET       1.000     74.37709
GET       1.100     75.21452
GET       1.200     75.92130
GET       1.300     76.43847
GET       1.400     76.80662
GET       1.500     77.10008
GET       1.600     77.35037
GET       1.700     77.58330
GET       1.800     77.82587
GET       1.900     78.05258
GET       2.000     78.27550
GET       2.100     78.50235
GET       2.200     78.71626
GET       2.300     78.92917
GET       2.400     79.12143
GET       2.500     79.31026
GET       2.600     79.49194
GET       2.700     79.66762
GET       2.800     79.83271
GET       2.900     79.99267
GET       3.000     80.16041
GET       3.100     80.31715
GET       3.200     80.47131
GET       3.300     80.61976
GET       3.400     80.75762
GET       3.500     80.89478
GET       3.600     81.02993
GET       3.700     81.15336
GET       3.800     81.27565
GET       3.900     81.39258
GET       4.000     81.50550
GET       4.100     81.61800
GET       4.200     81.73157
GET       4.300     81.84935
GET       4.400     81.95827
GET       4.500     82.07984
GET       4.600     82.20606
GET       4.700     82.32799
GET       4.800     82.43349
GET       4.900     82.54369
GET       5.000     82.64983
GET       5.100     82.75132
GET       5.200     82.86503
GET       5.300     82.97638
GET       5.400     83.08538
GET       5.500     83.18829
GET       5.600     83.28878
GET       5.700     83.38284
GET       5.800     83.48168
GET       5.900     83.58339
GET       6.000     83.68523
GET       6.100     83.78708
GET       6.200     83.88671
GET       6.300     83.98406
GET       6.400     84.08562
GET       6.500     84.18825
GET       6.600     84.28774
GET       6.700     84.38165
GET       6.800     84.46956
GET       6.900     84.57291
GET       7.000     84.67275
GET       7.100     84.76710
GET       7.200     84.85658
GET       7.300     84.94992
GET       7.400     85.03447
GET       7.500     85.11709
GET       7.600     85.20993
GET       7.700     85.29234
GET       7.800     85.38211
GET       7.900     85.46887
GET       8.000     85.55257
GET       8.100     85.63855
GET       8.200     85.72460
GET       8.300     85.81365
GET       8.400     85.89263
GET       8.500     85.99483
GET       8.600     86.09896
GET       8.700     86.19073
GET       8.800     86.28143
GET       8.900     86.35969
GET       9.000     86.43845
GET       9.100     86.52608
GET       9.200     86.60691
GET       9.300     86.68517
GET       9.400     86.75979
GET       9.500     86.82912
GET       9.600     86.90338
GET       9.700     86.97306
GET       9.800     87.04868
GET       9.900     87.13073
GET      10.000     87.55498
GET      11.000     88.31722
GET      12.000     88.96332
GET      13.000     89.64916
GET      14.000     90.24966
GET      15.000     90.83444
GET      16.000     91.39206
GET      17.000     91.96440
GET      18.000     92.46592
GET      19.000     92.95385
GET      20.000     93.39090
GET      21.000     93.85561
GET      22.000     94.24277
GET      23.000     94.64894
GET      24.000     95.02517
GET      25.000     95.39053
GET      26.000     95.68385
GET      27.000     96.00125
GET      28.000     96.27770
GET      29.000     96.52921
GET      30.000     96.77285
GET      31.000     96.99870
GET      32.000     97.19868
GET      33.000     97.37764
GET      34.000     97.56840
GET      35.000     97.75008
GET      36.000     97.88652
GET      37.000     98.01410
GET      38.000     98.13574
GET      39.000     98.25188
GET      40.000     98.36231
GET      41.000     98.47380
GET      42.000     98.57865
GET      43.000     98.66913
GET      44.000     98.75197
GET      45.000     98.82851
GET      46.000     98.90070
GET      47.000     98.96560
GET      48.000     99.03228
GET      49.000     99.09096
GET      50.000     99.15256
GET      51.000     99.20002
GET      52.000     99.24876
GET      53.000     99.29572
GET      54.000     99.33374
GET      55.000     99.37355
GET      56.000     99.41065
GET      57.000     99.44645
GET      58.000     99.47819
GET      59.000     99.50420
GET      60.000     99.52643
GET      61.000     99.54837
GET      62.000     99.57196
GET      63.000     99.59619
GET      64.000     99.61827
GET      65.000     99.63685
GET      66.000     99.65394
GET      67.000     99.66837
GET      68.000     99.68288
GET      69.000     99.69882
GET      70.000     99.71026
GET      71.000     99.72083
GET      72.000     99.73184
GET      73.000     99.74299
GET      74.000     99.75664
GET      75.000     99.76950
GET      76.000     99.78087
GET      77.000     99.78830
GET      78.000     99.79738
GET      79.000     99.80531
GET      80.000     99.81224
GET      81.000     99.82032
GET      82.000     99.82582
GET      83.000     99.83168
GET      84.000     99.83833
GET      85.000     99.84448
GET      86.000     99.85098
GET      87.000     99.85556
GET      88.000     99.86120
GET      89.000     99.86528
GET      90.000     99.87228
GET      91.000     99.87707
GET      92.000     99.88143
GET      93.000     99.88507
GET      94.000     99.89008
GET      95.000     99.89408
GET      96.000     99.89680
GET      97.000     99.90030
GET      98.000     99.90387
GET      99.000     99.90730
GET     100.000     99.92253
GET     110.000     99.94718
GET     120.000     99.96791
GET     130.000     99.97942
GET     140.000     99.98613
GET     150.000     99.98999
GET     160.000     99.99385
GET     170.000     99.99543
GET     180.000     99.99628
GET     190.000     99.99786
GET     200.000     99.99828
GET     210.000     99.99871
GET     220.000     99.99893
GET     230.000     99.99914
GET     240.000     99.99936
GET     250.000     99.99993
GET     270.000    100.00000
