[RUN #1] Preparing benchmark client...
[RUN #1] Launching threads now...
[RUN #1 5%,   0 secs]  8 threads:       75777 ops,       0 (avg:       0) ops/sec, 0.00KB/sec (avg: 0.00KB/sec),  0.00 (avg:  0.00) msec latency[RUN #1 10%,   1 secs]  8 threads:      156978 ops,   81184 (avg:   78509) ops/sec, 3.06MB/sec (avg: 2.96MB/sec),  3.93 (avg:  4.05) msec latency[RUN #1 15%,   2 secs]  8 threads:      238011 ops,   81017 (avg:   79345) ops/sec, 3.06MB/sec (avg: 2.99MB/sec),  3.94 (avg:  4.01) msec latency[RUN #1 20%,   3 secs]  8 threads:      319613 ops,   81588 (avg:   79906) ops/sec, 3.08MB/sec (avg: 3.02MB/sec),  3.92 (avg:  3.99) msec latency[RUN #1 25%,   4 secs]  8 threads:      401243 ops,   81618 (avg:   80248) ops/sec, 3.08MB/sec (avg: 3.03MB/sec),  3.93 (avg:  3.98) msec latency[RUN #1 30%,   6 secs]  8 threads:      483928 ops,   82673 (avg:   80652) ops/sec, 3.12MB/sec (avg: 3.04MB/sec),  3.84 (avg:  3.95) msec latency[RUN #1 35%,   7 secs]  8 threads:      565544 ops,   81605 (avg:   80788) ops/sec, 3.08MB/sec (avg: 3.05MB/sec),  3.93 (avg:  3.95) msec latency[RUN #1 40%,   8 secs]  8 threads:      647557 ops,   82002 (avg:   80940) ops/sec, 3.09MB/sec (avg: 3.05MB/sec),  3.90 (avg:  3.94) msec latency[RUN #1 45%,   9 secs]  8 threads:      729192 ops,   81623 (avg:   81016) ops/sec, 3.08MB/sec (avg: 3.06MB/sec),  3.92 (avg:  3.94) msec latency[RUN #1 50%,  10 secs]  8 threads:      809486 ops,   80279 (avg:   80942) ops/sec, 3.03MB/sec (avg: 3.05MB/sec),  3.99 (avg:  3.94) msec latency[RUN #1 55%,  11 secs]  8 threads:      891497 ops,   81999 (avg:   81038) ops/sec, 3.09MB/sec (avg: 3.06MB/sec),  3.86 (avg:  3.94) msec latency[RUN #1 60%,  12 secs]  8 threads:      974063 ops,   82555 (avg:   81165) ops/sec, 3.11MB/sec (avg: 3.06MB/sec),  3.91 (avg:  3.93) msec latency[RUN #1 65%,  13 secs]  8 threads:     1055438 ops,   81361 (avg:   81180) ops/sec, 3.07MB/sec (avg: 3.06MB/sec),  3.92 (avg:  3.93) msec latency[RUN #1 70%,  14 secs]  8 threads:     1137855 ops,   82405 (avg:   81267) ops/sec, 3.11MB/sec (avg: 3.07MB/sec),  3.90 (avg:  3.93) msec latency[RUN #1 75%,  15 secs]  8 threads:     1220219 ops,   82351 (avg:   81340) ops/sec, 3.11MB/sec (avg: 3.07MB/sec),  3.87 (avg:  3.93) msec latency[RUN #1 80%,  16 secs]  8 threads:     1302067 ops,   81830 (avg:   81370) ops/sec, 3.09MB/sec (avg: 3.07MB/sec),  3.91 (avg:  3.93) msec latency[RUN #1 85%,  17 secs]  8 threads:     1383957 ops,   81874 (avg:   81400) ops/sec, 3.09MB/sec (avg: 3.07MB/sec),  3.89 (avg:  3.92) msec latency[RUN #1 90%,  18 secs]  8 threads:     1466474 ops,   82505 (avg:   81461) ops/sec, 3.11MB/sec (avg: 3.07MB/sec),  3.87 (avg:  3.92) msec latency[RUN #1 95%,  19 secs]  8 threads:     1549540 ops,   83054 (avg:   81545) ops/sec, 3.13MB/sec (avg: 3.08MB/sec),  3.84 (avg:  3.92) msec latency[RUN #1 100%,  20 secs]  0 threads:     1642996 ops,   83054 (avg:   82147) ops/sec, 3.13MB/sec (avg: 3.10MB/sec),  3.84 (avg:  3.89) msec latency

8         Threads
40        Connections per thread
20        Seconds
Type        Ops/sec     Hits/sec   Misses/sec      Latency       KB/sec
------------------------------------------------------------------------
Sets        7475.31          ---          ---      4.28400       554.11
Gets       74672.91      3336.09     71336.82      3.85200      2618.46
Totals     82148.21      3336.09     71336.82      3.89100      3172.57


Request Latency Distribution
Type     <= msec         Percent
------------------------------------------------------------------------
SET       1.000     73.73135
SET       2.000     77.04419
SET       3.000     78.95980
SET       4.000     80.51154
SET       5.000     81.77835
SET       6.000     82.83715
SET       7.000     83.79362
SET       8.000     84.80693
SET       9.000     85.69518
SET      10.000     86.61686
SET      11.000     87.41815
SET      12.000     88.18131
SET      13.000     88.84281
SET      14.000     89.54110
SET      15.000     90.13772
SET      16.000     90.77380
SET      17.000     91.31022
SET      18.000     91.83795
SET      19.000     92.35698
SET      20.000     92.82652
SET      21.000     93.27331
SET      22.000     93.68466
SET      23.000     94.06792
SET      24.000     94.47726
SET      25.000     94.80500
SET      26.000     95.12136
SET      27.000     95.44375
SET      28.000     95.71397
SET      29.000     95.95610
SET      30.000     96.23835
SET      31.000     96.48449
SET      32.000     96.69451
SET      33.000     96.91724
SET      34.000     97.12459
SET      35.000     97.30384
SET      36.000     97.46704
SET      37.000     97.59078
SET      38.000     97.73325
SET      39.000     97.85699
SET      40.000     97.98139
SET      41.000     98.09042
SET      42.000     98.18807
SET      43.000     98.27903
SET      44.000     98.36598
SET      45.000     98.43421
SET      46.000     98.50377
SET      47.000     98.57333
SET      48.000     98.64557
SET      49.000     98.70710
SET      50.000     98.77064
SET      51.000     98.81880
SET      52.000     98.85358
SET      53.000     98.91645
SET      54.000     98.96862
SET      55.000     99.00742
SET      56.000     99.04889
SET      57.000     99.11510
SET      58.000     99.14922
SET      59.000     99.16928
SET      60.000     99.19871
SET      61.000     99.22145
SET      62.000     99.25690
SET      63.000     99.28967
SET      64.000     99.31041
SET      65.000     99.33181
SET      66.000     99.35455
SET      67.000     99.36659
SET      68.000     99.37997
SET      69.000     99.39469
SET      70.000     99.41609
SET      71.000     99.42478
SET      72.000     99.43950
SET      73.000     99.45555
SET      74.000     99.47160
SET      75.000     99.48565
SET      76.000     99.49434
SET      77.000     99.50438
SET      78.000     99.50906
SET      79.000     99.51441
SET      80.000     99.52043
SET      81.000     99.53581
SET      82.000     99.53983
SET      83.000     99.55454
SET      84.000     99.55856
SET      85.000     99.56457
SET      86.000     99.57059
SET      87.000     99.57528
SET      88.000     99.57862
SET      89.000     99.58330
SET      90.000     99.58798
SET      91.000     99.59334
SET      92.000     99.61073
SET      93.000     99.63547
SET      94.000     99.64417
SET      95.000     99.66490
SET      96.000     99.66557
SET      97.000     99.67025
SET      98.000     99.67226
SET      99.000     99.67828
SET     100.000     99.70035
SET     110.000     99.72577
SET     120.000     99.74918
SET     130.000     99.77125
SET     140.000     99.79332
SET     150.000     99.81004
SET     160.000     99.84014
SET     170.000     99.85352
SET     180.000     99.88629
SET     190.000     99.89031
SET     200.000     99.89098
SET     210.000     99.89365
SET     220.000     99.94114
SET     230.000     99.96188
SET     240.000     99.96789
SET     250.000     99.97458
SET     270.000     99.97592
SET     290.000     99.99264
SET     300.000     99.99331
SET     320.000     99.99398
SET     420.000     99.99599
SET     430.000     99.99732
SET     440.000    100.00000
---
GET       0.073      0.00013
GET       0.074      0.00020
GET       0.075      0.00027
GET       0.076      0.00033
GET       0.079      0.00040
GET       0.081      0.00047
GET       0.082      0.00054
GET       0.083      0.00067
GET       0.084      0.00087
GET       0.085      0.00107
GET       0.086      0.00141
GET       0.087      0.00174
GET       0.088      0.00208
GET       0.089      0.00241
GET       0.090      0.00281
GET       0.091      0.00308
GET       0.092      0.00348
GET       0.093      0.00395
GET       0.094      0.00462
GET       0.095      0.00516
GET       0.096      0.00596
GET       0.097      0.00670
GET       0.098      0.00737
GET       0.099      0.00810
GET       0.100      0.01199
GET       0.110      0.02009
GET       0.120      0.03093
GET       0.130      0.05129
GET       0.140      0.10144
GET       0.150      0.17175
GET       0.160      0.25183
GET       0.170      0.36137
GET       0.180      0.56479
GET       0.190      1.04085
GET       0.200      1.81133
GET       0.210      2.81127
GET       0.220      4.18176
GET       0.230      6.37943
GET       0.240     10.45587
GET       0.250     14.87793
GET       0.260     18.58148
GET       0.270     21.71944
GET       0.280     24.77959
GET       0.290     28.27812
GET       0.300     30.91637
GET       0.310     32.60711
GET       0.320     33.79380
GET       0.330     34.78838
GET       0.340     35.77889
GET       0.350     36.57595
GET       0.360     37.21244
GET       0.370     37.74221
GET       0.380     38.25551
GET       0.390     38.79980
GET       0.400     39.28939
GET       0.410     39.73761
GET       0.420     40.20899
GET       0.430     40.77960
GET       0.440     41.52517
GET       0.450     42.38169
GET       0.460     43.37915
GET       0.470     44.61391
GET       0.480     46.21520
GET       0.490     48.32362
GET       0.500     50.53368
GET       0.510     52.76196
GET       0.520     55.01561
GET       0.530     57.34673
GET       0.540     59.67196
GET       0.550     61.62779
GET       0.560     63.24441
GET       0.570     64.59052
GET       0.580     65.79033
GET       0.590     66.87048
GET       0.600     67.76256
GET       0.610     68.51630
GET       0.620     69.18139
GET       0.630     69.79706
GET       0.640     70.36533
GET       0.650     70.86322
GET       0.660     71.30085
GET       0.670     71.69450
GET       0.680     72.07281
GET       0.690     72.42199
GET       0.700     72.73127
GET       0.710     73.00706
GET       0.720     73.25293
GET       0.730     73.48875
GET       0.740     73.69619
GET       0.750     73.87510
GET       0.760     74.03064
GET       0.770     74.17440
GET       0.780     74.30229
GET       0.790     74.41611
GET       0.800     74.52813
GET       0.810     74.62321
GET       0.820     74.71133
GET       0.830     74.79610
GET       0.840     74.87591
GET       0.850     74.95358
GET       0.860     75.02094
GET       0.870     75.08636
GET       0.880     75.14923
GET       0.890     75.20996
GET       0.900     75.27451
GET       0.910     75.33691
GET       0.920     75.39818
GET       0.930     75.45978
GET       0.940     75.51776
GET       0.950     75.57916
GET       0.960     75.64505
GET       0.970     75.71141
GET       0.980     75.77803
GET       0.990     75.84666
GET       1.000     76.22564
GET       1.100     76.92153
GET       1.200     77.51919
GET       1.300     77.96271
GET       1.400     78.27467
GET       1.500     78.55308
GET       1.600     78.79660
GET       1.700     79.03343
GET       1.800     79.26450
GET       1.900     79.48486
GET       2.000     79.70180
GET       2.100     79.92818
GET       2.200     80.12925
GET       2.300     80.33448
GET       2.400     80.51674
GET       2.500     80.69926
GET       2.600     80.87054
GET       2.700     81.03981
GET       2.800     81.20827
GET       2.900     81.36127
GET       3.000     81.51942
GET       3.100     81.66660
GET       3.200     81.80794
GET       3.300     81.94721
GET       3.400     82.08039
GET       3.500     82.20728
GET       3.600     82.32974
GET       3.700     82.44665
GET       3.800     82.56403
GET       3.900     82.67203
GET       4.000     82.78331
GET       4.100     82.88529
GET       4.200     82.99128
GET       4.300     83.10872
GET       4.400     83.21592
GET       4.500     83.33230
GET       4.600     83.45295
GET       4.700     83.56758
GET       4.800     83.67632
GET       4.900     83.78037
GET       5.000     83.87271
GET       5.100     83.97000
GET       5.200     84.07264
GET       5.300     84.17288
GET       5.400     84.27090
GET       5.500     84.36250
GET       5.600     84.46602
GET       5.700     84.55567
GET       5.800     84.64258
GET       5.900     84.73237
GET       6.000     84.82551
GET       6.100     84.91972
GET       6.200     85.01005
GET       6.300     85.09743
GET       6.400     85.19070
GET       6.500     85.28189
GET       6.600     85.36860
GET       6.700     85.45531
GET       6.800     85.54089
GET       6.900     85.63222
GET       7.000     85.71846
GET       7.100     85.80476
GET       7.200     85.88853
GET       7.300     85.96995
GET       7.400     86.05030
GET       7.500     86.13239
GET       7.600     86.21602
GET       7.700     86.29181
GET       7.800     86.37196
GET       7.900     86.45499
GET       8.000     86.52757
GET       8.100     86.60196
GET       8.200     86.68083
GET       8.300     86.76393
GET       8.400     86.83383
GET       8.500     86.93474
GET       8.600     87.02754
GET       8.700     87.11740
GET       8.800     87.19781
GET       8.900     87.26718
GET       9.000     87.33909
GET       9.100     87.41663
GET       9.200     87.49068
GET       9.300     87.56106
GET       9.400     87.62507
GET       9.500     87.69243
GET       9.600     87.75510
GET       9.700     87.81837
GET       9.800     87.88359
GET       9.900     87.95564
GET      10.000     88.35129
GET      11.000     89.05943
GET      12.000     89.67470
GET      13.000     90.31508
GET      14.000     90.87243
GET      15.000     91.43595
GET      16.000     91.95627
GET      17.000     92.49173
GET      18.000     92.95461
GET      19.000     93.40717
GET      20.000     93.83898
GET      21.000     94.27822
GET      22.000     94.64789
GET      23.000     95.04167
GET      24.000     95.39675
GET      25.000     95.73234
GET      26.000     96.00552
GET      27.000     96.31185
GET      28.000     96.56944
GET      29.000     96.79957
GET      30.000     97.02609
GET      31.000     97.24544
GET      32.000     97.43018
GET      33.000     97.59770
GET      34.000     97.77159
GET      35.000     97.93765
GET      36.000     98.06768
GET      37.000     98.18853
GET      38.000     98.29486
GET      39.000     98.40380
GET      40.000     98.50176
GET      41.000     98.60481
GET      42.000     98.70016
GET      43.000     98.78506
GET      44.000     98.86126
GET      45.000     98.92674
GET      46.000     98.99443
GET      47.000     99.05637
GET      48.000     99.11328
GET      49.000     99.16745
GET      50.000     99.21861
GET      51.000     99.26461
GET      52.000     99.30893
GET      53.000     99.35118
GET      54.000     99.38741
GET      55.000     99.42376
GET      56.000     99.46347
GET      57.000     99.49675
GET      58.000     99.52467
GET      59.000     99.54750
GET      60.000     99.57315
GET      61.000     99.59571
GET      62.000     99.61486
GET      63.000     99.63388
GET      64.000     99.65196
GET      65.000     99.67017
GET      66.000     99.68463
GET      67.000     99.69782
GET      68.000     99.71014
GET      69.000     99.72474
GET      70.000     99.73532
GET      71.000     99.74563
GET      72.000     99.75654
GET      73.000     99.76652
GET      74.000     99.77670
GET      75.000     99.78788
GET      76.000     99.79759
GET      77.000     99.80636
GET      78.000     99.81466
GET      79.000     99.82250
GET      80.000     99.82939
GET      81.000     99.83528
GET      82.000     99.84084
GET      83.000     99.84573
GET      84.000     99.85149
GET      85.000     99.85899
GET      86.000     99.86394
GET      87.000     99.86957
GET      88.000     99.87365
GET      89.000     99.87787
GET      90.000     99.88349
GET      91.000     99.88832
GET      92.000     99.89247
GET      93.000     99.89648
GET      94.000     99.90130
GET      95.000     99.90546
GET      96.000     99.90820
GET      97.000     99.91088
GET      98.000     99.91396
GET      99.000     99.91677
GET     100.000     99.93070
GET     110.000     99.95360
GET     120.000     99.97235
GET     130.000     99.98252
GET     140.000     99.98768
GET     150.000     99.99130
GET     160.000     99.99397
GET     170.000     99.99585
GET     180.000     99.99732
GET     190.000     99.99819
GET     200.000     99.99886
GET     210.000     99.99913
GET     220.000     99.99926
GET     230.000     99.99946
GET     240.000     99.99960
GET     250.000     99.99987
GET     260.000    100.00000
