[RUN #1] Preparing benchmark client...
[RUN #1] Launching threads now...
[RUN #1 5%,   1 secs] 16 threads:       13038 ops,   13033 (avg:   13033) ops/sec, 516.28KB/sec (avg: 516.28KB/sec),  6.09 (avg:  6.09) msec latency[RUN #1 10%,   2 secs] 16 threads:       24862 ops,   11822 (avg:   12427) ops/sec, 470.21KB/sec (avg: 493.25KB/sec),  6.74 (avg:  6.40) msec latency[RUN #1 15%,   3 secs] 16 threads:       36651 ops,   11787 (avg:   12214) ops/sec, 483.58KB/sec (avg: 490.03KB/sec),  6.49 (avg:  6.43) msec latency[RUN #1 20%,   4 secs] 16 threads:       37310 ops,     658 (avg:    9325) ops/sec, 26.65KB/sec (avg: 374.19KB/sec), 120.81 (avg:  8.45) msec latency[RUN #1 25%,   5 secs] 16 threads:       37942 ops,     631 (avg:    7587) ops/sec, 25.55KB/sec (avg: 304.46KB/sec), 124.77 (avg: 10.39) msec latency[RUN #1 30%,   6 secs] 16 threads:       38548 ops,     605 (avg:    6423) ops/sec, 25.12KB/sec (avg: 257.91KB/sec), 130.80 (avg: 12.28) msec latency[RUN #1 35%,   7 secs] 16 threads:       39148 ops,     599 (avg:    5591) ops/sec, 25.73KB/sec (avg: 224.74KB/sec), 135.03 (avg: 14.16) msec latency[RUN #1 40%,   8 secs] 16 threads:       40499 ops,    1350 (avg:    5061) ops/sec, 55.50KB/sec (avg: 203.59KB/sec), 63.12 (avg: 15.79) msec latency[RUN #1 45%,   9 secs] 16 threads:       50378 ops,    9877 (avg:    5596) ops/sec, 383.54KB/sec (avg: 223.58KB/sec),  8.08 (avg: 14.28) msec latency[RUN #1 50%,  10 secs] 16 threads:       56372 ops,    5993 (avg:    5636) ops/sec, 237.56KB/sec (avg: 224.98KB/sec), 13.26 (avg: 14.17) msec latency[RUN #1 55%,  11 secs] 16 threads:       60672 ops,    4299 (avg:    5514) ops/sec, 171.29KB/sec (avg: 220.10KB/sec), 18.60 (avg: 14.49) msec latency[RUN #1 60%,  12 secs] 16 threads:       65118 ops,    4445 (avg:    5425) ops/sec, 188.63KB/sec (avg: 217.48KB/sec), 18.00 (avg: 14.73) msec latency[RUN #1 65%,  13 secs] 16 threads:       70651 ops,    5532 (avg:    5433) ops/sec, 235.83KB/sec (avg: 218.89KB/sec), 14.54 (avg: 14.71) msec latency[RUN #1 70%,  14 secs] 16 threads:       75879 ops,    5227 (avg:    5419) ops/sec, 218.26KB/sec (avg: 218.84KB/sec), 15.24 (avg: 14.75) msec latency[RUN #1 75%,  15 secs] 16 threads:       80156 ops,    4276 (avg:    5343) ops/sec, 186.62KB/sec (avg: 216.70KB/sec), 18.34 (avg: 14.94) msec latency[RUN #1 80%,  16 secs] 16 threads:       84370 ops,    4213 (avg:    5272) ops/sec, 177.82KB/sec (avg: 214.27KB/sec), 19.30 (avg: 15.16) msec latency[RUN #1 85%,  17 secs] 16 threads:       95275 ops,   10903 (avg:    5603) ops/sec, 451.17KB/sec (avg: 228.20KB/sec),  7.38 (avg: 14.27) msec latency[RUN #1 90%,  18 secs] 16 threads:      103948 ops,    8672 (avg:    5774) ops/sec, 353.18KB/sec (avg: 235.14KB/sec),  9.21 (avg: 13.85) msec latency[RUN #1 95%,  19 secs] 16 threads:      112573 ops,    8624 (avg:    5924) ops/sec, 348.56KB/sec (avg: 241.11KB/sec),  9.28 (avg: 13.50) msec latency[RUN #1 100%,  20 secs]  0 threads:      127907 ops,    8624 (avg:    6395) ops/sec, 348.56KB/sec (avg: 260.24KB/sec),  9.28 (avg: 12.50) msec latency

16        Threads
5         Connections per thread
20        Seconds
Type        Ops/sec     Hits/sec   Misses/sec      Latency       KB/sec
------------------------------------------------------------------------
Sets         582.94          ---          ---     12.48100        43.21
Gets        5812.30       942.03      4870.26     12.50500       217.03
Totals      6395.24       942.03      4870.26     12.50200       260.24


Request Latency Distribution
Type     <= msec         Percent
------------------------------------------------------------------------
SET       1.000      2.02419
SET       2.000      2.25577
SET       3.000      3.23355
SET       4.000     44.76370
SET       5.000     45.31263
SET       6.000     48.63196
SET       7.000     58.77005
SET       8.000     61.32601
SET       9.000     62.65546
SET      10.000     63.58178
SET      11.000     64.85976
SET      12.000     66.69526
SET      13.000     68.65083
SET      14.000     69.84304
SET      15.000     72.47620
SET      16.000     83.50630
SET      17.000     89.11570
SET      18.000     90.36796
SET      19.000     91.66309
SET      20.000     92.88961
SET      21.000     93.85024
SET      22.000     94.01321
SET      23.000     94.62218
SET      24.000     95.17111
SET      25.000     95.40269
SET      26.000     95.66001
SET      27.000     95.78866
SET      28.000     95.94305
SET      29.000     96.13174
SET      30.000     96.20894
SET      31.000     96.25182
SET      32.000     96.32902
SET      33.000     96.47483
SET      34.000     96.54344
SET      35.000     96.61206
SET      36.000     96.74072
SET      37.000     96.79218
SET      38.000     96.86079
SET      39.000     96.88653
SET      40.000     96.89510
SET      41.000     96.96372
SET      42.000     96.99803
SET      43.000     97.02376
SET      44.000     97.07522
SET      45.000     97.10953
SET      46.000     97.16099
SET      47.000     97.22961
SET      48.000     97.28965
SET      49.000     97.37542
SET      50.000     97.42688
SET      51.000     97.46119
SET      52.000     97.46977
SET      53.000     97.49550
SET      55.000     97.50407
SET      56.000     97.51265
SET      57.000     97.52123
SET      58.000     97.52981
SET      59.000     97.53838
SET      60.000     97.55554
SET      62.000     97.57269
SET      64.000     97.58127
SET      66.000     97.58984
SET      67.000     97.59842
SET      77.000     97.60700
SET      80.000     97.61558
SET      81.000     97.62415
SET      83.000     97.64131
SET      84.000     97.66704
SET      85.000     97.67562
SET      87.000     97.71850
SET      88.000     97.73565
SET      89.000     97.75281
SET      91.000     97.76139
SET      93.000     97.77854
SET      94.000     97.80427
SET      95.000     97.83000
SET      96.000     97.84716
SET      97.000     97.89004
SET      98.000     97.92435
SET      99.000     97.98439
SET     100.000     98.08731
SET     110.000     98.27601
SET     120.000     98.65340
SET     130.000     99.39103
SET     140.000     99.81130
SET     150.000     99.92281
SET     160.000    100.00000
---
GET       0.630      0.00086
GET       0.650      0.00172
GET       0.670      0.00258
GET       0.680      0.00430
GET       0.700      0.00774
GET       0.710      0.01118
GET       0.720      0.01893
GET       0.730      0.02667
GET       0.740      0.03527
GET       0.750      0.04043
GET       0.760      0.05161
GET       0.770      0.06022
GET       0.780      0.07054
GET       0.790      0.08172
GET       0.800      0.09032
GET       0.810      0.10151
GET       0.820      0.11441
GET       0.830      0.12817
GET       0.840      0.14108
GET       0.850      0.15742
GET       0.860      0.16947
GET       0.870      0.17635
GET       0.880      0.18753
GET       0.890      0.19527
GET       0.900      0.20559
GET       0.910      0.21936
GET       0.920      0.23656
GET       0.930      0.25205
GET       0.940      0.27613
GET       0.950      0.31570
GET       0.960      0.34237
GET       0.970      0.38280
GET       0.980      0.44818
GET       0.990      0.53678
GET       1.000      1.22325
GET       1.100      1.52089
GET       1.200      1.60175
GET       1.300      1.63960
GET       1.400      1.70067
GET       1.500      1.84433
GET       1.600      2.06971
GET       1.700      2.20821
GET       1.800      2.25036
GET       1.900      2.27187
GET       2.000      2.27359
GET       2.100      2.29509
GET       2.200      2.32692
GET       2.300      2.33466
GET       2.400      2.34843
GET       2.500      2.35875
GET       2.600      2.35961
GET       2.700      2.36391
GET       2.800      2.36993
GET       2.900      2.38714
GET       3.000      2.53252
GET       3.100      2.58671
GET       3.200      2.66069
GET       3.300      2.68994
GET       3.400      2.70112
GET       3.500      2.72521
GET       3.600      2.79833
GET       3.700      3.04779
GET       3.800      3.21554
GET       3.900      3.33683
GET       4.000      3.47189
GET       4.100      3.71361
GET       4.200      4.53599
GET       4.300      8.07842
GET       4.400     20.00981
GET       4.500     33.35885
GET       4.600     38.98218
GET       4.700     41.93535
GET       4.800     43.52849
GET       4.900     44.45754
GET       5.000     44.99088
GET       5.100     45.16637
GET       5.200     45.22658
GET       5.300     45.26616
GET       5.400     45.32207
GET       5.500     45.37196
GET       5.600     45.42874
GET       5.700     45.44164
GET       5.800     45.45282
GET       5.900     45.45971
GET       6.000     45.47605
GET       6.100     45.50702
GET       6.200     45.61799
GET       6.300     45.80466
GET       6.400     46.03778
GET       6.500     46.52037
GET       6.600     47.23780
GET       6.700     47.97502
GET       6.800     48.50664
GET       6.900     48.84557
GET       7.000     49.17160
GET       7.100     49.82537
GET       7.200     51.30153
GET       7.300     53.50630
GET       7.400     55.82118
GET       7.500     57.43755
GET       7.600     58.36229
GET       7.700     58.83972
GET       7.800     59.21306
GET       7.900     59.47027
GET       8.000     59.69221
GET       8.100     59.82038
GET       8.200     59.96662
GET       8.300     60.05867
GET       8.400     60.21523
GET       8.500     60.40276
GET       8.600     60.60577
GET       8.700     60.87158
GET       8.800     61.11417
GET       8.900     61.29912
GET       9.000     61.42041
GET       9.100     61.51762
GET       9.200     61.61052
GET       9.300     61.69052
GET       9.400     61.83074
GET       9.500     62.03031
GET       9.600     62.19290
GET       9.700     62.32021
GET       9.800     62.44322
GET       9.900     62.55333
GET      10.000     63.16582
GET      11.000     64.45530
GET      12.000     65.99339
GET      13.000     68.36333
GET      14.000     69.51862
GET      15.000     71.19434
GET      16.000     77.14455
GET      17.000     88.53830
GET      18.000     90.51080
GET      19.000     91.68674
GET      20.000     92.91429
GET      21.000     93.65494
GET      22.000     93.80635
GET      23.000     94.13667
GET      24.000     94.93497
GET      25.000     95.14572
GET      26.000     95.28938
GET      27.000     95.53713
GET      28.000     95.69627
GET      29.000     95.81498
GET      30.000     96.01456
GET      31.000     96.07391
GET      32.000     96.17026
GET      33.000     96.26488
GET      34.000     96.35090
GET      35.000     96.42230
GET      36.000     96.53757
GET      37.000     96.57887
GET      38.000     96.64338
GET      39.000     96.69328
GET      40.000     96.75435
GET      41.000     96.77672
GET      42.000     96.82145
GET      43.000     96.87306
GET      44.000     96.89973
GET      45.000     96.94102
GET      46.000     97.00726
GET      47.000     97.07178
GET      48.000     97.14146
GET      49.000     97.19393
GET      50.000     97.27823
GET      51.000     97.29028
GET      52.000     97.31350
GET      53.000     97.33071
GET      54.000     97.34533
GET      55.000     97.35479
GET      56.000     97.37372
GET      57.000     97.39694
GET      58.000     97.41157
GET      59.000     97.42705
GET      60.000     97.44684
GET      61.000     97.45458
GET      62.000     97.46662
GET      63.000     97.49243
GET      64.000     97.49587
GET      65.000     97.49759
GET      66.000     97.50705
GET      67.000     97.51738
GET      69.000     97.52254
GET      70.000     97.52340
GET      73.000     97.52426
GET      78.000     97.52684
GET      79.000     97.52770
GET      80.000     97.52856
GET      81.000     97.53544
GET      82.000     97.54060
GET      83.000     97.55007
GET      84.000     97.56383
GET      85.000     97.57243
GET      86.000     97.58361
GET      87.000     97.60082
GET      88.000     97.61544
GET      89.000     97.62491
GET      90.000     97.64641
GET      91.000     97.65845
GET      92.000     97.66534
GET      93.000     97.67652
GET      94.000     97.69630
GET      95.000     97.71781
GET      96.000     97.72469
GET      97.000     97.75222
GET      98.000     97.79351
GET      99.000     97.81846
GET     100.000     97.97760
GET     110.000     98.22879
GET     120.000     98.71224
GET     130.000     99.45892
GET     140.000     99.82107
GET     150.000     99.94925
GET     160.000     99.99656
GET     170.000    100.00000
