[RUN #1] Preparing benchmark client...
[RUN #1] Launching threads now...
[RUN #1 4%,   0 secs]  8 threads:       65569 ops,       0 (avg:       0) ops/sec, 0.00KB/sec (avg: 0.00KB/sec),  0.00 (avg:  0.00) msec latency[RUN #1 9%,   1 secs]  8 threads:      142365 ops,   76781 (avg:   80883) ops/sec, 2.90MB/sec (avg: 3.05MB/sec),  4.16 (avg:  3.92) msec latency[RUN #1 14%,   2 secs]  8 threads:      220258 ops,   77877 (avg:   79794) ops/sec, 2.94MB/sec (avg: 3.01MB/sec),  4.09 (avg:  3.98) msec latency[RUN #1 19%,   3 secs]  8 threads:      297996 ops,   77727 (avg:   79244) ops/sec, 2.93MB/sec (avg: 2.99MB/sec),  4.05 (avg:  4.00) msec latency[RUN #1 24%,   4 secs]  8 threads:      375642 ops,   77634 (avg:   78906) ops/sec, 2.93MB/sec (avg: 2.98MB/sec),  4.20 (avg:  4.04) msec latency[RUN #1 29%,   5 secs]  8 threads:      453549 ops,   77894 (avg:   78730) ops/sec, 2.94MB/sec (avg: 2.97MB/sec),  4.07 (avg:  4.04) msec latency[RUN #1 34%,   6 secs]  8 threads:      531358 ops,   77775 (avg:   78589) ops/sec, 2.93MB/sec (avg: 2.96MB/sec),  4.12 (avg:  4.06) msec latency[RUN #1 39%,   7 secs]  8 threads:      610037 ops,   78666 (avg:   78599) ops/sec, 2.97MB/sec (avg: 2.97MB/sec),  4.04 (avg:  4.05) msec latency[RUN #1 44%,   8 secs]  8 threads:      689362 ops,   79313 (avg:   78680) ops/sec, 2.99MB/sec (avg: 2.97MB/sec),  4.05 (avg:  4.05) msec latency[RUN #1 49%,   9 secs]  8 threads:      769261 ops,   79890 (avg:   78804) ops/sec, 3.01MB/sec (avg: 2.97MB/sec),  4.00 (avg:  4.05) msec latency[RUN #1 54%,  10 secs]  8 threads:      848458 ops,   79185 (avg:   78840) ops/sec, 2.99MB/sec (avg: 2.97MB/sec),  4.05 (avg:  4.05) msec latency[RUN #1 59%,  11 secs]  8 threads:      926519 ops,   78049 (avg:   78773) ops/sec, 2.94MB/sec (avg: 2.97MB/sec),  4.11 (avg:  4.05) msec latency[RUN #1 64%,  12 secs]  8 threads:     1005607 ops,   79075 (avg:   78796) ops/sec, 2.98MB/sec (avg: 2.97MB/sec),  4.01 (avg:  4.05) msec latency[RUN #1 69%,  13 secs]  8 threads:     1084752 ops,   79133 (avg:   78821) ops/sec, 2.98MB/sec (avg: 2.97MB/sec),  4.06 (avg:  4.05) msec latency[RUN #1 74%,  14 secs]  8 threads:     1163857 ops,   79093 (avg:   78839) ops/sec, 2.98MB/sec (avg: 2.97MB/sec),  4.04 (avg:  4.05) msec latency[RUN #1 79%,  15 secs]  8 threads:     1242526 ops,   78657 (avg:   78828) ops/sec, 2.97MB/sec (avg: 2.97MB/sec),  4.09 (avg:  4.05) msec latency[RUN #1 84%,  16 secs]  8 threads:     1321065 ops,   78528 (avg:   78810) ops/sec, 2.96MB/sec (avg: 2.97MB/sec),  4.05 (avg:  4.05) msec latency[RUN #1 89%,  17 secs]  8 threads:     1399949 ops,   78872 (avg:   78813) ops/sec, 2.97MB/sec (avg: 2.97MB/sec),  4.07 (avg:  4.05) msec latency[RUN #1 94%,  18 secs]  8 threads:     1479088 ops,   79127 (avg:   78830) ops/sec, 2.98MB/sec (avg: 2.97MB/sec),  4.03 (avg:  4.05) msec latency[RUN #1 99%,  19 secs]  8 threads:     1562442 ops,   79127 (avg:   79060) ops/sec, 2.98MB/sec (avg: 2.98MB/sec),  4.03 (avg:  4.04) msec latency[RUN #1 100%,  20 secs]  0 threads:     1654861 ops,   79127 (avg:   82658) ops/sec, 2.98MB/sec (avg: 3.12MB/sec),  4.03 (avg:  3.87) msec latency

8         Threads
40        Connections per thread
20        Seconds
Type        Ops/sec     Hits/sec   Misses/sec      Latency       KB/sec
------------------------------------------------------------------------
Sets        7515.92          ---          ---      4.32000       557.12
Gets       75080.67      3183.90     71896.77      3.82200      2632.77
Totals     82596.59      3183.90     71896.77      3.86700      3189.89


Request Latency Distribution
Type     <= msec         Percent
------------------------------------------------------------------------
SET       1.000     75.34881
SET       2.000     78.55696
SET       3.000     80.27028
SET       4.000     81.70933
SET       5.000     82.93123
SET       6.000     83.84036
SET       7.000     84.64655
SET       8.000     85.39496
SET       9.000     86.14404
SET      10.000     86.90839
SET      11.000     87.60766
SET      12.000     88.35608
SET      13.000     89.06066
SET      14.000     89.66099
SET      15.000     90.20487
SET      16.000     90.67171
SET      17.000     91.06817
SET      18.000     91.43142
SET      19.000     91.73623
SET      20.000     92.11874
SET      21.000     92.42620
SET      22.000     92.73699
SET      23.000     93.06837
SET      24.000     93.39177
SET      25.000     93.68397
SET      26.000     93.98214
SET      27.000     94.26636
SET      28.000     94.55457
SET      29.000     94.83614
SET      30.000     95.09314
SET      31.000     95.32689
SET      32.000     95.56729
SET      33.000     95.79573
SET      34.000     95.99761
SET      35.000     96.18289
SET      36.000     96.36484
SET      37.000     96.56141
SET      38.000     96.72876
SET      39.000     96.86821
SET      40.000     97.03490
SET      41.000     97.23545
SET      42.000     97.37092
SET      43.000     97.49975
SET      44.000     97.61995
SET      45.000     97.76804
SET      46.000     97.88093
SET      47.000     98.00843
SET      48.000     98.13527
SET      49.000     98.22957
SET      50.000     98.30992
SET      51.000     98.40422
SET      52.000     98.49852
SET      53.000     98.58153
SET      54.000     98.65126
SET      55.000     98.71302
SET      56.000     98.77212
SET      57.000     98.82126
SET      58.000     98.86244
SET      59.000     98.91623
SET      60.000     98.96138
SET      61.000     98.99857
SET      62.000     99.03642
SET      63.000     99.07561
SET      64.000     99.11811
SET      65.000     99.16127
SET      66.000     99.20311
SET      67.000     99.24162
SET      68.000     99.28213
SET      69.000     99.31866
SET      70.000     99.35319
SET      71.000     99.37842
SET      72.000     99.43155
SET      73.000     99.45679
SET      74.000     99.48003
SET      75.000     99.49530
SET      76.000     99.52054
SET      77.000     99.53315
SET      78.000     99.55241
SET      79.000     99.56769
SET      80.000     99.58296
SET      81.000     99.59757
SET      82.000     99.60952
SET      83.000     99.62480
SET      84.000     99.63941
SET      85.000     99.65136
SET      86.000     99.66265
SET      87.000     99.66730
SET      88.000     99.67195
SET      89.000     99.68257
SET      90.000     99.69253
SET      91.000     99.70117
SET      92.000     99.70847
SET      93.000     99.71710
SET      94.000     99.72574
SET      95.000     99.73238
SET      96.000     99.73968
SET      97.000     99.75164
SET      98.000     99.75761
SET      99.000     99.76359
SET     100.000     99.79015
SET     110.000     99.82468
SET     120.000     99.85191
SET     130.000     99.90371
SET     140.000     99.94953
SET     150.000     99.96082
SET     160.000     99.96746
SET     170.000     99.97078
SET     180.000     99.97344
SET     190.000     99.98871
SET     200.000     99.99070
SET     220.000     99.99270
SET     230.000     99.99469
SET     250.000     99.99734
SET     260.000     99.99934
SET     270.000    100.00000
---
GET       0.056      0.00007
GET       0.057      0.00013
GET       0.058      0.00020
GET       0.063      0.00040
GET       0.066      0.00080
GET       0.068      0.00093
GET       0.069      0.00126
GET       0.070      0.00153
GET       0.071      0.00186
GET       0.072      0.00246
GET       0.073      0.00312
GET       0.074      0.00366
GET       0.075      0.00432
GET       0.076      0.00465
GET       0.077      0.00578
GET       0.078      0.00705
GET       0.079      0.00824
GET       0.080      0.00937
GET       0.081      0.01117
GET       0.082      0.01263
GET       0.083      0.01536
GET       0.084      0.01802
GET       0.085      0.02194
GET       0.086      0.02639
GET       0.087      0.03337
GET       0.088      0.04108
GET       0.089      0.04939
GET       0.090      0.05996
GET       0.091      0.07359
GET       0.092      0.08921
GET       0.093      0.10783
GET       0.094      0.12564
GET       0.095      0.15044
GET       0.096      0.17716
GET       0.097      0.20342
GET       0.098      0.23054
GET       0.099      0.25733
GET       0.100      0.41575
GET       0.110      0.75472
GET       0.120      1.18409
GET       0.130      2.02403
GET       0.140      4.22010
GET       0.150      6.91741
GET       0.160      8.73689
GET       0.170     10.18058
GET       0.180     11.73854
GET       0.190     14.19819
GET       0.200     16.39972
GET       0.210     17.84852
GET       0.220     19.05568
GET       0.230     20.45988
GET       0.240     22.54420
GET       0.250     24.70477
GET       0.260     26.65714
GET       0.270     28.71574
GET       0.280     31.43186
GET       0.290     35.56515
GET       0.300     39.76843
GET       0.310     43.50724
GET       0.320     47.05599
GET       0.330     50.78642
GET       0.340     54.98413
GET       0.350     58.38104
GET       0.360     60.89328
GET       0.370     62.88926
GET       0.380     64.67350
GET       0.390     66.35345
GET       0.400     67.67202
GET       0.410     68.71066
GET       0.420     69.58796
GET       0.430     70.39280
GET       0.440     71.16520
GET       0.450     71.83343
GET       0.460     72.38459
GET       0.470     72.84993
GET       0.480     73.29273
GET       0.490     73.69791
GET       0.500     74.04113
GET       0.510     74.32738
GET       0.520     74.58625
GET       0.530     74.83394
GET       0.540     75.07020
GET       0.550     75.28492
GET       0.560     75.47711
GET       0.570     75.66158
GET       0.580     75.84426
GET       0.590     76.03332
GET       0.600     76.21082
GET       0.610     76.38046
GET       0.620     76.55350
GET       0.630     76.72907
GET       0.640     76.90351
GET       0.650     77.08233
GET       0.660     77.25577
GET       0.670     77.42529
GET       0.680     77.59713
GET       0.690     77.78147
GET       0.700     77.94933
GET       0.710     78.10521
GET       0.720     78.26396
GET       0.730     78.42623
GET       0.740     78.58611
GET       0.750     78.73057
GET       0.760     78.86206
GET       0.770     78.98936
GET       0.780     79.12258
GET       0.790     79.24729
GET       0.800     79.36316
GET       0.810     79.47484
GET       0.820     79.57768
GET       0.830     79.67773
GET       0.840     79.77353
GET       0.850     79.86380
GET       0.860     79.94497
GET       0.870     80.03159
GET       0.880     80.11429
GET       0.890     80.18987
GET       0.900     80.26659
GET       0.910     80.33466
GET       0.920     80.40054
GET       0.930     80.46549
GET       0.940     80.52857
GET       0.950     80.59119
GET       0.960     80.65076
GET       0.970     80.70500
GET       0.980     80.76131
GET       0.990     80.81256
GET       1.000     81.08532
GET       1.100     81.50140
GET       1.200     81.88072
GET       1.300     82.23019
GET       1.400     82.54782
GET       1.500     82.82862
GET       1.600     83.08256
GET       1.700     83.31137
GET       1.800     83.51646
GET       1.900     83.70292
GET       2.000     83.87470
GET       2.100     84.03225
GET       2.200     84.17651
GET       2.300     84.30388
GET       2.400     84.41323
GET       2.500     84.52405
GET       2.600     84.63314
GET       2.700     84.73930
GET       2.800     84.84367
GET       2.900     84.93707
GET       3.000     85.03606
GET       3.100     85.12268
GET       3.200     85.21182
GET       3.300     85.29811
GET       3.400     85.38327
GET       3.500     85.46630
GET       3.600     85.55332
GET       3.700     85.63362
GET       3.800     85.71898
GET       3.900     85.80094
GET       4.000     85.88371
GET       4.100     85.96235
GET       4.200     86.04465
GET       4.300     86.13207
GET       4.400     86.23198
GET       4.500     86.32119
GET       4.600     86.40635
GET       4.700     86.48892
GET       4.800     86.57068
GET       4.900     86.64520
GET       5.000     86.71394
GET       5.100     86.78015
GET       5.200     86.84869
GET       5.300     86.91171
GET       5.400     86.97732
GET       5.500     87.03822
GET       5.600     87.10822
GET       5.700     87.17562
GET       5.800     87.24503
GET       5.900     87.31622
GET       6.000     87.38556
GET       6.100     87.44698
GET       6.200     87.50788
GET       6.300     87.57037
GET       6.400     87.63811
GET       6.500     87.69860
GET       6.600     87.76062
GET       6.700     87.81959
GET       6.800     87.87995
GET       6.900     87.93519
GET       7.000     87.99143
GET       7.100     88.04747
GET       7.200     88.10278
GET       7.300     88.15895
GET       7.400     88.21273
GET       7.500     88.26844
GET       7.600     88.32216
GET       7.700     88.37600
GET       7.800     88.43025
GET       7.900     88.47957
GET       8.000     88.53635
GET       8.100     88.59252
GET       8.200     88.64650
GET       8.300     88.70879
GET       8.400     88.76995
GET       8.500     88.82253
GET       8.600     88.87618
GET       8.700     88.92723
GET       8.800     88.98327
GET       8.900     89.03300
GET       9.000     89.08106
GET       9.100     89.13158
GET       9.200     89.17493
GET       9.300     89.22166
GET       9.400     89.27231
GET       9.500     89.32144
GET       9.600     89.36970
GET       9.700     89.41810
GET       9.800     89.46842
GET       9.900     89.51356
GET      10.000     89.78020
GET      11.000     90.21715
GET      12.000     90.64932
GET      13.000     91.05789
GET      14.000     91.45150
GET      15.000     91.80908
GET      16.000     92.14612
GET      17.000     92.48243
GET      18.000     92.81003
GET      19.000     93.08910
GET      20.000     93.36804
GET      21.000     93.66426
GET      22.000     93.94732
GET      23.000     94.21968
GET      24.000     94.48572
GET      25.000     94.75469
GET      26.000     95.01641
GET      27.000     95.24196
GET      28.000     95.47025
GET      29.000     95.69673
GET      30.000     95.92076
GET      31.000     96.13375
GET      32.000     96.34196
GET      33.000     96.53760
GET      34.000     96.72341
GET      35.000     96.88727
GET      36.000     97.03844
GET      37.000     97.19360
GET      38.000     97.34956
GET      39.000     97.49454
GET      40.000     97.62384
GET      41.000     97.76225
GET      42.000     97.89992
GET      43.000     98.01041
GET      44.000     98.12435
GET      45.000     98.22725
GET      46.000     98.34252
GET      47.000     98.43180
GET      48.000     98.52228
GET      49.000     98.60331
GET      50.000     98.67870
GET      51.000     98.75189
GET      52.000     98.81837
GET      53.000     98.88890
GET      54.000     98.95332
GET      55.000     99.00982
GET      56.000     99.05250
GET      57.000     99.09850
GET      58.000     99.14570
GET      59.000     99.19569
GET      60.000     99.23252
GET      61.000     99.27021
GET      62.000     99.30884
GET      63.000     99.34387
GET      64.000     99.37711
GET      65.000     99.41646
GET      66.000     99.45190
GET      67.000     99.48287
GET      68.000     99.50927
GET      69.000     99.53439
GET      70.000     99.56497
GET      71.000     99.58784
GET      72.000     99.61091
GET      73.000     99.63065
GET      74.000     99.64880
GET      75.000     99.66522
GET      76.000     99.67719
GET      77.000     99.69514
GET      78.000     99.71122
GET      79.000     99.72139
GET      80.000     99.73482
GET      81.000     99.74971
GET      82.000     99.76214
GET      83.000     99.77152
GET      84.000     99.78109
GET      85.000     99.78887
GET      86.000     99.79638
GET      87.000     99.80223
GET      88.000     99.80848
GET      89.000     99.81626
GET      90.000     99.82463
GET      91.000     99.83208
GET      92.000     99.83873
GET      93.000     99.84657
GET      94.000     99.85215
GET      95.000     99.85973
GET      96.000     99.86512
GET      97.000     99.87024
GET      98.000     99.87363
GET      99.000     99.87781
GET     100.000     99.90215
GET     110.000     99.93286
GET     120.000     99.95473
GET     130.000     99.96610
GET     140.000     99.97700
GET     150.000     99.98212
GET     160.000     99.98651
GET     170.000     99.98976
GET     180.000     99.99209
GET     190.000     99.99329
GET     200.000     99.99435
GET     210.000     99.99481
GET     220.000     99.99541
GET     230.000     99.99594
GET     240.000     99.99648
GET     250.000     99.99688
GET     260.000     99.99761
GET     270.000     99.99854
GET     290.000     99.99900
GET     310.000     99.99927
GET     320.000     99.99953
GET     340.000     99.99967
GET     360.000     99.99980
GET     370.000     99.99987
GET     390.000     99.99993
GET     400.000    100.00000
