[RUN #1] Preparing benchmark client...
[RUN #1] Launching threads now...
[RUN #1 3%,   0 secs]  8 threads:       63873 ops,       0 (avg:       0) ops/sec, 0.00KB/sec (avg: 0.00KB/sec),  0.00 (avg:  0.00) msec latency[RUN #1 8%,   1 secs]  8 threads:      142521 ops,   78636 (avg:   84319) ops/sec, 2.97MB/sec (avg: 3.18MB/sec),  4.06 (avg:  3.75) msec latency[RUN #1 13%,   2 secs]  8 threads:      220941 ops,   78408 (avg:   82122) ops/sec, 2.96MB/sec (avg: 3.10MB/sec),  4.06 (avg:  3.86) msec latency[RUN #1 18%,   3 secs]  8 threads:      302138 ops,   81185 (avg:   81868) ops/sec, 3.06MB/sec (avg: 3.09MB/sec),  3.92 (avg:  3.88) msec latency[RUN #1 23%,   4 secs]  8 threads:      381040 ops,   78891 (avg:   81233) ops/sec, 2.98MB/sec (avg: 3.07MB/sec),  4.08 (avg:  3.92) msec latency[RUN #1 28%,   5 secs]  8 threads:      459985 ops,   78934 (avg:   80829) ops/sec, 2.98MB/sec (avg: 3.05MB/sec),  4.05 (avg:  3.94) msec latency[RUN #1 33%,   6 secs]  8 threads:      541438 ops,   81440 (avg:   80920) ops/sec, 3.07MB/sec (avg: 3.05MB/sec),  3.91 (avg:  3.94) msec latency[RUN #1 38%,   7 secs]  8 threads:      621317 ops,   79865 (avg:   80783) ops/sec, 3.01MB/sec (avg: 3.05MB/sec),  3.98 (avg:  3.94) msec latency[RUN #1 43%,   8 secs]  8 threads:      701698 ops,   80369 (avg:   80735) ops/sec, 3.03MB/sec (avg: 3.05MB/sec),  4.00 (avg:  3.95) msec latency[RUN #1 48%,   9 secs]  8 threads:      780570 ops,   78861 (avg:   80542) ops/sec, 2.97MB/sec (avg: 3.04MB/sec),  4.05 (avg:  3.96) msec latency[RUN #1 53%,  10 secs]  8 threads:      860319 ops,   79737 (avg:   80467) ops/sec, 3.01MB/sec (avg: 3.04MB/sec),  4.02 (avg:  3.97) msec latency[RUN #1 58%,  11 secs]  8 threads:      939775 ops,   79444 (avg:   80379) ops/sec, 3.00MB/sec (avg: 3.03MB/sec),  4.05 (avg:  3.97) msec latency[RUN #1 63%,  12 secs]  8 threads:     1019614 ops,   79828 (avg:   80336) ops/sec, 3.01MB/sec (avg: 3.03MB/sec),  3.97 (avg:  3.97) msec latency[RUN #1 68%,  13 secs]  8 threads:     1101338 ops,   81707 (avg:   80436) ops/sec, 3.08MB/sec (avg: 3.03MB/sec),  3.93 (avg:  3.97) msec latency[RUN #1 73%,  14 secs]  8 threads:     1181837 ops,   80486 (avg:   80439) ops/sec, 3.04MB/sec (avg: 3.03MB/sec),  3.96 (avg:  3.97) msec latency[RUN #1 78%,  15 secs]  8 threads:     1261138 ops,   79287 (avg:   80366) ops/sec, 2.99MB/sec (avg: 3.03MB/sec),  4.06 (avg:  3.97) msec latency[RUN #1 83%,  16 secs]  8 threads:     1340261 ops,   79112 (avg:   80291) ops/sec, 2.98MB/sec (avg: 3.03MB/sec),  4.03 (avg:  3.98) msec latency[RUN #1 88%,  17 secs]  8 threads:     1419730 ops,   79458 (avg:   80244) ops/sec, 3.00MB/sec (avg: 3.03MB/sec),  4.02 (avg:  3.98) msec latency[RUN #1 93%,  18 secs]  8 threads:     1499855 ops,   80113 (avg:   80237) ops/sec, 3.02MB/sec (avg: 3.03MB/sec),  3.99 (avg:  3.98) msec latency[RUN #1 98%,  19 secs]  8 threads:     1584283 ops,   80113 (avg:   80450) ops/sec, 3.02MB/sec (avg: 3.03MB/sec),  3.99 (avg:  3.97) msec latency[RUN #1 100%,  20 secs]  0 threads:     1697126 ops,   80113 (avg:   84769) ops/sec, 3.02MB/sec (avg: 3.20MB/sec),  3.99 (avg:  3.77) msec latency

8         Threads
40        Connections per thread
20        Seconds
Type        Ops/sec     Hits/sec   Misses/sec      Latency       KB/sec
------------------------------------------------------------------------
Sets        7711.67          ---          ---      4.23000       571.63
Gets       77029.48      3300.61     73728.86      3.72500      2701.10
Totals     84741.15      3300.61     73728.86      3.77100      3272.74


Request Latency Distribution
Type     <= msec         Percent
------------------------------------------------------------------------
SET       1.000     76.51690
SET       2.000     79.33930
SET       3.000     80.97227
SET       4.000     82.46732
SET       5.000     83.56157
SET       6.000     84.46223
SET       7.000     85.34929
SET       8.000     86.14440
SET       9.000     86.78218
SET      10.000     87.50672
SET      11.000     88.18917
SET      12.000     88.99400
SET      13.000     89.65962
SET      14.000     90.23717
SET      15.000     90.60948
SET      16.000     90.98567
SET      17.000     91.34244
SET      18.000     91.70762
SET      19.000     92.07669
SET      20.000     92.39072
SET      21.000     92.70151
SET      22.000     93.00195
SET      23.000     93.28879
SET      24.000     93.57757
SET      25.000     93.84886
SET      26.000     94.12081
SET      27.000     94.36362
SET      28.000     94.63880
SET      29.000     94.88355
SET      30.000     95.14125
SET      31.000     95.36658
SET      32.000     95.61262
SET      33.000     95.85219
SET      34.000     96.04709
SET      35.000     96.20572
SET      36.000     96.38637
SET      37.000     96.58256
SET      38.000     96.73019
SET      39.000     96.89335
SET      40.000     97.05717
SET      41.000     97.19638
SET      42.000     97.33623
SET      43.000     97.45472
SET      44.000     97.58034
SET      45.000     97.72732
SET      46.000     97.85293
SET      47.000     97.96171
SET      48.000     98.05559
SET      49.000     98.15142
SET      50.000     98.24919
SET      51.000     98.34178
SET      52.000     98.41624
SET      53.000     98.49783
SET      54.000     98.58394
SET      55.000     98.64092
SET      56.000     98.70049
SET      57.000     98.75100
SET      58.000     98.82481
SET      59.000     98.87467
SET      60.000     98.95172
SET      61.000     99.00934
SET      62.000     99.06697
SET      63.000     99.10906
SET      64.000     99.14596
SET      65.000     99.19582
SET      66.000     99.22819
SET      67.000     99.26834
SET      68.000     99.30330
SET      69.000     99.33632
SET      70.000     99.37064
SET      71.000     99.41661
SET      72.000     99.44899
SET      73.000     99.47489
SET      74.000     99.49431
SET      75.000     99.51697
SET      76.000     99.53187
SET      77.000     99.54870
SET      78.000     99.56489
SET      79.000     99.57719
SET      80.000     99.59144
SET      81.000     99.60633
SET      82.000     99.61928
SET      83.000     99.63223
SET      84.000     99.64000
SET      85.000     99.65489
SET      86.000     99.66266
SET      87.000     99.67237
SET      88.000     99.68014
SET      89.000     99.69374
SET      90.000     99.70798
SET      91.000     99.71122
SET      92.000     99.71770
SET      93.000     99.72741
SET      94.000     99.73453
SET      95.000     99.73777
SET      96.000     99.74295
SET      97.000     99.75525
SET      98.000     99.76172
SET      99.000     99.76755
SET     100.000     99.80899
SET     110.000     99.84914
SET     120.000     99.88345
SET     130.000     99.92748
SET     140.000     99.95662
SET     150.000     99.97669
SET     160.000     99.98252
SET     170.000     99.98899
SET     180.000     99.99029
SET     190.000     99.99353
SET     200.000     99.99417
SET     220.000     99.99482
SET     230.000     99.99676
SET     240.000     99.99741
SET     250.000     99.99806
SET     260.000     99.99871
SET     270.000     99.99935
SET     390.000    100.00000
---
GET       0.054      0.00006
GET       0.060      0.00013
GET       0.063      0.00019
GET       0.065      0.00026
GET       0.066      0.00039
GET       0.067      0.00078
GET       0.068      0.00097
GET       0.069      0.00110
GET       0.070      0.00136
GET       0.071      0.00156
GET       0.072      0.00182
GET       0.073      0.00201
GET       0.074      0.00253
GET       0.075      0.00266
GET       0.076      0.00395
GET       0.077      0.00447
GET       0.078      0.00519
GET       0.079      0.00596
GET       0.080      0.00720
GET       0.081      0.00933
GET       0.082      0.01160
GET       0.083      0.01420
GET       0.084      0.01698
GET       0.085      0.02139
GET       0.086      0.02476
GET       0.087      0.03060
GET       0.088      0.03792
GET       0.089      0.04700
GET       0.090      0.05840
GET       0.091      0.07156
GET       0.092      0.08874
GET       0.093      0.10806
GET       0.094      0.13217
GET       0.095      0.15797
GET       0.096      0.18727
GET       0.097      0.21540
GET       0.098      0.24756
GET       0.099      0.27789
GET       0.100      0.44656
GET       0.110      0.80911
GET       0.120      1.25463
GET       0.130      2.07885
GET       0.140      4.32454
GET       0.150      7.06827
GET       0.160      8.92115
GET       0.170     10.33978
GET       0.180     11.89246
GET       0.190     14.37197
GET       0.200     16.57625
GET       0.210     18.04343
GET       0.220     19.28815
GET       0.230     20.71015
GET       0.240     22.85311
GET       0.250     25.04876
GET       0.260     27.05397
GET       0.270     29.15661
GET       0.280     31.91511
GET       0.290     36.15986
GET       0.300     40.44285
GET       0.310     44.15684
GET       0.320     47.67655
GET       0.330     51.34840
GET       0.340     55.49786
GET       0.350     58.83218
GET       0.360     61.29892
GET       0.370     63.28390
GET       0.380     65.03125
GET       0.390     66.68480
GET       0.400     68.01125
GET       0.410     69.04840
GET       0.420     69.91547
GET       0.430     70.70993
GET       0.440     71.48624
GET       0.450     72.15099
GET       0.460     72.68006
GET       0.470     73.13570
GET       0.480     73.56858
GET       0.490     73.96393
GET       0.500     74.31105
GET       0.510     74.61027
GET       0.520     74.87507
GET       0.530     75.12976
GET       0.540     75.37031
GET       0.550     75.58857
GET       0.560     75.78679
GET       0.570     75.97426
GET       0.580     76.16490
GET       0.590     76.36358
GET       0.600     76.54658
GET       0.610     76.72108
GET       0.620     76.89247
GET       0.630     77.07857
GET       0.640     77.26578
GET       0.650     77.44268
GET       0.660     77.61880
GET       0.670     77.79174
GET       0.680     77.97085
GET       0.690     78.14554
GET       0.700     78.30773
GET       0.710     78.46440
GET       0.720     78.61719
GET       0.730     78.76835
GET       0.740     78.92315
GET       0.750     79.06835
GET       0.760     79.20389
GET       0.770     79.33996
GET       0.780     79.46675
GET       0.790     79.59166
GET       0.800     79.70335
GET       0.810     79.80466
GET       0.820     79.90708
GET       0.830     80.00652
GET       0.840     80.10356
GET       0.850     80.19438
GET       0.860     80.28007
GET       0.870     80.36013
GET       0.880     80.43901
GET       0.890     80.51725
GET       0.900     80.58765
GET       0.910     80.65857
GET       0.920     80.72857
GET       0.930     80.79158
GET       0.940     80.85083
GET       0.950     80.91001
GET       0.960     80.96790
GET       0.970     81.02436
GET       0.980     81.08017
GET       0.990     81.13378
GET       1.000     81.40869
GET       1.100     81.82537
GET       1.200     82.21475
GET       1.300     82.57212
GET       1.400     82.88903
GET       1.500     83.17671
GET       1.600     83.42952
GET       1.700     83.65821
GET       1.800     83.86499
GET       1.900     84.04688
GET       2.000     84.21387
GET       2.100     84.37106
GET       2.200     84.50881
GET       2.300     84.63683
GET       2.400     84.75137
GET       2.500     84.85949
GET       2.600     84.96781
GET       2.700     85.07101
GET       2.800     85.17226
GET       2.900     85.26949
GET       3.000     85.36705
GET       3.100     85.45923
GET       3.200     85.54577
GET       3.300     85.62803
GET       3.400     85.71502
GET       3.500     85.80006
GET       3.600     85.89056
GET       3.700     85.97359
GET       3.800     86.05598
GET       3.900     86.13260
GET       4.000     86.21130
GET       4.100     86.28727
GET       4.200     86.37011
GET       4.300     86.45846
GET       4.400     86.55745
GET       4.500     86.64625
GET       4.600     86.72508
GET       4.700     86.80792
GET       4.800     86.88823
GET       4.900     86.96174
GET       5.000     87.02903
GET       5.100     87.09074
GET       5.200     87.15219
GET       5.300     87.21727
GET       5.400     87.28689
GET       5.500     87.35132
GET       5.600     87.41893
GET       5.700     87.48635
GET       5.800     87.55221
GET       5.900     87.62260
GET       6.000     87.68490
GET       6.100     87.74927
GET       6.200     87.80858
GET       6.300     87.86789
GET       6.400     87.93239
GET       6.500     87.98839
GET       6.600     88.04609
GET       6.700     88.10481
GET       6.800     88.16380
GET       6.900     88.22059
GET       7.000     88.27964
GET       7.100     88.32942
GET       7.200     88.38536
GET       7.300     88.43761
GET       7.400     88.49135
GET       7.500     88.54541
GET       7.600     88.59610
GET       7.700     88.64465
GET       7.800     88.70170
GET       7.900     88.75219
GET       8.000     88.80301
GET       8.100     88.85753
GET       8.200     88.91023
GET       8.300     88.96876
GET       8.400     89.03268
GET       8.500     89.08719
GET       8.600     89.13808
GET       8.700     89.18845
GET       8.800     89.23985
GET       8.900     89.28847
GET       9.000     89.33514
GET       9.100     89.38434
GET       9.200     89.42667
GET       9.300     89.47788
GET       9.400     89.52533
GET       9.500     89.57524
GET       9.600     89.62113
GET       9.700     89.67066
GET       9.800     89.71817
GET       9.900     89.76070
GET      10.000     90.02271
GET      11.000     90.44820
GET      12.000     90.87447
GET      13.000     91.26781
GET      14.000     91.65370
GET      15.000     92.00438
GET      16.000     92.34088
GET      17.000     92.66136
GET      18.000     92.98346
GET      19.000     93.27081
GET      20.000     93.54534
GET      21.000     93.82653
GET      22.000     94.10384
GET      23.000     94.37474
GET      24.000     94.63843
GET      25.000     94.90362
GET      26.000     95.16537
GET      27.000     95.39128
GET      28.000     95.61349
GET      29.000     95.83596
GET      30.000     96.05026
GET      31.000     96.26696
GET      32.000     96.46246
GET      33.000     96.65472
GET      34.000     96.83817
GET      35.000     96.99387
GET      36.000     97.14783
GET      37.000     97.29257
GET      38.000     97.44633
GET      39.000     97.58570
GET      40.000     97.70685
GET      41.000     97.83896
GET      42.000     97.96873
GET      43.000     98.08114
GET      44.000     98.18718
GET      45.000     98.28688
GET      46.000     98.39662
GET      47.000     98.48880
GET      48.000     98.57521
GET      49.000     98.65319
GET      50.000     98.73033
GET      51.000     98.80235
GET      52.000     98.86937
GET      53.000     98.93867
GET      54.000     99.00530
GET      55.000     99.06364
GET      56.000     99.10455
GET      57.000     99.14902
GET      58.000     99.19199
GET      59.000     99.23555
GET      60.000     99.26978
GET      61.000     99.30569
GET      62.000     99.33979
GET      63.000     99.37025
GET      64.000     99.39884
GET      65.000     99.43708
GET      66.000     99.47105
GET      67.000     99.50333
GET      68.000     99.52868
GET      69.000     99.55182
GET      70.000     99.58073
GET      71.000     99.60439
GET      72.000     99.62526
GET      73.000     99.64393
GET      74.000     99.66137
GET      75.000     99.67725
GET      76.000     99.68944
GET      77.000     99.70357
GET      78.000     99.71848
GET      79.000     99.72969
GET      80.000     99.74421
GET      81.000     99.75750
GET      82.000     99.77001
GET      83.000     99.78051
GET      84.000     99.79017
GET      85.000     99.79646
GET      86.000     99.80553
GET      87.000     99.81221
GET      88.000     99.81915
GET      89.000     99.82647
GET      90.000     99.83393
GET      91.000     99.84086
GET      92.000     99.84754
GET      93.000     99.85558
GET      94.000     99.86186
GET      95.000     99.86932
GET      96.000     99.87334
GET      97.000     99.87872
GET      98.000     99.88300
GET      99.000     99.88766
GET     100.000     99.91197
GET     110.000     99.93920
GET     120.000     99.95871
GET     130.000     99.96908
GET     140.000     99.97932
GET     150.000     99.98451
GET     160.000     99.98794
GET     170.000     99.99002
GET     180.000     99.99242
GET     190.000     99.99339
GET     200.000     99.99417
GET     210.000     99.99462
GET     220.000     99.99611
GET     230.000     99.99624
GET     240.000     99.99676
GET     250.000     99.99728
GET     260.000     99.99812
GET     270.000     99.99870
GET     290.000     99.99903
GET     300.000     99.99922
GET     310.000     99.99929
GET     320.000     99.99961
GET     330.000     99.99974
GET     350.000     99.99981
GET     370.000     99.99987
GET     390.000    100.00000
