[RUN #1] Preparing benchmark client...
[RUN #1] Launching threads now...
[RUN #1 3%,   0 secs]  8 threads:       50940 ops,       0 (avg:       0) ops/sec, 0.00KB/sec (avg: 0.00KB/sec),  0.00 (avg:  0.00) msec latency[RUN #1 8%,   1 secs]  8 threads:      127100 ops,   76148 (avg:   81359) ops/sec, 2.87MB/sec (avg: 3.07MB/sec),  4.19 (avg:  3.89) msec latency[RUN #1 13%,   2 secs]  8 threads:      205078 ops,   77966 (avg:   80034) ops/sec, 2.94MB/sec (avg: 3.02MB/sec),  4.09 (avg:  3.96) msec latency[RUN #1 18%,   3 secs]  8 threads:      282767 ops,   77677 (avg:   79373) ops/sec, 2.93MB/sec (avg: 3.00MB/sec),  4.08 (avg:  4.00) msec latency[RUN #1 23%,   4 secs]  8 threads:      360172 ops,   77392 (avg:   78938) ops/sec, 2.92MB/sec (avg: 2.98MB/sec),  4.13 (avg:  4.02) msec latency[RUN #1 28%,   5 secs]  8 threads:      439003 ops,   78817 (avg:   78916) ops/sec, 2.97MB/sec (avg: 2.98MB/sec),  4.06 (avg:  4.03) msec latency[RUN #1 33%,   6 secs]  8 threads:      518061 ops,   79047 (avg:   78936) ops/sec, 2.98MB/sec (avg: 2.98MB/sec),  4.10 (avg:  4.04) msec latency[RUN #1 38%,   7 secs]  8 threads:      596046 ops,   77974 (avg:   78809) ops/sec, 2.94MB/sec (avg: 2.97MB/sec),  4.10 (avg:  4.05) msec latency[RUN #1 43%,   8 secs]  8 threads:      676283 ops,   80224 (avg:   78974) ops/sec, 3.03MB/sec (avg: 2.98MB/sec),  4.00 (avg:  4.04) msec latency[RUN #1 48%,   9 secs]  8 threads:      755614 ops,   79319 (avg:   79010) ops/sec, 2.99MB/sec (avg: 2.98MB/sec),  3.99 (avg:  4.04) msec latency[RUN #1 53%,  10 secs]  8 threads:      835076 ops,   79449 (avg:   79052) ops/sec, 3.00MB/sec (avg: 2.98MB/sec),  4.04 (avg:  4.04) msec latency[RUN #1 58%,  11 secs]  8 threads:      913783 ops,   78694 (avg:   79021) ops/sec, 2.97MB/sec (avg: 2.98MB/sec),  4.06 (avg:  4.04) msec latency[RUN #1 63%,  12 secs]  8 threads:      993441 ops,   79646 (avg:   79071) ops/sec, 3.00MB/sec (avg: 2.98MB/sec),  4.02 (avg:  4.04) msec latency[RUN #1 68%,  13 secs]  8 threads:     1073124 ops,   79669 (avg:   79115) ops/sec, 3.00MB/sec (avg: 2.98MB/sec),  3.99 (avg:  4.03) msec latency[RUN #1 73%,  14 secs]  8 threads:     1151756 ops,   78618 (avg:   79081) ops/sec, 2.96MB/sec (avg: 2.98MB/sec),  4.10 (avg:  4.04) msec latency[RUN #1 78%,  15 secs]  8 threads:     1231060 ops,   79291 (avg:   79094) ops/sec, 2.99MB/sec (avg: 2.98MB/sec),  4.03 (avg:  4.04) msec latency[RUN #1 83%,  16 secs]  8 threads:     1310162 ops,   79087 (avg:   79094) ops/sec, 2.98MB/sec (avg: 2.98MB/sec),  4.04 (avg:  4.04) msec latency[RUN #1 88%,  17 secs]  8 threads:     1388661 ops,   78485 (avg:   79059) ops/sec, 2.96MB/sec (avg: 2.98MB/sec),  4.07 (avg:  4.04) msec latency[RUN #1 93%,  18 secs]  8 threads:     1468705 ops,   80032 (avg:   79111) ops/sec, 3.02MB/sec (avg: 2.98MB/sec),  3.99 (avg:  4.04) msec latency[RUN #1 98%,  19 secs]  8 threads:     1551591 ops,   80032 (avg:   79305) ops/sec, 3.02MB/sec (avg: 2.99MB/sec),  3.99 (avg:  4.03) msec latency[RUN #1 100%,  20 secs]  0 threads:     1703919 ops,   80032 (avg:   85100) ops/sec, 3.02MB/sec (avg: 3.21MB/sec),  3.99 (avg:  3.76) msec latency

8         Threads
40        Connections per thread
20        Seconds
Type        Ops/sec     Hits/sec   Misses/sec      Latency       KB/sec
------------------------------------------------------------------------
Sets        7738.67          ---          ---      4.21500       573.63
Gets       77306.34      3393.33     73913.02      3.71000      2710.83
Totals     85045.01      3393.33     73913.02      3.75600      3284.46


Request Latency Distribution
Type     <= msec         Percent
------------------------------------------------------------------------
SET       1.000     76.86652
SET       2.000     79.72886
SET       3.000     81.56571
SET       4.000     83.00784
SET       5.000     84.06300
SET       6.000     85.04592
SET       7.000     85.75344
SET       8.000     86.65317
SET       9.000     87.37230
SET      10.000     88.11787
SET      11.000     88.61901
SET      12.000     89.14078
SET      13.000     89.58258
SET      14.000     90.03921
SET      15.000     90.42619
SET      16.000     90.79962
SET      17.000     91.17886
SET      18.000     91.52134
SET      19.000     91.83995
SET      20.000     92.15404
SET      21.000     92.46556
SET      22.000     92.83319
SET      23.000     93.18340
SET      24.000     93.53942
SET      25.000     93.82836
SET      26.000     94.09925
SET      27.000     94.35143
SET      28.000     94.62489
SET      29.000     94.85901
SET      30.000     95.09894
SET      31.000     95.33757
SET      32.000     95.58201
SET      33.000     95.77873
SET      34.000     95.98834
SET      35.000     96.16183
SET      36.000     96.35081
SET      37.000     96.53720
SET      38.000     96.70231
SET      39.000     96.86162
SET      40.000     97.02544
SET      41.000     97.20345
SET      42.000     97.34082
SET      43.000     97.45434
SET      44.000     97.58075
SET      45.000     97.70974
SET      46.000     97.80455
SET      47.000     97.91161
SET      48.000     98.02319
SET      49.000     98.12187
SET      50.000     98.20314
SET      51.000     98.28053
SET      52.000     98.36567
SET      53.000     98.46435
SET      54.000     98.53400
SET      55.000     98.59721
SET      56.000     98.64429
SET      57.000     98.71588
SET      58.000     98.77135
SET      59.000     98.81134
SET      60.000     98.87841
SET      61.000     98.91904
SET      62.000     98.95516
SET      63.000     98.99386
SET      64.000     99.04030
SET      65.000     99.09125
SET      66.000     99.14994
SET      67.000     99.18412
SET      68.000     99.22218
SET      69.000     99.25571
SET      70.000     99.29635
SET      71.000     99.33117
SET      72.000     99.35504
SET      73.000     99.37890
SET      74.000     99.39825
SET      75.000     99.41373
SET      76.000     99.43114
SET      77.000     99.46339
SET      78.000     99.48339
SET      79.000     99.50015
SET      80.000     99.51821
SET      81.000     99.53240
SET      82.000     99.54079
SET      83.000     99.56981
SET      84.000     99.59174
SET      85.000     99.60141
SET      86.000     99.61689
SET      87.000     99.62399
SET      88.000     99.64011
SET      89.000     99.66075
SET      90.000     99.67752
SET      91.000     99.68397
SET      92.000     99.69235
SET      93.000     99.70074
SET      94.000     99.71106
SET      95.000     99.71815
SET      96.000     99.72912
SET      97.000     99.73234
SET      98.000     99.73686
SET      99.000     99.74911
SET     100.000     99.78974
SET     110.000     99.83295
SET     120.000     99.86391
SET     130.000     99.90713
SET     140.000     99.93228
SET     150.000     99.94776
SET     160.000     99.95227
SET     170.000     99.95421
SET     180.000     99.95550
SET     190.000     99.97033
SET     200.000     99.98130
SET     210.000     99.98581
SET     220.000     99.99226
SET     230.000     99.99291
SET     250.000     99.99355
SET     260.000     99.99420
SET     270.000     99.99613
SET     290.000     99.99678
SET     300.000     99.99742
SET     310.000     99.99871
SET     320.000     99.99936
SET     370.000    100.00000
---
GET       0.059      0.00006
GET       0.066      0.00019
GET       0.067      0.00032
GET       0.068      0.00045
GET       0.069      0.00077
GET       0.070      0.00084
GET       0.071      0.00097
GET       0.072      0.00123
GET       0.073      0.00142
GET       0.074      0.00187
GET       0.075      0.00220
GET       0.076      0.00303
GET       0.077      0.00394
GET       0.078      0.00445
GET       0.079      0.00600
GET       0.080      0.00749
GET       0.081      0.00923
GET       0.082      0.01136
GET       0.083      0.01427
GET       0.084      0.01730
GET       0.085      0.02143
GET       0.086      0.02737
GET       0.087      0.03370
GET       0.088      0.04216
GET       0.089      0.04900
GET       0.090      0.05991
GET       0.091      0.07302
GET       0.092      0.08755
GET       0.093      0.10627
GET       0.094      0.12835
GET       0.095      0.15592
GET       0.096      0.18058
GET       0.097      0.20847
GET       0.098      0.23824
GET       0.099      0.26645
GET       0.100      0.42457
GET       0.110      0.76398
GET       0.120      1.20010
GET       0.130      2.03258
GET       0.140      4.15877
GET       0.150      6.79643
GET       0.160      8.62170
GET       0.170     10.04693
GET       0.180     11.60555
GET       0.190     13.99484
GET       0.200     16.14337
GET       0.210     17.61741
GET       0.220     18.85205
GET       0.230     20.22861
GET       0.240     22.26809
GET       0.250     24.41036
GET       0.260     26.38367
GET       0.270     28.48378
GET       0.280     31.19756
GET       0.290     35.31947
GET       0.300     39.52976
GET       0.310     43.26732
GET       0.320     46.79912
GET       0.330     50.50698
GET       0.340     54.64290
GET       0.350     58.01639
GET       0.360     60.49497
GET       0.370     62.51424
GET       0.380     64.27785
GET       0.390     65.95398
GET       0.400     67.28307
GET       0.410     68.33810
GET       0.420     69.22778
GET       0.430     70.04709
GET       0.440     70.85096
GET       0.450     71.52436
GET       0.460     72.09199
GET       0.470     72.58597
GET       0.480     73.04107
GET       0.490     73.47494
GET       0.500     73.84411
GET       0.510     74.16254
GET       0.520     74.44571
GET       0.530     74.70583
GET       0.540     74.96570
GET       0.550     75.20078
GET       0.560     75.41325
GET       0.570     75.62579
GET       0.580     75.83227
GET       0.590     76.04817
GET       0.600     76.24993
GET       0.610     76.44239
GET       0.620     76.62614
GET       0.630     76.81544
GET       0.640     77.02217
GET       0.650     77.21334
GET       0.660     77.40444
GET       0.670     77.59103
GET       0.680     77.77846
GET       0.690     77.96718
GET       0.700     78.15441
GET       0.710     78.32234
GET       0.720     78.48278
GET       0.730     78.64974
GET       0.740     78.81483
GET       0.750     78.96481
GET       0.760     79.10627
GET       0.770     79.24424
GET       0.780     79.38079
GET       0.790     79.52044
GET       0.800     79.63807
GET       0.810     79.74860
GET       0.820     79.85668
GET       0.830     79.96605
GET       0.840     80.07142
GET       0.850     80.16484
GET       0.860     80.24774
GET       0.870     80.33400
GET       0.880     80.42193
GET       0.890     80.50296
GET       0.900     80.58024
GET       0.910     80.65346
GET       0.920     80.72544
GET       0.930     80.80208
GET       0.940     80.86987
GET       0.950     80.93353
GET       0.960     80.99383
GET       0.970     81.05304
GET       0.980     81.11625
GET       0.990     81.17125
GET       1.000     81.45720
GET       1.100     81.88474
GET       1.200     82.29091
GET       1.300     82.65169
GET       1.400     82.96185
GET       1.500     83.24276
GET       1.600     83.49792
GET       1.700     83.73021
GET       1.800     83.93359
GET       1.900     84.10888
GET       2.000     84.27519
GET       2.100     84.42743
GET       2.200     84.56585
GET       2.300     84.69214
GET       2.400     84.80351
GET       2.500     84.91514
GET       2.600     85.02406
GET       2.700     85.12910
GET       2.800     85.22563
GET       2.900     85.31750
GET       3.000     85.41492
GET       3.100     85.50628
GET       3.200     85.59519
GET       3.300     85.67757
GET       3.400     85.76744
GET       3.500     85.85402
GET       3.600     85.94086
GET       3.700     86.02285
GET       3.800     86.10317
GET       3.900     86.18045
GET       4.000     86.26193
GET       4.100     86.33689
GET       4.200     86.42159
GET       4.300     86.50656
GET       4.400     86.60637
GET       4.500     86.69411
GET       4.600     86.77676
GET       4.700     86.86036
GET       4.800     86.94146
GET       4.900     87.01377
GET       5.000     87.07930
GET       5.100     87.14205
GET       5.200     87.20378
GET       5.300     87.26537
GET       5.400     87.33226
GET       5.500     87.39895
GET       5.600     87.46642
GET       5.700     87.52950
GET       5.800     87.59748
GET       5.900     87.66656
GET       6.000     87.73487
GET       6.100     87.79750
GET       6.200     87.85787
GET       6.300     87.91881
GET       6.400     87.97931
GET       6.500     88.03825
GET       6.600     88.09765
GET       6.700     88.15434
GET       6.800     88.21419
GET       6.900     88.26907
GET       7.000     88.32266
GET       7.100     88.37644
GET       7.200     88.43299
GET       7.300     88.48729
GET       7.400     88.54269
GET       7.500     88.59472
GET       7.600     88.64831
GET       7.700     88.69951
GET       7.800     88.75252
GET       7.900     88.80346
GET       8.000     88.85788
GET       8.100     88.91334
GET       8.200     88.96461
GET       8.300     89.02291
GET       8.400     89.08786
GET       8.500     89.14080
GET       8.600     89.19574
GET       8.700     89.24468
GET       8.800     89.29646
GET       8.900     89.34572
GET       9.000     89.39311
GET       9.100     89.44179
GET       9.200     89.48563
GET       9.300     89.53334
GET       9.400     89.58228
GET       9.500     89.63051
GET       9.600     89.67958
GET       9.700     89.72903
GET       9.800     89.77804
GET       9.900     89.82123
GET      10.000     90.08846
GET      11.000     90.52407
GET      12.000     90.95335
GET      13.000     91.35538
GET      14.000     91.73624
GET      15.000     92.07655
GET      16.000     92.41280
GET      17.000     92.73568
GET      18.000     93.04958
GET      19.000     93.32611
GET      20.000     93.60328
GET      21.000     93.89078
GET      22.000     94.15845
GET      23.000     94.42226
GET      24.000     94.68342
GET      25.000     94.94399
GET      26.000     95.20438
GET      27.000     95.42648
GET      28.000     95.64670
GET      29.000     95.85866
GET      30.000     96.07456
GET      31.000     96.28239
GET      32.000     96.47982
GET      33.000     96.66912
GET      34.000     96.85403
GET      35.000     97.01331
GET      36.000     97.16348
GET      37.000     97.31017
GET      38.000     97.46099
GET      39.000     97.59528
GET      40.000     97.72195
GET      41.000     97.85470
GET      42.000     97.98182
GET      43.000     98.08525
GET      44.000     98.19275
GET      45.000     98.29224
GET      46.000     98.40542
GET      47.000     98.49381
GET      48.000     98.58413
GET      49.000     98.65980
GET      50.000     98.73417
GET      51.000     98.80687
GET      52.000     98.87021
GET      53.000     98.93910
GET      54.000     99.00237
GET      55.000     99.05964
GET      56.000     99.09999
GET      57.000     99.14331
GET      58.000     99.18799
GET      59.000     99.23396
GET      60.000     99.27115
GET      61.000     99.30717
GET      62.000     99.34365
GET      63.000     99.37522
GET      64.000     99.40602
GET      65.000     99.44398
GET      66.000     99.47717
GET      67.000     99.50583
GET      68.000     99.53205
GET      69.000     99.55400
GET      70.000     99.58273
GET      71.000     99.60468
GET      72.000     99.62469
GET      73.000     99.64458
GET      74.000     99.66279
GET      75.000     99.67777
GET      76.000     99.68900
GET      77.000     99.70346
GET      78.000     99.71767
GET      79.000     99.72761
GET      80.000     99.74110
GET      81.000     99.75505
GET      82.000     99.76802
GET      83.000     99.77745
GET      84.000     99.78849
GET      85.000     99.79604
GET      86.000     99.80386
GET      87.000     99.81057
GET      88.000     99.81722
GET      89.000     99.82478
GET      90.000     99.83220
GET      91.000     99.83879
GET      92.000     99.84608
GET      93.000     99.85293
GET      94.000     99.85925
GET      95.000     99.86706
GET      96.000     99.87158
GET      97.000     99.87630
GET      98.000     99.87998
GET      99.000     99.88366
GET     100.000     99.90664
GET     110.000     99.93415
GET     120.000     99.95726
GET     130.000     99.96895
GET     140.000     99.97831
GET     150.000     99.98296
GET     160.000     99.98793
GET     170.000     99.99057
GET     180.000     99.99219
GET     190.000     99.99354
GET     200.000     99.99432
GET     210.000     99.99451
GET     220.000     99.99548
GET     230.000     99.99600
GET     240.000     99.99658
GET     250.000     99.99703
GET     260.000     99.99768
GET     270.000     99.99858
GET     290.000     99.99910
GET     300.000     99.99923
GET     310.000     99.99948
GET     320.000     99.99981
GET     330.000     99.99987
GET     370.000     99.99994
GET     400.000    100.00000
