[RUN #1] Preparing benchmark client...
[RUN #1] Launching threads now...
[RUN #1 4%,   0 secs]  8 threads:       79735 ops,       0 (avg:       0) ops/sec, 0.00KB/sec (avg: 0.00KB/sec),  0.00 (avg:  0.00) msec latency[RUN #1 9%,   1 secs]  8 threads:      157274 ops,   77525 (avg:   83389) ops/sec, 2.93MB/sec (avg: 3.15MB/sec),  4.15 (avg:  3.79) msec latency[RUN #1 14%,   2 secs]  8 threads:      233780 ops,   76490 (avg:   80998) ops/sec, 2.89MB/sec (avg: 3.06MB/sec),  4.19 (avg:  3.92) msec latency[RUN #1 19%,   3 secs]  8 threads:      310524 ops,   76733 (avg:   79901) ops/sec, 2.89MB/sec (avg: 3.01MB/sec),  4.18 (avg:  3.98) msec latency[RUN #1 24%,   4 secs]  8 threads:      386301 ops,   75766 (avg:   79054) ops/sec, 2.86MB/sec (avg: 2.98MB/sec),  4.23 (avg:  4.03) msec latency[RUN #1 29%,   5 secs]  8 threads:      462124 ops,   75812 (avg:   78503) ops/sec, 2.86MB/sec (avg: 2.96MB/sec),  4.22 (avg:  4.06) msec latency[RUN #1 34%,   6 secs]  8 threads:      540019 ops,   77882 (avg:   78413) ops/sec, 2.94MB/sec (avg: 2.96MB/sec),  4.06 (avg:  4.06) msec latency[RUN #1 39%,   7 secs]  8 threads:      617858 ops,   77827 (avg:   78339) ops/sec, 2.93MB/sec (avg: 2.96MB/sec),  4.11 (avg:  4.07) msec latency[RUN #1 44%,   8 secs]  8 threads:      695299 ops,   77430 (avg:   78237) ops/sec, 2.92MB/sec (avg: 2.95MB/sec),  4.15 (avg:  4.08) msec latency[RUN #1 49%,   9 secs]  8 threads:      771781 ops,   76468 (avg:   78058) ops/sec, 2.88MB/sec (avg: 2.94MB/sec),  4.19 (avg:  4.09) msec latency[RUN #1 54%,  10 secs]  8 threads:      848794 ops,   77000 (avg:   77961) ops/sec, 2.90MB/sec (avg: 2.94MB/sec),  4.14 (avg:  4.09) msec latency[RUN #1 59%,  11 secs]  8 threads:      926743 ops,   77937 (avg:   77959) ops/sec, 2.94MB/sec (avg: 2.94MB/sec),  4.10 (avg:  4.09) msec latency[RUN #1 64%,  12 secs]  8 threads:     1004483 ops,   77728 (avg:   77941) ops/sec, 2.93MB/sec (avg: 2.94MB/sec),  4.13 (avg:  4.10) msec latency[RUN #1 69%,  13 secs]  8 threads:     1081591 ops,   77095 (avg:   77880) ops/sec, 2.91MB/sec (avg: 2.94MB/sec),  4.15 (avg:  4.10) msec latency[RUN #1 74%,  14 secs]  8 threads:     1158888 ops,   77285 (avg:   77840) ops/sec, 2.91MB/sec (avg: 2.94MB/sec),  4.12 (avg:  4.10) msec latency[RUN #1 79%,  15 secs]  8 threads:     1236285 ops,   77385 (avg:   77811) ops/sec, 2.92MB/sec (avg: 2.93MB/sec),  4.12 (avg:  4.10) msec latency[RUN #1 84%,  16 secs]  8 threads:     1314018 ops,   77720 (avg:   77806) ops/sec, 2.93MB/sec (avg: 2.93MB/sec),  4.12 (avg:  4.10) msec latency[RUN #1 89%,  17 secs]  8 threads:     1391159 ops,   77129 (avg:   77768) ops/sec, 2.91MB/sec (avg: 2.93MB/sec),  4.11 (avg:  4.10) msec latency[RUN #1 94%,  18 secs]  8 threads:     1468032 ops,   76862 (avg:   77720) ops/sec, 2.90MB/sec (avg: 2.93MB/sec),  4.21 (avg:  4.11) msec latency[RUN #1 99%,  19 secs]  8 threads:     1553498 ops,   76862 (avg:   78113) ops/sec, 2.90MB/sec (avg: 2.95MB/sec),  4.21 (avg:  4.09) msec latency[RUN #1 100%,  20 secs]  0 threads:     1599097 ops,   76862 (avg:   79868) ops/sec, 2.90MB/sec (avg: 3.01MB/sec),  4.21 (avg:  4.00) msec latency

8         Threads
40        Connections per thread
20        Seconds
Type        Ops/sec     Hits/sec   Misses/sec      Latency       KB/sec
------------------------------------------------------------------------
Sets        7267.79          ---          ---      4.58500       538.73
Gets       72594.66      3002.98     69591.69      3.94400      2545.59
Totals     79862.45      3002.98     69591.69      4.00200      3084.31


Request Latency Distribution
Type     <= msec         Percent
------------------------------------------------------------------------
SET       1.000     74.35131
SET       2.000     77.95896
SET       3.000     80.06721
SET       4.000     81.69305
SET       5.000     82.79115
SET       6.000     83.74632
SET       7.000     84.46442
SET       8.000     85.23061
SET       9.000     85.86762
SET      10.000     86.53006
SET      11.000     87.11072
SET      12.000     87.70443
SET      13.000     88.27135
SET      14.000     88.78192
SET      15.000     89.24920
SET      16.000     89.66150
SET      17.000     90.12190
SET      18.000     90.60980
SET      19.000     90.95201
SET      20.000     91.32033
SET      21.000     91.62750
SET      22.000     91.98139
SET      23.000     92.30161
SET      24.000     92.63970
SET      25.000     92.96817
SET      26.000     93.26572
SET      27.000     93.56395
SET      28.000     93.92884
SET      29.000     94.26624
SET      30.000     94.54935
SET      31.000     94.81872
SET      32.000     95.11283
SET      33.000     95.33342
SET      34.000     95.51277
SET      35.000     95.77733
SET      36.000     95.99791
SET      37.000     96.21712
SET      38.000     96.38822
SET      39.000     96.54078
SET      40.000     96.71394
SET      41.000     96.86993
SET      42.000     97.00599
SET      43.000     97.13999
SET      44.000     97.28773
SET      45.000     97.41830
SET      46.000     97.53511
SET      47.000     97.64850
SET      48.000     97.74401
SET      49.000     97.91168
SET      50.000     98.01682
SET      51.000     98.11096
SET      52.000     98.19686
SET      53.000     98.28138
SET      54.000     98.36591
SET      55.000     98.43050
SET      56.000     98.50197
SET      57.000     98.56312
SET      58.000     98.61397
SET      59.000     98.66414
SET      60.000     98.70468
SET      61.000     98.74935
SET      62.000     98.79126
SET      63.000     98.82975
SET      64.000     98.87441
SET      65.000     98.92183
SET      66.000     98.96237
SET      67.000     99.00635
SET      68.000     99.04689
SET      69.000     99.07988
SET      70.000     99.11149
SET      71.000     99.13760
SET      72.000     99.15821
SET      73.000     99.17608
SET      74.000     99.20494
SET      75.000     99.21869
SET      76.000     99.25098
SET      77.000     99.27778
SET      78.000     99.29840
SET      79.000     99.31352
SET      80.000     99.33894
SET      81.000     99.35406
SET      82.000     99.36505
SET      83.000     99.38361
SET      84.000     99.41384
SET      85.000     99.44133
SET      86.000     99.45301
SET      87.000     99.46126
SET      88.000     99.47294
SET      89.000     99.48119
SET      90.000     99.49287
SET      91.000     99.50730
SET      92.000     99.51623
SET      93.000     99.53410
SET      94.000     99.55540
SET      95.000     99.58151
SET      96.000     99.61931
SET      97.000     99.64404
SET      98.000     99.66054
SET      99.000     99.66535
SET     100.000     99.70108
SET     110.000     99.77048
SET     120.000     99.82958
SET     130.000     99.86325
SET     140.000     99.92029
SET     150.000     99.94159
SET     160.000     99.94503
SET     170.000     99.95259
SET     180.000     99.95808
SET     190.000     99.97526
SET     200.000     99.97732
SET     220.000     99.99175
SET     230.000     99.99313
SET     250.000     99.99382
SET     260.000     99.99656
SET     270.000     99.99931
SET     370.000    100.00000
---
GET       0.057      0.00007
GET       0.058      0.00014
GET       0.065      0.00021
GET       0.066      0.00028
GET       0.068      0.00034
GET       0.069      0.00041
GET       0.070      0.00055
GET       0.071      0.00069
GET       0.072      0.00089
GET       0.073      0.00124
GET       0.074      0.00165
GET       0.075      0.00200
GET       0.076      0.00241
GET       0.077      0.00316
GET       0.078      0.00378
GET       0.079      0.00454
GET       0.080      0.00543
GET       0.081      0.00633
GET       0.082      0.00757
GET       0.083      0.00956
GET       0.084      0.01190
GET       0.085      0.01397
GET       0.086      0.01686
GET       0.087      0.02043
GET       0.088      0.02532
GET       0.089      0.03158
GET       0.090      0.03859
GET       0.091      0.04768
GET       0.092      0.06054
GET       0.093      0.07416
GET       0.094      0.09026
GET       0.095      0.10767
GET       0.096      0.12500
GET       0.097      0.14131
GET       0.098      0.16167
GET       0.099      0.18155
GET       0.100      0.29403
GET       0.110      0.56034
GET       0.120      0.91017
GET       0.130      1.57605
GET       0.140      3.32739
GET       0.150      5.44844
GET       0.160      6.97103
GET       0.170      8.17365
GET       0.180      9.55287
GET       0.190     11.69298
GET       0.200     13.58287
GET       0.210     14.91855
GET       0.220     16.03979
GET       0.230     17.37422
GET       0.240     19.40384
GET       0.250     21.47611
GET       0.260     23.43597
GET       0.270     25.48940
GET       0.280     28.28534
GET       0.290     32.54112
GET       0.300     36.91868
GET       0.310     40.89654
GET       0.320     44.70274
GET       0.330     48.72463
GET       0.340     53.16953
GET       0.350     56.83003
GET       0.360     59.54596
GET       0.370     61.68751
GET       0.380     63.57135
GET       0.390     65.33170
GET       0.400     66.73205
GET       0.410     67.79611
GET       0.420     68.68551
GET       0.430     69.52090
GET       0.440     70.32368
GET       0.450     70.98288
GET       0.460     71.53979
GET       0.470     72.02328
GET       0.480     72.45711
GET       0.490     72.86624
GET       0.500     73.22343
GET       0.510     73.52249
GET       0.520     73.78061
GET       0.530     74.03323
GET       0.540     74.27333
GET       0.550     74.48831
GET       0.560     74.68197
GET       0.570     74.87453
GET       0.580     75.06751
GET       0.590     75.26474
GET       0.600     75.44643
GET       0.610     75.62799
GET       0.620     75.80541
GET       0.630     75.99006
GET       0.640     76.18654
GET       0.650     76.37312
GET       0.660     76.55261
GET       0.670     76.73478
GET       0.680     76.92321
GET       0.690     77.11068
GET       0.700     77.29141
GET       0.710     77.46745
GET       0.720     77.63855
GET       0.730     77.80634
GET       0.740     77.96774
GET       0.750     78.12081
GET       0.760     78.27147
GET       0.770     78.40762
GET       0.780     78.54487
GET       0.790     78.67868
GET       0.800     78.80237
GET       0.810     78.91423
GET       0.820     79.02403
GET       0.830     79.12468
GET       0.840     79.22492
GET       0.850     79.31476
GET       0.860     79.40021
GET       0.870     79.48565
GET       0.880     79.56683
GET       0.890     79.64306
GET       0.900     79.71550
GET       0.910     79.78609
GET       0.920     79.85268
GET       0.930     79.91632
GET       0.940     79.98037
GET       0.950     80.04476
GET       0.960     80.10482
GET       0.970     80.16123
GET       0.980     80.21345
GET       0.990     80.26504
GET       1.000     80.53073
GET       1.100     80.92796
GET       1.200     81.29031
GET       1.300     81.63002
GET       1.400     81.94855
GET       1.500     82.23199
GET       1.600     82.48647
GET       1.700     82.72189
GET       1.800     82.92937
GET       1.900     83.12496
GET       2.000     83.29888
GET       2.100     83.46124
GET       2.200     83.60805
GET       2.300     83.74426
GET       2.400     83.86500
GET       2.500     83.98305
GET       2.600     84.09313
GET       2.700     84.19894
GET       2.800     84.30509
GET       2.900     84.40966
GET       3.000     84.51313
GET       3.100     84.60807
GET       3.200     84.69702
GET       3.300     84.78123
GET       3.400     84.86715
GET       3.500     84.95824
GET       3.600     85.05187
GET       3.700     85.13608
GET       3.800     85.21994
GET       3.900     85.30263
GET       4.000     85.38154
GET       4.100     85.46361
GET       4.200     85.54809
GET       4.300     85.64317
GET       4.400     85.75256
GET       4.500     85.84295
GET       4.600     85.92688
GET       4.700     86.01157
GET       4.800     86.09433
GET       4.900     86.17311
GET       5.000     86.24486
GET       5.100     86.31235
GET       5.200     86.38307
GET       5.300     86.45145
GET       5.400     86.51826
GET       5.500     86.58416
GET       5.600     86.65371
GET       5.700     86.72512
GET       5.800     86.80108
GET       5.900     86.87276
GET       6.000     86.94238
GET       6.100     87.00664
GET       6.200     87.07186
GET       6.300     87.13446
GET       6.400     87.19892
GET       6.500     87.26559
GET       6.600     87.33025
GET       6.700     87.39045
GET       6.800     87.45416
GET       6.900     87.50988
GET       7.000     87.57200
GET       7.100     87.62759
GET       7.200     87.69075
GET       7.300     87.75349
GET       7.400     87.81121
GET       7.500     87.86838
GET       7.600     87.92046
GET       7.700     87.97728
GET       7.800     88.03603
GET       7.900     88.08598
GET       8.000     88.14349
GET       8.100     88.20080
GET       8.200     88.25824
GET       8.300     88.32394
GET       8.400     88.38730
GET       8.500     88.44420
GET       8.600     88.49944
GET       8.700     88.55125
GET       8.800     88.60553
GET       8.900     88.66400
GET       9.000     88.71175
GET       9.100     88.76114
GET       9.200     88.80682
GET       9.300     88.85993
GET       9.400     88.90850
GET       9.500     88.95783
GET       9.600     89.01170
GET       9.700     89.06096
GET       9.800     89.10739
GET       9.900     89.15576
GET      10.000     89.43809
GET      11.000     89.89235
GET      12.000     90.34875
GET      13.000     90.76538
GET      14.000     91.16577
GET      15.000     91.52984
GET      16.000     91.88840
GET      17.000     92.23307
GET      18.000     92.56714
GET      19.000     92.86689
GET      20.000     93.15604
GET      21.000     93.45633
GET      22.000     93.74899
GET      23.000     94.03449
GET      24.000     94.31043
GET      25.000     94.59353
GET      26.000     94.86259
GET      27.000     95.09870
GET      28.000     95.33219
GET      29.000     95.56452
GET      30.000     95.78673
GET      31.000     96.00742
GET      32.000     96.21828
GET      33.000     96.42061
GET      34.000     96.61345
GET      35.000     96.78090
GET      36.000     96.94030
GET      37.000     97.09543
GET      38.000     97.25353
GET      39.000     97.39703
GET      40.000     97.53139
GET      41.000     97.67194
GET      42.000     97.81346
GET      43.000     97.92890
GET      44.000     98.04585
GET      45.000     98.15475
GET      46.000     98.27212
GET      47.000     98.36568
GET      48.000     98.45959
GET      49.000     98.54607
GET      50.000     98.62546
GET      51.000     98.70175
GET      52.000     98.77371
GET      53.000     98.84973
GET      54.000     98.91447
GET      55.000     98.97638
GET      56.000     99.02048
GET      57.000     99.06788
GET      58.000     99.11810
GET      59.000     99.16695
GET      60.000     99.20479
GET      61.000     99.24655
GET      62.000     99.28652
GET      63.000     99.32050
GET      64.000     99.35290
GET      65.000     99.39384
GET      66.000     99.42961
GET      67.000     99.46195
GET      68.000     99.49002
GET      69.000     99.51554
GET      70.000     99.54712
GET      71.000     99.57305
GET      72.000     99.59534
GET      73.000     99.61701
GET      74.000     99.63710
GET      75.000     99.65471
GET      76.000     99.66716
GET      77.000     99.68326
GET      78.000     99.69950
GET      79.000     99.71168
GET      80.000     99.72846
GET      81.000     99.74318
GET      82.000     99.75681
GET      83.000     99.76520
GET      84.000     99.77669
GET      85.000     99.78350
GET      86.000     99.79272
GET      87.000     99.79898
GET      88.000     99.80723
GET      89.000     99.81487
GET      90.000     99.82395
GET      91.000     99.82973
GET      92.000     99.83702
GET      93.000     99.84548
GET      94.000     99.85216
GET      95.000     99.86014
GET      96.000     99.86530
GET      97.000     99.87039
GET      98.000     99.87431
GET      99.000     99.87913
GET     100.000     99.90424
GET     110.000     99.93237
GET     120.000     99.95590
GET     130.000     99.96808
GET     140.000     99.97854
GET     150.000     99.98280
GET     160.000     99.98727
GET     170.000     99.99002
GET     180.000     99.99229
GET     190.000     99.99326
GET     200.000     99.99443
GET     210.000     99.99491
GET     220.000     99.99594
GET     230.000     99.99635
GET     240.000     99.99690
GET     250.000     99.99745
GET     260.000     99.99814
GET     270.000     99.99890
GET     280.000     99.99897
GET     290.000     99.99917
GET     300.000     99.99924
GET     310.000     99.99945
GET     320.000     99.99959
GET     330.000     99.99966
GET     350.000     99.99972
GET     360.000     99.99986
GET     390.000    100.00000
