[RUN #1] Preparing benchmark client...
[RUN #1] Launching threads now...
[RUN #1 4%,   0 secs]  8 threads:       73994 ops,       0 (avg:       0) ops/sec, 0.00KB/sec (avg: 0.00KB/sec),  0.00 (avg:  0.00) msec latency[RUN #1 9%,   1 secs]  8 threads:      152831 ops,   78825 (avg:   84321) ops/sec, 2.97MB/sec (avg: 3.18MB/sec),  4.06 (avg:  3.76) msec latency[RUN #1 14%,   2 secs]  8 threads:      231870 ops,   79027 (avg:   82439) ops/sec, 2.98MB/sec (avg: 3.11MB/sec),  4.03 (avg:  3.85) msec latency[RUN #1 19%,   3 secs]  8 threads:      311008 ops,   79127 (avg:   81570) ops/sec, 2.98MB/sec (avg: 3.08MB/sec),  3.99 (avg:  3.89) msec latency[RUN #1 24%,   4 secs]  8 threads:      390086 ops,   79066 (avg:   81050) ops/sec, 2.98MB/sec (avg: 3.06MB/sec),  4.11 (avg:  3.93) msec latency[RUN #1 29%,   5 secs]  8 threads:      469386 ops,   79289 (avg:   80747) ops/sec, 2.99MB/sec (avg: 3.05MB/sec),  4.02 (avg:  3.95) msec latency[RUN #1 34%,   6 secs]  8 threads:      549250 ops,   79852 (avg:   80615) ops/sec, 3.01MB/sec (avg: 3.04MB/sec),  4.00 (avg:  3.96) msec latency[RUN #1 39%,   7 secs]  8 threads:      630086 ops,   80824 (avg:   80642) ops/sec, 3.05MB/sec (avg: 3.04MB/sec),  3.92 (avg:  3.95) msec latency[RUN #1 44%,   8 secs]  8 threads:      710062 ops,   79834 (avg:   80550) ops/sec, 3.01MB/sec (avg: 3.04MB/sec),  4.05 (avg:  3.96) msec latency[RUN #1 49%,   9 secs]  8 threads:      789821 ops,   79747 (avg:   80468) ops/sec, 3.01MB/sec (avg: 3.04MB/sec),  3.99 (avg:  3.96) msec latency[RUN #1 54%,  10 secs]  8 threads:      869825 ops,   79993 (avg:   80424) ops/sec, 3.02MB/sec (avg: 3.03MB/sec),  4.00 (avg:  3.97) msec latency[RUN #1 59%,  11 secs]  8 threads:      950030 ops,   80194 (avg:   80405) ops/sec, 3.02MB/sec (avg: 3.03MB/sec),  3.98 (avg:  3.97) msec latency[RUN #1 64%,  12 secs]  8 threads:     1028974 ops,   78932 (avg:   80290) ops/sec, 2.98MB/sec (avg: 3.03MB/sec),  4.08 (avg:  3.98) msec latency[RUN #1 69%,  13 secs]  8 threads:     1109177 ops,   80190 (avg:   80283) ops/sec, 3.02MB/sec (avg: 3.03MB/sec),  3.98 (avg:  3.98) msec latency[RUN #1 74%,  14 secs]  8 threads:     1190079 ops,   80889 (avg:   80324) ops/sec, 3.05MB/sec (avg: 3.03MB/sec),  3.95 (avg:  3.98) msec latency[RUN #1 79%,  15 secs]  8 threads:     1270597 ops,   80506 (avg:   80335) ops/sec, 3.04MB/sec (avg: 3.03MB/sec),  3.98 (avg:  3.98) msec latency[RUN #1 84%,  16 secs]  8 threads:     1351253 ops,   80644 (avg:   80354) ops/sec, 3.04MB/sec (avg: 3.03MB/sec),  3.95 (avg:  3.97) msec latency[RUN #1 89%,  17 secs]  8 threads:     1431703 ops,   80437 (avg:   80358) ops/sec, 3.03MB/sec (avg: 3.03MB/sec),  3.95 (avg:  3.97) msec latency[RUN #1 94%,  18 secs]  8 threads:     1511451 ops,   79735 (avg:   80325) ops/sec, 3.01MB/sec (avg: 3.03MB/sec),  4.07 (avg:  3.98) msec latency[RUN #1 99%,  19 secs]  8 threads:     1597927 ops,   79735 (avg:   80638) ops/sec, 3.01MB/sec (avg: 3.04MB/sec),  4.07 (avg:  3.96) msec latency[RUN #1 100%,  20 secs]  0 threads:     1670692 ops,   79735 (avg:   83451) ops/sec, 3.01MB/sec (avg: 3.15MB/sec),  4.07 (avg:  3.83) msec latency

8         Threads
40        Connections per thread
20        Seconds
Type        Ops/sec     Hits/sec   Misses/sec      Latency       KB/sec
------------------------------------------------------------------------
Sets        7591.80          ---          ---      4.30000       562.75
Gets       75834.60      3192.46     72642.14      3.78300      2659.21
Totals     83426.41      3192.46     72642.14      3.83000      3221.95


Request Latency Distribution
Type     <= msec         Percent
------------------------------------------------------------------------
SET       1.000     75.73422
SET       2.000     78.98022
SET       3.000     80.76404
SET       4.000     82.14269
SET       5.000     83.39374
SET       6.000     84.20803
SET       7.000     85.00457
SET       8.000     85.67745
SET       9.000     86.31613
SET      10.000     86.89627
SET      11.000     87.43102
SET      12.000     88.00260
SET      13.000     88.52486
SET      14.000     89.20169
SET      15.000     89.69368
SET      16.000     90.16200
SET      17.000     90.67966
SET      18.000     91.10456
SET      19.000     91.40055
SET      20.000     91.78994
SET      21.000     92.14184
SET      22.000     92.48255
SET      23.000     92.84366
SET      24.000     93.16201
SET      25.000     93.46918
SET      26.000     93.73689
SET      27.000     94.02630
SET      28.000     94.30781
SET      29.000     94.60249
SET      30.000     94.85967
SET      31.000     95.16815
SET      32.000     95.49111
SET      33.000     95.71343
SET      34.000     95.91404
SET      35.000     96.10940
SET      36.000     96.26397
SET      37.000     96.43762
SET      38.000     96.62113
SET      39.000     96.77702
SET      40.000     96.92764
SET      41.000     97.10326
SET      42.000     97.27099
SET      43.000     97.40517
SET      44.000     97.53606
SET      45.000     97.67485
SET      46.000     97.80114
SET      47.000     97.92874
SET      48.000     98.04056
SET      49.000     98.17079
SET      50.000     98.25630
SET      51.000     98.32668
SET      52.000     98.40364
SET      53.000     98.47533
SET      54.000     98.55031
SET      55.000     98.61214
SET      56.000     98.66542
SET      57.000     98.72067
SET      58.000     98.77855
SET      59.000     98.83709
SET      60.000     98.88248
SET      61.000     98.92984
SET      62.000     98.99167
SET      63.000     99.02587
SET      64.000     99.06599
SET      65.000     99.11730
SET      66.000     99.15939
SET      67.000     99.20609
SET      68.000     99.23832
SET      69.000     99.26990
SET      70.000     99.29949
SET      71.000     99.32515
SET      72.000     99.35540
SET      73.000     99.37514
SET      74.000     99.40802
SET      75.000     99.43433
SET      76.000     99.45012
SET      77.000     99.46788
SET      78.000     99.47906
SET      79.000     99.49485
SET      80.000     99.51195
SET      81.000     99.53234
SET      82.000     99.55141
SET      83.000     99.55865
SET      84.000     99.57641
SET      85.000     99.58627
SET      86.000     99.61061
SET      87.000     99.61719
SET      88.000     99.63100
SET      89.000     99.64153
SET      90.000     99.65139
SET      91.000     99.65402
SET      92.000     99.66192
SET      93.000     99.67573
SET      94.000     99.68428
SET      95.000     99.69349
SET      96.000     99.70138
SET      97.000     99.70401
SET      98.000     99.70993
SET      99.000     99.71454
SET     100.000     99.76058
SET     110.000     99.82635
SET     120.000     99.87503
SET     130.000     99.94738
SET     140.000     99.96777
SET     150.000     99.97501
SET     160.000     99.97895
SET     170.000     99.98027
SET     180.000     99.99079
SET     190.000     99.99145
SET     200.000     99.99276
SET     220.000     99.99408
SET     230.000     99.99474
SET     250.000     99.99540
SET     260.000     99.99803
SET     270.000     99.99868
SET     290.000     99.99934
SET     390.000    100.00000
---
GET       0.059      0.00007
GET       0.062      0.00020
GET       0.064      0.00026
GET       0.065      0.00033
GET       0.067      0.00059
GET       0.068      0.00079
GET       0.069      0.00092
GET       0.070      0.00125
GET       0.071      0.00165
GET       0.072      0.00217
GET       0.073      0.00270
GET       0.074      0.00316
GET       0.075      0.00362
GET       0.076      0.00454
GET       0.077      0.00566
GET       0.078      0.00678
GET       0.079      0.00803
GET       0.080      0.00922
GET       0.081      0.01152
GET       0.082      0.01383
GET       0.083      0.01659
GET       0.084      0.01975
GET       0.085      0.02351
GET       0.086      0.02858
GET       0.087      0.03529
GET       0.088      0.04320
GET       0.089      0.05294
GET       0.090      0.06460
GET       0.091      0.07816
GET       0.092      0.09713
GET       0.093      0.11833
GET       0.094      0.14691
GET       0.095      0.17581
GET       0.096      0.20670
GET       0.097      0.23633
GET       0.098      0.27156
GET       0.099      0.30402
GET       0.100      0.48023
GET       0.110      0.85411
GET       0.120      1.31313
GET       0.130      2.17455
GET       0.140      4.49074
GET       0.150      7.33700
GET       0.160      9.24197
GET       0.170     10.70649
GET       0.180     12.29828
GET       0.190     14.83500
GET       0.200     17.11866
GET       0.210     18.64303
GET       0.220     19.92356
GET       0.230     21.36437
GET       0.240     23.53998
GET       0.250     25.77320
GET       0.260     27.78912
GET       0.270     29.89638
GET       0.280     32.64419
GET       0.290     36.79615
GET       0.300     41.00749
GET       0.310     44.75843
GET       0.320     48.25678
GET       0.330     51.88795
GET       0.340     55.96549
GET       0.350     59.25530
GET       0.360     61.70944
GET       0.370     63.63048
GET       0.380     65.34548
GET       0.390     66.96335
GET       0.400     68.26937
GET       0.410     69.27151
GET       0.420     70.11113
GET       0.430     70.89248
GET       0.440     71.63721
GET       0.450     72.28226
GET       0.460     72.80970
GET       0.470     73.26641
GET       0.480     73.68731
GET       0.490     74.07693
GET       0.500     74.41249
GET       0.510     74.70130
GET       0.520     74.95448
GET       0.530     75.19733
GET       0.540     75.42872
GET       0.550     75.63765
GET       0.560     75.82920
GET       0.570     76.01930
GET       0.580     76.20216
GET       0.590     76.37975
GET       0.600     76.55695
GET       0.610     76.72427
GET       0.620     76.88908
GET       0.630     77.05943
GET       0.640     77.24071
GET       0.650     77.41817
GET       0.660     77.58615
GET       0.670     77.74655
GET       0.680     77.91986
GET       0.690     78.09344
GET       0.700     78.25397
GET       0.710     78.40792
GET       0.720     78.55957
GET       0.730     78.70483
GET       0.740     78.85812
GET       0.750     79.00510
GET       0.760     79.13896
GET       0.770     79.26091
GET       0.780     79.38767
GET       0.790     79.50323
GET       0.800     79.61524
GET       0.810     79.72033
GET       0.820     79.81917
GET       0.830     79.91708
GET       0.840     80.00611
GET       0.850     80.09290
GET       0.860     80.17231
GET       0.870     80.24922
GET       0.880     80.32699
GET       0.890     80.39968
GET       0.900     80.47106
GET       0.910     80.54092
GET       0.920     80.60308
GET       0.930     80.66768
GET       0.940     80.72978
GET       0.950     80.78680
GET       0.960     80.84402
GET       0.970     80.89749
GET       0.980     80.94951
GET       0.990     81.00080
GET       1.000     81.25195
GET       1.100     81.64624
GET       1.200     82.01196
GET       1.300     82.36273
GET       1.400     82.66668
GET       1.500     82.94601
GET       1.600     83.19274
GET       1.700     83.41919
GET       1.800     83.62977
GET       1.900     83.82369
GET       2.000     83.99068
GET       2.100     84.14884
GET       2.200     84.29088
GET       2.300     84.41540
GET       2.400     84.52852
GET       2.500     84.64073
GET       2.600     84.74773
GET       2.700     84.85381
GET       2.800     84.95857
GET       2.900     85.05254
GET       3.000     85.15137
GET       3.100     85.23935
GET       3.200     85.32910
GET       3.300     85.41121
GET       3.400     85.49925
GET       3.500     85.58274
GET       3.600     85.66788
GET       3.700     85.75157
GET       3.800     85.83955
GET       3.900     85.91619
GET       4.000     85.99383
GET       4.100     86.07186
GET       4.200     86.15436
GET       4.300     86.24148
GET       4.400     86.34710
GET       4.500     86.43672
GET       4.600     86.51962
GET       4.700     86.60002
GET       4.800     86.68292
GET       4.900     86.75608
GET       5.000     86.81949
GET       5.100     86.88330
GET       5.200     86.94987
GET       5.300     87.01578
GET       5.400     87.08420
GET       5.500     87.15169
GET       5.600     87.22195
GET       5.700     87.28971
GET       5.800     87.35905
GET       5.900     87.42832
GET       6.000     87.49087
GET       6.100     87.55468
GET       6.200     87.61875
GET       6.300     87.67985
GET       6.400     87.74274
GET       6.500     87.80292
GET       6.600     87.86410
GET       6.700     87.92329
GET       6.800     87.98427
GET       6.900     88.04307
GET       7.000     88.09937
GET       7.100     88.15356
GET       7.200     88.21098
GET       7.300     88.26926
GET       7.400     88.32668
GET       7.500     88.38067
GET       7.600     88.42880
GET       7.700     88.47990
GET       7.800     88.53535
GET       7.900     88.58526
GET       8.000     88.63971
GET       8.100     88.69608
GET       8.200     88.74856
GET       8.300     88.80723
GET       8.400     88.86893
GET       8.500     88.92767
GET       8.600     88.98048
GET       8.700     89.03460
GET       8.800     89.08721
GET       8.900     89.13772
GET       9.000     89.18197
GET       9.100     89.23017
GET       9.200     89.27310
GET       9.300     89.32427
GET       9.400     89.37464
GET       9.500     89.42073
GET       9.600     89.46755
GET       9.700     89.51740
GET       9.800     89.56718
GET       9.900     89.61090
GET      10.000     89.87390
GET      11.000     90.30888
GET      12.000     90.73294
GET      13.000     91.13290
GET      14.000     91.52114
GET      15.000     91.87342
GET      16.000     92.21287
GET      17.000     92.54856
GET      18.000     92.87088
GET      19.000     93.15508
GET      20.000     93.43737
GET      21.000     93.72301
GET      22.000     94.00274
GET      23.000     94.28022
GET      24.000     94.54453
GET      25.000     94.81154
GET      26.000     95.07519
GET      27.000     95.30066
GET      28.000     95.52658
GET      29.000     95.74934
GET      30.000     95.97085
GET      31.000     96.18650
GET      32.000     96.38464
GET      33.000     96.57428
GET      34.000     96.76175
GET      35.000     96.92222
GET      36.000     97.07505
GET      37.000     97.23045
GET      38.000     97.38717
GET      39.000     97.52578
GET      40.000     97.65148
GET      41.000     97.78588
GET      42.000     97.91941
GET      43.000     98.02846
GET      44.000     98.14014
GET      45.000     98.23864
GET      46.000     98.35091
GET      47.000     98.44303
GET      48.000     98.53548
GET      49.000     98.61582
GET      50.000     98.69299
GET      51.000     98.76970
GET      52.000     98.83575
GET      53.000     98.90719
GET      54.000     98.97377
GET      55.000     99.02908
GET      56.000     99.07576
GET      57.000     99.11982
GET      58.000     99.16630
GET      59.000     99.21121
GET      60.000     99.24921
GET      61.000     99.28760
GET      62.000     99.32585
GET      63.000     99.35937
GET      64.000     99.38880
GET      65.000     99.42811
GET      66.000     99.45972
GET      67.000     99.49232
GET      68.000     99.51872
GET      69.000     99.54229
GET      70.000     99.57225
GET      71.000     99.59728
GET      72.000     99.61789
GET      73.000     99.63771
GET      74.000     99.65634
GET      75.000     99.67261
GET      76.000     99.68426
GET      77.000     99.69980
GET      78.000     99.71672
GET      79.000     99.72818
GET      80.000     99.74135
GET      81.000     99.75505
GET      82.000     99.76697
GET      83.000     99.77592
GET      84.000     99.78573
GET      85.000     99.79245
GET      86.000     99.80259
GET      87.000     99.80832
GET      88.000     99.81451
GET      89.000     99.82129
GET      90.000     99.82919
GET      91.000     99.83611
GET      92.000     99.84289
GET      93.000     99.85059
GET      94.000     99.85744
GET      95.000     99.86554
GET      96.000     99.87068
GET      97.000     99.87634
GET      98.000     99.87970
GET      99.000     99.88352
GET     100.000     99.90571
GET     110.000     99.93409
GET     120.000     99.95641
GET     130.000     99.96708
GET     140.000     99.97735
GET     150.000     99.98262
GET     160.000     99.98663
GET     170.000     99.98900
GET     180.000     99.99151
GET     190.000     99.99263
GET     200.000     99.99368
GET     210.000     99.99401
GET     220.000     99.99513
GET     230.000     99.99579
GET     240.000     99.99671
GET     250.000     99.99763
GET     260.000     99.99789
GET     270.000     99.99862
GET     280.000     99.99868
GET     290.000     99.99901
GET     300.000     99.99921
GET     310.000     99.99947
GET     320.000     99.99974
GET     390.000     99.99987
GET     410.000    100.00000
