[RUN #1] Preparing benchmark client...
[RUN #1] Launching threads now...
[RUN #1 5%,   1 secs]  8 threads:       71265 ops,   71214 (avg:   71214) ops/sec, 2.69MB/sec (avg: 2.69MB/sec),  4.42 (avg:  4.42) msec latency[RUN #1 10%,   2 secs]  8 threads:      150926 ops,   79643 (avg:   75428) ops/sec, 3.01MB/sec (avg: 2.85MB/sec),  4.02 (avg:  4.21) msec latency[RUN #1 15%,   3 secs]  8 threads:      228408 ops,   77469 (avg:   76108) ops/sec, 2.92MB/sec (avg: 2.87MB/sec),  4.14 (avg:  4.19) msec latency[RUN #1 20%,   4 secs]  8 threads:      307443 ops,   79023 (avg:   76837) ops/sec, 2.98MB/sec (avg: 2.90MB/sec),  4.03 (avg:  4.15) msec latency[RUN #1 25%,   5 secs]  8 threads:      386684 ops,   79229 (avg:   77315) ops/sec, 2.99MB/sec (avg: 2.92MB/sec),  4.04 (avg:  4.12) msec latency[RUN #1 30%,   6 secs]  8 threads:      466201 ops,   79506 (avg:   77680) ops/sec, 3.00MB/sec (avg: 2.93MB/sec),  4.01 (avg:  4.10) msec latency[RUN #1 35%,   7 secs]  8 threads:      546161 ops,   79948 (avg:   78004) ops/sec, 3.01MB/sec (avg: 2.94MB/sec),  4.02 (avg:  4.09) msec latency[RUN #1 40%,   8 secs]  8 threads:      626373 ops,   80201 (avg:   78279) ops/sec, 3.02MB/sec (avg: 2.95MB/sec),  3.96 (avg:  4.08) msec latency[RUN #1 45%,   9 secs]  8 threads:      706016 ops,   79630 (avg:   78429) ops/sec, 3.00MB/sec (avg: 2.96MB/sec),  4.02 (avg:  4.07) msec latency[RUN #1 50%,  10 secs]  8 threads:      784872 ops,   78843 (avg:   78470) ops/sec, 2.97MB/sec (avg: 2.96MB/sec),  4.06 (avg:  4.07) msec latency[RUN #1 55%,  11 secs]  8 threads:      865759 ops,   80874 (avg:   78689) ops/sec, 3.05MB/sec (avg: 2.97MB/sec),  3.95 (avg:  4.06) msec latency[RUN #1 60%,  12 secs]  8 threads:      945357 ops,   79585 (avg:   78763) ops/sec, 3.00MB/sec (avg: 2.97MB/sec),  4.03 (avg:  4.06) msec latency[RUN #1 65%,  13 secs]  8 threads:     1025600 ops,   80231 (avg:   78876) ops/sec, 3.03MB/sec (avg: 2.97MB/sec),  3.99 (avg:  4.05) msec latency[RUN #1 70%,  14 secs]  8 threads:     1105676 ops,   80065 (avg:   78961) ops/sec, 3.02MB/sec (avg: 2.98MB/sec),  3.98 (avg:  4.04) msec latency[RUN #1 75%,  15 secs]  8 threads:     1185744 ops,   80057 (avg:   79034) ops/sec, 3.02MB/sec (avg: 2.98MB/sec),  4.01 (avg:  4.04) msec latency[RUN #1 80%,  16 secs]  8 threads:     1265207 ops,   79452 (avg:   79060) ops/sec, 3.00MB/sec (avg: 2.98MB/sec),  4.02 (avg:  4.04) msec latency[RUN #1 85%,  17 secs]  8 threads:     1345092 ops,   79873 (avg:   79108) ops/sec, 3.01MB/sec (avg: 2.98MB/sec),  3.98 (avg:  4.04) msec latency[RUN #1 90%,  18 secs]  8 threads:     1425152 ops,   80044 (avg:   79160) ops/sec, 3.02MB/sec (avg: 2.99MB/sec),  4.00 (avg:  4.04) msec latency[RUN #1 95%,  19 secs]  8 threads:     1505089 ops,   79925 (avg:   79200) ops/sec, 3.02MB/sec (avg: 2.99MB/sec),  4.02 (avg:  4.03) msec latency[RUN #1 100%,  20 secs]  8 threads:     1587067 ops,   79925 (avg:   79342) ops/sec, 3.02MB/sec (avg: 2.99MB/sec),  4.02 (avg:  4.03) msec latency[RUN #1 100%,  20 secs]  0 threads:     1587284 ops,   79925 (avg:   79322) ops/sec, 3.02MB/sec (avg: 2.99MB/sec),  4.02 (avg:  4.03) msec latency

8         Threads
40        Connections per thread
20        Seconds
Type        Ops/sec     Hits/sec   Misses/sec      Latency       KB/sec
------------------------------------------------------------------------
Sets        7218.76          ---          ---      4.25700       535.09
Gets       72106.52      3098.48     69008.04      4.00700      2528.47
Totals     79325.28      3098.48     69008.04      4.03000      3063.56


Request Latency Distribution
Type     <= msec         Percent
------------------------------------------------------------------------
SET       1.000     71.96738
SET       2.000     75.75980
SET       3.000     77.93708
SET       4.000     79.77860
SET       5.000     81.12097
SET       6.000     82.45088
SET       7.000     83.65202
SET       8.000     84.84832
SET       9.000     85.87154
SET      10.000     86.94460
SET      11.000     87.78921
SET      12.000     88.57289
SET      13.000     89.25273
SET      14.000     89.96857
SET      15.000     90.65187
SET      16.000     91.36286
SET      17.000     91.95963
SET      18.000     92.52108
SET      19.000     93.08531
SET      20.000     93.64261
SET      21.000     94.09537
SET      22.000     94.54398
SET      23.000     94.98705
SET      24.000     95.37336
SET      25.000     95.68835
SET      26.000     96.00681
SET      27.000     96.28996
SET      28.000     96.57381
SET      29.000     96.81611
SET      30.000     97.07365
SET      31.000     97.30141
SET      32.000     97.50703
SET      33.000     97.69118
SET      34.000     97.86079
SET      35.000     98.01656
SET      36.000     98.16817
SET      37.000     98.30110
SET      38.000     98.44371
SET      39.000     98.56209
SET      40.000     98.67563
SET      41.000     98.76355
SET      42.000     98.85563
SET      43.000     98.93593
SET      44.000     99.01486
SET      45.000     99.10278
SET      46.000     99.15678
SET      47.000     99.20801
SET      48.000     99.26408
SET      49.000     99.30562
SET      50.000     99.35062
SET      51.000     99.38870
SET      52.000     99.42193
SET      53.000     99.45585
SET      54.000     99.48701
SET      55.000     99.52301
SET      56.000     99.53824
SET      57.000     99.56454
SET      58.000     99.58670
SET      59.000     99.60816
SET      60.000     99.63170
SET      61.000     99.65108
SET      62.000     99.66839
SET      63.000     99.69054
SET      64.000     99.70923
SET      65.000     99.72308
SET      66.000     99.74108
SET      67.000     99.75354
SET      68.000     99.76739
SET      69.000     99.77777
SET      70.000     99.79508
SET      71.000     99.80339
SET      72.000     99.81308
SET      73.000     99.82485
SET      74.000     99.83454
SET      75.000     99.83869
SET      76.000     99.84423
SET      77.000     99.85046
SET      78.000     99.85669
SET      79.000     99.86085
SET      80.000     99.86569
SET      81.000     99.87331
SET      82.000     99.88092
SET      83.000     99.88785
SET      84.000     99.90100
SET      85.000     99.90515
SET      86.000     99.91069
SET      87.000     99.91485
SET      88.000     99.91762
SET      89.000     99.92039
SET      90.000     99.92800
SET      91.000     99.93008
SET      92.000     99.93354
SET      93.000     99.93492
SET      94.000     99.93631
SET      95.000     99.93908
SET      96.000     99.94185
SET      97.000     99.94392
SET      98.000     99.94669
SET      99.000     99.95085
SET     100.000     99.96677
SET     110.000     99.98200
SET     120.000     99.99515
SET     130.000     99.99792
SET     140.000     99.99931
SET     170.000    100.00000
---
GET       0.094      0.00007
GET       0.096      0.00014
GET       0.097      0.00021
GET       0.099      0.00035
GET       0.100      0.00055
GET       0.110      0.00090
GET       0.120      0.00159
GET       0.130      0.00367
GET       0.140      0.00859
GET       0.150      0.01760
GET       0.160      0.02925
GET       0.170      0.04422
GET       0.180      0.06834
GET       0.190      0.11145
GET       0.200      0.17847
GET       0.210      0.27259
GET       0.220      0.42368
GET       0.230      0.72725
GET       0.240      1.37909
GET       0.250      2.40540
GET       0.260      3.75773
GET       0.270      5.61310
GET       0.280      8.42167
GET       0.290     13.00693
GET       0.300     17.64211
GET       0.310     21.52085
GET       0.320     24.76543
GET       0.330     27.74726
GET       0.340     30.79285
GET       0.350     33.05118
GET       0.360     34.58621
GET       0.370     35.73041
GET       0.380     36.70142
GET       0.390     37.61455
GET       0.400     38.35441
GET       0.410     38.94685
GET       0.420     39.45897
GET       0.430     39.91592
GET       0.440     40.35297
GET       0.450     40.72536
GET       0.460     41.03461
GET       0.470     41.31697
GET       0.480     41.59732
GET       0.490     41.88675
GET       0.500     42.20134
GET       0.510     42.54871
GET       0.520     42.97087
GET       0.530     43.53171
GET       0.540     44.29049
GET       0.550     45.22906
GET       0.560     46.34983
GET       0.570     47.71631
GET       0.580     49.42980
GET       0.590     51.41194
GET       0.600     53.41147
GET       0.610     55.37316
GET       0.620     57.24828
GET       0.630     59.06145
GET       0.640     60.74473
GET       0.650     62.17205
GET       0.660     63.37877
GET       0.670     64.41756
GET       0.680     65.35009
GET       0.690     66.19385
GET       0.700     66.90668
GET       0.710     67.52685
GET       0.720     68.10030
GET       0.730     68.61907
GET       0.740     69.09937
GET       0.750     69.53040
GET       0.760     69.91866
GET       0.770     70.28003
GET       0.780     70.60550
GET       0.790     70.89833
GET       0.800     71.16045
GET       0.810     71.39055
GET       0.820     71.59938
GET       0.830     71.78956
GET       0.840     71.96553
GET       0.850     72.12154
GET       0.860     72.25614
GET       0.870     72.37867
GET       0.880     72.48735
GET       0.890     72.58708
GET       0.900     72.67961
GET       0.910     72.76382
GET       0.920     72.83652
GET       0.930     72.90486
GET       0.940     72.96730
GET       0.950     73.02753
GET       0.960     73.08319
GET       0.970     73.13752
GET       0.980     73.18528
GET       0.990     73.23407
GET       1.000     73.46986
GET       1.100     73.88556
GET       1.200     74.43947
GET       1.300     75.05756
GET       1.400     75.56850
GET       1.500     75.96792
GET       1.600     76.27003
GET       1.700     76.53846
GET       1.800     76.78741
GET       1.900     77.04205
GET       2.000     77.29738
GET       2.100     77.54904
GET       2.200     77.78857
GET       2.300     78.01902
GET       2.400     78.24898
GET       2.500     78.47056
GET       2.600     78.66801
GET       2.700     78.87490
GET       2.800     79.06473
GET       2.900     79.23800
GET       3.000     79.40621
GET       3.100     79.57761
GET       3.200     79.74880
GET       3.300     79.89830
GET       3.400     80.03587
GET       3.500     80.16985
GET       3.600     80.30895
GET       3.700     80.44694
GET       3.800     80.57578
GET       3.900     80.70865
GET       4.000     80.83804
GET       4.100     80.97028
GET       4.200     81.09081
GET       4.300     81.23130
GET       4.400     81.36742
GET       4.500     81.49078
GET       4.600     81.62697
GET       4.700     81.76725
GET       4.800     81.90767
GET       4.900     82.02993
GET       5.000     82.13923
GET       5.100     82.24811
GET       5.200     82.35990
GET       5.300     82.46733
GET       5.400     82.58301
GET       5.500     82.69418
GET       5.600     82.81034
GET       5.700     82.92719
GET       5.800     83.03074
GET       5.900     83.14454
GET       6.000     83.24427
GET       6.100     83.35316
GET       6.200     83.45573
GET       6.300     83.55685
GET       6.400     83.67149
GET       6.500     83.77663
GET       6.600     83.88239
GET       6.700     83.98601
GET       6.800     84.09620
GET       6.900     84.19726
GET       7.000     84.30288
GET       7.100     84.41495
GET       7.200     84.51524
GET       7.300     84.60957
GET       7.400     84.70812
GET       7.500     84.80807
GET       7.600     84.90510
GET       7.700     85.00289
GET       7.800     85.10741
GET       7.900     85.19744
GET       8.000     85.29135
GET       8.100     85.37833
GET       8.200     85.47030
GET       8.300     85.56934
GET       8.400     85.66353
GET       8.500     85.75446
GET       8.600     85.86002
GET       8.700     85.97223
GET       8.800     86.07993
GET       8.900     86.17925
GET       9.000     86.26298
GET       9.100     86.35100
GET       9.200     86.43541
GET       9.300     86.53085
GET       9.400     86.61749
GET       9.500     86.70246
GET       9.600     86.77863
GET       9.700     86.84780
GET       9.800     86.91419
GET       9.900     86.98606
GET      10.000     87.44031
GET      11.000     88.25218
GET      12.000     88.97936
GET      13.000     89.70404
GET      14.000     90.35644
GET      15.000     91.05049
GET      16.000     91.67058
GET      17.000     92.27522
GET      18.000     92.77979
GET      19.000     93.33494
GET      20.000     93.82710
GET      21.000     94.31073
GET      22.000     94.73572
GET      23.000     95.15975
GET      24.000     95.52736
GET      25.000     95.87175
GET      26.000     96.17074
GET      27.000     96.47729
GET      28.000     96.71848
GET      29.000     96.97444
GET      30.000     97.20183
GET      31.000     97.42154
GET      32.000     97.60327
GET      33.000     97.79656
GET      34.000     97.96678
GET      35.000     98.11490
GET      36.000     98.25143
GET      37.000     98.38721
GET      38.000     98.51563
GET      39.000     98.62673
GET      40.000     98.72314
GET      41.000     98.82994
GET      42.000     98.90764
GET      43.000     98.98104
GET      44.000     99.04750
GET      45.000     99.12194
GET      46.000     99.18175
GET      47.000     99.23831
GET      48.000     99.28620
GET      49.000     99.32938
GET      50.000     99.36618
GET      51.000     99.40832
GET      52.000     99.43992
GET      53.000     99.47070
GET      54.000     99.49987
GET      55.000     99.53245
GET      56.000     99.56392
GET      57.000     99.58887
GET      58.000     99.61430
GET      59.000     99.63530
GET      60.000     99.65540
GET      61.000     99.67834
GET      62.000     99.69532
GET      63.000     99.71404
GET      64.000     99.72811
GET      65.000     99.74453
GET      66.000     99.76103
GET      67.000     99.77357
GET      68.000     99.78577
GET      69.000     99.79540
GET      70.000     99.80504
GET      71.000     99.81682
GET      72.000     99.82521
GET      73.000     99.83470
GET      74.000     99.84205
GET      75.000     99.85009
GET      76.000     99.85681
GET      77.000     99.86360
GET      78.000     99.87067
GET      79.000     99.87795
GET      80.000     99.88405
GET      81.000     99.89139
GET      82.000     99.89749
GET      83.000     99.90408
GET      84.000     99.91094
GET      85.000     99.91718
GET      86.000     99.92078
GET      87.000     99.92501
GET      88.000     99.92896
GET      89.000     99.93215
GET      90.000     99.93617
GET      91.000     99.93929
GET      92.000     99.94185
GET      93.000     99.94462
GET      94.000     99.94740
GET      95.000     99.95086
GET      96.000     99.95377
GET      97.000     99.95592
GET      98.000     99.95807
GET      99.000     99.96063
GET     100.000     99.97075
GET     110.000     99.98350
GET     120.000     99.98974
GET     130.000     99.99439
GET     140.000     99.99640
GET     150.000     99.99813
GET     160.000     99.99854
GET     170.000     99.99903
GET     180.000     99.99951
GET     200.000     99.99979
GET     210.000     99.99993
GET     220.000    100.00000
