[RUN #1] Preparing benchmark client...
[RUN #1] Launching threads now...
[RUN #1 5%,   1 secs]  8 threads:       68042 ops,   68034 (avg:   68034) ops/sec, 2.57MB/sec (avg: 2.57MB/sec),  4.66 (avg:  4.66) msec latency[RUN #1 10%,   2 secs]  8 threads:      144125 ops,   76071 (avg:   72052) ops/sec, 2.87MB/sec (avg: 2.72MB/sec),  4.19 (avg:  4.41) msec latency[RUN #1 15%,   3 secs]  8 threads:      220988 ops,   76850 (avg:   73652) ops/sec, 2.90MB/sec (avg: 2.78MB/sec),  4.18 (avg:  4.33) msec latency[RUN #1 20%,   4 secs]  8 threads:      296420 ops,   75421 (avg:   74094) ops/sec, 2.84MB/sec (avg: 2.80MB/sec),  4.23 (avg:  4.30) msec latency[RUN #1 25%,   5 secs]  8 threads:      372339 ops,   75907 (avg:   74457) ops/sec, 2.86MB/sec (avg: 2.81MB/sec),  4.22 (avg:  4.29) msec latency[RUN #1 30%,   6 secs]  8 threads:      449442 ops,   77091 (avg:   74896) ops/sec, 2.91MB/sec (avg: 2.83MB/sec),  4.14 (avg:  4.26) msec latency[RUN #1 35%,   7 secs]  8 threads:      525943 ops,   76488 (avg:   75123) ops/sec, 2.88MB/sec (avg: 2.83MB/sec),  4.17 (avg:  4.25) msec latency[RUN #1 40%,   8 secs]  8 threads:      602141 ops,   76186 (avg:   75256) ops/sec, 2.87MB/sec (avg: 2.84MB/sec),  4.20 (avg:  4.24) msec latency[RUN #1 45%,   9 secs]  8 threads:      678082 ops,   75930 (avg:   75331) ops/sec, 2.86MB/sec (avg: 2.84MB/sec),  4.20 (avg:  4.24) msec latency[RUN #1 50%,  10 secs]  8 threads:      754949 ops,   76851 (avg:   75483) ops/sec, 2.90MB/sec (avg: 2.85MB/sec),  4.17 (avg:  4.23) msec latency[RUN #1 55%,  11 secs]  8 threads:      832623 ops,   77660 (avg:   75681) ops/sec, 2.93MB/sec (avg: 2.85MB/sec),  4.12 (avg:  4.22) msec latency[RUN #1 60%,  12 secs]  8 threads:      909141 ops,   76502 (avg:   75749) ops/sec, 2.88MB/sec (avg: 2.86MB/sec),  4.17 (avg:  4.22) msec latency[RUN #1 65%,  13 secs]  8 threads:      985605 ops,   76453 (avg:   75803) ops/sec, 2.88MB/sec (avg: 2.86MB/sec),  4.19 (avg:  4.21) msec latency[RUN #1 70%,  14 secs]  8 threads:     1063285 ops,   77669 (avg:   75937) ops/sec, 2.93MB/sec (avg: 2.86MB/sec),  4.11 (avg:  4.21) msec latency[RUN #1 75%,  15 secs]  8 threads:     1140810 ops,   77514 (avg:   76042) ops/sec, 2.92MB/sec (avg: 2.87MB/sec),  4.15 (avg:  4.20) msec latency[RUN #1 80%,  16 secs]  8 threads:     1217961 ops,   77140 (avg:   76110) ops/sec, 2.91MB/sec (avg: 2.87MB/sec),  4.12 (avg:  4.20) msec latency[RUN #1 85%,  17 secs]  8 threads:     1295466 ops,   77494 (avg:   76192) ops/sec, 2.92MB/sec (avg: 2.87MB/sec),  4.13 (avg:  4.19) msec latency[RUN #1 90%,  18 secs]  8 threads:     1372978 ops,   77500 (avg:   76265) ops/sec, 2.92MB/sec (avg: 2.88MB/sec),  4.15 (avg:  4.19) msec latency[RUN #1 95%,  19 secs]  8 threads:     1451262 ops,   78271 (avg:   76370) ops/sec, 2.95MB/sec (avg: 2.88MB/sec),  4.05 (avg:  4.18) msec latency[RUN #1 100%,  20 secs]  8 threads:     1532001 ops,   78271 (avg:   76591) ops/sec, 2.95MB/sec (avg: 2.89MB/sec),  4.05 (avg:  4.17) msec latency[RUN #1 100%,  20 secs]  0 threads:     1532117 ops,   78271 (avg:   76590) ops/sec, 2.95MB/sec (avg: 2.89MB/sec),  4.05 (avg:  4.17) msec latency

8         Threads
40        Connections per thread
20        Seconds
Type        Ops/sec     Hits/sec   Misses/sec      Latency       KB/sec
------------------------------------------------------------------------
Sets        6970.61          ---          ---      4.44500       516.70
Gets       69621.02      2853.42     66767.60      4.14600      2441.31
Totals     76591.63      2853.42     66767.60      4.17400      2958.00


Request Latency Distribution
Type     <= msec         Percent
------------------------------------------------------------------------
SET       1.000     70.78200
SET       2.000     74.09099
SET       3.000     76.38377
SET       4.000     78.15373
SET       5.000     79.80823
SET       6.000     81.19881
SET       7.000     82.60948
SET       8.000     83.97926
SET       9.000     85.07939
SET      10.000     86.10565
SET      11.000     87.11685
SET      12.000     88.12304
SET      13.000     88.99439
SET      14.000     89.77754
SET      15.000     90.53845
SET      16.000     91.35458
SET      17.000     92.06242
SET      18.000     92.66125
SET      19.000     93.21706
SET      20.000     93.76641
SET      21.000     94.27344
SET      22.000     94.73386
SET      23.000     95.16990
SET      24.000     95.60593
SET      25.000     95.99607
SET      26.000     96.31306
SET      27.000     96.60064
SET      28.000     96.90328
SET      29.000     97.14712
SET      30.000     97.35797
SET      31.000     97.57455
SET      32.000     97.76603
SET      33.000     97.94461
SET      34.000     98.07226
SET      35.000     98.20637
SET      36.000     98.35841
SET      37.000     98.46670
SET      38.000     98.56997
SET      39.000     98.66751
SET      40.000     98.74855
SET      41.000     98.83748
SET      42.000     98.91923
SET      43.000     98.98593
SET      44.000     99.05119
SET      45.000     99.10426
SET      46.000     99.15948
SET      47.000     99.20825
SET      48.000     99.25487
SET      49.000     99.29861
SET      50.000     99.33734
SET      51.000     99.37392
SET      52.000     99.40404
SET      53.000     99.42770
SET      54.000     99.45711
SET      55.000     99.48006
SET      56.000     99.50014
SET      57.000     99.52882
SET      58.000     99.54603
SET      59.000     99.56970
SET      60.000     99.59695
SET      61.000     99.61703
SET      62.000     99.63209
SET      63.000     99.65433
SET      64.000     99.67512
SET      65.000     99.68588
SET      66.000     99.70094
SET      67.000     99.71170
SET      68.000     99.71959
SET      69.000     99.72963
SET      70.000     99.74110
SET      71.000     99.74469
SET      72.000     99.75330
SET      73.000     99.75975
SET      74.000     99.76764
SET      75.000     99.77409
SET      76.000     99.77840
SET      77.000     99.78198
SET      78.000     99.78915
SET      79.000     99.79704
SET      80.000     99.80637
SET      81.000     99.81139
SET      82.000     99.81856
SET      83.000     99.82429
SET      84.000     99.82645
SET      85.000     99.83433
SET      86.000     99.83505
SET      87.000     99.84007
SET      88.000     99.84294
SET      89.000     99.84509
SET      90.000     99.84940
SET      91.000     99.85083
SET      92.000     99.85513
SET      93.000     99.85657
SET      94.000     99.85872
SET      95.000     99.86015
SET      96.000     99.86159
SET      97.000     99.86230
SET      98.000     99.86876
SET      99.000     99.87019
SET     100.000     99.88956
SET     110.000     99.91753
SET     120.000     99.94550
SET     130.000     99.95912
SET     140.000     99.96844
SET     150.000     99.97633
SET     160.000     99.98351
SET     170.000     99.99785
SET     180.000    100.00000
---
GET       0.087      0.00014
GET       0.091      0.00022
GET       0.093      0.00029
GET       0.094      0.00036
GET       0.097      0.00043
GET       0.099      0.00050
GET       0.100      0.00072
GET       0.110      0.00151
GET       0.120      0.00172
GET       0.130      0.00352
GET       0.140      0.00826
GET       0.150      0.01465
GET       0.160      0.02097
GET       0.170      0.02779
GET       0.180      0.03719
GET       0.190      0.05845
GET       0.200      0.08487
GET       0.210      0.10943
GET       0.220      0.13427
GET       0.230      0.16924
GET       0.240      0.21950
GET       0.250      0.28327
GET       0.260      0.35586
GET       0.270      0.46012
GET       0.280      0.63001
GET       0.290      0.95665
GET       0.300      1.45554
GET       0.310      2.18356
GET       0.320      3.26421
GET       0.330      4.92612
GET       0.340      7.57497
GET       0.350     10.67834
GET       0.360     13.93358
GET       0.370     17.24769
GET       0.380     20.66923
GET       0.390     24.30029
GET       0.400     27.21266
GET       0.410     29.42401
GET       0.420     31.11650
GET       0.430     32.52831
GET       0.440     33.77548
GET       0.450     34.78303
GET       0.460     35.59636
GET       0.470     36.29013
GET       0.480     36.91928
GET       0.490     37.49249
GET       0.500     38.00086
GET       0.510     38.43405
GET       0.520     38.81548
GET       0.530     39.14491
GET       0.540     39.43737
GET       0.550     39.69156
GET       0.560     39.91832
GET       0.570     40.13208
GET       0.580     40.33521
GET       0.590     40.54825
GET       0.600     40.77336
GET       0.610     41.01914
GET       0.620     41.29645
GET       0.630     41.61232
GET       0.640     42.00695
GET       0.650     42.48639
GET       0.660     43.07504
GET       0.670     43.80500
GET       0.680     44.71691
GET       0.690     45.80266
GET       0.700     47.08752
GET       0.710     48.54033
GET       0.720     50.10889
GET       0.730     51.80368
GET       0.740     53.55111
GET       0.750     55.24482
GET       0.760     56.81999
GET       0.770     58.25003
GET       0.780     59.55306
GET       0.790     60.70372
GET       0.800     61.70481
GET       0.810     62.58398
GET       0.820     63.36938
GET       0.830     64.08411
GET       0.840     64.71391
GET       0.850     65.28525
GET       0.860     65.81086
GET       0.870     66.28950
GET       0.880     66.73419
GET       0.890     67.15826
GET       0.900     67.54787
GET       0.910     67.89756
GET       0.920     68.22778
GET       0.930     68.52879
GET       0.940     68.80695
GET       0.950     69.06724
GET       0.960     69.29788
GET       0.970     69.51272
GET       0.980     69.71642
GET       0.990     69.89967
GET       1.000     70.66919
GET       1.100     71.41646
GET       1.200     71.84549
GET       1.300     72.21477
GET       1.400     72.66240
GET       1.500     73.20675
GET       1.600     73.74054
GET       1.700     74.20131
GET       1.800     74.56808
GET       1.900     74.85659
GET       2.000     75.10625
GET       2.100     75.32267
GET       2.200     75.53729
GET       2.300     75.74423
GET       2.400     75.94485
GET       2.500     76.16141
GET       2.600     76.37115
GET       2.700     76.57587
GET       2.800     76.77096
GET       2.900     76.95650
GET       3.000     77.15884
GET       3.100     77.35932
GET       3.200     77.55649
GET       3.300     77.75604
GET       3.400     77.93749
GET       3.500     78.10709
GET       3.600     78.28215
GET       3.700     78.46166
GET       3.800     78.63133
GET       3.900     78.78772
GET       4.000     78.95344
GET       4.100     79.11378
GET       4.200     79.25847
GET       4.300     79.41572
GET       4.400     79.58201
GET       4.500     79.72849
GET       4.600     79.86995
GET       4.700     80.02433
GET       4.800     80.19752
GET       4.900     80.37890
GET       5.000     80.51949
GET       5.100     80.66468
GET       5.200     80.79500
GET       5.300     80.92453
GET       5.400     81.04380
GET       5.500     81.17147
GET       5.600     81.30359
GET       5.700     81.42515
GET       5.800     81.55497
GET       5.900     81.66914
GET       6.000     81.78977
GET       6.100     81.92039
GET       6.200     82.04073
GET       6.300     82.15791
GET       6.400     82.27790
GET       6.500     82.39695
GET       6.600     82.51866
GET       6.700     82.64281
GET       6.800     82.76423
GET       6.900     82.88866
GET       7.000     83.01166
GET       7.100     83.14278
GET       7.200     83.25651
GET       7.300     83.38239
GET       7.400     83.50582
GET       7.500     83.61618
GET       7.600     83.72992
GET       7.700     83.84811
GET       7.800     83.96206
GET       7.900     84.07207
GET       8.000     84.17963
GET       8.100     84.28145
GET       8.200     84.39188
GET       8.300     84.49707
GET       8.400     84.62079
GET       8.500     84.73044
GET       8.600     84.82780
GET       8.700     84.94563
GET       8.800     85.07725
GET       8.900     85.19846
GET       9.000     85.31471
GET       9.100     85.42062
GET       9.200     85.52653
GET       9.300     85.62095
GET       9.400     85.70941
GET       9.500     85.79946
GET       9.600     85.90350
GET       9.700     86.00087
GET       9.800     86.08897
GET       9.900     86.18224
GET      10.000     86.71079
GET      11.000     87.69386
GET      12.000     88.61094
GET      13.000     89.50928
GET      14.000     90.26473
GET      15.000     91.00812
GET      16.000     91.73456
GET      17.000     92.42568
GET      18.000     93.01706
GET      19.000     93.58043
GET      20.000     94.11458
GET      21.000     94.63681
GET      22.000     95.06563
GET      23.000     95.46816
GET      24.000     95.85411
GET      25.000     96.23618
GET      26.000     96.54673
GET      27.000     96.82964
GET      28.000     97.10386
GET      29.000     97.36206
GET      30.000     97.56986
GET      31.000     97.76165
GET      32.000     97.93772
GET      33.000     98.11342
GET      34.000     98.25925
GET      35.000     98.39396
GET      36.000     98.52529
GET      37.000     98.64944
GET      38.000     98.74860
GET      39.000     98.83591
GET      40.000     98.91777
GET      41.000     98.99740
GET      42.000     99.06806
GET      43.000     99.13864
GET      44.000     99.20233
GET      45.000     99.26781
GET      46.000     99.32116
GET      47.000     99.36339
GET      48.000     99.40747
GET      49.000     99.44840
GET      50.000     99.48409
GET      51.000     99.51985
GET      52.000     99.54692
GET      53.000     99.57894
GET      54.000     99.60472
GET      55.000     99.63021
GET      56.000     99.65024
GET      57.000     99.67315
GET      58.000     99.69139
GET      59.000     99.70876
GET      60.000     99.72585
GET      61.000     99.74251
GET      62.000     99.75780
GET      63.000     99.77095
GET      64.000     99.78645
GET      65.000     99.80153
GET      66.000     99.81058
GET      67.000     99.82394
GET      68.000     99.83183
GET      69.000     99.83937
GET      70.000     99.84864
GET      71.000     99.85797
GET      72.000     99.86486
GET      73.000     99.87219
GET      74.000     99.87750
GET      75.000     99.88454
GET      76.000     99.89050
GET      77.000     99.89438
GET      78.000     99.89926
GET      79.000     99.90414
GET      80.000     99.90888
GET      81.000     99.91348
GET      82.000     99.92008
GET      83.000     99.92482
GET      84.000     99.92805
GET      85.000     99.93150
GET      86.000     99.93451
GET      87.000     99.93832
GET      88.000     99.94148
GET      89.000     99.94485
GET      90.000     99.94830
GET      91.000     99.95160
GET      92.000     99.95462
GET      93.000     99.95670
GET      94.000     99.95943
GET      95.000     99.96194
GET      96.000     99.96496
GET      97.000     99.96589
GET      98.000     99.96719
GET      99.000     99.96812
GET     100.000     99.97781
GET     110.000     99.98535
GET     120.000     99.99131
GET     130.000     99.99533
GET     140.000     99.99792
GET     150.000     99.99849
GET     160.000     99.99892
GET     170.000     99.99986
GET     190.000    100.00000
