[RUN #1] Preparing benchmark client...
[RUN #1] Launching threads now...
[RUN #1 5%,   1 secs]  8 threads:       79286 ops,   79262 (avg:   79262) ops/sec, 2.99MB/sec (avg: 2.99MB/sec),  3.97 (avg:  3.97) msec latency[RUN #1 10%,   2 secs]  8 threads:      160436 ops,   81132 (avg:   80197) ops/sec, 3.06MB/sec (avg: 3.03MB/sec),  3.97 (avg:  3.97) msec latency[RUN #1 15%,   3 secs]  8 threads:      239901 ops,   79453 (avg:   79949) ops/sec, 3.00MB/sec (avg: 3.02MB/sec),  4.02 (avg:  3.98) msec latency[RUN #1 20%,   4 secs]  8 threads:      319698 ops,   79785 (avg:   79908) ops/sec, 3.01MB/sec (avg: 3.02MB/sec),  4.02 (avg:  3.99) msec latency[RUN #1 25%,   5 secs]  8 threads:      399903 ops,   80190 (avg:   79965) ops/sec, 3.02MB/sec (avg: 3.02MB/sec),  3.98 (avg:  3.99) msec latency[RUN #1 30%,   6 secs]  8 threads:      481442 ops,   81518 (avg:   80223) ops/sec, 3.07MB/sec (avg: 3.03MB/sec),  3.93 (avg:  3.98) msec latency[RUN #1 35%,   7 secs]  8 threads:      561550 ops,   80094 (avg:   80205) ops/sec, 3.02MB/sec (avg: 3.03MB/sec),  3.98 (avg:  3.98) msec latency[RUN #1 40%,   8 secs]  8 threads:      642419 ops,   80853 (avg:   80286) ops/sec, 3.05MB/sec (avg: 3.03MB/sec),  3.97 (avg:  3.98) msec latency[RUN #1 45%,   9 secs]  8 threads:      723664 ops,   81233 (avg:   80391) ops/sec, 3.06MB/sec (avg: 3.03MB/sec),  3.91 (avg:  3.97) msec latency[RUN #1 50%,  10 secs]  8 threads:      804272 ops,   80596 (avg:   80412) ops/sec, 3.04MB/sec (avg: 3.03MB/sec),  3.97 (avg:  3.97) msec latency[RUN #1 55%,  11 secs]  8 threads:      886623 ops,   82336 (avg:   80587) ops/sec, 3.10MB/sec (avg: 3.04MB/sec),  3.89 (avg:  3.96) msec latency[RUN #1 60%,  12 secs]  8 threads:      969105 ops,   82464 (avg:   80743) ops/sec, 3.11MB/sec (avg: 3.05MB/sec),  3.88 (avg:  3.96) msec latency[RUN #1 65%,  13 secs]  8 threads:     1051974 ops,   82857 (avg:   80906) ops/sec, 3.12MB/sec (avg: 3.05MB/sec),  3.86 (avg:  3.95) msec latency[RUN #1 70%,  14 secs]  8 threads:     1134705 ops,   82719 (avg:   81035) ops/sec, 3.12MB/sec (avg: 3.06MB/sec),  3.86 (avg:  3.94) msec latency[RUN #1 75%,  15 secs]  8 threads:     1217260 ops,   82543 (avg:   81136) ops/sec, 3.11MB/sec (avg: 3.06MB/sec),  3.87 (avg:  3.94) msec latency[RUN #1 80%,  16 secs]  8 threads:     1298589 ops,   81316 (avg:   81147) ops/sec, 3.07MB/sec (avg: 3.06MB/sec),  3.94 (avg:  3.94) msec latency[RUN #1 85%,  17 secs]  8 threads:     1379301 ops,   80699 (avg:   81121) ops/sec, 3.04MB/sec (avg: 3.06MB/sec),  3.96 (avg:  3.94) msec latency[RUN #1 90%,  18 secs]  8 threads:     1460383 ops,   81068 (avg:   81118) ops/sec, 3.06MB/sec (avg: 3.06MB/sec),  3.94 (avg:  3.94) msec latency[RUN #1 95%,  19 secs]  8 threads:     1543073 ops,   82670 (avg:   81199) ops/sec, 3.12MB/sec (avg: 3.06MB/sec),  3.86 (avg:  3.93) msec latency[RUN #1 100%,  20 secs]  8 threads:     1624096 ops,   82670 (avg:   81193) ops/sec, 3.12MB/sec (avg: 3.06MB/sec),  3.86 (avg:  3.94) msec latency[RUN #1 100%,  20 secs]  0 threads:     1624331 ops,   82670 (avg:   81157) ops/sec, 3.12MB/sec (avg: 3.06MB/sec),  3.86 (avg:  3.94) msec latency

8         Threads
40        Connections per thread
20        Seconds
Type        Ops/sec     Hits/sec   Misses/sec      Latency       KB/sec
------------------------------------------------------------------------
Sets        7385.39          ---          ---      4.15700       547.45
Gets       73778.30      3042.17     70736.13      3.91700      2587.10
Totals     81163.69      3042.17     70736.13      3.93900      3134.55


Request Latency Distribution
Type     <= msec         Percent
------------------------------------------------------------------------
SET       1.000     74.34237
SET       2.000     77.56218
SET       3.000     79.51409
SET       4.000     81.17101
SET       5.000     82.52212
SET       6.000     83.77243
SET       7.000     84.92057
SET       8.000     85.96520
SET       9.000     86.88939
SET      10.000     87.81359
SET      11.000     88.64983
SET      12.000     89.54561
SET      13.000     90.30473
SET      14.000     91.02122
SET      15.000     91.73365
SET      16.000     92.41293
SET      17.000     93.01575
SET      18.000     93.59828
SET      19.000     94.12127
SET      20.000     94.62531
SET      21.000     95.06576
SET      22.000     95.46156
SET      23.000     95.84923
SET      24.000     96.20714
SET      25.000     96.54204
SET      26.000     96.82688
SET      27.000     97.08871
SET      28.000     97.36069
SET      29.000     97.56840
SET      30.000     97.74431
SET      31.000     97.93172
SET      32.000     98.10154
SET      33.000     98.25580
SET      34.000     98.39247
SET      35.000     98.51425
SET      36.000     98.66106
SET      37.000     98.75917
SET      38.000     98.83900
SET      39.000     98.91207
SET      40.000     98.99326
SET      41.000     99.07174
SET      42.000     99.13805
SET      43.000     99.21518
SET      44.000     99.27066
SET      45.000     99.32275
SET      46.000     99.36605
SET      47.000     99.40935
SET      48.000     99.44656
SET      49.000     99.49257
SET      50.000     99.52775
SET      51.000     99.55820
SET      52.000     99.58594
SET      53.000     99.61097
SET      54.000     99.63600
SET      55.000     99.65765
SET      56.000     99.67931
SET      57.000     99.69825
SET      58.000     99.71381
SET      59.000     99.72937
SET      60.000     99.74967
SET      61.000     99.76591
SET      62.000     99.78079
SET      63.000     99.79432
SET      64.000     99.80921
SET      65.000     99.82206
SET      66.000     99.82950
SET      67.000     99.84507
SET      68.000     99.85386
SET      69.000     99.86536
SET      70.000     99.87483
SET      71.000     99.88025
SET      72.000     99.88566
SET      73.000     99.89107
SET      74.000     99.89581
SET      75.000     99.90190
SET      76.000     99.90460
SET      77.000     99.91002
SET      78.000     99.91340
SET      79.000     99.91678
SET      80.000     99.92016
SET      81.000     99.92152
SET      82.000     99.92558
SET      83.000     99.93167
SET      84.000     99.93302
SET      85.000     99.93776
SET      86.000     99.94046
SET      87.000     99.94249
SET      88.000     99.94452
SET      89.000     99.95129
SET      90.000     99.95399
SET      91.000     99.95670
SET      92.000     99.96076
SET      93.000     99.96414
SET      94.000     99.96617
SET      95.000     99.97023
SET      96.000     99.97091
SET      97.000     99.97158
SET      98.000     99.97632
SET     100.000     99.98376
SET     110.000     99.99120
SET     120.000     99.99729
SET     130.000     99.99865
SET     140.000    100.00000
---
GET       0.072      0.00007
GET       0.074      0.00014
GET       0.077      0.00020
GET       0.078      0.00027
GET       0.079      0.00034
GET       0.084      0.00041
GET       0.086      0.00054
GET       0.087      0.00068
GET       0.089      0.00081
GET       0.091      0.00115
GET       0.092      0.00129
GET       0.094      0.00149
GET       0.095      0.00190
GET       0.096      0.00196
GET       0.097      0.00244
GET       0.098      0.00278
GET       0.099      0.00291
GET       0.100      0.00474
GET       0.110      0.00772
GET       0.120      0.01050
GET       0.130      0.01598
GET       0.140      0.02709
GET       0.150      0.03806
GET       0.160      0.04605
GET       0.170      0.05520
GET       0.180      0.06895
GET       0.190      0.08710
GET       0.200      0.10789
GET       0.210      0.12854
GET       0.220      0.15279
GET       0.230      0.19011
GET       0.240      0.23792
GET       0.250      0.29942
GET       0.260      0.37730
GET       0.270      0.48885
GET       0.280      0.68153
GET       0.290      1.03019
GET       0.300      1.57349
GET       0.310      2.34462
GET       0.320      3.51480
GET       0.330      5.38595
GET       0.340      8.47252
GET       0.350     12.04868
GET       0.360     15.71024
GET       0.370     19.45308
GET       0.380     23.42917
GET       0.390     27.74511
GET       0.400     31.15189
GET       0.410     33.65370
GET       0.420     35.56176
GET       0.430     37.12929
GET       0.440     38.52378
GET       0.450     39.63334
GET       0.460     40.51589
GET       0.470     41.25844
GET       0.480     41.93415
GET       0.490     42.55703
GET       0.500     43.09992
GET       0.510     43.56175
GET       0.520     43.95348
GET       0.530     44.29692
GET       0.540     44.60542
GET       0.550     44.87510
GET       0.560     45.10395
GET       0.570     45.30584
GET       0.580     45.50272
GET       0.590     45.70942
GET       0.600     45.92229
GET       0.610     46.14050
GET       0.620     46.37958
GET       0.630     46.67568
GET       0.640     47.01932
GET       0.650     47.44024
GET       0.660     47.92787
GET       0.670     48.53464
GET       0.680     49.31681
GET       0.690     50.26904
GET       0.700     51.35727
GET       0.710     52.56362
GET       0.720     53.87812
GET       0.730     55.32936
GET       0.740     56.83133
GET       0.750     58.25644
GET       0.760     59.58110
GET       0.770     60.79598
GET       0.780     61.93398
GET       0.790     62.94379
GET       0.800     63.82619
GET       0.810     64.60078
GET       0.820     65.28259
GET       0.830     65.92876
GET       0.840     66.51297
GET       0.850     67.03731
GET       0.860     67.51979
GET       0.870     67.96449
GET       0.880     68.37606
GET       0.890     68.75804
GET       0.900     69.11042
GET       0.910     69.43977
GET       0.920     69.73682
GET       0.930     70.02344
GET       0.940     70.27308
GET       0.950     70.50193
GET       0.960     70.71804
GET       0.970     70.91472
GET       0.980     71.09799
GET       0.990     71.26737
GET       1.000     71.98920
GET       1.100     72.68001
GET       1.200     73.08055
GET       1.300     73.41647
GET       1.400     73.79919
GET       1.500     74.26529
GET       1.600     74.71526
GET       1.700     75.10868
GET       1.800     75.41582
GET       1.900     75.67549
GET       2.000     75.91023
GET       2.100     76.13400
GET       2.200     76.34246
GET       2.300     76.55011
GET       2.400     76.75857
GET       2.500     76.97550
GET       2.600     77.18782
GET       2.700     77.39825
GET       2.800     77.60976
GET       2.900     77.80799
GET       3.000     78.00921
GET       3.100     78.20412
GET       3.200     78.40696
GET       3.300     78.60838
GET       3.400     78.79402
GET       3.500     78.96794
GET       3.600     79.14112
GET       3.700     79.32066
GET       3.800     79.49784
GET       3.900     79.67155
GET       4.000     79.83924
GET       4.100     79.99454
GET       4.200     80.14496
GET       4.300     80.30832
GET       4.400     80.47736
GET       4.500     80.61871
GET       4.600     80.75951
GET       4.700     80.92619
GET       4.800     81.10228
GET       4.900     81.27559
GET       5.000     81.42777
GET       5.100     81.57440
GET       5.200     81.70802
GET       5.300     81.83149
GET       5.400     81.95251
GET       5.500     82.07259
GET       5.600     82.21021
GET       5.700     82.34120
GET       5.800     82.47590
GET       5.900     82.59416
GET       6.000     82.71613
GET       6.100     82.84122
GET       6.200     82.95724
GET       6.300     83.07427
GET       6.400     83.18906
GET       6.500     83.30610
GET       6.600     83.42807
GET       6.700     83.55174
GET       6.800     83.66884
GET       6.900     83.78966
GET       7.000     83.91692
GET       7.100     84.03781
GET       7.200     84.15755
GET       7.300     84.28271
GET       7.400     84.40110
GET       7.500     84.51027
GET       7.600     84.62636
GET       7.700     84.74603
GET       7.800     84.85270
GET       7.900     84.95395
GET       8.000     85.05852
GET       8.100     85.16946
GET       8.200     85.27992
GET       8.300     85.38232
GET       8.400     85.50917
GET       8.500     85.61476
GET       8.600     85.71824
GET       8.700     85.83182
GET       8.800     85.94817
GET       8.900     86.06541
GET       9.000     86.17079
GET       9.100     86.26622
GET       9.200     86.36578
GET       9.300     86.45795
GET       9.400     86.54593
GET       9.500     86.63275
GET       9.600     86.72655
GET       9.700     86.81758
GET       9.800     86.90799
GET       9.900     86.99814
GET      10.000     87.50114
GET      11.000     88.43645
GET      12.000     89.32163
GET      13.000     90.18298
GET      14.000     90.89390
GET      15.000     91.60483
GET      16.000     92.28731
GET      17.000     92.94656
GET      18.000     93.49521
GET      19.000     94.02639
GET      20.000     94.52343
GET      21.000     95.02393
GET      22.000     95.42304
GET      23.000     95.80082
GET      24.000     96.15469
GET      25.000     96.51628
GET      26.000     96.81184
GET      27.000     97.07144
GET      28.000     97.33435
GET      29.000     97.57126
GET      30.000     97.76814
GET      31.000     97.95473
GET      32.000     98.11849
GET      33.000     98.28117
GET      34.000     98.41263
GET      35.000     98.54557
GET      36.000     98.66775
GET      37.000     98.78668
GET      38.000     98.87378
GET      39.000     98.95261
GET      40.000     99.02596
GET      41.000     99.09924
GET      42.000     99.16304
GET      43.000     99.22528
GET      44.000     99.28142
GET      45.000     99.33797
GET      46.000     99.38531
GET      47.000     99.42615
GET      48.000     99.46259
GET      49.000     99.50241
GET      50.000     99.53811
GET      51.000     99.56885
GET      52.000     99.59432
GET      53.000     99.62154
GET      54.000     99.64552
GET      55.000     99.66645
GET      56.000     99.68527
GET      57.000     99.70945
GET      58.000     99.72544
GET      59.000     99.74305
GET      60.000     99.75774
GET      61.000     99.77264
GET      62.000     99.78578
GET      63.000     99.79757
GET      64.000     99.81247
GET      65.000     99.82750
GET      66.000     99.83610
GET      67.000     99.84714
GET      68.000     99.85439
GET      69.000     99.86177
GET      70.000     99.87030
GET      71.000     99.87762
GET      72.000     99.88466
GET      73.000     99.88947
GET      74.000     99.89448
GET      75.000     99.89949
GET      76.000     99.90491
GET      77.000     99.90755
GET      78.000     99.91128
GET      79.000     99.91507
GET      80.000     99.92042
GET      81.000     99.92530
GET      82.000     99.93011
GET      83.000     99.93505
GET      84.000     99.93810
GET      85.000     99.94108
GET      86.000     99.94379
GET      87.000     99.94663
GET      88.000     99.94893
GET      89.000     99.95205
GET      90.000     99.95489
GET      91.000     99.95808
GET      92.000     99.96024
GET      93.000     99.96153
GET      94.000     99.96390
GET      95.000     99.96627
GET      96.000     99.96912
GET      97.000     99.96993
GET      98.000     99.97108
GET      99.000     99.97298
GET     100.000     99.98049
GET     110.000     99.98788
GET     120.000     99.99404
GET     130.000     99.99729
GET     140.000     99.99919
GET     150.000     99.99926
GET     160.000     99.99973
GET     170.000    100.00000
