[RUN #1] Preparing benchmark client...
[RUN #1] Launching threads now...
[RUN #1 5%,   0 secs]  8 threads:       68183 ops,       0 (avg:       0) ops/sec, 0.00KB/sec (avg: 0.00KB/sec),  0.00 (avg:  0.00) msec latency[RUN #1 10%,   1 secs]  8 threads:      147447 ops,   79251 (avg:   73750) ops/sec, 2.99MB/sec (avg: 2.78MB/sec),  4.05 (avg:  4.31) msec latency[RUN #1 15%,   2 secs]  8 threads:      226532 ops,   79071 (avg:   75524) ops/sec, 2.98MB/sec (avg: 2.85MB/sec),  4.05 (avg:  4.22) msec latency[RUN #1 20%,   3 secs]  8 threads:      305174 ops,   78629 (avg:   76301) ops/sec, 2.97MB/sec (avg: 2.88MB/sec),  4.05 (avg:  4.18) msec latency[RUN #1 25%,   4 secs]  8 threads:      385085 ops,   79899 (avg:   77021) ops/sec, 3.01MB/sec (avg: 2.91MB/sec),  4.00 (avg:  4.14) msec latency[RUN #1 30%,   5 secs]  8 threads:      464844 ops,   79747 (avg:   77475) ops/sec, 3.01MB/sec (avg: 2.92MB/sec),  4.02 (avg:  4.12) msec latency[RUN #1 35%,   7 secs]  8 threads:      544173 ops,   79317 (avg:   77738) ops/sec, 2.99MB/sec (avg: 2.93MB/sec),  4.03 (avg:  4.11) msec latency[RUN #1 40%,   8 secs]  8 threads:      623364 ops,   79176 (avg:   77918) ops/sec, 2.99MB/sec (avg: 2.94MB/sec),  4.05 (avg:  4.10) msec latency[RUN #1 45%,   9 secs]  8 threads:      701939 ops,   78562 (avg:   77990) ops/sec, 2.96MB/sec (avg: 2.94MB/sec),  4.07 (avg:  4.10) msec latency[RUN #1 50%,  10 secs]  8 threads:      782488 ops,   80536 (avg:   78244) ops/sec, 3.04MB/sec (avg: 2.95MB/sec),  3.93 (avg:  4.08) msec latency[RUN #1 55%,  11 secs]  8 threads:      862269 ops,   79769 (avg:   78383) ops/sec, 3.01MB/sec (avg: 2.96MB/sec),  4.05 (avg:  4.08) msec latency[RUN #1 60%,  12 secs]  8 threads:      942304 ops,   80022 (avg:   78520) ops/sec, 3.02MB/sec (avg: 2.96MB/sec),  3.98 (avg:  4.07) msec latency[RUN #1 65%,  13 secs]  8 threads:     1022423 ops,   80106 (avg:   78642) ops/sec, 3.02MB/sec (avg: 2.97MB/sec),  3.99 (avg:  4.06) msec latency[RUN #1 70%,  14 secs]  8 threads:     1103220 ops,   80784 (avg:   78795) ops/sec, 3.05MB/sec (avg: 2.97MB/sec),  3.95 (avg:  4.05) msec latency[RUN #1 75%,  15 secs]  8 threads:     1183051 ops,   79814 (avg:   78863) ops/sec, 3.01MB/sec (avg: 2.97MB/sec),  4.03 (avg:  4.05) msec latency[RUN #1 80%,  16 secs]  8 threads:     1263117 ops,   80054 (avg:   78937) ops/sec, 3.02MB/sec (avg: 2.98MB/sec),  3.98 (avg:  4.05) msec latency[RUN #1 85%,  17 secs]  8 threads:     1342879 ops,   79749 (avg:   78985) ops/sec, 3.01MB/sec (avg: 2.98MB/sec),  4.02 (avg:  4.05) msec latency[RUN #1 90%,  18 secs]  8 threads:     1422634 ops,   79742 (avg:   79027) ops/sec, 3.01MB/sec (avg: 2.98MB/sec),  4.01 (avg:  4.04) msec latency[RUN #1 95%,  19 secs]  8 threads:     1503488 ops,   80842 (avg:   79122) ops/sec, 3.05MB/sec (avg: 2.98MB/sec),  3.95 (avg:  4.04) msec latency[RUN #1 100%,  20 secs]  0 threads:     1596131 ops,   80842 (avg:   79804) ops/sec, 3.05MB/sec (avg: 3.01MB/sec),  3.95 (avg:  4.01) msec latency

8         Threads
40        Connections per thread
20        Seconds
Type        Ops/sec     Hits/sec   Misses/sec      Latency       KB/sec
------------------------------------------------------------------------
Sets        7262.38          ---          ---      4.36400       538.33
Gets       72542.31      3030.78     69511.53      3.96900      2543.75
Totals     79804.69      3030.78     69511.53      4.00500      3082.08


Request Latency Distribution
Type     <= msec         Percent
------------------------------------------------------------------------
SET       1.000     72.14546
SET       2.000     75.21256
SET       3.000     77.48036
SET       4.000     79.16572
SET       5.000     80.51580
SET       6.000     81.86037
SET       7.000     83.14573
SET       8.000     84.33539
SET       9.000     85.32265
SET      10.000     86.33813
SET      11.000     87.33572
SET      12.000     88.28373
SET      13.000     89.16496
SET      14.000     89.93880
SET      15.000     90.74636
SET      16.000     91.55049
SET      17.000     92.18250
SET      18.000     92.75599
SET      19.000     93.33430
SET      20.000     93.88644
SET      21.000     94.33601
SET      22.000     94.75942
SET      23.000     95.15459
SET      24.000     95.56079
SET      25.000     95.92361
SET      26.000     96.22791
SET      27.000     96.49710
SET      28.000     96.75665
SET      29.000     96.98109
SET      30.000     97.21103
SET      31.000     97.39761
SET      32.000     97.57867
SET      33.000     97.73358
SET      34.000     97.86989
SET      35.000     98.00552
SET      36.000     98.16524
SET      37.000     98.28779
SET      38.000     98.39244
SET      39.000     98.48882
SET      40.000     98.57901
SET      41.000     98.66300
SET      42.000     98.74424
SET      43.000     98.82479
SET      44.000     98.89846
SET      45.000     98.95835
SET      46.000     99.00104
SET      47.000     99.04372
SET      48.000     99.08090
SET      49.000     99.11739
SET      50.000     99.15939
SET      51.000     99.19174
SET      52.000     99.22204
SET      53.000     99.24957
SET      54.000     99.27092
SET      55.000     99.29157
SET      56.000     99.31429
SET      57.000     99.33701
SET      58.000     99.35422
SET      59.000     99.37419
SET      60.000     99.39140
SET      61.000     99.40173
SET      62.000     99.41412
SET      63.000     99.42307
SET      64.000     99.43959
SET      65.000     99.45818
SET      66.000     99.47470
SET      67.000     99.48778
SET      68.000     99.49949
SET      69.000     99.51601
SET      70.000     99.52634
SET      71.000     99.53391
SET      72.000     99.54355
SET      73.000     99.54837
SET      74.000     99.55663
SET      75.000     99.56489
SET      76.000     99.57040
SET      77.000     99.58623
SET      78.000     99.59174
SET      79.000     99.60207
SET      80.000     99.60620
SET      81.000     99.61377
SET      82.000     99.63787
SET      83.000     99.64406
SET      84.000     99.65233
SET      85.000     99.65990
SET      86.000     99.66472
SET      87.000     99.66954
SET      88.000     99.67918
SET      89.000     99.68950
SET      90.000     99.69639
SET      91.000     99.70052
SET      92.000     99.70534
SET      93.000     99.70809
SET      94.000     99.71153
SET      95.000     99.72324
SET      96.000     99.72668
SET      98.000     99.72737
SET      99.000     99.72875
SET     100.000     99.75009
SET     110.000     99.77694
SET     120.000     99.79415
SET     130.000     99.81136
SET     140.000     99.82513
SET     150.000     99.85542
SET     160.000     99.86368
SET     170.000     99.88434
SET     180.000     99.89122
SET     190.000     99.89742
SET     200.000     99.91119
SET     210.000     99.92152
SET     220.000     99.92427
SET     230.000     99.93597
SET     240.000     99.94630
SET     250.000     99.95387
SET     260.000     99.97522
SET     270.000     99.98830
SET     280.000     99.99105
SET     290.000     99.99312
SET     300.000     99.99862
SET     310.000    100.00000
---
GET       0.082      0.00007
GET       0.084      0.00014
GET       0.086      0.00034
GET       0.087      0.00048
GET       0.088      0.00062
GET       0.089      0.00069
GET       0.090      0.00076
GET       0.091      0.00096
GET       0.092      0.00110
GET       0.093      0.00117
GET       0.094      0.00159
GET       0.095      0.00193
GET       0.096      0.00234
GET       0.097      0.00269
GET       0.098      0.00310
GET       0.099      0.00372
GET       0.100      0.00496
GET       0.110      0.00806
GET       0.120      0.01075
GET       0.130      0.01620
GET       0.140      0.02529
GET       0.150      0.03867
GET       0.160      0.05142
GET       0.170      0.06486
GET       0.180      0.08381
GET       0.190      0.11848
GET       0.200      0.15901
GET       0.210      0.19726
GET       0.220      0.23537
GET       0.230      0.28231
GET       0.240      0.34944
GET       0.250      0.42829
GET       0.260      0.52168
GET       0.270      0.64292
GET       0.280      0.83536
GET       0.290      1.17860
GET       0.300      1.71331
GET       0.310      2.48608
GET       0.320      3.60526
GET       0.330      5.39707
GET       0.340      8.34652
GET       0.350     11.75962
GET       0.360     15.27797
GET       0.370     18.87820
GET       0.380     22.68692
GET       0.390     26.81648
GET       0.400     30.06003
GET       0.410     32.45334
GET       0.420     34.28430
GET       0.430     35.81385
GET       0.440     37.19315
GET       0.450     38.28097
GET       0.460     39.14707
GET       0.470     39.87732
GET       0.480     40.55642
GET       0.490     41.19493
GET       0.500     41.74163
GET       0.510     42.18412
GET       0.520     42.57609
GET       0.530     42.92905
GET       0.540     43.24176
GET       0.550     43.50946
GET       0.560     43.74187
GET       0.570     43.95615
GET       0.580     44.16485
GET       0.590     44.37934
GET       0.600     44.60038
GET       0.610     44.82590
GET       0.620     45.08774
GET       0.630     45.39645
GET       0.640     45.76354
GET       0.650     46.19183
GET       0.660     46.72730
GET       0.670     47.38366
GET       0.680     48.21743
GET       0.690     49.23067
GET       0.700     50.39066
GET       0.710     51.68587
GET       0.720     53.08723
GET       0.730     54.63705
GET       0.740     56.22078
GET       0.750     57.73662
GET       0.760     59.12384
GET       0.770     60.40699
GET       0.780     61.61206
GET       0.790     62.66521
GET       0.800     63.59396
GET       0.810     64.39843
GET       0.820     65.12971
GET       0.830     65.78807
GET       0.840     66.39019
GET       0.850     66.93372
GET       0.860     67.43707
GET       0.870     67.89941
GET       0.880     68.33377
GET       0.890     68.73491
GET       0.900     69.10151
GET       0.910     69.43717
GET       0.920     69.74450
GET       0.930     70.03481
GET       0.940     70.28210
GET       0.950     70.52251
GET       0.960     70.73735
GET       0.970     70.94412
GET       0.980     71.13814
GET       0.990     71.30838
GET       1.000     72.03339
GET       1.100     72.74041
GET       1.200     73.15815
GET       1.300     73.50787
GET       1.400     73.92362
GET       1.500     74.39885
GET       1.600     74.87394
GET       1.700     75.28286
GET       1.800     75.61128
GET       1.900     75.87850
GET       2.000     76.12118
GET       2.100     76.33933
GET       2.200     76.55499
GET       2.300     76.75452
GET       2.400     76.95082
GET       2.500     77.16448
GET       2.600     77.38069
GET       2.700     77.57988
GET       2.800     77.77866
GET       2.900     77.96751
GET       3.000     78.16222
GET       3.100     78.35424
GET       3.200     78.54116
GET       3.300     78.73553
GET       3.400     78.91018
GET       3.500     79.06808
GET       3.600     79.23639
GET       3.700     79.40684
GET       3.800     79.57302
GET       3.900     79.72961
GET       4.000     79.88304
GET       4.100     80.03439
GET       4.200     80.17617
GET       4.300     80.32718
GET       4.400     80.48467
GET       4.500     80.62321
GET       4.600     80.74837
GET       4.700     80.89408
GET       4.800     81.05419
GET       4.900     81.22629
GET       5.000     81.36800
GET       5.100     81.50970
GET       5.200     81.63804
GET       5.300     81.75624
GET       5.400     81.86921
GET       5.500     81.98859
GET       5.600     82.11637
GET       5.700     82.24464
GET       5.800     82.37125
GET       5.900     82.48373
GET       6.000     82.60697
GET       6.100     82.72807
GET       6.200     82.84786
GET       6.300     82.95517
GET       6.400     83.06614
GET       6.500     83.18352
GET       6.600     83.30082
GET       6.700     83.41779
GET       6.800     83.53441
GET       6.900     83.64910
GET       7.000     83.77185
GET       7.100     83.89336
GET       7.200     84.01074
GET       7.300     84.12977
GET       7.400     84.24446
GET       7.500     84.34902
GET       7.600     84.45909
GET       7.700     84.57447
GET       7.800     84.68378
GET       7.900     84.78937
GET       8.000     84.89737
GET       8.100     84.99511
GET       8.200     85.10435
GET       8.300     85.20574
GET       8.400     85.32408
GET       8.500     85.43236
GET       8.600     85.52761
GET       8.700     85.63858
GET       8.800     85.75954
GET       8.900     85.87857
GET       9.000     85.99188
GET       9.100     86.08389
GET       9.200     86.17735
GET       9.300     86.27564
GET       9.400     86.36614
GET       9.500     86.45705
GET       9.600     86.54927
GET       9.700     86.63756
GET       9.800     86.71847
GET       9.900     86.80690
GET      10.000     87.30033
GET      11.000     88.22308
GET      12.000     89.09152
GET      13.000     89.95761
GET      14.000     90.67566
GET      15.000     91.39508
GET      16.000     92.08370
GET      17.000     92.74688
GET      18.000     93.31874
GET      19.000     93.86262
GET      20.000     94.37741
GET      21.000     94.87794
GET      22.000     95.29086
GET      23.000     95.68365
GET      24.000     96.04798
GET      25.000     96.41418
GET      26.000     96.71455
GET      27.000     96.98280
GET      28.000     97.24994
GET      29.000     97.48380
GET      30.000     97.68079
GET      31.000     97.87184
GET      32.000     98.04112
GET      33.000     98.21136
GET      34.000     98.35004
GET      35.000     98.48244
GET      36.000     98.60423
GET      37.000     98.72939
GET      38.000     98.81823
GET      39.000     98.90122
GET      40.000     98.97641
GET      41.000     99.05437
GET      42.000     99.12288
GET      43.000     99.19063
GET      44.000     99.24825
GET      45.000     99.30787
GET      46.000     99.35701
GET      47.000     99.39602
GET      48.000     99.43765
GET      49.000     99.47976
GET      50.000     99.51492
GET      51.000     99.55076
GET      52.000     99.57977
GET      53.000     99.60651
GET      54.000     99.63112
GET      55.000     99.65511
GET      56.000     99.67489
GET      57.000     99.69887
GET      58.000     99.71707
GET      59.000     99.73340
GET      60.000     99.74981
GET      61.000     99.76476
GET      62.000     99.77848
GET      63.000     99.79192
GET      64.000     99.80646
GET      65.000     99.81970
GET      66.000     99.83003
GET      67.000     99.84230
GET      68.000     99.85009
GET      69.000     99.85774
GET      70.000     99.86539
GET      71.000     99.87166
GET      72.000     99.87697
GET      73.000     99.88324
GET      74.000     99.88745
GET      75.000     99.89358
GET      76.000     99.89882
GET      77.000     99.90261
GET      78.000     99.90819
GET      79.000     99.91212
GET      80.000     99.91729
GET      81.000     99.92253
GET      82.000     99.92797
GET      83.000     99.93177
GET      84.000     99.93432
GET      85.000     99.93762
GET      86.000     99.94059
GET      87.000     99.94362
GET      88.000     99.94658
GET      89.000     99.94975
GET      90.000     99.95217
GET      91.000     99.95541
GET      92.000     99.95761
GET      93.000     99.95996
GET      94.000     99.96251
GET      95.000     99.96533
GET      96.000     99.96836
GET      97.000     99.96940
GET      98.000     99.97071
GET      99.000     99.97271
GET     100.000     99.98091
GET     110.000     99.98828
GET     120.000     99.99290
GET     130.000     99.99559
GET     140.000     99.99848
GET     150.000     99.99883
GET     160.000     99.99938
GET     170.000     99.99972
GET     190.000    100.00000
