[RUN #1] Preparing benchmark client...
[RUN #1] Launching threads now...
[RUN #1 5%,   1 secs]  8 threads:       75893 ops,   75891 (avg:   75891) ops/sec, 2.87MB/sec (avg: 2.87MB/sec),  4.16 (avg:  4.16) msec latency[RUN #1 10%,   2 secs]  8 threads:      154482 ops,   78577 (avg:   77234) ops/sec, 2.96MB/sec (avg: 2.92MB/sec),  4.07 (avg:  4.11) msec latency[RUN #1 15%,   3 secs]  8 threads:      234278 ops,   79784 (avg:   78084) ops/sec, 3.01MB/sec (avg: 2.95MB/sec),  4.01 (avg:  4.08) msec latency[RUN #1 20%,   4 secs]  8 threads:      313455 ops,   79165 (avg:   78354) ops/sec, 2.99MB/sec (avg: 2.96MB/sec),  4.05 (avg:  4.07) msec latency[RUN #1 25%,   5 secs]  8 threads:      393989 ops,   80522 (avg:   78788) ops/sec, 3.04MB/sec (avg: 2.97MB/sec),  3.97 (avg:  4.05) msec latency[RUN #1 30%,   6 secs]  8 threads:      475162 ops,   81160 (avg:   79183) ops/sec, 3.06MB/sec (avg: 2.99MB/sec),  3.92 (avg:  4.03) msec latency[RUN #1 35%,   7 secs]  8 threads:      555909 ops,   80735 (avg:   79405) ops/sec, 3.04MB/sec (avg: 3.00MB/sec),  3.98 (avg:  4.02) msec latency[RUN #1 40%,   8 secs]  8 threads:      635846 ops,   79925 (avg:   79470) ops/sec, 3.01MB/sec (avg: 3.00MB/sec),  4.00 (avg:  4.02) msec latency[RUN #1 45%,   9 secs]  8 threads:      715428 ops,   79570 (avg:   79481) ops/sec, 3.00MB/sec (avg: 3.00MB/sec),  3.98 (avg:  4.01) msec latency[RUN #1 50%,  10 secs]  8 threads:      796197 ops,   80757 (avg:   79609) ops/sec, 3.04MB/sec (avg: 3.00MB/sec),  3.99 (avg:  4.01) msec latency[RUN #1 55%,  11 secs]  8 threads:      877631 ops,   81421 (avg:   79773) ops/sec, 3.07MB/sec (avg: 3.01MB/sec),  3.94 (avg:  4.00) msec latency[RUN #1 60%,  12 secs]  8 threads:      958291 ops,   80649 (avg:   79846) ops/sec, 3.04MB/sec (avg: 3.01MB/sec),  3.97 (avg:  4.00) msec latency[RUN #1 65%,  13 secs]  8 threads:     1039281 ops,   80982 (avg:   79934) ops/sec, 3.05MB/sec (avg: 3.01MB/sec),  3.94 (avg:  4.00) msec latency[RUN #1 70%,  14 secs]  8 threads:     1120956 ops,   81662 (avg:   80057) ops/sec, 3.08MB/sec (avg: 3.02MB/sec),  3.90 (avg:  3.99) msec latency[RUN #1 75%,  15 secs]  8 threads:     1200666 ops,   79697 (avg:   80033) ops/sec, 3.01MB/sec (avg: 3.02MB/sec),  4.03 (avg:  3.99) msec latency[RUN #1 80%,  16 secs]  8 threads:     1281088 ops,   80410 (avg:   80057) ops/sec, 3.03MB/sec (avg: 3.02MB/sec),  3.97 (avg:  3.99) msec latency[RUN #1 85%,  17 secs]  8 threads:     1362425 ops,   81325 (avg:   80131) ops/sec, 3.07MB/sec (avg: 3.02MB/sec),  3.91 (avg:  3.99) msec latency[RUN #1 90%,  18 secs]  8 threads:     1443916 ops,   81479 (avg:   80206) ops/sec, 3.07MB/sec (avg: 3.03MB/sec),  3.94 (avg:  3.98) msec latency[RUN #1 95%,  19 secs]  8 threads:     1523672 ops,   79745 (avg:   80182) ops/sec, 3.01MB/sec (avg: 3.02MB/sec),  4.01 (avg:  3.98) msec latency[RUN #1 100%,  20 secs]  8 threads:     1605259 ops,   79745 (avg:   80254) ops/sec, 3.01MB/sec (avg: 3.03MB/sec),  4.01 (avg:  3.98) msec latency[RUN #1 100%,  20 secs]  0 threads:     1605468 ops,   79745 (avg:   80229) ops/sec, 3.01MB/sec (avg: 3.03MB/sec),  4.01 (avg:  3.98) msec latency

8         Threads
40        Connections per thread
20        Seconds
Type        Ops/sec     Hits/sec   Misses/sec      Latency       KB/sec
------------------------------------------------------------------------
Sets        7300.07          ---          ---      4.14600       541.12
Gets       72925.18      2790.53     70134.66      3.96800      2557.18
Totals     80225.25      2790.53     70134.66      3.98400      3098.31


Request Latency Distribution
Type     <= msec         Percent
------------------------------------------------------------------------
SET       1.000     72.63860
SET       2.000     76.23640
SET       3.000     78.40221
SET       4.000     80.06352
SET       5.000     81.38806
SET       6.000     82.73724
SET       7.000     84.01728
SET       8.000     85.27952
SET       9.000     86.32683
SET      10.000     87.28378
SET      11.000     88.19213
SET      12.000     89.14292
SET      13.000     89.92395
SET      14.000     90.68787
SET      15.000     91.42441
SET      16.000     92.19859
SET      17.000     92.84956
SET      18.000     93.39649
SET      19.000     93.93247
SET      20.000     94.47529
SET      21.000     94.96950
SET      22.000     95.35762
SET      23.000     95.72316
SET      24.000     96.12223
SET      25.000     96.45627
SET      26.000     96.73144
SET      27.000     97.02031
SET      28.000     97.30712
SET      29.000     97.56381
SET      30.000     97.75069
SET      31.000     97.93414
SET      32.000     98.10116
SET      33.000     98.26202
SET      34.000     98.43315
SET      35.000     98.55636
SET      36.000     98.66862
SET      37.000     98.78156
SET      38.000     98.88013
SET      39.000     98.96570
SET      40.000     99.05674
SET      41.000     99.13957
SET      42.000     99.20596
SET      43.000     99.26141
SET      44.000     99.32233
SET      45.000     99.37367
SET      46.000     99.41542
SET      47.000     99.44144
SET      48.000     99.47635
SET      49.000     99.51879
SET      50.000     99.54411
SET      51.000     99.57423
SET      52.000     99.60298
SET      53.000     99.62489
SET      54.000     99.65158
SET      55.000     99.67691
SET      56.000     99.69060
SET      57.000     99.71593
SET      58.000     99.72962
SET      59.000     99.74673
SET      60.000     99.77000
SET      61.000     99.78712
SET      62.000     99.80012
SET      63.000     99.81313
SET      64.000     99.82476
SET      65.000     99.83572
SET      66.000     99.84325
SET      67.000     99.85146
SET      68.000     99.86447
SET      69.000     99.87542
SET      70.000     99.88021
SET      71.000     99.88842
SET      72.000     99.89322
SET      73.000     99.89869
SET      74.000     99.90964
SET      75.000     99.91580
SET      76.000     99.91923
SET      77.000     99.92265
SET      78.000     99.92813
SET      79.000     99.93360
SET      80.000     99.93566
SET      81.000     99.93908
SET      82.000     99.94387
SET      83.000     99.94592
SET      84.000     99.94661
SET      85.000     99.95140
SET      86.000     99.95345
SET      87.000     99.95756
SET      88.000     99.96235
SET      89.000     99.96509
SET      90.000     99.96714
SET      91.000     99.96783
SET      92.000     99.96920
SET      93.000     99.97057
SET      94.000     99.97262
SET      96.000     99.97467
SET      97.000     99.97604
SET      98.000     99.97741
SET      99.000     99.97878
SET     100.000     99.98289
SET     110.000     99.99247
SET     120.000     99.99589
SET     130.000     99.99932
SET     150.000    100.00000
---
GET       0.087      0.00007
GET       0.088      0.00014
GET       0.094      0.00027
GET       0.098      0.00034
GET       0.100      0.00055
GET       0.110      0.00144
GET       0.120      0.00226
GET       0.130      0.00315
GET       0.140      0.00500
GET       0.150      0.00767
GET       0.160      0.01096
GET       0.170      0.01542
GET       0.180      0.01905
GET       0.190      0.02624
GET       0.200      0.03495
GET       0.210      0.04522
GET       0.220      0.05770
GET       0.230      0.07510
GET       0.240      0.09799
GET       0.250      0.12930
GET       0.260      0.16651
GET       0.270      0.21687
GET       0.280      0.28862
GET       0.290      0.41990
GET       0.300      0.62842
GET       0.310      0.94691
GET       0.320      1.45473
GET       0.330      2.33366
GET       0.340      3.92359
GET       0.350      6.01811
GET       0.360      8.54802
GET       0.370     11.54539
GET       0.380     15.33056
GET       0.390     20.11527
GET       0.400     24.45383
GET       0.410     27.96635
GET       0.420     30.82921
GET       0.430     33.22865
GET       0.440     35.38443
GET       0.450     37.02657
GET       0.460     38.26237
GET       0.470     39.23525
GET       0.480     40.09555
GET       0.490     40.88691
GET       0.500     41.53945
GET       0.510     42.09085
GET       0.520     42.58140
GET       0.530     43.01556
GET       0.540     43.40908
GET       0.550     43.74724
GET       0.560     44.02859
GET       0.570     44.25800
GET       0.580     44.46323
GET       0.590     44.65790
GET       0.600     44.83304
GET       0.610     45.00188
GET       0.620     45.16442
GET       0.630     45.34312
GET       0.640     45.53361
GET       0.650     45.74480
GET       0.660     45.98387
GET       0.670     46.27592
GET       0.680     46.64381
GET       0.690     47.08503
GET       0.700     47.62985
GET       0.710     48.27821
GET       0.720     49.06971
GET       0.730     50.06191
GET       0.740     51.22528
GET       0.750     52.50692
GET       0.760     53.87867
GET       0.770     55.33559
GET       0.780     56.84562
GET       0.790     58.33440
GET       0.800     59.71485
GET       0.810     60.96936
GET       0.820     62.08696
GET       0.830     63.11006
GET       0.840     64.04005
GET       0.850     64.85210
GET       0.860     65.57454
GET       0.870     66.22125
GET       0.880     66.80307
GET       0.890     67.33152
GET       0.900     67.81583
GET       0.910     68.24293
GET       0.920     68.64283
GET       0.930     69.01744
GET       0.940     69.35827
GET       0.950     69.66004
GET       0.960     69.93523
GET       0.970     70.18102
GET       0.980     70.41043
GET       0.990     70.62052
GET       1.000     71.50356
GET       1.100     72.26923
GET       1.200     72.66906
GET       1.300     72.98988
GET       1.400     73.32701
GET       1.500     73.77727
GET       1.600     74.29249
GET       1.700     74.73932
GET       1.800     75.11078
GET       1.900     75.39351
GET       2.000     75.63094
GET       2.100     75.84267
GET       2.200     76.04892
GET       2.300     76.26573
GET       2.400     76.46807
GET       2.500     76.66343
GET       2.600     76.86975
GET       2.700     77.08676
GET       2.800     77.29384
GET       2.900     77.48919
GET       3.000     77.68167
GET       3.100     77.88772
GET       3.200     78.07581
GET       3.300     78.25829
GET       3.400     78.44501
GET       3.500     78.62002
GET       3.600     78.79331
GET       3.700     78.96400
GET       3.800     79.12866
GET       3.900     79.29448
GET       4.000     79.44639
GET       4.100     79.59242
GET       4.200     79.73597
GET       4.300     79.88199
GET       4.400     80.04946
GET       4.500     80.18863
GET       4.600     80.32697
GET       4.700     80.47396
GET       4.800     80.64396
GET       4.900     80.82637
GET       5.000     80.97485
GET       5.100     81.12156
GET       5.200     81.24997
GET       5.300     81.38558
GET       5.400     81.52351
GET       5.500     81.66014
GET       5.600     81.80377
GET       5.700     81.93835
GET       5.800     82.07306
GET       5.900     82.19441
GET       6.000     82.32330
GET       6.100     82.45315
GET       6.200     82.58163
GET       6.300     82.70586
GET       6.400     82.83092
GET       6.500     82.95234
GET       6.600     83.07890
GET       6.700     83.21067
GET       6.800     83.32996
GET       6.900     83.45324
GET       7.000     83.58103
GET       7.100     83.71115
GET       7.200     83.84107
GET       7.300     83.97106
GET       7.400     84.09077
GET       7.500     84.20356
GET       7.600     84.30990
GET       7.700     84.42886
GET       7.800     84.54370
GET       7.900     84.65388
GET       8.000     84.76818
GET       8.100     84.88172
GET       8.200     84.98512
GET       8.300     85.09325
GET       8.400     85.21741
GET       8.500     85.32437
GET       8.600     85.42832
GET       8.700     85.54193
GET       8.800     85.68206
GET       8.900     85.81732
GET       9.000     85.94498
GET       9.100     86.05270
GET       9.200     86.14500
GET       9.300     86.24374
GET       9.400     86.34255
GET       9.500     86.43820
GET       9.600     86.52913
GET       9.700     86.63116
GET       9.800     86.72298
GET       9.900     86.81446
GET      10.000     87.30056
GET      11.000     88.23918
GET      12.000     89.10454
GET      13.000     89.99403
GET      14.000     90.74298
GET      15.000     91.47034
GET      16.000     92.19805
GET      17.000     92.88889
GET      18.000     93.46811
GET      19.000     94.00745
GET      20.000     94.51116
GET      21.000     95.00952
GET      22.000     95.43498
GET      23.000     95.80993
GET      24.000     96.15789
GET      25.000     96.54428
GET      26.000     96.82481
GET      27.000     97.08212
GET      28.000     97.34140
GET      29.000     97.60014
GET      30.000     97.82072
GET      31.000     98.00203
GET      32.000     98.16305
GET      33.000     98.32107
GET      34.000     98.47826
GET      35.000     98.59988
GET      36.000     98.71596
GET      37.000     98.82799
GET      38.000     98.92125
GET      39.000     99.00211
GET      40.000     99.08118
GET      41.000     99.15402
GET      42.000     99.21556
GET      43.000     99.27188
GET      44.000     99.32649
GET      45.000     99.37494
GET      46.000     99.41893
GET      47.000     99.45813
GET      48.000     99.48841
GET      49.000     99.52117
GET      50.000     99.55228
GET      51.000     99.58112
GET      52.000     99.60456
GET      53.000     99.63087
GET      54.000     99.65362
GET      55.000     99.67527
GET      56.000     99.69645
GET      57.000     99.71419
GET      58.000     99.73036
GET      59.000     99.74729
GET      60.000     99.76326
GET      61.000     99.77717
GET      62.000     99.79258
GET      63.000     99.80396
GET      64.000     99.81568
GET      65.000     99.82582
GET      66.000     99.83493
GET      67.000     99.84336
GET      68.000     99.85144
GET      69.000     99.85836
GET      70.000     99.86618
GET      71.000     99.87419
GET      72.000     99.88105
GET      73.000     99.88680
GET      74.000     99.89448
GET      75.000     99.90003
GET      76.000     99.90606
GET      77.000     99.91147
GET      78.000     99.91661
GET      79.000     99.92380
GET      80.000     99.92805
GET      81.000     99.93189
GET      82.000     99.93545
GET      83.000     99.93915
GET      84.000     99.94176
GET      85.000     99.94580
GET      86.000     99.94998
GET      87.000     99.95272
GET      88.000     99.95587
GET      89.000     99.95909
GET      90.000     99.96060
GET      91.000     99.96266
GET      92.000     99.96492
GET      93.000     99.96759
GET      94.000     99.96903
GET      95.000     99.97081
GET      96.000     99.97239
GET      97.000     99.97437
GET      98.000     99.97650
GET      99.000     99.97835
GET     100.000     99.98266
GET     110.000     99.99089
GET     120.000     99.99575
GET     130.000     99.99712
GET     140.000     99.99774
GET     150.000     99.99836
GET     160.000     99.99897
GET     170.000     99.99911
GET     180.000     99.99986
GET     190.000    100.00000
