%CPU %MEM
76.2  0.1
%CPU %MEM
76.2  0.1
%CPU %MEM
76.2  0.1
%CPU %MEM
76.3  0.1
%CPU %MEM
76.3  0.1
%CPU %MEM
76.4  0.1
%CPU %MEM
76.5  0.1
%CPU %MEM
76.6  0.1
%CPU %MEM
76.6  0.1
%CPU %MEM
76.7  0.1
%CPU %MEM
76.8  0.1
%CPU %MEM
76.9  0.1
%CPU %MEM
76.9  0.1
%CPU %MEM
77.0  0.1
%CPU %MEM
77.1  0.1
%CPU %MEM
77.2  0.1
%CPU %MEM
77.3  0.1
%CPU %MEM
77.3  0.1
%CPU %MEM
77.4  0.1
%CPU %MEM
77.5  0.1
%CPU %MEM
77.6  0.1
%CPU %MEM
77.6  0.1
%CPU %MEM
77.7  0.1
%CPU %MEM
77.8  0.1
%CPU %MEM
77.9  0.1
%CPU %MEM
78.0  0.1
%CPU %MEM
78.0  0.1
%CPU %MEM
78.1  0.1
%CPU %MEM
78.2  0.1
%CPU %MEM
78.3  0.1
%CPU %MEM
78.3  0.1
%CPU %MEM
78.4  0.1
%CPU %MEM
78.5  0.1
%CPU %MEM
78.6  0.1
%CPU %MEM
78.6  0.1
%CPU %MEM
78.7  0.1
%CPU %MEM
78.8  0.1
%CPU %MEM
78.9  0.1
%CPU %MEM
79.0  0.1
%CPU %MEM
79.0  0.1
%CPU %MEM
79.1  0.1
%CPU %MEM
79.2  0.1
%CPU %MEM
79.3  0.1
%CPU %MEM
79.3  0.1
%CPU %MEM
79.4  0.1
%CPU %MEM
79.5  0.1
%CPU %MEM
79.6  0.1
%CPU %MEM
79.6  0.1
%CPU %MEM
79.7  0.1
%CPU %MEM
79.8  0.1
%CPU %MEM
79.9  0.1
%CPU %MEM
80.0  0.1
%CPU %MEM
80.0  0.1
%CPU %MEM
80.1  0.1
%CPU %MEM
80.2  0.1
%CPU %MEM
80.3  0.1
%CPU %MEM
80.3  0.1
%CPU %MEM
80.4  0.1
%CPU %MEM
80.5  0.1
%CPU %MEM
80.6  0.1
%CPU %MEM
80.7  0.1
%CPU %MEM
80.7  0.1
%CPU %MEM
80.8  0.1
%CPU %MEM
80.9  0.1
%CPU %MEM
81.0  0.1
%CPU %MEM
81.0  0.1
%CPU %MEM
81.1  0.1
%CPU %MEM
81.2  0.1
%CPU %MEM
81.3  0.1
%CPU %MEM
81.4  0.1
%CPU %MEM
81.4  0.1
%CPU %MEM
81.5  0.1
%CPU %MEM
81.6  0.1
%CPU %MEM
81.7  0.1
%CPU %MEM
81.7  0.1
%CPU %MEM
81.8  0.1
%CPU %MEM
81.9  0.1
%CPU %MEM
82.0  0.1
%CPU %MEM
82.0  0.1
%CPU %MEM
82.1  0.1
%CPU %MEM
82.2  0.1
%CPU %MEM
82.3  0.1
%CPU %MEM
82.3  0.1
%CPU %MEM
82.4  0.1
%CPU %MEM
82.5  0.1
%CPU %MEM
82.6  0.1
%CPU %MEM
82.6  0.1
%CPU %MEM
82.7  0.1
%CPU %MEM
82.8  0.1
%CPU %MEM
82.9  0.1
%CPU %MEM
83.0  0.1
%CPU %MEM
83.0  0.1
%CPU %MEM
83.1  0.1
%CPU %MEM
83.2  0.1
%CPU %MEM
83.3  0.1
%CPU %MEM
83.4  0.1
%CPU %MEM
83.4  0.1
%CPU %MEM
83.5  0.1
%CPU %MEM
83.6  0.1
%CPU %MEM
83.7  0.1
%CPU %MEM
83.7  0.1
%CPU %MEM
83.8  0.1
%CPU %MEM
83.9  0.1
%CPU %MEM
84.0  0.1
%CPU %MEM
84.0  0.1
%CPU %MEM
84.1  0.1
%CPU %MEM
84.2  0.1
%CPU %MEM
84.3  0.1
%CPU %MEM
84.3  0.1
%CPU %MEM
84.4  0.1
%CPU %MEM
84.5  0.1
%CPU %MEM
84.6  0.1
%CPU %MEM
84.6  0.1
%CPU %MEM
84.7  0.1
%CPU %MEM
84.8  0.1
%CPU %MEM
84.9  0.1
%CPU %MEM
85.0  0.1
%CPU %MEM
85.0  0.1
%CPU %MEM
85.1  0.1
%CPU %MEM
85.2  0.1
%CPU %MEM
85.3  0.1
%CPU %MEM
85.3  0.1
%CPU %MEM
85.4  0.1
%CPU %MEM
85.5  0.1
%CPU %MEM
85.6  0.1
%CPU %MEM
85.6  0.1
%CPU %MEM
85.7  0.1
%CPU %MEM
85.8  0.1
%CPU %MEM
85.9  0.1
%CPU %MEM
85.9  0.1
%CPU %MEM
86.0  0.1
%CPU %MEM
86.1  0.1
%CPU %MEM
86.2  0.1
%CPU %MEM
86.2  0.1
%CPU %MEM
86.3  0.1
%CPU %MEM
86.4  0.1
%CPU %MEM
86.5  0.1
%CPU %MEM
86.5  0.1
%CPU %MEM
86.6  0.1
%CPU %MEM
86.7  0.1
%CPU %MEM
86.8  0.1
%CPU %MEM
86.9  0.1
%CPU %MEM
86.9  0.1
%CPU %MEM
87.0  0.1
%CPU %MEM
87.1  0.1
%CPU %MEM
87.2  0.1
%CPU %MEM
87.2  0.1
%CPU %MEM
87.3  0.1
%CPU %MEM
87.4  0.1
%CPU %MEM
87.5  0.1
%CPU %MEM
87.5  0.1
%CPU %MEM
87.6  0.1
%CPU %MEM
87.7  0.1
%CPU %MEM
87.7  0.1
%CPU %MEM
87.8  0.1
%CPU %MEM
87.9  0.1
%CPU %MEM
88.0  0.1
%CPU %MEM
88.0  0.1
%CPU %MEM
88.1  0.1
%CPU %MEM
88.2  0.1
%CPU %MEM
88.3  0.1
%CPU %MEM
88.4  0.1
%CPU %MEM
88.4  0.1
%CPU %MEM
88.5  0.1
%CPU %MEM
88.6  0.1
%CPU %MEM
88.7  0.1
%CPU %MEM
88.7  0.1
%CPU %MEM
88.8  0.1
%CPU %MEM
88.9  0.1
%CPU %MEM
89.0  0.1
%CPU %MEM
89.0  0.1
%CPU %MEM
89.1  0.1
%CPU %MEM
89.2  0.1
%CPU %MEM
89.2  0.1
%CPU %MEM
89.3  0.1
%CPU %MEM
89.4  0.1
%CPU %MEM
89.5  0.1
%CPU %MEM
89.5  0.1
%CPU %MEM
89.6  0.1
%CPU %MEM
89.7  0.1
%CPU %MEM
89.8  0.1
%CPU %MEM
89.8  0.1
%CPU %MEM
89.9  0.1
%CPU %MEM
90.0  0.1
%CPU %MEM
90.1  0.1
%CPU %MEM
90.1  0.1
%CPU %MEM
90.2  0.1
%CPU %MEM
90.3  0.1
%CPU %MEM
90.3  0.1
%CPU %MEM
90.4  0.1
%CPU %MEM
90.5  0.1
%CPU %MEM
90.6  0.1
%CPU %MEM
90.6  0.1
%CPU %MEM
90.7  0.1
%CPU %MEM
90.8  0.1
%CPU %MEM
90.8  0.1
%CPU %MEM
90.9  0.1
%CPU %MEM
91.0  0.1
%CPU %MEM
91.1  0.1
%CPU %MEM
91.1  0.1
%CPU %MEM
91.2  0.1
%CPU %MEM
91.3  0.1
%CPU %MEM
91.3  0.1
%CPU %MEM
91.4  0.1
%CPU %MEM
91.5  0.1
%CPU %MEM
91.6  0.1
%CPU %MEM
91.6  0.1
%CPU %MEM
91.7  0.1
%CPU %MEM
91.8  0.1
%CPU %MEM
91.8  0.1
%CPU %MEM
91.9  0.1
%CPU %MEM
92.0  0.1
%CPU %MEM
92.1  0.1
%CPU %MEM
92.1  0.1
%CPU %MEM
92.2  0.1
%CPU %MEM
92.3  0.1
%CPU %MEM
92.3  0.1
%CPU %MEM
92.4  0.1
%CPU %MEM
92.5  0.1
%CPU %MEM
92.5  0.1
%CPU %MEM
92.6  0.1
%CPU %MEM
92.7  0.1
%CPU %MEM
92.7  0.1
%CPU %MEM
92.8  0.1
%CPU %MEM
92.9  0.1
%CPU %MEM
93.0  0.1
%CPU %MEM
93.0  0.1
%CPU %MEM
93.1  0.1
%CPU %MEM
93.2  0.1
%CPU %MEM
93.3  0.1
%CPU %MEM
93.3  0.1
%CPU %MEM
93.4  0.1
%CPU %MEM
93.5  0.1
%CPU %MEM
93.5  0.1
%CPU %MEM
93.6  0.1
%CPU %MEM
93.7  0.1
%CPU %MEM
93.8  0.1
%CPU %MEM
93.8  0.1
%CPU %MEM
93.9  0.1
%CPU %MEM
94.0  0.1
%CPU %MEM
94.0  0.1
%CPU %MEM
94.1  0.1
%CPU %MEM
94.2  0.1
%CPU %MEM
94.3  0.1
%CPU %MEM
94.3  0.1
%CPU %MEM
94.4  0.1
%CPU %MEM
94.5  0.1
%CPU %MEM
94.5  0.1
%CPU %MEM
94.6  0.1
%CPU %MEM
94.7  0.1
%CPU %MEM
94.7  0.1
%CPU %MEM
94.8  0.1
%CPU %MEM
94.9  0.1
%CPU %MEM
95.0  0.1
%CPU %MEM
95.0  0.1
%CPU %MEM
95.1  0.1
%CPU %MEM
95.2  0.1
%CPU %MEM
95.2  0.1
%CPU %MEM
95.3  0.1
%CPU %MEM
95.4  0.1
%CPU %MEM
95.5  0.1
%CPU %MEM
95.5  0.1
%CPU %MEM
95.6  0.1
%CPU %MEM
95.7  0.1
%CPU %MEM
95.8  0.1
%CPU %MEM
95.8  0.1
%CPU %MEM
95.9  0.1
%CPU %MEM
96.0  0.1
%CPU %MEM
96.0  0.1
%CPU %MEM
96.1  0.1
%CPU %MEM
96.2  0.1
%CPU %MEM
96.2  0.1
%CPU %MEM
96.3  0.1
%CPU %MEM
96.4  0.1
%CPU %MEM
96.4  0.1
%CPU %MEM
96.5  0.1
%CPU %MEM
96.6  0.1
%CPU %MEM
96.7  0.1
%CPU %MEM
96.7  0.1
%CPU %MEM
96.8  0.1
%CPU %MEM
96.9  0.1
%CPU %MEM
96.9  0.1
%CPU %MEM
97.0  0.1
%CPU %MEM
97.1  0.1
%CPU %MEM
97.1  0.1
%CPU %MEM
97.2  0.1
%CPU %MEM
97.3  0.1
%CPU %MEM
97.4  0.1
%CPU %MEM
97.4  0.1
%CPU %MEM
97.5  0.1
%CPU %MEM
97.6  0.1
%CPU %MEM
97.6  0.1
%CPU %MEM
97.7  0.1
%CPU %MEM
97.8  0.1
%CPU %MEM
97.9  0.1
%CPU %MEM
97.9  0.1
%CPU %MEM
98.0  0.1
%CPU %MEM
98.1  0.1
%CPU %MEM
98.1  0.1
%CPU %MEM
98.2  0.1
%CPU %MEM
98.3  0.1
%CPU %MEM
98.3  0.1
%CPU %MEM
98.4  0.1
%CPU %MEM
98.5  0.1
%CPU %MEM
98.5  0.1
%CPU %MEM
98.6  0.1
%CPU %MEM
98.7  0.1
%CPU %MEM
98.7  0.1
%CPU %MEM
98.8  0.1
%CPU %MEM
98.9  0.1
%CPU %MEM
99.0  0.1
%CPU %MEM
99.0  0.1
%CPU %MEM
99.1  0.1
%CPU %MEM
99.2  0.1
%CPU %MEM
99.2  0.1
%CPU %MEM
99.3  0.1
%CPU %MEM
99.4  0.1
%CPU %MEM
99.4  0.1
%CPU %MEM
99.5  0.1
%CPU %MEM
99.6  0.1
%CPU %MEM
99.7  0.1
%CPU %MEM
99.7  0.1
%CPU %MEM
99.8  0.1
%CPU %MEM
99.9  0.1
%CPU %MEM
99.9  0.1
%CPU %MEM
 100  0.1
%CPU %MEM
 100  0.1
%CPU %MEM
 100  0.1
%CPU %MEM
 100  0.1
%CPU %MEM
 100  0.1
%CPU %MEM
 100  0.1
%CPU %MEM
 100  0.1
%CPU %MEM
 100  0.1
%CPU %MEM
 100  0.1
%CPU %MEM
 100  0.1
%CPU %MEM
 100  0.1
%CPU %MEM
 100  0.1
%CPU %MEM
 100  0.1
%CPU %MEM
 100  0.1
%CPU %MEM
 101  0.1
%CPU %MEM
 101  0.1
%CPU %MEM
 101  0.1
%CPU %MEM
 101  0.1
%CPU %MEM
 101  0.1
%CPU %MEM
 101  0.1
%CPU %MEM
 101  0.1
%CPU %MEM
 101  0.1
%CPU %MEM
 101  0.1
%CPU %MEM
 101  0.1
%CPU %MEM
 101  0.1
%CPU %MEM
 101  0.1
%CPU %MEM
 101  0.1
%CPU %MEM
 101  0.1
%CPU %MEM
 101  0.1
%CPU %MEM
 102  0.1
%CPU %MEM
 102  0.1
%CPU %MEM
 102  0.1
%CPU %MEM
 102  0.1
%CPU %MEM
 102  0.1
%CPU %MEM
 102  0.1
%CPU %MEM
 102  0.1
%CPU %MEM
 102  0.1
%CPU %MEM
 102  0.1
%CPU %MEM
 102  0.1
%CPU %MEM
 102  0.1
%CPU %MEM
 102  0.1
%CPU %MEM
 102  0.1
%CPU %MEM
 102  0.1
%CPU %MEM
 102  0.1
%CPU %MEM
 103  0.1
%CPU %MEM
 103  0.1
%CPU %MEM
 103  0.1
%CPU %MEM
 103  0.1
%CPU %MEM
 103  0.1
%CPU %MEM
 103  0.1
%CPU %MEM
 103  0.1
%CPU %MEM
 103  0.1
%CPU %MEM
 103  0.1
%CPU %MEM
 103  0.1
%CPU %MEM
 103  0.1
%CPU %MEM
 103  0.1
%CPU %MEM
 103  0.1
%CPU %MEM
 103  0.1
%CPU %MEM
 103  0.1
%CPU %MEM
 103  0.1
%CPU %MEM
 103  0.1
%CPU %MEM
 103  0.1
%CPU %MEM
 103  0.1
%CPU %MEM
 103  0.1
%CPU %MEM
 103  0.1
%CPU %MEM
 103  0.1
%CPU %MEM
 103  0.1
%CPU %MEM
 103  0.1
%CPU %MEM
 103  0.1
%CPU %MEM
 103  0.1
%CPU %MEM
 103  0.1
%CPU %MEM
 103  0.1
%CPU %MEM
 103  0.1
%CPU %MEM
 103  0.1
%CPU %MEM
 103  0.1
%CPU %MEM
 103  0.1
%CPU %MEM
 103  0.1
%CPU %MEM
 103  0.1
%CPU %MEM
 103  0.1
%CPU %MEM
 103  0.1
%CPU %MEM
 103  0.1
%CPU %MEM
 103  0.1
%CPU %MEM
 103  0.1
%CPU %MEM
 103  0.1
%CPU %MEM
 103  0.1
%CPU %MEM
 103  0.1
%CPU %MEM
 103  0.1
%CPU %MEM
 103  0.1
%CPU %MEM
 103  0.1
%CPU %MEM
 103  0.1
%CPU %MEM
 103  0.1
%CPU %MEM
 103  0.1
%CPU %MEM
 103  0.1
%CPU %MEM
 103  0.1
%CPU %MEM
 103  0.1
%CPU %MEM
 103  0.1
%CPU %MEM
 103  0.1
%CPU %MEM
 103  0.1
%CPU %MEM
 103  0.1
%CPU %MEM
 103  0.1
%CPU %MEM
 103  0.1
%CPU %MEM
 103  0.1
%CPU %MEM
 103  0.1
%CPU %MEM
 103  0.1
%CPU %MEM
 103  0.1
%CPU %MEM
 103  0.1
%CPU %MEM
 103  0.1
%CPU %MEM
 103  0.1
%CPU %MEM
 103  0.1
%CPU %MEM
 103  0.1
%CPU %MEM
 103  0.1
%CPU %MEM
 103  0.1
%CPU %MEM
 103  0.1
%CPU %MEM
 103  0.1
%CPU %MEM
 103  0.1
%CPU %MEM
 103  0.1
%CPU %MEM
 103  0.1
%CPU %MEM
 103  0.1
%CPU %MEM
 103  0.1
%CPU %MEM
 103  0.1
%CPU %MEM
 103  0.1
%CPU %MEM
 103  0.1
%CPU %MEM
 103  0.1
%CPU %MEM
 103  0.1
%CPU %MEM
 103  0.1
%CPU %MEM
 103  0.1
%CPU %MEM
 103  0.1
%CPU %MEM
 103  0.1
%CPU %MEM
 103  0.1
%CPU %MEM
 103  0.1
%CPU %MEM
 102  0.1
%CPU %MEM
 102  0.1
%CPU %MEM
 102  0.1
%CPU %MEM
 102  0.1
%CPU %MEM
 102  0.1
%CPU %MEM
 102  0.1
%CPU %MEM
 102  0.1
%CPU %MEM
 102  0.1
%CPU %MEM
 102  0.1
%CPU %MEM
 102  0.1
%CPU %MEM
 102  0.1
%CPU %MEM
 102  0.1
%CPU %MEM
 102  0.1
%CPU %MEM
 102  0.1
%CPU %MEM
 102  0.1
%CPU %MEM
 102  0.1
%CPU %MEM
 102  0.1
%CPU %MEM
 102  0.1
%CPU %MEM
 102  0.1
%CPU %MEM
 102  0.1
%CPU %MEM
 102  0.1
%CPU %MEM
 102  0.1
%CPU %MEM
 102  0.1
%CPU %MEM
 102  0.1
%CPU %MEM
 102  0.1
%CPU %MEM
 102  0.1
%CPU %MEM
 102  0.1
%CPU %MEM
 102  0.1
%CPU %MEM
 102  0.1
%CPU %MEM
 102  0.1
%CPU %MEM
 102  0.1
%CPU %MEM
 102  0.1
%CPU %MEM
 102  0.1
%CPU %MEM
 102  0.1
%CPU %MEM
 102  0.1
%CPU %MEM
 102  0.1
%CPU %MEM
 102  0.1
%CPU %MEM
 102  0.1
%CPU %MEM
 102  0.1
%CPU %MEM
 102  0.1
%CPU %MEM
 102  0.1
%CPU %MEM
 102  0.1
%CPU %MEM
 102  0.1
%CPU %MEM
 102  0.1
%CPU %MEM
 101  0.1
%CPU %MEM
 101  0.1
%CPU %MEM
 101  0.1
%CPU %MEM
 101  0.1
%CPU %MEM
 101  0.1
%CPU %MEM
 101  0.1
%CPU %MEM
 101  0.1
%CPU %MEM
 101  0.1
%CPU %MEM
 101  0.1
%CPU %MEM
 101  0.1
%CPU %MEM
 101  0.1
%CPU %MEM
 101  0.1
%CPU %MEM
 101  0.1
%CPU %MEM
 101  0.1
%CPU %MEM
 101  0.1
%CPU %MEM
 101  0.1
%CPU %MEM
 101  0.1
%CPU %MEM
 101  0.1
%CPU %MEM
 101  0.1
%CPU %MEM
 101  0.1
%CPU %MEM
 101  0.1
%CPU %MEM
 101  0.1
%CPU %MEM
 101  0.1
%CPU %MEM
 101  0.1
%CPU %MEM
 101  0.1
%CPU %MEM
 101  0.1
%CPU %MEM
 101  0.1
%CPU %MEM
 101  0.1
%CPU %MEM
 101  0.1
%CPU %MEM
 101  0.1
%CPU %MEM
 101  0.1
%CPU %MEM
 101  0.1
%CPU %MEM
 101  0.1
%CPU %MEM
 101  0.1
%CPU %MEM
 101  0.1
%CPU %MEM
 101  0.1
%CPU %MEM
 101  0.1
%CPU %MEM
 101  0.1
%CPU %MEM
 101  0.1
%CPU %MEM
 101  0.1
%CPU %MEM
 101  0.1
%CPU %MEM
 101  0.1
%CPU %MEM
 101  0.1
%CPU %MEM
 101  0.1
%CPU %MEM
 101  0.1
%CPU %MEM
 101  0.1
%CPU %MEM
 101  0.1
%CPU %MEM
 100  0.1
%CPU %MEM
 100  0.1
%CPU %MEM
 100  0.1
%CPU %MEM
 100  0.1
%CPU %MEM
 100  0.1
%CPU %MEM
 100  0.1
%CPU %MEM
 100  0.1
%CPU %MEM
 100  0.1
%CPU %MEM
 100  0.1
%CPU %MEM
 100  0.1
%CPU %MEM
 100  0.1
%CPU %MEM
 100  0.1
%CPU %MEM
 100  0.1
%CPU %MEM
 100  0.1
%CPU %MEM
 100  0.1
%CPU %MEM
 100  0.1
%CPU %MEM
 100  0.1
%CPU %MEM
 100  0.1
%CPU %MEM
 100  0.1
%CPU %MEM
 100  0.1
%CPU %MEM
 100  0.1
%CPU %MEM
 100  0.1
%CPU %MEM
 100  0.1
%CPU %MEM
 100  0.1
%CPU %MEM
 100  0.1
%CPU %MEM
 100  0.1
%CPU %MEM
 100  0.1
%CPU %MEM
 100  0.1
%CPU %MEM
 100  0.1
%CPU %MEM
 100  0.1
%CPU %MEM
 100  0.1
%CPU %MEM
 100  0.1
%CPU %MEM
 100  0.1
%CPU %MEM
 100  0.1
%CPU %MEM
 100  0.1
%CPU %MEM
 100  0.1
%CPU %MEM
 100  0.1
%CPU %MEM
 100  0.1
%CPU %MEM
 100  0.1
%CPU %MEM
 100  0.1
%CPU %MEM
 100  0.1
%CPU %MEM
 100  0.1
%CPU %MEM
 100  0.1
%CPU %MEM
 100  0.1
%CPU %MEM
 100  0.1
%CPU %MEM
 100  0.1
%CPU %MEM
99.9  0.1
%CPU %MEM
99.9  0.1
%CPU %MEM
99.9  0.1
%CPU %MEM
99.9  0.1
%CPU %MEM
99.9  0.1
%CPU %MEM
99.8  0.1
%CPU %MEM
99.8  0.1
%CPU %MEM
99.8  0.1
%CPU %MEM
99.8  0.1
%CPU %MEM
99.8  0.1
%CPU %MEM
99.7  0.1
%CPU %MEM
99.7  0.1
%CPU %MEM
99.7  0.1
%CPU %MEM
99.7  0.1
%CPU %MEM
99.7  0.1
%CPU %MEM
99.6  0.1
%CPU %MEM
99.6  0.1
%CPU %MEM
99.6  0.1
%CPU %MEM
99.6  0.1
%CPU %MEM
99.5  0.1
%CPU %MEM
99.5  0.1
%CPU %MEM
99.5  0.1
%CPU %MEM
99.5  0.1
%CPU %MEM
99.5  0.1
%CPU %MEM
99.4  0.1
%CPU %MEM
99.4  0.1
%CPU %MEM
99.4  0.1
%CPU %MEM
99.4  0.1
%CPU %MEM
99.4  0.1
%CPU %MEM
99.3  0.1
%CPU %MEM
99.3  0.1
%CPU %MEM
99.3  0.1
%CPU %MEM
99.3  0.1
%CPU %MEM
99.3  0.1
%CPU %MEM
99.2  0.1
%CPU %MEM
99.2  0.1
%CPU %MEM
99.2  0.1
%CPU %MEM
99.2  0.1
%CPU %MEM
99.2  0.1
%CPU %MEM
99.1  0.1
%CPU %MEM
99.1  0.1
%CPU %MEM
99.1  0.1
%CPU %MEM
99.1  0.1
%CPU %MEM
99.1  0.1
%CPU %MEM
99.0  0.1
%CPU %MEM
99.0  0.1
%CPU %MEM
99.0  0.1
%CPU %MEM
99.0  0.1
%CPU %MEM
99.0  0.1
%CPU %MEM
98.9  0.1
%CPU %MEM
98.9  0.1
%CPU %MEM
98.9  0.1
%CPU %MEM
98.9  0.1
%CPU %MEM
98.9  0.1
%CPU %MEM
98.8  0.1
%CPU %MEM
98.8  0.1
%CPU %MEM
98.8  0.1
%CPU %MEM
98.8  0.1
%CPU %MEM
98.7  0.1
%CPU %MEM
98.7  0.1
%CPU %MEM
98.7  0.1
%CPU %MEM
98.7  0.1
%CPU %MEM
98.7  0.1
%CPU %MEM
98.6  0.1
%CPU %MEM
98.6  0.1
%CPU %MEM
98.6  0.1
%CPU %MEM
98.6  0.1
%CPU %MEM
98.6  0.1
%CPU %MEM
98.5  0.1
%CPU %MEM
98.5  0.1
%CPU %MEM
98.5  0.1
%CPU %MEM
98.5  0.1
%CPU %MEM
98.4  0.1
%CPU %MEM
98.4  0.1
%CPU %MEM
98.4  0.1
%CPU %MEM
98.4  0.1
%CPU %MEM
98.4  0.1
%CPU %MEM
98.3  0.1
%CPU %MEM
98.3  0.1
%CPU %MEM
98.3  0.1
%CPU %MEM
98.3  0.1
%CPU %MEM
98.3  0.1
%CPU %MEM
98.2  0.1
%CPU %MEM
98.2  0.1
%CPU %MEM
98.2  0.1
%CPU %MEM
98.2  0.1
%CPU %MEM
98.2  0.1
%CPU %MEM
98.1  0.1
%CPU %MEM
98.1  0.1
