[RUN #1] Preparing benchmark client...
[RUN #1] Launching threads now...
[RUN #1 5%,   1 secs] 16 threads:       15275 ops,   15260 (avg:   15260) ops/sec, 551.64KB/sec (avg: 551.64KB/sec),  5.16 (avg:  5.16) msec latency[RUN #1 10%,   2 secs] 16 threads:       22579 ops,    7303 (avg:   11283) ops/sec, 262.17KB/sec (avg: 406.97KB/sec), 11.00 (avg:  7.05) msec latency[RUN #1 15%,   3 secs] 16 threads:       30552 ops,    7972 (avg:   10180) ops/sec, 288.42KB/sec (avg: 367.46KB/sec), 10.11 (avg:  7.85) msec latency[RUN #1 20%,   4 secs] 16 threads:       38453 ops,    7899 (avg:    9609) ops/sec, 289.91KB/sec (avg: 348.08KB/sec),  9.97 (avg:  8.28) msec latency[RUN #1 25%,   5 secs] 16 threads:       46340 ops,    7886 (avg:    9265) ops/sec, 276.61KB/sec (avg: 333.79KB/sec), 10.24 (avg:  8.62) msec latency[RUN #1 30%,   6 secs] 16 threads:       54800 ops,    8459 (avg:    9130) ops/sec, 299.84KB/sec (avg: 328.13KB/sec),  9.50 (avg:  8.75) msec latency[RUN #1 35%,   7 secs] 16 threads:       63055 ops,    8254 (avg:    9005) ops/sec, 292.58KB/sec (avg: 323.05KB/sec),  9.58 (avg:  8.86) msec latency[RUN #1 40%,   8 secs] 16 threads:       71425 ops,    8369 (avg:    8926) ops/sec, 305.85KB/sec (avg: 320.90KB/sec),  9.60 (avg:  8.95) msec latency[RUN #1 45%,   9 secs] 16 threads:       79646 ops,    8220 (avg:    8847) ops/sec, 294.67KB/sec (avg: 317.99KB/sec),  9.69 (avg:  9.02) msec latency[RUN #1 50%,  10 secs] 16 threads:       90211 ops,   10563 (avg:    9019) ops/sec, 383.97KB/sec (avg: 324.59KB/sec),  7.63 (avg:  8.86) msec latency[RUN #1 55%,  11 secs] 16 threads:       97947 ops,    7735 (avg:    8902) ops/sec, 275.39KB/sec (avg: 320.11KB/sec), 10.29 (avg:  8.97) msec latency[RUN #1 60%,  12 secs] 16 threads:      108689 ops,   10740 (avg:    9055) ops/sec, 382.65KB/sec (avg: 325.33KB/sec),  7.42 (avg:  8.82) msec latency[RUN #1 65%,  13 secs] 16 threads:      116776 ops,    8086 (avg:    8981) ops/sec, 288.66KB/sec (avg: 322.50KB/sec),  9.97 (avg:  8.90) msec latency[RUN #1 70%,  14 secs] 16 threads:      124596 ops,    7819 (avg:    8898) ops/sec, 281.44KB/sec (avg: 319.57KB/sec), 10.05 (avg:  8.97) msec latency[RUN #1 75%,  15 secs] 16 threads:      127935 ops,    3338 (avg:    8527) ops/sec, 119.24KB/sec (avg: 306.22KB/sec), 23.96 (avg:  9.36) msec latency[RUN #1 80%,  16 secs] 16 threads:      135801 ops,    7865 (avg:    8486) ops/sec, 286.25KB/sec (avg: 304.97KB/sec), 10.20 (avg:  9.41) msec latency[RUN #1 85%,  17 secs] 16 threads:      142136 ops,    6334 (avg:    8359) ops/sec, 228.80KB/sec (avg: 300.49KB/sec), 12.79 (avg:  9.56) msec latency[RUN #1 90%,  18 secs] 16 threads:      149512 ops,    7375 (avg:    8304) ops/sec, 262.62KB/sec (avg: 298.39KB/sec), 10.77 (avg:  9.62) msec latency[RUN #1 95%,  19 secs] 16 threads:      157486 ops,    7973 (avg:    8287) ops/sec, 298.50KB/sec (avg: 298.39KB/sec),  9.46 (avg:  9.61) msec latency[RUN #1 100%,  20 secs] 16 threads:      157979 ops,     492 (avg:    7897) ops/sec, 18.37KB/sec (avg: 284.39KB/sec), 157.52 (avg: 10.08) msec latency[RUN #1 101%,  20 secs]  0 threads:      158059 ops,     492 (avg:    7861) ops/sec, 18.37KB/sec (avg: 283.08KB/sec), 157.52 (avg: 10.17) msec latency

16        Threads
5         Connections per thread
20        Seconds
Type        Ops/sec     Hits/sec   Misses/sec      Latency       KB/sec
------------------------------------------------------------------------
Sets         716.06          ---          ---     10.17300        53.07
Gets        7139.79       192.35      6947.44     10.17000       229.81
Totals      7855.85       192.35      6947.44     10.17000       282.89


Request Latency Distribution
Type     <= msec         Percent
------------------------------------------------------------------------
SET       1.000     62.76116
SET       2.000     63.11515
SET       3.000     63.37891
SET       4.000     80.59277
SET       5.000     81.49511
SET       6.000     82.16145
SET       7.000     83.03602
SET       8.000     84.15354
SET       9.000     85.11835
SET      10.000     86.04845
SET      11.000     87.19373
SET      12.000     88.27653
SET      13.000     89.15805
SET      14.000     89.71333
SET      15.000     90.48379
SET      16.000     94.26668
SET      17.000     96.89734
SET      18.000     97.32075
SET      19.000     97.66086
SET      20.000     98.20920
SET      21.000     98.38273
SET      22.000     98.51461
SET      23.000     98.59096
SET      24.000     98.71590
SET      25.000     98.84084
SET      26.000     98.87555
SET      27.000     98.97966
SET      28.000     99.06296
SET      29.000     99.13237
SET      30.000     99.16707
SET      31.000     99.20872
SET      32.000     99.27813
SET      33.000     99.30589
SET      34.000     99.33366
SET      35.000     99.42389
SET      36.000     99.43083
SET      37.000     99.45860
SET      39.000     99.47248
SET      41.000     99.50024
SET      42.000     99.50718
SET      43.000     99.53495
SET      44.000     99.58354
SET      46.000     99.62518
SET      47.000     99.63906
SET      48.000     99.65295
SET      49.000     99.65989
SET      50.000     99.66683
SET      51.000     99.68071
SET      52.000     99.69459
SET      53.000     99.71542
SET      54.000     99.72930
SET      55.000     99.74318
SET      56.000     99.75706
SET      58.000     99.76400
SET      59.000     99.77094
SET      60.000     99.77789
SET      61.000     99.79177
SET      63.000     99.79871
SET      66.000     99.80565
SET      95.000     99.81259
SET     120.000     99.84730
SET     130.000     99.88200
SET     140.000     99.90283
SET     150.000     99.91671
SET     160.000     99.97224
SET     170.000     99.98612
SET     180.000     99.99306
SET     200.000    100.00000
---
GET       0.085      0.00070
GET       0.110      0.00348
GET       0.120      0.00766
GET       0.130      0.02297
GET       0.140      0.04246
GET       0.150      0.05708
GET       0.160      0.07936
GET       0.170      0.09676
GET       0.180      0.11834
GET       0.190      0.14549
GET       0.200      0.18656
GET       0.210      0.23111
GET       0.220      0.26314
GET       0.230      0.29585
GET       0.240      0.32857
GET       0.250      0.35711
GET       0.260      0.39470
GET       0.270      0.44761
GET       0.280      0.48659
GET       0.290      0.52558
GET       0.300      0.55272
GET       0.310      0.57987
GET       0.320      0.60215
GET       0.330      0.62930
GET       0.340      0.66828
GET       0.350      0.69404
GET       0.360      0.71492
GET       0.370      0.74694
GET       0.380      0.78175
GET       0.390      0.81934
GET       0.400      0.85484
GET       0.410      0.89243
GET       0.420      0.92863
GET       0.430      0.96483
GET       0.440      1.00381
GET       0.450      1.04280
GET       0.460      1.07064
GET       0.470      1.09640
GET       0.480      1.12007
GET       0.490      1.15418
GET       0.500      1.19386
GET       0.510      1.22797
GET       0.520      1.25233
GET       0.530      1.28575
GET       0.540      1.31150
GET       0.550      1.34004
GET       0.560      1.36371
GET       0.570      1.38668
GET       0.580      1.41523
GET       0.590      1.43889
GET       0.600      1.46395
GET       0.610      1.48414
GET       0.620      1.50851
GET       0.630      1.52939
GET       0.640      1.54749
GET       0.650      1.56698
GET       0.660      1.58926
GET       0.670      1.60527
GET       0.680      1.62754
GET       0.690      1.64077
GET       0.700      1.66165
GET       0.710      1.67767
GET       0.720      1.69507
GET       0.730      1.71874
GET       0.740      1.73614
GET       0.750      1.75354
GET       0.760      1.76886
GET       0.770      1.78417
GET       0.780      1.79461
GET       0.790      1.80436
GET       0.800      1.81828
GET       0.810      1.83360
GET       0.820      1.85239
GET       0.830      1.87467
GET       0.840      1.89973
GET       0.850      1.91853
GET       0.860      1.93593
GET       0.870      1.95124
GET       0.880      1.96656
GET       0.890      1.98396
GET       0.900      1.99788
GET       0.910      2.01320
GET       0.920      2.03130
GET       0.930      2.05775
GET       0.940      2.07933
GET       0.950      2.09325
GET       0.960      2.11692
GET       0.970      2.13293
GET       0.980      2.15590
GET       0.990      2.18027
GET       1.000      2.28399
GET       1.100      2.44758
GET       1.200      2.61883
GET       1.300      2.80469
GET       1.400      2.95436
GET       1.500      3.10264
GET       1.600      3.22446
GET       1.700      3.32331
GET       1.800      3.43747
GET       1.900      3.55582
GET       2.000      3.67555
GET       2.100      3.82174
GET       2.200      3.93451
GET       2.300      4.02361
GET       2.400      4.09601
GET       2.500      4.16562
GET       2.600      4.26586
GET       2.700      4.36054
GET       2.800      4.41414
GET       2.900      4.46217
GET       3.000      4.49837
GET       3.100      4.52970
GET       3.200      4.56172
GET       3.300      4.59931
GET       3.400      4.65709
GET       3.500      4.70582
GET       3.600      4.73366
GET       3.700      4.77682
GET       3.800      4.81929
GET       3.900      4.88333
GET       4.000      4.95294
GET       4.100      5.06711
GET       4.200      5.36505
GET       4.300      6.86311
GET       4.400     15.29947
GET       4.500     29.46008
GET       4.600     37.89644
GET       4.700     43.14246
GET       4.800     47.01849
GET       4.900     50.01462
GET       5.000     51.89973
GET       5.100     52.83184
GET       5.200     53.19383
GET       5.300     53.31078
GET       5.400     53.38875
GET       5.500     53.43678
GET       5.600     53.49316
GET       5.700     53.54329
GET       5.800     53.63100
GET       5.900     53.69783
GET       6.000     53.79041
GET       6.100     53.90109
GET       6.200     53.99298
GET       6.300     54.12803
GET       6.400     54.19208
GET       6.500     54.27283
GET       6.600     54.38629
GET       6.700     54.56938
GET       6.800     54.73645
GET       6.900     54.88194
GET       7.000     55.02186
GET       7.100     55.16456
GET       7.200     55.25088
GET       7.300     55.34904
GET       7.400     55.53282
GET       7.500     55.90872
GET       7.600     56.37931
GET       7.700     56.84501
GET       7.800     57.23136
GET       7.900     57.45761
GET       8.000     57.67689
GET       8.100     57.91357
GET       8.200     58.14538
GET       8.300     58.27416
GET       8.400     58.37858
GET       8.500     58.57907
GET       8.600     58.84847
GET       8.700     59.16242
GET       8.800     59.52580
GET       8.900     59.94556
GET       9.000     60.31521
GET       9.100     60.50803
GET       9.200     60.71478
GET       9.300     60.93894
GET       9.400     61.14012
GET       9.500     61.37193
GET       9.600     61.60234
GET       9.700     61.87592
GET       9.800     62.15716
GET       9.900     62.45858
GET      10.000     63.90792
GET      11.000     66.32626
GET      12.000     69.33074
GET      13.000     71.95027
GET      14.000     73.46365
GET      15.000     75.50539
GET      16.000     77.49213
GET      17.000     92.07181
GET      18.000     92.85565
GET      19.000     93.96528
GET      20.000     94.69760
GET      21.000     95.85108
GET      22.000     96.13650
GET      23.000     96.46716
GET      24.000     96.74770
GET      25.000     97.04773
GET      26.000     97.21340
GET      27.000     97.39579
GET      28.000     97.68051
GET      29.000     97.88447
GET      30.000     97.96383
GET      31.000     98.05572
GET      32.000     98.15178
GET      33.000     98.21374
GET      34.000     98.28266
GET      35.000     98.38429
GET      36.000     98.46574
GET      37.000     98.51238
GET      38.000     98.56111
GET      39.000     98.59800
GET      40.000     98.64673
GET      41.000     98.71634
GET      42.000     98.73375
GET      43.000     98.78526
GET      44.000     98.86183
GET      45.000     98.90638
GET      46.000     98.94815
GET      47.000     99.02681
GET      48.000     99.09921
GET      49.000     99.14724
GET      50.000     99.16674
GET      51.000     99.21964
GET      52.000     99.24818
GET      53.000     99.27324
GET      54.000     99.28647
GET      55.000     99.32754
GET      56.000     99.34355
GET      57.000     99.37001
GET      58.000     99.38323
GET      59.000     99.39228
GET      60.000     99.42848
GET      61.000     99.47930
GET      62.000     99.50157
GET      63.000     99.51202
GET      64.000     99.51341
GET      65.000     99.51480
GET      66.000     99.52176
GET      67.000     99.53011
GET      69.000     99.53847
GET      70.000     99.54195
GET      73.000     99.54264
GET      82.000     99.54334
GET      83.000     99.54404
GET      98.000     99.54473
GET     110.000     99.55169
GET     120.000     99.60321
GET     130.000     99.67143
GET     140.000     99.69092
GET     150.000     99.72294
GET     160.000     99.81205
GET     170.000     99.84198
GET     180.000     99.88305
GET     190.000     99.89210
GET     200.000     99.93596
GET     210.000     99.97215
GET     220.000     99.99791
GET     230.000    100.00000
